#
# A fatal error has been detected by the Java Runtime Environment:
#
#  EXCEPTION_ACCESS_VIOLATION (0xc0000005) at pc=0x00007ffc0e9d4844, pid=6312, tid=15236
#
# JRE version: 7.0_25-b17
# Java VM: Java HotSpot(TM) 64-Bit Server VM (23.25-b01 mixed mode windows-amd64 compressed oops)
# Problematic frame:
# C  [idl.dll+0x344844]  IDL_GrImageDrawSelf+0x71a4
#
# Failed to write core dump. Minidumps are not enabled by default on client versions of Windows
#
# If you would like to submit a bug report, please visit:
#   http://bugreport.sun.com/bugreport/crash.jsp
# The crash happened outside the Java Virtual Machine in native code.
# See problematic frame for where to report the bug.
#

---------------  T H R E A D  ---------------

Current thread (0x00000000136f7000):  JavaThread "IDL" [_thread_in_native, id=15236, stack(0x0000000017c60000,0x0000000017d60000)]

siginfo: ExceptionCode=0xc0000005, reading address 0x0000000000000000

Registers:
RAX=0x0000000000000000, RBX=0x0000000000000000, RCX=0x0a30cae090780000, RDX=0x0000000000000088
RSP=0x0000000017d56410, RBP=0x0000000017d57520, RSI=0x0000000017d584b8, RDI=0x0000000017d57178
R8 =0x0000000000000000, R9 =0x0000000000000000, R10=0x0000000000000000, R11=0x0000000000000006
R12=0x0000000000000002, R13=0x000000001e577900, R14=0x0000000000000002, R15=0x0000000000000000
RIP=0x00007ffc0e9d4844, EFLAGS=0x0000000000010202

Top of Stack: (sp=0x0000000017d56410)
0x0000000017d56410:   0000000000000003 0000000017d571a0
0x0000000017d56420:   0000000000000000 0000000000000000
0x0000000017d56430:   0000000000000000 0000000000000002
0x0000000017d56440:   0000000017d571a8 0000000000000000
0x0000000017d56450:   0000000000000000 00007ffc00000000
0x0000000017d56460:   0000000000000002 000000001e577900
0x0000000017d56470:   000000001c68a270 00000000138949d8
0x0000000017d56480:   0000000017d56520 0000000000000000
0x0000000017d56490:   0000000000000001 0000000000000002
0x0000000017d564a0:   0000000015215e38 0000000021450000
0x0000000017d564b0:   0000000000000000 0000000000000001
0x0000000017d564c0:   0000000015877e60 000000001545d120
0x0000000017d564d0:   00000000139bb0b8 00007ffc96b8c350
0x0000000017d564e0:   0000000015215db0 000000002145ef80
0x0000000017d564f0:   ffffffffffffffff 0000000017d56510
0x0000000017d56500:   0000000017d56520 0000000000000034 

Instructions: (pc=0x00007ffc0e9d4844)
0x00007ffc0e9d4824:   24 e8 0b 00 00 8b 8c 24 e0 0b 00 00 e8 db f6 fb
0x00007ffc0e9d4834:   ff 48 8b 84 24 b0 00 00 00 48 8b 80 d0 00 00 00
0x00007ffc0e9d4844:   8b 00 83 e0 20 85 c0 75 42 c7 84 24 98 0b 00 00
0x00007ffc0e9d4854:   00 00 00 00 8b 44 24 50 89 84 24 9c 0b 00 00 48 


Register to memory mapping:

RAX=0x0000000000000000 is an unknown value
RBX=0x0000000000000000 is an unknown value
RCX=0x0a30cae090780000 is an unknown value
RDX=0x0000000000000088 is an unknown value
RSP=0x0000000017d56410 is pointing into the stack for thread: 0x00000000136f7000
RBP=0x0000000017d57520 is pointing into the stack for thread: 0x00000000136f7000
RSI=0x0000000017d584b8 is pointing into the stack for thread: 0x00000000136f7000
RDI=0x0000000017d57178 is pointing into the stack for thread: 0x00000000136f7000
R8 =0x0000000000000000 is an unknown value
R9 =0x0000000000000000 is an unknown value
R10=0x0000000000000000 is an unknown value
R11=0x0000000000000006 is an unknown value
R12=0x0000000000000002 is an unknown value
R13=0x000000001e577900 is an unknown value
R14=0x0000000000000002 is an unknown value
R15=0x0000000000000000 is an unknown value


Stack: [0x0000000017c60000,0x0000000017d60000],  sp=0x0000000017d56410,  free space=985k
Native frames: (J=compiled Java code, j=interpreted, Vv=VM code, C=native code)
C  [idl.dll+0x344844]  IDL_GrImageDrawSelf+0x71a4

Java frames: (J=compiled Java code, j=interpreted, Vv=VM code)
j  com.rsi.idldt.core.ips.IPS_Access.IPS_Start([Ljava/lang/String;)V+0
j  com.rsi.idldt.core.ips.IPS_Manager$2.run()V+15
j  java.lang.Thread.run()V+11
v  ~StubRoutines::call_stub

---------------  P R O C E S S  ---------------

Java Threads: ( => current thread )
  0x00000000171b9000 JavaThread "Thread-14" [_thread_in_native, id=16652, stack(0x0000000019d20000,0x0000000019e20000)]
  0x00000000171bc000 JavaThread "IDLDT DOM Worker-7" [_thread_blocked, id=10628, stack(0x0000000019730000,0x0000000019830000)]
  0x00000000171bd000 JavaThread "IDLDT DOM Worker-6" [_thread_blocked, id=12180, stack(0x0000000019630000,0x0000000019730000)]
  0x00000000171bd800 JavaThread "IDLDT DOM Worker-5" [_thread_blocked, id=16768, stack(0x0000000019530000,0x0000000019630000)]
  0x00000000171be800 JavaThread "IDLDT DOM Worker-4" [_thread_blocked, id=6352, stack(0x0000000019430000,0x0000000019530000)]
  0x00000000136f8000 JavaThread "IDLDT DOM Worker-3" [_thread_blocked, id=6364, stack(0x0000000019330000,0x0000000019430000)]
  0x00000000136fb800 JavaThread "IDLDT DOM Worker-2" [_thread_blocked, id=14664, stack(0x0000000019230000,0x0000000019330000)]
  0x00000000136fc800 JavaThread "IDLDT DOM Worker-1" [_thread_blocked, id=7988, stack(0x0000000019130000,0x0000000019230000)]
  0x00000000136f6800 JavaThread "IDLDT DOM Worker-0" [_thread_blocked, id=2196, stack(0x0000000019030000,0x0000000019130000)]
  0x00000000136fa000 JavaThread "Timer-0" daemon [_thread_blocked, id=7128, stack(0x0000000018f30000,0x0000000019030000)]
=>0x00000000136f7000 JavaThread "IDL" [_thread_in_native, id=15236, stack(0x0000000017c60000,0x0000000017d60000)]
  0x0000000011144000 JavaThread "Service Thread" daemon [_thread_blocked, id=9160, stack(0x0000000013510000,0x0000000013610000)]
  0x000000001113f800 JavaThread "C2 CompilerThread1" daemon [_thread_blocked, id=7828, stack(0x0000000013410000,0x0000000013510000)]
  0x000000001113d800 JavaThread "C2 CompilerThread0" daemon [_thread_blocked, id=3252, stack(0x0000000013310000,0x0000000013410000)]
  0x000000001113c800 JavaThread "Attach Listener" daemon [_thread_blocked, id=14168, stack(0x0000000013210000,0x0000000013310000)]
  0x0000000011137000 JavaThread "Signal Dispatcher" daemon [_thread_blocked, id=7808, stack(0x0000000013110000,0x0000000013210000)]
  0x00000000110a9800 JavaThread "Finalizer" daemon [_thread_blocked, id=15784, stack(0x0000000013010000,0x0000000013110000)]
  0x00000000110a8800 JavaThread "Reference Handler" daemon [_thread_blocked, id=6256, stack(0x0000000012f10000,0x0000000013010000)]
  0x000000000226e800 JavaThread "main" [_thread_blocked, id=16888, stack(0x0000000000050000,0x0000000000150000)]

Other Threads:
  0x00000000110a4000 VMThread [stack: 0x0000000012e10000,0x0000000012f10000] [id=9932]

VM state:at safepoint (normal execution)

VM Mutex/Monitor currently owned by a thread:  ([mutex/lock_event])
[0x000000000226af80] Threads_lock - owner thread: 0x00000000110a4000

Heap
 PSYoungGen      total 77568K, used 35146K [0x00000007ab800000, 0x00000007b1ad0000, 0x0000000800000000)
  eden space 55232K, 63% used [0x00000007ab800000,0x00000007ada52850,0x00000007aedf0000)
  from space 22336K, 0% used [0x00000007b0500000,0x00000007b0500000,0x00000007b1ad0000)
  to   space 22976K, 0% used [0x00000007aedf0000,0x00000007aedf0000,0x00000007b0460000)
 ParOldGen       total 173056K, used 87239K [0x0000000702800000, 0x000000070d100000, 0x00000007ab800000)
  object space 173056K, 50% used [0x0000000702800000,0x0000000707d31fc0,0x000000070d100000)
 PSPermGen       total 83968K, used 47557K [0x00000006fd600000, 0x0000000702800000, 0x0000000702800000)
  object space 83968K, 56% used [0x00000006fd600000,0x0000000700471588,0x0000000702800000)

Card table byte_map: [0x0000000005830000,0x0000000006050000] byte_map_base: 0x0000000002045000

Polling page: 0x00000000021b0000

Code Cache  [0x0000000002770000, 0x0000000002dc0000, 0x0000000005770000)
 total_blobs=2446 nmethods=1788 adapters=608 free_code_cache=42895Kb largest_free_block=43715840

Compilation events (10 events):
Event: 1925.239 Thread 0x000000001113f800 nmethod 1987 0x0000000002c4ae50 code [0x0000000002c4af80, 0x0000000002c4aff8]
Event: 1925.239 Thread 0x000000001113d800 nmethod 1988 0x0000000002bba710 code [0x0000000002bba840, 0x0000000002bba8b8]
Event: 1925.239 Thread 0x000000001113d800 1989             org.eclipse.osgi.internal.serviceregistry.FilteredServiceListener::serviceChanged (272 bytes)
Event: 1925.240 Thread 0x000000001113f800 1990             org.eclipse.osgi.framework.eventmgr.CopyOnWriteIdentityMap$Snapshot$EntryIterator::next (5 bytes)
Event: 1925.241 Thread 0x000000001113f800 nmethod 1990 0x0000000002bba350 code [0x0000000002bba4a0, 0x0000000002bba578]
Event: 1925.241 Thread 0x000000001113f800 1991             org.eclipse.osgi.framework.eventmgr.CopyOnWriteIdentityMap$Snapshot$EntryIterator::next (5 bytes)
Event: 1925.242 Thread 0x000000001113f800 nmethod 1991 0x00000000028b4b90 code [0x00000000028b4ce0, 0x00000000028b4db8]
Event: 1925.249 Thread 0x000000001113d800 nmethod 1989 0x000000000298e7d0 code [0x000000000298eb20, 0x000000000298fb88]
Event: 1925.254 Thread 0x000000001113f800 1992   !         org.eclipse.osgi.framework.eventmgr.EventManager::dispatchEvent (69 bytes)
Event: 1925.257 Thread 0x000000001113f800 nmethod 1992 0x000000000298df90 code [0x000000000298e0e0, 0x000000000298e2d8]

GC Heap History (10 events):
Event: 1766.810 GC heap before
{Heap before GC invocations=45 (full 3):
 PSYoungGen      total 79040K, used 128K [0x00000007ab800000, 0x00000007b1d10000, 0x0000000800000000)
  eden space 55232K, 0% used [0x00000007ab800000,0x00000007ab800000,0x00000007aedf0000)
  from space 23808K, 0% used [0x00000007b05d0000,0x00000007b05f0000,0x00000007b1d10000)
  to   space 24128K, 0% used [0x00000007aedf0000,0x00000007aedf0000,0x00000007b0580000)
 ParOldGen       total 173056K, used 123421K [0x0000000702800000, 0x000000070d100000, 0x00000007ab800000)
  object space 173056K, 71% used [0x0000000702800000,0x000000070a087708,0x000000070d100000)
 PSPermGen       total 83968K, used 46817K [0x00000006fd600000, 0x0000000702800000, 0x0000000702800000)
  object space 83968K, 55% used [0x00000006fd600000,0x00000007003b87b0,0x0000000702800000)
Event: 1766.900 GC heap after
Heap after GC invocations=45 (full 3):
 PSYoungGen      total 79040K, used 0K [0x00000007ab800000, 0x00000007b1d10000, 0x0000000800000000)
  eden space 55232K, 0% used [0x00000007ab800000,0x00000007ab800000,0x00000007aedf0000)
  from space 23808K, 0% used [0x00000007b05d0000,0x00000007b05d0000,0x00000007b1d10000)
  to   space 24128K, 0% used [0x00000007aedf0000,0x00000007aedf0000,0x00000007b0580000)
 ParOldGen       total 173056K, used 87237K [0x0000000702800000, 0x000000070d100000, 0x00000007ab800000)
  object space 173056K, 50% used [0x0000000702800000,0x0000000707d315f8,0x000000070d100000)
 PSPermGen       total 83968K, used 46816K [0x00000006fd600000, 0x0000000702800000, 0x0000000702800000)
  object space 83968K, 55% used [0x00000006fd600000,0x00000007003b82f0,0x0000000702800000)
}
Event: 1826.810 GC heap before
{Heap before GC invocations=46 (full 3):
 PSYoungGen      total 79040K, used 7357K [0x00000007ab800000, 0x00000007b1d10000, 0x0000000800000000)
  eden space 55232K, 13% used [0x00000007ab800000,0x00000007abf2f578,0x00000007aedf0000)
  from space 23808K, 0% used [0x00000007b05d0000,0x00000007b05d0000,0x00000007b1d10000)
  to   space 24128K, 0% used [0x00000007aedf0000,0x00000007aedf0000,0x00000007b0580000)
 ParOldGen       total 173056K, used 87237K [0x0000000702800000, 0x000000070d100000, 0x00000007ab800000)
  object space 173056K, 50% used [0x0000000702800000,0x0000000707d315f8,0x000000070d100000)
 PSPermGen       total 83968K, used 46820K [0x00000006fd600000, 0x0000000702800000, 0x0000000702800000)
  object space 83968K, 55% used [0x00000006fd600000,0x00000007003b92c8,0x0000000702800000)
Event: 1826.813 GC heap after
Heap after GC invocations=46 (full 3):
 PSYoungGen      total 55424K, used 192K [0x00000007ab800000, 0x00000007b1c10000, 0x0000000800000000)
  eden space 55232K, 0% used [0x00000007ab800000,0x00000007ab800000,0x00000007aedf0000)
  from space 192K, 100% used [0x00000007aedf0000,0x00000007aee20000,0x00000007aee20000)
  to   space 23616K, 0% used [0x00000007b0500000,0x00000007b0500000,0x00000007b1c10000)
 ParOldGen       total 173056K, used 87237K [0x0000000702800000, 0x000000070d100000, 0x00000007ab800000)
  object space 173056K, 50% used [0x0000000702800000,0x0000000707d315f8,0x000000070d100000)
 PSPermGen       total 83968K, used 46820K [0x00000006fd600000, 0x0000000702800000, 0x0000000702800000)
  object space 83968K, 55% used [0x00000006fd600000,0x00000007003b92c8,0x0000000702800000)
}
Event: 1826.813 GC heap before
{Heap before GC invocations=47 (full 4):
 PSYoungGen      total 55424K, used 192K [0x00000007ab800000, 0x00000007b1c10000, 0x0000000800000000)
  eden space 55232K, 0% used [0x00000007ab800000,0x00000007ab800000,0x00000007aedf0000)
  from space 192K, 100% used [0x00000007aedf0000,0x00000007aee20000,0x00000007aee20000)
  to   space 23616K, 0% used [0x00000007b0500000,0x00000007b0500000,0x00000007b1c10000)
 ParOldGen       total 173056K, used 87237K [0x0000000702800000, 0x000000070d100000, 0x00000007ab800000)
  object space 173056K, 50% used [0x0000000702800000,0x0000000707d315f8,0x000000070d100000)
 PSPermGen       total 83968K, used 46820K [0x00000006fd600000, 0x0000000702800000, 0x0000000702800000)
  object space 83968K, 55% used [0x00000006fd600000,0x00000007003b92c8,0x0000000702800000)
Event: 1826.931 GC heap after
Heap after GC invocations=47 (full 4):
 PSYoungGen      total 55424K, used 0K [0x00000007ab800000, 0x00000007b1c10000, 0x0000000800000000)
  eden space 55232K, 0% used [0x00000007ab800000,0x00000007ab800000,0x00000007aedf0000)
  from space 192K, 0% used [0x00000007aedf0000,0x00000007aedf0000,0x00000007aee20000)
  to   space 23616K, 0% used [0x00000007b0500000,0x00000007b0500000,0x00000007b1c10000)
 ParOldGen       total 173056K, used 87239K [0x0000000702800000, 0x000000070d100000, 0x00000007ab800000)
  object space 173056K, 50% used [0x0000000702800000,0x0000000707d31fc0,0x000000070d100000)
 PSPermGen       total 83968K, used 46820K [0x00000006fd600000, 0x0000000702800000, 0x0000000702800000)
  object space 83968K, 55% used [0x00000006fd600000,0x00000007003b9288,0x0000000702800000)
}
Event: 1886.819 GC heap before
{Heap before GC invocations=48 (full 4):
 PSYoungGen      total 55424K, used 1357K [0x00000007ab800000, 0x00000007b1c10000, 0x0000000800000000)
  eden space 55232K, 2% used [0x00000007ab800000,0x00000007ab9535a8,0x00000007aedf0000)
  from space 192K, 0% used [0x00000007aedf0000,0x00000007aedf0000,0x00000007aee20000)
  to   space 23616K, 0% used [0x00000007b0500000,0x00000007b0500000,0x00000007b1c10000)
 ParOldGen       total 173056K, used 87239K [0x0000000702800000, 0x000000070d100000, 0x00000007ab800000)
  object space 173056K, 50% used [0x0000000702800000,0x0000000707d31fc0,0x000000070d100000)
 PSPermGen       total 83968K, used 46820K [0x00000006fd600000, 0x0000000702800000, 0x0000000702800000)
  object space 83968K, 55% used [0x00000006fd600000,0x00000007003b9288,0x0000000702800000)
Event: 1886.822 GC heap after
Heap after GC invocations=48 (full 4):
 PSYoungGen      total 77568K, used 96K [0x00000007ab800000, 0x00000007b1ad0000, 0x0000000800000000)
  eden space 55232K, 0% used [0x00000007ab800000,0x00000007ab800000,0x00000007aedf0000)
  from space 22336K, 0% used [0x00000007b0500000,0x00000007b0518000,0x00000007b1ad0000)
  to   space 22976K, 0% used [0x00000007aedf0000,0x00000007aedf0000,0x00000007b0460000)
 ParOldGen       total 173056K, used 87239K [0x0000000702800000, 0x000000070d100000, 0x00000007ab800000)
  object space 173056K, 50% used [0x0000000702800000,0x0000000707d31fc0,0x000000070d100000)
 PSPermGen       total 83968K, used 46820K [0x00000006fd600000, 0x0000000702800000, 0x0000000702800000)
  object space 83968K, 55% used [0x00000006fd600000,0x00000007003b9288,0x0000000702800000)
}
Event: 1886.822 GC heap before
{Heap before GC invocations=49 (full 5):
 PSYoungGen      total 77568K, used 96K [0x00000007ab800000, 0x00000007b1ad0000, 0x0000000800000000)
  eden space 55232K, 0% used [0x00000007ab800000,0x00000007ab800000,0x00000007aedf0000)
  from space 22336K, 0% used [0x00000007b0500000,0x00000007b0518000,0x00000007b1ad0000)
  to   space 22976K, 0% used [0x00000007aedf0000,0x00000007aedf0000,0x00000007b0460000)
 ParOldGen       total 173056K, used 87239K [0x0000000702800000, 0x000000070d100000, 0x00000007ab800000)
  object space 173056K, 50% used [0x0000000702800000,0x0000000707d31fc0,0x000000070d100000)
 PSPermGen       total 83968K, used 46820K [0x00000006fd600000, 0x0000000702800000, 0x0000000702800000)
  object space 83968K, 55% used [0x00000006fd600000,0x00000007003b9288,0x0000000702800000)
Event: 1886.883 GC heap after
Heap after GC invocations=49 (full 5):
 PSYoungGen      total 77568K, used 0K [0x00000007ab800000, 0x00000007b1ad0000, 0x0000000800000000)
  eden space 55232K, 0% used [0x00000007ab800000,0x00000007ab800000,0x00000007aedf0000)
  from space 22336K, 0% used [0x00000007b0500000,0x00000007b0500000,0x00000007b1ad0000)
  to   space 22976K, 0% used [0x00000007aedf0000,0x00000007aedf0000,0x00000007b0460000)
 ParOldGen       total 173056K, used 87239K [0x0000000702800000, 0x000000070d100000, 0x00000007ab800000)
  object space 173056K, 50% used [0x0000000702800000,0x0000000707d31fc0,0x000000070d100000)
 PSPermGen       total 83968K, used 46820K [0x00000006fd600000, 0x0000000702800000, 0x0000000702800000)
  object space 83968K, 55% used [0x00000006fd600000,0x00000007003b9268,0x0000000702800000)
}

Deoptimization events (10 events):
Event: 1925.145 Thread 0x000000001c227800 Uncommon trap -58 fr.pc 0x00000000029db644
Event: 1925.145 Thread 0x000000001c227800 Uncommon trap -58 fr.pc 0x00000000029daa9c
Event: 1925.226 Thread 0x000000000226e800 Uncommon trap -83 fr.pc 0x00000000028167bc
Event: 1925.247 Thread 0x000000000226e800 Uncommon trap -34 fr.pc 0x000000000293d7a4
Event: 1925.253 Thread 0x00000000171ba000 Uncommon trap -83 fr.pc 0x0000000002d085c8
Event: 1925.253 Thread 0x00000000171ba000 Uncommon trap -83 fr.pc 0x0000000002daf158
Event: 1925.253 Thread 0x000000001c223800 Uncommon trap -83 fr.pc 0x0000000002daf158
Event: 1925.253 Thread 0x00000000171b8800 Uncommon trap -83 fr.pc 0x0000000002daf158
Event: 1925.253 Thread 0x000000001c227800 Uncommon trap -83 fr.pc 0x0000000002daf158
Event: 1925.253 Thread 0x00000000171c0800 Uncommon trap -83 fr.pc 0x0000000002daf158

Internal exceptions (10 events):
Event: 1925.149 Thread 0x00000000139cd800 Threw 0x00000007ad142530 at C:\jdk7u2_64p\jdk7u25\hotspot\src\share\vm\prims\jni.cpp:716
Event: 1925.149 Thread 0x00000000139cd800 Threw 0x00000007ad142e18 at C:\jdk7u2_64p\jdk7u25\hotspot\src\share\vm\prims\jni.cpp:716
Event: 1925.149 Thread 0x00000000139cd800 Threw 0x00000007ad143048 at C:\jdk7u2_64p\jdk7u25\hotspot\src\share\vm\prims\jni.cpp:716
Event: 1925.149 Thread 0x00000000139cd800 Threw 0x00000007ad143248 at C:\jdk7u2_64p\jdk7u25\hotspot\src\share\vm\prims\jni.cpp:716
Event: 1925.226 Thread 0x000000000226e800 Implicit null exception at 0x0000000002815df1 to 0x0000000002816795
Event: 1925.254 Thread 0x000000001541f000 Threw 0x00000007ad76a8a0 at C:\jdk7u2_64p\jdk7u25\hotspot\src\share\vm\runtime\objectMonitor.cpp:1612
Event: 1925.260 Thread 0x000000001529d800 Threw 0x00000007ad7a75c0 at C:\jdk7u2_64p\jdk7u25\hotspot\src\share\vm\prims\jvm.cpp:2957
Event: 1925.261 Thread 0x0000000015405800 Threw 0x00000007ad8342f8 at C:\jdk7u2_64p\jdk7u25\hotspot\src\share\vm\runtime\objectMonitor.cpp:1612
Event: 1925.263 Thread 0x0000000013893800 Threw 0x00000007ad8c1088 at C:\jdk7u2_64p\jdk7u25\hotspot\src\share\vm\runtime\objectMonitor.cpp:1612
Event: 1925.316 Thread 0x000000001374b800 Threw 0x00000007ad5f8468 at C:\jdk7u2_64p\jdk7u25\hotspot\src\share\vm\runtime\objectMonitor.cpp:1612

Events (10 events):
Event: 1925.263 Thread 0x0000000013893800 Thread exited: 0x0000000013893800
Event: 1925.316 Thread 0x000000001374b800 Thread exited: 0x000000001374b800
Event: 1925.316 loading class 0x00000000111318e0
Event: 1925.316 loading class 0x00000000111318e0 done
Event: 1925.316 Thread 0x0000000013789800 Thread exited: 0x0000000013789800
Event: 1925.316 loading class 0x00000000137b7460
Event: 1925.317 loading class 0x00000000137302a0
Event: 1925.317 loading class 0x00000000137302a0 done
Event: 1925.317 loading class 0x00000000137b7460 done
Event: 1925.317 Executing VM operation: Exit


Dynamic libraries:
0x0000000000400000 - 0x000000000040e000 	C:\Program Files\Exelis\IDL83\bin\bin.x86_64\idlde.exe
0x00007ffc96b50000 - 0x00007ffc96d67000 	C:\WINDOWS\SYSTEM32\ntdll.dll
0x00007ffc948e0000 - 0x00007ffc949a4000 	C:\WINDOWS\System32\KERNEL32.DLL
0x00007ffc944a0000 - 0x00007ffc9484d000 	C:\WINDOWS\System32\KERNELBASE.dll
0x00007ffc8bff0000 - 0x00007ffc8c087000 	C:\WINDOWS\SYSTEM32\apphelp.dll
0x00007ffc95730000 - 0x00007ffc958de000 	C:\WINDOWS\System32\USER32.dll
0x00007ffc94850000 - 0x00007ffc94876000 	C:\WINDOWS\System32\win32u.dll
0x00007ffc94c80000 - 0x00007ffc94ca9000 	C:\WINDOWS\System32\GDI32.dll
0x00007ffc94380000 - 0x00007ffc94499000 	C:\WINDOWS\System32\gdi32full.dll
0x00007ffc942b0000 - 0x00007ffc9434a000 	C:\WINDOWS\System32\msvcp_win.dll
0x00007ffc94190000 - 0x00007ffc942a1000 	C:\WINDOWS\System32\ucrtbase.dll
0x00007ffc949b0000 - 0x00007ffc94a57000 	C:\WINDOWS\System32\msvcrt.dll
0x00007ffc78070000 - 0x00007ffc78303000 	C:\WINDOWS\WinSxS\amd64_microsoft.windows.common-controls_6595b64144ccf1df_6.0.22621.3672_none_2713b9d173822955\COMCTL32.dll
0x00007ffc963f0000 - 0x00007ffc96421000 	C:\WINDOWS\System32\IMM32.DLL
0x0000000072000000 - 0x0000000072012000 	C:\Program Files\Exelis\IDL83\bin\bin.x86_64\plugins\org.eclipse.equinox.launcher.win32.win32.x86_64_1.1.100.v20110502\eclipse_1406.dll
0x00007ffc965a0000 - 0x00007ffc96652000 	C:\WINDOWS\System32\ADVAPI32.dll
0x00007ffc94fb0000 - 0x00007ffc95059000 	C:\WINDOWS\System32\sechost.dll
0x00007ffc94350000 - 0x00007ffc94378000 	C:\WINDOWS\System32\bcrypt.dll
0x00007ffc96660000 - 0x00007ffc96774000 	C:\WINDOWS\System32\RPCRT4.dll
0x00007ffc8d810000 - 0x00007ffc8d81a000 	C:\WINDOWS\SYSTEM32\VERSION.dll
0x000000005e740000 - 0x000000005ee4f000 	C:\Program Files\Exelis\IDL83\bin\bin.x86_64\jre\bin\server\jvm.dll
0x00007ffc96430000 - 0x00007ffc96438000 	C:\WINDOWS\System32\PSAPI.DLL
0x00007ffc8d500000 - 0x00007ffc8d534000 	C:\WINDOWS\SYSTEM32\WINMM.dll
0x00007ffc82500000 - 0x00007ffc82509000 	C:\WINDOWS\SYSTEM32\WSOCK32.dll
0x00007ffc956b0000 - 0x00007ffc95721000 	C:\WINDOWS\System32\WS2_32.dll
0x000000005e660000 - 0x000000005e732000 	C:\WINDOWS\SYSTEM32\MSVCR100.dll
0x000000005e650000 - 0x000000005e65f000 	C:\Program Files\Exelis\IDL83\bin\bin.x86_64\jre\bin\verify.dll
0x000000005e620000 - 0x000000005e648000 	C:\Program Files\Exelis\IDL83\bin\bin.x86_64\jre\bin\java.dll
0x000000005e600000 - 0x000000005e615000 	C:\Program Files\Exelis\IDL83\bin\bin.x86_64\jre\bin\zip.dll
0x00007ffc93600000 - 0x00007ffc9361b000 	C:\WINDOWS\SYSTEM32\CRYPTSP.dll
0x00007ffc92ed0000 - 0x00007ffc92f05000 	C:\WINDOWS\system32\rsaenh.dll
0x00007ffc934a0000 - 0x00007ffc934c8000 	C:\WINDOWS\SYSTEM32\USERENV.dll
0x00007ffc93da0000 - 0x00007ffc93dc7000 	C:\WINDOWS\SYSTEM32\profapi.dll
0x00007ffc93ee0000 - 0x00007ffc93f5b000 	C:\WINDOWS\System32\bcryptprimitives.dll
0x00007ffc93620000 - 0x00007ffc9362c000 	C:\WINDOWS\SYSTEM32\CRYPTBASE.dll
0x000000005e5e0000 - 0x000000005e5f9000 	C:\Program Files\Exelis\IDL83\bin\bin.x86_64\jre\bin\net.dll
0x00007ffc933e0000 - 0x00007ffc93449000 	C:\WINDOWS\system32\mswsock.dll
0x00007ffc720f0000 - 0x00007ffc72107000 	C:\WINDOWS\system32\napinsp.dll
0x00007ffc720d0000 - 0x00007ffc720eb000 	C:\WINDOWS\system32\pnrpnsp.dll
0x00007ffc92930000 - 0x00007ffc92a28000 	C:\WINDOWS\SYSTEM32\DNSAPI.dll
0x00007ffc92900000 - 0x00007ffc9292d000 	C:\WINDOWS\SYSTEM32\IPHLPAPI.DLL
0x00007ffc95110000 - 0x00007ffc95119000 	C:\WINDOWS\System32\NSI.dll
0x00007ffc720b0000 - 0x00007ffc720c1000 	C:\WINDOWS\System32\winrnr.dll
0x00007ffc8e080000 - 0x00007ffc8e095000 	C:\WINDOWS\system32\wshbth.dll
0x00007ffc72070000 - 0x00007ffc72097000 	C:\WINDOWS\system32\nlansp_c.dll
0x00007ffc8d780000 - 0x00007ffc8d78a000 	C:\Windows\System32\rasadhlp.dll
0x00007ffc8e3c0000 - 0x00007ffc8e443000 	C:\WINDOWS\System32\fwpuclnt.dll
0x000000005e5c0000 - 0x000000005e5d1000 	C:\Program Files\Exelis\IDL83\bin\bin.x86_64\jre\bin\nio.dll
0x00007ffc912e0000 - 0x00007ffc91391000 	C:\WINDOWS\system32\uxtheme.dll
0x00007ffc96780000 - 0x00007ffc96b0e000 	C:\WINDOWS\System32\combase.dll
0x00007ffc96440000 - 0x00007ffc9659e000 	C:\WINDOWS\System32\MSCTF.dll
0x00007ffc92f70000 - 0x00007ffc92f88000 	C:\WINDOWS\SYSTEM32\kernel.appcore.dll
0x00007ffc88f90000 - 0x00007ffc890d3000 	C:\WINDOWS\SYSTEM32\textinputframework.dll
0x00007ffc94ed0000 - 0x00007ffc94fa7000 	C:\WINDOWS\System32\OLEAUT32.dll
0x00007ffc8b320000 - 0x00007ffc8b453000 	C:\WINDOWS\SYSTEM32\CoreMessaging.dll
0x00007ffc8a2b0000 - 0x00007ffc8a61d000 	C:\WINDOWS\SYSTEM32\CoreUIComponents.dll
0x00007ffc91c70000 - 0x00007ffc91daf000 	C:\WINDOWS\SYSTEM32\wintypes.dll
0x00007ffc77520000 - 0x00007ffc77589000 	C:\WINDOWS\system32\Oleacc.dll
0x00007ffc95060000 - 0x00007ffc95110000 	C:\WINDOWS\System32\clbcatq.dll
0x00007ffc65950000 - 0x00007ffc6599b000 	C:\WINDOWS\system32\ApplicationTargetedFeatureDatabase.dll
0x00007ffc889e0000 - 0x00007ffc88c6a000 	C:\Windows\System32\twinapi.appcore.dll
0x00000000172a0000 - 0x0000000017347000 	C:\Users\77957\.idl\idlworkbench-config-idl8.3.0_x86_64\org.eclipse.osgi\bundles\530\1\.cp\swt-win32-3740.dll
0x00007ffc94ac0000 - 0x00007ffc94c65000 	C:\WINDOWS\System32\ole32.dll
0x00007ffc94cb0000 - 0x00007ffc94daf000 	C:\WINDOWS\System32\comdlg32.dll
0x00007ffc94db0000 - 0x00007ffc94ea9000 	C:\WINDOWS\System32\shcore.dll
0x00007ffc94880000 - 0x00007ffc948de000 	C:\WINDOWS\System32\SHLWAPI.dll
0x00007ffc95b20000 - 0x00007ffc96387000 	C:\WINDOWS\System32\SHELL32.dll
0x00007ffc93f60000 - 0x00007ffc940c6000 	C:\WINDOWS\System32\CRYPT32.dll
0x00007ffc77590000 - 0x00007ffc77637000 	C:\WINDOWS\SYSTEM32\WINSPOOL.DRV
0x00007ffc79850000 - 0x00007ffc79869000 	C:\WINDOWS\SYSTEM32\USP10.dll
0x00007ffc7bd60000 - 0x00007ffc7c25e000 	C:\WINDOWS\SYSTEM32\WININET.dll
0x00007ffc8ffc0000 - 0x00007ffc900c0000 	C:\WINDOWS\SYSTEM32\propsys.dll
0x00007ffc91db0000 - 0x00007ffc926af000 	C:\WINDOWS\system32\windows.storage.dll
0x00007ffc36220000 - 0x00007ffc363d5000 	C:\Windows\System32\TaskFlowDataEngine.dll
0x00007ffc6a2b0000 - 0x00007ffc6a360000 	C:\Windows\System32\OneCoreCommonProxyStub.dll
0x00000000177c0000 - 0x00000000177de000 	C:\Users\77957\.idl\idlworkbench-config-idl8.3.0_x86_64\org.eclipse.osgi\bundles\530\1\.cp\swt-gdip-win32-3740.dll
0x00007ffc79e00000 - 0x00007ffc79fb9000 	C:\WINDOWS\WinSxS\amd64_microsoft.windows.gdiplus_6595b64144ccf1df_1.1.22621.3810_none_57f8d842ce19d879\gdiplus.dll
0x00007ffc910a0000 - 0x00007ffc91251000 	C:\WINDOWS\SYSTEM32\WindowsCodecs.dll
0x0000000180000000 - 0x0000000180011000 	C:\Users\77957\.idl\idlworkbench-config-idl8.3.0_x86_64\org.eclipse.osgi\bundles\183\1\.cp\os\win32\x86_64\localfile_1_0_0.dll
0x00007ffc8d170000 - 0x00007ffc8d1bd000 	C:\Program Files\Exelis\IDL83\bin\bin.x86_64\idl_ips.dll
0x00007ffc0e690000 - 0x00007ffc0f3ed000 	C:\Program Files\Exelis\IDL83\bin\bin.x86_64\idl.dll
0x00007ffc8d140000 - 0x00007ffc8d163000 	C:\Program Files\Exelis\IDL83\bin\bin.x86_64\UG3220.dll
0x00007ffc83a40000 - 0x00007ffc83a59000 	C:\WINDOWS\SYSTEM32\NETAPI32.dll
0x00007ffc8d400000 - 0x00007ffc8d40c000 	C:\Program Files\Exelis\IDL83\bin\bin.x86_64\osmesa6_2.dll
0x00007ffc82080000 - 0x00007ffc82087000 	C:\WINDOWS\SYSTEM32\MSIMG32.dll
0x00007ffc13fd0000 - 0x00007ffc1415e000 	C:\Program Files\Exelis\IDL83\bin\bin.x86_64\MesaGL6_2.dll
0x00007ffc8d0b0000 - 0x00007ffc8d10c000 	C:\Program Files\Exelis\IDL83\bin\bin.x86_64\MesaGLU6_2.dll
0x00007ffc40690000 - 0x00007ffc4070c000 	C:\Program Files\Exelis\IDL83\bin\bin.x86_64\freetype2_4_7.dll
0x00007ffc931e0000 - 0x00007ffc93223000 	C:\WINDOWS\SYSTEM32\SspiCli.dll
0x00007ffc900c0000 - 0x00007ffc90138000 	C:\WINDOWS\System32\netprofm.dll
0x00007ffc8d7b0000 - 0x00007ffc8d7c8000 	C:\WINDOWS\System32\npmproxy.dll
0x00007ffc8eb10000 - 0x00007ffc8eb29000 	C:\WINDOWS\SYSTEM32\dhcpcsvc6.DLL
0x00007ffc8eaf0000 - 0x00007ffc8eb0f000 	C:\WINDOWS\SYSTEM32\dhcpcsvc.DLL
0x00007ffc40650000 - 0x00007ffc4068e000 	C:\WINDOWS\system32\spool\DRIVERS\x64\3\kvpui64.dll
0x00007ffc128b0000 - 0x00007ffc12b5c000 	C:\WINDOWS\system32\spool\DRIVERS\x64\3\kvpdrv64.dll
0x00007ffc697d0000 - 0x00007ffc6988d000 	C:\WINDOWS\SYSTEM32\mscms.dll
0x00007ffc6a080000 - 0x00007ffc6a0ca000 	C:\WINDOWS\SYSTEM32\icm32.dll
0x00007ffc79750000 - 0x00007ffc79850000 	C:\WINDOWS\SYSTEM32\OpenGL32.DLL
0x00007ffc795f0000 - 0x00007ffc7961d000 	C:\WINDOWS\SYSTEM32\GLU32.dll
0x00007ffc915a0000 - 0x00007ffc915d7000 	C:\WINDOWS\SYSTEM32\dxcore.dll
0x00007ffc40610000 - 0x00007ffc4064e000 	C:\Program Files\Exelis\IDL83\bin\bin.x86_64\gl_driver.dll
0x00007ffc5d520000 - 0x00007ffc5d5d0000 	C:\WINDOWS\SYSTEM32\TextShaping.dll
0x0000000017ac0000 - 0x0000000017ac3000 	C:\WINDOWS\SYSTEM32\icmp.Dll
0x00007ffc4abc0000 - 0x00007ffc4ac1e000 	C:\WINDOWS\system32\dataexchange.dll
0x00007ffc41910000 - 0x00007ffc41952000 	C:\WINDOWS\system32\mlang.dll
0x00007ffc93ce0000 - 0x00007ffc93d83000 	C:\WINDOWS\SYSTEM32\sxs.dll
0x00007ffc8d090000 - 0x00007ffc8d0a1000 	C:\Users\77957\.idl\idlworkbench-config-idl8.3.0_x86_64\org.eclipse.osgi\bundles\208\1\.cp\jWinHttp-1.0.0.dll
0x00007ffc8eb60000 - 0x00007ffc8ec96000 	C:\WINDOWS\SYSTEM32\WINHTTP.dll
0x00007ffc91530000 - 0x00007ffc9155b000 	C:\WINDOWS\system32\dwmapi.dll
0x00007ffc4b820000 - 0x00007ffc4bd8d000 	C:\WINDOWS\system32\windowsudk.shellcommon.dll
0x00007ffc8e040000 - 0x00007ffc8e077000 	C:\WINDOWS\system32\XmlLite.dll
0x00007ffc62ae0000 - 0x00007ffc62c55000 	C:\Windows\System32\Windows.UI.dll
0x00007ffc61330000 - 0x00007ffc614a5000 	C:\Windows\System32\Windows.UI.Immersive.dll
0x00007ffc47c10000 - 0x00007ffc47c7a000 	C:\Windows\System32\thumbcache.dll
0x00007ffc90690000 - 0x00007ffc90735000 	C:\WINDOWS\SYSTEM32\policymanager.dll
0x00007ffc90380000 - 0x00007ffc90413000 	C:\WINDOWS\SYSTEM32\msvcp110_win.dll
0x00007ffc92d50000 - 0x00007ffc92d5c000 	C:\WINDOWS\system32\Secur32.dll
0x00007ffc647d0000 - 0x00007ffc64886000 	C:\Windows\System32\Windows.FileExplorer.Common.dll
0x00007ffc72660000 - 0x00007ffc72850000 	C:\Windows\System32\urlmon.dll
0x00007ffc723a0000 - 0x00007ffc7265e000 	C:\Windows\System32\iertutil.dll
0x00007ffc92aa0000 - 0x00007ffc92aac000 	C:\Windows\System32\netutils.dll
0x00007ffc72370000 - 0x00007ffc72398000 	C:\Windows\System32\srvcli.dll
0x00007ffc6a200000 - 0x00007ffc6a20e000 	C:\WINDOWS\SYSTEM32\atlthunk.dll
0x00007ffc93b30000 - 0x00007ffc93b7e000 	C:\WINDOWS\system32\CFGMGR32.dll
0x00007ffc8c0f0000 - 0x00007ffc8c229000 	C:\Windows\System32\Windows.System.Launcher.dll
0x00007ffc8ca70000 - 0x00007ffc8ca8a000 	C:\WINDOWS\SYSTEM32\windows.staterepositorycore.dll
0x00007ffc72350000 - 0x00007ffc7236e000 	C:\WINDOWS\system32\MPR.dll
0x00007ffc27e50000 - 0x00007ffc27e7b000 	C:\WINDOWS\System32\p9np.dll

VM Arguments:
jvm_args: -Dosgi.instance.area.default=@user.home/IDLWorkspace83 -Dosgi.configuration.area=@user.home/.idl/idlworkbench-config-idl8.3.0_x86_64 -Dosgi.configuration.cascaded=true -Dosgi.checkConfiguration=true -Dosgi.sharedConfiguration.area.readOnly=true -Dorg.eclipse.update.reconcile=false -Declipse.p2.data.area=@config.dir/p2 -Dosgi.sharedConfiguration.area=C:\Program Files\Exelis\IDL83\bin\bin.x86_64/configuration 
java_command: <unknown>
Launcher Type: generic

Environment Variables:
PATH=C:/Program Files/Exelis/IDL83/bin/bin.x86_64/jre/bin/server;C:/Program Files/Exelis/IDL83/bin/bin.x86_64/jre/bin;C:/Program Files/Exelis/IDL83/bin/bin.x86_64/jre/lib/amd64;C:\Program Files\Exelis\IDL83\bin\bin.x86_64\;C:\WINDOWS\system32;C:\WINDOWS;C:\WINDOWS\System32\Wbem;C:\WINDOWS\System32\WindowsPowerShell\v1.0\;C:\WINDOWS\System32\OpenSSH\;C:\Users\77957\AppData\Local\Programs\Python\Python38;C:\Users\77957\AppData\Local\Programs\Python\Python38\Scripts;C:\Program Files (x86)\Tencent\微信web开发者工具\dll;C:\Program Files\MATLAB\R2024a\runtime\win64;C:\Program Files\MATLAB\R2024a\bin;C:\Users\77957\AppData\Local\Microsoft\WindowsApps;C:\Program Files\JetBrains\PyCharm 2023.1\bin;;C:\Users\77957\AppData\Local\Programs\Python\Python38;;C:\Program Files\Exelis\IDL83\bin\bin.x86_64;
USERNAME=77957
OS=Windows_NT
PROCESSOR_IDENTIFIER=Intel64 Family 6 Model 140 Stepping 1, GenuineIntel



---------------  S Y S T E M  ---------------

OS: Windows 8 , 64 bit Build 9200 

CPU:total 8 (4 cores per cpu, 2 threads per core) family 6 model 140 stepping 1, cmov, cx8, fxsr, mmx, sse, sse2, sse3, ssse3, sse4.1, sse4.2, popcnt, avx, avx2, ht, tsc, tscinvbit

Memory: 4k page, physical 16607252k(9176052k free), swap 24995860k(15478648k free)

vm_info: Java HotSpot(TM) 64-Bit Server VM (23.25-b01) for windows-amd64 JRE (1.7.0_25-b17), built on Jun 21 2013 12:58:32 by "java_re" with unknown MS VC++:1600

time: Thu Sep 19 09:58:25 2024
elapsed time: 1925 seconds

