#
# A fatal error has been detected by the Java Runtime Environment:
#
#  EXCEPTION_ACCESS_VIOLATION (0xc0000005) at pc=0x00007fff4f5f39d4, pid=14684, tid=10284
#
# JRE version: 7.0_25-b17
# Java VM: Java HotSpot(TM) 64-Bit Server VM (23.25-b01 mixed mode windows-amd64 compressed oops)
# Problematic frame:
# C  [idl.dll+0x4139d4]  IDL_igSrcDestPopContext+0x1044
#
# Failed to write core dump. Minidumps are not enabled by default on client versions of Windows
#
# If you would like to submit a bug report, please visit:
#   http://bugreport.sun.com/bugreport/crash.jsp
# The crash happened outside the Java Virtual Machine in native code.
# See problematic frame for where to report the bug.
#

---------------  T H R E A D  ---------------

Current thread (0x00000000162dd800):  JavaThread "IDL" [_thread_in_native, id=10284, stack(0x0000000018c60000,0x0000000018d60000)]

siginfo: ExceptionCode=0xc0000005, reading address 0x0000000000000058

Registers:
RAX=0x0000000000000000, RBX=0x000000001fdadf90, RCX=0x0000000000000000, RDX=0x0000000017f744f0
RSP=0x0000000018d5e380, RBP=0x0000000018d5e480, RSI=0x0000000024122e30, RDI=0x0000000018d5e410
R8 =0x0000000000000002, R9 =0x0000000000000000, R10=0x0000000000000000, R11=0x0000000000000005
R12=0x0000000024122ec0, R13=0x000000000000001e, R14=0x0000000000000000, R15=0x0000000016304730
RIP=0x00007fff4f5f39d4, EFLAGS=0x0000000000010206

Top of Stack: (sp=0x0000000018d5e380)
0x0000000018d5e380:   00000000162f1fc0 0000000017f744f0
0x0000000018d5e390:   0000000000000002 0000000000000000
0x0000000018d5e3a0:   0000000000000000 00007fff00000001
0x0000000018d5e3b0:   0000000018d5e3f0 0000000000000000
0x0000000018d5e3c0:   0000000000000000 00007fff00000000
0x0000000018d5e3d0:   000000000000001e 00007fff4fa416d0
0x0000000018d5e3e0:   0000000018d5f200 0000000018d5e3f0
0x0000000018d5e3f0:   0000000018d5e428 0000000000000000
0x0000000018d5e400:   0000000000000000 00007fff00000000
0x0000000018d5e410:   0000000000000000 000000000000d983
0x0000000018d5e420:   0000000000000000 000000000000010b
0x0000000018d5e430:   000000000000d980 0000000000000000
0x0000000018d5e440:   ffffffffffffffff 00007fff4fa416d0
0x0000000018d5e450:   00007fff00000007 0000000018d5e460
0x0000000018d5e460:   0000000000328000 00007fff9c49a46c
0x0000000018d5e470:   0000000000000000 0000000000000000 

Instructions: (pc=0x00007fff4f5f39d4)
0x00007fff4f5f39b4:   41 02 e8 e5 4a cb ff 48 8b c8 48 8b 46 20 48 03
0x00007fff4f5f39c4:   48 18 48 8b 81 c8 00 00 00 48 8b 89 d0 00 00 00
0x00007fff4f5f39d4:   ff 50 58 45 33 c0 33 d2 48 8b cb e8 5c f8 ff ff
0x00007fff4f5f39e4:   85 c0 0f 84 d4 fe ff ff 83 7c 24 7c 00 74 28 48 


Register to memory mapping:

RAX=0x0000000000000000 is an unknown value
RBX=0x000000001fdadf90 is an unknown value
RCX=0x0000000000000000 is an unknown value
RDX=0x0000000017f744f0 is an unknown value
RSP=0x0000000018d5e380 is pointing into the stack for thread: 0x00000000162dd800
RBP=0x0000000018d5e480 is pointing into the stack for thread: 0x00000000162dd800
RSI=0x0000000024122e30 is an unknown value
RDI=0x0000000018d5e410 is pointing into the stack for thread: 0x00000000162dd800
R8 =0x0000000000000002 is an unknown value
R9 =0x0000000000000000 is an unknown value
R10=0x0000000000000000 is an unknown value
R11=0x0000000000000005 is an unknown value
R12=0x0000000024122ec0 is an unknown value
R13=0x000000000000001e is an unknown value
R14=0x0000000000000000 is an unknown value
R15=0x0000000016304730 is an unknown value


Stack: [0x0000000018c60000,0x0000000018d60000],  sp=0x0000000018d5e380,  free space=1016k
Native frames: (J=compiled Java code, j=interpreted, Vv=VM code, C=native code)
C  [idl.dll+0x4139d4]  IDL_igSrcDestPopContext+0x1044

Java frames: (J=compiled Java code, j=interpreted, Vv=VM code)
j  com.rsi.idldt.core.ips.IPS_Access.IPS_Start([Ljava/lang/String;)V+0
j  com.rsi.idldt.core.ips.IPS_Manager$2.run()V+15
j  java.lang.Thread.run()V+11
v  ~StubRoutines::call_stub

---------------  P R O C E S S  ---------------

Java Threads: ( => current thread )
  0x0000000018399800 JavaThread "Worker-19" [_thread_blocked, id=11764, stack(0x0000000059590000,0x0000000059690000)]
  0x000000001aad5000 JavaThread "HighTraffic" [_thread_blocked, id=10404, stack(0x000000001cac0000,0x000000001cbc0000)]
  0x000000001aad5800 JavaThread "Worker-18" [_thread_blocked, id=12648, stack(0x000000001a190000,0x000000001a290000)]
  0x000000001aad3800 JavaThread "Worker-17" [_thread_blocked, id=15884, stack(0x0000000018860000,0x0000000018960000)]
  0x000000001aad2800 JavaThread "Worker-16" [_thread_blocked, id=21360, stack(0x0000000014d80000,0x0000000014e80000)]
  0x000000001aacb000 JavaThread "Worker-13" [_thread_blocked, id=18484, stack(0x00000000171c0000,0x00000000172c0000)]
  0x000000001aad2000 JavaThread "Worker-12" [_thread_blocked, id=12168, stack(0x0000000014c80000,0x0000000014d80000)]
  0x000000001aaca000 JavaThread "Worker-11" [_thread_blocked, id=22196, stack(0x0000000014b80000,0x0000000014c80000)]
  0x000000001aad1000 JavaThread "Worker-10" [_thread_blocked, id=11604, stack(0x0000000000770000,0x0000000000870000)]
  0x0000000018399000 JavaThread "Timer-2" daemon [_thread_blocked, id=15176, stack(0x000000001eec0000,0x000000001efc0000)]
  0x000000001839d800 JavaThread "Timer-1" daemon [_thread_blocked, id=1964, stack(0x000000001d820000,0x000000001d920000)]
  0x000000001839f000 JavaThread "Thread-14" [_thread_in_native, id=17416, stack(0x000000001d550000,0x000000001d650000)]
  0x0000000018397800 JavaThread "Worker-4" [_thread_blocked, id=13972, stack(0x000000001a090000,0x000000001a190000)]
  0x000000001839e000 JavaThread "IDLDT DOM Worker-7" [_thread_blocked, id=9924, stack(0x000000001d450000,0x000000001d550000)]
  0x000000001839c800 JavaThread "IDLDT DOM Worker-6" [_thread_blocked, id=18616, stack(0x000000001d350000,0x000000001d450000)]
  0x000000001839b000 JavaThread "IDLDT DOM Worker-5" [_thread_blocked, id=13052, stack(0x000000001d250000,0x000000001d350000)]
  0x000000001839c000 JavaThread "IDLDT DOM Worker-4" [_thread_blocked, id=13520, stack(0x000000001d150000,0x000000001d250000)]
  0x000000001839a800 JavaThread "IDLDT DOM Worker-3" [_thread_blocked, id=17568, stack(0x000000001d050000,0x000000001d150000)]
  0x00000000162de000 JavaThread "IDLDT DOM Worker-2" [_thread_blocked, id=18908, stack(0x000000001cf50000,0x000000001d050000)]
  0x00000000162d9800 JavaThread "IDLDT DOM Worker-1" [_thread_blocked, id=640, stack(0x000000001ce50000,0x000000001cf50000)]
  0x00000000162dc000 JavaThread "IDLDT DOM Worker-0" [_thread_blocked, id=21644, stack(0x000000001cd50000,0x000000001ce50000)]
  0x00000000162d9000 JavaThread "Timer-0" daemon [_thread_blocked, id=16120, stack(0x000000001cc50000,0x000000001cd50000)]
=>0x00000000162dd800 JavaThread "IDL" [_thread_in_native, id=10284, stack(0x0000000018c60000,0x0000000018d60000)]
  0x00000000162db000 JavaThread "IDLToJava Broker" daemon [_thread_blocked, id=3144, stack(0x0000000018b60000,0x0000000018c60000)]
  0x0000000015ef8800 JavaThread "Provisioning Event Dispatcher" daemon [_thread_blocked, id=1700, stack(0x00000000175c0000,0x00000000176c0000)]
  0x00000000160db000 JavaThread "Worker-0" [_thread_blocked, id=12924, stack(0x00000000174c0000,0x00000000175c0000)]
  0x0000000015dfd000 JavaThread "[ThreadPool Manager] - Idle Thread" daemon [_thread_blocked, id=19012, stack(0x00000000173c0000,0x00000000174c0000)]
  0x0000000015fd4800 JavaThread "Bundle File Closer" daemon [_thread_blocked, id=3712, stack(0x00000000172c0000,0x00000000173c0000)]
  0x0000000013482000 JavaThread "Worker-JM" [_thread_blocked, id=1300, stack(0x00000000170c0000,0x00000000171c0000)]
  0x0000000013471800 JavaThread "[Timer] - Main Queue Handler" daemon [_thread_blocked, id=16168, stack(0x0000000016fc0000,0x00000000170c0000)]
  0x000000001358b800 JavaThread "Framework Event Dispatcher" daemon [_thread_blocked, id=10228, stack(0x0000000016dc0000,0x0000000016ec0000)]
  0x00000000134ac800 JavaThread "Start Level Event Dispatcher" daemon [_thread_blocked, id=12628, stack(0x00000000168c0000,0x00000000169c0000)]
  0x0000000016087800 JavaThread "State Data Manager" daemon [_thread_blocked, id=19852, stack(0x00000000166c0000,0x00000000167c0000)]
  0x0000000013504000 JavaThread "Framework Active Thread" [_thread_blocked, id=3632, stack(0x00000000165c0000,0x00000000166c0000)]
  0x00000000131a4800 JavaThread "Service Thread" daemon [_thread_blocked, id=19288, stack(0x00000000135a0000,0x00000000136a0000)]
  0x0000000010da7800 JavaThread "C2 CompilerThread1" daemon [_thread_blocked, id=15476, stack(0x00000000130a0000,0x00000000131a0000)]
  0x0000000010d9d000 JavaThread "C2 CompilerThread0" daemon [_thread_blocked, id=1400, stack(0x0000000012fa0000,0x00000000130a0000)]
  0x0000000010d73000 JavaThread "Attach Listener" daemon [_thread_blocked, id=20140, stack(0x0000000012ea0000,0x0000000012fa0000)]
  0x0000000010d72000 JavaThread "Signal Dispatcher" daemon [_thread_blocked, id=16792, stack(0x0000000012da0000,0x0000000012ea0000)]
  0x0000000010d09800 JavaThread "Finalizer" daemon [_thread_blocked, id=14392, stack(0x0000000012ca0000,0x0000000012da0000)]
  0x0000000010d08800 JavaThread "Reference Handler" daemon [_thread_blocked, id=3820, stack(0x0000000012ba0000,0x0000000012ca0000)]
  0x0000000002570800 JavaThread "main" [_thread_in_native, id=14604, stack(0x0000000000050000,0x0000000000150000)]

Other Threads:
  0x0000000010d05000 VMThread [stack: 0x0000000012aa0000,0x0000000012ba0000] [id=12064]
  0x00000000131bd000 WatcherThread [stack: 0x00000000136a0000,0x00000000137a0000] [id=2856]

VM state:not at safepoint (normal execution)

VM Mutex/Monitor currently owned by a thread: None

Heap
 PSYoungGen      total 163584K, used 72129K [0x00000007accb0000, 0x00000007b9480000, 0x0000000800000000)
  eden space 155072K, 46% used [0x00000007accb0000,0x00000007b1320750,0x00000007b6420000)
  from space 8512K, 0% used [0x00000007b6420000,0x00000007b6420000,0x00000007b6c70000)
  to   space 24768K, 0% used [0x00000007b7c50000,0x00000007b7c50000,0x00000007b9480000)
 ParOldGen       total 170368K, used 73656K [0x0000000706600000, 0x0000000710c60000, 0x00000007accb0000)
  object space 170368K, 43% used [0x0000000706600000,0x000000070adee190,0x0000000710c60000)
 PSPermGen       total 60736K, used 48341K [0x0000000701400000, 0x0000000704f50000, 0x0000000706600000)
  object space 60736K, 79% used [0x0000000701400000,0x0000000704335428,0x0000000704f50000)

Card table byte_map: [0x0000000005730000,0x0000000005f30000] byte_map_base: 0x0000000001f26000

Polling page: 0x0000000002110000

Code Cache  [0x0000000002670000, 0x0000000002d60000, 0x0000000005670000)
 total_blobs=2535 nmethods=1864 adapters=620 free_code_cache=42245Kb largest_free_block=43080384

Compilation events (10 events):
Event: 956.698 Thread 0x0000000010d9d000 2086             org.eclipse.debug.internal.ui.viewers.model.InternalTreeModelViewer::virtualRefreshExpandedItems (113 bytes)
Event: 956.705 Thread 0x0000000010d9d000 nmethod 2086 0x0000000002c59ed0 code [0x0000000002c5a120, 0x0000000002c5aa08]
Event: 956.948 Thread 0x0000000010da7800 2087             java.util.regex.Pattern$Start::match (90 bytes)
Event: 956.953 Thread 0x0000000010da7800 nmethod 2087 0x0000000002afc510 code [0x0000000002afc6a0, 0x0000000002afcca8]
Event: 956.985 Thread 0x0000000010d9d000 2088             org.eclipse.swt.widgets.Control::windowProc (1973 bytes)
Event: 957.002 Thread 0x0000000010d9d000 nmethod 2088 0x0000000002c26690 code [0x0000000002c278c0, 0x0000000002c29008]
Event: 957.578 Thread 0x0000000010da7800 2089             org.eclipse.swt.widgets.Tree::clearAll (124 bytes)
Event: 957.583 Thread 0x0000000010da7800 nmethod 2089 0x0000000002c25c50 code [0x0000000002c25e00, 0x0000000002c26240]
Event: 960.348 Thread 0x0000000010d9d000 2091             org.eclipse.debug.internal.ui.viewers.model.InternalTreeModelViewer::saveElementState (322 bytes)
Event: 960.366 Thread 0x0000000010d9d000 nmethod 2091 0x0000000002c92210 code [0x0000000002c92520, 0x0000000002c93600]

GC Heap History (10 events):
Event: 854.506 GC heap before
{Heap before GC invocations=43 (full 13):
 PSYoungGen      total 195264K, used 6029K [0x00000007accb0000, 0x00000007baa10000, 0x0000000800000000)
  eden space 166784K, 0% used [0x00000007accb0000,0x00000007accb0000,0x00000007b6f90000)
  from space 28480K, 21% used [0x00000007b8e40000,0x00000007b9423678,0x00000007baa10000)
  to   space 29952K, 0% used [0x00000007b6f90000,0x00000007b6f90000,0x00000007b8cd0000)
 ParOldGen       total 170368K, used 88423K [0x0000000706600000, 0x0000000710c60000, 0x00000007accb0000)
  object space 170368K, 51% used [0x0000000706600000,0x000000070bc59ce8,0x0000000710c60000)
 PSPermGen       total 65472K, used 47521K [0x0000000701400000, 0x00000007053f0000, 0x0000000706600000)
  object space 65472K, 72% used [0x0000000701400000,0x00000007042685f8,0x00000007053f0000)
Event: 854.626 GC heap after
Heap after GC invocations=43 (full 13):
 PSYoungGen      total 195264K, used 0K [0x00000007accb0000, 0x00000007baa10000, 0x0000000800000000)
  eden space 166784K, 0% used [0x00000007accb0000,0x00000007accb0000,0x00000007b6f90000)
  from space 28480K, 0% used [0x00000007b8e40000,0x00000007b8e40000,0x00000007baa10000)
  to   space 29952K, 0% used [0x00000007b6f90000,0x00000007b6f90000,0x00000007b8cd0000)
 ParOldGen       total 170368K, used 73978K [0x0000000706600000, 0x0000000710c60000, 0x00000007accb0000)
  object space 170368K, 43% used [0x0000000706600000,0x000000070ae3e918,0x0000000710c60000)
 PSPermGen       total 62912K, used 47519K [0x0000000701400000, 0x0000000705170000, 0x0000000706600000)
  object space 62912K, 75% used [0x0000000701400000,0x0000000704267dd8,0x0000000705170000)
}
Event: 901.249 GC heap before
{Heap before GC invocations=44 (full 13):
 PSYoungGen      total 195264K, used 166784K [0x00000007accb0000, 0x00000007baa10000, 0x0000000800000000)
  eden space 166784K, 100% used [0x00000007accb0000,0x00000007b6f90000,0x00000007b6f90000)
  from space 28480K, 0% used [0x00000007b8e40000,0x00000007b8e40000,0x00000007baa10000)
  to   space 29952K, 0% used [0x00000007b6f90000,0x00000007b6f90000,0x00000007b8cd0000)
 ParOldGen       total 170368K, used 73978K [0x0000000706600000, 0x0000000710c60000, 0x00000007accb0000)
  object space 170368K, 43% used [0x0000000706600000,0x000000070ae3e918,0x0000000710c60000)
 PSPermGen       total 62912K, used 47527K [0x0000000701400000, 0x0000000705170000, 0x0000000706600000)
  object space 62912K, 75% used [0x0000000701400000,0x0000000704269d00,0x0000000705170000)
Event: 901.253 GC heap after
Heap after GC invocations=44 (full 13):
 PSYoungGen      total 168832K, used 8017K [0x00000007accb0000, 0x00000007ba0b0000, 0x0000000800000000)
  eden space 160768K, 0% used [0x00000007accb0000,0x00000007accb0000,0x00000007b69b0000)
  from space 8064K, 99% used [0x00000007b6f90000,0x00000007b77644d0,0x00000007b7770000)
  to   space 28160K, 0% used [0x00000007b8530000,0x00000007b8530000,0x00000007ba0b0000)
 ParOldGen       total 170368K, used 73978K [0x0000000706600000, 0x0000000710c60000, 0x00000007accb0000)
  object space 170368K, 43% used [0x0000000706600000,0x000000070ae3e918,0x0000000710c60000)
 PSPermGen       total 62912K, used 47527K [0x0000000701400000, 0x0000000705170000, 0x0000000706600000)
  object space 62912K, 75% used [0x0000000701400000,0x0000000704269d00,0x0000000705170000)
}
Event: 903.497 GC heap before
{Heap before GC invocations=45 (full 13):
 PSYoungGen      total 168832K, used 168785K [0x00000007accb0000, 0x00000007ba0b0000, 0x0000000800000000)
  eden space 160768K, 100% used [0x00000007accb0000,0x00000007b69b0000,0x00000007b69b0000)
  from space 8064K, 99% used [0x00000007b6f90000,0x00000007b77644d0,0x00000007b7770000)
  to   space 28160K, 0% used [0x00000007b8530000,0x00000007b8530000,0x00000007ba0b0000)
 ParOldGen       total 170368K, used 73978K [0x0000000706600000, 0x0000000710c60000, 0x00000007accb0000)
  object space 170368K, 43% used [0x0000000706600000,0x000000070ae3e918,0x0000000710c60000)
 PSPermGen       total 62912K, used 47531K [0x0000000701400000, 0x0000000705170000, 0x0000000706600000)
  object space 62912K, 75% used [0x0000000701400000,0x000000070426af18,0x0000000705170000)
Event: 903.502 GC heap after
Heap after GC invocations=45 (full 13):
 PSYoungGen      total 173824K, used 8943K [0x00000007accb0000, 0x00000007b9780000, 0x0000000800000000)
  eden space 155072K, 0% used [0x00000007accb0000,0x00000007accb0000,0x00000007b6420000)
  from space 18752K, 47% used [0x00000007b8530000,0x00000007b8debe20,0x00000007b9780000)
  to   space 26304K, 0% used [0x00000007b6420000,0x00000007b6420000,0x00000007b7dd0000)
 ParOldGen       total 170368K, used 77741K [0x0000000706600000, 0x0000000710c60000, 0x00000007accb0000)
  object space 170368K, 45% used [0x0000000706600000,0x000000070b1eb7d0,0x0000000710c60000)
 PSPermGen       total 62912K, used 47531K [0x0000000701400000, 0x0000000705170000, 0x0000000706600000)
  object space 62912K, 75% used [0x0000000701400000,0x000000070426af18,0x0000000705170000)
}
Event: 914.508 GC heap before
{Heap before GC invocations=46 (full 13):
 PSYoungGen      total 173824K, used 131130K [0x00000007accb0000, 0x00000007b9780000, 0x0000000800000000)
  eden space 155072K, 78% used [0x00000007accb0000,0x00000007b4402c50,0x00000007b6420000)
  from space 18752K, 47% used [0x00000007b8530000,0x00000007b8debe20,0x00000007b9780000)
  to   space 26304K, 0% used [0x00000007b6420000,0x00000007b6420000,0x00000007b7dd0000)
 ParOldGen       total 170368K, used 77741K [0x0000000706600000, 0x0000000710c60000, 0x00000007accb0000)
  object space 170368K, 45% used [0x0000000706600000,0x000000070b1eb7d0,0x0000000710c60000)
 PSPermGen       total 62912K, used 47555K [0x0000000701400000, 0x0000000705170000, 0x0000000706600000)
  object space 62912K, 75% used [0x0000000701400000,0x0000000704270ec8,0x0000000705170000)
Event: 914.514 GC heap after
Heap after GC invocations=46 (full 13):
 PSYoungGen      total 163584K, used 8481K [0x00000007accb0000, 0x00000007b9480000, 0x0000000800000000)
  eden space 155072K, 0% used [0x00000007accb0000,0x00000007accb0000,0x00000007b6420000)
  from space 8512K, 99% used [0x00000007b6420000,0x00000007b6c68488,0x00000007b6c70000)
  to   space 24768K, 0% used [0x00000007b7c50000,0x00000007b7c50000,0x00000007b9480000)
 ParOldGen       total 170368K, used 80956K [0x0000000706600000, 0x0000000710c60000, 0x00000007accb0000)
  object space 170368K, 47% used [0x0000000706600000,0x000000070b50f278,0x0000000710c60000)
 PSPermGen       total 62912K, used 47555K [0x0000000701400000, 0x0000000705170000, 0x0000000706600000)
  object space 62912K, 75% used [0x0000000701400000,0x0000000704270ec8,0x0000000705170000)
}
Event: 914.514 GC heap before
{Heap before GC invocations=47 (full 14):
 PSYoungGen      total 163584K, used 8481K [0x00000007accb0000, 0x00000007b9480000, 0x0000000800000000)
  eden space 155072K, 0% used [0x00000007accb0000,0x00000007accb0000,0x00000007b6420000)
  from space 8512K, 99% used [0x00000007b6420000,0x00000007b6c68488,0x00000007b6c70000)
  to   space 24768K, 0% used [0x00000007b7c50000,0x00000007b7c50000,0x00000007b9480000)
 ParOldGen       total 170368K, used 80956K [0x0000000706600000, 0x0000000710c60000, 0x00000007accb0000)
  object space 170368K, 47% used [0x0000000706600000,0x000000070b50f278,0x0000000710c60000)
 PSPermGen       total 62912K, used 47555K [0x0000000701400000, 0x0000000705170000, 0x0000000706600000)
  object space 62912K, 75% used [0x0000000701400000,0x0000000704270ec8,0x0000000705170000)
Event: 914.676 GC heap after
Heap after GC invocations=47 (full 14):
 PSYoungGen      total 163584K, used 0K [0x00000007accb0000, 0x00000007b9480000, 0x0000000800000000)
  eden space 155072K, 0% used [0x00000007accb0000,0x00000007accb0000,0x00000007b6420000)
  from space 8512K, 0% used [0x00000007b6420000,0x00000007b6420000,0x00000007b6c70000)
  to   space 24768K, 0% used [0x00000007b7c50000,0x00000007b7c50000,0x00000007b9480000)
 ParOldGen       total 170368K, used 73656K [0x0000000706600000, 0x0000000710c60000, 0x00000007accb0000)
  object space 170368K, 43% used [0x0000000706600000,0x000000070adee190,0x0000000710c60000)
 PSPermGen       total 60736K, used 47554K [0x0000000701400000, 0x0000000704f50000, 0x0000000706600000)
  object space 60736K, 78% used [0x0000000701400000,0x0000000704270b88,0x0000000704f50000)
}

Deoptimization events (10 events):
Event: 953.140 Thread 0x0000000002570800 Uncommon trap -58 fr.pc 0x0000000002a82d44
Event: 953.140 Thread 0x0000000002570800 Uncommon trap -58 fr.pc 0x0000000002a82d44
Event: 953.140 Thread 0x0000000002570800 Uncommon trap -58 fr.pc 0x0000000002a82d44
Event: 953.140 Thread 0x0000000002570800 Uncommon trap -58 fr.pc 0x0000000002a82d44
Event: 953.394 Thread 0x0000000002570800 Uncommon trap -34 fr.pc 0x0000000002d00824
Event: 953.515 Thread 0x0000000002570800 Uncommon trap -34 fr.pc 0x0000000002d00824
Event: 954.186 Thread 0x0000000002570800 Uncommon trap -12 fr.pc 0x0000000002bf07fc
Event: 956.341 Thread 0x00000000162dd800 Uncommon trap -58 fr.pc 0x0000000002cb5e18
Event: 956.354 Thread 0x00000000162dd800 Uncommon trap -58 fr.pc 0x0000000002cb5e18
Event: 956.948 Thread 0x0000000002570800 Uncommon trap -34 fr.pc 0x000000000287168c

Internal exceptions (10 events):
Event: 953.737 Thread 0x000000001aad5000 Threw 0x00000007b0142ab8 at C:\jdk7u2_64p\jdk7u25\hotspot\src\share\vm\prims\jvm.cpp:2957
Event: 953.747 Thread 0x000000001aad5000 Threw 0x00000007b0142c60 at C:\jdk7u2_64p\jdk7u25\hotspot\src\share\vm\prims\jvm.cpp:2957
Event: 953.751 Thread 0x000000001aad5000 Threw 0x00000007b0142e08 at C:\jdk7u2_64p\jdk7u25\hotspot\src\share\vm\prims\jvm.cpp:2957
Event: 953.758 Thread 0x000000001aad5000 Threw 0x00000007b0142fb0 at C:\jdk7u2_64p\jdk7u25\hotspot\src\share\vm\prims\jvm.cpp:2957
Event: 953.765 Thread 0x000000001aad5000 Threw 0x00000007b0143158 at C:\jdk7u2_64p\jdk7u25\hotspot\src\share\vm\prims\jvm.cpp:2957
Event: 953.772 Thread 0x000000001aad5000 Threw 0x00000007b0143300 at C:\jdk7u2_64p\jdk7u25\hotspot\src\share\vm\prims\jvm.cpp:2957
Event: 953.779 Thread 0x000000001aad5000 Threw 0x00000007b01434a8 at C:\jdk7u2_64p\jdk7u25\hotspot\src\share\vm\prims\jvm.cpp:2957
Event: 953.795 Thread 0x000000001aad5000 Threw 0x00000007b0143650 at C:\jdk7u2_64p\jdk7u25\hotspot\src\share\vm\prims\jvm.cpp:2957
Event: 953.796 Thread 0x000000001aad5000 Threw 0x00000007b01437f8 at C:\jdk7u2_64p\jdk7u25\hotspot\src\share\vm\prims\jvm.cpp:2957
Event: 954.186 Thread 0x0000000002570800 Implicit null exception at 0x0000000002befdfb to 0x0000000002bf07f1

Events (10 events):
Event: 956.354 Thread 0x00000000162dd800 DEOPT UNPACKING pc=0x00000000026a9164 sp=0x0000000018d5c3e0 mode 2
Event: 956.393 Thread 0x0000000010d9d000 flushing nmethod 0x000000000289a090
Event: 956.413 Thread 0x0000000010d9d000 flushing nmethod 0x0000000002ca1cd0
Event: 956.413 Thread 0x0000000010d9d000 flushing nmethod 0x0000000002ce2e10
Event: 956.437 Thread 0x0000000018399800 Thread added: 0x0000000018399800
Event: 956.948 Thread 0x0000000002570800 DEOPT PACKING pc=0x000000000287168c sp=0x000000000014df80
Event: 956.948 Thread 0x0000000002570800 DEOPT UNPACKING pc=0x00000000026a9164 sp=0x000000000014df28 mode 2
Event: 960.991 Thread 0x00000000183a0800 Thread exited: 0x00000000183a0800
Event: 960.991 Executing VM operation: BulkRevokeBias
Event: 960.991 Executing VM operation: BulkRevokeBias done


Dynamic libraries:
0x0000000000400000 - 0x000000000040e000 	C:\Program Files\Exelis\IDL83\bin\bin.x86_64\idlde.exe
0x00007fff9c490000 - 0x00007fff9c685000 	C:\WINDOWS\SYSTEM32\ntdll.dll
0x00007fff9a7f0000 - 0x00007fff9a8ad000 	C:\WINDOWS\System32\KERNEL32.DLL
0x00007fff99f40000 - 0x00007fff9a208000 	C:\WINDOWS\System32\KERNELBASE.dll
0x00007fff97100000 - 0x00007fff97190000 	C:\WINDOWS\SYSTEM32\apphelp.dll
0x00007fff9a520000 - 0x00007fff9a6c0000 	C:\WINDOWS\System32\USER32.dll
0x00007fff99e30000 - 0x00007fff99e52000 	C:\WINDOWS\System32\win32u.dll
0x00007fff9a950000 - 0x00007fff9a97a000 	C:\WINDOWS\System32\GDI32.dll
0x00007fff9a240000 - 0x00007fff9a34b000 	C:\WINDOWS\System32\gdi32full.dll
0x00007fff9a450000 - 0x00007fff9a4ed000 	C:\WINDOWS\System32\msvcp_win.dll
0x00007fff99d30000 - 0x00007fff99e30000 	C:\WINDOWS\System32\ucrtbase.dll
0x00007fff9bb00000 - 0x00007fff9bb9e000 	C:\WINDOWS\System32\msvcrt.dll
0x00007fff88860000 - 0x00007fff88afa000 	C:\WINDOWS\WinSxS\amd64_microsoft.windows.common-controls_6595b64144ccf1df_6.0.19041.844_none_ca00b6081b84eb1d\COMCTL32.dll
0x00007fff9a4f0000 - 0x00007fff9a520000 	C:\WINDOWS\System32\IMM32.DLL
0x0000000072000000 - 0x0000000072012000 	C:\Program Files\Exelis\IDL83\bin\bin.x86_64\plugins\org.eclipse.equinox.launcher.win32.win32.x86_64_1.1.100.v20110502\eclipse_1406.dll
0x00007fff9a9e0000 - 0x00007fff9aa8c000 	C:\WINDOWS\System32\ADVAPI32.dll
0x00007fff9a8b0000 - 0x00007fff9a94b000 	C:\WINDOWS\System32\sechost.dll
0x00007fff9bdd0000 - 0x00007fff9befb000 	C:\WINDOWS\System32\RPCRT4.dll
0x00007fff8f850000 - 0x00007fff8f85a000 	C:\WINDOWS\SYSTEM32\VERSION.dll
0x0000000055680000 - 0x0000000055d8f000 	C:\Program Files\Exelis\IDL83\bin\bin.x86_64\jre\bin\server\jvm.dll
0x00007fff9aa90000 - 0x00007fff9aa98000 	C:\WINDOWS\System32\PSAPI.DLL
0x00007fff887a0000 - 0x00007fff887c7000 	C:\WINDOWS\SYSTEM32\WINMM.dll
0x00007fff94450000 - 0x00007fff94459000 	C:\WINDOWS\SYSTEM32\WSOCK32.dll
0x00007fff9bf60000 - 0x00007fff9bfcb000 	C:\WINDOWS\System32\WS2_32.dll
0x00000000555a0000 - 0x0000000055671000 	C:\WINDOWS\SYSTEM32\MSVCR100.dll
0x00000000574e0000 - 0x00000000574ef000 	C:\Program Files\Exelis\IDL83\bin\bin.x86_64\jre\bin\verify.dll
0x00000000574b0000 - 0x00000000574d8000 	C:\Program Files\Exelis\IDL83\bin\bin.x86_64\jre\bin\java.dll
0x0000000057490000 - 0x00000000574a5000 	C:\Program Files\Exelis\IDL83\bin\bin.x86_64\jre\bin\zip.dll
0x00007fff99580000 - 0x00007fff99598000 	C:\WINDOWS\SYSTEM32\CRYPTSP.dll
0x00007fff98ce0000 - 0x00007fff98d14000 	C:\WINDOWS\system32\rsaenh.dll
0x00007fff9a210000 - 0x00007fff9a237000 	C:\WINDOWS\System32\bcrypt.dll
0x00007fff99ad0000 - 0x00007fff99afe000 	C:\WINDOWS\SYSTEM32\USERENV.dll
0x00007fff99b10000 - 0x00007fff99b2f000 	C:\WINDOWS\SYSTEM32\profapi.dll
0x00007fff99ec0000 - 0x00007fff99f40000 	C:\WINDOWS\System32\bcryptprimitives.dll
0x00007fff995a0000 - 0x00007fff995ac000 	C:\WINDOWS\SYSTEM32\CRYPTBASE.dll
0x0000000057470000 - 0x0000000057489000 	C:\Program Files\Exelis\IDL83\bin\bin.x86_64\jre\bin\net.dll
0x00007fff993b0000 - 0x00007fff9941a000 	C:\WINDOWS\system32\mswsock.dll
0x00007fff7c490000 - 0x00007fff7c4db000 	C:\Program Files (x86)\Sangfor\SSL\ClientComponent\3_SangforNspX64.dll
0x00007fff9a6c0000 - 0x00007fff9a7ea000 	C:\WINDOWS\System32\ole32.dll
0x00007fff9b4b0000 - 0x00007fff9b805000 	C:\WINDOWS\System32\combase.dll
0x00007fff9ab60000 - 0x00007fff9ac2d000 	C:\WINDOWS\System32\OLEAUT32.dll
0x00007fff9b3a0000 - 0x00007fff9b3f5000 	C:\WINDOWS\System32\SHLWAPI.dll
0x00007fff74d30000 - 0x00007fff74d47000 	C:\WINDOWS\system32\napinsp.dll
0x00007fff74d10000 - 0x00007fff74d2b000 	C:\WINDOWS\system32\pnrpnsp.dll
0x00007fff92bd0000 - 0x00007fff92be5000 	C:\WINDOWS\system32\wshbth.dll
0x00007fff95060000 - 0x00007fff9507d000 	C:\WINDOWS\system32\NLAapi.dll
0x00007fff99050000 - 0x00007fff9908b000 	C:\WINDOWS\SYSTEM32\IPHLPAPI.DLL
0x00007fff990a0000 - 0x00007fff9916c000 	C:\WINDOWS\SYSTEM32\DNSAPI.dll
0x00007fff9bfd0000 - 0x00007fff9bfd8000 	C:\WINDOWS\System32\NSI.dll
0x00007fff74cf0000 - 0x00007fff74d02000 	C:\WINDOWS\System32\winrnr.dll
0x00007fff8e060000 - 0x00007fff8e06a000 	C:\Windows\System32\rasadhlp.dll
0x00007fff8afa0000 - 0x00007fff8b01f000 	C:\WINDOWS\System32\fwpuclnt.dll
0x0000000055580000 - 0x0000000055591000 	C:\Program Files\Exelis\IDL83\bin\bin.x86_64\jre\bin\nio.dll
0x00007fff97550000 - 0x00007fff975ee000 	C:\WINDOWS\system32\uxtheme.dll
0x00007fff9b8f0000 - 0x00007fff9ba05000 	C:\WINDOWS\System32\MSCTF.dll
0x00007fff97af0000 - 0x00007fff97b02000 	C:\WINDOWS\SYSTEM32\kernel.appcore.dll
0x00007fff86bc0000 - 0x00007fff86cb9000 	C:\WINDOWS\SYSTEM32\textinputframework.dll
0x00007fff967b0000 - 0x00007fff96b0e000 	C:\WINDOWS\System32\CoreUIComponents.dll
0x00007fff96e90000 - 0x00007fff96f82000 	C:\WINDOWS\System32\CoreMessaging.dll
0x00007fff9aab0000 - 0x00007fff9ab5e000 	C:\WINDOWS\System32\SHCORE.dll
0x00007fff98910000 - 0x00007fff98943000 	C:\WINDOWS\SYSTEM32\ntmarta.dll
0x00007fff957d0000 - 0x00007fff95924000 	C:\WINDOWS\SYSTEM32\wintypes.dll
0x00007fff9b400000 - 0x00007fff9b4a9000 	C:\WINDOWS\System32\clbcatq.dll
0x00007fff86860000 - 0x00007fff86912000 	C:\WINDOWS\system32\baiducnTSF.dll
0x00007fff9ac30000 - 0x00007fff9b372000 	C:\WINDOWS\System32\SHELL32.dll
0x00007fff99bd0000 - 0x00007fff99d2f000 	C:\WINDOWS\System32\CRYPT32.dll
0x00007fff9b380000 - 0x00007fff9b39d000 	C:\WINDOWS\System32\imagehlp.dll
0x00007fff97d10000 - 0x00007fff984a1000 	C:\WINDOWS\SYSTEM32\windows.storage.dll
0x00007fff99640000 - 0x00007fff9966c000 	C:\WINDOWS\System32\Wldp.dll
0x00007fff70240000 - 0x00007fff705f0000 	C:\Program Files (x86)\Baidu\BaiduPinyin\5.6.6000.0\UIPFullx64.dll
0x00007fff88b30000 - 0x00007fff88b96000 	C:\WINDOWS\SYSTEM32\OLEACC.dll
0x00007fff867c0000 - 0x00007fff86852000 	C:\Program Files (x86)\Baidu\BaiduPinyin\5.6.6000.0\configurex64.dll
0x00007fff89980000 - 0x00007fff89987000 	C:\WINDOWS\SYSTEM32\MSIMG32.dll
0x00007fff7e120000 - 0x00007fff7e2cb000 	C:\WINDOWS\WinSxS\amd64_microsoft.windows.gdiplus_6595b64144ccf1df_1.1.19041.928_none_faefac437613c6cc\gdiplus.dll
0x00007fff76640000 - 0x00007fff76658000 	C:\WINDOWS\SYSTEM32\NETAPI32.dll
0x00007fff89550000 - 0x00007fff895a9000 	C:\Program Files (x86)\Baidu\BaiduPinyin\5.6.6000.0\imepngx64.dll
0x00007fff866d0000 - 0x00007fff867bf000 	C:\Program Files (x86)\Baidu\BaiduPinyin\5.6.6000.0\imefreetypex64.dll
0x00007fff86690000 - 0x00007fff866ca000 	C:\Program Files (x86)\Baidu\BaiduPinyin\5.6.6000.0\imezlibx64.dll
0x00007fff99a90000 - 0x00007fff99ac1000 	C:\WINDOWS\SYSTEM32\SspiCli.dll
0x00007fff88da0000 - 0x00007fff88e48000 	C:\Windows\System32\twinapi.dll
0x00007fff92c40000 - 0x00007fff92e41000 	C:\Windows\System32\twinapi.appcore.dll
0x00007fff93030000 - 0x00007fff931e4000 	C:\WINDOWS\SYSTEM32\WindowsCodecs.dll
0x00007fff88ee0000 - 0x00007fff88f1e000 	C:\WINDOWS\system32\dataexchange.dll
0x00007fff95d90000 - 0x00007fff95ff4000 	C:\WINDOWS\system32\d3d11.dll
0x00007fff965c0000 - 0x00007fff967a5000 	C:\WINDOWS\system32\dcomp.dll
0x00007fff98510000 - 0x00007fff98603000 	C:\WINDOWS\system32\dxgi.dll
0x0000000018690000 - 0x0000000018737000 	C:\Users\jia\.idl\idlworkbench-config-idl8.3.0_x86_64\org.eclipse.osgi\bundles\530\1\.cp\swt-win32-3740.dll
0x00007fff9b810000 - 0x00007fff9b8ea000 	C:\WINDOWS\System32\comdlg32.dll
0x00007fff83400000 - 0x00007fff838dd000 	C:\WINDOWS\SYSTEM32\WININET.dll
0x00007fff490c0000 - 0x00007fff4914e000 	C:\WINDOWS\SYSTEM32\WINSPOOL.DRV
0x00007fff84450000 - 0x00007fff84469000 	C:\WINDOWS\SYSTEM32\USP10.dll
0x00007fff94f40000 - 0x00007fff95037000 	C:\WINDOWS\SYSTEM32\propsys.dll
0x00007fff7c7d0000 - 0x00007fff7c94e000 	C:\Windows\System32\TaskFlowDataEngine.dll
0x00007fff6e780000 - 0x00007fff6ec21000 	C:\Windows\System32\cdp.dll
0x00007fff9a350000 - 0x00007fff9a39e000 	C:\WINDOWS\System32\cfgmgr32.dll
0x00007fff99030000 - 0x00007fff99042000 	C:\Windows\System32\UMPDC.dll
0x00007fff94cb0000 - 0x00007fff94deb000 	C:\Windows\System32\dsreg.dll
0x00007fff98d70000 - 0x00007fff98dfa000 	C:\Windows\System32\msvcp110_win.dll
0x0000000018780000 - 0x000000001879e000 	C:\Users\jia\.idl\idlworkbench-config-idl8.3.0_x86_64\org.eclipse.osgi\bundles\530\1\.cp\swt-gdip-win32-3740.dll
0x0000000180000000 - 0x0000000180011000 	C:\Users\jia\.idl\idlworkbench-config-idl8.3.0_x86_64\org.eclipse.osgi\bundles\183\1\.cp\os\win32\x86_64\localfile_1_0_0.dll
0x00007fff6f750000 - 0x00007fff6f79d000 	C:\Program Files\Exelis\IDL83\bin\bin.x86_64\idl_ips.dll
0x00007fff4f1e0000 - 0x00007fff4ff3d000 	C:\Program Files\Exelis\IDL83\bin\bin.x86_64\idl.dll
0x00007fff61320000 - 0x00007fff6137c000 	C:\Program Files\Exelis\IDL83\bin\bin.x86_64\MesaGLU6_2.dll
0x00007fff52660000 - 0x00007fff527ee000 	C:\Program Files\Exelis\IDL83\bin\bin.x86_64\MesaGL6_2.dll
0x00007fff7cb50000 - 0x00007fff7cb73000 	C:\Program Files\Exelis\IDL83\bin\bin.x86_64\UG3220.dll
0x00007fff89fb0000 - 0x00007fff89fbc000 	C:\Program Files\Exelis\IDL83\bin\bin.x86_64\osmesa6_2.dll
0x00007fff5fc00000 - 0x00007fff5fc7c000 	C:\Program Files\Exelis\IDL83\bin\bin.x86_64\freetype2_4_7.dll
0x00007fff94df0000 - 0x00007fff94e2e000 	C:\WINDOWS\System32\netprofm.dll
0x00007fff8a850000 - 0x00007fff8a860000 	C:\WINDOWS\System32\npmproxy.dll
0x00007fff8f830000 - 0x00007fff8f847000 	C:\WINDOWS\SYSTEM32\dhcpcsvc6.DLL
0x00007fff922b0000 - 0x00007fff922cd000 	C:\WINDOWS\SYSTEM32\dhcpcsvc.DLL
0x00000000196a0000 - 0x000000001998b000 	C:\WINDOWS\system32\spool\DRIVERS\x64\3\hp1100su.dll
0x0000000019990000 - 0x0000000019a95000 	C:\WINDOWS\system32\spool\DRIVERS\x64\3\HP1100GC.dll
0x0000000019aa0000 - 0x0000000019aff000 	C:\WINDOWS\system32\spool\DRIVERS\x64\3\hp1100sd.dll
0x00007fff87ef0000 - 0x00007fff88016000 	C:\WINDOWS\SYSTEM32\OpenGL32.DLL
0x00007fff941e0000 - 0x00007fff9420c000 	C:\WINDOWS\SYSTEM32\GLU32.dll
0x00007fff6a180000 - 0x00007fff6a1be000 	C:\Program Files\Exelis\IDL83\bin\bin.x86_64\gl_driver.dll
0x0000000018aa0000 - 0x0000000018aa3000 	C:\WINDOWS\SYSTEM32\icmp.Dll
0x00007fff7c540000 - 0x00007fff7c5ec000 	C:\WINDOWS\SYSTEM32\TextShaping.dll
0x00007fff84880000 - 0x00007fff84aa1000 	C:\WINDOWS\system32\explorerframe.dll
0x00007fff76e80000 - 0x00007fff76ec2000 	C:\WINDOWS\system32\mlang.dll
0x00007fff999e0000 - 0x00007fff99a82000 	C:\WINDOWS\SYSTEM32\sxs.dll
0x00007fff7c660000 - 0x00007fff7c671000 	C:\Users\jia\.idl\idlworkbench-config-idl8.3.0_x86_64\org.eclipse.osgi\bundles\208\1\.cp\jWinHttp-1.0.0.dll
0x00007fff92f20000 - 0x00007fff9302b000 	C:\WINDOWS\SYSTEM32\WINHTTP.dll
0x00007fff87310000 - 0x00007fff87376000 	C:\Windows\System32\thumbcache.dll
0x00007fff93e70000 - 0x00007fff93f10000 	C:\WINDOWS\SYSTEM32\policymanager.dll
0x00007fff7fb20000 - 0x00007fff7fb2c000 	C:\WINDOWS\SYSTEM32\Secur32.dll
0x00007fff8ad20000 - 0x00007fff8ad39000 	C:\WINDOWS\SYSTEM32\samcli.dll

VM Arguments:
jvm_args: -Dosgi.instance.area.default=@user.home/IDLWorkspace83 -Dosgi.configuration.area=@user.home/.idl/idlworkbench-config-idl8.3.0_x86_64 -Dosgi.configuration.cascaded=true -Dosgi.checkConfiguration=true -Dosgi.sharedConfiguration.area.readOnly=true -Dorg.eclipse.update.reconcile=false -Declipse.p2.data.area=@config.dir/p2 -Dosgi.sharedConfiguration.area=C:\Program Files\Exelis\IDL83\bin\bin.x86_64/configuration 
java_command: <unknown>
Launcher Type: generic

Environment Variables:
PATH=C:/Program Files/Exelis/IDL83/bin/bin.x86_64/jre/bin/server;C:/Program Files/Exelis/IDL83/bin/bin.x86_64/jre/bin;C:/Program Files/Exelis/IDL83/bin/bin.x86_64/jre/lib/amd64;C:\Program Files\Exelis\IDL83\bin\bin.x86_64\;C:\D_drive\Anaconda3\Anaconda\envs\AIMIS3D;C:\D_drive\Anaconda3\Anaconda\envs\AIMIS3D\Scripts;C:\D_drive\Anaconda3\Anaconda\envs\AIMIS3D\Library\bin;C:\D_drive\Anaconda3\Anaconda\envs\AIMIS3D\Library\mingw-w64\bin;C:\D_drive\Anaconda3\Anaconda\Scripts;C:\Program Files\Exelis\IDL85\bin\bin.x86_64;C:\Program Files\dotnet\;C:\Program Files\CMake\bin;;C:\WINDOWS\system32;C:\WINDOWS\System32\WindowsPowerShell\v1.0\;C:\WINDOWS\System32\Wbem;C:\Program Files\python;C:\Program Files\python\Scripts;C:\BtSoft\panel\script;C:\Program Files\ITK-SNAP 3.8\bin;C:\WINDOWS;C:\WINDOWS\System32\OpenSSH\;C:\Program Files (x86)\dotnet\;C:\Users\jia\AppData\Local\Microsoft\WindowsApps;C:\Pycharm\PyCharm Community Edition 2020.1.2\bin;C:\Users\jia\AppData\Local\Programs\Microsoft VS Code\bin;C:\Program Files\Exelis\IDL83\bin\bin.x86_64;
USERNAME=jia
OS=Windows_NT
PROCESSOR_IDENTIFIER=Intel64 Family 6 Model 126 Stepping 5, GenuineIntel



---------------  S Y S T E M  ---------------

OS: Windows 8 , 64 bit Build 9200 

CPU:total 8 (4 cores per cpu, 2 threads per core) family 6 model 126 stepping 5, cmov, cx8, fxsr, mmx, sse, sse2, sse3, ssse3, sse4.1, sse4.2, popcnt, avx, avx2, ht, tsc, tscinvbit

Memory: 4k page, physical 16353460k(8324628k free), swap 18843828k(3970652k free)

vm_info: Java HotSpot(TM) 64-Bit Server VM (23.25-b01) for windows-amd64 JRE (1.7.0_25-b17), built on Jun 21 2013 12:58:32 by "java_re" with unknown MS VC++:1600

time: Mon Nov 08 17:51:53 2021
elapsed time: 961 seconds

