#
# A fatal error has been detected by the Java Runtime Environment:
#
#  EXCEPTION_ACCESS_VIOLATION (0xc0000005) at pc=0x00007ffdde21b9cf, pid=12408, tid=14836
#
# JRE version: 7.0_25-b17
# Java VM: Java HotSpot(TM) 64-Bit Server VM (23.25-b01 mixed mode windows-amd64 compressed oops)
# Problematic frame:
# C  0x00007ffdde21b9cf  RegisterProcTableCallback+0x54b20f
#
# Failed to write core dump. Minidumps are not enabled by default on client versions of Windows
#
# If you would like to submit a bug report, please visit:
#   http://bugreport.sun.com/bugreport/crash.jsp
# The crash happened outside the Java Virtual Machine in native code.
# See problematic frame for where to report the bug.
#

---------------  T H R E A D  ---------------

Current thread (0x0000000015f3d800):  JavaThread "IDL" [_thread_in_native, id=14836, stack(0x0000000018ba0000,0x0000000018ca0000)]

siginfo: ExceptionCode=0xc0000005, reading address 0x0000000000000035

Registers:
RAX=0x0000000000000001, RBX=0x00000000294125d8, RCX=0x0000000029412608, RDX=0x00000000294125d8
RSP=0x0000000018c91620, RBP=0x0000000018c91720, RSI=0x0000000018c91680, RDI=0x000000000000000a
R8 =0x0000000000000001, R9 =0x00000000294125d8, R10=0x00000000294125f8, R11=0x0000000018c91640
R12=0x00007ffdde669920, R13=0x0000000022ef25e0, R14=0x0000000000000003, R15=0x0000000000000008
RIP=0x00007ffdde21b9cf, EFLAGS=0x0000000000010202

Top of Stack: (sp=0x0000000018c91620)
0x0000000018c91620:   00009c488ce43b11 0000000000000001
0x0000000018c91630:   0000000029412220 0000000000000000
0x0000000018c91640:   00000000294125d8 00007ffddd791b34
0x0000000018c91650:   0000000000000000 0000000000000000
0x0000000018c91660:   0000000000000000 00000000294125d8
0x0000000018c91670:   00000000294125e8 00000000294125f8
0x0000000018c91680:   0000000029412608 0000000029412618
0x0000000018c91690:   0000000029412628 0000000029412638
0x0000000018c916a0:   0000000000000000 0000000000000000
0x0000000018c916b0:   0000000000000000 0000000000000000
0x0000000018c916c0:   0000000000000000 0000000000000000
0x0000000018c916d0:   0000000000000000 00007ffd0000000a
0x0000000018c916e0:   00000000294125d8 00007ffdddc9692c
0x0000000018c916f0:   0000000029412220 0000000029412220
0x0000000018c91700:   00000000294125d8 0000000000000000
0x0000000018c91710:   0000000000000012 00007ffd00000007 

Instructions: (pc=0x00007ffdde21b9cf)
0x00007ffdde21b9af:   48 8d 74 24 30 44 8b f7 66 0f 1f 84 00 00 00 00
0x00007ffdde21b9bf:   00 48 8b 0e 48 85 c9 0f 84 8e 00 00 00 48 8b 01
0x00007ffdde21b9cf:   80 78 34 00 74 0a 48 8b 41 08 80 78 34 00 75 7b
0x00007ffdde21b9df:   41 8b d7 4c 8d 4c 24 20 48 c1 e2 04 4c 8d 45 d0 


Register to memory mapping:

RAX=0x0000000000000001 is an unknown value
RBX=0x00000000294125d8 is an unknown value
RCX=0x0000000029412608 is an unknown value
RDX=0x00000000294125d8 is an unknown value
RSP=0x0000000018c91620 is pointing into the stack for thread: 0x0000000015f3d800
RBP=0x0000000018c91720 is pointing into the stack for thread: 0x0000000015f3d800
RSI=0x0000000018c91680 is pointing into the stack for thread: 0x0000000015f3d800
RDI=0x000000000000000a is an unknown value
R8 =0x0000000000000001 is an unknown value
R9 =0x00000000294125d8 is an unknown value
R10=0x00000000294125f8 is an unknown value
R11=0x0000000018c91640 is pointing into the stack for thread: 0x0000000015f3d800
R12=0x00007ffdde669920 is an unknown value
R13=0x0000000022ef25e0 is an unknown value
R14=0x0000000000000003 is an unknown value
R15=0x0000000000000008 is an unknown value


Stack: [0x0000000018ba0000,0x0000000018ca0000],  sp=0x0000000018c91620,  free space=965k
Native frames: (J=compiled Java code, j=interpreted, Vv=VM code, C=native code)
C  0x00007ffdde21b9cf  RegisterProcTableCallback+0x54b20f

Java frames: (J=compiled Java code, j=interpreted, Vv=VM code)
j  com.rsi.idldt.core.ips.IPS_Access.IPS_Start([Ljava/lang/String;)V+0
j  com.rsi.idldt.core.ips.IPS_Manager$2.run()V+15
j  java.lang.Thread.run()V+11
v  ~StubRoutines::call_stub

---------------  P R O C E S S  ---------------

Java Threads: ( => current thread )
  0x000000001cb9f000 JavaThread "HighTraffic" [_thread_blocked, id=21388, stack(0x0000000014b50000,0x0000000014c50000)]
  0x000000001778b800 JavaThread "Worker-38" [_thread_blocked, id=11684, stack(0x0000000025c10000,0x0000000025d10000)]
  0x0000000018364000 JavaThread "Worker-36" [_thread_blocked, id=7304, stack(0x0000000025a10000,0x0000000025b10000)]
  0x0000000018358000 JavaThread "Worker-35" [_thread_blocked, id=18024, stack(0x0000000025910000,0x0000000025a10000)]
  0x00000000185d5000 JavaThread "Worker-34" [_thread_blocked, id=13364, stack(0x0000000025710000,0x0000000025810000)]
  0x00000000185c9000 JavaThread "Worker-33" [_thread_blocked, id=5452, stack(0x0000000025510000,0x0000000025610000)]
  0x00000000185c8000 JavaThread "Worker-32" [_thread_blocked, id=1360, stack(0x0000000025410000,0x0000000025510000)]
  0x0000000015f41800 JavaThread "Worker-31" [_thread_blocked, id=6636, stack(0x0000000025310000,0x0000000025410000)]
  0x0000000015f3e000 JavaThread "Worker-29" [_thread_blocked, id=17556, stack(0x0000000025110000,0x0000000025210000)]
  0x0000000015f3c800 JavaThread "Worker-28" [_thread_blocked, id=11984, stack(0x0000000025010000,0x0000000025110000)]
  0x0000000015f43000 JavaThread "Worker-27" [_thread_blocked, id=15676, stack(0x0000000023cf0000,0x0000000023df0000)]
  0x000000001cba7800 JavaThread "Worker-25" [_thread_blocked, id=18380, stack(0x0000000022ca0000,0x0000000022da0000)]
  0x000000001cba6800 JavaThread "Worker-23" [_thread_blocked, id=21616, stack(0x00000000229a0000,0x0000000022aa0000)]
  0x000000001cbad800 JavaThread "Worker-22" [_thread_blocked, id=12208, stack(0x0000000021ee0000,0x0000000021fe0000)]
  0x000000001cba6000 JavaThread "Worker-21" [_thread_blocked, id=9640, stack(0x0000000021c50000,0x0000000021d50000)]
  0x000000001cbab000 JavaThread "Worker-18" [_thread_blocked, id=13144, stack(0x000000001efd0000,0x000000001f0d0000)]
  0x000000001cb9b000 JavaThread "Worker-15" [_thread_blocked, id=19412, stack(0x000000001b320000,0x000000001b420000)]
  0x000000001cba0000 JavaThread "Worker-14" [_thread_blocked, id=19592, stack(0x000000001b220000,0x000000001b320000)]
  0x000000001cba2000 JavaThread "Worker-10" [_thread_blocked, id=22064, stack(0x0000000018da0000,0x0000000018ea0000)]
  0x000000001cb9a800 JavaThread "Worker-9" [_thread_blocked, id=15332, stack(0x00000000174b0000,0x00000000175b0000)]
  0x000000001cb9d800 JavaThread "Worker-8" [_thread_blocked, id=12936, stack(0x0000000014c50000,0x0000000014d50000)]
  0x0000000017ea1800 JavaThread "Timer-2" daemon [_thread_blocked, id=15428, stack(0x000000001edd0000,0x000000001eed0000)]
  0x0000000017ea2800 JavaThread "Timer-1" daemon [_thread_blocked, id=5096, stack(0x000000001ea80000,0x000000001eb80000)]
  0x0000000017ea4800 JavaThread "Thread-15" [_thread_in_native, id=18192, stack(0x000000001e850000,0x000000001e950000)]
  0x0000000017ea1000 JavaThread "IDLDT DOM Worker-7" [_thread_blocked, id=21124, stack(0x000000001e720000,0x000000001e820000)]
  0x0000000017ea0000 JavaThread "IDLDT DOM Worker-6" [_thread_blocked, id=14220, stack(0x000000001e620000,0x000000001e720000)]
  0x0000000017e9f800 JavaThread "IDLDT DOM Worker-5" [_thread_blocked, id=17168, stack(0x000000001e520000,0x000000001e620000)]
  0x0000000017ea5800 JavaThread "IDLDT DOM Worker-4" [_thread_blocked, id=11932, stack(0x000000001e420000,0x000000001e520000)]
  0x0000000017ea6000 JavaThread "IDLDT DOM Worker-3" [_thread_blocked, id=20176, stack(0x000000001e320000,0x000000001e420000)]
  0x0000000015f42000 JavaThread "IDLDT DOM Worker-2" [_thread_blocked, id=16364, stack(0x000000001e220000,0x000000001e320000)]
  0x0000000015f40800 JavaThread "IDLDT DOM Worker-1" [_thread_blocked, id=6700, stack(0x000000001e120000,0x000000001e220000)]
  0x0000000015f3c000 JavaThread "IDLDT DOM Worker-0" [_thread_blocked, id=6232, stack(0x000000001e020000,0x000000001e120000)]
  0x0000000015f40000 JavaThread "Timer-0" daemon [_thread_blocked, id=14328, stack(0x000000001df20000,0x000000001e020000)]
=>0x0000000015f3d800 JavaThread "IDL" [_thread_in_native, id=14836, stack(0x0000000018ba0000,0x0000000018ca0000)]
  0x0000000015ea3000 JavaThread "IDLToJava Broker" daemon [_thread_blocked, id=20580, stack(0x0000000018a70000,0x0000000018b70000)]
  0x000000001616b800 JavaThread "Provisioning Event Dispatcher" daemon [_thread_blocked, id=14272, stack(0x00000000175b0000,0x00000000176b0000)]
  0x0000000016062000 JavaThread "[ThreadPool Manager] - Idle Thread" daemon [_thread_blocked, id=14396, stack(0x00000000173b0000,0x00000000174b0000)]
  0x0000000016078000 JavaThread "Bundle File Closer" daemon [_thread_blocked, id=17432, stack(0x0000000016ed0000,0x0000000016fd0000)]
  0x0000000015dd8800 JavaThread "Worker-JM" [_thread_blocked, id=16892, stack(0x00000000170d0000,0x00000000171d0000)]
  0x000000001600e800 JavaThread "[Timer] - Main Queue Handler" daemon [_thread_blocked, id=9132, stack(0x0000000016fd0000,0x00000000170d0000)]
  0x000000001349d000 JavaThread "Framework Event Dispatcher" daemon [_thread_blocked, id=12068, stack(0x0000000016dd0000,0x0000000016ed0000)]
  0x00000000134ef000 JavaThread "Start Level Event Dispatcher" daemon [_thread_blocked, id=17316, stack(0x00000000168d0000,0x00000000169d0000)]
  0x00000000135b6800 JavaThread "State Data Manager" daemon [_thread_blocked, id=19912, stack(0x00000000166d0000,0x00000000167d0000)]
  0x0000000013505000 JavaThread "Framework Active Thread" [_thread_blocked, id=20232, stack(0x00000000165d0000,0x00000000166d0000)]
  0x00000000131f8800 JavaThread "Service Thread" daemon [_thread_blocked, id=16636, stack(0x00000000135f0000,0x00000000136f0000)]
  0x0000000010e13000 JavaThread "C2 CompilerThread1" daemon [_thread_blocked, id=19228, stack(0x00000000130f0000,0x00000000131f0000)]
  0x0000000010e0d800 JavaThread "C2 CompilerThread0" daemon [_thread_blocked, id=14192, stack(0x0000000012ff0000,0x00000000130f0000)]
  0x0000000010e0d000 JavaThread "Attach Listener" daemon [_thread_blocked, id=18404, stack(0x0000000012ef0000,0x0000000012ff0000)]
  0x0000000010e08000 JavaThread "Signal Dispatcher" daemon [_thread_blocked, id=22368, stack(0x0000000012df0000,0x0000000012ef0000)]
  0x0000000010d80000 JavaThread "Finalizer" daemon [_thread_blocked, id=15928, stack(0x0000000012cf0000,0x0000000012df0000)]
  0x0000000010d79000 JavaThread "Reference Handler" daemon [_thread_blocked, id=15088, stack(0x0000000012bf0000,0x0000000012cf0000)]
  0x0000000002170800 JavaThread "main" [_thread_in_native, id=19156, stack(0x0000000000050000,0x0000000000150000)]

Other Threads:
  0x0000000010d76000 VMThread [stack: 0x0000000012af0000,0x0000000012bf0000] [id=4784]
  0x0000000010e1d000 WatcherThread [stack: 0x00000000136f0000,0x00000000137f0000] [id=11436]

VM state:not at safepoint (normal execution)

VM Mutex/Monitor currently owned by a thread: None

Heap
 PSYoungGen      total 174528K, used 13548K [0x00000007accb0000, 0x00000007ba330000, 0x0000000800000000)
  eden space 173056K, 7% used [0x00000007accb0000,0x00000007ad9eb340,0x00000007b75b0000)
  from space 1472K, 0% used [0x00000007b75b0000,0x00000007b75b0000,0x00000007b7720000)
  to   space 23296K, 0% used [0x00000007b8c70000,0x00000007b8c70000,0x00000007ba330000)
 ParOldGen       total 170368K, used 73175K [0x0000000706600000, 0x0000000710c60000, 0x00000007accb0000)
  object space 170368K, 42% used [0x0000000706600000,0x000000070ad75f68,0x0000000710c60000)
 PSPermGen       total 57216K, used 48743K [0x0000000701400000, 0x0000000704be0000, 0x0000000706600000)
  object space 57216K, 85% used [0x0000000701400000,0x0000000704399ce8,0x0000000704be0000)

Card table byte_map: [0x00000000057a0000,0x0000000005fa0000] byte_map_base: 0x0000000001f96000

Polling page: 0x0000000000570000

Code Cache  [0x00000000027a0000, 0x0000000002ed0000, 0x00000000057a0000)
 total_blobs=2685 nmethods=2009 adapters=624 free_code_cache=42037Kb largest_free_block=42812352

Compilation events (10 events):
Event: 1102.834 Thread 0x0000000010e0d800 2244             org.eclipse.jface.text.source.AnnotationModel$AnnotationsInterator::findNext (61 bytes)
Event: 1102.837 Thread 0x0000000010e0d800 nmethod 2244 0x0000000002dca050 code [0x0000000002dca1e0, 0x0000000002dca618]
Event: 1103.478 Thread 0x0000000010e13000 2245             org.eclipse.jface.internal.text.html.SubstitutionTextReader::read (99 bytes)
Event: 1103.494 Thread 0x0000000010e13000 nmethod 2245 0x0000000002dd9990 code [0x0000000002dd9c80, 0x0000000002ddbf70]
Event: 1123.251 Thread 0x0000000010e0d800 2246             org.eclipse.core.internal.dtree.AbstractDataTreeNode::indexOfChild (75 bytes)
Event: 1123.254 Thread 0x0000000010e0d800 nmethod 2246 0x0000000002d6b9d0 code [0x0000000002d6bb20, 0x0000000002d6bd58]
Event: 1124.883 Thread 0x0000000010e13000 2247             org.eclipse.swt.custom.StyledText::setStyleRanges (627 bytes)
Event: 1124.913 Thread 0x0000000010e13000 nmethod 2247 0x0000000002eae510 code [0x0000000002eae980, 0x0000000002eb04e8]
Event: 1130.260 Thread 0x0000000010e0d800 2248   !         com.rsi.idldt.graphics.internal.ui.HighTrafficUIEvents::run (82 bytes)
Event: 1130.265 Thread 0x0000000010e0d800 nmethod 2248 0x0000000002a2f590 code [0x0000000002a2f760, 0x0000000002a2fe10]

GC Heap History (10 events):
Event: 985.515 GC heap before
{Heap before GC invocations=46 (full 15):
 PSYoungGen      total 173504K, used 390K [0x00000007accb0000, 0x00000007ba910000, 0x0000000800000000)
  eden space 173056K, 0% used [0x00000007accb0000,0x00000007accb0000,0x00000007b75b0000)
  from space 448K, 87% used [0x00000007b75b0000,0x00000007b7611848,0x00000007b7620000)
  to   space 26304K, 0% used [0x00000007b8f60000,0x00000007b8f60000,0x00000007ba910000)
 ParOldGen       total 170368K, used 72652K [0x0000000706600000, 0x0000000710c60000, 0x00000007accb0000)
  object space 170368K, 42% used [0x0000000706600000,0x000000070acf3178,0x0000000710c60000)
 PSPermGen       total 62336K, used 48714K [0x0000000701400000, 0x00000007050e0000, 0x0000000706600000)
  object space 62336K, 78% used [0x0000000701400000,0x00000007043928a0,0x00000007050e0000)
Event: 985.613 GC heap after
Heap after GC invocations=46 (full 15):
 PSYoungGen      total 173504K, used 0K [0x00000007accb0000, 0x00000007ba910000, 0x0000000800000000)
  eden space 173056K, 0% used [0x00000007accb0000,0x00000007accb0000,0x00000007b75b0000)
  from space 448K, 0% used [0x00000007b75b0000,0x00000007b75b0000,0x00000007b7620000)
  to   space 26304K, 0% used [0x00000007b8f60000,0x00000007b8f60000,0x00000007ba910000)
 ParOldGen       total 170368K, used 72756K [0x0000000706600000, 0x0000000710c60000, 0x00000007accb0000)
  object space 170368K, 42% used [0x0000000706600000,0x000000070ad0d008,0x0000000710c60000)
 PSPermGen       total 60096K, used 48714K [0x0000000701400000, 0x0000000704eb0000, 0x0000000706600000)
  object space 60096K, 81% used [0x0000000701400000,0x0000000704392860,0x0000000704eb0000)
}
Event: 1045.527 GC heap before
{Heap before GC invocations=47 (full 15):
 PSYoungGen      total 173504K, used 21968K [0x00000007accb0000, 0x00000007ba910000, 0x0000000800000000)
  eden space 173056K, 12% used [0x00000007accb0000,0x00000007ae224398,0x00000007b75b0000)
  from space 448K, 0% used [0x00000007b75b0000,0x00000007b75b0000,0x00000007b7620000)
  to   space 26304K, 0% used [0x00000007b8f60000,0x00000007b8f60000,0x00000007ba910000)
 ParOldGen       total 170368K, used 72756K [0x0000000706600000, 0x0000000710c60000, 0x00000007accb0000)
  object space 170368K, 42% used [0x0000000706600000,0x000000070ad0d008,0x0000000710c60000)
 PSPermGen       total 60096K, used 48733K [0x0000000701400000, 0x0000000704eb0000, 0x0000000706600000)
  object space 60096K, 81% used [0x0000000701400000,0x00000007043975e8,0x0000000704eb0000)
Event: 1045.531 GC heap after
Heap after GC invocations=47 (full 15):
 PSYoungGen      total 196416K, used 693K [0x00000007accb0000, 0x00000007ba630000, 0x0000000800000000)
  eden space 173056K, 0% used [0x00000007accb0000,0x00000007accb0000,0x00000007b75b0000)
  from space 23360K, 2% used [0x00000007b8f60000,0x00000007b900d7f0,0x00000007ba630000)
  to   space 24832K, 0% used [0x00000007b75b0000,0x00000007b75b0000,0x00000007b8df0000)
 ParOldGen       total 170368K, used 72756K [0x0000000706600000, 0x0000000710c60000, 0x00000007accb0000)
  object space 170368K, 42% used [0x0000000706600000,0x000000070ad0d008,0x0000000710c60000)
 PSPermGen       total 60096K, used 48733K [0x0000000701400000, 0x0000000704eb0000, 0x0000000706600000)
  object space 60096K, 81% used [0x0000000701400000,0x00000007043975e8,0x0000000704eb0000)
}
Event: 1045.531 GC heap before
{Heap before GC invocations=48 (full 16):
 PSYoungGen      total 196416K, used 693K [0x00000007accb0000, 0x00000007ba630000, 0x0000000800000000)
  eden space 173056K, 0% used [0x00000007accb0000,0x00000007accb0000,0x00000007b75b0000)
  from space 23360K, 2% used [0x00000007b8f60000,0x00000007b900d7f0,0x00000007ba630000)
  to   space 24832K, 0% used [0x00000007b75b0000,0x00000007b75b0000,0x00000007b8df0000)
 ParOldGen       total 170368K, used 72756K [0x0000000706600000, 0x0000000710c60000, 0x00000007accb0000)
  object space 170368K, 42% used [0x0000000706600000,0x000000070ad0d008,0x0000000710c60000)
 PSPermGen       total 60096K, used 48733K [0x0000000701400000, 0x0000000704eb0000, 0x0000000706600000)
  object space 60096K, 81% used [0x0000000701400000,0x00000007043975e8,0x0000000704eb0000)
Event: 1045.657 GC heap after
Heap after GC invocations=48 (full 16):
 PSYoungGen      total 196416K, used 0K [0x00000007accb0000, 0x00000007ba630000, 0x0000000800000000)
  eden space 173056K, 0% used [0x00000007accb0000,0x00000007accb0000,0x00000007b75b0000)
  from space 23360K, 0% used [0x00000007b8f60000,0x00000007b8f60000,0x00000007ba630000)
  to   space 24832K, 0% used [0x00000007b75b0000,0x00000007b75b0000,0x00000007b8df0000)
 ParOldGen       total 170368K, used 72744K [0x0000000706600000, 0x0000000710c60000, 0x00000007accb0000)
  object space 170368K, 42% used [0x0000000706600000,0x000000070ad0a0a0,0x0000000710c60000)
 PSPermGen       total 58432K, used 48733K [0x0000000701400000, 0x0000000704d10000, 0x0000000706600000)
  object space 58432K, 83% used [0x0000000701400000,0x00000007043975c8,0x0000000704d10000)
}
Event: 1123.768 GC heap before
{Heap before GC invocations=49 (full 16):
 PSYoungGen      total 196416K, used 51308K [0x00000007accb0000, 0x00000007ba630000, 0x0000000800000000)
  eden space 173056K, 29% used [0x00000007accb0000,0x00000007afecb2e8,0x00000007b75b0000)
  from space 23360K, 0% used [0x00000007b8f60000,0x00000007b8f60000,0x00000007ba630000)
  to   space 24832K, 0% used [0x00000007b75b0000,0x00000007b75b0000,0x00000007b8df0000)
 ParOldGen       total 170368K, used 72744K [0x0000000706600000, 0x0000000710c60000, 0x00000007accb0000)
  object space 170368K, 42% used [0x0000000706600000,0x000000070ad0a0a0,0x0000000710c60000)
 PSPermGen       total 58432K, used 48742K [0x0000000701400000, 0x0000000704d10000, 0x0000000706600000)
  object space 58432K, 83% used [0x0000000701400000,0x0000000704399a38,0x0000000704d10000)
Event: 1123.769 GC heap after
Heap after GC invocations=49 (full 16):
 PSYoungGen      total 174528K, used 1414K [0x00000007accb0000, 0x00000007ba330000, 0x0000000800000000)
  eden space 173056K, 0% used [0x00000007accb0000,0x00000007accb0000,0x00000007b75b0000)
  from space 1472K, 96% used [0x00000007b75b0000,0x00000007b7711ac8,0x00000007b7720000)
  to   space 23296K, 0% used [0x00000007b8c70000,0x00000007b8c70000,0x00000007ba330000)
 ParOldGen       total 170368K, used 72744K [0x0000000706600000, 0x0000000710c60000, 0x00000007accb0000)
  object space 170368K, 42% used [0x0000000706600000,0x000000070ad0a0a0,0x0000000710c60000)
 PSPermGen       total 58432K, used 48742K [0x0000000701400000, 0x0000000704d10000, 0x0000000706600000)
  object space 58432K, 83% used [0x0000000701400000,0x0000000704399a38,0x0000000704d10000)
}
Event: 1123.769 GC heap before
{Heap before GC invocations=50 (full 17):
 PSYoungGen      total 174528K, used 1414K [0x00000007accb0000, 0x00000007ba330000, 0x0000000800000000)
  eden space 173056K, 0% used [0x00000007accb0000,0x00000007accb0000,0x00000007b75b0000)
  from space 1472K, 96% used [0x00000007b75b0000,0x00000007b7711ac8,0x00000007b7720000)
  to   space 23296K, 0% used [0x00000007b8c70000,0x00000007b8c70000,0x00000007ba330000)
 ParOldGen       total 170368K, used 72744K [0x0000000706600000, 0x0000000710c60000, 0x00000007accb0000)
  object space 170368K, 42% used [0x0000000706600000,0x000000070ad0a0a0,0x0000000710c60000)
 PSPermGen       total 58432K, used 48742K [0x0000000701400000, 0x0000000704d10000, 0x0000000706600000)
  object space 58432K, 83% used [0x0000000701400000,0x0000000704399a38,0x0000000704d10000)
Event: 1123.829 GC heap after
Heap after GC invocations=50 (full 17):
 PSYoungGen      total 174528K, used 0K [0x00000007accb0000, 0x00000007ba330000, 0x0000000800000000)
  eden space 173056K, 0% used [0x00000007accb0000,0x00000007accb0000,0x00000007b75b0000)
  from space 1472K, 0% used [0x00000007b75b0000,0x00000007b75b0000,0x00000007b7720000)
  to   space 23296K, 0% used [0x00000007b8c70000,0x00000007b8c70000,0x00000007ba330000)
 ParOldGen       total 170368K, used 73175K [0x0000000706600000, 0x0000000710c60000, 0x00000007accb0000)
  object space 170368K, 42% used [0x0000000706600000,0x000000070ad75f68,0x0000000710c60000)
 PSPermGen       total 57216K, used 48741K [0x0000000701400000, 0x0000000704be0000, 0x0000000706600000)
  object space 57216K, 85% used [0x0000000701400000,0x00000007043997f8,0x0000000704be0000)
}

Deoptimization events (10 events):
Event: 864.691 Thread 0x0000000002170800 Uncommon trap -34 fr.pc 0x0000000002e1c680
Event: 864.691 Thread 0x0000000002170800 Uncommon trap -34 fr.pc 0x0000000002e1bf14
Event: 883.946 Thread 0x0000000002170800 Uncommon trap -34 fr.pc 0x00000000029bed60
Event: 883.946 Thread 0x0000000002170800 Uncommon trap -34 fr.pc 0x0000000002873874
Event: 925.159 Thread 0x0000000002170800 Uncommon trap -58 fr.pc 0x0000000002e79ffc
Event: 925.164 Thread 0x0000000002170800 Uncommon trap -58 fr.pc 0x0000000002e79ffc
Event: 925.171 Thread 0x0000000002170800 Uncommon trap -58 fr.pc 0x0000000002e79ffc
Event: 925.188 Thread 0x0000000002170800 Uncommon trap -58 fr.pc 0x0000000002e79ffc
Event: 948.819 Thread 0x0000000002170800 Uncommon trap -122 fr.pc 0x0000000002e87fcc
Event: 1130.260 Thread 0x0000000002170800 Uncommon trap -34 fr.pc 0x00000000029bed60

Internal exceptions (10 events):
Event: 1138.255 Thread 0x000000001cb9f000 Threw 0x00000007ad71ce30 at C:\jdk7u2_64p\jdk7u25\hotspot\src\share\vm\prims\jvm.cpp:2957
Event: 1138.256 Thread 0x000000001cb9f000 Threw 0x00000007ad71d018 at C:\jdk7u2_64p\jdk7u25\hotspot\src\share\vm\prims\jvm.cpp:2957
Event: 1138.263 Thread 0x000000001cb9f000 Threw 0x00000007ad71d1c0 at C:\jdk7u2_64p\jdk7u25\hotspot\src\share\vm\prims\jvm.cpp:2957
Event: 1138.270 Thread 0x000000001cb9f000 Threw 0x00000007ad71d3a8 at C:\jdk7u2_64p\jdk7u25\hotspot\src\share\vm\prims\jvm.cpp:2957
Event: 1138.278 Thread 0x000000001cb9f000 Threw 0x00000007ad71d550 at C:\jdk7u2_64p\jdk7u25\hotspot\src\share\vm\prims\jvm.cpp:2957
Event: 1138.286 Thread 0x000000001cb9f000 Threw 0x00000007ad71d738 at C:\jdk7u2_64p\jdk7u25\hotspot\src\share\vm\prims\jvm.cpp:2957
Event: 1138.293 Thread 0x000000001cb9f000 Threw 0x00000007ad71d920 at C:\jdk7u2_64p\jdk7u25\hotspot\src\share\vm\prims\jvm.cpp:2957
Event: 1138.300 Thread 0x000000001cb9f000 Threw 0x00000007ad71dac8 at C:\jdk7u2_64p\jdk7u25\hotspot\src\share\vm\prims\jvm.cpp:2957
Event: 1138.308 Thread 0x000000001cb9f000 Threw 0x00000007ad71dcb0 at C:\jdk7u2_64p\jdk7u25\hotspot\src\share\vm\prims\jvm.cpp:2957
Event: 1138.315 Thread 0x000000001cb9f000 Threw 0x00000007ad71de58 at C:\jdk7u2_64p\jdk7u25\hotspot\src\share\vm\prims\jvm.cpp:2957

Events (10 events):
Event: 1137.920 Executing VM operation: RevokeBias
Event: 1137.920 Executing VM operation: RevokeBias done
Event: 1137.925 Executing VM operation: RevokeBias
Event: 1137.925 Executing VM operation: RevokeBias done
Event: 1137.926 Executing VM operation: RevokeBias
Event: 1137.927 Executing VM operation: RevokeBias done
Event: 1137.927 Executing VM operation: RevokeBias
Event: 1137.927 Executing VM operation: RevokeBias done
Event: 1137.930 Executing VM operation: RevokeBias
Event: 1137.930 Executing VM operation: RevokeBias done


Dynamic libraries:
0x0000000000400000 - 0x000000000040e000 	C:\Program Files\Exelis\IDL83\bin\bin.x86_64\idlde.exe
0x00007ffe440f0000 - 0x00007ffe442e5000 	C:\WINDOWS\SYSTEM32\ntdll.dll
0x00007ffe42280000 - 0x00007ffe4233d000 	C:\WINDOWS\System32\KERNEL32.DLL
0x00007ffe41830000 - 0x00007ffe41af8000 	C:\WINDOWS\System32\KERNELBASE.dll
0x00007ffe3f0b0000 - 0x00007ffe3f140000 	C:\WINDOWS\SYSTEM32\apphelp.dll
0x00007ffe42e50000 - 0x00007ffe42ff0000 	C:\WINDOWS\System32\USER32.dll
0x00007ffe420f0000 - 0x00007ffe42112000 	C:\WINDOWS\System32\win32u.dll
0x00007ffe42a20000 - 0x00007ffe42a4a000 	C:\WINDOWS\System32\GDI32.dll
0x00007ffe41f60000 - 0x00007ffe4206b000 	C:\WINDOWS\System32\gdi32full.dll
0x00007ffe41c50000 - 0x00007ffe41ced000 	C:\WINDOWS\System32\msvcp_win.dll
0x00007ffe41b00000 - 0x00007ffe41c00000 	C:\WINDOWS\System32\ucrtbase.dll
0x00007ffe42ac0000 - 0x00007ffe42b5e000 	C:\WINDOWS\System32\msvcrt.dll
0x00007ffe32510000 - 0x00007ffe327aa000 	C:\WINDOWS\WinSxS\amd64_microsoft.windows.common-controls_6595b64144ccf1df_6.0.19041.844_none_ca00b6081b84eb1d\COMCTL32.dll
0x00007ffe423e0000 - 0x00007ffe42410000 	C:\WINDOWS\System32\IMM32.DLL
0x0000000072000000 - 0x0000000072012000 	C:\Program Files\Exelis\IDL83\bin\bin.x86_64\plugins\org.eclipse.equinox.launcher.win32.win32.x86_64_1.1.100.v20110502\eclipse_1406.dll
0x00007ffe42bd0000 - 0x00007ffe42c7c000 	C:\WINDOWS\System32\ADVAPI32.dll
0x00007ffe42340000 - 0x00007ffe423db000 	C:\WINDOWS\System32\sechost.dll
0x00007ffe42150000 - 0x00007ffe4227b000 	C:\WINDOWS\System32\RPCRT4.dll
0x00007ffe38850000 - 0x00007ffe3885a000 	C:\WINDOWS\SYSTEM32\VERSION.dll
0x0000000059410000 - 0x0000000059b1f000 	C:\Program Files\Exelis\IDL83\bin\bin.x86_64\jre\bin\server\jvm.dll
0x00007ffe42a10000 - 0x00007ffe42a18000 	C:\WINDOWS\System32\PSAPI.DLL
0x00007ffe30770000 - 0x00007ffe30797000 	C:\WINDOWS\SYSTEM32\WINMM.dll
0x00007ffe3a000000 - 0x00007ffe3a009000 	C:\WINDOWS\SYSTEM32\WSOCK32.dll
0x00007ffe42b60000 - 0x00007ffe42bcb000 	C:\WINDOWS\System32\WS2_32.dll
0x0000000059330000 - 0x0000000059401000 	C:\WINDOWS\SYSTEM32\MSVCR100.dll
0x0000000059320000 - 0x000000005932f000 	C:\Program Files\Exelis\IDL83\bin\bin.x86_64\jre\bin\verify.dll
0x00000000592f0000 - 0x0000000059318000 	C:\Program Files\Exelis\IDL83\bin\bin.x86_64\jre\bin\java.dll
0x00000000592d0000 - 0x00000000592e5000 	C:\Program Files\Exelis\IDL83\bin\bin.x86_64\jre\bin\zip.dll
0x00007ffe41170000 - 0x00007ffe41188000 	C:\WINDOWS\SYSTEM32\CRYPTSP.dll
0x00007ffe408e0000 - 0x00007ffe40914000 	C:\WINDOWS\system32\rsaenh.dll
0x00007ffe42120000 - 0x00007ffe42147000 	C:\WINDOWS\System32\bcrypt.dll
0x00007ffe416f0000 - 0x00007ffe4171e000 	C:\WINDOWS\SYSTEM32\USERENV.dll
0x00007ffe41770000 - 0x00007ffe4178f000 	C:\WINDOWS\SYSTEM32\profapi.dll
0x00007ffe42070000 - 0x00007ffe420f0000 	C:\WINDOWS\System32\bcryptprimitives.dll
0x00007ffe41190000 - 0x00007ffe4119c000 	C:\WINDOWS\SYSTEM32\CRYPTBASE.dll
0x00000000592b0000 - 0x00000000592c9000 	C:\Program Files\Exelis\IDL83\bin\bin.x86_64\jre\bin\net.dll
0x00007ffe40f40000 - 0x00007ffe40faa000 	C:\WINDOWS\system32\mswsock.dll
0x00007ffe27cb0000 - 0x00007ffe27cfb000 	C:\Program Files (x86)\Sangfor\SSL\ClientComponent\3_SangforNspX64.dll
0x00007ffe43f80000 - 0x00007ffe440aa000 	C:\WINDOWS\System32\ole32.dll
0x00007ffe42ff0000 - 0x00007ffe43345000 	C:\WINDOWS\System32\combase.dll
0x00007ffe43c60000 - 0x00007ffe43d2d000 	C:\WINDOWS\System32\OLEAUT32.dll
0x00007ffe43e40000 - 0x00007ffe43e95000 	C:\WINDOWS\System32\SHLWAPI.dll
0x00007ffe1ba30000 - 0x00007ffe1ba47000 	C:\WINDOWS\system32\napinsp.dll
0x00007ffe1ba10000 - 0x00007ffe1ba2b000 	C:\WINDOWS\system32\pnrpnsp.dll
0x00007ffe3c010000 - 0x00007ffe3c025000 	C:\WINDOWS\system32\wshbth.dll
0x00007ffe3cf20000 - 0x00007ffe3cf3d000 	C:\WINDOWS\system32\NLAapi.dll
0x00007ffe40c30000 - 0x00007ffe40c6b000 	C:\WINDOWS\SYSTEM32\IPHLPAPI.DLL
0x00007ffe40c70000 - 0x00007ffe40d3c000 	C:\WINDOWS\SYSTEM32\DNSAPI.dll
0x00007ffe433e0000 - 0x00007ffe433e8000 	C:\WINDOWS\System32\NSI.dll
0x00007ffe1b9f0000 - 0x00007ffe1ba02000 	C:\WINDOWS\System32\winrnr.dll
0x00007ffe38880000 - 0x00007ffe3888a000 	C:\Windows\System32\rasadhlp.dll
0x00007ffe37ec0000 - 0x00007ffe37f3f000 	C:\WINDOWS\System32\fwpuclnt.dll
0x0000000059290000 - 0x00000000592a1000 	C:\Program Files\Exelis\IDL83\bin\bin.x86_64\jre\bin\nio.dll
0x00007ffe3f240000 - 0x00007ffe3f2de000 	C:\WINDOWS\system32\uxtheme.dll
0x00007ffe43b40000 - 0x00007ffe43c55000 	C:\WINDOWS\System32\MSCTF.dll
0x00007ffe3f750000 - 0x00007ffe3f762000 	C:\WINDOWS\SYSTEM32\kernel.appcore.dll
0x00007ffe289b0000 - 0x00007ffe28aa9000 	C:\WINDOWS\SYSTEM32\textinputframework.dll
0x00007ffe3e370000 - 0x00007ffe3e6ce000 	C:\WINDOWS\System32\CoreUIComponents.dll
0x00007ffe3eb30000 - 0x00007ffe3ec22000 	C:\WINDOWS\System32\CoreMessaging.dll
0x00007ffe43d30000 - 0x00007ffe43dde000 	C:\WINDOWS\System32\SHCORE.dll
0x00007ffe40570000 - 0x00007ffe405a3000 	C:\WINDOWS\SYSTEM32\ntmarta.dll
0x00007ffe3d390000 - 0x00007ffe3d4e4000 	C:\WINDOWS\SYSTEM32\wintypes.dll
0x00007ffe42410000 - 0x00007ffe424b9000 	C:\WINDOWS\System32\clbcatq.dll
0x00007ffe390a0000 - 0x00007ffe39152000 	C:\WINDOWS\system32\baiducnTSF.dll
0x00007ffe433f0000 - 0x00007ffe43b32000 	C:\WINDOWS\System32\SHELL32.dll
0x00007ffe41e00000 - 0x00007ffe41f5f000 	C:\WINDOWS\System32\CRYPT32.dll
0x00007ffe42c80000 - 0x00007ffe42c9d000 	C:\WINDOWS\System32\imagehlp.dll
0x00007ffe3f970000 - 0x00007ffe40101000 	C:\WINDOWS\SYSTEM32\windows.storage.dll
0x00007ffe41230000 - 0x00007ffe4125c000 	C:\WINDOWS\System32\Wldp.dll
0x00007ffdfa120000 - 0x00007ffdfa4d0000 	C:\Program Files (x86)\Baidu\BaiduPinyin\5.6.6000.0\UIPFullx64.dll
0x00007ffe322d0000 - 0x00007ffe322d7000 	C:\WINDOWS\SYSTEM32\MSIMG32.dll
0x00007ffe39000000 - 0x00007ffe39092000 	C:\Program Files (x86)\Baidu\BaiduPinyin\5.6.6000.0\configurex64.dll
0x00007ffe30650000 - 0x00007ffe306b6000 	C:\WINDOWS\SYSTEM32\OLEACC.dll
0x00007ffe14ab0000 - 0x00007ffe14c5b000 	C:\WINDOWS\WinSxS\amd64_microsoft.windows.gdiplus_6595b64144ccf1df_1.1.19041.928_none_faefac437613c6cc\gdiplus.dll
0x00007ffe24200000 - 0x00007ffe24218000 	C:\WINDOWS\SYSTEM32\NETAPI32.dll
0x00007ffe37b60000 - 0x00007ffe37c4f000 	C:\Program Files (x86)\Baidu\BaiduPinyin\5.6.6000.0\imefreetypex64.dll
0x00007ffe39270000 - 0x00007ffe392c9000 	C:\Program Files (x86)\Baidu\BaiduPinyin\5.6.6000.0\imepngx64.dll
0x00007ffe3a050000 - 0x00007ffe3a08a000 	C:\Program Files (x86)\Baidu\BaiduPinyin\5.6.6000.0\imezlibx64.dll
0x00007ffe41720000 - 0x00007ffe41751000 	C:\WINDOWS\SYSTEM32\SspiCli.dll
0x00007ffe29330000 - 0x00007ffe293d8000 	C:\Windows\System32\twinapi.dll
0x00007ffe3b450000 - 0x00007ffe3b651000 	C:\Windows\System32\twinapi.appcore.dll
0x00007ffe3b780000 - 0x00007ffe3b934000 	C:\WINDOWS\SYSTEM32\WindowsCodecs.dll
0x00007ffe31090000 - 0x00007ffe310ce000 	C:\WINDOWS\system32\dataexchange.dll
0x00007ffe3d950000 - 0x00007ffe3dbb4000 	C:\WINDOWS\system32\d3d11.dll
0x00007ffe3e180000 - 0x00007ffe3e365000 	C:\WINDOWS\system32\dcomp.dll
0x00007ffe40170000 - 0x00007ffe40263000 	C:\WINDOWS\system32\dxgi.dll
0x0000000018680000 - 0x0000000018727000 	C:\Users\jia\.idl\idlworkbench-config-idl8.3.0_x86_64\org.eclipse.osgi\bundles\530\1\.cp\swt-win32-3740.dll
0x00007ffe43ea0000 - 0x00007ffe43f7a000 	C:\WINDOWS\System32\comdlg32.dll
0x00007ffe267d0000 - 0x00007ffe2685e000 	C:\WINDOWS\SYSTEM32\WINSPOOL.DRV
0x00007ffe2e500000 - 0x00007ffe2e9dd000 	C:\WINDOWS\SYSTEM32\WININET.dll
0x00007ffe2ebd0000 - 0x00007ffe2ebe9000 	C:\WINDOWS\SYSTEM32\USP10.dll
0x00007ffe3d090000 - 0x00007ffe3d187000 	C:\WINDOWS\SYSTEM32\propsys.dll
0x00007ffe41c00000 - 0x00007ffe41c4e000 	C:\WINDOWS\System32\cfgmgr32.dll
0x00007ffe415d0000 - 0x00007ffe415e2000 	C:\Windows\System32\UMPDC.dll
0x00007ffe40970000 - 0x00007ffe409fa000 	C:\Windows\System32\msvcp110_win.dll
0x0000000018750000 - 0x000000001876e000 	C:\Users\jia\.idl\idlworkbench-config-idl8.3.0_x86_64\org.eclipse.osgi\bundles\530\1\.cp\swt-gdip-win32-3740.dll
0x0000000180000000 - 0x0000000180011000 	C:\Users\jia\.idl\idlworkbench-config-idl8.3.0_x86_64\org.eclipse.osgi\bundles\183\1\.cp\os\win32\x86_64\localfile_1_0_0.dll
0x00007ffdf4780000 - 0x00007ffdf47cd000 	C:\Program Files\Exelis\IDL83\bin\bin.x86_64\idl_ips.dll
0x00007ffdde730000 - 0x00007ffddf48d000 	C:\Program Files\Exelis\IDL83\bin\bin.x86_64\idl.dll
0x00007ffdf1bb0000 - 0x00007ffdf1c0c000 	C:\Program Files\Exelis\IDL83\bin\bin.x86_64\MesaGLU6_2.dll
0x00007ffdeb800000 - 0x00007ffdeb98e000 	C:\Program Files\Exelis\IDL83\bin\bin.x86_64\MesaGL6_2.dll
0x00007ffe13f90000 - 0x00007ffe13fb3000 	C:\Program Files\Exelis\IDL83\bin\bin.x86_64\UG3220.dll
0x00007ffe39350000 - 0x00007ffe3935c000 	C:\Program Files\Exelis\IDL83\bin\bin.x86_64\osmesa6_2.dll
0x00007ffdf1b30000 - 0x00007ffdf1bac000 	C:\Program Files\Exelis\IDL83\bin\bin.x86_64\freetype2_4_7.dll
0x00007ffe388b0000 - 0x00007ffe388c7000 	C:\WINDOWS\SYSTEM32\dhcpcsvc6.DLL
0x00007ffe38930000 - 0x00007ffe3894d000 	C:\WINDOWS\SYSTEM32\dhcpcsvc.DLL
0x00000000197c0000 - 0x0000000019aab000 	C:\WINDOWS\system32\spool\DRIVERS\x64\3\hp1100su.dll
0x0000000019ab0000 - 0x0000000019bb5000 	C:\WINDOWS\system32\spool\DRIVERS\x64\3\HP1100GC.dll
0x0000000019c40000 - 0x0000000019c9f000 	C:\WINDOWS\system32\spool\DRIVERS\x64\3\hp1100sd.dll
0x00007ffe28840000 - 0x00007ffe28966000 	C:\WINDOWS\SYSTEM32\OpenGL32.DLL
0x00007ffe38bd0000 - 0x00007ffe38bfc000 	C:\WINDOWS\SYSTEM32\GLU32.dll
0x00007ffdf3260000 - 0x00007ffdf329e000 	C:\Program Files\Exelis\IDL83\bin\bin.x86_64\gl_driver.dll
0x0000000018b80000 - 0x0000000018b83000 	C:\WINDOWS\SYSTEM32\icmp.Dll
0x00007ffe12470000 - 0x00007ffe1251c000 	C:\WINDOWS\SYSTEM32\TextShaping.dll
0x00007ffe13700000 - 0x00007ffe13921000 	C:\WINDOWS\system32\explorerframe.dll
0x00007ffe121c0000 - 0x00007ffe12202000 	C:\WINDOWS\system32\mlang.dll
0x00007ffe41640000 - 0x00007ffe416e2000 	C:\WINDOWS\SYSTEM32\sxs.dll
0x00007ffe24b90000 - 0x00007ffe24ba1000 	C:\Users\jia\.idl\idlworkbench-config-idl8.3.0_x86_64\org.eclipse.osgi\bundles\208\1\.cp\jWinHttp-1.0.0.dll
0x00007ffe3bd90000 - 0x00007ffe3be9b000 	C:\WINDOWS\SYSTEM32\WINHTTP.dll
0x00007ffe2ffa0000 - 0x00007ffe30006000 	C:\Windows\System32\thumbcache.dll
0x00007ffe3cce0000 - 0x00007ffe3cd80000 	C:\WINDOWS\SYSTEM32\policymanager.dll
0x00007ffe2ac20000 - 0x00007ffe2ac2c000 	C:\WINDOWS\SYSTEM32\Secur32.dll
0x00007ffe38860000 - 0x00007ffe38879000 	C:\WINDOWS\SYSTEM32\samcli.dll
0x00007ffe3d1b0000 - 0x00007ffe3d1d4000 	C:\WINDOWS\SYSTEM32\SAMLIB.dll
0x00007ffe40d40000 - 0x00007ffe40d4c000 	C:\WINDOWS\SYSTEM32\netutils.dll
0x00007ffe0eee0000 - 0x00007ffe0fb80000 	C:\Users\jia\AppData\Local\Kingsoft\WPS Office\11.1.0.11045\office6\qingnse64.dll
0x00007ffe3ae00000 - 0x00007ffe3ae0d000 	C:\WINDOWS\SYSTEM32\atlthunk.dll
0x00007ffe3ad40000 - 0x00007ffe3ad49000 	C:\WINDOWS\system32\IconCodecService.dll

VM Arguments:
jvm_args: -Dosgi.instance.area.default=@user.home/IDLWorkspace83 -Dosgi.configuration.area=@user.home/.idl/idlworkbench-config-idl8.3.0_x86_64 -Dosgi.configuration.cascaded=true -Dosgi.checkConfiguration=true -Dosgi.sharedConfiguration.area.readOnly=true -Dorg.eclipse.update.reconcile=false -Declipse.p2.data.area=@config.dir/p2 -Dosgi.sharedConfiguration.area=C:\Program Files\Exelis\IDL83\bin\bin.x86_64/configuration 
java_command: <unknown>
Launcher Type: generic

Environment Variables:
PATH=C:/Program Files/Exelis/IDL83/bin/bin.x86_64/jre/bin/server;C:/Program Files/Exelis/IDL83/bin/bin.x86_64/jre/bin;C:/Program Files/Exelis/IDL83/bin/bin.x86_64/jre/lib/amd64;C:\Program Files\Exelis\IDL83\bin\bin.x86_64\;C:\D_drive\Anaconda3\Anaconda\envs\AIMIS3D;C:\D_drive\Anaconda3\Anaconda\envs\AIMIS3D\Scripts;C:\D_drive\Anaconda3\Anaconda\envs\AIMIS3D\Library\bin;C:\D_drive\Anaconda3\Anaconda\envs\AIMIS3D\Library\mingw-w64\bin;C:\D_drive\Anaconda3\Anaconda\Scripts;C:\Program Files\Exelis\IDL85\bin\bin.x86_64;C:\Program Files\dotnet\;C:\Program Files\CMake\bin;;C:\WINDOWS\system32;C:\WINDOWS\System32\WindowsPowerShell\v1.0\;C:\WINDOWS\System32\Wbem;C:\Program Files\python;C:\Program Files\python\Scripts;C:\BtSoft\panel\script;C:\Program Files\ITK-SNAP 3.8\bin;C:\WINDOWS;C:\WINDOWS\System32\OpenSSH\;C:\Program Files (x86)\dotnet\;C:\Users\jia\AppData\Local\Microsoft\WindowsApps;;C:\Pycharm\PyCharm Community Edition 2020.1.2\bin;;C:\Users\jia\AppData\Local\Programs\Microsoft VS Code\bin;C:\Program Files\Exelis\IDL83\bin\bin.x86_64;
USERNAME=jia
OS=Windows_NT
PROCESSOR_IDENTIFIER=Intel64 Family 6 Model 126 Stepping 5, GenuineIntel



---------------  S Y S T E M  ---------------

OS: Windows 8 , 64 bit Build 9200 

CPU:total 8 (4 cores per cpu, 2 threads per core) family 6 model 126 stepping 5, cmov, cx8, fxsr, mmx, sse, sse2, sse3, ssse3, sse4.1, sse4.2, popcnt, avx, avx2, ht, tsc, tscinvbit

Memory: 4k page, physical 16353460k(8346492k free), swap 18843828k(5371396k free)

vm_info: Java HotSpot(TM) 64-Bit Server VM (23.25-b01) for windows-amd64 JRE (1.7.0_25-b17), built on Jun 21 2013 12:58:32 by "java_re" with unknown MS VC++:1600

time: Mon Nov 01 23:28:28 2021
elapsed time: 1138 seconds

