#
# A fatal error has been detected by the Java Runtime Environment:
#
#  EXCEPTION_ACCESS_VIOLATION (0xc0000005) at pc=0x00007ff9fa61504f, pid=26008, tid=25848
#
# JRE version: 7.0_25-b17
# Java VM: Java HotSpot(TM) 64-Bit Server VM (23.25-b01 mixed mode windows-amd64 compressed oops)
# Problematic frame:
# C  0x00007ff9fa61504f  RegisterProcTableCallback+0x55a1ef
#
# Failed to write core dump. Minidumps are not enabled by default on client versions of Windows
#
# If you would like to submit a bug report, please visit:
#   http://bugreport.sun.com/bugreport/crash.jsp
# The crash happened outside the Java Virtual Machine in native code.
# See problematic frame for where to report the bug.
#

---------------  T H R E A D  ---------------

Current thread (0x00000000165d7800):  JavaThread "IDL" [_thread_in_native, id=25848, stack(0x0000000018b70000,0x0000000018c70000)]

siginfo: ExceptionCode=0xc0000005, reading address 0x0000000000000035

Registers:
RAX=0x0000000000000001, RBX=0x0000000016b46bf8, RCX=0x0000000016b46c28, RDX=0x0000000016b46bf8
RSP=0x0000000018c60e70, RBP=0x0000000018c60f70, RSI=0x0000000018c60ed0, RDI=0x000000000000000a
R8 =0x0000000000000001, R9 =0x0000000016b46bf8, R10=0x0000000016b46c18, R11=0x0000000018c60e90
R12=0x00007ff9faa938b0, R13=0x0000000042d9d250, R14=0x0000000000000003, R15=0x0000000000000007
RIP=0x00007ff9fa61504f, EFLAGS=0x0000000000010206

Top of Stack: (sp=0x0000000018c60e70)
0x0000000018c60e70:   0000000021fd3630 0000000000000001
0x0000000018c60e80:   0000000016b46840 0000000000000000
0x0000000018c60e90:   0000000016b46bf8 00007ff9fa09cb46
0x0000000018c60ea0:   0000000000000000 0000000000000000
0x0000000018c60eb0:   0000000018c60f90 0000000016b46bf8
0x0000000018c60ec0:   0000000016b46c08 0000000016b46c18
0x0000000018c60ed0:   0000000016b46c28 0000000016b46c38
0x0000000018c60ee0:   0000000016b46c48 0000000016b46c58
0x0000000018c60ef0:   0000000000000000 0000000000000000
0x0000000018c60f00:   0000000000000000 0000000000000000
0x0000000018c60f10:   0000000000000000 0000000000000000
0x0000000018c60f20:   0000000000000000 00007ff90000000a
0x0000000018c60f30:   0000000016b46bf8 0000000000000000
0x0000000018c60f40:   0000000016b46840 0000000016b46840
0x0000000018c60f50:   0000000016b46bf8 00007ff9fa07f50c
0x0000000018c60f60:   0000000000000012 0000000000000007 

Instructions: (pc=0x00007ff9fa61504f)
0x00007ff9fa61502f:   48 8d 74 24 30 44 8b f7 66 0f 1f 84 00 00 00 00
0x00007ff9fa61503f:   00 48 8b 0e 48 85 c9 0f 84 8e 00 00 00 48 8b 01
0x00007ff9fa61504f:   80 78 34 00 74 0a 48 8b 41 08 80 78 34 00 75 7b
0x00007ff9fa61505f:   41 8b d7 4c 8d 4c 24 20 48 c1 e2 04 4c 8d 45 d0 


Register to memory mapping:

RAX=0x0000000000000001 is an unknown value
RBX=0x0000000016b46bf8 is an unknown value
RCX=0x0000000016b46c28 is an unknown value
RDX=0x0000000016b46bf8 is an unknown value
RSP=0x0000000018c60e70 is pointing into the stack for thread: 0x00000000165d7800
RBP=0x0000000018c60f70 is pointing into the stack for thread: 0x00000000165d7800
RSI=0x0000000018c60ed0 is pointing into the stack for thread: 0x00000000165d7800
RDI=0x000000000000000a is an unknown value
R8 =0x0000000000000001 is an unknown value
R9 =0x0000000016b46bf8 is an unknown value
R10=0x0000000016b46c18 is an unknown value
R11=0x0000000018c60e90 is pointing into the stack for thread: 0x00000000165d7800
R12=0x00007ff9faa938b0 is an unknown value
R13=0x0000000042d9d250 is an unknown value
R14=0x0000000000000003 is an unknown value
R15=0x0000000000000007 is an unknown value


Stack: [0x0000000018b70000,0x0000000018c70000],  sp=0x0000000018c60e70,  free space=963k
Native frames: (J=compiled Java code, j=interpreted, Vv=VM code, C=native code)
C  0x00007ff9fa61504f  RegisterProcTableCallback+0x55a1ef

Java frames: (J=compiled Java code, j=interpreted, Vv=VM code)
j  com.rsi.idldt.core.ips.IPS_Access.IPS_Start([Ljava/lang/String;)V+0
j  com.rsi.idldt.core.ips.IPS_Manager$2.run()V+15
j  java.lang.Thread.run()V+11
v  ~StubRoutines::call_stub

---------------  P R O C E S S  ---------------

Java Threads: ( => current thread )
  0x000000001dc4e800 JavaThread "Worker-48" [_thread_blocked, id=9516, stack(0x000000001a3e0000,0x000000001a4e0000)]
  0x000000001dc53000 JavaThread "Worker-47" [_thread_blocked, id=17460, stack(0x000000001a8e0000,0x000000001a9e0000)]
  0x000000001dc4b800 JavaThread "Worker-46" [_thread_blocked, id=21048, stack(0x000000001a7e0000,0x000000001a8e0000)]
  0x000000001dc51800 JavaThread "Worker-45" [_thread_blocked, id=26844, stack(0x0000000019e80000,0x0000000019f80000)]
  0x000000001dc4d800 JavaThread "Worker-44" [_thread_blocked, id=16268, stack(0x0000000014dc0000,0x0000000014ec0000)]
  0x000000001dc4a800 JavaThread "Worker-43" [_thread_blocked, id=11824, stack(0x0000000018f00000,0x0000000019000000)]
  0x000000001dc50800 JavaThread "Worker-41" [_thread_blocked, id=19256, stack(0x0000000014cc0000,0x0000000014dc0000)]
  0x000000001dc52000 JavaThread "Worker-40" [_thread_blocked, id=3668, stack(0x0000000000740000,0x0000000000840000)]
  0x000000001dc4a000 JavaThread "Worker-38" [_thread_blocked, id=10392, stack(0x0000000014bc0000,0x0000000014cc0000)]
  0x00000000180c8800 JavaThread "Timer-2" daemon [_thread_blocked, id=24748, stack(0x000000001ea70000,0x000000001eb70000)]
  0x00000000180cd000 JavaThread "Timer-1" daemon [_thread_blocked, id=19636, stack(0x000000001e970000,0x000000001ea70000)]
  0x00000000180ca000 JavaThread "Thread-15" [_thread_in_native, id=13404, stack(0x000000001e6b0000,0x000000001e7b0000)]
  0x00000000180cd800 JavaThread "IDLDT DOM Worker-7" [_thread_blocked, id=24784, stack(0x000000001e420000,0x000000001e520000)]
  0x00000000180ca800 JavaThread "IDLDT DOM Worker-6" [_thread_blocked, id=9752, stack(0x000000001e320000,0x000000001e420000)]
  0x00000000180c9000 JavaThread "IDLDT DOM Worker-5" [_thread_blocked, id=26032, stack(0x000000001e220000,0x000000001e320000)]
  0x00000000180cf000 JavaThread "IDLDT DOM Worker-4" [_thread_blocked, id=22420, stack(0x000000001e120000,0x000000001e220000)]
  0x00000000180ce800 JavaThread "IDLDT DOM Worker-3" [_thread_blocked, id=17588, stack(0x000000001e020000,0x000000001e120000)]
  0x00000000165de000 JavaThread "IDLDT DOM Worker-2" [_thread_blocked, id=26108, stack(0x000000001df20000,0x000000001e020000)]
  0x00000000165de800 JavaThread "IDLDT DOM Worker-1" [_thread_blocked, id=16100, stack(0x000000001de20000,0x000000001df20000)]
  0x00000000165dc800 JavaThread "IDLDT DOM Worker-0" [_thread_blocked, id=21772, stack(0x000000001dd20000,0x000000001de20000)]
  0x00000000165db800 JavaThread "Timer-0" daemon [_thread_blocked, id=16832, stack(0x000000001a4e0000,0x000000001a5e0000)]
=>0x00000000165d7800 JavaThread "IDL" [_thread_in_native, id=25848, stack(0x0000000018b70000,0x0000000018c70000)]
  0x00000000165d9000 JavaThread "IDLToJava Broker" daemon [_thread_blocked, id=15420, stack(0x0000000018a50000,0x0000000018b50000)]
  0x0000000015f2d000 JavaThread "Provisioning Event Dispatcher" daemon [_thread_blocked, id=13628, stack(0x00000000175f0000,0x00000000176f0000)]
  0x0000000015e69000 JavaThread "[ThreadPool Manager] - Idle Thread" daemon [_thread_blocked, id=16836, stack(0x00000000173f0000,0x00000000174f0000)]
  0x0000000015f3e000 JavaThread "Bundle File Closer" daemon [_thread_blocked, id=2188, stack(0x00000000172f0000,0x00000000173f0000)]
  0x0000000015e2f800 JavaThread "Worker-JM" [_thread_blocked, id=2956, stack(0x00000000170f0000,0x00000000171f0000)]
  0x0000000015e69800 JavaThread "[Timer] - Main Queue Handler" daemon [_thread_blocked, id=8824, stack(0x0000000016ff0000,0x00000000170f0000)]
  0x0000000015e19000 JavaThread "Framework Event Dispatcher" daemon [_thread_blocked, id=14864, stack(0x0000000016df0000,0x0000000016ef0000)]
  0x0000000013384800 JavaThread "Start Level Event Dispatcher" daemon [_thread_blocked, id=25168, stack(0x00000000168f0000,0x00000000169f0000)]
  0x0000000015ee6000 JavaThread "State Data Manager" daemon [_thread_blocked, id=16048, stack(0x00000000166f0000,0x00000000167f0000)]
  0x0000000013228000 JavaThread "Framework Active Thread" [_thread_blocked, id=11716, stack(0x00000000165f0000,0x00000000166f0000)]
  0x00000000130e0800 JavaThread "Service Thread" daemon [_thread_blocked, id=4548, stack(0x00000000134e0000,0x00000000135e0000)]
  0x0000000010d0f000 JavaThread "C2 CompilerThread1" daemon [_thread_blocked, id=23560, stack(0x0000000012fe0000,0x00000000130e0000)]
  0x0000000010d0d000 JavaThread "C2 CompilerThread0" daemon [_thread_blocked, id=3904, stack(0x0000000012ee0000,0x0000000012fe0000)]
  0x0000000010ce3000 JavaThread "Attach Listener" daemon [_thread_blocked, id=7996, stack(0x0000000012de0000,0x0000000012ee0000)]
  0x0000000010ce2000 JavaThread "Signal Dispatcher" daemon [_thread_blocked, id=13144, stack(0x0000000012ce0000,0x0000000012de0000)]
  0x0000000010c80000 JavaThread "Finalizer" daemon [_thread_blocked, id=14388, stack(0x0000000012be0000,0x0000000012ce0000)]
  0x0000000010c78800 JavaThread "Reference Handler" daemon [_thread_blocked, id=27080, stack(0x0000000012ae0000,0x0000000012be0000)]
  0x00000000024b0800 JavaThread "main" [_thread_in_native, id=25828, stack(0x0000000000050000,0x0000000000150000)]

Other Threads:
  0x0000000010c75000 VMThread [stack: 0x00000000129e0000,0x0000000012ae0000] [id=26788]
  0x00000000130fd000 WatcherThread [stack: 0x00000000135e0000,0x00000000136e0000] [id=13552]

VM state:not at safepoint (normal execution)

VM Mutex/Monitor currently owned by a thread: None

Heap
 PSYoungGen      total 84224K, used 62312K [0x00000007accb0000, 0x00000007b30c0000, 0x0000000800000000)
  eden space 66496K, 93% used [0x00000007accb0000,0x00000007b098a308,0x00000007b0da0000)
  from space 17728K, 0% used [0x00000007b1f70000,0x00000007b1f70000,0x00000007b30c0000)
  to   space 17984K, 0% used [0x00000007b0da0000,0x00000007b0da0000,0x00000007b1f30000)
 ParOldGen       total 170368K, used 74442K [0x0000000706600000, 0x0000000710c60000, 0x00000007accb0000)
  object space 170368K, 43% used [0x0000000706600000,0x000000070aeb2998,0x0000000710c60000)
 PSPermGen       total 48320K, used 47956K [0x0000000701400000, 0x0000000704330000, 0x0000000706600000)
  object space 48320K, 99% used [0x0000000701400000,0x00000007042d5318,0x0000000704330000)

Card table byte_map: [0x0000000005670000,0x0000000005e70000] byte_map_base: 0x0000000001e66000

Polling page: 0x0000000002460000

Code Cache  [0x00000000025b0000, 0x0000000002cf0000, 0x00000000055b0000)
 total_blobs=2580 nmethods=1916 adapters=612 free_code_cache=41994Kb largest_free_block=42777408

Compilation events (10 events):
Event: 9900.726 Thread 0x0000000010d0f000 2135   !         org.eclipse.core.internal.jobs.JobManager::findBlockingJob (179 bytes)
Event: 9900.735 Thread 0x0000000010d0f000 nmethod 2135 0x00000000029aafd0 code [0x00000000029ab180, 0x00000000029abff0]
Event: 9901.044 Thread 0x0000000010d0d000 2136             org.eclipse.jface.viewers.AbstractTreeViewer::internalRefresh (131 bytes)
Event: 9901.118 Thread 0x0000000010d0d000 nmethod 2136 0x0000000002cd5090 code [0x0000000002cd5880, 0x0000000002cdaa80]
Event: 9902.500 Thread 0x0000000010d0f000 2137             org.eclipse.ui.internal.util.Util::equals (91 bytes)
Event: 9902.502 Thread 0x0000000010d0f000 nmethod 2137 0x0000000002b2fb10 code [0x0000000002b2fc60, 0x0000000002b30018]
Event: 9924.390 Thread 0x0000000010d0d000 2138   !         org.eclipse.swt.internal.ole.win32.COMObject::<init> (219 bytes)
Event: 9924.397 Thread 0x0000000010d0d000 nmethod 2138 0x0000000002c29c50 code [0x0000000002c29e00, 0x0000000002c2a500]
Event: 9924.799 Thread 0x0000000010d0f000 2139             org.eclipse.core.internal.runtime.AdapterManager::getFactories (105 bytes)
Event: 9924.803 Thread 0x0000000010d0f000 nmethod 2139 0x0000000002b3c310 code [0x0000000002b3c500, 0x0000000002b3c930]

GC Heap History (10 events):
Event: 9873.048 GC heap before
{Heap before GC invocations=366 (full 161):
 PSYoungGen      total 87360K, used 78633K [0x00000007accb0000, 0x00000007b3600000, 0x0000000800000000)
  eden space 73152K, 100% used [0x00000007accb0000,0x00000007b1420000,0x00000007b1420000)
  from space 14208K, 38% used [0x00000007b2820000,0x00000007b2d7a418,0x00000007b3600000)
  to   space 17344K, 0% used [0x00000007b1420000,0x00000007b1420000,0x00000007b2510000)
 ParOldGen       total 170368K, used 86997K [0x0000000706600000, 0x0000000710c60000, 0x00000007accb0000)
  object space 170368K, 51% used [0x0000000706600000,0x000000070baf56f8,0x0000000710c60000)
 PSPermGen       total 48320K, used 47947K [0x0000000701400000, 0x0000000704330000, 0x0000000706600000)
  object space 48320K, 99% used [0x0000000701400000,0x00000007042d2ee0,0x0000000704330000)
Event: 9873.050 GC heap after
Heap after GC invocations=366 (full 161):
 PSYoungGen      total 77248K, used 5960K [0x00000007accb0000, 0x00000007b3260000, 0x0000000800000000)
  eden space 71232K, 0% used [0x00000007accb0000,0x00000007accb0000,0x00000007b1240000)
  from space 6016K, 99% used [0x00000007b1420000,0x00000007b19f2290,0x00000007b1a00000)
  to   space 16448K, 0% used [0x00000007b2250000,0x00000007b2250000,0x00000007b3260000)
 ParOldGen       total 170368K, used 90219K [0x0000000706600000, 0x0000000710c60000, 0x00000007accb0000)
  object space 170368K, 52% used [0x0000000706600000,0x000000070be1acf0,0x0000000710c60000)
 PSPermGen       total 48320K, used 47947K [0x0000000701400000, 0x0000000704330000, 0x0000000706600000)
  object space 48320K, 99% used [0x0000000701400000,0x00000007042d2ee0,0x0000000704330000)
}
Event: 9873.701 GC heap before
{Heap before GC invocations=367 (full 161):
 PSYoungGen      total 77248K, used 77192K [0x00000007accb0000, 0x00000007b3260000, 0x0000000800000000)
  eden space 71232K, 100% used [0x00000007accb0000,0x00000007b1240000,0x00000007b1240000)
  from space 6016K, 99% used [0x00000007b1420000,0x00000007b19f2290,0x00000007b1a00000)
  to   space 16448K, 0% used [0x00000007b2250000,0x00000007b2250000,0x00000007b3260000)
 ParOldGen       total 170368K, used 90219K [0x0000000706600000, 0x0000000710c60000, 0x00000007accb0000)
  object space 170368K, 52% used [0x0000000706600000,0x000000070be1acf0,0x0000000710c60000)
 PSPermGen       total 48320K, used 47947K [0x0000000701400000, 0x0000000704330000, 0x0000000706600000)
  object space 48320K, 99% used [0x0000000701400000,0x00000007042d2f00,0x0000000704330000)
Event: 9873.705 GC heap after
Heap after GC invocations=367 (full 161):
 PSYoungGen      total 84672K, used 16270K [0x00000007accb0000, 0x00000007b3670000, 0x0000000800000000)
  eden space 68224K, 0% used [0x00000007accb0000,0x00000007accb0000,0x00000007b0f50000)
  from space 16448K, 98% used [0x00000007b2250000,0x00000007b3233990,0x00000007b3260000)
  to   space 19456K, 0% used [0x00000007b0f50000,0x00000007b0f50000,0x00000007b2250000)
 ParOldGen       total 170368K, used 94372K [0x0000000706600000, 0x0000000710c60000, 0x00000007accb0000)
  object space 170368K, 55% used [0x0000000706600000,0x000000070c229188,0x0000000710c60000)
 PSPermGen       total 48320K, used 47947K [0x0000000701400000, 0x0000000704330000, 0x0000000706600000)
  object space 48320K, 99% used [0x0000000701400000,0x00000007042d2f00,0x0000000704330000)
}
Event: 9874.371 GC heap before
{Heap before GC invocations=368 (full 161):
 PSYoungGen      total 84672K, used 84494K [0x00000007accb0000, 0x00000007b3670000, 0x0000000800000000)
  eden space 68224K, 100% used [0x00000007accb0000,0x00000007b0f50000,0x00000007b0f50000)
  from space 16448K, 98% used [0x00000007b2250000,0x00000007b3233990,0x00000007b3260000)
  to   space 19456K, 0% used [0x00000007b0f50000,0x00000007b0f50000,0x00000007b2250000)
 ParOldGen       total 170368K, used 94372K [0x0000000706600000, 0x0000000710c60000, 0x00000007accb0000)
  object space 170368K, 55% used [0x0000000706600000,0x000000070c229188,0x0000000710c60000)
 PSPermGen       total 48320K, used 47947K [0x0000000701400000, 0x0000000704330000, 0x0000000706600000)
  object space 48320K, 99% used [0x0000000701400000,0x00000007042d2f00,0x0000000704330000)
Event: 9874.373 GC heap after
Heap after GC invocations=368 (full 161):
 PSYoungGen      total 71872K, used 5338K [0x00000007accb0000, 0x00000007b3140000, 0x0000000800000000)
  eden space 66496K, 0% used [0x00000007accb0000,0x00000007accb0000,0x00000007b0da0000)
  from space 5376K, 99% used [0x00000007b0f50000,0x00000007b1486930,0x00000007b1490000)
  to   space 18240K, 0% used [0x00000007b1f70000,0x00000007b1f70000,0x00000007b3140000)
 ParOldGen       total 170368K, used 100182K [0x0000000706600000, 0x0000000710c60000, 0x00000007accb0000)
  object space 170368K, 58% used [0x0000000706600000,0x000000070c7d5ac8,0x0000000710c60000)
 PSPermGen       total 48320K, used 47947K [0x0000000701400000, 0x0000000704330000, 0x0000000706600000)
  object space 48320K, 99% used [0x0000000701400000,0x00000007042d2f00,0x0000000704330000)
}
Event: 9896.146 GC heap before
{Heap before GC invocations=369 (full 161):
 PSYoungGen      total 71872K, used 40093K [0x00000007accb0000, 0x00000007b3140000, 0x0000000800000000)
  eden space 66496K, 52% used [0x00000007accb0000,0x00000007aeea0c58,0x00000007b0da0000)
  from space 5376K, 99% used [0x00000007b0f50000,0x00000007b1486930,0x00000007b1490000)
  to   space 18240K, 0% used [0x00000007b1f70000,0x00000007b1f70000,0x00000007b3140000)
 ParOldGen       total 170368K, used 100182K [0x0000000706600000, 0x0000000710c60000, 0x00000007accb0000)
  object space 170368K, 58% used [0x0000000706600000,0x000000070c7d5ac8,0x0000000710c60000)
 PSPermGen       total 48320K, used 47949K [0x0000000701400000, 0x0000000704330000, 0x0000000706600000)
  object space 48320K, 99% used [0x0000000701400000,0x00000007042d3680,0x0000000704330000)
Event: 9896.148 GC heap after
Heap after GC invocations=369 (full 161):
 PSYoungGen      total 84224K, used 554K [0x00000007accb0000, 0x00000007b30c0000, 0x0000000800000000)
  eden space 66496K, 0% used [0x00000007accb0000,0x00000007accb0000,0x00000007b0da0000)
  from space 17728K, 3% used [0x00000007b1f70000,0x00000007b1ffa9d0,0x00000007b30c0000)
  to   space 17984K, 0% used [0x00000007b0da0000,0x00000007b0da0000,0x00000007b1f30000)
 ParOldGen       total 170368K, used 105277K [0x0000000706600000, 0x0000000710c60000, 0x00000007accb0000)
  object space 170368K, 61% used [0x0000000706600000,0x000000070cccf5e0,0x0000000710c60000)
 PSPermGen       total 48320K, used 47949K [0x0000000701400000, 0x0000000704330000, 0x0000000706600000)
  object space 48320K, 99% used [0x0000000701400000,0x00000007042d3680,0x0000000704330000)
}
Event: 9896.148 GC heap before
{Heap before GC invocations=370 (full 162):
 PSYoungGen      total 84224K, used 554K [0x00000007accb0000, 0x00000007b30c0000, 0x0000000800000000)
  eden space 66496K, 0% used [0x00000007accb0000,0x00000007accb0000,0x00000007b0da0000)
  from space 17728K, 3% used [0x00000007b1f70000,0x00000007b1ffa9d0,0x00000007b30c0000)
  to   space 17984K, 0% used [0x00000007b0da0000,0x00000007b0da0000,0x00000007b1f30000)
 ParOldGen       total 170368K, used 105277K [0x0000000706600000, 0x0000000710c60000, 0x00000007accb0000)
  object space 170368K, 61% used [0x0000000706600000,0x000000070cccf5e0,0x0000000710c60000)
 PSPermGen       total 48320K, used 47949K [0x0000000701400000, 0x0000000704330000, 0x0000000706600000)
  object space 48320K, 99% used [0x0000000701400000,0x00000007042d3680,0x0000000704330000)
Event: 9896.270 GC heap after
Heap after GC invocations=370 (full 162):
 PSYoungGen      total 84224K, used 0K [0x00000007accb0000, 0x00000007b30c0000, 0x0000000800000000)
  eden space 66496K, 0% used [0x00000007accb0000,0x00000007accb0000,0x00000007b0da0000)
  from space 17728K, 0% used [0x00000007b1f70000,0x00000007b1f70000,0x00000007b30c0000)
  to   space 17984K, 0% used [0x00000007b0da0000,0x00000007b0da0000,0x00000007b1f30000)
 ParOldGen       total 170368K, used 74442K [0x0000000706600000, 0x0000000710c60000, 0x00000007accb0000)
  object space 170368K, 43% used [0x0000000706600000,0x000000070aeb2998,0x0000000710c60000)
 PSPermGen       total 48320K, used 47949K [0x0000000701400000, 0x0000000704330000, 0x0000000706600000)
  object space 48320K, 99% used [0x0000000701400000,0x00000007042d3600,0x0000000704330000)
}

Deoptimization events (10 events):
Event: 9742.240 Thread 0x00000000024b0800 Uncommon trap 132 fr.pc 0x0000000002673744
Event: 9742.883 Thread 0x00000000024b0800 Uncommon trap -34 fr.pc 0x0000000002b12b44
Event: 9742.891 Thread 0x00000000024b0800 Uncommon trap -34 fr.pc 0x0000000002b12b44
Event: 9872.455 Thread 0x00000000024b0800 Uncommon trap -34 fr.pc 0x000000000290c6c4
Event: 9872.575 Thread 0x00000000024b0800 Uncommon trap -83 fr.pc 0x0000000002c5cd6c
Event: 9875.666 Thread 0x000000001dc51800 Uncommon trap -58 fr.pc 0x0000000002b2ca78
Event: 9875.667 Thread 0x000000001dc4a800 Uncommon trap -58 fr.pc 0x0000000002b2ca78
Event: 9875.667 Thread 0x000000001dc52000 Uncommon trap -58 fr.pc 0x0000000002b2ca78
Event: 9875.667 Thread 0x000000001dc4b800 Uncommon trap -58 fr.pc 0x0000000002b2ca78
Event: 9904.295 Thread 0x00000000024b0800 Uncommon trap 132 fr.pc 0x000000000266ca54

Internal exceptions (10 events):
Event: 8883.793 Thread 0x000000001dc50800 Threw 0x00000007acf29df8 at C:\jdk7u2_64p\jdk7u25\hotspot\src\share\vm\runtime\objectMonitor.cpp:1612
Event: 8916.212 Thread 0x000000001dc4b800 Threw 0x00000007b0fd3720 at C:\jdk7u2_64p\jdk7u25\hotspot\src\share\vm\runtime\objectMonitor.cpp:1612
Event: 8920.372 Thread 0x000000001dc50800 Threw 0x00000007b106e860 at C:\jdk7u2_64p\jdk7u25\hotspot\src\share\vm\runtime\objectMonitor.cpp:1612
Event: 8950.513 Thread 0x000000001dc4b800 Threw 0x00000007ad1b8a08 at C:\jdk7u2_64p\jdk7u25\hotspot\src\share\vm\runtime\objectMonitor.cpp:1612
Event: 8967.023 Thread 0x000000001dc4d000 Threw 0x00000007ad5616c8 at C:\jdk7u2_64p\jdk7u25\hotspot\src\share\vm\runtime\objectMonitor.cpp:1612
Event: 9115.919 Thread 0x00000000024b0800 Implicit null exception at 0x0000000002bead79 to 0x0000000002bebac9
Event: 9226.019 Thread 0x00000000024b0800 Implicit null exception at 0x0000000002b31896 to 0x0000000002b31981
Event: 9226.033 Thread 0x00000000024b0800 Implicit null exception at 0x0000000002c027f8 to 0x0000000002c03079
Event: 9247.035 Thread 0x000000001dc4a000 Implicit null exception at 0x0000000002c457e9 to 0x0000000002c478c9
Event: 9387.491 Thread 0x000000001dc51800 Implicit null exception at 0x0000000002b2fa7f to 0x0000000002b2fca5

Events (10 events):
Event: 9925.102 Executing VM operation: RevokeBias
Event: 9925.103 Executing VM operation: RevokeBias done
Event: 9925.103 Executing VM operation: RevokeBias
Event: 9925.103 Executing VM operation: RevokeBias done
Event: 9925.103 Executing VM operation: BulkRevokeBias
Event: 9925.103 Executing VM operation: BulkRevokeBias done
Event: 9925.103 Executing VM operation: RevokeBias
Event: 9925.103 Executing VM operation: RevokeBias done
Event: 9925.104 Executing VM operation: RevokeBias
Event: 9925.104 Executing VM operation: RevokeBias done


Dynamic libraries:
0x0000000000400000 - 0x000000000040e000 	C:\Program Files\Exelis\IDL83\bin\bin.x86_64\idlde.exe
0x00007ffa54cb0000 - 0x00007ffa54ea8000 	C:\WINDOWS\SYSTEM32\ntdll.dll
0x00007ffa54b20000 - 0x00007ffa54bdf000 	C:\WINDOWS\System32\KERNEL32.DLL
0x00007ffa52520000 - 0x00007ffa527f2000 	C:\WINDOWS\System32\KERNELBASE.dll
0x00007ffa4f7f0000 - 0x00007ffa4f880000 	C:\WINDOWS\SYSTEM32\apphelp.dll
0x00007ffa54970000 - 0x00007ffa54b11000 	C:\WINDOWS\System32\USER32.dll
0x00007ffa52cd0000 - 0x00007ffa52cf2000 	C:\WINDOWS\System32\win32u.dll
0x00007ffa534d0000 - 0x00007ffa534fb000 	C:\WINDOWS\System32\GDI32.dll
0x00007ffa52b20000 - 0x00007ffa52c2f000 	C:\WINDOWS\System32\gdi32full.dll
0x00007ffa52c30000 - 0x00007ffa52ccd000 	C:\WINDOWS\System32\msvcp_win.dll
0x00007ffa523b0000 - 0x00007ffa524b0000 	C:\WINDOWS\System32\ucrtbase.dll
0x00007ffa53f70000 - 0x00007ffa5400e000 	C:\WINDOWS\System32\msvcrt.dll
0x00007ffa42c40000 - 0x00007ffa42eda000 	C:\WINDOWS\WinSxS\amd64_microsoft.windows.common-controls_6595b64144ccf1df_6.0.19041.1110_none_60b5254171f9507e\COMCTL32.dll
0x00007ffa54be0000 - 0x00007ffa54c10000 	C:\WINDOWS\System32\IMM32.DLL
0x0000000072000000 - 0x0000000072012000 	C:\Program Files\Exelis\IDL83\bin\bin.x86_64\plugins\org.eclipse.equinox.launcher.win32.win32.x86_64_1.1.100.v20110502\eclipse_1406.dll
0x00007ffa53420000 - 0x00007ffa534ce000 	C:\WINDOWS\System32\ADVAPI32.dll
0x00007ffa52d00000 - 0x00007ffa52d9c000 	C:\WINDOWS\System32\sechost.dll
0x00007ffa53c10000 - 0x00007ffa53d34000 	C:\WINDOWS\System32\RPCRT4.dll
0x00007ffa48bb0000 - 0x00007ffa48bba000 	C:\WINDOWS\SYSTEM32\VERSION.dll
0x00000000625c0000 - 0x0000000062ccf000 	C:\Program Files\Exelis\IDL83\bin\bin.x86_64\jre\bin\server\jvm.dll
0x00007ffa53a00000 - 0x00007ffa53a08000 	C:\WINDOWS\System32\PSAPI.DLL
0x00007ffa3c6a0000 - 0x00007ffa3c6c7000 	C:\WINDOWS\SYSTEM32\WINMM.dll
0x00007ffa3a010000 - 0x00007ffa3a019000 	C:\WINDOWS\SYSTEM32\WSOCK32.dll
0x00007ffa53af0000 - 0x00007ffa53b5b000 	C:\WINDOWS\System32\WS2_32.dll
0x00000000624e0000 - 0x00000000625b2000 	C:\WINDOWS\SYSTEM32\MSVCR100.dll
0x00000000624d0000 - 0x00000000624df000 	C:\Program Files\Exelis\IDL83\bin\bin.x86_64\jre\bin\verify.dll
0x00000000624a0000 - 0x00000000624c8000 	C:\Program Files\Exelis\IDL83\bin\bin.x86_64\jre\bin\java.dll
0x0000000062480000 - 0x0000000062495000 	C:\Program Files\Exelis\IDL83\bin\bin.x86_64\jre\bin\zip.dll
0x00007ffa51d70000 - 0x00007ffa51d88000 	C:\WINDOWS\SYSTEM32\CRYPTSP.dll
0x00007ffa51420000 - 0x00007ffa51454000 	C:\WINDOWS\system32\rsaenh.dll
0x00007ffa52900000 - 0x00007ffa52927000 	C:\WINDOWS\System32\bcrypt.dll
0x00007ffa52270000 - 0x00007ffa5229e000 	C:\WINDOWS\SYSTEM32\USERENV.dll
0x00007ffa522f0000 - 0x00007ffa5230f000 	C:\WINDOWS\SYSTEM32\profapi.dll
0x00007ffa52930000 - 0x00007ffa529b2000 	C:\WINDOWS\System32\bcryptprimitives.dll
0x00007ffa51d60000 - 0x00007ffa51d6c000 	C:\WINDOWS\SYSTEM32\CRYPTBASE.dll
0x0000000062460000 - 0x0000000062479000 	C:\Program Files\Exelis\IDL83\bin\bin.x86_64\jre\bin\net.dll
0x00007ffa51b70000 - 0x00007ffa51bda000 	C:\WINDOWS\system32\mswsock.dll
0x00007ffa32750000 - 0x00007ffa3279b000 	C:\Program Files (x86)\Sangfor\SSL\ClientComponent\3_SangforNspX64.dll
0x00007ffa54010000 - 0x00007ffa5413a000 	C:\WINDOWS\System32\ole32.dll
0x00007ffa52f70000 - 0x00007ffa532c5000 	C:\WINDOWS\System32\combase.dll
0x00007ffa53350000 - 0x00007ffa5341d000 	C:\WINDOWS\System32\OLEAUT32.dll
0x00007ffa53a90000 - 0x00007ffa53ae5000 	C:\WINDOWS\System32\SHLWAPI.dll
0x00007ffa2c730000 - 0x00007ffa2c747000 	C:\WINDOWS\system32\napinsp.dll
0x00007ffa2c710000 - 0x00007ffa2c72b000 	C:\WINDOWS\system32\pnrpnsp.dll
0x00007ffa4c980000 - 0x00007ffa4c995000 	C:\WINDOWS\system32\wshbth.dll
0x00007ffa4d210000 - 0x00007ffa4d22d000 	C:\WINDOWS\system32\NLAapi.dll
0x00007ffa51810000 - 0x00007ffa5184b000 	C:\WINDOWS\SYSTEM32\IPHLPAPI.DLL
0x00007ffa51850000 - 0x00007ffa5191b000 	C:\WINDOWS\SYSTEM32\DNSAPI.dll
0x00007ffa53a80000 - 0x00007ffa53a88000 	C:\WINDOWS\System32\NSI.dll
0x00007ffa2c6f0000 - 0x00007ffa2c702000 	C:\WINDOWS\System32\winrnr.dll
0x0000000063140000 - 0x0000000063166000 	C:\Program Files\Bonjour\mdnsNSP.dll
0x00007ffa43450000 - 0x00007ffa4345a000 	C:\Windows\System32\rasadhlp.dll
0x00007ffa42bc0000 - 0x00007ffa42c40000 	C:\WINDOWS\System32\fwpuclnt.dll
0x0000000062440000 - 0x0000000062451000 	C:\Program Files\Exelis\IDL83\bin\bin.x86_64\jre\bin\nio.dll
0x00007ffa4fc90000 - 0x00007ffa4fd2e000 	C:\WINDOWS\system32\uxtheme.dll
0x00007ffa52e50000 - 0x00007ffa52f64000 	C:\WINDOWS\System32\MSCTF.dll
0x00007ffa50250000 - 0x00007ffa50262000 	C:\WINDOWS\SYSTEM32\kernel.appcore.dll
0x00007ffa40ce0000 - 0x00007ffa40dd9000 	C:\WINDOWS\SYSTEM32\textinputframework.dll
0x00007ffa4eec0000 - 0x00007ffa4f21e000 	C:\WINDOWS\System32\CoreUIComponents.dll
0x00007ffa4f5a0000 - 0x00007ffa4f692000 	C:\WINDOWS\System32\CoreMessaging.dll
0x00007ffa52da0000 - 0x00007ffa52e4d000 	C:\WINDOWS\System32\SHCORE.dll
0x00007ffa51540000 - 0x00007ffa51573000 	C:\WINDOWS\SYSTEM32\ntmarta.dll
0x00007ffa4dee0000 - 0x00007ffa4e034000 	C:\WINDOWS\SYSTEM32\wintypes.dll
0x00007ffa53b60000 - 0x00007ffa53c09000 	C:\WINDOWS\System32\clbcatq.dll
0x00007ffa15d90000 - 0x00007ffa15e47000 	C:\WINDOWS\system32\baiducnTSF.dll
0x00007ffa54220000 - 0x00007ffa54965000 	C:\WINDOWS\System32\SHELL32.dll
0x00007ffa529c0000 - 0x00007ffa52b16000 	C:\WINDOWS\System32\CRYPT32.dll
0x00007ffa53330000 - 0x00007ffa5334d000 	C:\WINDOWS\System32\imagehlp.dll
0x00007ffa50470000 - 0x00007ffa50c02000 	C:\WINDOWS\SYSTEM32\windows.storage.dll
0x00007ffa51e10000 - 0x00007ffa51e40000 	C:\WINDOWS\System32\Wldp.dll
0x00007ffa15570000 - 0x00007ffa15927000 	C:\Program Files (x86)\Baidu\BaiduPinyin\5.8.0.15\UIPFullx64.dll
0x00007ffa31060000 - 0x00007ffa310f2000 	C:\Program Files (x86)\Baidu\BaiduPinyin\5.8.0.15\configurex64.dll
0x00007ffa408d0000 - 0x00007ffa408d7000 	C:\WINDOWS\SYSTEM32\MSIMG32.dll
0x00007ffa404f0000 - 0x00007ffa40556000 	C:\WINDOWS\SYSTEM32\OLEACC.dll
0x00007ffa25c10000 - 0x00007ffa25db5000 	C:\WINDOWS\WinSxS\amd64_microsoft.windows.gdiplus_6595b64144ccf1df_1.1.19041.2251_none_91a40448cc8846c1\gdiplus.dll
0x00007ffa15ca0000 - 0x00007ffa15d8f000 	C:\Program Files (x86)\Baidu\BaiduPinyin\5.8.0.15\imefreetypex64.dll
0x00007ffa37290000 - 0x00007ffa372e9000 	C:\Program Files (x86)\Baidu\BaiduPinyin\5.8.0.15\imepngx64.dll
0x00007ffa3ce50000 - 0x00007ffa3ce69000 	C:\WINDOWS\SYSTEM32\NETAPI32.dll
0x00007ffa3d750000 - 0x00007ffa3d798000 	C:\Program Files (x86)\Baidu\BaiduPinyin\5.8.0.15\imezlibx64.dll
0x00007ffa522a0000 - 0x00007ffa522d2000 	C:\WINDOWS\SYSTEM32\SspiCli.dll
0x00007ffa1f180000 - 0x00007ffa1f475000 	C:\Windows\System32\uiautomationcore.dll
0x00007ffa4d720000 - 0x00007ffa4d816000 	C:\Windows\System32\PROPSYS.dll
0x00007ffa3fad0000 - 0x00007ffa3fb79000 	C:\Windows\System32\twinapi.dll
0x00007ffa4bf30000 - 0x00007ffa4c130000 	C:\Windows\System32\twinapi.appcore.dll
0x00007ffa4bd50000 - 0x00007ffa4bf04000 	C:\WINDOWS\SYSTEM32\WindowsCodecs.dll
0x00007ffa3ff20000 - 0x00007ffa3ff5e000 	C:\WINDOWS\system32\dataexchange.dll
0x00007ffa4e4a0000 - 0x00007ffa4e703000 	C:\WINDOWS\system32\d3d11.dll
0x00007ffa4ecd0000 - 0x00007ffa4eeb3000 	C:\WINDOWS\system32\dcomp.dll
0x00007ffa50c70000 - 0x00007ffa50d63000 	C:\WINDOWS\system32\dxgi.dll
0x00000000186c0000 - 0x0000000018767000 	C:\Users\jia\.idl\idlworkbench-config-idl8.3.0_x86_64\org.eclipse.osgi\bundles\530\1\.cp\swt-win32-3740.dll
0x00007ffa54140000 - 0x00007ffa5421a000 	C:\WINDOWS\System32\comdlg32.dll
0x00007ffa27440000 - 0x00007ffa274d8000 	C:\WINDOWS\SYSTEM32\WINSPOOL.DRV
0x00007ffa3bce0000 - 0x00007ffa3c1b9000 	C:\WINDOWS\SYSTEM32\WININET.dll
0x00007ffa417a0000 - 0x00007ffa417b9000 	C:\WINDOWS\SYSTEM32\USP10.dll
0x00007ffa26370000 - 0x00007ffa264ee000 	C:\Windows\System32\TaskFlowDataEngine.dll
0x00007ffa24ab0000 - 0x00007ffa24f7c000 	C:\Windows\System32\cdp.dll
0x00007ffa52800000 - 0x00007ffa5284e000 	C:\WINDOWS\System32\cfgmgr32.dll
0x00007ffa517f0000 - 0x00007ffa51802000 	C:\Windows\System32\UMPDC.dll
0x00007ffa4d500000 - 0x00007ffa4d64d000 	C:\Windows\System32\dsreg.dll
0x00007ffa514b0000 - 0x00007ffa5153a000 	C:\Windows\System32\msvcp110_win.dll
0x00000000187b0000 - 0x00000000187ce000 	C:\Users\jia\.idl\idlworkbench-config-idl8.3.0_x86_64\org.eclipse.osgi\bundles\530\1\.cp\swt-gdip-win32-3740.dll
0x0000000180000000 - 0x0000000180011000 	C:\Users\jia\.idl\idlworkbench-config-idl8.3.0_x86_64\org.eclipse.osgi\bundles\183\1\.cp\os\win32\x86_64\localfile_1_0_0.dll
0x00007ffa37180000 - 0x00007ffa371cd000 	C:\Program Files\Exelis\IDL83\bin\bin.x86_64\idl_ips.dll
0x00007ff9fc8f0000 - 0x00007ff9fd64d000 	C:\Program Files\Exelis\IDL83\bin\bin.x86_64\idl.dll
0x00007ffa37120000 - 0x00007ffa3717c000 	C:\Program Files\Exelis\IDL83\bin\bin.x86_64\MesaGLU6_2.dll
0x00007ffa146d0000 - 0x00007ffa1485e000 	C:\Program Files\Exelis\IDL83\bin\bin.x86_64\MesaGL6_2.dll
0x00007ffa370f0000 - 0x00007ffa37113000 	C:\Program Files\Exelis\IDL83\bin\bin.x86_64\UG3220.dll
0x00007ffa4d3b0000 - 0x00007ffa4d3bc000 	C:\Program Files\Exelis\IDL83\bin\bin.x86_64\osmesa6_2.dll
0x00007ffa16f40000 - 0x00007ffa16fbc000 	C:\Program Files\Exelis\IDL83\bin\bin.x86_64\freetype2_4_7.dll
0x00007ffa4c6e0000 - 0x00007ffa4c71e000 	C:\WINDOWS\System32\netprofm.dll
0x00007ffa3ed50000 - 0x00007ffa3ed60000 	C:\WINDOWS\System32\npmproxy.dll
0x00007ffa43480000 - 0x00007ffa43497000 	C:\WINDOWS\SYSTEM32\dhcpcsvc6.DLL
0x00007ffa47530000 - 0x00007ffa4754d000 	C:\WINDOWS\SYSTEM32\dhcpcsvc.DLL
0x00007ffa0b850000 - 0x00007ffa0bc04000 	C:\WINDOWS\System32\DriverStore\FileRepository\prnms003.inf_amd64_00ac06bbedded118\Amd64\PrintConfig.dll
0x00007ffa18290000 - 0x00007ffa182c2000 	C:\WINDOWS\SYSTEM32\prntvpt.dll
0x00007ffa145f0000 - 0x00007ffa146c1000 	C:\WINDOWS\System32\DriverStore\FileRepository\ntprint.inf_amd64_abf34a3eb310ac6b\Amd64\mxdwdrv.dll
0x00007ffa4d1b0000 - 0x00007ffa4d1e6000 	C:\WINDOWS\SYSTEM32\XmlLite.dll
0x00007ffa3e040000 - 0x00007ffa3e2bf000 	C:\WINDOWS\SYSTEM32\DWrite.dll
0x00007ffa48bc0000 - 0x00007ffa4938b000 	C:\Windows\System32\OneCoreUAPCommonProxyStub.dll
0x00007ffa143d0000 - 0x00007ffa145ed000 	C:\WINDOWS\SYSTEM32\opcservices.dll
0x00007ffa14370000 - 0x00007ffa143d0000 	C:\WINDOWS\SYSTEM32\XpsPushLayer.dll
0x00007ffa140b0000 - 0x00007ffa1436c000 	C:\WINDOWS\SYSTEM32\xpsservices.dll
0x00007ffa3ed80000 - 0x00007ffa3ef6c000 	C:\WINDOWS\SYSTEM32\urlmon.dll
0x00007ffa3e2c0000 - 0x00007ffa3e571000 	C:\WINDOWS\SYSTEM32\iertutil.dll
0x00007ffa42540000 - 0x00007ffa42568000 	C:\WINDOWS\SYSTEM32\srvcli.dll
0x00007ffa51920000 - 0x00007ffa5192c000 	C:\WINDOWS\SYSTEM32\netutils.dll
0x00007ffa14080000 - 0x00007ffa140a3000 	C:\WINDOWS\system32\FontSub.dll
0x00007ffa40de0000 - 0x00007ffa4103f000 	C:\Windows\System32\msxml6.dll

VM Arguments:
jvm_args: -Dosgi.instance.area.default=@user.home/IDLWorkspace83 -Dosgi.configuration.area=@user.home/.idl/idlworkbench-config-idl8.3.0_x86_64 -Dosgi.configuration.cascaded=true -Dosgi.checkConfiguration=true -Dosgi.sharedConfiguration.area.readOnly=true -Dorg.eclipse.update.reconcile=false -Declipse.p2.data.area=@config.dir/p2 -Dosgi.sharedConfiguration.area=C:\Program Files\Exelis\IDL83\bin\bin.x86_64/configuration 
java_command: <unknown>
Launcher Type: generic

Environment Variables:
PATH=C:/Program Files/Exelis/IDL83/bin/bin.x86_64/jre/bin/server;C:/Program Files/Exelis/IDL83/bin/bin.x86_64/jre/bin;C:/Program Files/Exelis/IDL83/bin/bin.x86_64/jre/lib/amd64;C:\Program Files\Exelis\IDL83\bin\bin.x86_64\;C:\D_drive\Anaconda3\Anaconda\envs\AIMIS3D;C:\D_drive\Anaconda3\Anaconda\envs\AIMIS3D\Scripts;C:\D_drive\Anaconda3\Anaconda\envs\AIMIS3D\Library\bin;C:\D_drive\Anaconda3\Anaconda\envs\AIMIS3D\Library\mingw-w64\bin;C:\D_drive\Anaconda3\Anaconda\Scripts;C:\Program Files\Exelis\IDL85\bin\bin.x86_64;C:\Program Files\dotnet\;C:\Program Files\CMake\bin;;C:\WINDOWS\system32;C:\WINDOWS\System32\WindowsPowerShell\v1.0\;C:\WINDOWS\System32\Wbem;C:\Program Files\python;C:\Program Files\python\Scripts;C:\BtSoft\panel\script;C:\Program Files\ITK-SNAP 3.8\bin;C:\WINDOWS;C:\WINDOWS\System32\OpenSSH\;C:\Program Files (x86)\dotnet\;C:\Users\jia\AppData\Local\Microsoft\WindowsApps;;C:\Pycharm\PyCharm Community Edition 2020.1.2\bin;;C:\Users\jia\AppData\Local\Programs\Microsoft VS Code\bin;C:\Program Files\Exelis\IDL83\bin\bin.x86_64;
USERNAME=jia
OS=Windows_NT
PROCESSOR_IDENTIFIER=Intel64 Family 6 Model 126 Stepping 5, GenuineIntel



---------------  S Y S T E M  ---------------

OS: Windows 8 , 64 bit Build 9200 

CPU:total 8 (4 cores per cpu, 2 threads per core) family 6 model 126 stepping 5, cmov, cx8, fxsr, mmx, sse, sse2, sse3, ssse3, sse4.1, sse4.2, popcnt, avx, avx2, ht, tsc, tscinvbit

Memory: 4k page, physical 16353460k(6542448k free), swap 20833312k(3062724k free)

vm_info: Java HotSpot(TM) 64-Bit Server VM (23.25-b01) for windows-amd64 JRE (1.7.0_25-b17), built on Jun 21 2013 12:58:32 by "java_re" with unknown MS VC++:1600

time: Fri May 26 11:11:26 2023
elapsed time: 9948 seconds

