#
# A fatal error has been detected by the Java Runtime Environment:
#
#  EXCEPTION_ACCESS_VIOLATION (0xc0000005) at pc=0x00007ffb92174844, pid=9464, tid=5352
#
# JRE version: 7.0_25-b17
# Java VM: Java HotSpot(TM) 64-Bit Server VM (23.25-b01 mixed mode windows-amd64 compressed oops)
# Problematic frame:
# C  [idl.dll+0x344844]  IDL_GrImageDrawSelf+0x71a4
#
# Failed to write core dump. Minidumps are not enabled by default on client versions of Windows
#
# If you would like to submit a bug report, please visit:
#   http://bugreport.sun.com/bugreport/crash.jsp
# The crash happened outside the Java Virtual Machine in native code.
# See problematic frame for where to report the bug.
#

---------------  T H R E A D  ---------------

Current thread (0x0000000016d0c000):  JavaThread "IDL" [_thread_in_native, id=5352, stack(0x0000000017b90000,0x0000000017c90000)]

siginfo: ExceptionCode=0xc0000005, reading address 0x0000000000000000

Registers:
RAX=0x0000000000000000, RBX=0x0000000000000000, RCX=0x1a21006a73ee0000, RDX=0x000000000000000a
RSP=0x0000000017c86410, RBP=0x0000000017c87520, RSI=0x0000000017c884b8, RDI=0x0000000017c87178
R8 =0x000000000000ffff, R9 =0x0000000017c84ab8, R10=0x0000000000000001, R11=0x0000000000000006
R12=0x0000000000000002, R13=0x0000000015730a90, R14=0x0000000000000002, R15=0x0000000000000000
RIP=0x00007ffb92174844, EFLAGS=0x0000000000010202

Top of Stack: (sp=0x0000000017c86410)
0x0000000017c86410:   0000000000000003 0000000017c871a0
0x0000000017c86420:   0000000000000000 0000000000000000
0x0000000017c86430:   0000000000000000 0000000000000002
0x0000000017c86440:   0000000017c871a8 0000000000000000
0x0000000017c86450:   0000000000000000 00007ffb00000000
0x0000000017c86460:   0000000000000002 0000000015730a90
0x0000000017c86470:   00000000157290a0 0000000016f74c58
0x0000000017c86480:   ffffffff00000001 0000000015950000
0x0000000017c86490:   00000000000000b0 0000000017c87100
0x0000000017c864a0:   0000000016b76268 0000000016810000
0x0000000017c864b0:   0000000000000000 00007ffb91ee485e
0x0000000017c864c0:   0000000015368750 00000000157ae670
0x0000000017c864d0:   0000000000000008 000000001ffc2130
0x0000000017c864e0:   ffffffff00000002 00007ffb920790ad
0x0000000017c864f0:   00000000000000c9 00007ffb92780a68
0x0000000017c86500:   0000000000000007 0000000017c86510 

Instructions: (pc=0x00007ffb92174844)
0x00007ffb92174824:   24 e8 0b 00 00 8b 8c 24 e0 0b 00 00 e8 db f6 fb
0x00007ffb92174834:   ff 48 8b 84 24 b0 00 00 00 48 8b 80 d0 00 00 00
0x00007ffb92174844:   8b 00 83 e0 20 85 c0 75 42 c7 84 24 98 0b 00 00
0x00007ffb92174854:   00 00 00 00 8b 44 24 50 89 84 24 9c 0b 00 00 48 


Register to memory mapping:

RAX=0x0000000000000000 is an unknown value
RBX=0x0000000000000000 is an unknown value
RCX=0x1a21006a73ee0000 is an unknown value
RDX=0x000000000000000a is an unknown value
RSP=0x0000000017c86410 is pointing into the stack for thread: 0x0000000016d0c000
RBP=0x0000000017c87520 is pointing into the stack for thread: 0x0000000016d0c000
RSI=0x0000000017c884b8 is pointing into the stack for thread: 0x0000000016d0c000
RDI=0x0000000017c87178 is pointing into the stack for thread: 0x0000000016d0c000
R8 =0x000000000000ffff is an unknown value
R9 =0x0000000017c84ab8 is pointing into the stack for thread: 0x0000000016d0c000
R10=0x0000000000000001 is an unknown value
R11=0x0000000000000006 is an unknown value
R12=0x0000000000000002 is an unknown value
R13=0x0000000015730a90 is an unknown value
R14=0x0000000000000002 is an unknown value
R15=0x0000000000000000 is an unknown value


Stack: [0x0000000017b90000,0x0000000017c90000],  sp=0x0000000017c86410,  free space=985k
Native frames: (J=compiled Java code, j=interpreted, Vv=VM code, C=native code)
C  [idl.dll+0x344844]  IDL_GrImageDrawSelf+0x71a4

Java frames: (J=compiled Java code, j=interpreted, Vv=VM code)
j  com.rsi.idldt.core.ips.IPS_Access.IPS_Start([Ljava/lang/String;)V+0
j  com.rsi.idldt.core.ips.IPS_Manager$2.run()V+15
j  java.lang.Thread.run()V+11
v  ~StubRoutines::call_stub

---------------  P R O C E S S  ---------------

Java Threads: ( => current thread )
  0x0000000019d7f800 JavaThread "Worker-21" [_thread_blocked, id=10360, stack(0x000000002a810000,0x000000002a910000)]
  0x0000000019d84800 JavaThread "Worker-20" [_thread_blocked, id=10300, stack(0x000000002a710000,0x000000002a810000)]
  0x0000000019d86000 JavaThread "Thread-170" [_thread_in_native, id=5372, stack(0x000000001fcc0000,0x000000001fdc0000)]
  0x0000000019d7d000 JavaThread "Thread-169" [_thread_in_native, id=10004, stack(0x000000001ceb0000,0x000000001cfb0000)]
  0x0000000019d7e800 JavaThread "Thread-168" [_thread_in_native, id=12560, stack(0x0000000017f60000,0x0000000018060000)]
  0x0000000019d77000 JavaThread "Thread-164" [_thread_in_native, id=2564, stack(0x0000000015090000,0x0000000015190000)]
  0x0000000019d7c800 JavaThread "Worker-19" [_thread_blocked, id=16588, stack(0x0000000017510000,0x0000000017610000)]
  0x0000000019d84000 JavaThread "Worker-16" [_thread_blocked, id=12176, stack(0x000000001cce0000,0x000000001cde0000)]
  0x0000000019d7e000 JavaThread "Worker-12" [_thread_blocked, id=15496, stack(0x0000000017d90000,0x0000000017e90000)]
  0x0000000016d14000 JavaThread "Timer-2" daemon [_thread_blocked, id=2836, stack(0x000000001e250000,0x000000001e350000)]
  0x0000000016d0c800 JavaThread "Timer-1" daemon [_thread_blocked, id=14400, stack(0x000000001c8b0000,0x000000001c9b0000)]
  0x0000000016d13800 JavaThread "Thread-14" [_thread_in_native, id=9608, stack(0x000000001c590000,0x000000001c690000)]
  0x0000000016d10800 JavaThread "IDLDT DOM Worker-7" [_thread_blocked, id=13736, stack(0x000000001c3b0000,0x000000001c4b0000)]
  0x0000000016d16800 JavaThread "IDLDT DOM Worker-6" [_thread_blocked, id=4316, stack(0x000000001c2b0000,0x000000001c3b0000)]
  0x0000000016d11000 JavaThread "IDLDT DOM Worker-5" [_thread_blocked, id=8448, stack(0x000000001c1b0000,0x000000001c2b0000)]
  0x0000000016d09000 JavaThread "IDLDT DOM Worker-4" [_thread_blocked, id=5772, stack(0x000000001c0b0000,0x000000001c1b0000)]
  0x0000000016d0f800 JavaThread "IDLDT DOM Worker-3" [_thread_blocked, id=12292, stack(0x000000001bfb0000,0x000000001c0b0000)]
  0x0000000016d08000 JavaThread "IDLDT DOM Worker-2" [_thread_blocked, id=8424, stack(0x000000001beb0000,0x000000001bfb0000)]
  0x0000000016d0f000 JavaThread "IDLDT DOM Worker-1" [_thread_blocked, id=2748, stack(0x000000001bdb0000,0x000000001beb0000)]
  0x0000000016d07800 JavaThread "IDLDT DOM Worker-0" [_thread_blocked, id=3240, stack(0x000000001bcb0000,0x000000001bdb0000)]
  0x0000000016d0e000 JavaThread "Timer-0" daemon [_thread_blocked, id=12788, stack(0x000000001a790000,0x000000001a890000)]
=>0x0000000016d0c000 JavaThread "IDL" [_thread_in_native, id=5352, stack(0x0000000017b90000,0x0000000017c90000)]
  0x0000000016d0a800 JavaThread "IDLToJava Broker" daemon [_thread_blocked, id=14584, stack(0x0000000017a50000,0x0000000017b50000)]
  0x0000000015200000 JavaThread "Provisioning Event Dispatcher" daemon [_thread_blocked, id=16744, stack(0x0000000016240000,0x0000000016340000)]
  0x00000000151fe800 JavaThread "[ThreadPool Manager] - Idle Thread" daemon [_thread_blocked, id=10772, stack(0x0000000016040000,0x0000000016140000)]
  0x0000000015204800 JavaThread "Bundle File Closer" daemon [_thread_blocked, id=6388, stack(0x0000000015c90000,0x0000000015d90000)]
  0x0000000015202000 JavaThread "Worker-JM" [_thread_blocked, id=7376, stack(0x0000000015f40000,0x0000000016040000)]
  0x0000000015201800 JavaThread "[Timer] - Main Queue Handler" daemon [_thread_blocked, id=3792, stack(0x0000000015d90000,0x0000000015e90000)]
  0x0000000015204000 JavaThread "Framework Event Dispatcher" daemon [_thread_blocked, id=10104, stack(0x0000000015b90000,0x0000000015c90000)]
  0x0000000015203000 JavaThread "Start Level Event Dispatcher" daemon [_thread_blocked, id=7528, stack(0x0000000015a90000,0x0000000015b90000)]
  0x0000000015200800 JavaThread "State Data Manager" daemon [_thread_blocked, id=6784, stack(0x0000000015990000,0x0000000015a90000)]
  0x00000000151fd800 JavaThread "Framework Active Thread" [_thread_blocked, id=12092, stack(0x0000000014690000,0x0000000014790000)]
  0x000000001110a800 JavaThread "Service Thread" daemon [_thread_blocked, id=17380, stack(0x00000000134e0000,0x00000000135e0000)]
  0x00000000110fe800 JavaThread "C2 CompilerThread1" daemon [_thread_blocked, id=14820, stack(0x00000000133e0000,0x00000000134e0000)]
  0x00000000110fc800 JavaThread "C2 CompilerThread0" daemon [_thread_blocked, id=15508, stack(0x00000000132e0000,0x00000000133e0000)]
  0x00000000110fb800 JavaThread "Attach Listener" daemon [_thread_blocked, id=18156, stack(0x00000000131e0000,0x00000000132e0000)]
  0x00000000110f7000 JavaThread "Signal Dispatcher" daemon [_thread_blocked, id=11080, stack(0x00000000130e0000,0x00000000131e0000)]
  0x0000000011070000 JavaThread "Finalizer" daemon [_thread_blocked, id=14412, stack(0x0000000012fe0000,0x00000000130e0000)]
  0x0000000011068800 JavaThread "Reference Handler" daemon [_thread_blocked, id=188, stack(0x0000000012ee0000,0x0000000012fe0000)]
  0x000000000272e800 JavaThread "main" [_thread_in_native, id=2132, stack(0x0000000000050000,0x0000000000150000)]

Other Threads:
  0x0000000011064000 VMThread [stack: 0x0000000012de0000,0x0000000012ee0000] [id=18424]
  0x00000000135f0800 WatcherThread [stack: 0x00000000139e0000,0x0000000013ae0000] [id=15476]

VM state:not at safepoint (normal execution)

VM Mutex/Monitor currently owned by a thread: None

Heap
 PSYoungGen      total 193664K, used 28531K [0x00000007ab800000, 0x00000007ba130000, 0x0000000800000000)
  eden space 189504K, 15% used [0x00000007ab800000,0x00000007ad3dce78,0x00000007b7110000)
  from space 4160K, 0% used [0x00000007b7110000,0x00000007b7110000,0x00000007b7520000)
  to   space 24640K, 0% used [0x00000007b8920000,0x00000007b8920000,0x00000007ba130000)
 ParOldGen       total 173056K, used 86247K [0x0000000702800000, 0x000000070d100000, 0x00000007ab800000)
  object space 173056K, 49% used [0x0000000702800000,0x0000000707c39f40,0x000000070d100000)
 PSPermGen       total 50432K, used 47325K [0x00000006fd600000, 0x0000000700740000, 0x0000000702800000)
  object space 50432K, 93% used [0x00000006fd600000,0x00000007004375b0,0x0000000700740000)

Card table byte_map: [0x00000000057f0000,0x0000000006010000] byte_map_base: 0x0000000002005000

Polling page: 0x00000000021b0000

Code Cache  [0x0000000002730000, 0x0000000002db0000, 0x0000000005730000)
 total_blobs=2428 nmethods=1769 adapters=608 free_code_cache=42662Kb largest_free_block=43572800

Compilation events (10 events):
Event: 1534.743 Thread 0x00000000110fe800 1986             sun.nio.cs.UTF_8$Decoder::decodeArrayLoop (543 bytes)
Event: 1534.755 Thread 0x00000000110fe800 nmethod 1986 0x0000000002da0610 code [0x0000000002da0840, 0x0000000002da14d8]
Event: 1534.796 Thread 0x00000000110fc800   64 %           java.util.TreeMap::getFirstEntry @ 9 (26 bytes)
Event: 1534.798 Thread 0x00000000110fc800 nmethod 64% 0x00000000027f0950 code [0x00000000027f0aa0, 0x00000000027f0b58]
Event: 1534.798 Thread 0x00000000110fe800 1987             java.util.TreeMap::getFirstEntry (26 bytes)
Event: 1534.799 Thread 0x00000000110fe800 nmethod 1987 0x0000000002b60350 code [0x0000000002b60480, 0x0000000002b60538]
Event: 1534.842 Thread 0x00000000110fc800 1988   !         sun.nio.cs.ext.DoubleByte$Encoder::encodeArrayLoop (409 bytes)
Event: 1534.853 Thread 0x00000000110fc800 nmethod 1988 0x0000000002d7c4d0 code [0x0000000002d7c7a0, 0x0000000002d7d248]
Event: 1535.099 Thread 0x00000000110fe800   65 %           java.util.Properties$LineReader::readLine @ 21 (452 bytes)
Event: 1535.108 Thread 0x00000000110fe800 nmethod 65% 0x0000000002d1d210 code [0x0000000002d1d3a0, 0x0000000002d1dca8]

GC Heap History (10 events):
Event: 1448.983 GC heap before
{Heap before GC invocations=58 (full 22):
 PSYoungGen      total 218880K, used 64K [0x00000007ab800000, 0x00000007b9dd0000, 0x0000000800000000)
  eden space 204608K, 0% used [0x00000007ab800000,0x00000007ab800000,0x00000007b7fd0000)
  from space 14272K, 0% used [0x00000007b8fe0000,0x00000007b8ff0000,0x00000007b9dd0000)
  to   space 15360K, 0% used [0x00000007b7fd0000,0x00000007b7fd0000,0x00000007b8ed0000)
 ParOldGen       total 173056K, used 86104K [0x0000000702800000, 0x000000070d100000, 0x00000007ab800000)
  object space 173056K, 49% used [0x0000000702800000,0x0000000707c16328,0x000000070d100000)
 PSPermGen       total 51264K, used 47161K [0x00000006fd600000, 0x0000000700810000, 0x0000000702800000)
  object space 51264K, 91% used [0x00000006fd600000,0x000000070040e7c0,0x0000000700810000)
Event: 1449.053 GC heap after
Heap after GC invocations=58 (full 22):
 PSYoungGen      total 218880K, used 0K [0x00000007ab800000, 0x00000007b9dd0000, 0x0000000800000000)
  eden space 204608K, 0% used [0x00000007ab800000,0x00000007ab800000,0x00000007b7fd0000)
  from space 14272K, 0% used [0x00000007b8fe0000,0x00000007b8fe0000,0x00000007b9dd0000)
  to   space 15360K, 0% used [0x00000007b7fd0000,0x00000007b7fd0000,0x00000007b8ed0000)
 ParOldGen       total 173056K, used 86104K [0x0000000702800000, 0x000000070d100000, 0x00000007ab800000)
  object space 173056K, 49% used [0x0000000702800000,0x0000000707c16328,0x000000070d100000)
 PSPermGen       total 50624K, used 47161K [0x00000006fd600000, 0x0000000700770000, 0x0000000702800000)
  object space 50624K, 93% used [0x00000006fd600000,0x000000070040e7c0,0x0000000700770000)
}
Event: 1455.945 GC heap before
{Heap before GC invocations=59 (full 22):
 PSYoungGen      total 218880K, used 204608K [0x00000007ab800000, 0x00000007b9dd0000, 0x0000000800000000)
  eden space 204608K, 100% used [0x00000007ab800000,0x00000007b7fd0000,0x00000007b7fd0000)
  from space 14272K, 0% used [0x00000007b8fe0000,0x00000007b8fe0000,0x00000007b9dd0000)
  to   space 15360K, 0% used [0x00000007b7fd0000,0x00000007b7fd0000,0x00000007b8ed0000)
 ParOldGen       total 173056K, used 86104K [0x0000000702800000, 0x000000070d100000, 0x00000007ab800000)
  object space 173056K, 49% used [0x0000000702800000,0x0000000707c16328,0x000000070d100000)
 PSPermGen       total 50624K, used 47219K [0x00000006fd600000, 0x0000000700770000, 0x0000000702800000)
  object space 50624K, 93% used [0x00000006fd600000,0x000000070041cc20,0x0000000700770000)
Event: 1455.949 GC heap after
Heap after GC invocations=59 (full 22):
 PSYoungGen      total 211904K, used 15018K [0x00000007ab800000, 0x00000007b9d20000, 0x0000000800000000)
  eden space 196864K, 0% used [0x00000007ab800000,0x00000007ab800000,0x00000007b7840000)
  from space 15040K, 99% used [0x00000007b7fd0000,0x00000007b8e7aba8,0x00000007b8e80000)
  to   space 14976K, 0% used [0x00000007b8e80000,0x00000007b8e80000,0x00000007b9d20000)
 ParOldGen       total 173056K, used 86104K [0x0000000702800000, 0x000000070d100000, 0x00000007ab800000)
  object space 173056K, 49% used [0x0000000702800000,0x0000000707c16328,0x000000070d100000)
 PSPermGen       total 50624K, used 47219K [0x00000006fd600000, 0x0000000700770000, 0x0000000702800000)
  object space 50624K, 93% used [0x00000006fd600000,0x000000070041cc20,0x0000000700770000)
}
Event: 1458.531 GC heap before
{Heap before GC invocations=60 (full 22):
 PSYoungGen      total 211904K, used 211882K [0x00000007ab800000, 0x00000007b9d20000, 0x0000000800000000)
  eden space 196864K, 100% used [0x00000007ab800000,0x00000007b7840000,0x00000007b7840000)
  from space 15040K, 99% used [0x00000007b7fd0000,0x00000007b8e7aba8,0x00000007b8e80000)
  to   space 14976K, 0% used [0x00000007b8e80000,0x00000007b8e80000,0x00000007b9d20000)
 ParOldGen       total 173056K, used 86104K [0x0000000702800000, 0x000000070d100000, 0x00000007ab800000)
  object space 173056K, 49% used [0x0000000702800000,0x0000000707c16328,0x000000070d100000)
 PSPermGen       total 50624K, used 47226K [0x00000006fd600000, 0x0000000700770000, 0x0000000702800000)
  object space 50624K, 93% used [0x00000006fd600000,0x000000070041e840,0x0000000700770000)
Event: 1458.538 GC heap after
Heap after GC invocations=60 (full 22):
 PSYoungGen      total 204480K, used 14961K [0x00000007ab800000, 0x00000007ba4b0000, 0x0000000800000000)
  eden space 189504K, 0% used [0x00000007ab800000,0x00000007ab800000,0x00000007b7110000)
  from space 14976K, 99% used [0x00000007b8e80000,0x00000007b9d1c660,0x00000007b9d20000)
  to   space 26432K, 0% used [0x00000007b7110000,0x00000007b7110000,0x00000007b8ae0000)
 ParOldGen       total 173056K, used 99100K [0x0000000702800000, 0x000000070d100000, 0x00000007ab800000)
  object space 173056K, 57% used [0x0000000702800000,0x00000007088c7278,0x000000070d100000)
 PSPermGen       total 50624K, used 47226K [0x00000006fd600000, 0x0000000700770000, 0x0000000702800000)
  object space 50624K, 93% used [0x00000006fd600000,0x000000070041e840,0x0000000700770000)
}
Event: 1508.989 GC heap before
{Heap before GC invocations=61 (full 22):
 PSYoungGen      total 204480K, used 89705K [0x00000007ab800000, 0x00000007ba4b0000, 0x0000000800000000)
  eden space 189504K, 39% used [0x00000007ab800000,0x00000007b00fdf00,0x00000007b7110000)
  from space 14976K, 99% used [0x00000007b8e80000,0x00000007b9d1c660,0x00000007b9d20000)
  to   space 26432K, 0% used [0x00000007b7110000,0x00000007b7110000,0x00000007b8ae0000)
 ParOldGen       total 173056K, used 99100K [0x0000000702800000, 0x000000070d100000, 0x00000007ab800000)
  object space 173056K, 57% used [0x0000000702800000,0x00000007088c7278,0x000000070d100000)
 PSPermGen       total 50624K, used 47228K [0x00000006fd600000, 0x0000000700770000, 0x0000000702800000)
  object space 50624K, 93% used [0x00000006fd600000,0x000000070041f300,0x0000000700770000)
Event: 1508.993 GC heap after
Heap after GC invocations=61 (full 22):
 PSYoungGen      total 193664K, used 4113K [0x00000007ab800000, 0x00000007ba130000, 0x0000000800000000)
  eden space 189504K, 0% used [0x00000007ab800000,0x00000007ab800000,0x00000007b7110000)
  from space 4160K, 98% used [0x00000007b7110000,0x00000007b7514488,0x00000007b7520000)
  to   space 24640K, 0% used [0x00000007b8920000,0x00000007b8920000,0x00000007ba130000)
 ParOldGen       total 173056K, used 110662K [0x0000000702800000, 0x000000070d100000, 0x00000007ab800000)
  object space 173056K, 63% used [0x0000000702800000,0x0000000709411a90,0x000000070d100000)
 PSPermGen       total 50624K, used 47228K [0x00000006fd600000, 0x0000000700770000, 0x0000000702800000)
  object space 50624K, 93% used [0x00000006fd600000,0x000000070041f300,0x0000000700770000)
}
Event: 1508.993 GC heap before
{Heap before GC invocations=62 (full 23):
 PSYoungGen      total 193664K, used 4113K [0x00000007ab800000, 0x00000007ba130000, 0x0000000800000000)
  eden space 189504K, 0% used [0x00000007ab800000,0x00000007ab800000,0x00000007b7110000)
  from space 4160K, 98% used [0x00000007b7110000,0x00000007b7514488,0x00000007b7520000)
  to   space 24640K, 0% used [0x00000007b8920000,0x00000007b8920000,0x00000007ba130000)
 ParOldGen       total 173056K, used 110662K [0x0000000702800000, 0x000000070d100000, 0x00000007ab800000)
  object space 173056K, 63% used [0x0000000702800000,0x0000000709411a90,0x000000070d100000)
 PSPermGen       total 50624K, used 47228K [0x00000006fd600000, 0x0000000700770000, 0x0000000702800000)
  object space 50624K, 93% used [0x00000006fd600000,0x000000070041f300,0x0000000700770000)
Event: 1509.077 GC heap after
Heap after GC invocations=62 (full 23):
 PSYoungGen      total 193664K, used 0K [0x00000007ab800000, 0x00000007ba130000, 0x0000000800000000)
  eden space 189504K, 0% used [0x00000007ab800000,0x00000007ab800000,0x00000007b7110000)
  from space 4160K, 0% used [0x00000007b7110000,0x00000007b7110000,0x00000007b7520000)
  to   space 24640K, 0% used [0x00000007b8920000,0x00000007b8920000,0x00000007ba130000)
 ParOldGen       total 173056K, used 86247K [0x0000000702800000, 0x000000070d100000, 0x00000007ab800000)
  object space 173056K, 49% used [0x0000000702800000,0x0000000707c39f40,0x000000070d100000)
 PSPermGen       total 50432K, used 47228K [0x00000006fd600000, 0x0000000700740000, 0x0000000702800000)
  object space 50432K, 93% used [0x00000006fd600000,0x000000070041f260,0x0000000700740000)
}

Deoptimization events (10 events):
Event: 1534.818 Thread 0x000000000272e800 Uncommon trap -34 fr.pc 0x0000000002c65040
Event: 1534.819 Thread 0x000000000272e800 Uncommon trap -34 fr.pc 0x0000000002d1b2cc
Event: 1534.819 Thread 0x000000000272e800 Uncommon trap -34 fr.pc 0x0000000002d76b04
Event: 1534.819 Thread 0x000000000272e800 Uncommon trap -34 fr.pc 0x0000000002d76b04
Event: 1534.821 Thread 0x000000000272e800 Uncommon trap -34 fr.pc 0x0000000002d1b2cc
Event: 1534.821 Thread 0x000000000272e800 Uncommon trap -34 fr.pc 0x0000000002d74a8c
Event: 1534.821 Thread 0x000000000272e800 Uncommon trap -34 fr.pc 0x0000000002d1b2cc
Event: 1534.836 Thread 0x000000000272e800 Uncommon trap -34 fr.pc 0x0000000002c65040
Event: 1534.836 Thread 0x000000000272e800 Uncommon trap -34 fr.pc 0x0000000002c65040
Event: 1534.836 Thread 0x000000000272e800 Uncommon trap -34 fr.pc 0x0000000002c65040

Internal exceptions (10 events):
Event: 212.019 Thread 0x0000000019d7c800 Implicit null exception at 0x0000000002bc36bb to 0x0000000002bc3779
Event: 212.019 Thread 0x0000000019d7c800 Implicit null exception at 0x0000000002b59a6f to 0x0000000002b59ab1
Event: 219.692 Thread 0x000000000272e800 Implicit null exception at 0x0000000002b9fd35 to 0x0000000002ba0c69
Event: 599.186 Thread 0x000000000272e800 Implicit null exception at 0x0000000002c2adfc to 0x0000000002c2b045
Event: 599.187 Thread 0x000000000272e800 Implicit null exception at 0x0000000002c2f36c to 0x0000000002c30025
Event: 599.187 Thread 0x000000000272e800 Implicit null exception at 0x0000000002c293f2 to 0x0000000002c298f1
Event: 599.187 Thread 0x000000000272e800 Implicit null exception at 0x0000000002c2c4bb to 0x0000000002c2c98d
Event: 1454.158 Thread 0x000000000272e800 Implicit null exception at 0x0000000002bd9b00 to 0x0000000002bd9dad
Event: 1454.158 Thread 0x000000000272e800 Implicit null exception at 0x0000000002b76e39 to 0x0000000002b76f20
Event: 1456.270 Thread 0x0000000019d7c800 Implicit null exception at 0x0000000002c81e04 to 0x0000000002c83e21

Events (10 events):
Event: 1534.851 Thread 0x0000000019d82800 Thread added: 0x0000000019d82800
Event: 1534.852 Thread 0x0000000019d82800 Thread exited: 0x0000000019d82800
Event: 1534.853 Thread 0x00000000110fc800 flushing nmethod 0x0000000002c291d0
Event: 1534.853 Thread 0x00000000110fc800 flushing nmethod 0x0000000002c2ab50
Event: 1534.853 Thread 0x00000000110fc800 flushing nmethod 0x0000000002c2c2d0
Event: 1534.853 Thread 0x00000000110fc800 flushing nmethod 0x0000000002c2ef50
Event: 1534.984 Thread 0x0000000019d82800 Thread added: 0x0000000019d82800
Event: 1534.984 Thread 0x0000000019d82800 Thread exited: 0x0000000019d82800
Event: 1535.105 Thread 0x0000000019d87000 Thread added: 0x0000000019d87000
Event: 1535.105 Thread 0x0000000019d87000 Thread exited: 0x0000000019d87000


Dynamic libraries:
0x0000000000400000 - 0x000000000040e000 	C:\Program Files\Exelis\IDL83\bin\bin.x86_64\idlde.exe
0x00007ffbfcf70000 - 0x00007ffbfd187000 	C:\WINDOWS\SYSTEM32\ntdll.dll
0x00007ffbfbf80000 - 0x00007ffbfc044000 	C:\WINDOWS\System32\KERNEL32.DLL
0x00007ffbfa5c0000 - 0x00007ffbfa96d000 	C:\WINDOWS\System32\KERNELBASE.dll
0x00007ffbf1ac0000 - 0x00007ffbf1b57000 	C:\WINDOWS\SYSTEM32\apphelp.dll
0x00007ffbfae40000 - 0x00007ffbfafee000 	C:\WINDOWS\System32\USER32.dll
0x00007ffbfac70000 - 0x00007ffbfac96000 	C:\WINDOWS\System32\win32u.dll
0x00007ffbfc270000 - 0x00007ffbfc299000 	C:\WINDOWS\System32\GDI32.dll
0x00007ffbfa400000 - 0x00007ffbfa519000 	C:\WINDOWS\System32\gdi32full.dll
0x00007ffbfab50000 - 0x00007ffbfabea000 	C:\WINDOWS\System32\msvcp_win.dll
0x00007ffbfaa30000 - 0x00007ffbfab41000 	C:\WINDOWS\System32\ucrtbase.dll
0x00007ffbfb0d0000 - 0x00007ffbfb177000 	C:\WINDOWS\System32\msvcrt.dll
0x00007ffbdeaa0000 - 0x00007ffbded33000 	C:\WINDOWS\WinSxS\amd64_microsoft.windows.common-controls_6595b64144ccf1df_6.0.22621.3672_none_2713b9d173822955\COMCTL32.dll
0x00007ffbfb6b0000 - 0x00007ffbfb6e1000 	C:\WINDOWS\System32\IMM32.DLL
0x0000000072000000 - 0x0000000072012000 	C:\Program Files\Exelis\IDL83\bin\bin.x86_64\plugins\org.eclipse.equinox.launcher.win32.win32.x86_64_1.1.100.v20110502\eclipse_1406.dll
0x00007ffbfc460000 - 0x00007ffbfc512000 	C:\WINDOWS\System32\ADVAPI32.dll
0x00007ffbfc920000 - 0x00007ffbfc9c9000 	C:\WINDOWS\System32\sechost.dll
0x00007ffbfa590000 - 0x00007ffbfa5b8000 	C:\WINDOWS\System32\bcrypt.dll
0x00007ffbfc7b0000 - 0x00007ffbfc8c4000 	C:\WINDOWS\System32\RPCRT4.dll
0x00007ffbf3c40000 - 0x00007ffbf3c4a000 	C:\WINDOWS\SYSTEM32\VERSION.dll
0x0000000070f80000 - 0x000000007168f000 	C:\Program Files\Exelis\IDL83\bin\bin.x86_64\jre\bin\server\jvm.dll
0x00007ffbfc5f0000 - 0x00007ffbfc5f8000 	C:\WINDOWS\System32\PSAPI.DLL
0x00007ffbf4430000 - 0x00007ffbf4464000 	C:\WINDOWS\SYSTEM32\WINMM.dll
0x00007ffbda120000 - 0x00007ffbda129000 	C:\WINDOWS\SYSTEM32\WSOCK32.dll
0x00007ffbfc9d0000 - 0x00007ffbfca41000 	C:\WINDOWS\System32\WS2_32.dll
0x0000000070ea0000 - 0x0000000070f72000 	C:\WINDOWS\SYSTEM32\MSVCR100.dll
0x0000000070e90000 - 0x0000000070e9f000 	C:\Program Files\Exelis\IDL83\bin\bin.x86_64\jre\bin\verify.dll
0x0000000070e60000 - 0x0000000070e88000 	C:\Program Files\Exelis\IDL83\bin\bin.x86_64\jre\bin\java.dll
0x0000000070e40000 - 0x0000000070e55000 	C:\Program Files\Exelis\IDL83\bin\bin.x86_64\jre\bin\zip.dll
0x00007ffbf9a20000 - 0x00007ffbf9a3b000 	C:\WINDOWS\SYSTEM32\CRYPTSP.dll
0x00007ffbf92f0000 - 0x00007ffbf9325000 	C:\WINDOWS\system32\rsaenh.dll
0x00007ffbf98c0000 - 0x00007ffbf98e8000 	C:\WINDOWS\SYSTEM32\USERENV.dll
0x00007ffbfa1c0000 - 0x00007ffbfa1e7000 	C:\WINDOWS\SYSTEM32\profapi.dll
0x00007ffbfabf0000 - 0x00007ffbfac6b000 	C:\WINDOWS\System32\bcryptprimitives.dll
0x00007ffbf9a40000 - 0x00007ffbf9a4c000 	C:\WINDOWS\SYSTEM32\CRYPTBASE.dll
0x0000000070e20000 - 0x0000000070e39000 	C:\Program Files\Exelis\IDL83\bin\bin.x86_64\jre\bin\net.dll
0x00007ffbf9800000 - 0x00007ffbf9869000 	C:\WINDOWS\system32\mswsock.dll
0x00007ffbd0e40000 - 0x00007ffbd0e57000 	C:\WINDOWS\system32\napinsp.dll
0x00007ffbd0e20000 - 0x00007ffbd0e3b000 	C:\WINDOWS\system32\pnrpnsp.dll
0x00007ffbf8d50000 - 0x00007ffbf8e48000 	C:\WINDOWS\SYSTEM32\DNSAPI.dll
0x00007ffbf8d20000 - 0x00007ffbf8d4d000 	C:\WINDOWS\SYSTEM32\IPHLPAPI.DLL
0x00007ffbfaca0000 - 0x00007ffbfaca9000 	C:\WINDOWS\System32\NSI.dll
0x00007ffbd0340000 - 0x00007ffbd0351000 	C:\WINDOWS\System32\winrnr.dll
0x00007ffbf2f70000 - 0x00007ffbf2f85000 	C:\WINDOWS\system32\wshbth.dll
0x00007ffbd0310000 - 0x00007ffbd0337000 	C:\WINDOWS\system32\nlansp_c.dll
0x00007ffbf3e50000 - 0x00007ffbf3e5a000 	C:\Windows\System32\rasadhlp.dll
0x00007ffbf4260000 - 0x00007ffbf42e3000 	C:\WINDOWS\System32\fwpuclnt.dll
0x0000000070e00000 - 0x0000000070e11000 	C:\Program Files\Exelis\IDL83\bin\bin.x86_64\jre\bin\nio.dll
0x00007ffbf76c0000 - 0x00007ffbf7771000 	C:\WINDOWS\system32\uxtheme.dll
0x00007ffbfb180000 - 0x00007ffbfb50e000 	C:\WINDOWS\System32\combase.dll
0x00007ffbfc0b0000 - 0x00007ffbfc20e000 	C:\WINDOWS\System32\MSCTF.dll
0x00007ffbf9390000 - 0x00007ffbf93a8000 	C:\WINDOWS\SYSTEM32\kernel.appcore.dll
0x00007ffbeef10000 - 0x00007ffbef053000 	C:\WINDOWS\SYSTEM32\textinputframework.dll
0x00007ffbfaff0000 - 0x00007ffbfb0c7000 	C:\WINDOWS\System32\OLEAUT32.dll
0x00007ffbf16e0000 - 0x00007ffbf1813000 	C:\WINDOWS\SYSTEM32\CoreMessaging.dll
0x00007ffbf03d0000 - 0x00007ffbf073d000 	C:\WINDOWS\SYSTEM32\CoreUIComponents.dll
0x00007ffbf8090000 - 0x00007ffbf81cf000 	C:\WINDOWS\SYSTEM32\wintypes.dll
0x00007ffbd75f0000 - 0x00007ffbd7659000 	C:\WINDOWS\system32\Oleacc.dll
0x00007ffbfc540000 - 0x00007ffbfc5f0000 	C:\WINDOWS\System32\clbcatq.dll
0x00007ffbc8450000 - 0x00007ffbc849b000 	C:\WINDOWS\system32\ApplicationTargetedFeatureDatabase.dll
0x00007ffbee9e0000 - 0x00007ffbeec6a000 	C:\Windows\System32\twinapi.appcore.dll
0x0000000017310000 - 0x00000000173b7000 	C:\Users\77957\.idl\idlworkbench-config-idl8.3.0_x86_64\org.eclipse.osgi\bundles\530\1\.cp\swt-win32-3740.dll
0x00007ffbfc600000 - 0x00007ffbfc7a5000 	C:\WINDOWS\System32\ole32.dll
0x00007ffbfb520000 - 0x00007ffbfb61f000 	C:\WINDOWS\System32\comdlg32.dll
0x00007ffbfacb0000 - 0x00007ffbfada9000 	C:\WINDOWS\System32\shcore.dll
0x00007ffbfc050000 - 0x00007ffbfc0ae000 	C:\WINDOWS\System32\SHLWAPI.dll
0x00007ffbfb710000 - 0x00007ffbfbf77000 	C:\WINDOWS\System32\SHELL32.dll
0x00007ffbfa290000 - 0x00007ffbfa3f6000 	C:\WINDOWS\System32\CRYPT32.dll
0x00007ffbd8e80000 - 0x00007ffbd8e99000 	C:\WINDOWS\SYSTEM32\USP10.dll
0x00007ffbd8700000 - 0x00007ffbd87a7000 	C:\WINDOWS\SYSTEM32\WINSPOOL.DRV
0x00007ffbdd9b0000 - 0x00007ffbddeae000 	C:\WINDOWS\SYSTEM32\WININET.dll
0x00007ffbf60a0000 - 0x00007ffbf61a0000 	C:\WINDOWS\SYSTEM32\propsys.dll
0x00007ffbf81d0000 - 0x00007ffbf8acf000 	C:\WINDOWS\system32\windows.storage.dll
0x00007ffbc33a0000 - 0x00007ffbc3555000 	C:\Windows\System32\TaskFlowDataEngine.dll
0x00000000177c0000 - 0x00000000177de000 	C:\Users\77957\.idl\idlworkbench-config-idl8.3.0_x86_64\org.eclipse.osgi\bundles\530\1\.cp\swt-gdip-win32-3740.dll
0x00007ffbd9c10000 - 0x00007ffbd9dc9000 	C:\WINDOWS\WinSxS\amd64_microsoft.windows.gdiplus_6595b64144ccf1df_1.1.22621.3810_none_57f8d842ce19d879\gdiplus.dll
0x00007ffbf7210000 - 0x00007ffbf73c1000 	C:\WINDOWS\SYSTEM32\WindowsCodecs.dll
0x0000000180000000 - 0x0000000180011000 	C:\Users\77957\.idl\idlworkbench-config-idl8.3.0_x86_64\org.eclipse.osgi\bundles\183\1\.cp\os\win32\x86_64\localfile_1_0_0.dll
0x00007ffbeb880000 - 0x00007ffbeb8cd000 	C:\Program Files\Exelis\IDL83\bin\bin.x86_64\idl_ips.dll
0x00007ffb91e30000 - 0x00007ffb92b8d000 	C:\Program Files\Exelis\IDL83\bin\bin.x86_64\idl.dll
0x00007ffbf2a60000 - 0x00007ffbf2a83000 	C:\Program Files\Exelis\IDL83\bin\bin.x86_64\UG3220.dll
0x00007ffbe7e80000 - 0x00007ffbe7e99000 	C:\WINDOWS\SYSTEM32\NETAPI32.dll
0x00007ffbf6540000 - 0x00007ffbf654c000 	C:\Program Files\Exelis\IDL83\bin\bin.x86_64\osmesa6_2.dll
0x00007ffbd9400000 - 0x00007ffbd9407000 	C:\WINDOWS\SYSTEM32\MSIMG32.dll
0x00007ffbeae10000 - 0x00007ffbeae6c000 	C:\Program Files\Exelis\IDL83\bin\bin.x86_64\MesaGLU6_2.dll
0x00007ffb931d0000 - 0x00007ffb9335e000 	C:\Program Files\Exelis\IDL83\bin\bin.x86_64\MesaGL6_2.dll
0x00007ffbcf070000 - 0x00007ffbcf0ec000 	C:\Program Files\Exelis\IDL83\bin\bin.x86_64\freetype2_4_7.dll
0x00007ffbf9600000 - 0x00007ffbf9643000 	C:\WINDOWS\SYSTEM32\SspiCli.dll
0x00007ffbf62d0000 - 0x00007ffbf6348000 	C:\WINDOWS\System32\netprofm.dll
0x00007ffbf3c50000 - 0x00007ffbf3c68000 	C:\WINDOWS\System32\npmproxy.dll
0x00007ffbf51c0000 - 0x00007ffbf51d9000 	C:\WINDOWS\SYSTEM32\dhcpcsvc6.DLL
0x00007ffbf5170000 - 0x00007ffbf518f000 	C:\WINDOWS\SYSTEM32\dhcpcsvc.DLL
0x0000000018760000 - 0x0000000018a4b000 	C:\WINDOWS\system32\spool\DRIVERS\x64\3\hp1100su.dll
0x0000000018a50000 - 0x0000000018b55000 	C:\WINDOWS\system32\spool\DRIVERS\x64\3\HP1100GC.dll
0x0000000018b60000 - 0x0000000018bbf000 	C:\WINDOWS\system32\spool\DRIVERS\x64\3\hp1100sd.dll
0x00007ffbd8d80000 - 0x00007ffbd8e80000 	C:\WINDOWS\SYSTEM32\OpenGL32.DLL
0x00007ffbd8d50000 - 0x00007ffbd8d7d000 	C:\WINDOWS\SYSTEM32\GLU32.dll
0x00007ffbf79c0000 - 0x00007ffbf79f7000 	C:\WINDOWS\SYSTEM32\dxcore.dll
0x00007ffbeb680000 - 0x00007ffbeb6be000 	C:\Program Files\Exelis\IDL83\bin\bin.x86_64\gl_driver.dll
0x0000000017f40000 - 0x0000000017f43000 	C:\WINDOWS\SYSTEM32\icmp.Dll
0x00007ffbc49f0000 - 0x00007ffbc4aa0000 	C:\WINDOWS\SYSTEM32\TextShaping.dll
0x00007ffbb1100000 - 0x00007ffbb13b4000 	C:\WINDOWS\system32\explorerframe.dll
0x00007ffbcb680000 - 0x00007ffbcb6de000 	C:\WINDOWS\system32\dataexchange.dll
0x00007ffbae8e0000 - 0x00007ffbae922000 	C:\WINDOWS\system32\mlang.dll
0x00007ffbfa100000 - 0x00007ffbfa1a3000 	C:\WINDOWS\SYSTEM32\sxs.dll
0x00007ffbf45b0000 - 0x00007ffbf45c1000 	C:\Users\77957\.idl\idlworkbench-config-idl8.3.0_x86_64\org.eclipse.osgi\bundles\208\1\.cp\jWinHttp-1.0.0.dll
0x00007ffbf53a0000 - 0x00007ffbf54d6000 	C:\WINDOWS\SYSTEM32\WINHTTP.dll
0x00007ffbf7950000 - 0x00007ffbf797b000 	C:\WINDOWS\system32\dwmapi.dll
0x00007ffbeade0000 - 0x00007ffbeae05000 	C:\Program Files\Exelis\IDL83\bin\bin.x86_64\idl_xml.dll
0x00007ffb91be0000 - 0x00007ffb91e2e000 	C:\Program Files\Exelis\IDL83\bin\bin.x86_64\xerces-c_2_6_0.dll
0x00007ffbcb120000 - 0x00007ffbcb148000 	C:\WINDOWS\SYSTEM32\edputil.dll
0x00007ffbf3550000 - 0x00007ffbf3567000 	C:\WINDOWS\SYSTEM32\wtdccm.dll
0x00007ffb98b90000 - 0x00007ffb98bc5000 	C:\Program Files\Exelis\IDL83\bin\bin.x86_64\idl_jpeg.dll
0x00007ffbf4ed0000 - 0x00007ffbf4eda000 	C:\Program Files\Exelis\IDL83\bin\bin.x86_64\idloledragdrop.dll
0x0000000070d60000 - 0x0000000070df8000 	C:\WINDOWS\SYSTEM32\MSVCP100.dll
0x00007ffbf0740000 - 0x00007ffbf0789000 	C:\WINDOWS\SYSTEM32\directxdatabasehelper.dll
0x00007ffbf35a0000 - 0x00007ffbf36e2000 	C:\Windows\System32\AppXDeploymentClient.dll
0x00007ffb8d050000 - 0x00007ffb8e0f2000 	C:\WINDOWS\System32\DriverStore\FileRepository\iigd_dch.inf_amd64_cee22ef3b94e73b2\igxelpicd64.dll
0x00007ffbf7840000 - 0x00007ffbf7937000 	C:\WINDOWS\system32\dxgi.dll
0x00007ffbc6db0000 - 0x00007ffbc6ec7000 	C:\WINDOWS\System32\DriverStore\FileRepository\iigd_dch.inf_amd64_cee22ef3b94e73b2\igdml64.dll
0x00007ffbeb180000 - 0x00007ffbeb592000 	C:\WINDOWS\System32\DriverStore\FileRepository\iigd_dch.inf_amd64_cee22ef3b94e73b2\igdgmm64.dll
0x00007ffbf9f50000 - 0x00007ffbf9f7c000 	C:\WINDOWS\SYSTEM32\DEVOBJ.dll
0x00007ffbf9f80000 - 0x00007ffbf9fce000 	C:\WINDOWS\SYSTEM32\CFGMGR32.dll
0x00007ffbfa520000 - 0x00007ffbfa58b000 	C:\WINDOWS\System32\WINTRUST.dll
0x00007ffbf9a90000 - 0x00007ffbf9aa2000 	C:\WINDOWS\SYSTEM32\MSASN1.dll
0x00007ffbe29d0000 - 0x00007ffbe6f36000 	C:\WINDOWS\System32\DriverStore\FileRepository\iigd_dch.inf_amd64_cee22ef3b94e73b2\igc64.dll
0x00007ffbf9100000 - 0x00007ffbf914d000 	C:\WINDOWS\SYSTEM32\powrprof.dll
0x00007ffbf90e0000 - 0x00007ffbf90f3000 	C:\WINDOWS\SYSTEM32\UMPDC.dll

VM Arguments:
jvm_args: -Dosgi.instance.area.default=@user.home/IDLWorkspace83 -Dosgi.configuration.area=@user.home/.idl/idlworkbench-config-idl8.3.0_x86_64 -Dosgi.configuration.cascaded=true -Dosgi.checkConfiguration=true -Dosgi.sharedConfiguration.area.readOnly=true -Dorg.eclipse.update.reconcile=false -Declipse.p2.data.area=@config.dir/p2 -Dosgi.sharedConfiguration.area=C:\Program Files\Exelis\IDL83\bin\bin.x86_64/configuration 
java_command: <unknown>
Launcher Type: generic

Environment Variables:
PATH=C:/Program Files/Exelis/IDL83/bin/bin.x86_64/jre/bin/server;C:/Program Files/Exelis/IDL83/bin/bin.x86_64/jre/bin;C:/Program Files/Exelis/IDL83/bin/bin.x86_64/jre/lib/amd64;C:\Program Files\Exelis\IDL83\bin\bin.x86_64\;C:\WINDOWS\system32;C:\WINDOWS;C:\WINDOWS\System32\Wbem;C:\WINDOWS\System32\WindowsPowerShell\v1.0\;C:\WINDOWS\System32\OpenSSH\;C:\Users\77957\AppData\Local\Programs\Python\Python38;C:\Users\77957\AppData\Local\Programs\Python\Python38\Scripts;C:\Program Files (x86)\Tencent\微信web开发者工具\dll;C:\Program Files\MATLAB\R2024a\runtime\win64;C:\Program Files\MATLAB\R2024a\bin;C:\Users\77957\AppData\Local\Microsoft\WindowsApps;C:\Program Files\JetBrains\PyCharm 2023.1\bin;;C:\Users\77957\AppData\Local\Programs\Python\Python38;;C:\Program Files\Exelis\IDL83\bin\bin.x86_64;
USERNAME=77957
OS=Windows_NT
PROCESSOR_IDENTIFIER=Intel64 Family 6 Model 140 Stepping 1, GenuineIntel



---------------  S Y S T E M  ---------------

OS: Windows 8 , 64 bit Build 9200 

CPU:total 8 (4 cores per cpu, 2 threads per core) family 6 model 140 stepping 1, cmov, cx8, fxsr, mmx, sse, sse2, sse3, ssse3, sse4.1, sse4.2, popcnt, avx, avx2, ht, tsc, tscinvbit

Memory: 4k page, physical 16607232k(7310644k free), swap 23475708k(11508800k free)

vm_info: Java HotSpot(TM) 64-Bit Server VM (23.25-b01) for windows-amd64 JRE (1.7.0_25-b17), built on Jun 21 2013 12:58:32 by "java_re" with unknown MS VC++:1600

time: Wed Oct 09 16:41:51 2024
elapsed time: 1535 seconds

