#
# A fatal error has been detected by the Java Runtime Environment:
#
#  EXCEPTION_ACCESS_VIOLATION (0xc0000005) at pc=0x00007fff948d43d1, pid=11784, tid=10840
#
# JRE version: 7.0_25-b17
# Java VM: Java HotSpot(TM) 64-Bit Server VM (23.25-b01 mixed mode windows-amd64 compressed oops)
# Problematic frame:
# C  [osmesa6_2.dll+0x43d1]
#
# Failed to write core dump. Minidumps are not enabled by default on client versions of Windows
#
# If you would like to submit a bug report, please visit:
#   http://bugreport.sun.com/bugreport/crash.jsp
# The crash happened outside the Java Virtual Machine in native code.
# See problematic frame for where to report the bug.
#

---------------  T H R E A D  ---------------

Current thread (0x00000000161eb800):  JavaThread "IDL" [_thread_in_native, id=10840, stack(0x00000000188e0000,0x00000000189e0000)]

siginfo: ExceptionCode=0xc0000005, writing address 0x000000001a67948a

Registers:
RAX=0x0000000000000002, RBX=0x000000000005f400, RCX=0x00000000000000d2, RDX=0x00000000202abc10
RSP=0x00000000189d9360, RBP=0x00000000189d9460, RSI=0x0000000000069400, RDI=0x0000000000069400
R8 =0x000000000000ac5f, R9 =0x000000001a679488, R10=0x000000000000003c, R11=0x000000000007fc00
R12=0x000000000562fc20, R13=0x0000000000000000, R14=0x0000000000000000, R15=0x0000000000000000
RIP=0x00007fff948d43d1, EFLAGS=0x0000000000010207

Top of Stack: (sp=0x00000000189d9360)
0x00000000189d9360:   3ff0000000000000 0000000000000000
0x00000000189d9370:   be58000000000000 be58000000000000
0x00000000189d9380:   0000003e80000000 0000000000000000
0x00000000189d9390:   8000000080000000 0005f40000069400
0x00000000189d93a0:   0007fc00000225c6 000004fe80000000
0x00000000189d93b0:   0000000000000000 fffffc0000000000
0x00000000189d93c0:   0000000000000000 0000000000000000
0x00000000189d93d0:   000003ff00000000 00000000202abc00
0x00000000189d93e0:   be58000000000000 0000000025975160
0x00000000189d93f0:   8000000080000000 00000001fffff71c
0x00000000189d9400:   0000000b00000000 000000002071b2cc
0x00000000189d9410:   000000002071b0e0 44100000c4200000
0x00000000189d9420:   fffff71cbf8e38e4 0013ff8f44800000
0x00000000189d9430:   0014040000000000 0000000000000240
0x00000000189d9440:   000000002071b228 000000002071b2cc
0x00000000189d9450:   0000000044200000 00007fff4870e16a 

Instructions: (pc=0x00007fff948d43d1)
0x00007fff948d43b1:   4d a4 0f b7 02 45 8b c4 41 d3 f8 44 3b c0 73 55
0x00007fff948d43c1:   48 8b 45 88 8b ce 48 63 80 a0 ae 01 00 c1 f9 0b
0x00007fff948d43d1:   42 88 0c 08 48 8b 45 88 8b cf 48 63 80 a4 ae 01
0x00007fff948d43e1:   00 c1 f9 0b 42 88 0c 08 48 8b 45 88 8b cb 48 63 


Register to memory mapping:

RAX=0x0000000000000002 is an unknown value
RBX=0x000000000005f400 is pointing into the stack for thread: 0x0000000002510800
RCX=0x00000000000000d2 is an unknown value
RDX=0x00000000202abc10 is an unknown value
RSP=0x00000000189d9360 is pointing into the stack for thread: 0x00000000161eb800
RBP=0x00000000189d9460 is pointing into the stack for thread: 0x00000000161eb800
RSI=0x0000000000069400 is pointing into the stack for thread: 0x0000000002510800
RDI=0x0000000000069400 is pointing into the stack for thread: 0x0000000002510800
R8 =0x000000000000ac5f is an unknown value
R9 =0x000000001a679488 is an unknown value
R10=0x000000000000003c is an unknown value
R11=0x000000000007fc00 is pointing into the stack for thread: 0x0000000002510800
R12=0x000000000562fc20 is an unknown value
R13=0x0000000000000000 is an unknown value
R14=0x0000000000000000 is an unknown value
R15=0x0000000000000000 is an unknown value


Stack: [0x00000000188e0000,0x00000000189e0000],  sp=0x00000000189d9360,  free space=996k
Native frames: (J=compiled Java code, j=interpreted, Vv=VM code, C=native code)
C  [osmesa6_2.dll+0x43d1]

Java frames: (J=compiled Java code, j=interpreted, Vv=VM code)
j  com.rsi.idldt.core.ips.IPS_Access.IPS_Start([Ljava/lang/String;)V+0
j  com.rsi.idldt.core.ips.IPS_Manager$2.run()V+15
j  java.lang.Thread.run()V+11
v  ~StubRoutines::call_stub

---------------  P R O C E S S  ---------------

Java Threads: ( => current thread )
  0x000000001e4fa000 JavaThread "Worker-78" [_thread_blocked, id=15768, stack(0x0000000019f50000,0x000000001a050000)]
  0x000000001e4dc800 JavaThread "Worker-77" [_thread_blocked, id=11496, stack(0x0000000014b70000,0x0000000014c70000)]
  0x000000001e4e4800 JavaThread "Worker-75" [_thread_blocked, id=10856, stack(0x0000000019e50000,0x0000000019f50000)]
  0x000000001e4eb800 JavaThread "Worker-69" [_thread_blocked, id=14344, stack(0x0000000014c90000,0x0000000014d90000)]
  0x000000001dbc2000 JavaThread "[ThreadPool Manager] - Idle Thread" daemon [_thread_blocked, id=2768, stack(0x00000000252b0000,0x00000000253b0000)]
  0x000000001db06800 JavaThread "Timer-2" daemon [_thread_blocked, id=13452, stack(0x000000001fb20000,0x000000001fc20000)]
  0x000000001db0d000 JavaThread "Timer-1" daemon [_thread_blocked, id=17572, stack(0x000000001f820000,0x000000001f920000)]
  0x000000001db05800 JavaThread "Thread-14" [_thread_in_native, id=22420, stack(0x000000001f4f0000,0x000000001f5f0000)]
  0x000000001db07000 JavaThread "IDLDT DOM Worker-7" [_thread_blocked, id=18732, stack(0x000000001f3a0000,0x000000001f4a0000)]
  0x000000001db08800 JavaThread "IDLDT DOM Worker-6" [_thread_blocked, id=1932, stack(0x000000001f2a0000,0x000000001f3a0000)]
  0x000000001db09800 JavaThread "IDLDT DOM Worker-5" [_thread_blocked, id=16332, stack(0x000000001f1a0000,0x000000001f2a0000)]
  0x000000001612d000 JavaThread "IDLDT DOM Worker-4" [_thread_blocked, id=19880, stack(0x000000001f0a0000,0x000000001f1a0000)]
  0x000000001612b800 JavaThread "IDLDT DOM Worker-3" [_thread_blocked, id=2284, stack(0x000000001efa0000,0x000000001f0a0000)]
  0x000000001612b000 JavaThread "IDLDT DOM Worker-2" [_thread_blocked, id=16740, stack(0x000000001eea0000,0x000000001efa0000)]
  0x000000001612e000 JavaThread "IDLDT DOM Worker-1" [_thread_blocked, id=14412, stack(0x000000001eda0000,0x000000001eea0000)]
  0x000000001612e800 JavaThread "IDLDT DOM Worker-0" [_thread_blocked, id=21680, stack(0x000000001eca0000,0x000000001eda0000)]
  0x000000001612a000 JavaThread "Timer-0" daemon [_thread_blocked, id=16444, stack(0x000000001eba0000,0x000000001eca0000)]
=>0x00000000161eb800 JavaThread "IDL" [_thread_in_native, id=10840, stack(0x00000000188e0000,0x00000000189e0000)]
  0x00000000179e9800 JavaThread "IDLToJava Broker" daemon [_thread_blocked, id=4600, stack(0x0000000018770000,0x0000000018870000)]
  0x0000000015e9b000 JavaThread "Provisioning Event Dispatcher" daemon [_thread_blocked, id=3652, stack(0x0000000017400000,0x0000000017500000)]
  0x0000000016031000 JavaThread "Bundle File Closer" daemon [_thread_blocked, id=10956, stack(0x0000000017200000,0x0000000017300000)]
  0x0000000016082800 JavaThread "Worker-JM" [_thread_blocked, id=14208, stack(0x0000000017100000,0x0000000017200000)]
  0x0000000015ec1800 JavaThread "[Timer] - Main Queue Handler" daemon [_thread_blocked, id=20028, stack(0x0000000016f00000,0x0000000017000000)]
  0x00000000135f9800 JavaThread "Framework Event Dispatcher" daemon [_thread_blocked, id=11968, stack(0x0000000016d00000,0x0000000016e00000)]
  0x00000000160ba800 JavaThread "Start Level Event Dispatcher" daemon [_thread_blocked, id=22244, stack(0x0000000016800000,0x0000000016900000)]
  0x0000000015ef3800 JavaThread "State Data Manager" daemon [_thread_blocked, id=20836, stack(0x0000000016700000,0x0000000016800000)]
  0x0000000013478800 JavaThread "Framework Active Thread" [_thread_blocked, id=17816, stack(0x0000000016600000,0x0000000016700000)]
  0x0000000010d49000 JavaThread "Service Thread" daemon [_thread_blocked, id=15684, stack(0x0000000013140000,0x0000000013240000)]
  0x0000000010d3f000 JavaThread "C2 CompilerThread1" daemon [_thread_blocked, id=16884, stack(0x0000000013040000,0x0000000013140000)]
  0x0000000010d12800 JavaThread "C2 CompilerThread0" daemon [_thread_blocked, id=4724, stack(0x0000000012f40000,0x0000000013040000)]
  0x0000000010d3d800 JavaThread "Attach Listener" daemon [_thread_blocked, id=14968, stack(0x0000000012e40000,0x0000000012f40000)]
  0x0000000010d11800 JavaThread "Signal Dispatcher" daemon [_thread_blocked, id=8784, stack(0x0000000012d40000,0x0000000012e40000)]
  0x0000000010cb0000 JavaThread "Finalizer" daemon [_thread_blocked, id=5880, stack(0x0000000012c40000,0x0000000012d40000)]
  0x0000000010ca8800 JavaThread "Reference Handler" daemon [_thread_blocked, id=15068, stack(0x0000000012b40000,0x0000000012c40000)]
  0x0000000002510800 JavaThread "main" [_thread_in_native, id=22284, stack(0x0000000000050000,0x0000000000150000)]

Other Threads:
  0x0000000010ca5000 VMThread [stack: 0x0000000012a40000,0x0000000012b40000] [id=12824]
  0x0000000013258800 WatcherThread [stack: 0x0000000013640000,0x0000000013740000] [id=10404]

VM state:not at safepoint (normal execution)

VM Mutex/Monitor currently owned by a thread: None

Heap
 PSYoungGen      total 34048K, used 96K [0x00000007accb0000, 0x00000007af6f0000, 0x0000000800000000)
  eden space 25600K, 0% used [0x00000007accb0000,0x00000007accc81c0,0x00000007ae5b0000)
  from space 8448K, 0% used [0x00000007aeeb0000,0x00000007aeeb0000,0x00000007af6f0000)
  to   space 8832K, 0% used [0x00000007ae5b0000,0x00000007ae5b0000,0x00000007aee50000)
 ParOldGen       total 170368K, used 66656K [0x0000000706600000, 0x0000000710c60000, 0x00000007accb0000)
  object space 170368K, 39% used [0x0000000706600000,0x000000070a718140,0x0000000710c60000)
 PSPermGen       total 48704K, used 48518K [0x0000000701400000, 0x0000000704390000, 0x0000000706600000)
  object space 48704K, 99% used [0x0000000701400000,0x0000000704361a28,0x0000000704390000)

Card table byte_map: [0x00000000056d0000,0x0000000005ed0000] byte_map_base: 0x0000000001ec6000

Polling page: 0x0000000002120000

Code Cache  [0x0000000002610000, 0x0000000002eb0000, 0x0000000005610000)
 total_blobs=2897 nmethods=2236 adapters=610 free_code_cache=40535Kb largest_free_block=41334080

Compilation events (10 events):
Event: 7646.134 Thread 0x0000000010d12800 2500             org.eclipse.core.internal.jobs.JobListeners$1::notify (8 bytes)
Event: 7646.135 Thread 0x0000000010d12800 nmethod 2500 0x0000000002c069d0 code [0x0000000002c06b20, 0x0000000002c06b98]
Event: 7646.333 Thread 0x0000000010d3f000 2501   !         org.eclipse.core.commands.operations.DefaultOperationHistory::add (124 bytes)
Event: 7646.333 Thread 0x0000000010d12800 2502             org.eclipse.core.commands.operations.DefaultOperationHistory::checkUndoLimit (72 bytes)
Event: 7646.343 Thread 0x0000000010d12800 nmethod 2502 0x0000000002d22c50 code [0x0000000002d22e80, 0x0000000002d23c40]
Event: 7646.361 Thread 0x0000000010d3f000 nmethod 2501 0x0000000002e7ac10 code [0x0000000002e7afa0, 0x0000000002e7d548]
Event: 7646.753 Thread 0x0000000010d12800   88 % !         org.eclipse.core.internal.jobs.WorkerPool::startJob @ 52 (261 bytes)
Event: 7646.806 Thread 0x0000000010d12800 nmethod 88% 0x0000000002e85210 code [0x0000000002e85a00, 0x0000000002e8a920]
Event: 7646.809 Thread 0x0000000010d3f000 2503   !         org.eclipse.core.internal.jobs.WorkerPool::startJob (261 bytes)
Event: 7646.883 Thread 0x0000000010d3f000 nmethod 2503 0x0000000002e96a90 code [0x0000000002e97720, 0x0000000002e9f080]

GC Heap History (10 events):
Event: 7644.049 GC heap before
{Heap before GC invocations=353 (full 102):
 PSYoungGen      total 26752K, used 506K [0x00000007accb0000, 0x00000007af9b0000, 0x0000000800000000)
  eden space 26240K, 0% used [0x00000007accb0000,0x00000007accb0000,0x00000007ae650000)
  from space 512K, 98% used [0x00000007ae650000,0x00000007ae6ceaf0,0x00000007ae6d0000)
  to   space 9920K, 0% used [0x00000007af000000,0x00000007af000000,0x00000007af9b0000)
 ParOldGen       total 170368K, used 99118K [0x0000000706600000, 0x0000000710c60000, 0x00000007accb0000)
  object space 170368K, 58% used [0x0000000706600000,0x000000070c6cb928,0x0000000710c60000)
 PSPermGen       total 48704K, used 48514K [0x0000000701400000, 0x0000000704390000, 0x0000000706600000)
  object space 48704K, 99% used [0x0000000701400000,0x0000000704360860,0x0000000704390000)
Event: 7644.148 GC heap after
Heap after GC invocations=353 (full 102):
 PSYoungGen      total 26752K, used 0K [0x00000007accb0000, 0x00000007af9b0000, 0x0000000800000000)
  eden space 26240K, 0% used [0x00000007accb0000,0x00000007accb0000,0x00000007ae650000)
  from space 512K, 0% used [0x00000007ae650000,0x00000007ae650000,0x00000007ae6d0000)
  to   space 9920K, 0% used [0x00000007af000000,0x00000007af000000,0x00000007af9b0000)
 ParOldGen       total 170368K, used 66654K [0x0000000706600000, 0x0000000710c60000, 0x00000007accb0000)
  object space 170368K, 39% used [0x0000000706600000,0x000000070a717848,0x0000000710c60000)
 PSPermGen       total 48704K, used 48514K [0x0000000701400000, 0x0000000704390000, 0x0000000706600000)
  object space 48704K, 99% used [0x0000000701400000,0x0000000704360800,0x0000000704390000)
}
Event: 7645.210 GC heap before
{Heap before GC invocations=354 (full 102):
 PSYoungGen      total 26752K, used 26240K [0x00000007accb0000, 0x00000007af9b0000, 0x0000000800000000)
  eden space 26240K, 100% used [0x00000007accb0000,0x00000007ae650000,0x00000007ae650000)
  from space 512K, 0% used [0x00000007ae650000,0x00000007ae650000,0x00000007ae6d0000)
  to   space 9920K, 0% used [0x00000007af000000,0x00000007af000000,0x00000007af9b0000)
 ParOldGen       total 170368K, used 66654K [0x0000000706600000, 0x0000000710c60000, 0x00000007accb0000)
  object space 170368K, 39% used [0x0000000706600000,0x000000070a717848,0x0000000710c60000)
 PSPermGen       total 48704K, used 48514K [0x0000000701400000, 0x0000000704390000, 0x0000000706600000)
  object space 48704K, 99% used [0x0000000701400000,0x0000000704360b28,0x0000000704390000)
Event: 7645.211 GC heap after
Heap after GC invocations=354 (full 102):
 PSYoungGen      total 34880K, used 594K [0x00000007accb0000, 0x00000007af8c0000, 0x0000000800000000)
  eden space 25920K, 0% used [0x00000007accb0000,0x00000007accb0000,0x00000007ae600000)
  from space 8960K, 6% used [0x00000007af000000,0x00000007af0949c0,0x00000007af8c0000)
  to   space 9600K, 0% used [0x00000007ae600000,0x00000007ae600000,0x00000007aef60000)
 ParOldGen       total 170368K, used 66654K [0x0000000706600000, 0x0000000710c60000, 0x00000007accb0000)
  object space 170368K, 39% used [0x0000000706600000,0x000000070a717848,0x0000000710c60000)
 PSPermGen       total 48704K, used 48514K [0x0000000701400000, 0x0000000704390000, 0x0000000706600000)
  object space 48704K, 99% used [0x0000000701400000,0x0000000704360b28,0x0000000704390000)
}
Event: 7646.277 GC heap before
{Heap before GC invocations=355 (full 102):
 PSYoungGen      total 34880K, used 26514K [0x00000007accb0000, 0x00000007af8c0000, 0x0000000800000000)
  eden space 25920K, 100% used [0x00000007accb0000,0x00000007ae600000,0x00000007ae600000)
  from space 8960K, 6% used [0x00000007af000000,0x00000007af0949c0,0x00000007af8c0000)
  to   space 9600K, 0% used [0x00000007ae600000,0x00000007ae600000,0x00000007aef60000)
 ParOldGen       total 170368K, used 66654K [0x0000000706600000, 0x0000000710c60000, 0x00000007accb0000)
  object space 170368K, 39% used [0x0000000706600000,0x000000070a717848,0x0000000710c60000)
 PSPermGen       total 48704K, used 48518K [0x0000000701400000, 0x0000000704390000, 0x0000000706600000)
  object space 48704K, 99% used [0x0000000701400000,0x0000000704361a08,0x0000000704390000)
Event: 7646.278 GC heap after
Heap after GC invocations=355 (full 102):
 PSYoungGen      total 26240K, used 627K [0x00000007accb0000, 0x00000007af7b0000, 0x0000000800000000)
  eden space 25600K, 0% used [0x00000007accb0000,0x00000007accb0000,0x00000007ae5b0000)
  from space 640K, 98% used [0x00000007ae600000,0x00000007ae69ce80,0x00000007ae6a0000)
  to   space 9216K, 0% used [0x00000007aeeb0000,0x00000007aeeb0000,0x00000007af7b0000)
 ParOldGen       total 170368K, used 66734K [0x0000000706600000, 0x0000000710c60000, 0x00000007accb0000)
  object space 170368K, 39% used [0x0000000706600000,0x000000070a72b848,0x0000000710c60000)
 PSPermGen       total 48704K, used 48518K [0x0000000701400000, 0x0000000704390000, 0x0000000706600000)
  object space 48704K, 99% used [0x0000000701400000,0x0000000704361a08,0x0000000704390000)
}
Event: 7704.061 GC heap before
{Heap before GC invocations=356 (full 102):
 PSYoungGen      total 26240K, used 4086K [0x00000007accb0000, 0x00000007af7b0000, 0x0000000800000000)
  eden space 25600K, 13% used [0x00000007accb0000,0x00000007ad010ce0,0x00000007ae5b0000)
  from space 640K, 98% used [0x00000007ae600000,0x00000007ae69ce80,0x00000007ae6a0000)
  to   space 9216K, 0% used [0x00000007aeeb0000,0x00000007aeeb0000,0x00000007af7b0000)
 ParOldGen       total 170368K, used 66734K [0x0000000706600000, 0x0000000710c60000, 0x00000007accb0000)
  object space 170368K, 39% used [0x0000000706600000,0x000000070a72b848,0x0000000710c60000)
 PSPermGen       total 48704K, used 48518K [0x0000000701400000, 0x0000000704390000, 0x0000000706600000)
  object space 48704K, 99% used [0x0000000701400000,0x0000000704361a88,0x0000000704390000)
Event: 7704.062 GC heap after
Heap after GC invocations=356 (full 102):
 PSYoungGen      total 34048K, used 434K [0x00000007accb0000, 0x00000007af6f0000, 0x0000000800000000)
  eden space 25600K, 0% used [0x00000007accb0000,0x00000007accb0000,0x00000007ae5b0000)
  from space 8448K, 5% used [0x00000007aeeb0000,0x00000007aef1c9c0,0x00000007af6f0000)
  to   space 8832K, 0% used [0x00000007ae5b0000,0x00000007ae5b0000,0x00000007aee50000)
 ParOldGen       total 170368K, used 66822K [0x0000000706600000, 0x0000000710c60000, 0x00000007accb0000)
  object space 170368K, 39% used [0x0000000706600000,0x000000070a741848,0x0000000710c60000)
 PSPermGen       total 48704K, used 48518K [0x0000000701400000, 0x0000000704390000, 0x0000000706600000)
  object space 48704K, 99% used [0x0000000701400000,0x0000000704361a88,0x0000000704390000)
}
Event: 7704.062 GC heap before
{Heap before GC invocations=357 (full 103):
 PSYoungGen      total 34048K, used 434K [0x00000007accb0000, 0x00000007af6f0000, 0x0000000800000000)
  eden space 25600K, 0% used [0x00000007accb0000,0x00000007accb0000,0x00000007ae5b0000)
  from space 8448K, 5% used [0x00000007aeeb0000,0x00000007aef1c9c0,0x00000007af6f0000)
  to   space 8832K, 0% used [0x00000007ae5b0000,0x00000007ae5b0000,0x00000007aee50000)
 ParOldGen       total 170368K, used 66822K [0x0000000706600000, 0x0000000710c60000, 0x00000007accb0000)
  object space 170368K, 39% used [0x0000000706600000,0x000000070a741848,0x0000000710c60000)
 PSPermGen       total 48704K, used 48518K [0x0000000701400000, 0x0000000704390000, 0x0000000706600000)
  object space 48704K, 99% used [0x0000000701400000,0x0000000704361a88,0x0000000704390000)
Event: 7704.127 GC heap after
Heap after GC invocations=357 (full 103):
 PSYoungGen      total 34048K, used 0K [0x00000007accb0000, 0x00000007af6f0000, 0x0000000800000000)
  eden space 25600K, 0% used [0x00000007accb0000,0x00000007accb0000,0x00000007ae5b0000)
  from space 8448K, 0% used [0x00000007aeeb0000,0x00000007aeeb0000,0x00000007af6f0000)
  to   space 8832K, 0% used [0x00000007ae5b0000,0x00000007ae5b0000,0x00000007aee50000)
 ParOldGen       total 170368K, used 66656K [0x0000000706600000, 0x0000000710c60000, 0x00000007accb0000)
  object space 170368K, 39% used [0x0000000706600000,0x000000070a718140,0x0000000710c60000)
 PSPermGen       total 48704K, used 48518K [0x0000000701400000, 0x0000000704390000, 0x0000000706600000)
  object space 48704K, 99% used [0x0000000701400000,0x0000000704361a28,0x0000000704390000)
}

Deoptimization events (10 events):
Event: 7534.050 Thread 0x0000000002510800 Uncommon trap -34 fr.pc 0x0000000002e1d574
Event: 7536.244 Thread 0x0000000002510800 Uncommon trap -83 fr.pc 0x00000000029b0c74
Event: 7547.154 Thread 0x0000000002510800 Uncommon trap -34 fr.pc 0x0000000002e1d574
Event: 7550.758 Thread 0x0000000002510800 Uncommon trap -12 fr.pc 0x0000000002862e3c
Event: 7553.257 Thread 0x0000000002510800 Uncommon trap -34 fr.pc 0x0000000002ba9bb4
Event: 7568.123 Thread 0x0000000002510800 Uncommon trap -34 fr.pc 0x0000000002ba9bb4
Event: 7613.889 Thread 0x0000000002510800 Uncommon trap -34 fr.pc 0x0000000002ba9bb4
Event: 7625.626 Thread 0x0000000002510800 Uncommon trap -83 fr.pc 0x0000000002d1beec
Event: 7625.627 Thread 0x0000000002510800 Uncommon trap -58 fr.pc 0x0000000002bae844
Event: 7625.627 Thread 0x0000000002510800 Uncommon trap -58 fr.pc 0x0000000002bae844

Internal exceptions (10 events):
Event: 4241.941 Thread 0x00000000161eb800 Threw 0x00000007ade2ac70 at C:\jdk7u2_64p\jdk7u25\hotspot\src\share\vm\prims\jni.cpp:716
Event: 4241.941 Thread 0x00000000161eb800 Threw 0x00000007ade2aea0 at C:\jdk7u2_64p\jdk7u25\hotspot\src\share\vm\prims\jni.cpp:716
Event: 4241.941 Thread 0x00000000161eb800 Threw 0x00000007ade2b0a0 at C:\jdk7u2_64p\jdk7u25\hotspot\src\share\vm\prims\jni.cpp:716
Event: 4369.936 Thread 0x0000000002510800 Implicit null exception at 0x0000000002d45678 to 0x0000000002d46195
Event: 4443.138 Thread 0x000000001e4e1000 Threw 0x00000007af891190 at C:\jdk7u2_64p\jdk7u25\hotspot\src\share\vm\runtime\objectMonitor.cpp:1612
Event: 4472.656 Thread 0x000000001e4de000 Threw 0x00000007ae9123b8 at C:\jdk7u2_64p\jdk7u25\hotspot\src\share\vm\runtime\objectMonitor.cpp:1612
Event: 4548.587 Thread 0x0000000002510800 Implicit null exception at 0x0000000002dc1025 to 0x0000000002dc1749
Event: 7533.971 Thread 0x0000000002510800 Implicit null exception at 0x0000000002a8930d to 0x0000000002a89cdd
Event: 7534.007 Thread 0x0000000002510800 Implicit null exception at 0x000000000281c513 to 0x000000000281c99d
Event: 7550.758 Thread 0x0000000002510800 Implicit null exception at 0x0000000002862b3b to 0x0000000002862e31

Events (10 events):
Event: 7646.808 Thread 0x000000001e4fa000 Thread added: 0x000000001e4fa000
Event: 7704.061 Executing VM operation: ParallelGCSystemGC
Event: 7704.127 Executing VM operation: ParallelGCSystemGC done
Event: 7704.127 Thread 0x000000001e4f7800 Thread added: 0x000000001e4f7800
Event: 7704.127 Thread 0x000000001e4f7800 Thread exited: 0x000000001e4f7800
Event: 7704.127 Executing VM operation: RevokeBias
Event: 7704.128 Executing VM operation: RevokeBias done
Event: 7713.764 Thread 0x000000001e4de000 Thread exited: 0x000000001e4de000
Event: 7721.769 Thread 0x000000001e4e1000 Thread exited: 0x000000001e4e1000
Event: 7729.781 Thread 0x000000001e4e4000 Thread exited: 0x000000001e4e4000


Dynamic libraries:
0x0000000000400000 - 0x000000000040e000 	C:\Program Files\Exelis\IDL83\bin\bin.x86_64\idlde.exe
0x00007fff9c490000 - 0x00007fff9c685000 	C:\WINDOWS\SYSTEM32\ntdll.dll
0x00007fff9a7f0000 - 0x00007fff9a8ad000 	C:\WINDOWS\System32\KERNEL32.DLL
0x00007fff99f40000 - 0x00007fff9a208000 	C:\WINDOWS\System32\KERNELBASE.dll
0x00007fff97100000 - 0x00007fff97190000 	C:\WINDOWS\SYSTEM32\apphelp.dll
0x00007fff9a520000 - 0x00007fff9a6c0000 	C:\WINDOWS\System32\USER32.dll
0x00007fff99e30000 - 0x00007fff99e52000 	C:\WINDOWS\System32\win32u.dll
0x00007fff9a950000 - 0x00007fff9a97a000 	C:\WINDOWS\System32\GDI32.dll
0x00007fff9a240000 - 0x00007fff9a34b000 	C:\WINDOWS\System32\gdi32full.dll
0x00007fff9a450000 - 0x00007fff9a4ed000 	C:\WINDOWS\System32\msvcp_win.dll
0x00007fff99d30000 - 0x00007fff99e30000 	C:\WINDOWS\System32\ucrtbase.dll
0x00007fff9bb00000 - 0x00007fff9bb9e000 	C:\WINDOWS\System32\msvcrt.dll
0x00007fff84c50000 - 0x00007fff84eea000 	C:\WINDOWS\WinSxS\amd64_microsoft.windows.common-controls_6595b64144ccf1df_6.0.19041.844_none_ca00b6081b84eb1d\COMCTL32.dll
0x00007fff9a4f0000 - 0x00007fff9a520000 	C:\WINDOWS\System32\IMM32.DLL
0x0000000072000000 - 0x0000000072012000 	C:\Program Files\Exelis\IDL83\bin\bin.x86_64\plugins\org.eclipse.equinox.launcher.win32.win32.x86_64_1.1.100.v20110502\eclipse_1406.dll
0x00007fff9a9e0000 - 0x00007fff9aa8c000 	C:\WINDOWS\System32\ADVAPI32.dll
0x00007fff9a8b0000 - 0x00007fff9a94b000 	C:\WINDOWS\System32\sechost.dll
0x00007fff9bdd0000 - 0x00007fff9befb000 	C:\WINDOWS\System32\RPCRT4.dll
0x00007fff8f850000 - 0x00007fff8f85a000 	C:\WINDOWS\SYSTEM32\VERSION.dll
0x00000000555d0000 - 0x0000000055cdf000 	C:\Program Files\Exelis\IDL83\bin\bin.x86_64\jre\bin\server\jvm.dll
0x00007fff9aa90000 - 0x00007fff9aa98000 	C:\WINDOWS\System32\PSAPI.DLL
0x00007fff887a0000 - 0x00007fff887c7000 	C:\WINDOWS\SYSTEM32\WINMM.dll
0x00007fff94bd0000 - 0x00007fff94bd9000 	C:\WINDOWS\SYSTEM32\WSOCK32.dll
0x00007fff9bf60000 - 0x00007fff9bfcb000 	C:\WINDOWS\System32\WS2_32.dll
0x00000000554f0000 - 0x00000000555c1000 	C:\WINDOWS\SYSTEM32\MSVCR100.dll
0x0000000057480000 - 0x000000005748f000 	C:\Program Files\Exelis\IDL83\bin\bin.x86_64\jre\bin\verify.dll
0x00000000554c0000 - 0x00000000554e8000 	C:\Program Files\Exelis\IDL83\bin\bin.x86_64\jre\bin\java.dll
0x00000000554a0000 - 0x00000000554b5000 	C:\Program Files\Exelis\IDL83\bin\bin.x86_64\jre\bin\zip.dll
0x00007fff99580000 - 0x00007fff99598000 	C:\WINDOWS\SYSTEM32\CRYPTSP.dll
0x00007fff98ce0000 - 0x00007fff98d14000 	C:\WINDOWS\system32\rsaenh.dll
0x00007fff9a210000 - 0x00007fff9a237000 	C:\WINDOWS\System32\bcrypt.dll
0x00007fff99ad0000 - 0x00007fff99afe000 	C:\WINDOWS\SYSTEM32\USERENV.dll
0x00007fff99b10000 - 0x00007fff99b2f000 	C:\WINDOWS\SYSTEM32\profapi.dll
0x00007fff99ec0000 - 0x00007fff99f40000 	C:\WINDOWS\System32\bcryptprimitives.dll
0x00007fff995a0000 - 0x00007fff995ac000 	C:\WINDOWS\SYSTEM32\CRYPTBASE.dll
0x0000000055480000 - 0x0000000055499000 	C:\Program Files\Exelis\IDL83\bin\bin.x86_64\jre\bin\net.dll
0x00007fff993b0000 - 0x00007fff9941a000 	C:\WINDOWS\system32\mswsock.dll
0x00007fff7c490000 - 0x00007fff7c4db000 	C:\Program Files (x86)\Sangfor\SSL\ClientComponent\3_SangforNspX64.dll
0x00007fff9a6c0000 - 0x00007fff9a7ea000 	C:\WINDOWS\System32\ole32.dll
0x00007fff9b4b0000 - 0x00007fff9b805000 	C:\WINDOWS\System32\combase.dll
0x00007fff9ab60000 - 0x00007fff9ac2d000 	C:\WINDOWS\System32\OLEAUT32.dll
0x00007fff9b3a0000 - 0x00007fff9b3f5000 	C:\WINDOWS\System32\SHLWAPI.dll
0x00007fff74d30000 - 0x00007fff74d47000 	C:\WINDOWS\system32\napinsp.dll
0x00007fff74d10000 - 0x00007fff74d2b000 	C:\WINDOWS\system32\pnrpnsp.dll
0x00007fff92bd0000 - 0x00007fff92be5000 	C:\WINDOWS\system32\wshbth.dll
0x00007fff95060000 - 0x00007fff9507d000 	C:\WINDOWS\system32\NLAapi.dll
0x00007fff99050000 - 0x00007fff9908b000 	C:\WINDOWS\SYSTEM32\IPHLPAPI.DLL
0x00007fff990a0000 - 0x00007fff9916c000 	C:\WINDOWS\SYSTEM32\DNSAPI.dll
0x00007fff9bfd0000 - 0x00007fff9bfd8000 	C:\WINDOWS\System32\NSI.dll
0x00007fff74cf0000 - 0x00007fff74d02000 	C:\WINDOWS\System32\winrnr.dll
0x00007fff8e060000 - 0x00007fff8e06a000 	C:\Windows\System32\rasadhlp.dll
0x00007fff8afa0000 - 0x00007fff8b01f000 	C:\WINDOWS\System32\fwpuclnt.dll
0x0000000055460000 - 0x0000000055471000 	C:\Program Files\Exelis\IDL83\bin\bin.x86_64\jre\bin\nio.dll
0x00007fff97550000 - 0x00007fff975ee000 	C:\WINDOWS\system32\uxtheme.dll
0x00007fff9b8f0000 - 0x00007fff9ba05000 	C:\WINDOWS\System32\MSCTF.dll
0x00007fff97af0000 - 0x00007fff97b02000 	C:\WINDOWS\SYSTEM32\kernel.appcore.dll
0x00007fff86bc0000 - 0x00007fff86cb9000 	C:\WINDOWS\SYSTEM32\textinputframework.dll
0x00007fff967b0000 - 0x00007fff96b0e000 	C:\WINDOWS\System32\CoreUIComponents.dll
0x00007fff96e90000 - 0x00007fff96f82000 	C:\WINDOWS\System32\CoreMessaging.dll
0x00007fff9aab0000 - 0x00007fff9ab5e000 	C:\WINDOWS\System32\SHCORE.dll
0x00007fff98910000 - 0x00007fff98943000 	C:\WINDOWS\SYSTEM32\ntmarta.dll
0x00007fff957d0000 - 0x00007fff95924000 	C:\WINDOWS\SYSTEM32\wintypes.dll
0x00007fff9b400000 - 0x00007fff9b4a9000 	C:\WINDOWS\System32\clbcatq.dll
0x00007fff61300000 - 0x00007fff613b2000 	C:\WINDOWS\system32\baiducnTSF.dll
0x00007fff9ac30000 - 0x00007fff9b372000 	C:\WINDOWS\System32\SHELL32.dll
0x00007fff99bd0000 - 0x00007fff99d2f000 	C:\WINDOWS\System32\CRYPT32.dll
0x00007fff9b380000 - 0x00007fff9b39d000 	C:\WINDOWS\System32\imagehlp.dll
0x00007fff97d10000 - 0x00007fff984a1000 	C:\WINDOWS\SYSTEM32\windows.storage.dll
0x00007fff99640000 - 0x00007fff9966c000 	C:\WINDOWS\System32\Wldp.dll
0x00007fff60d50000 - 0x00007fff61100000 	C:\Program Files (x86)\Baidu\BaiduPinyin\5.6.6000.0\UIPFullx64.dll
0x00007fff60cb0000 - 0x00007fff60d42000 	C:\Program Files (x86)\Baidu\BaiduPinyin\5.6.6000.0\configurex64.dll
0x00007fff89980000 - 0x00007fff89987000 	C:\WINDOWS\SYSTEM32\MSIMG32.dll
0x00007fff85950000 - 0x00007fff859b6000 	C:\WINDOWS\SYSTEM32\OLEACC.dll
0x00007fff7e120000 - 0x00007fff7e2cb000 	C:\WINDOWS\WinSxS\amd64_microsoft.windows.gdiplus_6595b64144ccf1df_1.1.19041.928_none_faefac437613c6cc\gdiplus.dll
0x00007fff76640000 - 0x00007fff76658000 	C:\WINDOWS\SYSTEM32\NETAPI32.dll
0x00007fff60bc0000 - 0x00007fff60caf000 	C:\Program Files (x86)\Baidu\BaiduPinyin\5.6.6000.0\imefreetypex64.dll
0x00007fff60b60000 - 0x00007fff60bb9000 	C:\Program Files (x86)\Baidu\BaiduPinyin\5.6.6000.0\imepngx64.dll
0x00007fff61280000 - 0x00007fff612ba000 	C:\Program Files (x86)\Baidu\BaiduPinyin\5.6.6000.0\imezlibx64.dll
0x00007fff99a90000 - 0x00007fff99ac1000 	C:\WINDOWS\SYSTEM32\SspiCli.dll
0x00007fff84ba0000 - 0x00007fff84c48000 	C:\Windows\System32\twinapi.dll
0x00007fff92c40000 - 0x00007fff92e41000 	C:\Windows\System32\twinapi.appcore.dll
0x0000000016e00000 - 0x0000000016ea7000 	C:\Users\jia\.idl\idlworkbench-config-idl8.3.0_x86_64\org.eclipse.osgi\bundles\530\1\.cp\swt-win32-3740.dll
0x00007fff9b810000 - 0x00007fff9b8ea000 	C:\WINDOWS\System32\comdlg32.dll
0x00007fff490c0000 - 0x00007fff4914e000 	C:\WINDOWS\SYSTEM32\WINSPOOL.DRV
0x00007fff83400000 - 0x00007fff838dd000 	C:\WINDOWS\SYSTEM32\WININET.dll
0x00007fff85ce0000 - 0x00007fff85cf9000 	C:\WINDOWS\SYSTEM32\USP10.dll
0x00007fff94f40000 - 0x00007fff95037000 	C:\WINDOWS\SYSTEM32\propsys.dll
0x00007fff6c7b0000 - 0x00007fff6c92e000 	C:\Windows\System32\TaskFlowDataEngine.dll
0x00007fff6e780000 - 0x00007fff6ec21000 	C:\Windows\System32\cdp.dll
0x00007fff9a350000 - 0x00007fff9a39e000 	C:\WINDOWS\System32\cfgmgr32.dll
0x00007fff99030000 - 0x00007fff99042000 	C:\Windows\System32\UMPDC.dll
0x00007fff94cb0000 - 0x00007fff94deb000 	C:\Windows\System32\dsreg.dll
0x00007fff98d70000 - 0x00007fff98dfa000 	C:\Windows\System32\msvcp110_win.dll
0x00000000184d0000 - 0x00000000184ee000 	C:\Users\jia\.idl\idlworkbench-config-idl8.3.0_x86_64\org.eclipse.osgi\bundles\530\1\.cp\swt-gdip-win32-3740.dll
0x00007fff93030000 - 0x00007fff931e4000 	C:\WINDOWS\SYSTEM32\WindowsCodecs.dll
0x0000000180000000 - 0x0000000180011000 	C:\Users\jia\.idl\idlworkbench-config-idl8.3.0_x86_64\org.eclipse.osgi\bundles\183\1\.cp\os\win32\x86_64\localfile_1_0_0.dll
0x00007fff7cab0000 - 0x00007fff7cafd000 	C:\Program Files\Exelis\IDL83\bin\bin.x86_64\idl_ips.dll
0x00007fff48360000 - 0x00007fff490bd000 	C:\Program Files\Exelis\IDL83\bin\bin.x86_64\idl.dll
0x00007fff4be30000 - 0x00007fff4be8c000 	C:\Program Files\Exelis\IDL83\bin\bin.x86_64\MesaGLU6_2.dll
0x00007fff4bb00000 - 0x00007fff4bc8e000 	C:\Program Files\Exelis\IDL83\bin\bin.x86_64\MesaGL6_2.dll
0x00007fff6ee30000 - 0x00007fff6ee53000 	C:\Program Files\Exelis\IDL83\bin\bin.x86_64\UG3220.dll
0x00007fff49b10000 - 0x00007fff49b8c000 	C:\Program Files\Exelis\IDL83\bin\bin.x86_64\freetype2_4_7.dll
0x00007fff948d0000 - 0x00007fff948dc000 	C:\Program Files\Exelis\IDL83\bin\bin.x86_64\osmesa6_2.dll
0x00007fff94df0000 - 0x00007fff94e2e000 	C:\WINDOWS\System32\netprofm.dll
0x00007fff8a850000 - 0x00007fff8a860000 	C:\WINDOWS\System32\npmproxy.dll
0x00007fff8f830000 - 0x00007fff8f847000 	C:\WINDOWS\SYSTEM32\dhcpcsvc6.DLL
0x00007fff922b0000 - 0x00007fff922cd000 	C:\WINDOWS\SYSTEM32\dhcpcsvc.DLL
0x00000000193e0000 - 0x00000000196cb000 	C:\WINDOWS\system32\spool\DRIVERS\x64\3\hp1100su.dll
0x00000000196d0000 - 0x00000000197d5000 	C:\WINDOWS\system32\spool\DRIVERS\x64\3\HP1100GC.dll
0x00000000197e0000 - 0x000000001983f000 	C:\WINDOWS\system32\spool\DRIVERS\x64\3\hp1100sd.dll
0x00007fff850c0000 - 0x00007fff851e6000 	C:\WINDOWS\SYSTEM32\OpenGL32.DLL
0x00007fff88ed0000 - 0x00007fff88efc000 	C:\WINDOWS\SYSTEM32\GLU32.dll
0x00007fff67f40000 - 0x00007fff67f7e000 	C:\Program Files\Exelis\IDL83\bin\bin.x86_64\gl_driver.dll
0x0000000018b80000 - 0x0000000018b83000 	C:\WINDOWS\SYSTEM32\icmp.Dll
0x00007fff7c540000 - 0x00007fff7c5ec000 	C:\WINDOWS\SYSTEM32\TextShaping.dll
0x00007fff6ff20000 - 0x00007fff70141000 	C:\WINDOWS\system32\explorerframe.dll
0x00007fff83c80000 - 0x00007fff83cbe000 	C:\WINDOWS\system32\dataexchange.dll
0x00007fff965c0000 - 0x00007fff967a5000 	C:\WINDOWS\system32\dcomp.dll
0x00007fff95d90000 - 0x00007fff95ff4000 	C:\WINDOWS\system32\d3d11.dll
0x00007fff98510000 - 0x00007fff98603000 	C:\WINDOWS\system32\dxgi.dll
0x00007fff67ee0000 - 0x00007fff67f22000 	C:\WINDOWS\system32\mlang.dll
0x00007fff999e0000 - 0x00007fff99a82000 	C:\WINDOWS\SYSTEM32\sxs.dll
0x00007fff84410000 - 0x00007fff84421000 	C:\Users\jia\.idl\idlworkbench-config-idl8.3.0_x86_64\org.eclipse.osgi\bundles\208\1\.cp\jWinHttp-1.0.0.dll
0x00007fff92f20000 - 0x00007fff9302b000 	C:\WINDOWS\SYSTEM32\WINHTTP.dll
0x00007fff76e80000 - 0x00007fff76ee6000 	C:\Windows\System32\thumbcache.dll
0x00007fff93e70000 - 0x00007fff93f10000 	C:\WINDOWS\SYSTEM32\policymanager.dll
0x00007fff7fb20000 - 0x00007fff7fb2c000 	C:\WINDOWS\SYSTEM32\Secur32.dll
0x00007fff8ad20000 - 0x00007fff8ad39000 	C:\WINDOWS\SYSTEM32\samcli.dll

VM Arguments:
jvm_args: -Dosgi.instance.area.default=@user.home/IDLWorkspace83 -Dosgi.configuration.area=@user.home/.idl/idlworkbench-config-idl8.3.0_x86_64 -Dosgi.configuration.cascaded=true -Dosgi.checkConfiguration=true -Dosgi.sharedConfiguration.area.readOnly=true -Dorg.eclipse.update.reconcile=false -Declipse.p2.data.area=@config.dir/p2 -Dosgi.sharedConfiguration.area=C:\Program Files\Exelis\IDL83\bin\bin.x86_64/configuration 
java_command: <unknown>
Launcher Type: generic

Environment Variables:
PATH=C:/Program Files/Exelis/IDL83/bin/bin.x86_64/jre/bin/server;C:/Program Files/Exelis/IDL83/bin/bin.x86_64/jre/bin;C:/Program Files/Exelis/IDL83/bin/bin.x86_64/jre/lib/amd64;C:\Program Files\Exelis\IDL83\bin\bin.x86_64\;C:\D_drive\Anaconda3\Anaconda\envs\AIMIS3D;C:\D_drive\Anaconda3\Anaconda\envs\AIMIS3D\Scripts;C:\D_drive\Anaconda3\Anaconda\envs\AIMIS3D\Library\bin;C:\D_drive\Anaconda3\Anaconda\envs\AIMIS3D\Library\mingw-w64\bin;C:\D_drive\Anaconda3\Anaconda\Scripts;C:\Program Files\Exelis\IDL85\bin\bin.x86_64;C:\Program Files\dotnet\;C:\Program Files\CMake\bin;;C:\WINDOWS\system32;C:\WINDOWS\System32\WindowsPowerShell\v1.0\;C:\WINDOWS\System32\Wbem;C:\Program Files\python;C:\Program Files\python\Scripts;C:\BtSoft\panel\script;C:\Program Files\ITK-SNAP 3.8\bin;C:\WINDOWS;C:\WINDOWS\System32\OpenSSH\;C:\Program Files (x86)\dotnet\;C:\Users\jia\AppData\Local\Microsoft\WindowsApps;;C:\Pycharm\PyCharm Community Edition 2020.1.2\bin;;C:\Users\jia\AppData\Local\Programs\Microsoft VS Code\bin;C:\Program Files\Exelis\IDL83\bin\bin.x86_64;
USERNAME=jia
OS=Windows_NT
PROCESSOR_IDENTIFIER=Intel64 Family 6 Model 126 Stepping 5, GenuineIntel



---------------  S Y S T E M  ---------------

OS: Windows 8 , 64 bit Build 9200 

CPU:total 8 (4 cores per cpu, 2 threads per core) family 6 model 126 stepping 5, cmov, cx8, fxsr, mmx, sse, sse2, sse3, ssse3, sse4.1, sse4.2, popcnt, avx, avx2, ht, tsc, tscinvbit

Memory: 4k page, physical 16353460k(9700908k free), swap 18843828k(8574344k free)

vm_info: Java HotSpot(TM) 64-Bit Server VM (23.25-b01) for windows-amd64 JRE (1.7.0_25-b17), built on Jun 21 2013 12:58:32 by "java_re" with unknown MS VC++:1600

time: Fri Nov 05 11:13:08 2021
elapsed time: 7747 seconds

