#
# A fatal error has been detected by the Java Runtime Environment:
#
#  EXCEPTION_ACCESS_VIOLATION (0xc0000005) at pc=0x00007ffdb482f051, pid=11672, tid=3188
#
# JRE version: 7.0_25-b17
# Java VM: Java HotSpot(TM) 64-Bit Server VM (23.25-b01 mixed mode windows-amd64 compressed oops)
# Problematic frame:
# C  0x00007ffdb482f051  DumpRegistryKeyDefinitions+0x75f441
#
# Failed to write core dump. Minidumps are not enabled by default on client versions of Windows
#
# If you would like to submit a bug report, please visit:
#   http://bugreport.sun.com/bugreport/crash.jsp
# The crash happened outside the Java Virtual Machine in native code.
# See problematic frame for where to report the bug.
#

---------------  T H R E A D  ---------------

Current thread (0x0000000014dbf800):  JavaThread "IDL" [_thread_in_native, id=3188, stack(0x0000000017180000,0x0000000017280000)]

siginfo: ExceptionCode=0xc0000005, reading address 0xffffffffffffffff

Registers:
RAX=0x3f7cd1d13c97f6d7, RBX=0x0000000017270f40, RCX=0x00000000199bbdd8, RDX=0x00000000199bbd00
RSP=0x0000000017270eb8, RBP=0x00007ffdb4ccc950, RSI=0x0000000017270f10, RDI=0x0000000000000007
R8 =0x0000000017270f10, R9 =0x0000000017270f40, R10=0x0000000000000000, R11=0x0000000017270f58
R12=0x00007ffdb4ccc950, R13=0x0000000040cd7ab0, R14=0x0000000000000002, R15=0x0000000029a40000
RIP=0x00007ffdb482f051, EFLAGS=0x0000000000010246

Top of Stack: (sp=0x0000000017270eb8)
0x0000000017270eb8:   00007ffdb46b54c9 0000000017270f10
0x0000000017270ec8:   0000000000000000 3f7ccccd3c4cd140
0x0000000017270ed8:   3f8000003586666f 00000000199bba20
0x0000000017270ee8:   00007ffdb46b5be0 00000000199bbdd8
0x0000000017270ef8:   0000000000000002 0000000017270ff0
0x0000000017270f08:   0000000000000001 00000000199bba20
0x0000000017270f18:   00000000199bba20 00000000199bbdd8
0x0000000017270f28:   0000000000000000 0000000000000012
0x0000000017270f38:   00007ffd00000007 0000000000000000
0x0000000017270f48:   0000000000000000 0000000017271000
0x0000000017270f58:   00000000199bbdd8 00000000199bbde8
0x0000000017270f68:   00000000199bbdf8 00000000199bbe08
0x0000000017270f78:   00000000199bbe18 00000000199bbe28
0x0000000017270f88:   00000000199bbe38 0000000000000000
0x0000000017270f98:   0000000000000000 0000000000000000
0x0000000017270fa8:   0000000000000000 0000000000000000 

Instructions: (pc=0x00007ffdb482f051)
0x00007ffdb482f031:   4a 04 f3 0f 11 42 08 8b 41 30 0f 28 02 48 03 c0
0x00007ffdb482f041:   f3 0f 7f 04 c1 ff 41 30 c3 cc cc 48 8b 01 32 d2
0x00007ffdb482f051:   38 50 34 74 0b 48 8b 41 08 38 50 34 74 02 b2 01
0x00007ffdb482f061:   8a c2 c3 44 8b 81 60 10 00 00 8b 91 18 19 00 00 


Register to memory mapping:

RAX=0x3f7cd1d13c97f6d7 is an unknown value
RBX=0x0000000017270f40 is pointing into the stack for thread: 0x0000000014dbf800
RCX=0x00000000199bbdd8 is an unknown value
RDX=0x00000000199bbd00 is an unknown value
RSP=0x0000000017270eb8 is pointing into the stack for thread: 0x0000000014dbf800
RBP=0x00007ffdb4ccc950 is an unknown value
RSI=0x0000000017270f10 is pointing into the stack for thread: 0x0000000014dbf800
RDI=0x0000000000000007 is an unknown value
R8 =0x0000000017270f10 is pointing into the stack for thread: 0x0000000014dbf800
R9 =0x0000000017270f40 is pointing into the stack for thread: 0x0000000014dbf800
R10=0x0000000000000000 is an unknown value
R11=0x0000000017270f58 is pointing into the stack for thread: 0x0000000014dbf800
R12=0x00007ffdb4ccc950 is an unknown value
R13=0x0000000040cd7ab0 is an unknown value
R14=0x0000000000000002 is an unknown value
R15=0x0000000029a40000 is an unknown value


Stack: [0x0000000017180000,0x0000000017280000],  sp=0x0000000017270eb8,  free space=963k
Native frames: (J=compiled Java code, j=interpreted, Vv=VM code, C=native code)
C  0x00007ffdb482f051  DumpRegistryKeyDefinitions+0x75f441

Java frames: (J=compiled Java code, j=interpreted, Vv=VM code)
j  com.rsi.idldt.core.ips.IPS_Access.IPS_Start([Ljava/lang/String;)V+0
j  com.rsi.idldt.core.ips.IPS_Manager$2.run()V+15
j  java.lang.Thread.run()V+11
v  ~StubRoutines::call_stub

---------------  P R O C E S S  ---------------

Java Threads: ( => current thread )
  0x000000001af06800 JavaThread "Worker-45" [_thread_blocked, id=5604, stack(0x000000001eb30000,0x000000001ec30000)]
  0x000000001af01800 JavaThread "Worker-44" [_thread_blocked, id=2900, stack(0x000000001d880000,0x000000001d980000)]
  0x000000001af08000 JavaThread "Worker-43" [_thread_blocked, id=3892, stack(0x000000001d680000,0x000000001d780000)]
  0x000000001af00800 JavaThread "Worker-42" [_thread_blocked, id=6460, stack(0x0000000015670000,0x0000000015770000)]
  0x000000001af05000 JavaThread "Worker-41" [_thread_blocked, id=5728, stack(0x0000000017cd0000,0x0000000017dd0000)]
  0x000000001af03800 JavaThread "Worker-39" [_thread_blocked, id=1856, stack(0x00000000169c0000,0x0000000016ac0000)]
  0x000000001aef7800 JavaThread "Worker-34" [_thread_blocked, id=340, stack(0x00000000189e0000,0x0000000018ae0000)]
  0x000000001597f000 JavaThread "Timer-2" daemon [_thread_blocked, id=12948, stack(0x000000001d580000,0x000000001d680000)]
  0x0000000015977000 JavaThread "Timer-1" daemon [_thread_blocked, id=11308, stack(0x000000001d1f0000,0x000000001d2f0000)]
  0x000000001597a000 JavaThread "Thread-15" [_thread_in_native, id=13068, stack(0x000000001ce90000,0x000000001cf90000)]
  0x000000001597d800 JavaThread "IDLDT DOM Worker-7" [_thread_blocked, id=1636, stack(0x000000001c9c0000,0x000000001cac0000)]
  0x0000000015977800 JavaThread "IDLDT DOM Worker-6" [_thread_blocked, id=3260, stack(0x000000001c8c0000,0x000000001c9c0000)]
  0x000000001597d000 JavaThread "IDLDT DOM Worker-5" [_thread_blocked, id=1632, stack(0x000000001c7c0000,0x000000001c8c0000)]
  0x0000000016200000 JavaThread "IDLDT DOM Worker-4" [_thread_blocked, id=14468, stack(0x000000001c6c0000,0x000000001c7c0000)]
  0x00000000161ff000 JavaThread "IDLDT DOM Worker-3" [_thread_blocked, id=2828, stack(0x000000001c5c0000,0x000000001c6c0000)]
  0x00000000161fd800 JavaThread "IDLDT DOM Worker-2" [_thread_blocked, id=3016, stack(0x000000001c4c0000,0x000000001c5c0000)]
  0x00000000161fc000 JavaThread "IDLDT DOM Worker-1" [_thread_blocked, id=12524, stack(0x000000001c3c0000,0x000000001c4c0000)]
  0x00000000161fb800 JavaThread "IDLDT DOM Worker-0" [_thread_blocked, id=12668, stack(0x000000001c2c0000,0x000000001c3c0000)]
  0x0000000016200800 JavaThread "Timer-0" daemon [_thread_blocked, id=12504, stack(0x000000001c1c0000,0x000000001c2c0000)]
=>0x0000000014dbf800 JavaThread "IDL" [_thread_in_native, id=3188, stack(0x0000000017180000,0x0000000017280000)]
  0x00000000146a8800 JavaThread "IDLToJava Broker" daemon [_thread_blocked, id=3308, stack(0x0000000017080000,0x0000000017180000)]
  0x000000001469e800 JavaThread "Provisioning Event Dispatcher" daemon [_thread_blocked, id=10456, stack(0x0000000015770000,0x0000000015870000)]
  0x000000001369e000 JavaThread "[ThreadPool Manager] - Idle Thread" daemon [_thread_blocked, id=7968, stack(0x0000000015570000,0x0000000015670000)]
  0x000000001489b000 JavaThread "Bundle File Closer" daemon [_thread_blocked, id=7508, stack(0x0000000015270000,0x0000000015370000)]
  0x000000001473e000 JavaThread "Worker-JM" [_thread_blocked, id=9160, stack(0x0000000015470000,0x0000000015570000)]
  0x00000000138f3800 JavaThread "[Timer] - Main Queue Handler" daemon [_thread_blocked, id=4988, stack(0x0000000015370000,0x0000000015470000)]
  0x00000000138a1800 JavaThread "Framework Event Dispatcher" daemon [_thread_blocked, id=5868, stack(0x0000000015170000,0x0000000015270000)]
  0x00000000146b3000 JavaThread "Start Level Event Dispatcher" daemon [_thread_blocked, id=5864, stack(0x0000000015070000,0x0000000015170000)]
  0x0000000014723000 JavaThread "State Data Manager" daemon [_thread_blocked, id=5164, stack(0x0000000014f70000,0x0000000015070000)]
  0x000000001472c000 JavaThread "Framework Active Thread" [_thread_blocked, id=5872, stack(0x0000000014e70000,0x0000000014f70000)]
  0x0000000011053000 JavaThread "Service Thread" daemon [_thread_blocked, id=13116, stack(0x0000000013440000,0x0000000013540000)]
  0x000000001104e800 JavaThread "C2 CompilerThread1" daemon [_thread_blocked, id=10128, stack(0x0000000013340000,0x0000000013440000)]
  0x000000001104c800 JavaThread "C2 CompilerThread0" daemon [_thread_blocked, id=9232, stack(0x0000000013240000,0x0000000013340000)]
  0x000000001104b800 JavaThread "Attach Listener" daemon [_thread_blocked, id=12104, stack(0x0000000013140000,0x0000000013240000)]
  0x0000000011047000 JavaThread "Signal Dispatcher" daemon [_thread_blocked, id=7892, stack(0x0000000013040000,0x0000000013140000)]
  0x0000000010fbf800 JavaThread "Finalizer" daemon [_thread_blocked, id=12144, stack(0x0000000012f40000,0x0000000013040000)]
  0x0000000010fb8800 JavaThread "Reference Handler" daemon [_thread_blocked, id=9156, stack(0x0000000012e40000,0x0000000012f40000)]
  0x000000000267e800 JavaThread "main" [_thread_in_native, id=11668, stack(0x0000000000050000,0x0000000000150000)]

Other Threads:
  0x0000000010fb4000 VMThread [stack: 0x0000000012d40000,0x0000000012e40000] [id=10676]
  0x0000000013550800 WatcherThread [stack: 0x0000000013940000,0x0000000013a40000] [id=12844]

VM state:not at safepoint (normal execution)

VM Mutex/Monitor currently owned by a thread: None

Heap
 PSYoungGen      total 60544K, used 161K [0x00000007ab800000, 0x00000007b0de0000, 0x0000000800000000)
  eden space 59776K, 0% used [0x00000007ab800000,0x00000007ab8284a8,0x00000007af260000)
  from space 768K, 0% used [0x00000007af260000,0x00000007af260000,0x00000007af320000)
  to   space 14080K, 0% used [0x00000007b0020000,0x00000007b0020000,0x00000007b0de0000)
 ParOldGen       total 178176K, used 88778K [0x0000000702800000, 0x000000070d600000, 0x00000007ab800000)
  object space 178176K, 49% used [0x0000000702800000,0x0000000707eb2a10,0x000000070d600000)
 PSPermGen       total 47808K, used 47459K [0x00000006fd600000, 0x00000007004b0000, 0x0000000702800000)
  object space 47808K, 99% used [0x00000006fd600000,0x0000000700458f80,0x00000007004b0000)

Card table byte_map: [0x0000000005740000,0x0000000005f60000] byte_map_base: 0x0000000001f55000

Polling page: 0x0000000002170000

Code Cache  [0x0000000002680000, 0x0000000002d80000, 0x0000000005680000)
 total_blobs=2562 nmethods=1902 adapters=609 free_code_cache=42118Kb largest_free_block=43032192

Compilation events (10 events):
Event: 3584.409 Thread 0x000000001104e800 2144   !         org.eclipse.swt.internal.ole.win32.COMObject::<init> (219 bytes)
Event: 3584.417 Thread 0x000000001104e800 nmethod 2144 0x0000000002d74710 code [0x0000000002d74920, 0x0000000002d75820]
Event: 3584.792 Thread 0x000000001104c800 2145             java.util.Collections$EmptyList::iterator (4 bytes)
Event: 3584.792 Thread 0x000000001104c800 nmethod 2145 0x00000000028d6010 code [0x00000000028d6140, 0x00000000028d61b8]
Event: 3584.821 Thread 0x000000001104e800   71 %           org.eclipse.jface.text.rules.PatternRule::endSequenceDetected @ 243 (329 bytes)
Event: 3584.827 Thread 0x000000001104e800 nmethod 71% 0x0000000002d73850 code [0x0000000002d73a00, 0x0000000002d740e0]
Event: 3585.097 Thread 0x000000001104c800 2146             org.eclipse.jface.text.rules.PatternRule::endSequenceDetected (329 bytes)
Event: 3585.104 Thread 0x000000001104c800 nmethod 2146 0x0000000002d71e90 code [0x0000000002d720c0, 0x0000000002d72d70]
Event: 3585.133 Thread 0x000000001104e800 2147             org.eclipse.swt.internal.win32.LRESULT::<init> (10 bytes)
Event: 3585.133 Thread 0x000000001104e800 nmethod 2147 0x00000000028d5e10 code [0x00000000028d5f40, 0x00000000028d5f98]

GC Heap History (10 events):
Event: 3542.604 GC heap before
{Heap before GC invocations=934 (full 53):
 PSYoungGen      total 71744K, used 71734K [0x00000007ab800000, 0x00000007b1470000, 0x0000000800000000)
  eden space 61184K, 100% used [0x00000007ab800000,0x00000007af3c0000,0x00000007af3c0000)
  from space 10560K, 99% used [0x00000007b0a20000,0x00000007b146daa8,0x00000007b1470000)
  to   space 15232K, 0% used [0x00000007af6b0000,0x00000007af6b0000,0x00000007b0590000)
 ParOldGen       total 178176K, used 98302K [0x0000000702800000, 0x000000070d600000, 0x00000007ab800000)
  object space 178176K, 55% used [0x0000000702800000,0x00000007087ff838,0x000000070d600000)
 PSPermGen       total 47744K, used 47447K [0x00000006fd600000, 0x00000007004a0000, 0x0000000702800000)
  object space 47744K, 99% used [0x00000006fd600000,0x0000000700455c80,0x00000007004a0000)
Event: 3542.607 GC heap after
Heap after GC invocations=934 (full 53):
 PSYoungGen      total 60096K, used 320K [0x00000007ab800000, 0x00000007b0fa0000, 0x0000000800000000)
  eden space 59776K, 0% used [0x00000007ab800000,0x00000007ab800000,0x00000007af260000)
  from space 320K, 100% used [0x00000007af6b0000,0x00000007af700000,0x00000007af700000)
  to   space 14976K, 0% used [0x00000007b0100000,0x00000007b0100000,0x00000007b0fa0000)
 ParOldGen       total 178176K, used 98633K [0x0000000702800000, 0x000000070d600000, 0x00000007ab800000)
  object space 178176K, 55% used [0x0000000702800000,0x0000000708852568,0x000000070d600000)
 PSPermGen       total 47744K, used 47447K [0x00000006fd600000, 0x00000007004a0000, 0x0000000702800000)
  object space 47744K, 99% used [0x00000006fd600000,0x0000000700455c80,0x00000007004a0000)
}
Event: 3547.571 GC heap before
{Heap before GC invocations=935 (full 53):
 PSYoungGen      total 60096K, used 4205K [0x00000007ab800000, 0x00000007b0fa0000, 0x0000000800000000)
  eden space 59776K, 6% used [0x00000007ab800000,0x00000007abbcb718,0x00000007af260000)
  from space 320K, 100% used [0x00000007af6b0000,0x00000007af700000,0x00000007af700000)
  to   space 14976K, 0% used [0x00000007b0100000,0x00000007b0100000,0x00000007b0fa0000)
 ParOldGen       total 178176K, used 98633K [0x0000000702800000, 0x000000070d600000, 0x00000007ab800000)
  object space 178176K, 55% used [0x0000000702800000,0x0000000708852568,0x000000070d600000)
 PSPermGen       total 47744K, used 47447K [0x00000006fd600000, 0x00000007004a0000, 0x0000000702800000)
  object space 47744K, 99% used [0x00000006fd600000,0x0000000700455f58,0x00000007004a0000)
Event: 3547.574 GC heap after
Heap after GC invocations=935 (full 53):
 PSYoungGen      total 73984K, used 256K [0x00000007ab800000, 0x00000007b0ee0000, 0x0000000800000000)
  eden space 59776K, 0% used [0x00000007ab800000,0x00000007ab800000,0x00000007af260000)
  from space 14208K, 1% used [0x00000007b0100000,0x00000007b0140000,0x00000007b0ee0000)
  to   space 14592K, 0% used [0x00000007af260000,0x00000007af260000,0x00000007b00a0000)
 ParOldGen       total 178176K, used 98801K [0x0000000702800000, 0x000000070d600000, 0x00000007ab800000)
  object space 178176K, 55% used [0x0000000702800000,0x000000070887c568,0x000000070d600000)
 PSPermGen       total 47744K, used 47447K [0x00000006fd600000, 0x00000007004a0000, 0x0000000702800000)
  object space 47744K, 99% used [0x00000006fd600000,0x0000000700455f58,0x00000007004a0000)
}
Event: 3547.574 GC heap before
{Heap before GC invocations=936 (full 54):
 PSYoungGen      total 73984K, used 256K [0x00000007ab800000, 0x00000007b0ee0000, 0x0000000800000000)
  eden space 59776K, 0% used [0x00000007ab800000,0x00000007ab800000,0x00000007af260000)
  from space 14208K, 1% used [0x00000007b0100000,0x00000007b0140000,0x00000007b0ee0000)
  to   space 14592K, 0% used [0x00000007af260000,0x00000007af260000,0x00000007b00a0000)
 ParOldGen       total 178176K, used 98801K [0x0000000702800000, 0x000000070d600000, 0x00000007ab800000)
  object space 178176K, 55% used [0x0000000702800000,0x000000070887c568,0x000000070d600000)
 PSPermGen       total 47744K, used 47447K [0x00000006fd600000, 0x00000007004a0000, 0x0000000702800000)
  object space 47744K, 99% used [0x00000006fd600000,0x0000000700455f58,0x00000007004a0000)
Event: 3547.687 GC heap after
Heap after GC invocations=936 (full 54):
 PSYoungGen      total 73984K, used 0K [0x00000007ab800000, 0x00000007b0ee0000, 0x0000000800000000)
  eden space 59776K, 0% used [0x00000007ab800000,0x00000007ab800000,0x00000007af260000)
  from space 14208K, 0% used [0x00000007b0100000,0x00000007b0100000,0x00000007b0ee0000)
  to   space 14592K, 0% used [0x00000007af260000,0x00000007af260000,0x00000007b00a0000)
 ParOldGen       total 178176K, used 88722K [0x0000000702800000, 0x000000070d600000, 0x00000007ab800000)
  object space 178176K, 49% used [0x0000000702800000,0x0000000707ea4bb0,0x000000070d600000)
 PSPermGen       total 47808K, used 47447K [0x00000006fd600000, 0x00000007004b0000, 0x0000000702800000)
  object space 47808K, 99% used [0x00000006fd600000,0x0000000700455f18,0x00000007004b0000)
}
Event: 3607.590 GC heap before
{Heap before GC invocations=937 (full 54):
 PSYoungGen      total 73984K, used 35880K [0x00000007ab800000, 0x00000007b0ee0000, 0x0000000800000000)
  eden space 59776K, 60% used [0x00000007ab800000,0x00000007adb0a1c0,0x00000007af260000)
  from space 14208K, 0% used [0x00000007b0100000,0x00000007b0100000,0x00000007b0ee0000)
  to   space 14592K, 0% used [0x00000007af260000,0x00000007af260000,0x00000007b00a0000)
 ParOldGen       total 178176K, used 88722K [0x0000000702800000, 0x000000070d600000, 0x00000007ab800000)
  object space 178176K, 49% used [0x0000000702800000,0x0000000707ea4bb0,0x000000070d600000)
 PSPermGen       total 47808K, used 47459K [0x00000006fd600000, 0x00000007004b0000, 0x0000000702800000)
  object space 47808K, 99% used [0x00000006fd600000,0x0000000700458fc0,0x00000007004b0000)
Event: 3607.592 GC heap after
Heap after GC invocations=937 (full 54):
 PSYoungGen      total 60544K, used 736K [0x00000007ab800000, 0x00000007b0de0000, 0x0000000800000000)
  eden space 59776K, 0% used [0x00000007ab800000,0x00000007ab800000,0x00000007af260000)
  from space 768K, 95% used [0x00000007af260000,0x00000007af318000,0x00000007af320000)
  to   space 14080K, 0% used [0x00000007b0020000,0x00000007b0020000,0x00000007b0de0000)
 ParOldGen       total 178176K, used 88722K [0x0000000702800000, 0x000000070d600000, 0x00000007ab800000)
  object space 178176K, 49% used [0x0000000702800000,0x0000000707ea4bb0,0x000000070d600000)
 PSPermGen       total 47808K, used 47459K [0x00000006fd600000, 0x00000007004b0000, 0x0000000702800000)
  object space 47808K, 99% used [0x00000006fd600000,0x0000000700458fc0,0x00000007004b0000)
}
Event: 3607.592 GC heap before
{Heap before GC invocations=938 (full 55):
 PSYoungGen      total 60544K, used 736K [0x00000007ab800000, 0x00000007b0de0000, 0x0000000800000000)
  eden space 59776K, 0% used [0x00000007ab800000,0x00000007ab800000,0x00000007af260000)
  from space 768K, 95% used [0x00000007af260000,0x00000007af318000,0x00000007af320000)
  to   space 14080K, 0% used [0x00000007b0020000,0x00000007b0020000,0x00000007b0de0000)
 ParOldGen       total 178176K, used 88722K [0x0000000702800000, 0x000000070d600000, 0x00000007ab800000)
  object space 178176K, 49% used [0x0000000702800000,0x0000000707ea4bb0,0x000000070d600000)
 PSPermGen       total 47808K, used 47459K [0x00000006fd600000, 0x00000007004b0000, 0x0000000702800000)
  object space 47808K, 99% used [0x00000006fd600000,0x0000000700458fc0,0x00000007004b0000)
Event: 3607.698 GC heap after
Heap after GC invocations=938 (full 55):
 PSYoungGen      total 60544K, used 0K [0x00000007ab800000, 0x00000007b0de0000, 0x0000000800000000)
  eden space 59776K, 0% used [0x00000007ab800000,0x00000007ab800000,0x00000007af260000)
  from space 768K, 0% used [0x00000007af260000,0x00000007af260000,0x00000007af320000)
  to   space 14080K, 0% used [0x00000007b0020000,0x00000007b0020000,0x00000007b0de0000)
 ParOldGen       total 178176K, used 88778K [0x0000000702800000, 0x000000070d600000, 0x00000007ab800000)
  object space 178176K, 49% used [0x0000000702800000,0x0000000707eb2a10,0x000000070d600000)
 PSPermGen       total 47808K, used 47459K [0x00000006fd600000, 0x00000007004b0000, 0x0000000702800000)
  object space 47808K, 99% used [0x00000006fd600000,0x0000000700458f80,0x00000007004b0000)
}

Deoptimization events (10 events):
Event: 3046.116 Thread 0x000000000267e800 Uncommon trap -34 fr.pc 0x0000000002bc6cec
Event: 3046.116 Thread 0x000000000267e800 Uncommon trap -83 fr.pc 0x00000000028dc178
Event: 3046.116 Thread 0x000000000267e800 Uncommon trap -83 fr.pc 0x00000000028d5fa4
Event: 3300.865 Thread 0x0000000014723000 Uncommon trap -42 fr.pc 0x0000000002c45140
Event: 3474.139 Thread 0x000000000267e800 Uncommon trap -34 fr.pc 0x0000000002890338
Event: 3475.655 Thread 0x000000000267e800 Uncommon trap -34 fr.pc 0x0000000002c60004
Event: 3522.618 Thread 0x000000000267e800 Uncommon trap -34 fr.pc 0x0000000002c60004
Event: 3535.899 Thread 0x000000000267e800 Uncommon trap -34 fr.pc 0x0000000002c60004
Event: 3541.073 Thread 0x000000000267e800 Uncommon trap -34 fr.pc 0x0000000002890338
Event: 3583.692 Thread 0x000000000267e800 Uncommon trap -34 fr.pc 0x000000000278ebc4

Internal exceptions (10 events):
Event: 491.837 Thread 0x000000000267e800 Implicit null exception at 0x0000000002b8f595 to 0x0000000002b90479
Event: 514.695 Thread 0x0000000015985000 Implicit null exception at 0x0000000002ccf31c to 0x0000000002cd0895
Event: 589.520 Thread 0x000000001aef7800 Threw 0x00000007ad0fc850 at C:\jdk7u2_64p\jdk7u25\hotspot\src\share\vm\runtime\objectMonitor.cpp:1612
Event: 592.523 Thread 0x000000001aef7800 Threw 0x00000007ad22d618 at C:\jdk7u2_64p\jdk7u25\hotspot\src\share\vm\runtime\objectMonitor.cpp:1612
Event: 596.857 Thread 0x000000000267e800 Implicit null exception at 0x00000000029752e2 to 0x0000000002975a69
Event: 596.857 Thread 0x000000000267e800 Implicit null exception at 0x0000000002b3e83f to 0x0000000002b3ff21
Event: 772.806 Thread 0x000000000267e800 Implicit null exception at 0x0000000002bb546a to 0x0000000002bb6ce1
Event: 2676.728 Thread 0x000000000267e800 Implicit null exception at 0x0000000002d217fc to 0x0000000002d233c1
Event: 3027.996 Thread 0x000000001af02000 Threw 0x00000007abacb878 at C:\jdk7u2_64p\jdk7u25\hotspot\src\share\vm\runtime\objectMonitor.cpp:1612
Event: 3208.243 Thread 0x000000001af04800 Threw 0x00000007abecaa90 at C:\jdk7u2_64p\jdk7u25\hotspot\src\share\vm\runtime\objectMonitor.cpp:1612

Events (10 events):
Event: 3585.218 Executing VM operation: RevokeBias
Event: 3585.218 Executing VM operation: RevokeBias done
Event: 3585.218 Executing VM operation: RevokeBias
Event: 3585.219 Executing VM operation: RevokeBias done
Event: 3585.219 Executing VM operation: RevokeBias
Event: 3585.219 Executing VM operation: RevokeBias done
Event: 3607.589 Executing VM operation: ParallelGCSystemGC
Event: 3607.698 Executing VM operation: ParallelGCSystemGC done
Event: 3607.698 Thread 0x000000001af07800 Thread added: 0x000000001af07800
Event: 3607.698 Thread 0x000000001af07800 Thread exited: 0x000000001af07800


Dynamic libraries:
0x0000000000400000 - 0x000000000040e000 	C:\Program Files\Exelis\IDL83\bin\bin.x86_64\idlde.exe
0x00007ffe3c3d0000 - 0x00007ffe3c5e7000 	C:\WINDOWS\SYSTEM32\ntdll.dll
0x00007ffe3b1e0000 - 0x00007ffe3b2a4000 	C:\WINDOWS\System32\KERNEL32.DLL
0x00007ffe397b0000 - 0x00007ffe39b55000 	C:\WINDOWS\System32\KERNELBASE.dll
0x00007ffe35ba0000 - 0x00007ffe35c37000 	C:\WINDOWS\SYSTEM32\apphelp.dll
0x00007ffe3a120000 - 0x00007ffe3a2ce000 	C:\WINDOWS\System32\USER32.dll
0x00007ffe39c80000 - 0x00007ffe39ca6000 	C:\WINDOWS\System32\win32u.dll
0x00007ffe3a2d0000 - 0x00007ffe3a2f9000 	C:\WINDOWS\System32\GDI32.dll
0x00007ffe39dd0000 - 0x00007ffe39ee9000 	C:\WINDOWS\System32\gdi32full.dll
0x00007ffe39b60000 - 0x00007ffe39bfa000 	C:\WINDOWS\System32\msvcp_win.dll
0x00007ffe39cb0000 - 0x00007ffe39dc1000 	C:\WINDOWS\System32\ucrtbase.dll
0x00007ffe3b980000 - 0x00007ffe3ba27000 	C:\WINDOWS\System32\msvcrt.dll
0x00007ffe1f8b0000 - 0x00007ffe1fb43000 	C:\WINDOWS\WinSxS\amd64_microsoft.windows.common-controls_6595b64144ccf1df_6.0.22621.2506_none_270c5ae97388e100\COMCTL32.dll
0x00007ffe3b560000 - 0x00007ffe3b591000 	C:\WINDOWS\System32\IMM32.DLL
0x0000000072000000 - 0x0000000072012000 	C:\Program Files\Exelis\IDL83\bin\bin.x86_64\plugins\org.eclipse.equinox.launcher.win32.win32.x86_64_1.1.100.v20110502\eclipse_1406.dll
0x00007ffe3ade0000 - 0x00007ffe3ae91000 	C:\WINDOWS\System32\ADVAPI32.dll
0x00007ffe3ad30000 - 0x00007ffe3add6000 	C:\WINDOWS\System32\sechost.dll
0x00007ffe3b2b0000 - 0x00007ffe3b3c7000 	C:\WINDOWS\System32\RPCRT4.dll
0x00007ffe31b20000 - 0x00007ffe31b2a000 	C:\WINDOWS\SYSTEM32\VERSION.dll
0x00000000537f0000 - 0x0000000053eff000 	C:\Program Files\Exelis\IDL83\bin\bin.x86_64\jre\bin\server\jvm.dll
0x00007ffe3ba50000 - 0x00007ffe3ba58000 	C:\WINDOWS\System32\PSAPI.DLL
0x00007ffe32400000 - 0x00007ffe32434000 	C:\WINDOWS\SYSTEM32\WINMM.dll
0x00007ffe1d2b0000 - 0x00007ffe1d2b9000 	C:\WINDOWS\SYSTEM32\WSOCK32.dll
0x0000000053710000 - 0x00000000537e2000 	C:\WINDOWS\SYSTEM32\MSVCR100.dll
0x00007ffe3b440000 - 0x00007ffe3b4b1000 	C:\WINDOWS\System32\WS2_32.dll
0x0000000053700000 - 0x000000005370f000 	C:\Program Files\Exelis\IDL83\bin\bin.x86_64\jre\bin\verify.dll
0x00000000536d0000 - 0x00000000536f8000 	C:\Program Files\Exelis\IDL83\bin\bin.x86_64\jre\bin\java.dll
0x00000000536b0000 - 0x00000000536c5000 	C:\Program Files\Exelis\IDL83\bin\bin.x86_64\jre\bin\zip.dll
0x00007ffe38f00000 - 0x00007ffe38f1b000 	C:\WINDOWS\SYSTEM32\CRYPTSP.dll
0x00007ffe38750000 - 0x00007ffe38785000 	C:\WINDOWS\system32\rsaenh.dll
0x00007ffe38d00000 - 0x00007ffe38d2c000 	C:\WINDOWS\SYSTEM32\USERENV.dll
0x00007ffe39670000 - 0x00007ffe39696000 	C:\WINDOWS\SYSTEM32\profapi.dll
0x00007ffe390f0000 - 0x00007ffe39118000 	C:\WINDOWS\SYSTEM32\bcrypt.dll
0x00007ffe39c00000 - 0x00007ffe39c7a000 	C:\WINDOWS\System32\bcryptprimitives.dll
0x00007ffe38e60000 - 0x00007ffe38e6c000 	C:\WINDOWS\SYSTEM32\CRYPTBASE.dll
0x0000000053690000 - 0x00000000536a9000 	C:\Program Files\Exelis\IDL83\bin\bin.x86_64\jre\bin\net.dll
0x00007ffe38c60000 - 0x00007ffe38cc9000 	C:\WINDOWS\system32\mswsock.dll
0x00007ffe27ae0000 - 0x00007ffe27af7000 	C:\WINDOWS\system32\napinsp.dll
0x00007ffe1b520000 - 0x00007ffe1b53b000 	C:\WINDOWS\system32\pnrpnsp.dll
0x00007ffe38260000 - 0x00007ffe38359000 	C:\WINDOWS\SYSTEM32\DNSAPI.dll
0x00007ffe381f0000 - 0x00007ffe3821d000 	C:\WINDOWS\SYSTEM32\IPHLPAPI.DLL
0x00007ffe3a4c0000 - 0x00007ffe3a4c9000 	C:\WINDOWS\System32\NSI.dll
0x00007ffe08b70000 - 0x00007ffe08b81000 	C:\WINDOWS\System32\winrnr.dll
0x00007ffe31b00000 - 0x00007ffe31b15000 	C:\WINDOWS\system32\wshbth.dll
0x00007ffe08b40000 - 0x00007ffe08b61000 	C:\WINDOWS\system32\nlansp_c.dll
0x00007ffe31af0000 - 0x00007ffe31afa000 	C:\Windows\System32\rasadhlp.dll
0x00007ffe317d0000 - 0x00007ffe31853000 	C:\WINDOWS\System32\fwpuclnt.dll
0x0000000053670000 - 0x0000000053681000 	C:\Program Files\Exelis\IDL83\bin\bin.x86_64\jre\bin\nio.dll
0x00007ffe36b40000 - 0x00007ffe36beb000 	C:\WINDOWS\system32\uxtheme.dll
0x00007ffe3c000000 - 0x00007ffe3c389000 	C:\WINDOWS\System32\combase.dll
0x00007ffe3b680000 - 0x00007ffe3b7cf000 	C:\WINDOWS\System32\MSCTF.dll
0x00007ffe38790000 - 0x00007ffe387a8000 	C:\WINDOWS\SYSTEM32\kernel.appcore.dll
0x00007ffe2f470000 - 0x00007ffe2f5ba000 	C:\WINDOWS\SYSTEM32\textinputframework.dll
0x00007ffe3b5a0000 - 0x00007ffe3b677000 	C:\WINDOWS\System32\OLEAUT32.dll
0x00007ffe356b0000 - 0x00007ffe357e3000 	C:\WINDOWS\SYSTEM32\CoreMessaging.dll
0x00007ffe30940000 - 0x00007ffe30cac000 	C:\WINDOWS\SYSTEM32\CoreUIComponents.dll
0x00007ffe374e0000 - 0x00007ffe3761e000 	C:\WINDOWS\SYSTEM32\wintypes.dll
0x00007ffe07f00000 - 0x00007ffe07f69000 	C:\WINDOWS\system32\Oleacc.dll
0x0000000016840000 - 0x00000000168e7000 	C:\Users\77957\.idl\idlworkbench-config-idl8.3.0_x86_64\org.eclipse.osgi\bundles\530\1\.cp\swt-win32-3740.dll
0x00007ffe3af00000 - 0x00007ffe3b0a0000 	C:\WINDOWS\System32\ole32.dll
0x00007ffe3ba80000 - 0x00007ffe3bb79000 	C:\WINDOWS\System32\comdlg32.dll
0x00007ffe3b880000 - 0x00007ffe3b973000 	C:\WINDOWS\System32\shcore.dll
0x00007ffe3aea0000 - 0x00007ffe3aefe000 	C:\WINDOWS\System32\SHLWAPI.dll
0x00007ffe3a4d0000 - 0x00007ffe3ad29000 	C:\WINDOWS\System32\SHELL32.dll
0x00007ffe39ef0000 - 0x00007ffe3a056000 	C:\WINDOWS\System32\CRYPT32.dll
0x00007ffe1f4f0000 - 0x00007ffe1f598000 	C:\WINDOWS\SYSTEM32\WINSPOOL.DRV
0x00007ffde9970000 - 0x00007ffde9989000 	C:\WINDOWS\SYSTEM32\USP10.dll
0x00007ffe211a0000 - 0x00007ffe21694000 	C:\WINDOWS\SYSTEM32\WININET.dll
0x00007ffe34770000 - 0x00007ffe34871000 	C:\WINDOWS\SYSTEM32\propsys.dll
0x00007ffe3b130000 - 0x00007ffe3b1e0000 	C:\WINDOWS\System32\clbcatq.dll
0x00007ffe37620000 - 0x00007ffe37f14000 	C:\WINDOWS\system32\windows.storage.dll
0x0000000016df0000 - 0x0000000016e0e000 	C:\Users\77957\.idl\idlworkbench-config-idl8.3.0_x86_64\org.eclipse.osgi\bundles\530\1\.cp\swt-gdip-win32-3740.dll
0x00007ffe1f5b0000 - 0x00007ffe1f769000 	C:\WINDOWS\WinSxS\amd64_microsoft.windows.gdiplus_6595b64144ccf1df_1.1.22621.2506_none_57f74dcece1b5ace\gdiplus.dll
0x00007ffe34070000 - 0x00007ffe34220000 	C:\WINDOWS\SYSTEM32\WindowsCodecs.dll
0x0000000180000000 - 0x0000000180011000 	C:\Users\77957\.idl\idlworkbench-config-idl8.3.0_x86_64\org.eclipse.osgi\bundles\183\1\.cp\os\win32\x86_64\localfile_1_0_0.dll
0x00007ffdfc670000 - 0x00007ffdfc6bd000 	C:\Program Files\Exelis\IDL83\bin\bin.x86_64\idl_ips.dll
0x00007ffdfb110000 - 0x00007ffdfbe6d000 	C:\Program Files\Exelis\IDL83\bin\bin.x86_64\idl.dll
0x00007ffdfc640000 - 0x00007ffdfc663000 	C:\Program Files\Exelis\IDL83\bin\bin.x86_64\UG3220.dll
0x00007ffe233c0000 - 0x00007ffe233d9000 	C:\WINDOWS\SYSTEM32\NETAPI32.dll
0x00007ffdfc630000 - 0x00007ffdfc63c000 	C:\Program Files\Exelis\IDL83\bin\bin.x86_64\osmesa6_2.dll
0x00007ffe1f890000 - 0x00007ffe1f897000 	C:\WINDOWS\SYSTEM32\MSIMG32.dll
0x00007ffdfc390000 - 0x00007ffdfc3ec000 	C:\Program Files\Exelis\IDL83\bin\bin.x86_64\MesaGLU6_2.dll
0x00007ffdfc310000 - 0x00007ffdfc38c000 	C:\Program Files\Exelis\IDL83\bin\bin.x86_64\freetype2_4_7.dll
0x00007ffdfc180000 - 0x00007ffdfc30e000 	C:\Program Files\Exelis\IDL83\bin\bin.x86_64\MesaGL6_2.dll
0x00007ffe38a50000 - 0x00007ffe38a92000 	C:\WINDOWS\SYSTEM32\SspiCli.dll
0x00007ffe322d0000 - 0x00007ffe322e9000 	C:\WINDOWS\SYSTEM32\dhcpcsvc6.DLL
0x00007ffe322b0000 - 0x00007ffe322cf000 	C:\WINDOWS\SYSTEM32\dhcpcsvc.DLL
0x00007ffdfcfd0000 - 0x00007ffdfd00e000 	C:\WINDOWS\system32\spool\DRIVERS\x64\3\kvpui64.dll
0x00007ffdfae60000 - 0x00007ffdfb10c000 	C:\WINDOWS\system32\spool\DRIVERS\x64\3\kvpdrv64.dll
0x00007ffe16720000 - 0x00007ffe167dc000 	C:\WINDOWS\SYSTEM32\mscms.dll
0x00007ffe2c020000 - 0x00007ffe2c069000 	C:\WINDOWS\SYSTEM32\icm32.dll
0x00007ffe12c10000 - 0x00007ffe12d10000 	C:\WINDOWS\SYSTEM32\OpenGL32.DLL
0x00007ffe13fe0000 - 0x00007ffe1400d000 	C:\WINDOWS\SYSTEM32\GLU32.dll
0x00007ffe36e30000 - 0x00007ffe36e66000 	C:\WINDOWS\SYSTEM32\dxcore.dll
0x00007ffdfc5f0000 - 0x00007ffdfc62e000 	C:\Program Files\Exelis\IDL83\bin\bin.x86_64\gl_driver.dll
0x0000000018300000 - 0x0000000018303000 	C:\WINDOWS\SYSTEM32\icmp.Dll
0x00007ffe08980000 - 0x00007ffe08a30000 	C:\WINDOWS\SYSTEM32\TextShaping.dll
0x00007ffe07bd0000 - 0x00007ffe07e79000 	C:\WINDOWS\system32\explorerframe.dll
0x00007ffe07e80000 - 0x00007ffe07ede000 	C:\WINDOWS\system32\dataexchange.dll
0x00007ffe2e190000 - 0x00007ffe2e415000 	C:\WINDOWS\system32\twinapi.appcore.dll
0x00007ffe03670000 - 0x00007ffe036b2000 	C:\WINDOWS\system32\mlang.dll
0x00007ffe395b0000 - 0x00007ffe39653000 	C:\WINDOWS\SYSTEM32\sxs.dll
0x00007ffdfc570000 - 0x00007ffdfc581000 	C:\Users\77957\.idl\idlworkbench-config-idl8.3.0_x86_64\org.eclipse.osgi\bundles\208\1\.cp\jWinHttp-1.0.0.dll
0x00007ffe33300000 - 0x00007ffe33437000 	C:\WINDOWS\SYSTEM32\WINHTTP.dll
0x00007ffe36dc0000 - 0x00007ffe36deb000 	C:\WINDOWS\system32\dwmapi.dll
0x00007ffe083d0000 - 0x00007ffe088b2000 	C:\WINDOWS\system32\windowsudk.shellcommon.dll
0x00007ffe30700000 - 0x00007ffe30737000 	C:\WINDOWS\system32\XmlLite.dll
0x00007ffe13030000 - 0x00007ffe131a4000 	C:\Windows\System32\Windows.UI.dll
0x00007ffe0a280000 - 0x00007ffe0a3f5000 	C:\Windows\System32\Windows.UI.Immersive.dll
0x00007ffe0f7d0000 - 0x00007ffe0f83b000 	C:\Windows\System32\thumbcache.dll
0x00007ffe34e90000 - 0x00007ffe34f35000 	C:\WINDOWS\SYSTEM32\policymanager.dll
0x00007ffe34df0000 - 0x00007ffe34e83000 	C:\WINDOWS\SYSTEM32\msvcp110_win.dll
0x00007ffe385c0000 - 0x00007ffe385cc000 	C:\WINDOWS\system32\Secur32.dll
0x00007ffe11390000 - 0x00007ffe11435000 	C:\Windows\System32\Windows.FileExplorer.Common.dll
0x00007ffe14960000 - 0x00007ffe1496e000 	C:\WINDOWS\SYSTEM32\atlthunk.dll
0x00007ffe39430000 - 0x00007ffe3947e000 	C:\WINDOWS\system32\CFGMGR32.dll
0x00007ffe1bfe0000 - 0x00007ffe1bffe000 	C:\WINDOWS\system32\MPR.dll
0x00007ffe040d0000 - 0x00007ffe040f9000 	C:\WINDOWS\System32\p9np.dll
0x00007ffe04090000 - 0x00007ffe0409c000 	C:\WINDOWS\System32\drprov.dll
0x00007ffe04070000 - 0x00007ffe04089000 	C:\WINDOWS\System32\ntlanman.dll
0x00007ffe04050000 - 0x00007ffe0406f000 	C:\WINDOWS\System32\davclnt.dll
0x00007ffe38180000 - 0x00007ffe381e6000 	C:\WINDOWS\System32\WINSTA.dll
0x00007ffe31b70000 - 0x00007ffe31b8a000 	C:\WINDOWS\System32\wkscli.dll
0x00007ffe1b030000 - 0x00007ffe1b042000 	C:\WINDOWS\SYSTEM32\cscapi.dll
0x00007ffe38170000 - 0x00007ffe3817c000 	C:\WINDOWS\System32\netutils.dll
0x00007ffe110e0000 - 0x00007ffe1110d000 	C:\Windows\System32\cldapi.dll
0x00007ffe17b10000 - 0x00007ffe17b67000 	C:\Windows\System32\dlnashext.dll
0x00007ffe290c0000 - 0x00007ffe29129000 	C:\Windows\System32\PlayToDevice.dll

VM Arguments:
jvm_args: -Dosgi.instance.area.default=@user.home/IDLWorkspace83 -Dosgi.configuration.area=@user.home/.idl/idlworkbench-config-idl8.3.0_x86_64 -Dosgi.configuration.cascaded=true -Dosgi.checkConfiguration=true -Dosgi.sharedConfiguration.area.readOnly=true -Dorg.eclipse.update.reconcile=false -Declipse.p2.data.area=@config.dir/p2 -Dosgi.sharedConfiguration.area=C:\Program Files\Exelis\IDL83\bin\bin.x86_64/configuration 
java_command: <unknown>
Launcher Type: generic

Environment Variables:
PATH=C:/Program Files/Exelis/IDL83/bin/bin.x86_64/jre/bin/server;C:/Program Files/Exelis/IDL83/bin/bin.x86_64/jre/bin;C:/Program Files/Exelis/IDL83/bin/bin.x86_64/jre/lib/amd64;C:\Program Files\Exelis\IDL83\bin\bin.x86_64\;C:\WINDOWS\system32;C:\WINDOWS;C:\WINDOWS\System32\Wbem;C:\WINDOWS\System32\WindowsPowerShell\v1.0\;C:\WINDOWS\System32\OpenSSH\;C:\Users\77957\AppData\Local\Programs\Python\Python38;C:\Users\77957\AppData\Local\Programs\Python\Python38\Scripts;C:\Users\77957\AppData\Local\Microsoft\WindowsApps;C:\Program Files\JetBrains\PyCharm 2023.1\bin;;C:\Users\77957\AppData\Local\Programs\Python\Python38;;C:\Program Files\Exelis\IDL83\bin\bin.x86_64;
USERNAME=77957
OS=Windows_NT
PROCESSOR_IDENTIFIER=Intel64 Family 6 Model 140 Stepping 1, GenuineIntel



---------------  S Y S T E M  ---------------

OS: Windows 8 , 64 bit Build 9200 

CPU:total 8 (4 cores per cpu, 2 threads per core) family 6 model 140 stepping 1, cmov, cx8, fxsr, mmx, sse, sse2, sse3, ssse3, sse4.1, sse4.2, popcnt, avx, avx2, ht, tsc, tscinvbit

Memory: 4k page, physical 16607280k(8371188k free), swap 17655856k(7365660k free)

vm_info: Java HotSpot(TM) 64-Bit Server VM (23.25-b01) for windows-amd64 JRE (1.7.0_25-b17), built on Jun 21 2013 12:58:32 by "java_re" with unknown MS VC++:1600

time: Thu Nov 23 09:43:30 2023
elapsed time: 3615 seconds

