#
# A fatal error has been detected by the Java Runtime Environment:
#
#  EXCEPTION_ACCESS_VIOLATION (0xc0000005) at pc=0x00007ffa44e35688, pid=5888, tid=2172
#
# JRE version: 7.0_25-b17
# Java VM: Java HotSpot(TM) 64-Bit Server VM (23.25-b01 mixed mode windows-amd64 compressed oops)
# Problematic frame:
# C  0x00007ffa44e35688  DumpRegistryKeyDefinitions+0x5e5a78
#
# Failed to write core dump. Minidumps are not enabled by default on client versions of Windows
#
# If you would like to submit a bug report, please visit:
#   http://bugreport.sun.com/bugreport/crash.jsp
# The crash happened outside the Java Virtual Machine in native code.
# See problematic frame for where to report the bug.
#

---------------  T H R E A D  ---------------

Current thread (0x00000000147f1800):  JavaThread "IDL" [_thread_in_native, id=2172, stack(0x0000000017270000,0x0000000017370000)]

siginfo: ExceptionCode=0xc0000005, reading address 0xffffffffffffffff

Registers:
RAX=0x0000000000000000, RBX=0x0000000017360fd0, RCX=0x00000000189ee348, RDX=0x3f28d6033f800000
RSP=0x0000000017360f18, RBP=0x00007ffa4544c950, RSI=0x0000000017360fa0, RDI=0x0000000000000007
R8 =0x0000000000000000, R9 =0x0000000017360f80, R10=0x00000000189ee348, R11=0x0000000017360fe8
R12=0x00007ffa4544c950, R13=0x0000000022c22120, R14=0x0000000000000002, R15=0x0000000035180000
RIP=0x00007ffa44e35688, EFLAGS=0x0000000000010246

Top of Stack: (sp=0x0000000017360f18)
0x0000000017360f18:   00007ffa44e35647 0000000000000000
0x0000000017360f28:   0000000017360fa0 0000000000000001
0x0000000017360f38:   00007ffa44e35788 0000000000000000
0x0000000017360f48:   00007ffa44e354e3 0000000017360fa0
0x0000000017360f58:   3f8000004130009a 42840207416003ce
0x0000000017360f68:   3f800000426c03c0 00000000189edf90
0x0000000017360f78:   00007ffa44e35be0 0000000000000000
0x0000000017360f88:   0000000000000002 0000000017361080
0x0000000017360f98:   0000000000000001 00000000189edf90
0x0000000017360fa8:   00000000189edf90 00000000189ee348
0x0000000017360fb8:   0000000000000000 0000000000000012
0x0000000017360fc8:   00007ffa00000007 0000000000000000
0x0000000017360fd8:   0000000000000000 0000000000000000
0x0000000017360fe8:   00000000189ee348 00000000189ee358
0x0000000017360ff8:   00000000189ee368 0000000000000000
0x0000000017361008:   00000000189ee388 00000000189ee398 

Instructions: (pc=0x00007ffa44e35688)
0x00007ffa44e35668:   cc cc cc cc cc cc cc cc 45 33 c0 44 39 41 30 0f
0x00007ffa44e35678:   86 80 00 00 00 41 8b c0 48 03 c0 f3 0f 10 04 c1
0x00007ffa44e35688:   f3 0f 5c 04 c2 f3 0f 59 c2 f3 0f 58 04 c1 f3 0f
0x00007ffa44e35698:   11 04 c1 f3 0f 10 44 c1 04 f3 0f 5c 44 c2 04 f3 


Register to memory mapping:

RAX=0x0000000000000000 is an unknown value
RBX=0x0000000017360fd0 is pointing into the stack for thread: 0x00000000147f1800
RCX=0x00000000189ee348 is an unknown value
RDX=0x3f28d6033f800000 is an unknown value
RSP=0x0000000017360f18 is pointing into the stack for thread: 0x00000000147f1800
RBP=0x00007ffa4544c950 is an unknown value
RSI=0x0000000017360fa0 is pointing into the stack for thread: 0x00000000147f1800
RDI=0x0000000000000007 is an unknown value
R8 =0x0000000000000000 is an unknown value
R9 =0x0000000017360f80 is pointing into the stack for thread: 0x00000000147f1800
R10=0x00000000189ee348 is an unknown value
R11=0x0000000017360fe8 is pointing into the stack for thread: 0x00000000147f1800
R12=0x00007ffa4544c950 is an unknown value
R13=0x0000000022c22120 is an unknown value
R14=0x0000000000000002 is an unknown value
R15=0x0000000035180000 is an unknown value


Stack: [0x0000000017270000,0x0000000017370000],  sp=0x0000000017360f18,  free space=963k
Native frames: (J=compiled Java code, j=interpreted, Vv=VM code, C=native code)
C  0x00007ffa44e35688  DumpRegistryKeyDefinitions+0x5e5a78

Java frames: (J=compiled Java code, j=interpreted, Vv=VM code)
j  com.rsi.idldt.core.ips.IPS_Access.IPS_Start([Ljava/lang/String;)V+0
j  com.rsi.idldt.core.ips.IPS_Manager$2.run()V+15
j  java.lang.Thread.run()V+11
v  ~StubRoutines::call_stub

---------------  P R O C E S S  ---------------

Java Threads: ( => current thread )
  0x000000001b71e800 JavaThread "Worker-23" [_thread_blocked, id=16060, stack(0x00000000192e0000,0x00000000193e0000)]
  0x000000001b721800 JavaThread "Worker-22" [_thread_blocked, id=7088, stack(0x0000000018760000,0x0000000018860000)]
  0x000000001b723800 JavaThread "Worker-21" [_thread_blocked, id=7504, stack(0x00000000686c0000,0x00000000687c0000)]
  0x000000001b725000 JavaThread "Worker-20" [_thread_blocked, id=16212, stack(0x000000002cd00000,0x000000002ce00000)]
  0x000000001b725800 JavaThread "Worker-19" [_thread_blocked, id=2452, stack(0x000000001eac0000,0x000000001ebc0000)]
  0x000000001b724000 JavaThread "Worker-18" [_thread_blocked, id=5332, stack(0x0000000019b30000,0x0000000019c30000)]
  0x000000001b720000 JavaThread "Worker-17" [_thread_blocked, id=796, stack(0x0000000016c20000,0x0000000016d20000)]
  0x000000001b71d000 JavaThread "Worker-16" [_thread_blocked, id=15840, stack(0x00000000169c0000,0x0000000016ac0000)]
  0x000000001b722800 JavaThread "Worker-13" [_thread_blocked, id=17004, stack(0x0000000016d20000,0x0000000016e20000)]
  0x0000000014da5800 JavaThread "[ThreadPool Manager] - Idle Thread" daemon [_thread_blocked, id=11456, stack(0x0000000023740000,0x0000000023840000)]
  0x0000000016886800 JavaThread "Timer-2" daemon [_thread_blocked, id=11896, stack(0x000000001ebc0000,0x000000001ecc0000)]
  0x0000000016882000 JavaThread "Timer-1" daemon [_thread_blocked, id=2920, stack(0x000000001d5a0000,0x000000001d6a0000)]
  0x0000000016885800 JavaThread "Thread-15" [_thread_in_native, id=4728, stack(0x000000001d280000,0x000000001d380000)]
  0x0000000016883800 JavaThread "IDLDT DOM Worker-7" [_thread_blocked, id=2856, stack(0x000000001ce40000,0x000000001cf40000)]
  0x0000000016885000 JavaThread "IDLDT DOM Worker-6" [_thread_blocked, id=9472, stack(0x000000001cd40000,0x000000001ce40000)]
  0x0000000016887000 JavaThread "IDLDT DOM Worker-5" [_thread_blocked, id=9064, stack(0x000000001cc40000,0x000000001cd40000)]
  0x00000000162b8800 JavaThread "IDLDT DOM Worker-4" [_thread_blocked, id=15108, stack(0x000000001cb40000,0x000000001cc40000)]
  0x00000000162b7800 JavaThread "IDLDT DOM Worker-3" [_thread_blocked, id=14316, stack(0x000000001ca40000,0x000000001cb40000)]
  0x00000000162b4800 JavaThread "IDLDT DOM Worker-2" [_thread_blocked, id=16084, stack(0x000000001c940000,0x000000001ca40000)]
  0x00000000162b4000 JavaThread "IDLDT DOM Worker-1" [_thread_blocked, id=13080, stack(0x000000001c840000,0x000000001c940000)]
  0x00000000162b5800 JavaThread "IDLDT DOM Worker-0" [_thread_blocked, id=11776, stack(0x000000001c740000,0x000000001c840000)]
  0x00000000162b3000 JavaThread "Timer-0" daemon [_thread_blocked, id=3904, stack(0x000000001c640000,0x000000001c740000)]
=>0x00000000147f1800 JavaThread "IDL" [_thread_in_native, id=2172, stack(0x0000000017270000,0x0000000017370000)]
  0x0000000015cf8000 JavaThread "IDLToJava Broker" daemon [_thread_blocked, id=1384, stack(0x0000000017100000,0x0000000017200000)]
  0x00000000137fe800 JavaThread "Provisioning Event Dispatcher" daemon [_thread_blocked, id=2072, stack(0x00000000157e0000,0x00000000158e0000)]
  0x0000000014831800 JavaThread "Bundle File Closer" daemon [_thread_blocked, id=6044, stack(0x00000000155e0000,0x00000000156e0000)]
  0x0000000014764800 JavaThread "Worker-JM" [_thread_blocked, id=15308, stack(0x00000000154e0000,0x00000000155e0000)]
  0x000000001479d000 JavaThread "[Timer] - Main Queue Handler" daemon [_thread_blocked, id=6992, stack(0x00000000153e0000,0x00000000154e0000)]
  0x00000000147c9000 JavaThread "Framework Event Dispatcher" daemon [_thread_blocked, id=8732, stack(0x00000000151e0000,0x00000000152e0000)]
  0x000000001493a800 JavaThread "Start Level Event Dispatcher" daemon [_thread_blocked, id=836, stack(0x00000000150e0000,0x00000000151e0000)]
  0x0000000014710000 JavaThread "State Data Manager" daemon [_thread_blocked, id=16184, stack(0x0000000014fe0000,0x00000000150e0000)]
  0x0000000013803800 JavaThread "Framework Active Thread" [_thread_blocked, id=13072, stack(0x0000000014ee0000,0x0000000014fe0000)]
  0x00000000110ce000 JavaThread "Service Thread" daemon [_thread_blocked, id=12384, stack(0x00000000138c0000,0x00000000139c0000)]
  0x00000000110be800 JavaThread "C2 CompilerThread1" daemon [_thread_blocked, id=6792, stack(0x00000000133c0000,0x00000000134c0000)]
  0x00000000110bc800 JavaThread "C2 CompilerThread0" daemon [_thread_blocked, id=9376, stack(0x00000000132c0000,0x00000000133c0000)]
  0x00000000110bc000 JavaThread "Attach Listener" daemon [_thread_blocked, id=5784, stack(0x00000000131c0000,0x00000000132c0000)]
  0x0000000011092000 JavaThread "Signal Dispatcher" daemon [_thread_blocked, id=13476, stack(0x00000000130c0000,0x00000000131c0000)]
  0x0000000011029800 JavaThread "Finalizer" daemon [_thread_blocked, id=4184, stack(0x0000000012fc0000,0x00000000130c0000)]
  0x0000000011028800 JavaThread "Reference Handler" daemon [_thread_blocked, id=3280, stack(0x0000000012ec0000,0x0000000012fc0000)]
  0x00000000021ee800 JavaThread "main" [_thread_in_native, id=6796, stack(0x0000000000050000,0x0000000000150000)]

Other Threads:
  0x0000000011024000 VMThread [stack: 0x0000000012dc0000,0x0000000012ec0000] [id=16136]
  0x00000000134de800 WatcherThread [stack: 0x00000000139c0000,0x0000000013ac0000] [id=8872]

VM state:not at safepoint (normal execution)

VM Mutex/Monitor currently owned by a thread: None

Heap
 PSYoungGen      total 17792K, used 8087K [0x00000007ab800000, 0x00000007acb30000, 0x0000000800000000)
  eden space 16128K, 50% used [0x00000007ab800000,0x00000007abfe5d68,0x00000007ac7c0000)
  from space 1664K, 0% used [0x00000007ac970000,0x00000007ac970000,0x00000007acb10000)
  to   space 1728K, 0% used [0x00000007ac7c0000,0x00000007ac7c0000,0x00000007ac970000)
 ParOldGen       total 145344K, used 82115K [0x0000000702800000, 0x000000070b5f0000, 0x00000007ab800000)
  object space 145344K, 56% used [0x0000000702800000,0x0000000707830f90,0x000000070b5f0000)
 PSPermGen       total 47616K, used 47391K [0x00000006fd600000, 0x0000000700480000, 0x0000000702800000)
  object space 47616K, 99% used [0x00000006fd600000,0x0000000700447fc0,0x0000000700480000)

Card table byte_map: [0x00000000057b0000,0x0000000005fd0000] byte_map_base: 0x0000000001fc5000

Polling page: 0x00000000021b0000

Code Cache  [0x00000000026f0000, 0x0000000002e40000, 0x00000000056f0000)
 total_blobs=2579 nmethods=1919 adapters=608 free_code_cache=41907Kb largest_free_block=42705856

Compilation events (10 events):
Event: 5744.875 Thread 0x00000000110be800 2150             org.eclipse.swt.widgets.Composite::wmNotify (466 bytes)
Event: 5744.884 Thread 0x00000000110be800 nmethod 2150 0x0000000002af2390 code [0x0000000002af2600, 0x0000000002af31a8]
Event: 5745.465 Thread 0x00000000110bc800 2151             org.eclipse.swt.widgets.Control::WM_NOTIFY (27 bytes)
Event: 5745.466 Thread 0x00000000110bc800 nmethod 2151 0x000000000287d510 code [0x000000000287d660, 0x000000000287d788]
Event: 5746.741 Thread 0x00000000110be800 2152   !         org.eclipse.core.internal.jobs.Worker::run (392 bytes)
Event: 5746.774 Thread 0x00000000110be800 nmethod 2152 0x0000000002e264d0 code [0x0000000002e26ba0, 0x0000000002e2a9d8]
Event: 5759.074 Thread 0x00000000110bc800 2153             org.eclipse.jface.text.TextUtilities::startsWith (50 bytes)
Event: 5759.076 Thread 0x00000000110bc800 nmethod 2153 0x0000000002976490 code [0x00000000029765e0, 0x0000000002976798]
Event: 5802.358 Thread 0x00000000110be800   78 % !         org.eclipse.core.internal.jobs.Worker::run @ 8 (392 bytes)
Event: 5802.385 Thread 0x00000000110be800 nmethod 78% 0x0000000002e2e650 code [0x0000000002e2ed00, 0x0000000002e32268]

GC Heap History (10 events):
Event: 5804.743 GC heap before
{Heap before GC invocations=725 (full 44):
 PSYoungGen      total 18240K, used 17885K [0x00000007ab800000, 0x00000007acbb0000, 0x0000000800000000)
  eden space 16576K, 99% used [0x00000007ab800000,0x00000007ac82f5a0,0x00000007ac830000)
  from space 1664K, 78% used [0x00000007ac9f0000,0x00000007acb37f48,0x00000007acb90000)
  to   space 1792K, 0% used [0x00000007ac830000,0x00000007ac830000,0x00000007ac9f0000)
 ParOldGen       total 145344K, used 84867K [0x0000000702800000, 0x000000070b5f0000, 0x00000007ab800000)
  object space 145344K, 58% used [0x0000000702800000,0x0000000707ae0d88,0x000000070b5f0000)
 PSPermGen       total 47616K, used 47391K [0x00000006fd600000, 0x0000000700480000, 0x0000000702800000)
  object space 47616K, 99% used [0x00000006fd600000,0x0000000700447fc0,0x0000000700480000)
Event: 5804.745 GC heap after
Heap after GC invocations=725 (full 44):
 PSYoungGen      total 17664K, used 1164K [0x00000007ab800000, 0x00000007acb90000, 0x0000000800000000)
  eden space 16448K, 0% used [0x00000007ab800000,0x00000007ab800000,0x00000007ac810000)
  from space 1216K, 95% used [0x00000007ac830000,0x00000007ac9530e8,0x00000007ac960000)
  to   space 1792K, 0% used [0x00000007ac9d0000,0x00000007ac9d0000,0x00000007acb90000)
 ParOldGen       total 145344K, used 85022K [0x0000000702800000, 0x000000070b5f0000, 0x00000007ab800000)
  object space 145344K, 58% used [0x0000000702800000,0x0000000707b07bf8,0x000000070b5f0000)
 PSPermGen       total 47616K, used 47391K [0x00000006fd600000, 0x0000000700480000, 0x0000000702800000)
  object space 47616K, 99% used [0x00000006fd600000,0x0000000700447fc0,0x0000000700480000)
}
Event: 5804.940 GC heap before
{Heap before GC invocations=726 (full 44):
 PSYoungGen      total 17664K, used 17612K [0x00000007ab800000, 0x00000007acb90000, 0x0000000800000000)
  eden space 16448K, 100% used [0x00000007ab800000,0x00000007ac810000,0x00000007ac810000)
  from space 1216K, 95% used [0x00000007ac830000,0x00000007ac9530e8,0x00000007ac960000)
  to   space 1792K, 0% used [0x00000007ac9d0000,0x00000007ac9d0000,0x00000007acb90000)
 ParOldGen       total 145344K, used 85022K [0x0000000702800000, 0x000000070b5f0000, 0x00000007ab800000)
  object space 145344K, 58% used [0x0000000702800000,0x0000000707b07bf8,0x000000070b5f0000)
 PSPermGen       total 47616K, used 47391K [0x00000006fd600000, 0x0000000700480000, 0x0000000702800000)
  object space 47616K, 99% used [0x00000006fd600000,0x0000000700447fc0,0x0000000700480000)
Event: 5804.942 GC heap after
Heap after GC invocations=726 (full 44):
 PSYoungGen      total 17856K, used 1132K [0x00000007ab800000, 0x00000007acb50000, 0x0000000800000000)
  eden space 16320K, 0% used [0x00000007ab800000,0x00000007ab800000,0x00000007ac7f0000)
  from space 1536K, 73% used [0x00000007ac9d0000,0x00000007acaeb0e8,0x00000007acb50000)
  to   space 1728K, 0% used [0x00000007ac7f0000,0x00000007ac7f0000,0x00000007ac9a0000)
 ParOldGen       total 145344K, used 85152K [0x0000000702800000, 0x000000070b5f0000, 0x00000007ab800000)
  object space 145344K, 58% used [0x0000000702800000,0x0000000707b28120,0x000000070b5f0000)
 PSPermGen       total 47616K, used 47391K [0x00000006fd600000, 0x0000000700480000, 0x0000000702800000)
  object space 47616K, 99% used [0x00000006fd600000,0x0000000700447fc0,0x0000000700480000)
}
Event: 5805.212 GC heap before
{Heap before GC invocations=727 (full 44):
 PSYoungGen      total 17856K, used 17452K [0x00000007ab800000, 0x00000007acb50000, 0x0000000800000000)
  eden space 16320K, 100% used [0x00000007ab800000,0x00000007ac7f0000,0x00000007ac7f0000)
  from space 1536K, 73% used [0x00000007ac9d0000,0x00000007acaeb0e8,0x00000007acb50000)
  to   space 1728K, 0% used [0x00000007ac7f0000,0x00000007ac7f0000,0x00000007ac9a0000)
 ParOldGen       total 145344K, used 85152K [0x0000000702800000, 0x000000070b5f0000, 0x00000007ab800000)
  object space 145344K, 58% used [0x0000000702800000,0x0000000707b28120,0x000000070b5f0000)
 PSPermGen       total 47616K, used 47391K [0x00000006fd600000, 0x0000000700480000, 0x0000000702800000)
  object space 47616K, 99% used [0x00000006fd600000,0x0000000700447fc0,0x0000000700480000)
Event: 5805.214 GC heap after
Heap after GC invocations=727 (full 44):
 PSYoungGen      total 17152K, used 950K [0x00000007ab800000, 0x00000007acb10000, 0x0000000800000000)
  eden space 16192K, 0% used [0x00000007ab800000,0x00000007ab800000,0x00000007ac7d0000)
  from space 960K, 98% used [0x00000007ac7f0000,0x00000007ac8dd850,0x00000007ac8e0000)
  to   space 1664K, 0% used [0x00000007ac970000,0x00000007ac970000,0x00000007acb10000)
 ParOldGen       total 145344K, used 85259K [0x0000000702800000, 0x000000070b5f0000, 0x00000007ab800000)
  object space 145344K, 58% used [0x0000000702800000,0x0000000707b42f90,0x000000070b5f0000)
 PSPermGen       total 47616K, used 47391K [0x00000006fd600000, 0x0000000700480000, 0x0000000702800000)
  object space 47616K, 99% used [0x00000006fd600000,0x0000000700447fc0,0x0000000700480000)
}
Event: 5806.898 GC heap before
{Heap before GC invocations=728 (full 44):
 PSYoungGen      total 17152K, used 2536K [0x00000007ab800000, 0x00000007acb10000, 0x0000000800000000)
  eden space 16192K, 9% used [0x00000007ab800000,0x00000007ab98c7e0,0x00000007ac7d0000)
  from space 960K, 98% used [0x00000007ac7f0000,0x00000007ac8dd850,0x00000007ac8e0000)
  to   space 1664K, 0% used [0x00000007ac970000,0x00000007ac970000,0x00000007acb10000)
 ParOldGen       total 145344K, used 85259K [0x0000000702800000, 0x000000070b5f0000, 0x00000007ab800000)
  object space 145344K, 58% used [0x0000000702800000,0x0000000707b42f90,0x000000070b5f0000)
 PSPermGen       total 47616K, used 47391K [0x00000006fd600000, 0x0000000700480000, 0x0000000702800000)
  object space 47616K, 99% used [0x00000006fd600000,0x0000000700447fc0,0x0000000700480000)
Event: 5806.900 GC heap after
Heap after GC invocations=728 (full 44):
 PSYoungGen      total 17792K, used 224K [0x00000007ab800000, 0x00000007acb30000, 0x0000000800000000)
  eden space 16128K, 0% used [0x00000007ab800000,0x00000007ab800000,0x00000007ac7c0000)
  from space 1664K, 13% used [0x00000007ac970000,0x00000007ac9a8000,0x00000007acb10000)
  to   space 1728K, 0% used [0x00000007ac7c0000,0x00000007ac7c0000,0x00000007ac970000)
 ParOldGen       total 145344K, used 85595K [0x0000000702800000, 0x000000070b5f0000, 0x00000007ab800000)
  object space 145344K, 58% used [0x0000000702800000,0x0000000707b96f48,0x000000070b5f0000)
 PSPermGen       total 47616K, used 47391K [0x00000006fd600000, 0x0000000700480000, 0x0000000702800000)
  object space 47616K, 99% used [0x00000006fd600000,0x0000000700447fc0,0x0000000700480000)
}
Event: 5806.900 GC heap before
{Heap before GC invocations=729 (full 45):
 PSYoungGen      total 17792K, used 224K [0x00000007ab800000, 0x00000007acb30000, 0x0000000800000000)
  eden space 16128K, 0% used [0x00000007ab800000,0x00000007ab800000,0x00000007ac7c0000)
  from space 1664K, 13% used [0x00000007ac970000,0x00000007ac9a8000,0x00000007acb10000)
  to   space 1728K, 0% used [0x00000007ac7c0000,0x00000007ac7c0000,0x00000007ac970000)
 ParOldGen       total 145344K, used 85595K [0x0000000702800000, 0x000000070b5f0000, 0x00000007ab800000)
  object space 145344K, 58% used [0x0000000702800000,0x0000000707b96f48,0x000000070b5f0000)
 PSPermGen       total 47616K, used 47391K [0x00000006fd600000, 0x0000000700480000, 0x0000000702800000)
  object space 47616K, 99% used [0x00000006fd600000,0x0000000700447fc0,0x0000000700480000)
Event: 5806.972 GC heap after
Heap after GC invocations=729 (full 45):
 PSYoungGen      total 17792K, used 0K [0x00000007ab800000, 0x00000007acb30000, 0x0000000800000000)
  eden space 16128K, 0% used [0x00000007ab800000,0x00000007ab800000,0x00000007ac7c0000)
  from space 1664K, 0% used [0x00000007ac970000,0x00000007ac970000,0x00000007acb10000)
  to   space 1728K, 0% used [0x00000007ac7c0000,0x00000007ac7c0000,0x00000007ac970000)
 ParOldGen       total 145344K, used 82115K [0x0000000702800000, 0x000000070b5f0000, 0x00000007ab800000)
  object space 145344K, 56% used [0x0000000702800000,0x0000000707830f90,0x000000070b5f0000)
 PSPermGen       total 47616K, used 47391K [0x00000006fd600000, 0x0000000700480000, 0x0000000702800000)
  object space 47616K, 99% used [0x00000006fd600000,0x0000000700447fc0,0x0000000700480000)
}

Deoptimization events (10 events):
Event: 5321.443 Thread 0x00000000021ee800 Uncommon trap -83 fr.pc 0x0000000002d0875c
Event: 5360.375 Thread 0x0000000014710000 Uncommon trap -42 fr.pc 0x0000000002cd5fd0
Event: 5471.056 Thread 0x00000000021ee800 Uncommon trap -83 fr.pc 0x0000000002912378
Event: 5471.056 Thread 0x00000000021ee800 Uncommon trap -83 fr.pc 0x0000000002912f8c
Event: 5474.433 Thread 0x00000000021ee800 Uncommon trap -34 fr.pc 0x00000000029045f8
Event: 5550.810 Thread 0x00000000021ee800 Uncommon trap -83 fr.pc 0x00000000029198d4
Event: 5551.422 Thread 0x00000000021ee800 Uncommon trap -34 fr.pc 0x00000000029045f8
Event: 5660.388 Thread 0x0000000014710000 Uncommon trap -42 fr.pc 0x0000000002cd5fd0
Event: 5709.276 Thread 0x00000000021ee800 Uncommon trap -83 fr.pc 0x0000000002b4d2fc
Event: 5709.278 Thread 0x00000000021ee800 Uncommon trap -58 fr.pc 0x0000000002cc4fe8

Internal exceptions (10 events):
Event: 5064.645 Thread 0x00000000021ee800 Implicit null exception at 0x0000000002ca78c8 to 0x0000000002ca7f8d
Event: 5069.387 Thread 0x00000000021ee800 Implicit null exception at 0x0000000002c8c111 to 0x0000000002c8c17a
Event: 5069.569 Thread 0x00000000021ee800 Implicit null exception at 0x00000000028b028b to 0x00000000028b02cf
Event: 5073.511 Thread 0x00000000021ee800 Implicit null exception at 0x0000000002b4e596 to 0x0000000002b4e681
Event: 5073.621 Thread 0x000000001b71d000 Implicit null exception at 0x0000000002d2b0a8 to 0x0000000002d2b101
Event: 5094.277 Thread 0x000000001b723800 Implicit null exception at 0x0000000002d32fbc to 0x0000000002d35f85
Event: 5230.012 Thread 0x0000000011029800 Implicit null exception at 0x0000000002cb9cfb to 0x0000000002cba75d
Event: 5306.756 Thread 0x000000001b71e000 Threw 0x00000007abc2c628 at C:\jdk7u2_64p\jdk7u25\hotspot\src\share\vm\runtime\objectMonitor.cpp:1612
Event: 5709.276 Thread 0x00000000021ee800 Implicit null exception at 0x0000000002b4d10f to 0x0000000002b4d2e1
Event: 5724.594 Thread 0x000000001b71e000 Threw 0x00000007ac38c310 at C:\jdk7u2_64p\jdk7u25\hotspot\src\share\vm\runtime\objectMonitor.cpp:1612

Events (10 events):
Event: 5807.898 Executing VM operation: RevokeBias
Event: 5807.898 Executing VM operation: RevokeBias done
Event: 5807.899 Executing VM operation: RevokeBias
Event: 5807.899 Executing VM operation: RevokeBias done
Event: 5807.899 Executing VM operation: RevokeBias
Event: 5807.899 Executing VM operation: RevokeBias done
Event: 5807.899 Executing VM operation: RevokeBias
Event: 5807.899 Executing VM operation: RevokeBias done
Event: 5807.899 Executing VM operation: RevokeBias
Event: 5807.899 Executing VM operation: RevokeBias done


Dynamic libraries:
0x0000000000400000 - 0x000000000040e000 	C:\Program Files\Exelis\IDL83\bin\bin.x86_64\idlde.exe
0x00007ffabb930000 - 0x00007ffabbb47000 	C:\WINDOWS\SYSTEM32\ntdll.dll
0x00007ffaba1d0000 - 0x00007ffaba294000 	C:\WINDOWS\System32\KERNEL32.DLL
0x00007ffab8d60000 - 0x00007ffab9105000 	C:\WINDOWS\System32\KERNELBASE.dll
0x00007ffab5110000 - 0x00007ffab51a7000 	C:\WINDOWS\SYSTEM32\apphelp.dll
0x00007ffaba600000 - 0x00007ffaba7ae000 	C:\WINDOWS\System32\USER32.dll
0x00007ffab9230000 - 0x00007ffab9256000 	C:\WINDOWS\System32\win32u.dll
0x00007ffaba050000 - 0x00007ffaba079000 	C:\WINDOWS\System32\GDI32.dll
0x00007ffab9560000 - 0x00007ffab9679000 	C:\WINDOWS\System32\gdi32full.dll
0x00007ffab92d0000 - 0x00007ffab936a000 	C:\WINDOWS\System32\msvcp_win.dll
0x00007ffab9110000 - 0x00007ffab9221000 	C:\WINDOWS\System32\ucrtbase.dll
0x00007ffabafe0000 - 0x00007ffabb087000 	C:\WINDOWS\System32\msvcrt.dll
0x00007ffa9bc30000 - 0x00007ffa9bec3000 	C:\WINDOWS\WinSxS\amd64_microsoft.windows.common-controls_6595b64144ccf1df_6.0.22621.2506_none_270c5ae97388e100\COMCTL32.dll
0x00007ffab9a90000 - 0x00007ffab9ac1000 	C:\WINDOWS\System32\IMM32.DLL
0x0000000072000000 - 0x0000000072012000 	C:\Program Files\Exelis\IDL83\bin\bin.x86_64\plugins\org.eclipse.equinox.launcher.win32.win32.x86_64_1.1.100.v20110502\eclipse_1406.dll
0x00007ffabaf20000 - 0x00007ffabafd1000 	C:\WINDOWS\System32\ADVAPI32.dll
0x00007ffab9ad0000 - 0x00007ffab9b76000 	C:\WINDOWS\System32\sechost.dll
0x00007ffaba0b0000 - 0x00007ffaba1c7000 	C:\WINDOWS\System32\RPCRT4.dll
0x00007ffab1fe0000 - 0x00007ffab1fea000 	C:\WINDOWS\SYSTEM32\VERSION.dll
0x000000006b230000 - 0x000000006b93f000 	C:\Program Files\Exelis\IDL83\bin\bin.x86_64\jre\bin\server\jvm.dll
0x00007ffaba090000 - 0x00007ffaba098000 	C:\WINDOWS\System32\PSAPI.DLL
0x00007ffab3e90000 - 0x00007ffab3e99000 	C:\WINDOWS\SYSTEM32\WSOCK32.dll
0x00007ffab1680000 - 0x00007ffab16b4000 	C:\WINDOWS\SYSTEM32\WINMM.dll
0x000000006b150000 - 0x000000006b222000 	C:\WINDOWS\SYSTEM32\MSVCR100.dll
0x00007ffab9680000 - 0x00007ffab96f1000 	C:\WINDOWS\System32\WS2_32.dll
0x000000006b140000 - 0x000000006b14f000 	C:\Program Files\Exelis\IDL83\bin\bin.x86_64\jre\bin\verify.dll
0x000000006b110000 - 0x000000006b138000 	C:\Program Files\Exelis\IDL83\bin\bin.x86_64\jre\bin\java.dll
0x000000006b0f0000 - 0x000000006b105000 	C:\Program Files\Exelis\IDL83\bin\bin.x86_64\jre\bin\zip.dll
0x00007ffab8440000 - 0x00007ffab845b000 	C:\WINDOWS\SYSTEM32\CRYPTSP.dll
0x00007ffab7cc0000 - 0x00007ffab7cf5000 	C:\WINDOWS\system32\rsaenh.dll
0x00007ffab82e0000 - 0x00007ffab830c000 	C:\WINDOWS\SYSTEM32\USERENV.dll
0x00007ffab8bd0000 - 0x00007ffab8bf6000 	C:\WINDOWS\SYSTEM32\profapi.dll
0x00007ffab8650000 - 0x00007ffab8678000 	C:\WINDOWS\SYSTEM32\bcrypt.dll
0x00007ffab9370000 - 0x00007ffab93ea000 	C:\WINDOWS\System32\bcryptprimitives.dll
0x00007ffab8460000 - 0x00007ffab846c000 	C:\WINDOWS\SYSTEM32\CRYPTBASE.dll
0x000000006b0d0000 - 0x000000006b0e9000 	C:\Program Files\Exelis\IDL83\bin\bin.x86_64\jre\bin\net.dll
0x00007ffab81e0000 - 0x00007ffab8249000 	C:\WINDOWS\system32\mswsock.dll
0x00007ffa9de20000 - 0x00007ffa9de37000 	C:\WINDOWS\system32\napinsp.dll
0x00007ffa92b40000 - 0x00007ffa92b5b000 	C:\WINDOWS\system32\pnrpnsp.dll
0x00007ffab77c0000 - 0x00007ffab78b9000 	C:\WINDOWS\SYSTEM32\DNSAPI.dll
0x00007ffab7750000 - 0x00007ffab777d000 	C:\WINDOWS\SYSTEM32\IPHLPAPI.DLL
0x00007ffaba080000 - 0x00007ffaba089000 	C:\WINDOWS\System32\NSI.dll
0x00007ffa8f2f0000 - 0x00007ffa8f301000 	C:\WINDOWS\System32\winrnr.dll
0x00007ffab1410000 - 0x00007ffab1425000 	C:\WINDOWS\system32\wshbth.dll
0x00007ffa8f2c0000 - 0x00007ffa8f2e1000 	C:\WINDOWS\system32\nlansp_c.dll
0x00007ffab1160000 - 0x00007ffab116a000 	C:\Windows\System32\rasadhlp.dll
0x00007ffab1010000 - 0x00007ffab1093000 	C:\WINDOWS\System32\fwpuclnt.dll
0x000000006b0b0000 - 0x000000006b0c1000 	C:\Program Files\Exelis\IDL83\bin\bin.x86_64\jre\bin\nio.dll
0x00007ffab60a0000 - 0x00007ffab614b000 	C:\WINDOWS\system32\uxtheme.dll
0x00007ffab9700000 - 0x00007ffab9a89000 	C:\WINDOWS\System32\combase.dll
0x00007ffaba860000 - 0x00007ffaba9af000 	C:\WINDOWS\System32\MSCTF.dll
0x00007ffab7d00000 - 0x00007ffab7d18000 	C:\WINDOWS\SYSTEM32\kernel.appcore.dll
0x00007ffaafa50000 - 0x00007ffaafb9a000 	C:\WINDOWS\SYSTEM32\textinputframework.dll
0x00007ffaba3a0000 - 0x00007ffaba477000 	C:\WINDOWS\System32\OLEAUT32.dll
0x00007ffab4e20000 - 0x00007ffab4f53000 	C:\WINDOWS\SYSTEM32\CoreMessaging.dll
0x00007ffab01e0000 - 0x00007ffab054c000 	C:\WINDOWS\SYSTEM32\CoreUIComponents.dll
0x00007ffab6a40000 - 0x00007ffab6b7e000 	C:\WINDOWS\SYSTEM32\wintypes.dll
0x00007ffa91170000 - 0x00007ffa911d9000 	C:\WINDOWS\system32\Oleacc.dll
0x00000000168b0000 - 0x0000000016957000 	C:\Users\77957\.idl\idlworkbench-config-idl8.3.0_x86_64\org.eclipse.osgi\bundles\530\1\.cp\swt-win32-3740.dll
0x00007ffabaa40000 - 0x00007ffababe0000 	C:\WINDOWS\System32\ole32.dll
0x00007ffabac60000 - 0x00007ffabad59000 	C:\WINDOWS\System32\comdlg32.dll
0x00007ffaba480000 - 0x00007ffaba573000 	C:\WINDOWS\System32\shcore.dll
0x00007ffaba340000 - 0x00007ffaba39e000 	C:\WINDOWS\System32\SHLWAPI.dll
0x00007ffabb090000 - 0x00007ffabb8e9000 	C:\WINDOWS\System32\SHELL32.dll
0x00007ffab93f0000 - 0x00007ffab9556000 	C:\WINDOWS\System32\CRYPT32.dll
0x00007ffa990f0000 - 0x00007ffa99198000 	C:\WINDOWS\SYSTEM32\WINSPOOL.DRV
0x00007ffa67f10000 - 0x00007ffa67f29000 	C:\WINDOWS\SYSTEM32\USP10.dll
0x00007ffa9e830000 - 0x00007ffa9ed24000 	C:\WINDOWS\SYSTEM32\WININET.dll
0x00007ffab3b30000 - 0x00007ffab3c31000 	C:\WINDOWS\SYSTEM32\propsys.dll
0x00007ffaba7b0000 - 0x00007ffaba860000 	C:\WINDOWS\System32\clbcatq.dll
0x00007ffab6b80000 - 0x00007ffab7474000 	C:\WINDOWS\system32\windows.storage.dll
0x00007ffa9db40000 - 0x00007ffa9dcf6000 	C:\Windows\System32\TaskFlowDataEngine.dll
0x0000000016af0000 - 0x0000000016b0e000 	C:\Users\77957\.idl\idlworkbench-config-idl8.3.0_x86_64\org.eclipse.osgi\bundles\530\1\.cp\swt-gdip-win32-3740.dll
0x00007ffa99210000 - 0x00007ffa993c9000 	C:\WINDOWS\WinSxS\amd64_microsoft.windows.gdiplus_6595b64144ccf1df_1.1.22621.2506_none_57f74dcece1b5ace\gdiplus.dll
0x00007ffab4600000 - 0x00007ffab47b0000 	C:\WINDOWS\SYSTEM32\WindowsCodecs.dll
0x0000000180000000 - 0x0000000180011000 	C:\Users\77957\.idl\idlworkbench-config-idl8.3.0_x86_64\org.eclipse.osgi\bundles\183\1\.cp\os\win32\x86_64\localfile_1_0_0.dll
0x00007ffab17e0000 - 0x00007ffab182d000 	C:\Program Files\Exelis\IDL83\bin\bin.x86_64\idl_ips.dll
0x00007ffa74e20000 - 0x00007ffa75b7d000 	C:\Program Files\Exelis\IDL83\bin\bin.x86_64\idl.dll
0x00007ffa9dd00000 - 0x00007ffa9dd5c000 	C:\Program Files\Exelis\IDL83\bin\bin.x86_64\MesaGLU6_2.dll
0x00007ffab16d0000 - 0x00007ffab16f3000 	C:\Program Files\Exelis\IDL83\bin\bin.x86_64\UG3220.dll
0x00007ffab1880000 - 0x00007ffab188c000 	C:\Program Files\Exelis\IDL83\bin\bin.x86_64\osmesa6_2.dll
0x00007ffa9dd80000 - 0x00007ffa9dd99000 	C:\WINDOWS\SYSTEM32\NETAPI32.dll
0x00007ffa9d480000 - 0x00007ffa9d60e000 	C:\Program Files\Exelis\IDL83\bin\bin.x86_64\MesaGL6_2.dll
0x00007ffa99200000 - 0x00007ffa99207000 	C:\WINDOWS\SYSTEM32\MSIMG32.dll
0x00007ffa962a0000 - 0x00007ffa9631c000 	C:\Program Files\Exelis\IDL83\bin\bin.x86_64\freetype2_4_7.dll
0x00007ffab7fc0000 - 0x00007ffab8002000 	C:\WINDOWS\SYSTEM32\SspiCli.dll
0x00007ffab2b60000 - 0x00007ffab2bd8000 	C:\WINDOWS\System32\netprofm.dll
0x00007ffab0e40000 - 0x00007ffab0e58000 	C:\WINDOWS\System32\npmproxy.dll
0x00007ffab1ff0000 - 0x00007ffab2009000 	C:\WINDOWS\SYSTEM32\dhcpcsvc6.DLL
0x00007ffab1db0000 - 0x00007ffab1dcf000 	C:\WINDOWS\SYSTEM32\dhcpcsvc.DLL
0x0000000017d50000 - 0x000000001803b000 	C:\WINDOWS\system32\spool\DRIVERS\x64\3\hp1100su.dll
0x0000000018040000 - 0x0000000018145000 	C:\WINDOWS\system32\spool\DRIVERS\x64\3\HP1100GC.dll
0x0000000016f90000 - 0x0000000016fef000 	C:\WINDOWS\system32\spool\DRIVERS\x64\3\hp1100sd.dll
0x00007ffa994a0000 - 0x00007ffa995a0000 	C:\WINDOWS\SYSTEM32\OpenGL32.DLL
0x00007ffa9b6c0000 - 0x00007ffa9b6ed000 	C:\WINDOWS\SYSTEM32\GLU32.dll
0x00007ffab6390000 - 0x00007ffab63c6000 	C:\WINDOWS\SYSTEM32\dxcore.dll
0x00007ffab0d20000 - 0x00007ffab0d5e000 	C:\Program Files\Exelis\IDL83\bin\bin.x86_64\gl_driver.dll
0x0000000016e60000 - 0x0000000016e63000 	C:\WINDOWS\SYSTEM32\icmp.Dll
0x00007ffa88520000 - 0x00007ffa885d0000 	C:\WINDOWS\SYSTEM32\TextShaping.dll
0x00007ffa90c40000 - 0x00007ffa90ee9000 	C:\WINDOWS\system32\explorerframe.dll
0x00007ffa90ef0000 - 0x00007ffa90f4e000 	C:\WINDOWS\system32\dataexchange.dll
0x00007ffaadee0000 - 0x00007ffaae165000 	C:\WINDOWS\system32\twinapi.appcore.dll
0x00007ffa828a0000 - 0x00007ffa828e2000 	C:\WINDOWS\system32\mlang.dll
0x00007ffab8b10000 - 0x00007ffab8bb3000 	C:\WINDOWS\SYSTEM32\sxs.dll
0x00007ffa9ede0000 - 0x00007ffa9edf1000 	C:\Users\77957\.idl\idlworkbench-config-idl8.3.0_x86_64\org.eclipse.osgi\bundles\208\1\.cp\jWinHttp-1.0.0.dll
0x00007ffab29b0000 - 0x00007ffab2ae7000 	C:\WINDOWS\SYSTEM32\WINHTTP.dll
0x00007ffab6320000 - 0x00007ffab634b000 	C:\WINDOWS\system32\dwmapi.dll
0x00007ffa87600000 - 0x00007ffa87ae2000 	C:\WINDOWS\system32\windowsudk.shellcommon.dll
0x00007ffab0a60000 - 0x00007ffab0a97000 	C:\WINDOWS\system32\XmlLite.dll
0x00007ffa91c90000 - 0x00007ffa91e04000 	C:\Windows\System32\Windows.UI.dll
0x00007ffa89990000 - 0x00007ffa89b05000 	C:\Windows\System32\Windows.UI.Immersive.dll
0x00007ffa8f700000 - 0x00007ffa8f76b000 	C:\Windows\System32\thumbcache.dll
0x00007ffab3690000 - 0x00007ffab3735000 	C:\WINDOWS\SYSTEM32\policymanager.dll
0x00007ffab3490000 - 0x00007ffab3523000 	C:\WINDOWS\SYSTEM32\msvcp110_win.dll
0x00007ffab7b20000 - 0x00007ffab7b2c000 	C:\WINDOWS\system32\Secur32.dll
0x00007ffa8dca0000 - 0x00007ffa8dd45000 	C:\Windows\System32\Windows.FileExplorer.Common.dll
0x00007ffa9e5b0000 - 0x00007ffa9e5be000 	C:\WINDOWS\SYSTEM32\atlthunk.dll
0x00007ffab8990000 - 0x00007ffab89de000 	C:\WINDOWS\system32\CFGMGR32.dll
0x00007ffab00a0000 - 0x00007ffab01d5000 	C:\Windows\System32\Windows.System.Launcher.dll
0x00007ffab1450000 - 0x00007ffab146a000 	C:\WINDOWS\SYSTEM32\windows.staterepositorycore.dll
0x00007ffaa47c0000 - 0x00007ffaa47de000 	C:\WINDOWS\system32\MPR.dll
0x00007ffa9edb0000 - 0x00007ffa9edd9000 	C:\WINDOWS\System32\p9np.dll
0x00007ffa9f460000 - 0x00007ffa9f46c000 	C:\WINDOWS\System32\drprov.dll
0x00007ffa9ed90000 - 0x00007ffa9eda9000 	C:\WINDOWS\System32\ntlanman.dll
0x00007ffa9ed70000 - 0x00007ffa9ed8f000 	C:\WINDOWS\System32\davclnt.dll
0x00007ffab76e0000 - 0x00007ffab7746000 	C:\WINDOWS\System32\WINSTA.dll
0x00007ffab1640000 - 0x00007ffab165a000 	C:\WINDOWS\System32\wkscli.dll
0x00007ffa93070000 - 0x00007ffa93082000 	C:\WINDOWS\SYSTEM32\cscapi.dll

VM Arguments:
jvm_args: -Dosgi.instance.area.default=@user.home/IDLWorkspace83 -Dosgi.configuration.area=@user.home/.idl/idlworkbench-config-idl8.3.0_x86_64 -Dosgi.configuration.cascaded=true -Dosgi.checkConfiguration=true -Dosgi.sharedConfiguration.area.readOnly=true -Dorg.eclipse.update.reconcile=false -Declipse.p2.data.area=@config.dir/p2 -Dosgi.sharedConfiguration.area=C:\Program Files\Exelis\IDL83\bin\bin.x86_64/configuration 
java_command: <unknown>
Launcher Type: generic

Environment Variables:
PATH=C:/Program Files/Exelis/IDL83/bin/bin.x86_64/jre/bin/server;C:/Program Files/Exelis/IDL83/bin/bin.x86_64/jre/bin;C:/Program Files/Exelis/IDL83/bin/bin.x86_64/jre/lib/amd64;C:\Program Files\Exelis\IDL83\bin\bin.x86_64\;C:\WINDOWS\system32;C:\WINDOWS;C:\WINDOWS\System32\Wbem;C:\WINDOWS\System32\WindowsPowerShell\v1.0\;C:\WINDOWS\System32\OpenSSH\;C:\Users\77957\AppData\Local\Programs\Python\Python38;C:\Users\77957\AppData\Local\Programs\Python\Python38\Scripts;C:\Users\77957\AppData\Local\Microsoft\WindowsApps;C:\Program Files\JetBrains\PyCharm 2023.1\bin;;C:\Users\77957\AppData\Local\Programs\Python\Python38;;C:\Program Files\Exelis\IDL83\bin\bin.x86_64;
USERNAME=77957
OS=Windows_NT
PROCESSOR_IDENTIFIER=Intel64 Family 6 Model 140 Stepping 1, GenuineIntel



---------------  S Y S T E M  ---------------

OS: Windows 8 , 64 bit Build 9200 

CPU:total 8 (4 cores per cpu, 2 threads per core) family 6 model 140 stepping 1, cmov, cx8, fxsr, mmx, sse, sse2, sse3, ssse3, sse4.1, sse4.2, popcnt, avx, avx2, ht, tsc, tscinvbit

Memory: 4k page, physical 16607280k(8902412k free), swap 17655856k(7177936k free)

vm_info: Java HotSpot(TM) 64-Bit Server VM (23.25-b01) for windows-amd64 JRE (1.7.0_25-b17), built on Jun 21 2013 12:58:32 by "java_re" with unknown MS VC++:1600

time: Mon Nov 20 17:22:09 2023
elapsed time: 5819 seconds

