#
# A fatal error has been detected by the Java Runtime Environment:
#
#  EXCEPTION_ACCESS_VIOLATION (0xc0000005) at pc=0x00007ffa493939d4, pid=6944, tid=10492
#
# JRE version: 7.0_25-b17
# Java VM: Java HotSpot(TM) 64-Bit Server VM (23.25-b01 mixed mode windows-amd64 compressed oops)
# Problematic frame:
# C  [idl.dll+0x4139d4]  IDL_igSrcDestPopContext+0x1044
#
# Failed to write core dump. Minidumps are not enabled by default on client versions of Windows
#
# If you would like to submit a bug report, please visit:
#   http://bugreport.sun.com/bugreport/crash.jsp
# The crash happened outside the Java Virtual Machine in native code.
# See problematic frame for where to report the bug.
#

---------------  T H R E A D  ---------------

Current thread (0x0000000014713000):  JavaThread "IDL" [_thread_in_native, id=10492, stack(0x0000000016f60000,0x0000000017060000)]

siginfo: ExceptionCode=0xc0000005, reading address 0x0000000000000058

Registers:
RAX=0x0000000000000000, RBX=0x0000000018ea8ea0, RCX=0x0000000000000000, RDX=0x000000001590f910
RSP=0x000000001705e180, RBP=0x000000001705e280, RSI=0x00000000143c8fa0, RDI=0x000000001705e210
R8 =0x0000000000000002, R9 =0x0000000000000000, R10=0x0000000000000052, R11=0x0000000000000006
R12=0x00000000143cb0a0, R13=0x000000000000001e, R14=0x0000000000000000, R15=0x0000000015984a50
RIP=0x00007ffa493939d4, EFLAGS=0x0000000000010206

Top of Stack: (sp=0x000000001705e180)
0x000000001705e180:   00000000159a79c0 000000001590f910
0x000000001705e190:   0000000000000002 0000000000000000
0x000000001705e1a0:   0000000000000000 00007ffa00000001
0x000000001705e1b0:   000000001705e1f0 0000000000000000
0x000000001705e1c0:   0000000000000000 00007ffa00000000
0x000000001705e1d0:   000000000000001e 00007ffa497e16d0
0x000000001705e1e0:   000000001705f000 000000001705e1f0
0x000000001705e1f0:   000000001705e228 0000000000000000
0x000000001705e200:   0000000000000000 00007ffa00000000
0x000000001705e210:   0000000000000000 00000000000043bb
0x000000001705e220:   0000000000000000 000000000000010b
0x000000001705e230:   00000000000043b8 0000000000000000
0x000000001705e240:   00000000159ea298 00007ffa497e0208
0x000000001705e250:   00000000159ea298 00000000159e9de8
0x000000001705e260:   00000000159e9d20 00007ffa4937b7a0
0x000000001705e270:   0000000015d46930 0000000000000002 

Instructions: (pc=0x00007ffa493939d4)
0x00007ffa493939b4:   41 02 e8 e5 4a cb ff 48 8b c8 48 8b 46 20 48 03
0x00007ffa493939c4:   48 18 48 8b 81 c8 00 00 00 48 8b 89 d0 00 00 00
0x00007ffa493939d4:   ff 50 58 45 33 c0 33 d2 48 8b cb e8 5c f8 ff ff
0x00007ffa493939e4:   85 c0 0f 84 d4 fe ff ff 83 7c 24 7c 00 74 28 48 


Register to memory mapping:

RAX=0x0000000000000000 is an unknown value
RBX=0x0000000018ea8ea0 is an unknown value
RCX=0x0000000000000000 is an unknown value
RDX=0x000000001590f910 is an unknown value
RSP=0x000000001705e180 is pointing into the stack for thread: 0x0000000014713000
RBP=0x000000001705e280 is pointing into the stack for thread: 0x0000000014713000
RSI=0x00000000143c8fa0 is an unknown value
RDI=0x000000001705e210 is pointing into the stack for thread: 0x0000000014713000
R8 =0x0000000000000002 is an unknown value
R9 =0x0000000000000000 is an unknown value
R10=0x0000000000000052 is an unknown value
R11=0x0000000000000006 is an unknown value
R12=0x00000000143cb0a0 is an unknown value
R13=0x000000000000001e is an unknown value
R14=0x0000000000000000 is an unknown value
R15=0x0000000015984a50 is an unknown value


Stack: [0x0000000016f60000,0x0000000017060000],  sp=0x000000001705e180,  free space=1016k
Native frames: (J=compiled Java code, j=interpreted, Vv=VM code, C=native code)
C  [idl.dll+0x4139d4]  IDL_igSrcDestPopContext+0x1044

Java frames: (J=compiled Java code, j=interpreted, Vv=VM code)
j  com.rsi.idldt.core.ips.IPS_Access.IPS_Start([Ljava/lang/String;)V+0
j  com.rsi.idldt.core.ips.IPS_Manager$2.run()V+15
j  java.lang.Thread.run()V+11
v  ~StubRoutines::call_stub

---------------  P R O C E S S  ---------------

Java Threads: ( => current thread )
  0x0000000014b45800 JavaThread "Thread-25" [_thread_in_native, id=18864, stack(0x0000000023270000,0x0000000023370000)]
  0x0000000014714000 JavaThread "Worker-11" [_thread_blocked, id=13976, stack(0x000000001d2c0000,0x000000001d3c0000)]
  0x0000000013442000 JavaThread "Worker-10" [_thread_blocked, id=10572, stack(0x0000000020c70000,0x0000000020d70000)]
  0x0000000018b93000 JavaThread "Worker-9" [_thread_blocked, id=1588, stack(0x0000000020950000,0x0000000020a50000)]
  0x0000000018b95800 JavaThread "Worker-8" [_thread_blocked, id=18124, stack(0x000000001d170000,0x000000001d270000)]
  0x0000000018b94800 JavaThread "Worker-7" [_thread_blocked, id=7936, stack(0x0000000015390000,0x0000000015490000)]
  0x0000000018ac8800 JavaThread "Timer-2" daemon [_thread_blocked, id=11020, stack(0x000000001ce70000,0x000000001cf70000)]
  0x0000000018ac8000 JavaThread "Timer-1" daemon [_thread_blocked, id=16308, stack(0x000000001cd70000,0x000000001ce70000)]
  0x0000000018ac0800 JavaThread "Thread-14" [_thread_in_native, id=14636, stack(0x000000001b9d0000,0x000000001bad0000)]
  0x0000000018ac2000 JavaThread "Worker-4" [_thread_blocked, id=8056, stack(0x00000000186c0000,0x00000000187c0000)]
  0x0000000018ac5000 JavaThread "IDLDT DOM Worker-7" [_thread_blocked, id=12600, stack(0x000000001b8d0000,0x000000001b9d0000)]
  0x0000000018ac6800 JavaThread "IDLDT DOM Worker-6" [_thread_blocked, id=12208, stack(0x000000001b7d0000,0x000000001b8d0000)]
  0x0000000018ac5800 JavaThread "IDLDT DOM Worker-5" [_thread_blocked, id=16480, stack(0x000000001b6d0000,0x000000001b7d0000)]
  0x0000000018ac3800 JavaThread "IDLDT DOM Worker-4" [_thread_blocked, id=10252, stack(0x000000001b5d0000,0x000000001b6d0000)]
  0x0000000014711800 JavaThread "IDLDT DOM Worker-3" [_thread_blocked, id=15664, stack(0x000000001b4d0000,0x000000001b5d0000)]
  0x0000000014717000 JavaThread "IDLDT DOM Worker-2" [_thread_blocked, id=17564, stack(0x000000001b3d0000,0x000000001b4d0000)]
  0x0000000014716000 JavaThread "IDLDT DOM Worker-1" [_thread_blocked, id=9844, stack(0x000000001b2d0000,0x000000001b3d0000)]
  0x0000000014711000 JavaThread "IDLDT DOM Worker-0" [_thread_blocked, id=18064, stack(0x000000001b1d0000,0x000000001b2d0000)]
  0x0000000014712800 JavaThread "Timer-0" daemon [_thread_blocked, id=11704, stack(0x000000001b0d0000,0x000000001b1d0000)]
  0x0000000014715800 JavaThread "Worker-3" [_thread_blocked, id=8404, stack(0x000000001aed0000,0x000000001afd0000)]
  0x0000000014717800 JavaThread "Worker-1" [_thread_blocked, id=11244, stack(0x0000000017160000,0x0000000017260000)]
=>0x0000000014713000 JavaThread "IDL" [_thread_in_native, id=10492, stack(0x0000000016f60000,0x0000000017060000)]
  0x0000000013432800 JavaThread "IDLToJava Broker" daemon [_thread_blocked, id=19020, stack(0x0000000016e60000,0x0000000016f60000)]
  0x0000000014561000 JavaThread "Provisioning Event Dispatcher" daemon [_thread_blocked, id=17556, stack(0x0000000015490000,0x0000000015590000)]
  0x000000001330a800 JavaThread "[ThreadPool Manager] - Idle Thread" daemon [_thread_blocked, id=14864, stack(0x0000000015290000,0x0000000015390000)]
  0x00000000145c2800 JavaThread "Bundle File Closer" daemon [_thread_blocked, id=13536, stack(0x0000000014f90000,0x0000000015090000)]
  0x0000000014515800 JavaThread "Worker-JM" [_thread_blocked, id=2344, stack(0x0000000015190000,0x0000000015290000)]
  0x00000000135fd800 JavaThread "[Timer] - Main Queue Handler" daemon [_thread_blocked, id=18620, stack(0x0000000015090000,0x0000000015190000)]
  0x00000000144e0800 JavaThread "Framework Event Dispatcher" daemon [_thread_blocked, id=7100, stack(0x0000000014e90000,0x0000000014f90000)]
  0x000000001358b800 JavaThread "Start Level Event Dispatcher" daemon [_thread_blocked, id=12400, stack(0x0000000014d90000,0x0000000014e90000)]
  0x0000000013619800 JavaThread "State Data Manager" daemon [_thread_blocked, id=17644, stack(0x0000000014c90000,0x0000000014d90000)]
  0x00000000134fb000 JavaThread "Framework Active Thread" [_thread_blocked, id=8608, stack(0x0000000014b90000,0x0000000014c90000)]
  0x0000000010d49000 JavaThread "Service Thread" daemon [_thread_blocked, id=19080, stack(0x0000000013120000,0x0000000013220000)]
  0x0000000010d42800 JavaThread "C2 CompilerThread1" daemon [_thread_blocked, id=1248, stack(0x0000000013020000,0x0000000013120000)]
  0x0000000010d13000 JavaThread "C2 CompilerThread0" daemon [_thread_blocked, id=740, stack(0x0000000012f20000,0x0000000013020000)]
  0x0000000010d3d800 JavaThread "Attach Listener" daemon [_thread_blocked, id=6280, stack(0x0000000012e20000,0x0000000012f20000)]
  0x0000000010d11800 JavaThread "Signal Dispatcher" daemon [_thread_blocked, id=12968, stack(0x0000000012d20000,0x0000000012e20000)]
  0x0000000010cb0000 JavaThread "Finalizer" daemon [_thread_blocked, id=3756, stack(0x0000000012c20000,0x0000000012d20000)]
  0x0000000010ca8800 JavaThread "Reference Handler" daemon [_thread_blocked, id=8240, stack(0x0000000012b20000,0x0000000012c20000)]
  0x0000000002510800 JavaThread "main" [_thread_in_native, id=12088, stack(0x0000000000050000,0x0000000000150000)]

Other Threads:
  0x0000000010ca5000 VMThread [stack: 0x0000000012a20000,0x0000000012b20000] [id=1824]
  0x0000000010d4e000 WatcherThread [stack: 0x0000000013620000,0x0000000013720000] [id=15240]

VM state:not at safepoint (normal execution)

VM Mutex/Monitor currently owned by a thread: None

Heap
 PSYoungGen      total 125184K, used 27437K [0x00000007accb0000, 0x00000007b8b20000, 0x0000000800000000)
  eden space 115776K, 23% used [0x00000007accb0000,0x00000007ae77b540,0x00000007b3dc0000)
  from space 9408K, 0% used [0x00000007b81f0000,0x00000007b81f0000,0x00000007b8b20000)
  to   space 39616K, 0% used [0x00000007b3dc0000,0x00000007b3dc0000,0x00000007b6470000)
 ParOldGen       total 170368K, used 41306K [0x0000000706600000, 0x0000000710c60000, 0x00000007accb0000)
  object space 170368K, 24% used [0x0000000706600000,0x0000000708e56980,0x0000000710c60000)
 PSPermGen       total 83968K, used 47539K [0x0000000701400000, 0x0000000706600000, 0x0000000706600000)
  object space 83968K, 56% used [0x0000000701400000,0x000000070426cc58,0x0000000706600000)

Card table byte_map: [0x00000000056d0000,0x0000000005ed0000] byte_map_base: 0x0000000001ec6000

Polling page: 0x0000000000540000

Code Cache  [0x0000000002610000, 0x0000000002a70000, 0x0000000005610000)
 total_blobs=1825 nmethods=1155 adapters=619 free_code_cache=44817Kb largest_free_block=45808704

Compilation events (10 events):
Event: 322.610 Thread 0x0000000010d13000 nmethod 1252 0x0000000002a47f10 code [0x0000000002a480a0, 0x0000000002a48778]
Event: 322.610 Thread 0x0000000010d13000 1253             org.eclipse.swt.widgets.Tree::getSelection (251 bytes)
Event: 322.616 Thread 0x0000000010d42800 nmethod 1249 0x0000000002a53590 code [0x0000000002a53880, 0x0000000002a55148]
Event: 322.617 Thread 0x0000000010d42800 1254             org.eclipse.core.internal.jobs.InternalJob::getStartTime (5 bytes)
Event: 322.617 Thread 0x0000000010d42800 nmethod 1254 0x0000000002a47c90 code [0x0000000002a47dc0, 0x0000000002a47e18]
Event: 322.617 Thread 0x0000000010d42800 1255             java.io.ExpiringCache::cleanup (94 bytes)
Event: 322.621 Thread 0x0000000010d13000 nmethod 1253 0x0000000002957290 code [0x0000000002957560, 0x0000000002958298]
Event: 322.622 Thread 0x0000000010d42800 nmethod 1255 0x000000000293a690 code [0x000000000293a820, 0x000000000293adf8]
Event: 322.633 Thread 0x0000000010d13000   35 %           java.net.URI::decode @ 80 (370 bytes)
Event: 322.642 Thread 0x0000000010d13000 nmethod 35% 0x0000000002959cd0 code [0x0000000002959f20, 0x000000000295ae60]

GC Heap History (10 events):
Event: 136.184 GC heap before
{Heap before GC invocations=12 (full 2):
 PSYoungGen      total 117184K, used 1352K [0x00000007accb0000, 0x00000007ba990000, 0x0000000800000000)
  eden space 115776K, 0% used [0x00000007accb0000,0x00000007accb0000,0x00000007b3dc0000)
  from space 1408K, 96% used [0x00000007ba830000,0x00000007ba982230,0x00000007ba990000)
  to   space 38272K, 0% used [0x00000007b5ed0000,0x00000007b5ed0000,0x00000007b8430000)
 ParOldGen       total 170368K, used 54357K [0x0000000706600000, 0x0000000710c60000, 0x00000007accb0000)
  object space 170368K, 31% used [0x0000000706600000,0x0000000709b154d8,0x0000000710c60000)
 PSPermGen       total 83968K, used 47053K [0x0000000701400000, 0x0000000706600000, 0x0000000706600000)
  object space 83968K, 56% used [0x0000000701400000,0x00000007041f3418,0x0000000706600000)
Event: 136.260 GC heap after
Heap after GC invocations=12 (full 2):
 PSYoungGen      total 117184K, used 0K [0x00000007accb0000, 0x00000007ba990000, 0x0000000800000000)
  eden space 115776K, 0% used [0x00000007accb0000,0x00000007accb0000,0x00000007b3dc0000)
  from space 1408K, 0% used [0x00000007ba830000,0x00000007ba830000,0x00000007ba990000)
  to   space 38272K, 0% used [0x00000007b5ed0000,0x00000007b5ed0000,0x00000007b8430000)
 ParOldGen       total 170368K, used 41664K [0x0000000706600000, 0x0000000710c60000, 0x00000007accb0000)
  object space 170368K, 24% used [0x0000000706600000,0x0000000708eb0030,0x0000000710c60000)
 PSPermGen       total 83968K, used 47052K [0x0000000701400000, 0x0000000706600000, 0x0000000706600000)
  object space 83968K, 56% used [0x0000000701400000,0x00000007041f3168,0x0000000706600000)
}
Event: 196.178 GC heap before
{Heap before GC invocations=13 (full 2):
 PSYoungGen      total 117184K, used 1692K [0x00000007accb0000, 0x00000007ba990000, 0x0000000800000000)
  eden space 115776K, 1% used [0x00000007accb0000,0x00000007ace572e8,0x00000007b3dc0000)
  from space 1408K, 0% used [0x00000007ba830000,0x00000007ba830000,0x00000007ba990000)
  to   space 38272K, 0% used [0x00000007b5ed0000,0x00000007b5ed0000,0x00000007b8430000)
 ParOldGen       total 170368K, used 41664K [0x0000000706600000, 0x0000000710c60000, 0x00000007accb0000)
  object space 170368K, 24% used [0x0000000706600000,0x0000000708eb0030,0x0000000710c60000)
 PSPermGen       total 83968K, used 47052K [0x0000000701400000, 0x0000000706600000, 0x0000000706600000)
  object space 83968K, 56% used [0x0000000701400000,0x00000007041f3168,0x0000000706600000)
Event: 196.182 GC heap after
Heap after GC invocations=13 (full 2):
 PSYoungGen      total 115840K, used 64K [0x00000007accb0000, 0x00000007ba840000, 0x0000000800000000)
  eden space 115776K, 0% used [0x00000007accb0000,0x00000007accb0000,0x00000007b3dc0000)
  from space 64K, 100% used [0x00000007b5ed0000,0x00000007b5ee0000,0x00000007b5ee0000)
  to   space 39232K, 0% used [0x00000007b81f0000,0x00000007b81f0000,0x00000007ba840000)
 ParOldGen       total 170368K, used 41664K [0x0000000706600000, 0x0000000710c60000, 0x00000007accb0000)
  object space 170368K, 24% used [0x0000000706600000,0x0000000708eb0030,0x0000000710c60000)
 PSPermGen       total 83968K, used 47052K [0x0000000701400000, 0x0000000706600000, 0x0000000706600000)
  object space 83968K, 56% used [0x0000000701400000,0x00000007041f3168,0x0000000706600000)
}
Event: 196.182 GC heap before
{Heap before GC invocations=14 (full 3):
 PSYoungGen      total 115840K, used 64K [0x00000007accb0000, 0x00000007ba840000, 0x0000000800000000)
  eden space 115776K, 0% used [0x00000007accb0000,0x00000007accb0000,0x00000007b3dc0000)
  from space 64K, 100% used [0x00000007b5ed0000,0x00000007b5ee0000,0x00000007b5ee0000)
  to   space 39232K, 0% used [0x00000007b81f0000,0x00000007b81f0000,0x00000007ba840000)
 ParOldGen       total 170368K, used 41664K [0x0000000706600000, 0x0000000710c60000, 0x00000007accb0000)
  object space 170368K, 24% used [0x0000000706600000,0x0000000708eb0030,0x0000000710c60000)
 PSPermGen       total 83968K, used 47052K [0x0000000701400000, 0x0000000706600000, 0x0000000706600000)
  object space 83968K, 56% used [0x0000000701400000,0x00000007041f3168,0x0000000706600000)
Event: 196.270 GC heap after
Heap after GC invocations=14 (full 3):
 PSYoungGen      total 115840K, used 0K [0x00000007accb0000, 0x00000007ba840000, 0x0000000800000000)
  eden space 115776K, 0% used [0x00000007accb0000,0x00000007accb0000,0x00000007b3dc0000)
  from space 64K, 0% used [0x00000007b5ed0000,0x00000007b5ed0000,0x00000007b5ee0000)
  to   space 39232K, 0% used [0x00000007b81f0000,0x00000007b81f0000,0x00000007ba840000)
 ParOldGen       total 170368K, used 41277K [0x0000000706600000, 0x0000000710c60000, 0x00000007accb0000)
  object space 170368K, 24% used [0x0000000706600000,0x0000000708e4f420,0x0000000710c60000)
 PSPermGen       total 83968K, used 47052K [0x0000000701400000, 0x0000000706600000, 0x0000000706600000)
  object space 83968K, 56% used [0x0000000701400000,0x00000007041f3168,0x0000000706600000)
}
Event: 256.199 GC heap before
{Heap before GC invocations=15 (full 3):
 PSYoungGen      total 115840K, used 4889K [0x00000007accb0000, 0x00000007ba840000, 0x0000000800000000)
  eden space 115776K, 4% used [0x00000007accb0000,0x00000007ad176740,0x00000007b3dc0000)
  from space 64K, 0% used [0x00000007b5ed0000,0x00000007b5ed0000,0x00000007b5ee0000)
  to   space 39232K, 0% used [0x00000007b81f0000,0x00000007b81f0000,0x00000007ba840000)
 ParOldGen       total 170368K, used 41277K [0x0000000706600000, 0x0000000710c60000, 0x00000007accb0000)
  object space 170368K, 24% used [0x0000000706600000,0x0000000708e4f420,0x0000000710c60000)
 PSPermGen       total 83968K, used 47065K [0x0000000701400000, 0x0000000706600000, 0x0000000706600000)
  object space 83968K, 56% used [0x0000000701400000,0x00000007041f65d0,0x0000000706600000)
Event: 256.202 GC heap after
Heap after GC invocations=15 (full 3):
 PSYoungGen      total 125184K, used 192K [0x00000007accb0000, 0x00000007b8b20000, 0x0000000800000000)
  eden space 115776K, 0% used [0x00000007accb0000,0x00000007accb0000,0x00000007b3dc0000)
  from space 9408K, 2% used [0x00000007b81f0000,0x00000007b8220000,0x00000007b8b20000)
  to   space 39616K, 0% used [0x00000007b3dc0000,0x00000007b3dc0000,0x00000007b6470000)
 ParOldGen       total 170368K, used 41277K [0x0000000706600000, 0x0000000710c60000, 0x00000007accb0000)
  object space 170368K, 24% used [0x0000000706600000,0x0000000708e4f420,0x0000000710c60000)
 PSPermGen       total 83968K, used 47065K [0x0000000701400000, 0x0000000706600000, 0x0000000706600000)
  object space 83968K, 56% used [0x0000000701400000,0x00000007041f65d0,0x0000000706600000)
}
Event: 256.202 GC heap before
{Heap before GC invocations=16 (full 4):
 PSYoungGen      total 125184K, used 192K [0x00000007accb0000, 0x00000007b8b20000, 0x0000000800000000)
  eden space 115776K, 0% used [0x00000007accb0000,0x00000007accb0000,0x00000007b3dc0000)
  from space 9408K, 2% used [0x00000007b81f0000,0x00000007b8220000,0x00000007b8b20000)
  to   space 39616K, 0% used [0x00000007b3dc0000,0x00000007b3dc0000,0x00000007b6470000)
 ParOldGen       total 170368K, used 41277K [0x0000000706600000, 0x0000000710c60000, 0x00000007accb0000)
  object space 170368K, 24% used [0x0000000706600000,0x0000000708e4f420,0x0000000710c60000)
 PSPermGen       total 83968K, used 47065K [0x0000000701400000, 0x0000000706600000, 0x0000000706600000)
  object space 83968K, 56% used [0x0000000701400000,0x00000007041f65d0,0x0000000706600000)
Event: 256.263 GC heap after
Heap after GC invocations=16 (full 4):
 PSYoungGen      total 125184K, used 0K [0x00000007accb0000, 0x00000007b8b20000, 0x0000000800000000)
  eden space 115776K, 0% used [0x00000007accb0000,0x00000007accb0000,0x00000007b3dc0000)
  from space 9408K, 0% used [0x00000007b81f0000,0x00000007b81f0000,0x00000007b8b20000)
  to   space 39616K, 0% used [0x00000007b3dc0000,0x00000007b3dc0000,0x00000007b6470000)
 ParOldGen       total 170368K, used 41306K [0x0000000706600000, 0x0000000710c60000, 0x00000007accb0000)
  object space 170368K, 24% used [0x0000000706600000,0x0000000708e56980,0x0000000710c60000)
 PSPermGen       total 83968K, used 47065K [0x0000000701400000, 0x0000000706600000, 0x0000000706600000)
  object space 83968K, 56% used [0x0000000701400000,0x00000007041f64f0,0x0000000706600000)
}

Deoptimization events (10 events):
Event: 321.681 Thread 0x0000000014715800 Uncommon trap -58 fr.pc 0x000000000287fcac
Event: 321.681 Thread 0x0000000014715800 Uncommon trap -58 fr.pc 0x00000000027e3bdc
Event: 321.689 Thread 0x0000000002510800 Uncommon trap -58 fr.pc 0x00000000027ffc98
Event: 321.689 Thread 0x0000000002510800 Uncommon trap -58 fr.pc 0x00000000027ffc98
Event: 321.942 Thread 0x0000000002510800 Uncommon trap -34 fr.pc 0x0000000002868088
Event: 321.942 Thread 0x0000000002510800 Uncommon trap -34 fr.pc 0x0000000002868088
Event: 322.533 Thread 0x0000000014713000 Uncommon trap -34 fr.pc 0x00000000029be430
Event: 322.533 Thread 0x0000000014713000 Uncommon trap -34 fr.pc 0x00000000029be430
Event: 322.534 Thread 0x0000000014713000 Uncommon trap -34 fr.pc 0x00000000029be430
Event: 322.534 Thread 0x0000000014713000 Uncommon trap -34 fr.pc 0x00000000029be430

Internal exceptions (10 events):
Event: 319.035 Thread 0x0000000018b91800 Threw 0x00000007acd45340 at C:\jdk7u2_64p\jdk7u25\hotspot\src\share\vm\prims\jvm.cpp:2957
Event: 319.043 Thread 0x0000000018b91800 Threw 0x00000007acd454f8 at C:\jdk7u2_64p\jdk7u25\hotspot\src\share\vm\prims\jvm.cpp:2957
Event: 319.050 Thread 0x0000000018b91800 Threw 0x00000007acd456b0 at C:\jdk7u2_64p\jdk7u25\hotspot\src\share\vm\prims\jvm.cpp:2957
Event: 319.058 Thread 0x0000000018b91800 Threw 0x00000007acd45868 at C:\jdk7u2_64p\jdk7u25\hotspot\src\share\vm\prims\jvm.cpp:2957
Event: 319.065 Thread 0x0000000018b91800 Threw 0x00000007acd45a20 at C:\jdk7u2_64p\jdk7u25\hotspot\src\share\vm\prims\jvm.cpp:2957
Event: 319.072 Thread 0x0000000018b91800 Threw 0x00000007acd45bd8 at C:\jdk7u2_64p\jdk7u25\hotspot\src\share\vm\prims\jvm.cpp:2957
Event: 319.080 Thread 0x0000000018b91800 Threw 0x00000007acd45d90 at C:\jdk7u2_64p\jdk7u25\hotspot\src\share\vm\prims\jvm.cpp:2957
Event: 319.087 Thread 0x0000000018b91800 Threw 0x00000007acd45f48 at C:\jdk7u2_64p\jdk7u25\hotspot\src\share\vm\prims\jvm.cpp:2957
Event: 319.095 Thread 0x0000000018b91800 Threw 0x00000007acd46100 at C:\jdk7u2_64p\jdk7u25\hotspot\src\share\vm\prims\jvm.cpp:2957
Event: 319.102 Thread 0x0000000018b91800 Threw 0x00000007acd462b8 at C:\jdk7u2_64p\jdk7u25\hotspot\src\share\vm\prims\jvm.cpp:2957

Events (10 events):
Event: 322.582 Executing VM operation: RevokeBias done
Event: 322.604 Thread 0x0000000010d13000 flushing nmethod 0x00000000027a4010
Event: 322.606 Thread 0x0000000010d13000 flushing nmethod 0x00000000027f87d0
Event: 322.617 Thread 0x0000000010d42800 flushing nmethod 0x00000000028dae10
Event: 322.621 Thread 0x0000000010d13000 flushing nmethod 0x000000000293a490
Event: 322.643 Thread 0x0000000010d13000 flushing nmethod 0x00000000029d3950
Event: 322.719 Thread 0x0000000014b45800 Thread added: 0x0000000014b45800
Event: 322.780 Executing VM operation: RevokeBias
Event: 322.780 Executing VM operation: RevokeBias done
Event: 322.780 Thread 0x0000000014b49800 Thread exited: 0x0000000014b49800


Dynamic libraries:
0x0000000000400000 - 0x000000000040e000 	C:\Program Files\Exelis\IDL83\bin\bin.x86_64\idlde.exe
0x00007ffa8eab0000 - 0x00007ffa8eca5000 	C:\WINDOWS\SYSTEM32\ntdll.dll
0x00007ffa8cb70000 - 0x00007ffa8cc2d000 	C:\WINDOWS\System32\KERNEL32.DLL
0x00007ffa8c380000 - 0x00007ffa8c648000 	C:\WINDOWS\System32\KERNELBASE.dll
0x00007ffa89990000 - 0x00007ffa89a20000 	C:\WINDOWS\SYSTEM32\apphelp.dll
0x00007ffa8e850000 - 0x00007ffa8e9f0000 	C:\WINDOWS\System32\USER32.dll
0x00007ffa8c1f0000 - 0x00007ffa8c212000 	C:\WINDOWS\System32\win32u.dll
0x00007ffa8dd30000 - 0x00007ffa8dd5a000 	C:\WINDOWS\System32\GDI32.dll
0x00007ffa8c270000 - 0x00007ffa8c37b000 	C:\WINDOWS\System32\gdi32full.dll
0x00007ffa8ca70000 - 0x00007ffa8cb0d000 	C:\WINDOWS\System32\msvcp_win.dll
0x00007ffa8c650000 - 0x00007ffa8c750000 	C:\WINDOWS\System32\ucrtbase.dll
0x00007ffa8da20000 - 0x00007ffa8dabe000 	C:\WINDOWS\System32\msvcrt.dll
0x00007ffa6e420000 - 0x00007ffa6e6ba000 	C:\WINDOWS\WinSxS\amd64_microsoft.windows.common-controls_6595b64144ccf1df_6.0.19041.844_none_ca00b6081b84eb1d\COMCTL32.dll
0x00007ffa8cc30000 - 0x00007ffa8cc60000 	C:\WINDOWS\System32\IMM32.DLL
0x0000000072000000 - 0x0000000072012000 	C:\Program Files\Exelis\IDL83\bin\bin.x86_64\plugins\org.eclipse.equinox.launcher.win32.win32.x86_64_1.1.100.v20110502\eclipse_1406.dll
0x00007ffa8e740000 - 0x00007ffa8e7ec000 	C:\WINDOWS\System32\ADVAPI32.dll
0x00007ffa8d500000 - 0x00007ffa8d59b000 	C:\WINDOWS\System32\sechost.dll
0x00007ffa8e420000 - 0x00007ffa8e54b000 	C:\WINDOWS\System32\RPCRT4.dll
0x00007ffa81320000 - 0x00007ffa8132a000 	C:\WINDOWS\SYSTEM32\VERSION.dll
0x000000006f7d0000 - 0x000000006fedf000 	C:\Program Files\Exelis\IDL83\bin\bin.x86_64\jre\bin\server\jvm.dll
0x00007ffa8da10000 - 0x00007ffa8da18000 	C:\WINDOWS\System32\PSAPI.DLL
0x00007ffa742c0000 - 0x00007ffa742c9000 	C:\WINDOWS\SYSTEM32\WSOCK32.dll
0x00007ffa7a6b0000 - 0x00007ffa7a6d7000 	C:\WINDOWS\SYSTEM32\WINMM.dll
0x00007ffa8e050000 - 0x00007ffa8e0bb000 	C:\WINDOWS\System32\WS2_32.dll
0x000000006f6f0000 - 0x000000006f7c2000 	C:\WINDOWS\SYSTEM32\MSVCR100.dll
0x000000006f6e0000 - 0x000000006f6ef000 	C:\Program Files\Exelis\IDL83\bin\bin.x86_64\jre\bin\verify.dll
0x000000006f6b0000 - 0x000000006f6d8000 	C:\Program Files\Exelis\IDL83\bin\bin.x86_64\jre\bin\java.dll
0x000000006f690000 - 0x000000006f6a5000 	C:\Program Files\Exelis\IDL83\bin\bin.x86_64\jre\bin\zip.dll
0x00007ffa8bb40000 - 0x00007ffa8bb58000 	C:\WINDOWS\SYSTEM32\CRYPTSP.dll
0x00007ffa8b2a0000 - 0x00007ffa8b2d4000 	C:\WINDOWS\system32\rsaenh.dll
0x00007ffa8c990000 - 0x00007ffa8c9b7000 	C:\WINDOWS\System32\bcrypt.dll
0x00007ffa8c0b0000 - 0x00007ffa8c0de000 	C:\WINDOWS\SYSTEM32\USERENV.dll
0x00007ffa8c130000 - 0x00007ffa8c14f000 	C:\WINDOWS\SYSTEM32\profapi.dll
0x00007ffa8c750000 - 0x00007ffa8c7d0000 	C:\WINDOWS\System32\bcryptprimitives.dll
0x00007ffa8bb30000 - 0x00007ffa8bb3c000 	C:\WINDOWS\SYSTEM32\CRYPTBASE.dll
0x000000006f670000 - 0x000000006f689000 	C:\Program Files\Exelis\IDL83\bin\bin.x86_64\jre\bin\net.dll
0x00007ffa8b960000 - 0x00007ffa8b9ca000 	C:\WINDOWS\system32\mswsock.dll
0x00007ffa71900000 - 0x00007ffa7194b000 	C:\Program Files (x86)\Sangfor\SSL\ClientComponent\3_SangforNspX64.dll
0x00007ffa8dc00000 - 0x00007ffa8dd2a000 	C:\WINDOWS\System32\ole32.dll
0x00007ffa8e0c0000 - 0x00007ffa8e415000 	C:\WINDOWS\System32\combase.dll
0x00007ffa8e670000 - 0x00007ffa8e73d000 	C:\WINDOWS\System32\OLEAUT32.dll
0x00007ffa8df10000 - 0x00007ffa8df65000 	C:\WINDOWS\System32\SHLWAPI.dll
0x00007ffa6a130000 - 0x00007ffa6a147000 	C:\WINDOWS\system32\napinsp.dll
0x00007ffa66fd0000 - 0x00007ffa66feb000 	C:\WINDOWS\system32\pnrpnsp.dll
0x00007ffa87060000 - 0x00007ffa87075000 	C:\WINDOWS\system32\wshbth.dll
0x00007ffa87450000 - 0x00007ffa8746d000 	C:\WINDOWS\system32\NLAapi.dll
0x00007ffa8b5f0000 - 0x00007ffa8b62b000 	C:\WINDOWS\SYSTEM32\IPHLPAPI.DLL
0x00007ffa8b690000 - 0x00007ffa8b75c000 	C:\WINDOWS\SYSTEM32\DNSAPI.dll
0x00007ffa8e040000 - 0x00007ffa8e048000 	C:\WINDOWS\System32\NSI.dll
0x00007ffa66fb0000 - 0x00007ffa66fc2000 	C:\WINDOWS\System32\winrnr.dll
0x00007ffa82620000 - 0x00007ffa8262a000 	C:\Windows\System32\rasadhlp.dll
0x00007ffa81650000 - 0x00007ffa816cf000 	C:\WINDOWS\System32\fwpuclnt.dll
0x000000006f650000 - 0x000000006f661000 	C:\Program Files\Exelis\IDL83\bin\bin.x86_64\jre\bin\nio.dll
0x00007ffa89c30000 - 0x00007ffa89cce000 	C:\WINDOWS\system32\uxtheme.dll
0x00007ffa8e550000 - 0x00007ffa8e665000 	C:\WINDOWS\System32\MSCTF.dll
0x00007ffa8a030000 - 0x00007ffa8a042000 	C:\WINDOWS\SYSTEM32\kernel.appcore.dll
0x00007ffa72600000 - 0x00007ffa726f9000 	C:\WINDOWS\SYSTEM32\textinputframework.dll
0x00007ffa895a0000 - 0x00007ffa89692000 	C:\WINDOWS\System32\CoreMessaging.dll
0x00007ffa88ca0000 - 0x00007ffa88ffe000 	C:\WINDOWS\System32\CoreUIComponents.dll
0x00007ffa8df90000 - 0x00007ffa8e03e000 	C:\WINDOWS\System32\SHCORE.dll
0x00007ffa887b0000 - 0x00007ffa88904000 	C:\WINDOWS\SYSTEM32\wintypes.dll
0x00007ffa8af70000 - 0x00007ffa8afa3000 	C:\WINDOWS\SYSTEM32\ntmarta.dll
0x00007ffa75160000 - 0x00007ffa751c6000 	C:\WINDOWS\system32\Oleacc.dll
0x0000000016560000 - 0x0000000016607000 	C:\Users\jia\.idl\idlworkbench-config-idl8.3.0_x86_64\org.eclipse.osgi\bundles\530\1\.cp\swt-win32-3740.dll
0x00007ffa8cc60000 - 0x00007ffa8cd3a000 	C:\WINDOWS\System32\comdlg32.dll
0x00007ffa8cdb0000 - 0x00007ffa8d4f2000 	C:\WINDOWS\System32\SHELL32.dll
0x00007ffa8c830000 - 0x00007ffa8c98f000 	C:\WINDOWS\System32\CRYPT32.dll
0x00007ffa757c0000 - 0x00007ffa7584e000 	C:\WINDOWS\SYSTEM32\WINSPOOL.DRV
0x00007ffa75f60000 - 0x00007ffa7643d000 	C:\WINDOWS\SYSTEM32\WININET.dll
0x00007ffa852c0000 - 0x00007ffa852d9000 	C:\WINDOWS\SYSTEM32\USP10.dll
0x00007ffa894a0000 - 0x00007ffa89597000 	C:\WINDOWS\SYSTEM32\propsys.dll
0x00007ffa8dac0000 - 0x00007ffa8db69000 	C:\WINDOWS\System32\clbcatq.dll
0x00007ffa8a330000 - 0x00007ffa8aac1000 	C:\WINDOWS\system32\windows.storage.dll
0x00007ffa8bbf0000 - 0x00007ffa8bc1c000 	C:\WINDOWS\system32\Wldp.dll
0x00007ffa5ccb0000 - 0x00007ffa5ce2e000 	C:\Windows\System32\TaskFlowDataEngine.dll
0x00007ffa65cb0000 - 0x00007ffa66151000 	C:\Windows\System32\cdp.dll
0x00007ffa8c220000 - 0x00007ffa8c26e000 	C:\WINDOWS\System32\cfgmgr32.dll
0x00007ffa8bf90000 - 0x00007ffa8bfa2000 	C:\Windows\System32\UMPDC.dll
0x00007ffa89850000 - 0x00007ffa8998b000 	C:\Windows\System32\dsreg.dll
0x00007ffa8b330000 - 0x00007ffa8b3ba000 	C:\Windows\System32\msvcp110_win.dll
0x00007ffa61750000 - 0x00007ffa617cd000 	C:\Windows\System32\OneCoreCommonProxyStub.dll
0x00000000167e0000 - 0x00000000167fe000 	C:\Users\jia\.idl\idlworkbench-config-idl8.3.0_x86_64\org.eclipse.osgi\bundles\530\1\.cp\swt-gdip-win32-3740.dll
0x00007ffa75900000 - 0x00007ffa75aab000 	C:\WINDOWS\WinSxS\amd64_microsoft.windows.gdiplus_6595b64144ccf1df_1.1.19041.928_none_faefac437613c6cc\gdiplus.dll
0x00007ffa86050000 - 0x00007ffa86204000 	C:\WINDOWS\SYSTEM32\WindowsCodecs.dll
0x0000000180000000 - 0x0000000180011000 	C:\Users\jia\.idl\idlworkbench-config-idl8.3.0_x86_64\org.eclipse.osgi\bundles\183\1\.cp\os\win32\x86_64\localfile_1_0_0.dll
0x00007ffa75570000 - 0x00007ffa755bd000 	C:\Program Files\Exelis\IDL83\bin\bin.x86_64\idl_ips.dll
0x00007ffa48f80000 - 0x00007ffa49cdd000 	C:\Program Files\Exelis\IDL83\bin\bin.x86_64\idl.dll
0x00007ffa61420000 - 0x00007ffa6147c000 	C:\Program Files\Exelis\IDL83\bin\bin.x86_64\MesaGLU6_2.dll
0x00007ffa4c9b0000 - 0x00007ffa4cb3e000 	C:\Program Files\Exelis\IDL83\bin\bin.x86_64\MesaGL6_2.dll
0x00007ffa758c0000 - 0x00007ffa758d8000 	C:\WINDOWS\SYSTEM32\NETAPI32.dll
0x00007ffa70b30000 - 0x00007ffa70b53000 	C:\Program Files\Exelis\IDL83\bin\bin.x86_64\UG3220.dll
0x00007ffa758e0000 - 0x00007ffa758e7000 	C:\WINDOWS\SYSTEM32\MSIMG32.dll
0x00007ffa89a50000 - 0x00007ffa89a5c000 	C:\Program Files\Exelis\IDL83\bin\bin.x86_64\osmesa6_2.dll
0x00007ffa536e0000 - 0x00007ffa5375c000 	C:\Program Files\Exelis\IDL83\bin\bin.x86_64\freetype2_4_7.dll
0x00007ffa8c0e0000 - 0x00007ffa8c111000 	C:\WINDOWS\SYSTEM32\SspiCli.dll
0x00007ffa85ad0000 - 0x00007ffa85b0e000 	C:\WINDOWS\System32\netprofm.dll
0x00007ffa812f0000 - 0x00007ffa81300000 	C:\WINDOWS\System32\npmproxy.dll
0x00007ffa81090000 - 0x00007ffa810a7000 	C:\WINDOWS\SYSTEM32\dhcpcsvc6.DLL
0x00007ffa81070000 - 0x00007ffa8108d000 	C:\WINDOWS\SYSTEM32\dhcpcsvc.DLL
0x0000000017a60000 - 0x0000000017d4b000 	C:\WINDOWS\system32\spool\DRIVERS\x64\3\hp1100su.dll
0x0000000017d50000 - 0x0000000017e55000 	C:\WINDOWS\system32\spool\DRIVERS\x64\3\HP1100GC.dll
0x0000000017ee0000 - 0x0000000017f3f000 	C:\WINDOWS\system32\spool\DRIVERS\x64\3\hp1100sd.dll
0x00007ffa7ace0000 - 0x00007ffa7ae06000 	C:\WINDOWS\SYSTEM32\OpenGL32.DLL
0x00007ffa82d00000 - 0x00007ffa82d2c000 	C:\WINDOWS\SYSTEM32\GLU32.dll
0x00007ffa613e0000 - 0x00007ffa6141e000 	C:\Program Files\Exelis\IDL83\bin\bin.x86_64\gl_driver.dll
0x0000000017eb0000 - 0x0000000017eb3000 	C:\WINDOWS\SYSTEM32\icmp.Dll
0x00007ffa6fab0000 - 0x00007ffa6fb5c000 	C:\WINDOWS\SYSTEM32\TextShaping.dll
0x00007ffa5f5d0000 - 0x00007ffa5f7f1000 	C:\WINDOWS\system32\explorerframe.dll
0x00007ffa79640000 - 0x00007ffa7967e000 	C:\WINDOWS\system32\dataexchange.dll
0x00007ffa87dd0000 - 0x00007ffa88034000 	C:\WINDOWS\system32\d3d11.dll
0x00007ffa88ab0000 - 0x00007ffa88c95000 	C:\WINDOWS\system32\dcomp.dll
0x00007ffa8ab30000 - 0x00007ffa8ac23000 	C:\WINDOWS\system32\dxgi.dll
0x00007ffa85d10000 - 0x00007ffa85f11000 	C:\WINDOWS\system32\twinapi.appcore.dll
0x00007ffa5d220000 - 0x00007ffa5d262000 	C:\WINDOWS\system32\mlang.dll
0x00007ffa8c000000 - 0x00007ffa8c0a2000 	C:\WINDOWS\SYSTEM32\sxs.dll
0x00007ffa7a970000 - 0x00007ffa7a981000 	C:\Users\jia\.idl\idlworkbench-config-idl8.3.0_x86_64\org.eclipse.osgi\bundles\208\1\.cp\jWinHttp-1.0.0.dll
0x00007ffa86ce0000 - 0x00007ffa86deb000 	C:\WINDOWS\SYSTEM32\WINHTTP.dll
0x00007ffa5b500000 - 0x00007ffa5b524000 	C:\WINDOWS\SYSTEM32\edputil.dll
0x00007ffa52900000 - 0x00007ffa52aae000 	C:\WINDOWS\SYSTEM32\DUI70.dll
0x00007ffa53430000 - 0x00007ffa534c5000 	C:\WINDOWS\SYSTEM32\DUser.dll
0x00007ffa8a000000 - 0x00007ffa8a02f000 	C:\WINDOWS\SYSTEM32\dwmapi.dll
0x00007ffa51400000 - 0x00007ffa514a9000 	C:\Program Files\Common Files\microsoft shared\ink\tiptsf.dll
0x00007ffa85900000 - 0x00007ffa8590d000 	C:\WINDOWS\SYSTEM32\atlthunk.dll
0x00007ffa71270000 - 0x00007ffa712d6000 	C:\Windows\System32\thumbcache.dll
0x00007ffa884a0000 - 0x00007ffa88540000 	C:\WINDOWS\SYSTEM32\policymanager.dll
0x00007ffa7c9a0000 - 0x00007ffa7c9e9000 	C:\Windows\System32\Windows.UI.FileExplorer.dll
0x00007ffa570f0000 - 0x00007ffa573e5000 	C:\Windows\System32\uiautomationcore.dll
0x00007ffa73300000 - 0x00007ffa733a6000 	C:\WINDOWS\System32\StructuredQuery.dll

VM Arguments:
jvm_args: -Dosgi.instance.area.default=@user.home/IDLWorkspace83 -Dosgi.configuration.area=@user.home/.idl/idlworkbench-config-idl8.3.0_x86_64 -Dosgi.configuration.cascaded=true -Dosgi.checkConfiguration=true -Dosgi.sharedConfiguration.area.readOnly=true -Dorg.eclipse.update.reconcile=false -Declipse.p2.data.area=@config.dir/p2 -Dosgi.sharedConfiguration.area=C:\Program Files\Exelis\IDL83\bin\bin.x86_64/configuration 
java_command: <unknown>
Launcher Type: generic

Environment Variables:
PATH=C:/Program Files/Exelis/IDL83/bin/bin.x86_64/jre/bin/server;C:/Program Files/Exelis/IDL83/bin/bin.x86_64/jre/bin;C:/Program Files/Exelis/IDL83/bin/bin.x86_64/jre/lib/amd64;C:\Program Files\Exelis\IDL83\bin\bin.x86_64\;C:\D_drive\Anaconda3\Anaconda\envs\AIMIS3D;C:\D_drive\Anaconda3\Anaconda\envs\AIMIS3D\Scripts;C:\D_drive\Anaconda3\Anaconda\envs\AIMIS3D\Library\bin;C:\D_drive\Anaconda3\Anaconda\envs\AIMIS3D\Library\mingw-w64\bin;C:\D_drive\Anaconda3\Anaconda\Scripts;C:\Program Files\Exelis\IDL85\bin\bin.x86_64;C:\Program Files\dotnet\;C:\Program Files\CMake\bin;;C:\WINDOWS\system32;C:\WINDOWS\System32\WindowsPowerShell\v1.0\;C:\WINDOWS\System32\Wbem;C:\Program Files\python;C:\Program Files\python\Scripts;C:\BtSoft\panel\script;C:\Program Files\ITK-SNAP 3.8\bin;C:\WINDOWS;C:\WINDOWS\System32\OpenSSH\;C:\Program Files (x86)\dotnet\;C:\Users\jia\AppData\Local\Microsoft\WindowsApps;;C:\Pycharm\PyCharm Community Edition 2020.1.2\bin;;C:\Users\jia\AppData\Local\Programs\Microsoft VS Code\bin;C:\Program Files\Exelis\IDL83\bin\bin.x86_64;
USERNAME=jia
OS=Windows_NT
PROCESSOR_IDENTIFIER=Intel64 Family 6 Model 126 Stepping 5, GenuineIntel



---------------  S Y S T E M  ---------------

OS: Windows 8 , 64 bit Build 9200 

CPU:total 8 (4 cores per cpu, 2 threads per core) family 6 model 126 stepping 5, cmov, cx8, fxsr, mmx, sse, sse2, sse3, ssse3, sse4.1, sse4.2, popcnt, avx, avx2, ht, tsc, tscinvbit

Memory: 4k page, physical 16353460k(10062032k free), swap 17130696k(9704340k free)

vm_info: Java HotSpot(TM) 64-Bit Server VM (23.25-b01) for windows-amd64 JRE (1.7.0_25-b17), built on Jun 21 2013 12:58:32 by "java_re" with unknown MS VC++:1600

time: Wed May 05 21:22:32 2021
elapsed time: 322 seconds

