#
# A fatal error has been detected by the Java Runtime Environment:
#
#  EXCEPTION_ACCESS_VIOLATION (0xc0000005) at pc=0x00007ffdde21b9cf, pid=888, tid=1700
#
# JRE version: 7.0_25-b17
# Java VM: Java HotSpot(TM) 64-Bit Server VM (23.25-b01 mixed mode windows-amd64 compressed oops)
# Problematic frame:
# C  0x00007ffdde21b9cf  RegisterProcTableCallback+0x54b20f
#
# Failed to write core dump. Minidumps are not enabled by default on client versions of Windows
#
# If you would like to submit a bug report, please visit:
#   http://bugreport.sun.com/bugreport/crash.jsp
# The crash happened outside the Java Virtual Machine in native code.
# See problematic frame for where to report the bug.
#

---------------  T H R E A D  ---------------

Current thread (0x0000000016034800):  JavaThread "IDL" [_thread_in_native, id=1700, stack(0x0000000018890000,0x0000000018990000)]

siginfo: ExceptionCode=0xc0000005, reading address 0xffffffffffffffff

Registers:
RAX=0x3f7ff2b83f039036, RBX=0x000000001698b948, RCX=0x000000001698b948, RDX=0x000000001698b948
RSP=0x00000000189816a0, RBP=0x00000000189817a0, RSI=0x00000000189816e8, RDI=0x000000000000000a
R8 =0x0000000000000001, R9 =0x000000001698b948, R10=0x00000000189817c0, R11=0x00000000189816c0
R12=0x00007ffdde669920, R13=0x0000000023f89320, R14=0x0000000000000007, R15=0x000000000000000a
RIP=0x00007ffdde21b9cf, EFLAGS=0x0000000000010206

Top of Stack: (sp=0x00000000189816a0)
0x00000000189816a0:   0000a1a7c3d25f53 0000000000000001
0x00000000189816b0:   000000001698b590 0000000000000000
0x00000000189816c0:   000000001698b948 00007ffddd791b34
0x00000000189816d0:   0000000000000000 00000000189817b0
0x00000000189816e0:   00000000189817c0 000000001698b948
0x00000000189816f0:   000000001698b958 000000001698b968
0x0000000018981700:   000000001698b978 000000001698b988
0x0000000018981710:   000000001698b998 000000001698b9a8
0x0000000018981720:   0000000000000000 0000000000000000
0x0000000018981730:   0000000000000000 0000000000000000
0x0000000018981740:   0000000000000000 0000000000000000
0x0000000018981750:   0000000000000000 00007ffd0000000a
0x0000000018981760:   000000001698b948 00007ffdddc9692c
0x0000000018981770:   000000001698b590 000000001698b590
0x0000000018981780:   000000001698b948 0000000000000000
0x0000000018981790:   0000000000000012 00007ffd00000007 

Instructions: (pc=0x00007ffdde21b9cf)
0x00007ffdde21b9af:   48 8d 74 24 30 44 8b f7 66 0f 1f 84 00 00 00 00
0x00007ffdde21b9bf:   00 48 8b 0e 48 85 c9 0f 84 8e 00 00 00 48 8b 01
0x00007ffdde21b9cf:   80 78 34 00 74 0a 48 8b 41 08 80 78 34 00 75 7b
0x00007ffdde21b9df:   41 8b d7 4c 8d 4c 24 20 48 c1 e2 04 4c 8d 45 d0 


Register to memory mapping:

RAX=0x3f7ff2b83f039036 is an unknown value
RBX=0x000000001698b948 is an unknown value
RCX=0x000000001698b948 is an unknown value
RDX=0x000000001698b948 is an unknown value
RSP=0x00000000189816a0 is pointing into the stack for thread: 0x0000000016034800
RBP=0x00000000189817a0 is pointing into the stack for thread: 0x0000000016034800
RSI=0x00000000189816e8 is pointing into the stack for thread: 0x0000000016034800
RDI=0x000000000000000a is an unknown value
R8 =0x0000000000000001 is an unknown value
R9 =0x000000001698b948 is an unknown value
R10=0x00000000189817c0 is pointing into the stack for thread: 0x0000000016034800
R11=0x00000000189816c0 is pointing into the stack for thread: 0x0000000016034800
R12=0x00007ffdde669920 is an unknown value
R13=0x0000000023f89320 is an unknown value
R14=0x0000000000000007 is an unknown value
R15=0x000000000000000a is an unknown value


Stack: [0x0000000018890000,0x0000000018990000],  sp=0x00000000189816a0,  free space=965k
Native frames: (J=compiled Java code, j=interpreted, Vv=VM code, C=native code)
C  0x00007ffdde21b9cf  RegisterProcTableCallback+0x54b20f

Java frames: (J=compiled Java code, j=interpreted, Vv=VM code)
j  com.rsi.idldt.core.ips.IPS_Access.IPS_Start([Ljava/lang/String;)V+0
j  com.rsi.idldt.core.ips.IPS_Manager$2.run()V+15
j  java.lang.Thread.run()V+11
v  ~StubRoutines::call_stub

---------------  P R O C E S S  ---------------

Java Threads: ( => current thread )
  0x000000001f06a800 JavaThread "Worker-17" [_thread_blocked, id=19088, stack(0x00000000215d0000,0x00000000216d0000)]
  0x000000001f067800 JavaThread "Worker-16" [_thread_in_native, id=17808, stack(0x000000001dc10000,0x000000001dd10000)]
  0x000000001f069000 JavaThread "HighTraffic" [_thread_blocked, id=11876, stack(0x000000001a3c0000,0x000000001a4c0000)]
  0x000000001f06b000 JavaThread "Worker-15" [_thread_blocked, id=19172, stack(0x000000001a2c0000,0x000000001a3c0000)]
  0x000000001f063000 JavaThread "Worker-14" [_thread_blocked, id=21972, stack(0x000000001a1c0000,0x000000001a2c0000)]
  0x000000001f066800 JavaThread "Worker-13" [_thread_blocked, id=10168, stack(0x0000000017290000,0x0000000017390000)]
  0x000000001f05d000 JavaThread "Worker-12" [_thread_blocked, id=18192, stack(0x0000000014d40000,0x0000000014e40000)]
  0x000000001f05c000 JavaThread "Worker-11" [_thread_blocked, id=12568, stack(0x0000000014c40000,0x0000000014d40000)]
  0x000000001f063800 JavaThread "Worker-9" [_thread_blocked, id=18424, stack(0x00000000238a0000,0x00000000239a0000)]
  0x000000001f062000 JavaThread "[ThreadPool Manager] - Idle Thread" daemon [_thread_blocked, id=400, stack(0x0000000025c80000,0x0000000025d80000)]
  0x0000000017c28000 JavaThread "Worker-6" [_thread_blocked, id=5740, stack(0x00000000219d0000,0x0000000021ad0000)]
  0x0000000017c2a000 JavaThread "Timer-2" daemon [_thread_blocked, id=20368, stack(0x000000001fd00000,0x000000001fe00000)]
  0x0000000017c20800 JavaThread "Timer-1" daemon [_thread_blocked, id=22108, stack(0x000000001eaa0000,0x000000001eba0000)]
  0x0000000017c27000 JavaThread "Thread-15" [_thread_in_native, id=4684, stack(0x000000001e8c0000,0x000000001e9c0000)]
  0x0000000017c26800 JavaThread "Worker-5" [_thread_blocked, id=15372, stack(0x000000001e6c0000,0x000000001e7c0000)]
  0x0000000017c1f000 JavaThread "IDLDT DOM Worker-7" [_thread_blocked, id=17648, stack(0x000000001e5c0000,0x000000001e6c0000)]
  0x0000000017c25000 JavaThread "IDLDT DOM Worker-6" [_thread_blocked, id=5356, stack(0x000000001e4c0000,0x000000001e5c0000)]
  0x0000000017c1d800 JavaThread "IDLDT DOM Worker-5" [_thread_blocked, id=22264, stack(0x000000001e3c0000,0x000000001e4c0000)]
  0x0000000017c24000 JavaThread "IDLDT DOM Worker-4" [_thread_blocked, id=2468, stack(0x000000001e2c0000,0x000000001e3c0000)]
  0x0000000017c22800 JavaThread "IDLDT DOM Worker-3" [_thread_blocked, id=19660, stack(0x000000001e1c0000,0x000000001e2c0000)]
  0x0000000017c23800 JavaThread "IDLDT DOM Worker-2" [_thread_blocked, id=4648, stack(0x000000001e0c0000,0x000000001e1c0000)]
  0x0000000017c22000 JavaThread "IDLDT DOM Worker-1" [_thread_blocked, id=4020, stack(0x000000001dfc0000,0x000000001e0c0000)]
  0x00000000163c4800 JavaThread "IDLDT DOM Worker-0" [_thread_blocked, id=17184, stack(0x000000001dec0000,0x000000001dfc0000)]
  0x00000000163c3000 JavaThread "Timer-0" daemon [_thread_blocked, id=20760, stack(0x000000001ddc0000,0x000000001dec0000)]
=>0x0000000016034800 JavaThread "IDL" [_thread_in_native, id=1700, stack(0x0000000018890000,0x0000000018990000)]
  0x0000000016002000 JavaThread "IDLToJava Broker" daemon [_thread_blocked, id=19652, stack(0x0000000018790000,0x0000000018890000)]
  0x0000000015f66000 JavaThread "Provisioning Event Dispatcher" daemon [_thread_blocked, id=4956, stack(0x0000000017390000,0x0000000017490000)]
  0x0000000015f4b800 JavaThread "Bundle File Closer" daemon [_thread_blocked, id=4380, stack(0x0000000017190000,0x0000000017290000)]
  0x0000000016001800 JavaThread "Worker-JM" [_thread_blocked, id=1968, stack(0x0000000016f90000,0x0000000017090000)]
  0x0000000015ddc800 JavaThread "[Timer] - Main Queue Handler" daemon [_thread_blocked, id=12052, stack(0x0000000016e90000,0x0000000016f90000)]
  0x0000000016070800 JavaThread "Framework Event Dispatcher" daemon [_thread_blocked, id=11344, stack(0x0000000016c90000,0x0000000016d90000)]
  0x00000000135c1000 JavaThread "Start Level Event Dispatcher" daemon [_thread_blocked, id=2164, stack(0x0000000016790000,0x0000000016890000)]
  0x000000001600e000 JavaThread "State Data Manager" daemon [_thread_blocked, id=18040, stack(0x0000000016690000,0x0000000016790000)]
  0x00000000133e9800 JavaThread "Framework Active Thread" [_thread_blocked, id=19768, stack(0x0000000016590000,0x0000000016690000)]
  0x0000000010deb000 JavaThread "Service Thread" daemon [_thread_blocked, id=5744, stack(0x00000000131b0000,0x00000000132b0000)]
  0x0000000010ddf000 JavaThread "C2 CompilerThread1" daemon [_thread_blocked, id=8996, stack(0x00000000130b0000,0x00000000131b0000)]
  0x0000000010db2800 JavaThread "C2 CompilerThread0" daemon [_thread_blocked, id=2624, stack(0x0000000012fb0000,0x00000000130b0000)]
  0x0000000010ddd800 JavaThread "Attach Listener" daemon [_thread_blocked, id=16120, stack(0x0000000012eb0000,0x0000000012fb0000)]
  0x0000000010db1800 JavaThread "Signal Dispatcher" daemon [_thread_blocked, id=12960, stack(0x0000000012db0000,0x0000000012eb0000)]
  0x0000000010d50000 JavaThread "Finalizer" daemon [_thread_blocked, id=11504, stack(0x0000000012cb0000,0x0000000012db0000)]
  0x0000000010d48800 JavaThread "Reference Handler" daemon [_thread_blocked, id=21280, stack(0x0000000012bb0000,0x0000000012cb0000)]
  0x0000000002140800 JavaThread "main" [_thread_in_native, id=12028, stack(0x0000000000050000,0x0000000000150000)]

Other Threads:
  0x0000000010d45000 VMThread [stack: 0x0000000012ab0000,0x0000000012bb0000] [id=17628]
  0x00000000132c8800 WatcherThread [stack: 0x00000000136b0000,0x00000000137b0000] [id=18284]

VM state:not at safepoint (normal execution)

VM Mutex/Monitor currently owned by a thread: None

Heap
 PSYoungGen      total 465088K, used 111722K [0x00000007accb0000, 0x00000007cd630000, 0x0000000800000000)
  eden space 441728K, 22% used [0x00000007accb0000,0x00000007b2cf5bf8,0x00000007c7c10000)
  from space 23360K, 56% used [0x00000007cbf60000,0x00000007ccc34dd0,0x00000007cd630000)
  to   space 46144K, 0% used [0x00000007c7c10000,0x00000007c7c10000,0x00000007ca920000)
 ParOldGen       total 170368K, used 74694K [0x0000000706600000, 0x0000000710c60000, 0x00000007accb0000)
  object space 170368K, 43% used [0x0000000706600000,0x000000070aef18c8,0x0000000710c60000)
 PSPermGen       total 83968K, used 48507K [0x0000000701400000, 0x0000000706600000, 0x0000000706600000)
  object space 83968K, 57% used [0x0000000701400000,0x000000070435edf0,0x0000000706600000)

Card table byte_map: [0x0000000005770000,0x0000000005f70000] byte_map_base: 0x0000000001f66000

Polling page: 0x0000000002110000

Code Cache  [0x0000000002770000, 0x0000000002e60000, 0x0000000005770000)
 total_blobs=2607 nmethods=1936 adapters=619 free_code_cache=42243Kb largest_free_block=43073024

Compilation events (10 events):
Event: 409.941 Thread 0x0000000010ddf000 2164             org.eclipse.jface.text.AbstractDocument::updateDocumentStructures (201 bytes)
Event: 409.958 Thread 0x0000000010ddf000 nmethod 2164 0x0000000002a87b90 code [0x0000000002a87e20, 0x0000000002a88f30]
Event: 410.041 Thread 0x0000000010db2800 2165             org.eclipse.ui.internal.Workbench::getActiveWorkbenchWindow (105 bytes)
Event: 410.046 Thread 0x0000000010db2800 nmethod 2165 0x0000000002a86450 code [0x0000000002a86640, 0x0000000002a87140]
Event: 410.126 Thread 0x0000000010ddf000 2166             org.eclipse.text.undo.DocumentUndoManager::getUndoContext (5 bytes)
Event: 410.126 Thread 0x0000000010ddf000 nmethod 2166 0x0000000002c20150 code [0x0000000002c20280, 0x0000000002c202f8]
Event: 410.622 Thread 0x0000000010db2800 2167             org.eclipse.ui.internal.progress.ProgressManager$JobMonitor::isCanceled (23 bytes)
Event: 410.622 Thread 0x0000000010db2800 nmethod 2167 0x0000000002e13650 code [0x0000000002e137a0, 0x0000000002e138a8]
Event: 413.529 Thread 0x0000000010ddf000 2168             java.util.Formatter::checkText (58 bytes)
Event: 413.533 Thread 0x0000000010ddf000 nmethod 2168 0x0000000002e0e710 code [0x0000000002e0e860, 0x0000000002e0ea68]

GC Heap History (10 events):
Event: 309.961 GC heap before
{Heap before GC invocations=17 (full 3):
 PSYoungGen      total 475776K, used 97711K [0x00000007accb0000, 0x00000007cf2a0000, 0x0000000800000000)
  eden space 462400K, 18% used [0x00000007accb0000,0x00000007b1f16278,0x00000007c9040000)
  from space 13376K, 99% used [0x00000007ca510000,0x00000007cb215c10,0x00000007cb220000)
  to   space 50368K, 0% used [0x00000007cc170000,0x00000007cc170000,0x00000007cf2a0000)
 ParOldGen       total 170368K, used 71695K [0x0000000706600000, 0x0000000710c60000, 0x00000007accb0000)
  object space 170368K, 42% used [0x0000000706600000,0x000000070ac03e60,0x0000000710c60000)
 PSPermGen       total 47552K, used 47471K [0x0000000701400000, 0x0000000704270000, 0x0000000706600000)
  object space 47552K, 99% used [0x0000000701400000,0x000000070425be28,0x0000000704270000)
Event: 309.964 GC heap after
Heap after GC invocations=17 (full 3):
 PSYoungGen      total 512384K, used 866K [0x00000007accb0000, 0x00000007cf360000, 0x0000000800000000)
  eden space 462016K, 0% used [0x00000007accb0000,0x00000007accb0000,0x00000007c8fe0000)
  from space 50368K, 1% used [0x00000007cc170000,0x00000007cc248bd8,0x00000007cf2a0000)
  to   space 50752K, 0% used [0x00000007c8fe0000,0x00000007c8fe0000,0x00000007cc170000)
 ParOldGen       total 170368K, used 83997K [0x0000000706600000, 0x0000000710c60000, 0x00000007accb0000)
  object space 170368K, 49% used [0x0000000706600000,0x000000070b807480,0x0000000710c60000)
 PSPermGen       total 47552K, used 47471K [0x0000000701400000, 0x0000000704270000, 0x0000000706600000)
  object space 47552K, 99% used [0x0000000701400000,0x000000070425be28,0x0000000704270000)
}
Event: 309.964 GC heap before
{Heap before GC invocations=18 (full 4):
 PSYoungGen      total 512384K, used 866K [0x00000007accb0000, 0x00000007cf360000, 0x0000000800000000)
  eden space 462016K, 0% used [0x00000007accb0000,0x00000007accb0000,0x00000007c8fe0000)
  from space 50368K, 1% used [0x00000007cc170000,0x00000007cc248bd8,0x00000007cf2a0000)
  to   space 50752K, 0% used [0x00000007c8fe0000,0x00000007c8fe0000,0x00000007cc170000)
 ParOldGen       total 170368K, used 83997K [0x0000000706600000, 0x0000000710c60000, 0x00000007accb0000)
  object space 170368K, 49% used [0x0000000706600000,0x000000070b807480,0x0000000710c60000)
 PSPermGen       total 47552K, used 47471K [0x0000000701400000, 0x0000000704270000, 0x0000000706600000)
  object space 47552K, 99% used [0x0000000701400000,0x000000070425be28,0x0000000704270000)
Event: 310.091 GC heap after
Heap after GC invocations=18 (full 4):
 PSYoungGen      total 512384K, used 0K [0x00000007accb0000, 0x00000007cf360000, 0x0000000800000000)
  eden space 462016K, 0% used [0x00000007accb0000,0x00000007accb0000,0x00000007c8fe0000)
  from space 50368K, 0% used [0x00000007cc170000,0x00000007cc170000,0x00000007cf2a0000)
  to   space 50752K, 0% used [0x00000007c8fe0000,0x00000007c8fe0000,0x00000007cc170000)
 ParOldGen       total 170368K, used 73389K [0x0000000706600000, 0x0000000710c60000, 0x00000007accb0000)
  object space 170368K, 43% used [0x0000000706600000,0x000000070adab688,0x0000000710c60000)
 PSPermGen       total 83968K, used 47469K [0x0000000701400000, 0x0000000706600000, 0x0000000706600000)
  object space 83968K, 56% used [0x0000000701400000,0x000000070425b608,0x0000000706600000)
}
Event: 370.119 GC heap before
{Heap before GC invocations=19 (full 4):
 PSYoungGen      total 512384K, used 442078K [0x00000007accb0000, 0x00000007cf360000, 0x0000000800000000)
  eden space 462016K, 95% used [0x00000007accb0000,0x00000007c7c67868,0x00000007c8fe0000)
  from space 50368K, 0% used [0x00000007cc170000,0x00000007cc170000,0x00000007cf2a0000)
  to   space 50752K, 0% used [0x00000007c8fe0000,0x00000007c8fe0000,0x00000007cc170000)
 ParOldGen       total 170368K, used 73389K [0x0000000706600000, 0x0000000710c60000, 0x00000007accb0000)
  object space 170368K, 43% used [0x0000000706600000,0x000000070adab688,0x0000000710c60000)
 PSPermGen       total 83968K, used 48480K [0x0000000701400000, 0x0000000706600000, 0x0000000706600000)
  object space 83968K, 57% used [0x0000000701400000,0x00000007043583f8,0x0000000706600000)
Event: 370.124 GC heap after
Heap after GC invocations=19 (full 4):
 PSYoungGen      total 476416K, used 14341K [0x00000007accb0000, 0x00000007cee80000, 0x0000000800000000)
  eden space 462016K, 0% used [0x00000007accb0000,0x00000007accb0000,0x00000007c8fe0000)
  from space 14400K, 99% used [0x00000007c8fe0000,0x00000007c9de1660,0x00000007c9df0000)
  to   space 48256K, 0% used [0x00000007cbf60000,0x00000007cbf60000,0x00000007cee80000)
 ParOldGen       total 170368K, used 73397K [0x0000000706600000, 0x0000000710c60000, 0x00000007accb0000)
  object space 170368K, 43% used [0x0000000706600000,0x000000070adad688,0x0000000710c60000)
 PSPermGen       total 83968K, used 48480K [0x0000000701400000, 0x0000000706600000, 0x0000000706600000)
  object space 83968K, 57% used [0x0000000701400000,0x00000007043583f8,0x0000000706600000)
}
Event: 370.124 GC heap before
{Heap before GC invocations=20 (full 5):
 PSYoungGen      total 476416K, used 14341K [0x00000007accb0000, 0x00000007cee80000, 0x0000000800000000)
  eden space 462016K, 0% used [0x00000007accb0000,0x00000007accb0000,0x00000007c8fe0000)
  from space 14400K, 99% used [0x00000007c8fe0000,0x00000007c9de1660,0x00000007c9df0000)
  to   space 48256K, 0% used [0x00000007cbf60000,0x00000007cbf60000,0x00000007cee80000)
 ParOldGen       total 170368K, used 73397K [0x0000000706600000, 0x0000000710c60000, 0x00000007accb0000)
  object space 170368K, 43% used [0x0000000706600000,0x000000070adad688,0x0000000710c60000)
 PSPermGen       total 83968K, used 48480K [0x0000000701400000, 0x0000000706600000, 0x0000000706600000)
  object space 83968K, 57% used [0x0000000701400000,0x00000007043583f8,0x0000000706600000)
Event: 370.208 GC heap after
Heap after GC invocations=20 (full 5):
 PSYoungGen      total 476416K, used 0K [0x00000007accb0000, 0x00000007cee80000, 0x0000000800000000)
  eden space 462016K, 0% used [0x00000007accb0000,0x00000007accb0000,0x00000007c8fe0000)
  from space 14400K, 0% used [0x00000007c8fe0000,0x00000007c8fe0000,0x00000007c9df0000)
  to   space 48256K, 0% used [0x00000007cbf60000,0x00000007cbf60000,0x00000007cee80000)
 ParOldGen       total 170368K, used 74694K [0x0000000706600000, 0x0000000710c60000, 0x00000007accb0000)
  object space 170368K, 43% used [0x0000000706600000,0x000000070aef18c8,0x0000000710c60000)
 PSPermGen       total 83968K, used 48479K [0x0000000701400000, 0x0000000706600000, 0x0000000706600000)
  object space 83968K, 57% used [0x0000000701400000,0x0000000704357da8,0x0000000706600000)
}
Event: 406.982 GC heap before
{Heap before GC invocations=21 (full 5):
 PSYoungGen      total 476416K, used 462016K [0x00000007accb0000, 0x00000007cee80000, 0x0000000800000000)
  eden space 462016K, 100% used [0x00000007accb0000,0x00000007c8fe0000,0x00000007c8fe0000)
  from space 14400K, 0% used [0x00000007c8fe0000,0x00000007c8fe0000,0x00000007c9df0000)
  to   space 48256K, 0% used [0x00000007cbf60000,0x00000007cbf60000,0x00000007cee80000)
 ParOldGen       total 170368K, used 74694K [0x0000000706600000, 0x0000000710c60000, 0x00000007accb0000)
  object space 170368K, 43% used [0x0000000706600000,0x000000070aef18c8,0x0000000710c60000)
 PSPermGen       total 83968K, used 48489K [0x0000000701400000, 0x0000000706600000, 0x0000000706600000)
  object space 83968K, 57% used [0x0000000701400000,0x000000070435a4a8,0x0000000706600000)
Event: 406.987 GC heap after
Heap after GC invocations=21 (full 5):
 PSYoungGen      total 465088K, used 13139K [0x00000007accb0000, 0x00000007cd630000, 0x0000000800000000)
  eden space 441728K, 0% used [0x00000007accb0000,0x00000007accb0000,0x00000007c7c10000)
  from space 23360K, 56% used [0x00000007cbf60000,0x00000007ccc34dd0,0x00000007cd630000)
  to   space 46144K, 0% used [0x00000007c7c10000,0x00000007c7c10000,0x00000007ca920000)
 ParOldGen       total 170368K, used 74694K [0x0000000706600000, 0x0000000710c60000, 0x00000007accb0000)
  object space 170368K, 43% used [0x0000000706600000,0x000000070aef18c8,0x0000000710c60000)
 PSPermGen       total 83968K, used 48489K [0x0000000701400000, 0x0000000706600000, 0x0000000706600000)
  object space 83968K, 57% used [0x0000000701400000,0x000000070435a4a8,0x0000000706600000)
}

Deoptimization events (10 events):
Event: 365.245 Thread 0x0000000002140800 Uncommon trap -34 fr.pc 0x00000000028c4950
Event: 365.246 Thread 0x0000000002140800 Uncommon trap -34 fr.pc 0x00000000028c4950
Event: 365.246 Thread 0x0000000002140800 Uncommon trap -34 fr.pc 0x00000000028c4950
Event: 381.555 Thread 0x0000000017c26800 Uncommon trap -58 fr.pc 0x0000000002d8a79c
Event: 381.555 Thread 0x0000000017c26800 Uncommon trap -58 fr.pc 0x0000000002d8a79c
Event: 381.555 Thread 0x0000000017c26800 Uncommon trap -58 fr.pc 0x0000000002d8a79c
Event: 381.556 Thread 0x0000000017c26800 Uncommon trap -58 fr.pc 0x0000000002d8a79c
Event: 410.334 Thread 0x0000000002140800 Uncommon trap -34 fr.pc 0x00000000029a38dc
Event: 410.334 Thread 0x0000000002140800 Uncommon trap -34 fr.pc 0x00000000028553b4
Event: 413.953 Thread 0x000000001f067800 Uncommon trap -58 fr.pc 0x0000000002d38438

Internal exceptions (10 events):
Event: 413.778 Thread 0x000000001f069000 Threw 0x00000007b2bcafa0 at C:\jdk7u2_64p\jdk7u25\hotspot\src\share\vm\prims\jvm.cpp:2957
Event: 413.787 Thread 0x000000001f069000 Threw 0x00000007b2bcb188 at C:\jdk7u2_64p\jdk7u25\hotspot\src\share\vm\prims\jvm.cpp:2957
Event: 413.793 Thread 0x000000001f069000 Threw 0x00000007b2bcb370 at C:\jdk7u2_64p\jdk7u25\hotspot\src\share\vm\prims\jvm.cpp:2957
Event: 413.801 Thread 0x000000001f069000 Threw 0x00000007b2bcb558 at C:\jdk7u2_64p\jdk7u25\hotspot\src\share\vm\prims\jvm.cpp:2957
Event: 413.809 Thread 0x000000001f069000 Threw 0x00000007b2bcb740 at C:\jdk7u2_64p\jdk7u25\hotspot\src\share\vm\prims\jvm.cpp:2957
Event: 413.823 Thread 0x000000001f069000 Threw 0x00000007b2bcb928 at C:\jdk7u2_64p\jdk7u25\hotspot\src\share\vm\prims\jvm.cpp:2957
Event: 413.831 Thread 0x000000001f069000 Threw 0x00000007b2bcbb10 at C:\jdk7u2_64p\jdk7u25\hotspot\src\share\vm\prims\jvm.cpp:2957
Event: 413.839 Thread 0x000000001f069000 Threw 0x00000007b2bcbcf8 at C:\jdk7u2_64p\jdk7u25\hotspot\src\share\vm\prims\jvm.cpp:2957
Event: 413.846 Thread 0x000000001f069000 Threw 0x00000007b2bcbee0 at C:\jdk7u2_64p\jdk7u25\hotspot\src\share\vm\prims\jvm.cpp:2957
Event: 413.869 Thread 0x000000001f069000 Threw 0x00000007b2bcc0c8 at C:\jdk7u2_64p\jdk7u25\hotspot\src\share\vm\prims\jvm.cpp:2957

Events (10 events):
Event: 410.733 Executing VM operation: RevokeBias done
Event: 413.528 Executing VM operation: RevokeBias
Event: 413.528 Executing VM operation: RevokeBias done
Event: 413.533 Thread 0x0000000010ddf000 flushing nmethod 0x00000000028cc890
Event: 413.953 Thread 0x000000001f067800 DEOPT PACKING pc=0x0000000002d38438 sp=0x000000001dd0f4d0
Event: 413.953 Thread 0x000000001f067800 DEOPT UNPACKING pc=0x00000000027a9164 sp=0x000000001dd0f468 mode 2
Event: 413.967 Thread 0x000000001f068000 Thread added: 0x000000001f068000
Event: 413.968 Executing VM operation: RevokeBias
Event: 413.968 Executing VM operation: RevokeBias done
Event: 413.968 Thread 0x000000001f068000 Thread exited: 0x000000001f068000


Dynamic libraries:
0x0000000000400000 - 0x000000000040e000 	C:\Program Files\Exelis\IDL83\bin\bin.x86_64\idlde.exe
0x00007ffe440f0000 - 0x00007ffe442e5000 	C:\WINDOWS\SYSTEM32\ntdll.dll
0x00007ffe42280000 - 0x00007ffe4233d000 	C:\WINDOWS\System32\KERNEL32.DLL
0x00007ffe41830000 - 0x00007ffe41af8000 	C:\WINDOWS\System32\KERNELBASE.dll
0x00007ffe3f0b0000 - 0x00007ffe3f140000 	C:\WINDOWS\SYSTEM32\apphelp.dll
0x00007ffe42e50000 - 0x00007ffe42ff0000 	C:\WINDOWS\System32\USER32.dll
0x00007ffe420f0000 - 0x00007ffe42112000 	C:\WINDOWS\System32\win32u.dll
0x00007ffe42a20000 - 0x00007ffe42a4a000 	C:\WINDOWS\System32\GDI32.dll
0x00007ffe41f60000 - 0x00007ffe4206b000 	C:\WINDOWS\System32\gdi32full.dll
0x00007ffe41c50000 - 0x00007ffe41ced000 	C:\WINDOWS\System32\msvcp_win.dll
0x00007ffe41b00000 - 0x00007ffe41c00000 	C:\WINDOWS\System32\ucrtbase.dll
0x00007ffe42ac0000 - 0x00007ffe42b5e000 	C:\WINDOWS\System32\msvcrt.dll
0x00007ffe32510000 - 0x00007ffe327aa000 	C:\WINDOWS\WinSxS\amd64_microsoft.windows.common-controls_6595b64144ccf1df_6.0.19041.844_none_ca00b6081b84eb1d\COMCTL32.dll
0x00007ffe423e0000 - 0x00007ffe42410000 	C:\WINDOWS\System32\IMM32.DLL
0x0000000072000000 - 0x0000000072012000 	C:\Program Files\Exelis\IDL83\bin\bin.x86_64\plugins\org.eclipse.equinox.launcher.win32.win32.x86_64_1.1.100.v20110502\eclipse_1406.dll
0x00007ffe42bd0000 - 0x00007ffe42c7c000 	C:\WINDOWS\System32\ADVAPI32.dll
0x00007ffe42340000 - 0x00007ffe423db000 	C:\WINDOWS\System32\sechost.dll
0x00007ffe42150000 - 0x00007ffe4227b000 	C:\WINDOWS\System32\RPCRT4.dll
0x00007ffe38850000 - 0x00007ffe3885a000 	C:\WINDOWS\SYSTEM32\VERSION.dll
0x0000000059410000 - 0x0000000059b1f000 	C:\Program Files\Exelis\IDL83\bin\bin.x86_64\jre\bin\server\jvm.dll
0x00007ffe42a10000 - 0x00007ffe42a18000 	C:\WINDOWS\System32\PSAPI.DLL
0x0000000059330000 - 0x0000000059401000 	C:\WINDOWS\SYSTEM32\MSVCR100.dll
0x00007ffe3a2a0000 - 0x00007ffe3a2a9000 	C:\WINDOWS\SYSTEM32\WSOCK32.dll
0x00007ffe42b60000 - 0x00007ffe42bcb000 	C:\WINDOWS\System32\WS2_32.dll
0x00007ffe30770000 - 0x00007ffe30797000 	C:\WINDOWS\SYSTEM32\WINMM.dll
0x0000000059320000 - 0x000000005932f000 	C:\Program Files\Exelis\IDL83\bin\bin.x86_64\jre\bin\verify.dll
0x00000000592f0000 - 0x0000000059318000 	C:\Program Files\Exelis\IDL83\bin\bin.x86_64\jre\bin\java.dll
0x00000000592d0000 - 0x00000000592e5000 	C:\Program Files\Exelis\IDL83\bin\bin.x86_64\jre\bin\zip.dll
0x00007ffe41170000 - 0x00007ffe41188000 	C:\WINDOWS\SYSTEM32\CRYPTSP.dll
0x00007ffe408e0000 - 0x00007ffe40914000 	C:\WINDOWS\system32\rsaenh.dll
0x00007ffe42120000 - 0x00007ffe42147000 	C:\WINDOWS\System32\bcrypt.dll
0x00007ffe416f0000 - 0x00007ffe4171e000 	C:\WINDOWS\SYSTEM32\USERENV.dll
0x00007ffe41770000 - 0x00007ffe4178f000 	C:\WINDOWS\SYSTEM32\profapi.dll
0x00007ffe42070000 - 0x00007ffe420f0000 	C:\WINDOWS\System32\bcryptprimitives.dll
0x00007ffe41190000 - 0x00007ffe4119c000 	C:\WINDOWS\SYSTEM32\CRYPTBASE.dll
0x00000000592b0000 - 0x00000000592c9000 	C:\Program Files\Exelis\IDL83\bin\bin.x86_64\jre\bin\net.dll
0x00007ffe40f40000 - 0x00007ffe40faa000 	C:\WINDOWS\system32\mswsock.dll
0x00007ffe27cb0000 - 0x00007ffe27cfb000 	C:\Program Files (x86)\Sangfor\SSL\ClientComponent\3_SangforNspX64.dll
0x00007ffe43f80000 - 0x00007ffe440aa000 	C:\WINDOWS\System32\ole32.dll
0x00007ffe42ff0000 - 0x00007ffe43345000 	C:\WINDOWS\System32\combase.dll
0x00007ffe43c60000 - 0x00007ffe43d2d000 	C:\WINDOWS\System32\OLEAUT32.dll
0x00007ffe43e40000 - 0x00007ffe43e95000 	C:\WINDOWS\System32\SHLWAPI.dll
0x00007ffe1ba30000 - 0x00007ffe1ba47000 	C:\WINDOWS\system32\napinsp.dll
0x00007ffe1ba10000 - 0x00007ffe1ba2b000 	C:\WINDOWS\system32\pnrpnsp.dll
0x00007ffe3c010000 - 0x00007ffe3c025000 	C:\WINDOWS\system32\wshbth.dll
0x00007ffe3cf20000 - 0x00007ffe3cf3d000 	C:\WINDOWS\system32\NLAapi.dll
0x00007ffe40c30000 - 0x00007ffe40c6b000 	C:\WINDOWS\SYSTEM32\IPHLPAPI.DLL
0x00007ffe40c70000 - 0x00007ffe40d3c000 	C:\WINDOWS\SYSTEM32\DNSAPI.dll
0x00007ffe433e0000 - 0x00007ffe433e8000 	C:\WINDOWS\System32\NSI.dll
0x00007ffe1b9f0000 - 0x00007ffe1ba02000 	C:\WINDOWS\System32\winrnr.dll
0x00007ffe38880000 - 0x00007ffe3888a000 	C:\Windows\System32\rasadhlp.dll
0x00007ffe37ec0000 - 0x00007ffe37f3f000 	C:\WINDOWS\System32\fwpuclnt.dll
0x0000000059290000 - 0x00000000592a1000 	C:\Program Files\Exelis\IDL83\bin\bin.x86_64\jre\bin\nio.dll
0x00007ffe3f240000 - 0x00007ffe3f2de000 	C:\WINDOWS\system32\uxtheme.dll
0x00007ffe43b40000 - 0x00007ffe43c55000 	C:\WINDOWS\System32\MSCTF.dll
0x00007ffe3f750000 - 0x00007ffe3f762000 	C:\WINDOWS\SYSTEM32\kernel.appcore.dll
0x00007ffe289b0000 - 0x00007ffe28aa9000 	C:\WINDOWS\SYSTEM32\textinputframework.dll
0x00007ffe3e370000 - 0x00007ffe3e6ce000 	C:\WINDOWS\System32\CoreUIComponents.dll
0x00007ffe3eb30000 - 0x00007ffe3ec22000 	C:\WINDOWS\System32\CoreMessaging.dll
0x00007ffe43d30000 - 0x00007ffe43dde000 	C:\WINDOWS\System32\SHCORE.dll
0x00007ffe40570000 - 0x00007ffe405a3000 	C:\WINDOWS\SYSTEM32\ntmarta.dll
0x00007ffe3d390000 - 0x00007ffe3d4e4000 	C:\WINDOWS\SYSTEM32\wintypes.dll
0x00007ffe42410000 - 0x00007ffe424b9000 	C:\WINDOWS\System32\clbcatq.dll
0x00007ffe390a0000 - 0x00007ffe39152000 	C:\WINDOWS\system32\baiducnTSF.dll
0x00007ffe433f0000 - 0x00007ffe43b32000 	C:\WINDOWS\System32\SHELL32.dll
0x00007ffe41e00000 - 0x00007ffe41f5f000 	C:\WINDOWS\System32\CRYPT32.dll
0x00007ffe42c80000 - 0x00007ffe42c9d000 	C:\WINDOWS\System32\imagehlp.dll
0x00007ffe3f970000 - 0x00007ffe40101000 	C:\WINDOWS\SYSTEM32\windows.storage.dll
0x00007ffe41230000 - 0x00007ffe4125c000 	C:\WINDOWS\System32\Wldp.dll
0x00007ffdfa120000 - 0x00007ffdfa4d0000 	C:\Program Files (x86)\Baidu\BaiduPinyin\5.6.6000.0\UIPFullx64.dll
0x00007ffe30650000 - 0x00007ffe306b6000 	C:\WINDOWS\SYSTEM32\OLEACC.dll
0x00007ffe14ab0000 - 0x00007ffe14c5b000 	C:\WINDOWS\WinSxS\amd64_microsoft.windows.gdiplus_6595b64144ccf1df_1.1.19041.928_none_faefac437613c6cc\gdiplus.dll
0x00007ffe322d0000 - 0x00007ffe322d7000 	C:\WINDOWS\SYSTEM32\MSIMG32.dll
0x00007ffe39000000 - 0x00007ffe39092000 	C:\Program Files (x86)\Baidu\BaiduPinyin\5.6.6000.0\configurex64.dll
0x00007ffe37b60000 - 0x00007ffe37c4f000 	C:\Program Files (x86)\Baidu\BaiduPinyin\5.6.6000.0\imefreetypex64.dll
0x00007ffe39270000 - 0x00007ffe392c9000 	C:\Program Files (x86)\Baidu\BaiduPinyin\5.6.6000.0\imepngx64.dll
0x00007ffe24200000 - 0x00007ffe24218000 	C:\WINDOWS\SYSTEM32\NETAPI32.dll
0x00007ffe3a050000 - 0x00007ffe3a08a000 	C:\Program Files (x86)\Baidu\BaiduPinyin\5.6.6000.0\imezlibx64.dll
0x00007ffe41720000 - 0x00007ffe41751000 	C:\WINDOWS\SYSTEM32\SspiCli.dll
0x00007ffe29330000 - 0x00007ffe293d8000 	C:\Windows\System32\twinapi.dll
0x00007ffe3b450000 - 0x00007ffe3b651000 	C:\Windows\System32\twinapi.appcore.dll
0x0000000016d90000 - 0x0000000016e37000 	C:\Users\jia\.idl\idlworkbench-config-idl8.3.0_x86_64\org.eclipse.osgi\bundles\530\1\.cp\swt-win32-3740.dll
0x00007ffe43ea0000 - 0x00007ffe43f7a000 	C:\WINDOWS\System32\comdlg32.dll
0x00007ffe267d0000 - 0x00007ffe2685e000 	C:\WINDOWS\SYSTEM32\WINSPOOL.DRV
0x00007ffe3a280000 - 0x00007ffe3a299000 	C:\WINDOWS\SYSTEM32\USP10.dll
0x00007ffe2e500000 - 0x00007ffe2e9dd000 	C:\WINDOWS\SYSTEM32\WININET.dll
0x00007ffe3d090000 - 0x00007ffe3d187000 	C:\WINDOWS\SYSTEM32\propsys.dll
0x00007ffe13080000 - 0x00007ffe131fe000 	C:\Windows\System32\TaskFlowDataEngine.dll
0x00007ffe1b0c0000 - 0x00007ffe1b561000 	C:\Windows\System32\cdp.dll
0x00007ffe41c00000 - 0x00007ffe41c4e000 	C:\WINDOWS\System32\cfgmgr32.dll
0x00007ffe415d0000 - 0x00007ffe415e2000 	C:\Windows\System32\UMPDC.dll
0x00007ffe3d250000 - 0x00007ffe3d38b000 	C:\Windows\System32\dsreg.dll
0x00007ffe40970000 - 0x00007ffe409fa000 	C:\Windows\System32\msvcp110_win.dll
0x00007ffe17060000 - 0x00007ffe170dd000 	C:\Windows\System32\OneCoreCommonProxyStub.dll
0x0000000018590000 - 0x00000000185ae000 	C:\Users\jia\.idl\idlworkbench-config-idl8.3.0_x86_64\org.eclipse.osgi\bundles\530\1\.cp\swt-gdip-win32-3740.dll
0x00007ffe3b780000 - 0x00007ffe3b934000 	C:\WINDOWS\SYSTEM32\WindowsCodecs.dll
0x0000000180000000 - 0x0000000180011000 	C:\Users\jia\.idl\idlworkbench-config-idl8.3.0_x86_64\org.eclipse.osgi\bundles\183\1\.cp\os\win32\x86_64\localfile_1_0_0.dll
0x00007ffdf8ff0000 - 0x00007ffdf903d000 	C:\Program Files\Exelis\IDL83\bin\bin.x86_64\idl_ips.dll
0x00007ffdde730000 - 0x00007ffddf48d000 	C:\Program Files\Exelis\IDL83\bin\bin.x86_64\idl.dll
0x00007ffe304e0000 - 0x00007ffe30503000 	C:\Program Files\Exelis\IDL83\bin\bin.x86_64\UG3220.dll
0x00007ffdf8f90000 - 0x00007ffdf8fec000 	C:\Program Files\Exelis\IDL83\bin\bin.x86_64\MesaGLU6_2.dll
0x00007ffdf14e0000 - 0x00007ffdf166e000 	C:\Program Files\Exelis\IDL83\bin\bin.x86_64\MesaGL6_2.dll
0x00007ffe3a240000 - 0x00007ffe3a24c000 	C:\Program Files\Exelis\IDL83\bin\bin.x86_64\osmesa6_2.dll
0x00007ffdf1f00000 - 0x00007ffdf1f7c000 	C:\Program Files\Exelis\IDL83\bin\bin.x86_64\freetype2_4_7.dll
0x00007ffe3b1b0000 - 0x00007ffe3b1ee000 	C:\WINDOWS\System32\netprofm.dll
0x00007ffe37e90000 - 0x00007ffe37ea0000 	C:\WINDOWS\System32\npmproxy.dll
0x00007ffe388b0000 - 0x00007ffe388c7000 	C:\WINDOWS\SYSTEM32\dhcpcsvc6.DLL
0x00007ffe38930000 - 0x00007ffe3894d000 	C:\WINDOWS\SYSTEM32\dhcpcsvc.DLL
0x00000000192f0000 - 0x00000000195db000 	C:\WINDOWS\system32\spool\DRIVERS\x64\3\hp1100su.dll
0x00000000195e0000 - 0x00000000196e5000 	C:\WINDOWS\system32\spool\DRIVERS\x64\3\HP1100GC.dll
0x0000000019770000 - 0x00000000197cf000 	C:\WINDOWS\system32\spool\DRIVERS\x64\3\hp1100sd.dll
0x00007ffe28840000 - 0x00007ffe28966000 	C:\WINDOWS\SYSTEM32\OpenGL32.DLL
0x00007ffe38bd0000 - 0x00007ffe38bfc000 	C:\WINDOWS\SYSTEM32\GLU32.dll
0x00007ffdf4790000 - 0x00007ffdf47ce000 	C:\Program Files\Exelis\IDL83\bin\bin.x86_64\gl_driver.dll
0x0000000019810000 - 0x0000000019813000 	C:\WINDOWS\SYSTEM32\icmp.Dll
0x00007ffe12470000 - 0x00007ffe1251c000 	C:\WINDOWS\SYSTEM32\TextShaping.dll
0x00007ffe13700000 - 0x00007ffe13921000 	C:\WINDOWS\system32\explorerframe.dll
0x00007ffe31090000 - 0x00007ffe310ce000 	C:\WINDOWS\system32\dataexchange.dll
0x00007ffe3d950000 - 0x00007ffe3dbb4000 	C:\WINDOWS\system32\d3d11.dll
0x00007ffe3e180000 - 0x00007ffe3e365000 	C:\WINDOWS\system32\dcomp.dll
0x00007ffe40170000 - 0x00007ffe40263000 	C:\WINDOWS\system32\dxgi.dll
0x00007ffe121c0000 - 0x00007ffe12202000 	C:\WINDOWS\system32\mlang.dll
0x00007ffe41640000 - 0x00007ffe416e2000 	C:\WINDOWS\SYSTEM32\sxs.dll
0x00007ffe26230000 - 0x00007ffe26241000 	C:\Users\jia\.idl\idlworkbench-config-idl8.3.0_x86_64\org.eclipse.osgi\bundles\208\1\.cp\jWinHttp-1.0.0.dll
0x00007ffe3bd90000 - 0x00007ffe3be9b000 	C:\WINDOWS\SYSTEM32\WINHTTP.dll
0x00007ffe2ffa0000 - 0x00007ffe30006000 	C:\Windows\System32\thumbcache.dll
0x00007ffe3cce0000 - 0x00007ffe3cd80000 	C:\WINDOWS\SYSTEM32\policymanager.dll
0x00007ffe2ac20000 - 0x00007ffe2ac2c000 	C:\WINDOWS\SYSTEM32\Secur32.dll

VM Arguments:
jvm_args: -Dosgi.instance.area.default=@user.home/IDLWorkspace83 -Dosgi.configuration.area=@user.home/.idl/idlworkbench-config-idl8.3.0_x86_64 -Dosgi.configuration.cascaded=true -Dosgi.checkConfiguration=true -Dosgi.sharedConfiguration.area.readOnly=true -Dorg.eclipse.update.reconcile=false -Declipse.p2.data.area=@config.dir/p2 -Dosgi.sharedConfiguration.area=C:\Program Files\Exelis\IDL83\bin\bin.x86_64/configuration 
java_command: <unknown>
Launcher Type: generic

Environment Variables:
PATH=C:/Program Files/Exelis/IDL83/bin/bin.x86_64/jre/bin/server;C:/Program Files/Exelis/IDL83/bin/bin.x86_64/jre/bin;C:/Program Files/Exelis/IDL83/bin/bin.x86_64/jre/lib/amd64;C:\Program Files\Exelis\IDL83\bin\bin.x86_64\;C:\D_drive\Anaconda3\Anaconda\envs\AIMIS3D;C:\D_drive\Anaconda3\Anaconda\envs\AIMIS3D\Scripts;C:\D_drive\Anaconda3\Anaconda\envs\AIMIS3D\Library\bin;C:\D_drive\Anaconda3\Anaconda\envs\AIMIS3D\Library\mingw-w64\bin;C:\D_drive\Anaconda3\Anaconda\Scripts;C:\Program Files\Exelis\IDL85\bin\bin.x86_64;C:\Program Files\dotnet\;C:\Program Files\CMake\bin;;C:\WINDOWS\system32;C:\WINDOWS\System32\WindowsPowerShell\v1.0\;C:\WINDOWS\System32\Wbem;C:\Program Files\python;C:\Program Files\python\Scripts;C:\BtSoft\panel\script;C:\Program Files\ITK-SNAP 3.8\bin;C:\WINDOWS;C:\WINDOWS\System32\OpenSSH\;C:\Program Files (x86)\dotnet\;C:\Users\jia\AppData\Local\Microsoft\WindowsApps;;C:\Pycharm\PyCharm Community Edition 2020.1.2\bin;;C:\Users\jia\AppData\Local\Programs\Microsoft VS Code\bin;C:\Program Files\Exelis\IDL83\bin\bin.x86_64;
USERNAME=jia
OS=Windows_NT
PROCESSOR_IDENTIFIER=Intel64 Family 6 Model 126 Stepping 5, GenuineIntel



---------------  S Y S T E M  ---------------

OS: Windows 8 , 64 bit Build 9200 

CPU:total 8 (4 cores per cpu, 2 threads per core) family 6 model 126 stepping 5, cmov, cx8, fxsr, mmx, sse, sse2, sse3, ssse3, sse4.1, sse4.2, popcnt, avx, avx2, ht, tsc, tscinvbit

Memory: 4k page, physical 16353460k(8280880k free), swap 18843828k(4644984k free)

vm_info: Java HotSpot(TM) 64-Bit Server VM (23.25-b01) for windows-amd64 JRE (1.7.0_25-b17), built on Jun 21 2013 12:58:32 by "java_re" with unknown MS VC++:1600

time: Mon Nov 01 23:35:30 2021
elapsed time: 414 seconds

