#
# A fatal error has been detected by the Java Runtime Environment:
#
#  EXCEPTION_ACCESS_VIOLATION (0xc0000005) at pc=0x00007ffc1663f051, pid=7392, tid=1972
#
# JRE version: 7.0_25-b17
# Java VM: Java HotSpot(TM) 64-Bit Server VM (23.25-b01 mixed mode windows-amd64 compressed oops)
# Problematic frame:
# C  0x00007ffc1663f051  DumpRegistryKeyDefinitions+0x75f441
#
# Failed to write core dump. Minidumps are not enabled by default on client versions of Windows
#
# If you would like to submit a bug report, please visit:
#   http://bugreport.sun.com/bugreport/crash.jsp
# The crash happened outside the Java Virtual Machine in native code.
# See problematic frame for where to report the bug.
#

---------------  T H R E A D  ---------------

Current thread (0x0000000014770000):  JavaThread "IDL" [_thread_in_native, id=1972, stack(0x00000000171c0000,0x00000000172c0000)]

siginfo: ExceptionCode=0xc0000005, reading address 0xffffffffffffffff

Registers:
RAX=0x3f248d383dfc49cd, RBX=0x00000000172b0f50, RCX=0x0000000019d97788, RDX=0x0000000000000000
RSP=0x00000000172b0ec8, RBP=0x00007ffc16adc960, RSI=0x00000000172b0f20, RDI=0x0000000000000007
R8 =0x00000000172b0f20, R9 =0x00000000172b0f50, R10=0x0000000019d97788, R11=0x00000000172b0f68
R12=0x00007ffc16adc960, R13=0x000000003755f150, R14=0x0000000000000008, R15=0x00000000409da000
RIP=0x00007ffc1663f051, EFLAGS=0x0000000000010246

Top of Stack: (sp=0x00000000172b0ec8)
0x00000000172b0ec8:   00007ffc164c54c9 00000000172b0f20
0x00000000172b0ed8:   0000000019d973d0 3f8000003f800000
0x00000000172b0ee8:   000000003f800000 0000000019d973d0
0x00000000172b0ef8:   00007ffc164c5be0 0000000019d977c0
0x00000000172b0f08:   0000000000000001 00000000172b1000
0x00000000172b0f18:   0000000000000001 0000000019d973d0
0x00000000172b0f28:   0000000019d973d0 0000000019d97788
0x00000000172b0f38:   0000000000000000 0000000000000013
0x00000000172b0f48:   00007ffc00000008 00000000172b0ff0
0x00000000172b0f58:   0000000000000000 00000000172b1010
0x00000000172b0f68:   0000000019d97788 0000000019d97798
0x00000000172b0f78:   0000000019d977a8 0000000019d977b8
0x00000000172b0f88:   0000000019d977c8 0000000019d977d8
0x00000000172b0f98:   0000000019d977e8 0000000019d977f8
0x00000000172b0fa8:   0000000000000000 0000000000000000
0x00000000172b0fb8:   0000000000000000 0000000000000000 

Instructions: (pc=0x00007ffc1663f051)
0x00007ffc1663f031:   4a 04 f3 0f 11 42 08 8b 41 30 0f 28 02 48 03 c0
0x00007ffc1663f041:   f3 0f 7f 04 c1 ff 41 30 c3 cc cc 48 8b 01 32 d2
0x00007ffc1663f051:   38 50 34 74 0b 48 8b 41 08 38 50 34 74 02 b2 01
0x00007ffc1663f061:   8a c2 c3 44 8b 81 60 10 00 00 8b 91 18 19 00 00 


Register to memory mapping:

RAX=0x3f248d383dfc49cd is an unknown value
RBX=0x00000000172b0f50 is pointing into the stack for thread: 0x0000000014770000
RCX=0x0000000019d97788 is an unknown value
RDX=0x0000000000000000 is an unknown value
RSP=0x00000000172b0ec8 is pointing into the stack for thread: 0x0000000014770000
RBP=0x00007ffc16adc960 is an unknown value
RSI=0x00000000172b0f20 is pointing into the stack for thread: 0x0000000014770000
RDI=0x0000000000000007 is an unknown value
R8 =0x00000000172b0f20 is pointing into the stack for thread: 0x0000000014770000
R9 =0x00000000172b0f50 is pointing into the stack for thread: 0x0000000014770000
R10=0x0000000019d97788 is an unknown value
R11=0x00000000172b0f68 is pointing into the stack for thread: 0x0000000014770000
R12=0x00007ffc16adc960 is an unknown value
R13=0x000000003755f150 is an unknown value
R14=0x0000000000000008 is an unknown value
R15=0x00000000409da000 is an unknown value


Stack: [0x00000000171c0000,0x00000000172c0000],  sp=0x00000000172b0ec8,  free space=963k
Native frames: (J=compiled Java code, j=interpreted, Vv=VM code, C=native code)
C  0x00007ffc1663f051  DumpRegistryKeyDefinitions+0x75f441

Java frames: (J=compiled Java code, j=interpreted, Vv=VM code)
j  com.rsi.idldt.core.ips.IPS_Access.IPS_Start([Ljava/lang/String;)V+0
j  com.rsi.idldt.core.ips.IPS_Manager$2.run()V+15
j  java.lang.Thread.run()V+11
v  ~StubRoutines::call_stub

---------------  P R O C E S S  ---------------

Java Threads: ( => current thread )
  0x000000001652f000 JavaThread "Worker-16" [_thread_blocked, id=6648, stack(0x0000000016bb0000,0x0000000016cb0000)]
  0x000000001e680800 JavaThread "Worker-13" [_thread_blocked, id=6388, stack(0x000000001d9a0000,0x000000001daa0000)]
  0x000000001652f800 JavaThread "Timer-2" daemon [_thread_blocked, id=11336, stack(0x000000001d8a0000,0x000000001d9a0000)]
  0x0000000016527000 JavaThread "Timer-1" daemon [_thread_blocked, id=12444, stack(0x000000001d470000,0x000000001d570000)]
  0x0000000016526800 JavaThread "Thread-14" [_thread_in_native, id=6492, stack(0x000000001d330000,0x000000001d430000)]
  0x000000001652c800 JavaThread "IDLDT DOM Worker-7" [_thread_blocked, id=7460, stack(0x000000001d160000,0x000000001d260000)]
  0x0000000016528800 JavaThread "IDLDT DOM Worker-6" [_thread_blocked, id=11096, stack(0x000000001d060000,0x000000001d160000)]
  0x000000001652b000 JavaThread "IDLDT DOM Worker-5" [_thread_blocked, id=11040, stack(0x000000001cf60000,0x000000001d060000)]
  0x000000001652c000 JavaThread "IDLDT DOM Worker-4" [_thread_blocked, id=6488, stack(0x000000001ce60000,0x000000001cf60000)]
  0x0000000016529800 JavaThread "IDLDT DOM Worker-3" [_thread_blocked, id=9732, stack(0x000000001cd60000,0x000000001ce60000)]
  0x0000000016528000 JavaThread "IDLDT DOM Worker-2" [_thread_blocked, id=9452, stack(0x000000001cc60000,0x000000001cd60000)]
  0x0000000014adb800 JavaThread "IDLDT DOM Worker-1" [_thread_blocked, id=8852, stack(0x000000001cb60000,0x000000001cc60000)]
  0x0000000014ada800 JavaThread "IDLDT DOM Worker-0" [_thread_blocked, id=9816, stack(0x000000001ca60000,0x000000001cb60000)]
  0x0000000014add800 JavaThread "Timer-0" daemon [_thread_blocked, id=5220, stack(0x000000001c960000,0x000000001ca60000)]
  0x0000000014adc000 JavaThread "Worker-1" [_thread_blocked, id=2636, stack(0x00000000173c0000,0x00000000174c0000)]
=>0x0000000014770000 JavaThread "IDL" [_thread_in_native, id=1972, stack(0x00000000171c0000,0x00000000172c0000)]
  0x0000000013723000 JavaThread "IDLToJava Broker" daemon [_thread_blocked, id=1344, stack(0x00000000170c0000,0x00000000171c0000)]
  0x0000000014a7b800 JavaThread "Provisioning Event Dispatcher" daemon [_thread_blocked, id=13892, stack(0x00000000157a0000,0x00000000158a0000)]
  0x0000000014684800 JavaThread "[ThreadPool Manager] - Idle Thread" daemon [_thread_blocked, id=12036, stack(0x00000000155a0000,0x00000000156a0000)]
  0x0000000014770800 JavaThread "Bundle File Closer" daemon [_thread_blocked, id=13240, stack(0x00000000151f0000,0x00000000152f0000)]
  0x000000001481d800 JavaThread "Worker-JM" [_thread_blocked, id=7088, stack(0x00000000154a0000,0x00000000155a0000)]
  0x0000000013723800 JavaThread "[Timer] - Main Queue Handler" daemon [_thread_blocked, id=5860, stack(0x00000000152f0000,0x00000000153f0000)]
  0x0000000013807800 JavaThread "Framework Event Dispatcher" daemon [_thread_blocked, id=5476, stack(0x00000000150f0000,0x00000000151f0000)]
  0x0000000013669800 JavaThread "Start Level Event Dispatcher" daemon [_thread_blocked, id=13180, stack(0x0000000014ff0000,0x00000000150f0000)]
  0x0000000013669000 JavaThread "State Data Manager" daemon [_thread_blocked, id=3760, stack(0x0000000014ef0000,0x0000000014ff0000)]
  0x0000000014649000 JavaThread "Framework Active Thread" [_thread_blocked, id=5368, stack(0x0000000014df0000,0x0000000014ef0000)]
  0x0000000011115000 JavaThread "Service Thread" daemon [_thread_blocked, id=4588, stack(0x00000000138d0000,0x00000000139d0000)]
  0x000000001110e800 JavaThread "C2 CompilerThread1" daemon [_thread_blocked, id=4356, stack(0x00000000133d0000,0x00000000134d0000)]
  0x000000001110c800 JavaThread "C2 CompilerThread0" daemon [_thread_blocked, id=4052, stack(0x00000000132d0000,0x00000000133d0000)]
  0x000000001110c000 JavaThread "Attach Listener" daemon [_thread_blocked, id=3992, stack(0x00000000131d0000,0x00000000132d0000)]
  0x00000000110e2000 JavaThread "Signal Dispatcher" daemon [_thread_blocked, id=3684, stack(0x00000000130d0000,0x00000000131d0000)]
  0x0000000011079800 JavaThread "Finalizer" daemon [_thread_blocked, id=3592, stack(0x0000000012fd0000,0x00000000130d0000)]
  0x0000000011078800 JavaThread "Reference Handler" daemon [_thread_blocked, id=15156, stack(0x0000000012ed0000,0x0000000012fd0000)]
  0x000000000273e800 JavaThread "main" [_thread_in_native, id=5356, stack(0x0000000000050000,0x0000000000150000)]

Other Threads:
  0x0000000011074000 VMThread [stack: 0x0000000012dd0000,0x0000000012ed0000] [id=2764]
  0x00000000134e8800 WatcherThread [stack: 0x00000000139d0000,0x0000000013ad0000] [id=4932]

VM state:not at safepoint (normal execution)

VM Mutex/Monitor currently owned by a thread: None

Heap
 PSYoungGen      total 80896K, used 160K [0x00000007ab800000, 0x00000007b11e0000, 0x0000000800000000)
  eden space 70912K, 0% used [0x00000007ab800000,0x00000007ab8280f0,0x00000007afd40000)
  from space 9984K, 0% used [0x00000007b0820000,0x00000007b0820000,0x00000007b11e0000)
  to   space 10560K, 0% used [0x00000007afd40000,0x00000007afd40000,0x00000007b0790000)
 ParOldGen       total 181568K, used 84103K [0x0000000702800000, 0x000000070d950000, 0x00000007ab800000)
  object space 181568K, 46% used [0x0000000702800000,0x0000000707a21f28,0x000000070d950000)
 PSPermGen       total 48576K, used 47574K [0x00000006fd600000, 0x0000000700570000, 0x0000000702800000)
  object space 48576K, 97% used [0x00000006fd600000,0x0000000700475b50,0x0000000700570000)

Card table byte_map: [0x0000000005800000,0x0000000006020000] byte_map_base: 0x0000000002015000

Polling page: 0x00000000021b0000

Code Cache  [0x0000000002740000, 0x0000000002e20000, 0x0000000005740000)
 total_blobs=2486 nmethods=1823 adapters=611 free_code_cache=42408Kb largest_free_block=43155328

Compilation events (10 events):
Event: 1705.735 Thread 0x000000001110c800 2016             org.eclipse.ui.internal.PartStack::getPresentablePart (42 bytes)
Event: 1705.738 Thread 0x000000001110c800 nmethod 2016 0x0000000002ccfdd0 code [0x0000000002ccff20, 0x0000000002cd0298]
Event: 1709.473 Thread 0x000000001110e800 2017             org.eclipse.swt.widgets.EventTable::unhook (74 bytes)
Event: 1709.475 Thread 0x000000001110e800 nmethod 2017 0x0000000002b5d210 code [0x0000000002b5d360, 0x0000000002b5d628]
Event: 1709.615 Thread 0x000000001110c800 2018             org.eclipse.swt.widgets.Display::runDeferredEvents (109 bytes)
Event: 1709.618 Thread 0x000000001110c800 nmethod 2018 0x0000000002cf8350 code [0x0000000002cf84c0, 0x0000000002cf88f8]
Event: 1710.176 Thread 0x000000001110e800 2019             org.eclipse.ui.internal.util.Util::safeCopy (60 bytes)
Event: 1710.182 Thread 0x000000001110e800 nmethod 2019 0x0000000002ad4890 code [0x0000000002ad4a80, 0x0000000002ad5168]
Event: 1801.016 Thread 0x000000001110c800 2020             org.eclipse.osgi.framework.util.KeyedHashSet::elements (42 bytes)
Event: 1801.018 Thread 0x000000001110c800 nmethod 2020 0x0000000002b36790 code [0x0000000002b368e0, 0x0000000002b36b58]

GC Heap History (10 events):
Event: 1718.973 GC heap before
{Heap before GC invocations=99 (full 29):
 PSYoungGen      total 81984K, used 416K [0x00000007ab800000, 0x00000007b1400000, 0x0000000800000000)
  eden space 70912K, 0% used [0x00000007ab800000,0x00000007ab800000,0x00000007afd40000)
  from space 11072K, 3% used [0x00000007b0930000,0x00000007b0998000,0x00000007b1400000)
  to   space 11648K, 0% used [0x00000007afd40000,0x00000007afd40000,0x00000007b08a0000)
 ParOldGen       total 181568K, used 84162K [0x0000000702800000, 0x000000070d950000, 0x00000007ab800000)
  object space 181568K, 46% used [0x0000000702800000,0x0000000707a30858,0x000000070d950000)
 PSPermGen       total 49024K, used 47574K [0x00000006fd600000, 0x00000007005e0000, 0x0000000702800000)
  object space 49024K, 97% used [0x00000006fd600000,0x0000000700475b50,0x00000007005e0000)
Event: 1719.109 GC heap after
Heap after GC invocations=99 (full 29):
 PSYoungGen      total 81984K, used 0K [0x00000007ab800000, 0x00000007b1400000, 0x0000000800000000)
  eden space 70912K, 0% used [0x00000007ab800000,0x00000007ab800000,0x00000007afd40000)
  from space 11072K, 0% used [0x00000007b0930000,0x00000007b0930000,0x00000007b1400000)
  to   space 11648K, 0% used [0x00000007afd40000,0x00000007afd40000,0x00000007b08a0000)
 ParOldGen       total 181568K, used 84104K [0x0000000702800000, 0x000000070d950000, 0x00000007ab800000)
  object space 181568K, 46% used [0x0000000702800000,0x0000000707a223c8,0x000000070d950000)
 PSPermGen       total 48832K, used 47574K [0x00000006fd600000, 0x00000007005b0000, 0x0000000702800000)
  object space 48832K, 97% used [0x00000006fd600000,0x0000000700475b50,0x00000007005b0000)
}
Event: 1778.985 GC heap before
{Heap before GC invocations=100 (full 29):
 PSYoungGen      total 81984K, used 1334K [0x00000007ab800000, 0x00000007b1400000, 0x0000000800000000)
  eden space 70912K, 1% used [0x00000007ab800000,0x00000007ab94d980,0x00000007afd40000)
  from space 11072K, 0% used [0x00000007b0930000,0x00000007b0930000,0x00000007b1400000)
  to   space 11648K, 0% used [0x00000007afd40000,0x00000007afd40000,0x00000007b08a0000)
 ParOldGen       total 181568K, used 84104K [0x0000000702800000, 0x000000070d950000, 0x00000007ab800000)
  object space 181568K, 46% used [0x0000000702800000,0x0000000707a223c8,0x000000070d950000)
 PSPermGen       total 48832K, used 47574K [0x00000006fd600000, 0x00000007005b0000, 0x0000000702800000)
  object space 48832K, 97% used [0x00000006fd600000,0x0000000700475b50,0x00000007005b0000)
Event: 1778.987 GC heap after
Heap after GC invocations=100 (full 29):
 PSYoungGen      total 71040K, used 96K [0x00000007ab800000, 0x00000007b1300000, 0x0000000800000000)
  eden space 70912K, 0% used [0x00000007ab800000,0x00000007ab800000,0x00000007afd40000)
  from space 128K, 75% used [0x00000007afd40000,0x00000007afd58000,0x00000007afd60000)
  to   space 11136K, 0% used [0x00000007b0820000,0x00000007b0820000,0x00000007b1300000)
 ParOldGen       total 181568K, used 84104K [0x0000000702800000, 0x000000070d950000, 0x00000007ab800000)
  object space 181568K, 46% used [0x0000000702800000,0x0000000707a223c8,0x000000070d950000)
 PSPermGen       total 48832K, used 47574K [0x00000006fd600000, 0x00000007005b0000, 0x0000000702800000)
  object space 48832K, 97% used [0x00000006fd600000,0x0000000700475b50,0x00000007005b0000)
}
Event: 1778.987 GC heap before
{Heap before GC invocations=101 (full 30):
 PSYoungGen      total 71040K, used 96K [0x00000007ab800000, 0x00000007b1300000, 0x0000000800000000)
  eden space 70912K, 0% used [0x00000007ab800000,0x00000007ab800000,0x00000007afd40000)
  from space 128K, 75% used [0x00000007afd40000,0x00000007afd58000,0x00000007afd60000)
  to   space 11136K, 0% used [0x00000007b0820000,0x00000007b0820000,0x00000007b1300000)
 ParOldGen       total 181568K, used 84104K [0x0000000702800000, 0x000000070d950000, 0x00000007ab800000)
  object space 181568K, 46% used [0x0000000702800000,0x0000000707a223c8,0x000000070d950000)
 PSPermGen       total 48832K, used 47574K [0x00000006fd600000, 0x00000007005b0000, 0x0000000702800000)
  object space 48832K, 97% used [0x00000006fd600000,0x0000000700475b50,0x00000007005b0000)
Event: 1779.048 GC heap after
Heap after GC invocations=101 (full 30):
 PSYoungGen      total 71040K, used 0K [0x00000007ab800000, 0x00000007b1300000, 0x0000000800000000)
  eden space 70912K, 0% used [0x00000007ab800000,0x00000007ab800000,0x00000007afd40000)
  from space 128K, 0% used [0x00000007afd40000,0x00000007afd40000,0x00000007afd60000)
  to   space 11136K, 0% used [0x00000007b0820000,0x00000007b0820000,0x00000007b1300000)
 ParOldGen       total 181568K, used 84104K [0x0000000702800000, 0x000000070d950000, 0x00000007ab800000)
  object space 181568K, 46% used [0x0000000702800000,0x0000000707a223c8,0x000000070d950000)
 PSPermGen       total 48704K, used 47574K [0x00000006fd600000, 0x0000000700590000, 0x0000000702800000)
  object space 48704K, 97% used [0x00000006fd600000,0x0000000700475b50,0x0000000700590000)
}
Event: 1839.000 GC heap before
{Heap before GC invocations=102 (full 30):
 PSYoungGen      total 71040K, used 2746K [0x00000007ab800000, 0x00000007b1300000, 0x0000000800000000)
  eden space 70912K, 3% used [0x00000007ab800000,0x00000007abaaeaa8,0x00000007afd40000)
  from space 128K, 0% used [0x00000007afd40000,0x00000007afd40000,0x00000007afd60000)
  to   space 11136K, 0% used [0x00000007b0820000,0x00000007b0820000,0x00000007b1300000)
 ParOldGen       total 181568K, used 84104K [0x0000000702800000, 0x000000070d950000, 0x00000007ab800000)
  object space 181568K, 46% used [0x0000000702800000,0x0000000707a223c8,0x000000070d950000)
 PSPermGen       total 48704K, used 47574K [0x00000006fd600000, 0x0000000700590000, 0x0000000702800000)
  object space 48704K, 97% used [0x00000006fd600000,0x0000000700475b50,0x0000000700590000)
Event: 1839.002 GC heap after
Heap after GC invocations=102 (full 30):
 PSYoungGen      total 80896K, used 64K [0x00000007ab800000, 0x00000007b11e0000, 0x0000000800000000)
  eden space 70912K, 0% used [0x00000007ab800000,0x00000007ab800000,0x00000007afd40000)
  from space 9984K, 0% used [0x00000007b0820000,0x00000007b0830000,0x00000007b11e0000)
  to   space 10560K, 0% used [0x00000007afd40000,0x00000007afd40000,0x00000007b0790000)
 ParOldGen       total 181568K, used 84104K [0x0000000702800000, 0x000000070d950000, 0x00000007ab800000)
  object space 181568K, 46% used [0x0000000702800000,0x0000000707a223c8,0x000000070d950000)
 PSPermGen       total 48704K, used 47574K [0x00000006fd600000, 0x0000000700590000, 0x0000000702800000)
  object space 48704K, 97% used [0x00000006fd600000,0x0000000700475b50,0x0000000700590000)
}
Event: 1839.002 GC heap before
{Heap before GC invocations=103 (full 31):
 PSYoungGen      total 80896K, used 64K [0x00000007ab800000, 0x00000007b11e0000, 0x0000000800000000)
  eden space 70912K, 0% used [0x00000007ab800000,0x00000007ab800000,0x00000007afd40000)
  from space 9984K, 0% used [0x00000007b0820000,0x00000007b0830000,0x00000007b11e0000)
  to   space 10560K, 0% used [0x00000007afd40000,0x00000007afd40000,0x00000007b0790000)
 ParOldGen       total 181568K, used 84104K [0x0000000702800000, 0x000000070d950000, 0x00000007ab800000)
  object space 181568K, 46% used [0x0000000702800000,0x0000000707a223c8,0x000000070d950000)
 PSPermGen       total 48704K, used 47574K [0x00000006fd600000, 0x0000000700590000, 0x0000000702800000)
  object space 48704K, 97% used [0x00000006fd600000,0x0000000700475b50,0x0000000700590000)
Event: 1839.059 GC heap after
Heap after GC invocations=103 (full 31):
 PSYoungGen      total 80896K, used 0K [0x00000007ab800000, 0x00000007b11e0000, 0x0000000800000000)
  eden space 70912K, 0% used [0x00000007ab800000,0x00000007ab800000,0x00000007afd40000)
  from space 9984K, 0% used [0x00000007b0820000,0x00000007b0820000,0x00000007b11e0000)
  to   space 10560K, 0% used [0x00000007afd40000,0x00000007afd40000,0x00000007b0790000)
 ParOldGen       total 181568K, used 84103K [0x0000000702800000, 0x000000070d950000, 0x00000007ab800000)
  object space 181568K, 46% used [0x0000000702800000,0x0000000707a21f28,0x000000070d950000)
 PSPermGen       total 48576K, used 47574K [0x00000006fd600000, 0x0000000700570000, 0x0000000702800000)
  object space 48576K, 97% used [0x00000006fd600000,0x0000000700475b50,0x0000000700570000)
}

Deoptimization events (10 events):
Event: 1638.819 Thread 0x000000000273e800 Uncommon trap -34 fr.pc 0x00000000028f9d6c
Event: 1639.758 Thread 0x000000000273e800 Uncommon trap -58 fr.pc 0x000000000287b2fc
Event: 1639.762 Thread 0x000000000273e800 Uncommon trap -58 fr.pc 0x000000000287b2fc
Event: 1639.762 Thread 0x000000000273e800 Uncommon trap -58 fr.pc 0x000000000287b2fc
Event: 1639.763 Thread 0x000000000273e800 Uncommon trap -58 fr.pc 0x000000000287b2fc
Event: 1640.967 Thread 0x000000000273e800 Uncommon trap -34 fr.pc 0x0000000002b7eaa0
Event: 1641.030 Thread 0x000000000273e800 Uncommon trap -34 fr.pc 0x0000000002d0a538
Event: 1711.605 Thread 0x000000000273e800 Uncommon trap 132 fr.pc 0x00000000027e45c4
Event: 1713.510 Thread 0x000000000273e800 Uncommon trap -34 fr.pc 0x0000000002c7a044
Event: 1714.383 Thread 0x000000000273e800 Uncommon trap -34 fr.pc 0x0000000002b7eaa0

Internal exceptions (10 events):
Event: 327.565 Thread 0x000000001e67d800 Implicit null exception at 0x0000000002a5da80 to 0x0000000002a5eedd
Event: 347.516 Thread 0x000000000273e800 Implicit null exception at 0x0000000002bfa163 to 0x0000000002bfb7dd
Event: 1439.940 Thread 0x000000000273e800 Implicit null exception at 0x0000000002d05deb to 0x0000000002d05eb5
Event: 1596.854 Thread 0x000000000273e800 Implicit null exception at 0x0000000002cedb7d to 0x0000000002cefba1
Event: 1596.854 Thread 0x000000000273e800 Implicit null exception at 0x0000000002be033c to 0x0000000002be0585
Event: 1596.854 Thread 0x000000000273e800 Implicit null exception at 0x0000000002c353ec to 0x0000000002c360a5
Event: 1596.854 Thread 0x000000000273e800 Implicit null exception at 0x0000000002c2f972 to 0x0000000002c2fe71
Event: 1596.854 Thread 0x000000000273e800 Implicit null exception at 0x0000000002c3253b to 0x0000000002c32a0d
Event: 1623.915 Thread 0x000000000273e800 Implicit null exception at 0x0000000002bda3c8 to 0x0000000002bdaae1
Event: 1623.917 Thread 0x000000000273e800 Implicit null exception at 0x0000000002c9fd3d to 0x0000000002ca0141

Events (10 events):
Event: 1778.985 Executing VM operation: ParallelGCSystemGC
Event: 1779.048 Executing VM operation: ParallelGCSystemGC done
Event: 1779.048 Thread 0x000000001e679000 Thread exited: 0x000000001e679000
Event: 1779.048 Thread 0x0000000014ad7000 Thread added: 0x0000000014ad7000
Event: 1779.049 Thread 0x0000000014ad7000 Thread exited: 0x0000000014ad7000
Event: 1787.182 Thread 0x000000001e678000 Thread exited: 0x000000001e678000
Event: 1839.000 Executing VM operation: ParallelGCSystemGC
Event: 1839.059 Executing VM operation: ParallelGCSystemGC done
Event: 1839.060 Thread 0x0000000014ad7000 Thread added: 0x0000000014ad7000
Event: 1839.060 Thread 0x0000000014ad7000 Thread exited: 0x0000000014ad7000


Dynamic libraries:
0x0000000000400000 - 0x000000000040e000 	C:\Program Files\Exelis\IDL83\bin\bin.x86_64\idlde.exe
0x00007ffc58030000 - 0x00007ffc58247000 	C:\WINDOWS\SYSTEM32\ntdll.dll
0x00007ffc55f10000 - 0x00007ffc55fd4000 	C:\WINDOWS\System32\KERNEL32.DLL
0x00007ffc55610000 - 0x00007ffc559b6000 	C:\WINDOWS\System32\KERNELBASE.dll
0x00007ffc52360000 - 0x00007ffc523f7000 	C:\WINDOWS\SYSTEM32\apphelp.dll
0x00007ffc56ea0000 - 0x00007ffc5704d000 	C:\WINDOWS\System32\USER32.dll
0x00007ffc55b80000 - 0x00007ffc55ba6000 	C:\WINDOWS\System32\win32u.dll
0x00007ffc56ad0000 - 0x00007ffc56af9000 	C:\WINDOWS\System32\GDI32.dll
0x00007ffc559c0000 - 0x00007ffc55ad8000 	C:\WINDOWS\System32\gdi32full.dll
0x00007ffc55ae0000 - 0x00007ffc55b7a000 	C:\WINDOWS\System32\msvcp_win.dll
0x00007ffc554f0000 - 0x00007ffc55601000 	C:\WINDOWS\System32\ucrtbase.dll
0x00007ffc57f40000 - 0x00007ffc57fe7000 	C:\WINDOWS\System32\msvcrt.dll
0x00007ffc3bdd0000 - 0x00007ffc3c063000 	C:\WINDOWS\WinSxS\amd64_microsoft.windows.common-controls_6595b64144ccf1df_6.0.22621.2361_none_2712ced57382f843\COMCTL32.dll
0x00007ffc56a10000 - 0x00007ffc56a41000 	C:\WINDOWS\System32\IMM32.DLL
0x0000000072000000 - 0x0000000072012000 	C:\Program Files\Exelis\IDL83\bin\bin.x86_64\plugins\org.eclipse.equinox.launcher.win32.win32.x86_64_1.1.100.v20110502\eclipse_1406.dll
0x00007ffc57050000 - 0x00007ffc57100000 	C:\WINDOWS\System32\ADVAPI32.dll
0x00007ffc57200000 - 0x00007ffc572a6000 	C:\WINDOWS\System32\sechost.dll
0x00007ffc56660000 - 0x00007ffc56777000 	C:\WINDOWS\System32\RPCRT4.dll
0x00007ffc4c7d0000 - 0x00007ffc4c7da000 	C:\WINDOWS\SYSTEM32\VERSION.dll
0x000000006b640000 - 0x000000006bd4f000 	C:\Program Files\Exelis\IDL83\bin\bin.x86_64\jre\bin\server\jvm.dll
0x00007ffc55f00000 - 0x00007ffc55f08000 	C:\WINDOWS\System32\PSAPI.DLL
0x00007ffc4a690000 - 0x00007ffc4a6c4000 	C:\WINDOWS\SYSTEM32\WINMM.dll
0x00007ffc40580000 - 0x00007ffc40589000 	C:\WINDOWS\SYSTEM32\WSOCK32.dll
0x00007ffc56a50000 - 0x00007ffc56ac1000 	C:\WINDOWS\System32\WS2_32.dll
0x000000006b560000 - 0x000000006b632000 	C:\WINDOWS\SYSTEM32\MSVCR100.dll
0x000000006b550000 - 0x000000006b55f000 	C:\Program Files\Exelis\IDL83\bin\bin.x86_64\jre\bin\verify.dll
0x000000006b520000 - 0x000000006b548000 	C:\Program Files\Exelis\IDL83\bin\bin.x86_64\jre\bin\java.dll
0x000000006b500000 - 0x000000006b515000 	C:\Program Files\Exelis\IDL83\bin\bin.x86_64\jre\bin\zip.dll
0x00007ffc54bb0000 - 0x00007ffc54bcb000 	C:\WINDOWS\SYSTEM32\CRYPTSP.dll
0x00007ffc54410000 - 0x00007ffc54445000 	C:\WINDOWS\system32\rsaenh.dll
0x00007ffc54a50000 - 0x00007ffc54a7c000 	C:\WINDOWS\SYSTEM32\USERENV.dll
0x00007ffc552e0000 - 0x00007ffc55306000 	C:\WINDOWS\SYSTEM32\profapi.dll
0x00007ffc54d70000 - 0x00007ffc54d98000 	C:\WINDOWS\SYSTEM32\bcrypt.dll
0x00007ffc55470000 - 0x00007ffc554ea000 	C:\WINDOWS\System32\bcryptprimitives.dll
0x00007ffc54bd0000 - 0x00007ffc54bdc000 	C:\WINDOWS\SYSTEM32\CRYPTBASE.dll
0x000000006b4e0000 - 0x000000006b4f9000 	C:\Program Files\Exelis\IDL83\bin\bin.x86_64\jre\bin\net.dll
0x00007ffc54960000 - 0x00007ffc549c9000 	C:\WINDOWS\system32\mswsock.dll
0x00007ffc24070000 - 0x00007ffc24087000 	C:\WINDOWS\system32\napinsp.dll
0x00007ffc24050000 - 0x00007ffc2406b000 	C:\WINDOWS\system32\pnrpnsp.dll
0x00007ffc53ec0000 - 0x00007ffc53fb9000 	C:\WINDOWS\SYSTEM32\DNSAPI.dll
0x00007ffc53e90000 - 0x00007ffc53ebd000 	C:\WINDOWS\SYSTEM32\IPHLPAPI.DLL
0x00007ffc56b00000 - 0x00007ffc56b09000 	C:\WINDOWS\System32\NSI.dll
0x00007ffc23f90000 - 0x00007ffc23fa1000 	C:\WINDOWS\System32\winrnr.dll
0x00007ffc4cc30000 - 0x00007ffc4cc45000 	C:\WINDOWS\system32\wshbth.dll
0x00007ffc23760000 - 0x00007ffc23781000 	C:\WINDOWS\system32\nlansp_c.dll
0x00007ffc4bd70000 - 0x00007ffc4bd7a000 	C:\Windows\System32\rasadhlp.dll
0x00007ffc450d0000 - 0x00007ffc45154000 	C:\WINDOWS\System32\fwpuclnt.dll
0x000000006b4c0000 - 0x000000006b4d1000 	C:\Program Files\Exelis\IDL83\bin\bin.x86_64\jre\bin\nio.dll
0x00007ffc52460000 - 0x00007ffc5250b000 	C:\WINDOWS\system32\uxtheme.dll
0x00007ffc56b10000 - 0x00007ffc56e9a000 	C:\WINDOWS\System32\combase.dll
0x00007ffc55fe0000 - 0x00007ffc5612c000 	C:\WINDOWS\System32\MSCTF.dll
0x00007ffc54450000 - 0x00007ffc54468000 	C:\WINDOWS\SYSTEM32\kernel.appcore.dll
0x00007ffc49830000 - 0x00007ffc4997a000 	C:\WINDOWS\SYSTEM32\textinputframework.dll
0x00007ffc55d90000 - 0x00007ffc55e67000 	C:\WINDOWS\System32\OLEAUT32.dll
0x00007ffc52070000 - 0x00007ffc521a3000 	C:\WINDOWS\SYSTEM32\CoreMessaging.dll
0x00007ffc4e7b0000 - 0x00007ffc4eb1c000 	C:\WINDOWS\SYSTEM32\CoreUIComponents.dll
0x00007ffc53190000 - 0x00007ffc532ce000 	C:\WINDOWS\SYSTEM32\wintypes.dll
0x00007ffc23790000 - 0x00007ffc237f9000 	C:\WINDOWS\system32\Oleacc.dll
0x0000000016870000 - 0x0000000016917000 	C:\Users\77957\.idl\idlworkbench-config-idl8.3.0_x86_64\org.eclipse.osgi\bundles\530\1\.cp\swt-win32-3740.dll
0x00007ffc567b0000 - 0x00007ffc5694f000 	C:\WINDOWS\System32\ole32.dll
0x00007ffc574e0000 - 0x00007ffc575d9000 	C:\WINDOWS\System32\comdlg32.dll
0x00007ffc57100000 - 0x00007ffc571f3000 	C:\WINDOWS\System32\shcore.dll
0x00007ffc56950000 - 0x00007ffc569ae000 	C:\WINDOWS\System32\SHLWAPI.dll
0x00007ffc576e0000 - 0x00007ffc57f38000 	C:\WINDOWS\System32\SHELL32.dll
0x00007ffc55c20000 - 0x00007ffc55d86000 	C:\WINDOWS\System32\CRYPT32.dll
0x00007ffc23fc0000 - 0x00007ffc23fd9000 	C:\WINDOWS\SYSTEM32\USP10.dll
0x00007ffbfdde0000 - 0x00007ffbfde7f000 	C:\WINDOWS\SYSTEM32\WINSPOOL.DRV
0x00007ffc3e510000 - 0x00007ffc3ea04000 	C:\WINDOWS\SYSTEM32\WININET.dll
0x00007ffc4fa80000 - 0x00007ffc4fb81000 	C:\WINDOWS\SYSTEM32\propsys.dll
0x00007ffc565b0000 - 0x00007ffc56660000 	C:\WINDOWS\System32\clbcatq.dll
0x00007ffc532d0000 - 0x00007ffc53bc2000 	C:\WINDOWS\system32\windows.storage.dll
0x00007ffbe6110000 - 0x00007ffbe62c6000 	C:\Windows\System32\TaskFlowDataEngine.dll
0x0000000016dc0000 - 0x0000000016dde000 	C:\Users\77957\.idl\idlworkbench-config-idl8.3.0_x86_64\org.eclipse.osgi\bundles\530\1\.cp\swt-gdip-win32-3740.dll
0x00007ffc296c0000 - 0x00007ffc29879000 	C:\WINDOWS\WinSxS\amd64_microsoft.windows.gdiplus_6595b64144ccf1df_1.1.22621.1778_none_57fe2016ce1542ec\gdiplus.dll
0x00007ffc50d80000 - 0x00007ffc50f30000 	C:\WINDOWS\SYSTEM32\WindowsCodecs.dll
0x0000000180000000 - 0x0000000180011000 	C:\Users\77957\.idl\idlworkbench-config-idl8.3.0_x86_64\org.eclipse.osgi\bundles\183\1\.cp\os\win32\x86_64\localfile_1_0_0.dll
0x00007ffc178a0000 - 0x00007ffc178ed000 	C:\Program Files\Exelis\IDL83\bin\bin.x86_64\idl_ips.dll
0x00007ffbd89b0000 - 0x00007ffbd970d000 	C:\Program Files\Exelis\IDL83\bin\bin.x86_64\idl.dll
0x00007ffc17870000 - 0x00007ffc17893000 	C:\Program Files\Exelis\IDL83\bin\bin.x86_64\UG3220.dll
0x00007ffc40070000 - 0x00007ffc40089000 	C:\WINDOWS\SYSTEM32\NETAPI32.dll
0x00007ffc17860000 - 0x00007ffc1786c000 	C:\Program Files\Exelis\IDL83\bin\bin.x86_64\osmesa6_2.dll
0x00007ffc2acc0000 - 0x00007ffc2acc7000 	C:\WINDOWS\SYSTEM32\MSIMG32.dll
0x00007ffc10480000 - 0x00007ffc104dc000 	C:\Program Files\Exelis\IDL83\bin\bin.x86_64\MesaGLU6_2.dll
0x00007ffc102f0000 - 0x00007ffc1047e000 	C:\Program Files\Exelis\IDL83\bin\bin.x86_64\MesaGL6_2.dll
0x00007ffc10270000 - 0x00007ffc102ec000 	C:\Program Files\Exelis\IDL83\bin\bin.x86_64\freetype2_4_7.dll
0x00007ffc54740000 - 0x00007ffc54782000 	C:\WINDOWS\SYSTEM32\SspiCli.dll
0x00007ffc4ede0000 - 0x00007ffc4ee58000 	C:\WINDOWS\System32\netprofm.dll
0x00007ffc49170000 - 0x00007ffc49188000 	C:\WINDOWS\System32\npmproxy.dll
0x00007ffc4db50000 - 0x00007ffc4db69000 	C:\WINDOWS\SYSTEM32\dhcpcsvc6.DLL
0x00007ffc4cc50000 - 0x00007ffc4cc6f000 	C:\WINDOWS\SYSTEM32\dhcpcsvc.DLL
0x0000000017e20000 - 0x000000001810b000 	C:\WINDOWS\system32\spool\DRIVERS\x64\3\hp1100su.dll
0x0000000018110000 - 0x0000000018215000 	C:\WINDOWS\system32\spool\DRIVERS\x64\3\HP1100GC.dll
0x0000000018260000 - 0x00000000182bf000 	C:\WINDOWS\system32\spool\DRIVERS\x64\3\hp1100sd.dll
0x00007ffc315f0000 - 0x00007ffc316f0000 	C:\WINDOWS\SYSTEM32\OpenGL32.DLL
0x00007ffc31af0000 - 0x00007ffc31b1d000 	C:\WINDOWS\SYSTEM32\GLU32.dll
0x00007ffc52ae0000 - 0x00007ffc52b16000 	C:\WINDOWS\SYSTEM32\dxcore.dll
0x00007ffc17820000 - 0x00007ffc1785e000 	C:\Program Files\Exelis\IDL83\bin\bin.x86_64\gl_driver.dll
0x00007ffc25700000 - 0x00007ffc257b0000 	C:\WINDOWS\SYSTEM32\TextShaping.dll
0x0000000017500000 - 0x0000000017503000 	C:\WINDOWS\SYSTEM32\icmp.Dll
0x00007ffc23410000 - 0x00007ffc236b9000 	C:\WINDOWS\system32\explorerframe.dll
0x00007ffc236c0000 - 0x00007ffc2371e000 	C:\WINDOWS\system32\dataexchange.dll
0x00007ffc4d350000 - 0x00007ffc4d5d5000 	C:\WINDOWS\system32\twinapi.appcore.dll
0x00007ffc1d250000 - 0x00007ffc1d292000 	C:\WINDOWS\system32\mlang.dll
0x00007ffc55220000 - 0x00007ffc552c3000 	C:\WINDOWS\SYSTEM32\sxs.dll
0x00007ffc3adf0000 - 0x00007ffc3ae01000 	C:\Users\77957\.idl\idlworkbench-config-idl8.3.0_x86_64\org.eclipse.osgi\bundles\208\1\.cp\jWinHttp-1.0.0.dll
0x00007ffc4ef70000 - 0x00007ffc4f0a7000 	C:\WINDOWS\SYSTEM32\WINHTTP.dll
0x00007ffc526e0000 - 0x00007ffc5270b000 	C:\WINDOWS\system32\dwmapi.dll
0x00007ffc24750000 - 0x00007ffc24c2a000 	C:\WINDOWS\system32\windowsudk.shellcommon.dll
0x00007ffc4f680000 - 0x00007ffc4f6b7000 	C:\WINDOWS\system32\XmlLite.dll
0x00007ffc30960000 - 0x00007ffc30ad4000 	C:\Windows\System32\Windows.UI.dll
0x00007ffc26810000 - 0x00007ffc26985000 	C:\Windows\System32\Windows.UI.Immersive.dll
0x00007ffc2b4f0000 - 0x00007ffc2b55b000 	C:\Windows\System32\thumbcache.dll
0x00007ffc503d0000 - 0x00007ffc50475000 	C:\WINDOWS\SYSTEM32\policymanager.dll
0x00007ffc50330000 - 0x00007ffc503c3000 	C:\WINDOWS\SYSTEM32\msvcp110_win.dll
0x00007ffc25410000 - 0x00007ffc254b5000 	C:\Windows\System32\Windows.FileExplorer.Common.dll
0x00007ffc54280000 - 0x00007ffc5428c000 	C:\WINDOWS\system32\Secur32.dll
0x00007ffc32640000 - 0x00007ffc3264e000 	C:\WINDOWS\SYSTEM32\atlthunk.dll
0x00007ffc550a0000 - 0x00007ffc550ee000 	C:\WINDOWS\system32\CFGMGR32.dll
0x00007ffc452a0000 - 0x00007ffc452be000 	C:\WINDOWS\system32\MPR.dll
0x00007ffc29630000 - 0x00007ffc29659000 	C:\WINDOWS\System32\p9np.dll
0x00007ffc2b0c0000 - 0x00007ffc2b0cc000 	C:\WINDOWS\System32\drprov.dll
0x00007ffc29610000 - 0x00007ffc29629000 	C:\WINDOWS\System32\ntlanman.dll
0x00007ffc28070000 - 0x00007ffc2808f000 	C:\WINDOWS\System32\davclnt.dll
0x00007ffc53e20000 - 0x00007ffc53e86000 	C:\WINDOWS\System32\WINSTA.dll
0x00007ffc4c7b0000 - 0x00007ffc4c7cb000 	C:\WINDOWS\System32\wkscli.dll
0x00007ffc2f3b0000 - 0x00007ffc2f3c2000 	C:\WINDOWS\SYSTEM32\cscapi.dll
0x00007ffc54150000 - 0x00007ffc5415c000 	C:\WINDOWS\System32\netutils.dll
0x00007ffc0cde0000 - 0x00007ffc0ce36000 	C:\Windows\System32\dlnashext.dll

VM Arguments:
jvm_args: -Dosgi.instance.area.default=@user.home/IDLWorkspace83 -Dosgi.configuration.area=@user.home/.idl/idlworkbench-config-idl8.3.0_x86_64 -Dosgi.configuration.cascaded=true -Dosgi.checkConfiguration=true -Dosgi.sharedConfiguration.area.readOnly=true -Dorg.eclipse.update.reconcile=false -Declipse.p2.data.area=@config.dir/p2 -Dosgi.sharedConfiguration.area=C:\Program Files\Exelis\IDL83\bin\bin.x86_64/configuration 
java_command: <unknown>
Launcher Type: generic

Environment Variables:
PATH=C:/Program Files/Exelis/IDL83/bin/bin.x86_64/jre/bin/server;C:/Program Files/Exelis/IDL83/bin/bin.x86_64/jre/bin;C:/Program Files/Exelis/IDL83/bin/bin.x86_64/jre/lib/amd64;C:\Program Files\Exelis\IDL83\bin\bin.x86_64\;C:\WINDOWS\system32;C:\WINDOWS;C:\WINDOWS\System32\Wbem;C:\WINDOWS\System32\WindowsPowerShell\v1.0\;C:\WINDOWS\System32\OpenSSH\;C:\Users\77957\AppData\Local\Programs\Python\Python38;C:\Users\77957\AppData\Local\Programs\Python\Python38\Scripts;C:\Users\77957\AppData\Local\Microsoft\WindowsApps;C:\Program Files\JetBrains\PyCharm 2023.1\bin;;C:\Users\77957\AppData\Local\Programs\Python\Python38;;C:\Program Files\Exelis\IDL83\bin\bin.x86_64;
USERNAME=77957
OS=Windows_NT
PROCESSOR_IDENTIFIER=Intel64 Family 6 Model 140 Stepping 1, GenuineIntel



---------------  S Y S T E M  ---------------

OS: Windows 8 , 64 bit Build 9200 

CPU:total 8 (4 cores per cpu, 2 threads per core) family 6 model 140 stepping 1, cmov, cx8, fxsr, mmx, sse, sse2, sse3, ssse3, sse4.1, sse4.2, popcnt, avx, avx2, ht, tsc, tscinvbit

Memory: 4k page, physical 16607280k(8696816k free), swap 17655856k(9161368k free)

vm_info: Java HotSpot(TM) 64-Bit Server VM (23.25-b01) for windows-amd64 JRE (1.7.0_25-b17), built on Jun 21 2013 12:58:32 by "java_re" with unknown MS VC++:1600

time: Thu Oct 26 17:57:59 2023
elapsed time: 1861 seconds

