#
# A fatal error has been detected by the Java Runtime Environment:
#
#  EXCEPTION_ACCESS_VIOLATION (0xc0000005) at pc=0x00007ffa9bce1467, pid=11980, tid=6180
#
# JRE version: 7.0_25-b17
# Java VM: Java HotSpot(TM) 64-Bit Server VM (23.25-b01 mixed mode windows-amd64 compressed oops)
# Problematic frame:
# C  [COMCTL32.dll+0xb1467]
#
# Failed to write core dump. Minidumps are not enabled by default on client versions of Windows
#
# If you would like to submit a bug report, please visit:
#   http://bugreport.sun.com/bugreport/crash.jsp
# The crash happened outside the Java Virtual Machine in native code.
# See problematic frame for where to report the bug.
#

---------------  T H R E A D  ---------------

Current thread (0x000000000266e800):  JavaThread "main" [_thread_in_native, id=6180, stack(0x0000000000050000,0x0000000000150000)]

siginfo: ExceptionCode=0xc0000005, reading address 0x000000000000000f

Registers:
RAX=0xffffffffffffffff, RBX=0x0000000000000000, RCX=0x0000000019a3a620, RDX=0x0000000000000000
RSP=0x000000000014de50, RBP=0x000000000014df49, RSI=0x0000000019a3a620, RDI=0x0000000000000000
R8 =0x0000000000000000, R9 =0x0000000000000000, R10=0xcf18061710d6ea70, R11=0x0000000000000000
R12=0x0000000000000000, R13=0x000000000000110a, R14=0x0000000000000000, R15=0x0000000000000000
RIP=0x00007ffa9bce1467, EFLAGS=0x0000000000010246

Top of Stack: (sp=0x000000000014de50)
0x000000000014de50:   000000000014df49 0000000000000000
0x000000000014de60:   000000000014de60 00000006fd6a6bd0
0x000000000014de70:   0000000000000001 00007ffa9bce56ec
0x000000000014de80:   0000000000000003 0000000080006010
0x000000000014de90:   0000000000000001 0000000000000113
0x000000000014dea0:   0000000000000000 00000006ffaafb18
0x000000000014deb0:   0000000000000000 00000006ffaa4688
0x000000000014dec0:   0000000000000113 00007ffabb958603
0x000000000014ded0:   00000007068a2a28 00000000000110f0
0x000000000014dee0:   000000000000002e 0000000000010ba4
0x000000000014def0:   00000007ac22a0a8 00000007ac224420
0x000000000014df00:   0000000703d87618 000000000014df08
0x000000000014df10:   000000000000002e 00000000029dbd62
0x000000000014df20:   0000000000000113 000000000288d040
0x000000000014df30:   0000000000000000 0000000000000000
0x000000000014df40:   000000000000002e 00000000000110f0 

Instructions: (pc=0x00007ffa9bce1467)
0x00007ffa9bce1447:   00 48 8b 81 88 01 00 00 e9 93 00 00 00 48 8d 82
0x00007ffa9bce1457:   00 00 01 00 48 a9 ff ff fe ff 75 0a 48 8b 41 48
0x00007ffa9bce1467:   48 8b 40 10 eb 7a 33 d2 48 8b cf e8 9d 4e 00 00
0x00007ffa9bce1477:   85 c0 74 6a 48 83 fb 0b 77 64 83 eb 01 0f 84 89 


Register to memory mapping:

RAX=0xffffffffffffffff is an unknown value
RBX=0x0000000000000000 is an unknown value
RCX=0x0000000019a3a620 is an unknown value
RDX=0x0000000000000000 is an unknown value
RSP=0x000000000014de50 is pointing into the stack for thread: 0x000000000266e800
RBP=0x000000000014df49 is pointing into the stack for thread: 0x000000000266e800
RSI=0x0000000019a3a620 is an unknown value
RDI=0x0000000000000000 is an unknown value
R8 =0x0000000000000000 is an unknown value
R9 =0x0000000000000000 is an unknown value
R10=0xcf18061710d6ea70 is an unknown value
R11=0x0000000000000000 is an unknown value
R12=0x0000000000000000 is an unknown value
R13=0x000000000000110a is an unknown value
R14=0x0000000000000000 is an unknown value
R15=0x0000000000000000 is an unknown value


Stack: [0x0000000000050000,0x0000000000150000],  sp=0x000000000014de50,  free space=1015k
Native frames: (J=compiled Java code, j=interpreted, Vv=VM code, C=native code)
C  [COMCTL32.dll+0xb1467]

Java frames: (J=compiled Java code, j=interpreted, Vv=VM code)
J  org.eclipse.swt.internal.win32.OS.SendMessageW(JIJJ)J
J  org.eclipse.swt.widgets.Tree.getSelection()[Lorg/eclipse/swt/widgets/TreeItem;
j  org.eclipse.debug.internal.ui.viewers.model.InternalTreeModelViewer.saveElementState(Lorg/eclipse/jface/viewers/TreePath;Lorg/eclipse/debug/internal/ui/viewers/model/provisional/ModelDelta;I)Z+11
j  org.eclipse.debug.internal.ui.viewers.model.ModelContentProvider.appendToPendingStateDelta(Lorg/eclipse/jface/viewers/TreePath;)V+101
j  org.eclipse.debug.internal.ui.viewers.model.TreeModelContentProvider.handleContent(Lorg/eclipse/debug/internal/ui/viewers/model/provisional/IModelDelta;)V+53
j  org.eclipse.debug.internal.ui.viewers.model.ModelContentProvider.updateNodes([Lorg/eclipse/debug/internal/ui/viewers/model/provisional/IModelDelta;I)V+59
j  org.eclipse.debug.internal.ui.viewers.model.ModelContentProvider.updateModel(Lorg/eclipse/debug/internal/ui/viewers/model/provisional/IModelDelta;I)V+30
j  org.eclipse.debug.internal.ui.viewers.model.TreeModelContentProvider.updateModel(Lorg/eclipse/debug/internal/ui/viewers/model/provisional/IModelDelta;I)V+3
j  org.eclipse.debug.internal.ui.viewers.model.ModelContentProvider.doModelChanged(Lorg/eclipse/debug/internal/ui/viewers/model/provisional/IModelDelta;Lorg/eclipse/debug/internal/ui/viewers/model/provisional/IModelProxy;)V+54
j  org.eclipse.debug.internal.ui.viewers.model.ModelContentProvider.access$8(Lorg/eclipse/debug/internal/ui/viewers/model/ModelContentProvider;Lorg/eclipse/debug/internal/ui/viewers/model/provisional/IModelDelta;Lorg/eclipse/debug/internal/ui/viewers/model/provisional/IModelProxy;)V+3
j  org.eclipse.debug.internal.ui.viewers.model.ModelContentProvider$13.runInUIThread(Lorg/eclipse/core/runtime/IProgressMonitor;)Lorg/eclipse/core/runtime/IStatus;+12
j  org.eclipse.ui.progress.UIJob$1.run()V+53
J  org.eclipse.swt.widgets.Synchronizer.runAsyncMessages(Z)Z
J  org.eclipse.ui.internal.Workbench.runEventLoop(Lorg/eclipse/jface/window/Window$IExceptionHandler;Lorg/eclipse/swt/widgets/Display;)V
j  org.eclipse.ui.internal.Workbench.runUI()I+555
j  org.eclipse.ui.internal.Workbench.access$4(Lorg/eclipse/ui/internal/Workbench;)I+1
j  org.eclipse.ui.internal.Workbench$7.run()V+73
j  org.eclipse.core.databinding.observable.Realm.runWithDefault(Lorg/eclipse/core/databinding/observable/Realm;Ljava/lang/Runnable;)V+12
j  org.eclipse.ui.internal.Workbench.createAndRunWorkbench(Lorg/eclipse/swt/widgets/Display;Lorg/eclipse/ui/application/WorkbenchAdvisor;)I+18
j  org.eclipse.ui.PlatformUI.createAndRunWorkbench(Lorg/eclipse/swt/widgets/Display;Lorg/eclipse/ui/application/WorkbenchAdvisor;)I+2
j  org.eclipse.ui.internal.ide.application.IDEApplication.start(Lorg/eclipse/equinox/app/IApplicationContext;)Ljava/lang/Object;+86
j  org.eclipse.equinox.internal.app.EclipseAppHandle.run(Ljava/lang/Object;)Ljava/lang/Object;+135
j  org.eclipse.core.runtime.internal.adaptor.EclipseAppLauncher.runApplication(Ljava/lang/Object;)Ljava/lang/Object;+103
j  org.eclipse.core.runtime.internal.adaptor.EclipseAppLauncher.start(Ljava/lang/Object;)Ljava/lang/Object;+29
j  org.eclipse.core.runtime.adaptor.EclipseStarter.run(Ljava/lang/Object;)Ljava/lang/Object;+149
j  org.eclipse.core.runtime.adaptor.EclipseStarter.run([Ljava/lang/String;Ljava/lang/Runnable;)Ljava/lang/Object;+183
v  ~StubRoutines::call_stub
j  sun.reflect.NativeMethodAccessorImpl.invoke0(Ljava/lang/reflect/Method;Ljava/lang/Object;[Ljava/lang/Object;)Ljava/lang/Object;+0
j  sun.reflect.NativeMethodAccessorImpl.invoke(Ljava/lang/Object;[Ljava/lang/Object;)Ljava/lang/Object;+87
j  sun.reflect.DelegatingMethodAccessorImpl.invoke(Ljava/lang/Object;[Ljava/lang/Object;)Ljava/lang/Object;+6
j  java.lang.reflect.Method.invoke(Ljava/lang/Object;[Ljava/lang/Object;)Ljava/lang/Object;+57
j  org.eclipse.equinox.launcher.Main.invokeFramework([Ljava/lang/String;[Ljava/net/URL;)V+211
j  org.eclipse.equinox.launcher.Main.basicRun([Ljava/lang/String;)V+126
j  org.eclipse.equinox.launcher.Main.run([Ljava/lang/String;)I+4
v  ~StubRoutines::call_stub

---------------  P R O C E S S  ---------------

Java Threads: ( => current thread )
  0x000000002058e000 JavaThread "Worker-14" [_thread_blocked, id=12496, stack(0x000000001dbf0000,0x000000001dcf0000)]
  0x0000000020585800 JavaThread "Worker-13" [_thread_blocked, id=12200, stack(0x0000000018a40000,0x0000000018b40000)]
  0x000000002058b000 JavaThread "Worker-12" [_thread_blocked, id=15132, stack(0x0000000018870000,0x0000000018970000)]
  0x000000002058c800 JavaThread "Worker-11" [_thread_blocked, id=7744, stack(0x0000000018000000,0x0000000018100000)]
  0x000000002058b800 JavaThread "Worker-10" [_thread_blocked, id=2084, stack(0x0000000018100000,0x0000000018200000)]
  0x00000000177a3000 JavaThread "Timer-2" daemon [_thread_blocked, id=10908, stack(0x000000001d0e0000,0x000000001d1e0000)]
  0x00000000177a9800 JavaThread "Timer-1" daemon [_thread_blocked, id=10212, stack(0x000000001cd50000,0x000000001ce50000)]
  0x00000000177a7800 JavaThread "Thread-15" [_thread_in_native, id=4920, stack(0x000000001c8e0000,0x000000001c9e0000)]
  0x00000000177a9000 JavaThread "IDLDT DOM Worker-7" [_thread_blocked, id=11360, stack(0x000000001e500000,0x000000001e600000)]
  0x00000000177a6800 JavaThread "IDLDT DOM Worker-6" [_thread_blocked, id=16116, stack(0x000000001e400000,0x000000001e500000)]
  0x00000000177a3800 JavaThread "IDLDT DOM Worker-5" [_thread_blocked, id=11240, stack(0x000000001e300000,0x000000001e400000)]
  0x00000000177a4800 JavaThread "IDLDT DOM Worker-4" [_thread_blocked, id=9428, stack(0x000000001e200000,0x000000001e300000)]
  0x0000000016ef8000 JavaThread "IDLDT DOM Worker-3" [_thread_blocked, id=15492, stack(0x000000001e100000,0x000000001e200000)]
  0x0000000016efb000 JavaThread "IDLDT DOM Worker-2" [_thread_blocked, id=4716, stack(0x000000001e000000,0x000000001e100000)]
  0x0000000016efd000 JavaThread "IDLDT DOM Worker-1" [_thread_blocked, id=9572, stack(0x000000001df00000,0x000000001e000000)]
  0x0000000016efa000 JavaThread "IDLDT DOM Worker-0" [_thread_blocked, id=9672, stack(0x000000001de00000,0x000000001df00000)]
  0x0000000016ef9800 JavaThread "Timer-0" daemon [_thread_blocked, id=5408, stack(0x0000000018b40000,0x0000000018c40000)]
  0x0000000016efb800 JavaThread "Worker-3" [_thread_blocked, id=6168, stack(0x0000000016950000,0x0000000016a50000)]
  0x0000000016efe000 JavaThread "Worker-2" [_thread_blocked, id=12148, stack(0x0000000016850000,0x0000000016950000)]
  0x000000001382e800 JavaThread "IDL" [_thread_in_native, id=16108, stack(0x0000000018770000,0x0000000018870000)]
  0x0000000014763000 JavaThread "IDLToJava Broker" daemon [_thread_blocked, id=14372, stack(0x0000000018670000,0x0000000018770000)]
  0x000000001465a800 JavaThread "Provisioning Event Dispatcher" daemon [_thread_blocked, id=13756, stack(0x0000000016cb0000,0x0000000016db0000)]
  0x00000000137fb000 JavaThread "[ThreadPool Manager] - Idle Thread" daemon [_thread_blocked, id=10124, stack(0x0000000016ab0000,0x0000000016bb0000)]
  0x00000000147d5000 JavaThread "Bundle File Closer" daemon [_thread_blocked, id=9804, stack(0x00000000151e0000,0x00000000152e0000)]
  0x00000000135a7000 JavaThread "Worker-JM" [_thread_blocked, id=10728, stack(0x0000000015490000,0x0000000015590000)]
  0x0000000013535800 JavaThread "[Timer] - Main Queue Handler" daemon [_thread_blocked, id=4812, stack(0x00000000152e0000,0x00000000153e0000)]
  0x0000000014733800 JavaThread "Framework Event Dispatcher" daemon [_thread_blocked, id=6668, stack(0x00000000150e0000,0x00000000151e0000)]
  0x00000000136d0800 JavaThread "Start Level Event Dispatcher" daemon [_thread_blocked, id=11816, stack(0x0000000014fe0000,0x00000000150e0000)]
  0x000000001461c800 JavaThread "State Data Manager" daemon [_thread_blocked, id=15804, stack(0x0000000014ee0000,0x0000000014fe0000)]
  0x00000000148da800 JavaThread "Framework Active Thread" [_thread_blocked, id=7848, stack(0x0000000014de0000,0x0000000014ee0000)]
  0x0000000011043000 JavaThread "Service Thread" daemon [_thread_blocked, id=7724, stack(0x0000000013830000,0x0000000013930000)]
  0x000000001103e800 JavaThread "C2 CompilerThread1" daemon [_thread_blocked, id=6568, stack(0x0000000013330000,0x0000000013430000)]
  0x000000001103c800 JavaThread "C2 CompilerThread0" daemon [_thread_blocked, id=7252, stack(0x0000000013230000,0x0000000013330000)]
  0x000000001103c000 JavaThread "Attach Listener" daemon [_thread_blocked, id=14196, stack(0x0000000013130000,0x0000000013230000)]
  0x0000000011012000 JavaThread "Signal Dispatcher" daemon [_thread_blocked, id=5200, stack(0x0000000013030000,0x0000000013130000)]
  0x0000000010fa9800 JavaThread "Finalizer" daemon [_thread_blocked, id=13212, stack(0x0000000012f30000,0x0000000013030000)]
  0x0000000010fa8800 JavaThread "Reference Handler" daemon [_thread_blocked, id=9388, stack(0x0000000012e30000,0x0000000012f30000)]
=>0x000000000266e800 JavaThread "main" [_thread_in_native, id=6180, stack(0x0000000000050000,0x0000000000150000)]

Other Threads:
  0x0000000010fa4000 VMThread [stack: 0x0000000012d30000,0x0000000012e30000] [id=2224]
  0x0000000013448800 WatcherThread [stack: 0x0000000013930000,0x0000000013a30000] [id=12944]

VM state:not at safepoint (normal execution)

VM Mutex/Monitor currently owned by a thread: None

Heap
 PSYoungGen      total 38080K, used 11554K [0x00000007ab800000, 0x00000007ae0e0000, 0x0000000800000000)
  eden space 37120K, 28% used [0x00000007ab800000,0x00000007ac25f310,0x00000007adc40000)
  from space 960K, 97% used [0x00000007add50000,0x00000007ade39820,0x00000007ade40000)
  to   space 2368K, 0% used [0x00000007ade90000,0x00000007ade90000,0x00000007ae0e0000)
 ParOldGen       total 196160K, used 128204K [0x0000000702800000, 0x000000070e790000, 0x00000007ab800000)
  object space 196160K, 65% used [0x0000000702800000,0x000000070a533050,0x000000070e790000)
 PSPermGen       total 79040K, used 46944K [0x00000006fd600000, 0x0000000702330000, 0x0000000702800000)
  object space 79040K, 59% used [0x00000006fd600000,0x00000007003d82d8,0x0000000702330000)

Card table byte_map: [0x0000000005730000,0x0000000005f50000] byte_map_base: 0x0000000001f45000

Polling page: 0x00000000005e0000

Code Cache  [0x0000000002670000, 0x0000000002ce0000, 0x0000000005670000)
 total_blobs=2442 nmethods=1782 adapters=608 free_code_cache=42798Kb largest_free_block=43607936

Compilation events (10 events):
Event: 548.704 Thread 0x000000001103c800 1987  s          org.eclipse.ui.internal.console.ConsoleDocument::getPositions (6 bytes)
Event: 548.709 Thread 0x000000001103c800 nmethod 1987 0x00000000026dc7d0 code [0x00000000026dc960, 0x00000000026dd258]
Event: 549.882 Thread 0x000000001103e800 1988             org.eclipse.ui.internal.progress.ProgressViewUpdater::showsDebug (5 bytes)
Event: 549.882 Thread 0x000000001103e800 nmethod 1988 0x0000000002bb7c90 code [0x0000000002bb7dc0, 0x0000000002bb7e18]
Event: 556.737 Thread 0x000000001103c800 1992             org.eclipse.swt.internal.win32.SCROLLINFO::<init> (5 bytes)
Event: 556.737 Thread 0x000000001103c800 nmethod 1992 0x00000000027ae6d0 code [0x00000000027ae800, 0x00000000027ae858]
Event: 556.940 Thread 0x000000001103e800   66 % !         org.eclipse.core.internal.jobs.WorkerPool::startJob @ 52 (261 bytes)
Event: 556.974 Thread 0x000000001103e800 nmethod 66% 0x0000000002b77850 code [0x0000000002b77c40, 0x0000000002b7b5e8]
Event: 557.085 Thread 0x000000001103c800 1993   !         org.eclipse.core.internal.jobs.WorkerPool::startJob (261 bytes)
Event: 557.127 Thread 0x000000001103c800 nmethod 1993 0x0000000002cd1d50 code [0x0000000002cd21e0, 0x0000000002cd6c50]

GC Heap History (10 events):
Event: 556.602 GC heap before
{Heap before GC invocations=181 (full 8):
 PSYoungGen      total 42944K, used 42083K [0x00000007ab800000, 0x00000007ae460000, 0x0000000800000000)
  eden space 40704K, 99% used [0x00000007ab800000,0x00000007adfbf400,0x00000007adfc0000)
  from space 2240K, 61% used [0x00000007ae230000,0x00000007ae389810,0x00000007ae460000)
  to   space 2368K, 0% used [0x00000007adfc0000,0x00000007adfc0000,0x00000007ae210000)
 ParOldGen       total 196160K, used 127908K [0x0000000702800000, 0x000000070e790000, 0x00000007ab800000)
  object space 196160K, 65% used [0x0000000702800000,0x000000070a4e9050,0x000000070e790000)
 PSPermGen       total 79040K, used 46940K [0x00000006fd600000, 0x0000000702330000, 0x0000000702800000)
  object space 79040K, 59% used [0x00000006fd600000,0x00000007003d7298,0x0000000702330000)
Event: 556.604 GC heap after
Heap after GC invocations=181 (full 8):
 PSYoungGen      total 41728K, used 1764K [0x00000007ab800000, 0x00000007ae3a0000, 0x0000000800000000)
  eden space 39936K, 0% used [0x00000007ab800000,0x00000007ab800000,0x00000007adf00000)
  from space 1792K, 98% used [0x00000007adfc0000,0x00000007ae1793a8,0x00000007ae180000)
  to   space 2176K, 0% used [0x00000007ae180000,0x00000007ae180000,0x00000007ae3a0000)
 ParOldGen       total 196160K, used 127972K [0x0000000702800000, 0x000000070e790000, 0x00000007ab800000)
  object space 196160K, 65% used [0x0000000702800000,0x000000070a4f9050,0x000000070e790000)
 PSPermGen       total 79040K, used 46940K [0x00000006fd600000, 0x0000000702330000, 0x0000000702800000)
  object space 79040K, 59% used [0x00000006fd600000,0x00000007003d7298,0x0000000702330000)
}
Event: 557.357 GC heap before
{Heap before GC invocations=182 (full 8):
 PSYoungGen      total 41728K, used 41689K [0x00000007ab800000, 0x00000007ae3a0000, 0x0000000800000000)
  eden space 39936K, 99% used [0x00000007ab800000,0x00000007adefd440,0x00000007adf00000)
  from space 1792K, 98% used [0x00000007adfc0000,0x00000007ae1793a8,0x00000007ae180000)
  to   space 2176K, 0% used [0x00000007ae180000,0x00000007ae180000,0x00000007ae3a0000)
 ParOldGen       total 196160K, used 127972K [0x0000000702800000, 0x000000070e790000, 0x00000007ab800000)
  object space 196160K, 65% used [0x0000000702800000,0x000000070a4f9050,0x000000070e790000)
 PSPermGen       total 79040K, used 46940K [0x00000006fd600000, 0x0000000702330000, 0x0000000702800000)
  object space 79040K, 59% used [0x00000006fd600000,0x00000007003d72b8,0x0000000702330000)
Event: 557.359 GC heap after
Heap after GC invocations=182 (full 8):
 PSYoungGen      total 40896K, used 1708K [0x00000007ab800000, 0x00000007ae330000, 0x0000000800000000)
  eden space 39168K, 0% used [0x00000007ab800000,0x00000007ab800000,0x00000007ade40000)
  from space 1728K, 98% used [0x00000007ae180000,0x00000007ae32b100,0x00000007ae330000)
  to   space 2368K, 0% used [0x00000007ade90000,0x00000007ade90000,0x00000007ae0e0000)
 ParOldGen       total 196160K, used 128036K [0x0000000702800000, 0x000000070e790000, 0x00000007ab800000)
  object space 196160K, 65% used [0x0000000702800000,0x000000070a509050,0x000000070e790000)
 PSPermGen       total 79040K, used 46940K [0x00000006fd600000, 0x0000000702330000, 0x0000000702800000)
  object space 79040K, 59% used [0x00000006fd600000,0x00000007003d72b8,0x0000000702330000)
}
Event: 558.342 GC heap before
{Heap before GC invocations=183 (full 8):
 PSYoungGen      total 40896K, used 40876K [0x00000007ab800000, 0x00000007ae330000, 0x0000000800000000)
  eden space 39168K, 100% used [0x00000007ab800000,0x00000007ade40000,0x00000007ade40000)
  from space 1728K, 98% used [0x00000007ae180000,0x00000007ae32b100,0x00000007ae330000)
  to   space 2368K, 0% used [0x00000007ade90000,0x00000007ade90000,0x00000007ae0e0000)
 ParOldGen       total 196160K, used 128036K [0x0000000702800000, 0x000000070e790000, 0x00000007ab800000)
  object space 196160K, 65% used [0x0000000702800000,0x000000070a509050,0x000000070e790000)
 PSPermGen       total 79040K, used 46940K [0x00000006fd600000, 0x0000000702330000, 0x0000000702800000)
  object space 79040K, 59% used [0x00000006fd600000,0x00000007003d72d8,0x0000000702330000)
Event: 558.344 GC heap after
Heap after GC invocations=183 (full 8):
 PSYoungGen      total 40256K, used 1734K [0x00000007ab800000, 0x00000007ae250000, 0x0000000800000000)
  eden space 38464K, 0% used [0x00000007ab800000,0x00000007ab800000,0x00000007add90000)
  from space 1792K, 96% used [0x00000007ade90000,0x00000007ae041820,0x00000007ae050000)
  to   space 2048K, 0% used [0x00000007ae050000,0x00000007ae050000,0x00000007ae250000)
 ParOldGen       total 196160K, used 128092K [0x0000000702800000, 0x000000070e790000, 0x00000007ab800000)
  object space 196160K, 65% used [0x0000000702800000,0x000000070a517050,0x000000070e790000)
 PSPermGen       total 79040K, used 46940K [0x00000006fd600000, 0x0000000702330000, 0x0000000702800000)
  object space 79040K, 59% used [0x00000006fd600000,0x00000007003d72d8,0x0000000702330000)
}
Event: 559.274 GC heap before
{Heap before GC invocations=184 (full 8):
 PSYoungGen      total 40256K, used 40198K [0x00000007ab800000, 0x00000007ae250000, 0x0000000800000000)
  eden space 38464K, 100% used [0x00000007ab800000,0x00000007add90000,0x00000007add90000)
  from space 1792K, 96% used [0x00000007ade90000,0x00000007ae041820,0x00000007ae050000)
  to   space 2048K, 0% used [0x00000007ae050000,0x00000007ae050000,0x00000007ae250000)
 ParOldGen       total 196160K, used 128092K [0x0000000702800000, 0x000000070e790000, 0x00000007ab800000)
  object space 196160K, 65% used [0x0000000702800000,0x000000070a517050,0x000000070e790000)
 PSPermGen       total 79040K, used 46940K [0x00000006fd600000, 0x0000000702330000, 0x0000000702800000)
  object space 79040K, 59% used [0x00000006fd600000,0x00000007003d72d8,0x0000000702330000)
Event: 559.276 GC heap after
Heap after GC invocations=184 (full 8):
 PSYoungGen      total 39424K, used 1612K [0x00000007ab800000, 0x00000007ae1f0000, 0x0000000800000000)
  eden space 37760K, 0% used [0x00000007ab800000,0x00000007ab800000,0x00000007adce0000)
  from space 1664K, 96% used [0x00000007ae050000,0x00000007ae1e30e8,0x00000007ae1f0000)
  to   space 2368K, 0% used [0x00000007add50000,0x00000007add50000,0x00000007adfa0000)
 ParOldGen       total 196160K, used 128156K [0x0000000702800000, 0x000000070e790000, 0x00000007ab800000)
  object space 196160K, 65% used [0x0000000702800000,0x000000070a527050,0x000000070e790000)
 PSPermGen       total 79040K, used 46940K [0x00000006fd600000, 0x0000000702330000, 0x0000000702800000)
  object space 79040K, 59% used [0x00000006fd600000,0x00000007003d72d8,0x0000000702330000)
}
Event: 560.304 GC heap before
{Heap before GC invocations=185 (full 8):
 PSYoungGen      total 39424K, used 39360K [0x00000007ab800000, 0x00000007ae1f0000, 0x0000000800000000)
  eden space 37760K, 99% used [0x00000007ab800000,0x00000007adcdcf30,0x00000007adce0000)
  from space 1664K, 96% used [0x00000007ae050000,0x00000007ae1e30e8,0x00000007ae1f0000)
  to   space 2368K, 0% used [0x00000007add50000,0x00000007add50000,0x00000007adfa0000)
 ParOldGen       total 196160K, used 128156K [0x0000000702800000, 0x000000070e790000, 0x00000007ab800000)
  object space 196160K, 65% used [0x0000000702800000,0x000000070a527050,0x000000070e790000)
 PSPermGen       total 79040K, used 46940K [0x00000006fd600000, 0x0000000702330000, 0x0000000702800000)
  object space 79040K, 59% used [0x00000006fd600000,0x00000007003d72d8,0x0000000702330000)
Event: 560.308 GC heap after
Heap after GC invocations=185 (full 8):
 PSYoungGen      total 38080K, used 934K [0x00000007ab800000, 0x00000007ae0e0000, 0x0000000800000000)
  eden space 37120K, 0% used [0x00000007ab800000,0x00000007ab800000,0x00000007adc40000)
  from space 960K, 97% used [0x00000007add50000,0x00000007ade39820,0x00000007ade40000)
  to   space 2368K, 0% used [0x00000007ade90000,0x00000007ade90000,0x00000007ae0e0000)
 ParOldGen       total 196160K, used 128204K [0x0000000702800000, 0x000000070e790000, 0x00000007ab800000)
  object space 196160K, 65% used [0x0000000702800000,0x000000070a533050,0x000000070e790000)
 PSPermGen       total 79040K, used 46940K [0x00000006fd600000, 0x0000000702330000, 0x0000000702800000)
  object space 79040K, 59% used [0x00000006fd600000,0x00000007003d72d8,0x0000000702330000)
}

Deoptimization events (10 events):
Event: 470.807 Thread 0x000000000266e800 Uncommon trap -34 fr.pc 0x0000000002c62168
Event: 470.809 Thread 0x000000000266e800 Uncommon trap -34 fr.pc 0x0000000002c62168
Event: 471.514 Thread 0x000000000266e800 Uncommon trap -34 fr.pc 0x0000000002c62168
Event: 471.514 Thread 0x000000000266e800 Uncommon trap -34 fr.pc 0x0000000002c62168
Event: 494.351 Thread 0x000000000266e800 Uncommon trap -34 fr.pc 0x0000000002aa5598
Event: 502.948 Thread 0x000000000266e800 Uncommon trap -34 fr.pc 0x0000000002aa5598
Event: 511.652 Thread 0x000000000266e800 Uncommon trap -83 fr.pc 0x0000000002c89944
Event: 511.694 Thread 0x000000000266e800 Uncommon trap -34 fr.pc 0x0000000002adf63c
Event: 511.711 Thread 0x000000000266e800 Uncommon trap -34 fr.pc 0x0000000002adf63c
Event: 511.878 Thread 0x000000000266e800 Uncommon trap -83 fr.pc 0x0000000002acaa50

Internal exceptions (10 events):
Event: 64.076 Thread 0x0000000020585800 Implicit null exception at 0x0000000002a9ae2f to 0x0000000002a9ae71
Event: 64.811 Thread 0x000000000266e800 Implicit null exception at 0x0000000002ba26b0 to 0x0000000002ba2705
Event: 70.325 Thread 0x0000000020582800 Threw 0x00000007b1bbb710 at C:\jdk7u2_64p\jdk7u25\hotspot\src\share\vm\runtime\objectMonitor.cpp:1612
Event: 108.292 Thread 0x000000000266e800 Implicit null exception at 0x0000000002888122 to 0x00000000028888a9
Event: 219.605 Thread 0x0000000014763000 Implicit null exception at 0x0000000002c4aab4 to 0x0000000002c4b305
Event: 222.627 Thread 0x000000000266e800 Implicit null exception at 0x0000000002b7a475 to 0x0000000002b7b395
Event: 268.795 Thread 0x000000000266e800 Implicit null exception at 0x0000000002b9a820 to 0x0000000002b9d4c5
Event: 279.181 Thread 0x000000000266e800 Implicit null exception at 0x0000000002be6451 to 0x0000000002be64ba
Event: 279.396 Thread 0x000000000266e800 Implicit null exception at 0x000000000290338b to 0x00000000029033cf
Event: 511.878 Thread 0x000000000266e800 Implicit null exception at 0x0000000002ac95b0 to 0x0000000002acaa21

Events (10 events):
Event: 560.304 Executing VM operation: ParallelGCFailedAllocation
Event: 560.308 Executing VM operation: ParallelGCFailedAllocation done
Event: 563.240 Executing VM operation: RevokeBias
Event: 563.240 Executing VM operation: RevokeBias done
Event: 563.240 Executing VM operation: RevokeBias
Event: 563.240 Executing VM operation: RevokeBias done
Event: 563.242 Executing VM operation: RevokeBias
Event: 563.243 Executing VM operation: RevokeBias done
Event: 563.243 Executing VM operation: RevokeBias
Event: 563.243 Executing VM operation: RevokeBias done


Dynamic libraries:
0x0000000000400000 - 0x000000000040e000 	C:\Program Files\Exelis\IDL83\bin\bin.x86_64\idlde.exe
0x00007ffabb930000 - 0x00007ffabbb47000 	C:\WINDOWS\SYSTEM32\ntdll.dll
0x00007ffaba1d0000 - 0x00007ffaba294000 	C:\WINDOWS\System32\KERNEL32.DLL
0x00007ffab8d60000 - 0x00007ffab9105000 	C:\WINDOWS\System32\KERNELBASE.dll
0x00007ffab5110000 - 0x00007ffab51a7000 	C:\WINDOWS\SYSTEM32\apphelp.dll
0x00007ffaba600000 - 0x00007ffaba7ae000 	C:\WINDOWS\System32\USER32.dll
0x00007ffab9230000 - 0x00007ffab9256000 	C:\WINDOWS\System32\win32u.dll
0x00007ffaba050000 - 0x00007ffaba079000 	C:\WINDOWS\System32\GDI32.dll
0x00007ffab9560000 - 0x00007ffab9679000 	C:\WINDOWS\System32\gdi32full.dll
0x00007ffab92d0000 - 0x00007ffab936a000 	C:\WINDOWS\System32\msvcp_win.dll
0x00007ffab9110000 - 0x00007ffab9221000 	C:\WINDOWS\System32\ucrtbase.dll
0x00007ffabafe0000 - 0x00007ffabb087000 	C:\WINDOWS\System32\msvcrt.dll
0x00007ffa9bc30000 - 0x00007ffa9bec3000 	C:\WINDOWS\WinSxS\amd64_microsoft.windows.common-controls_6595b64144ccf1df_6.0.22621.2506_none_270c5ae97388e100\COMCTL32.dll
0x00007ffab9a90000 - 0x00007ffab9ac1000 	C:\WINDOWS\System32\IMM32.DLL
0x0000000072000000 - 0x0000000072012000 	C:\Program Files\Exelis\IDL83\bin\bin.x86_64\plugins\org.eclipse.equinox.launcher.win32.win32.x86_64_1.1.100.v20110502\eclipse_1406.dll
0x00007ffabaf20000 - 0x00007ffabafd1000 	C:\WINDOWS\System32\ADVAPI32.dll
0x00007ffab9ad0000 - 0x00007ffab9b76000 	C:\WINDOWS\System32\sechost.dll
0x00007ffaba0b0000 - 0x00007ffaba1c7000 	C:\WINDOWS\System32\RPCRT4.dll
0x00007ffab1fe0000 - 0x00007ffab1fea000 	C:\WINDOWS\SYSTEM32\VERSION.dll
0x000000006b230000 - 0x000000006b93f000 	C:\Program Files\Exelis\IDL83\bin\bin.x86_64\jre\bin\server\jvm.dll
0x00007ffaba090000 - 0x00007ffaba098000 	C:\WINDOWS\System32\PSAPI.DLL
0x00007ffab1680000 - 0x00007ffab16b4000 	C:\WINDOWS\SYSTEM32\WINMM.dll
0x00007ffab1880000 - 0x00007ffab1889000 	C:\WINDOWS\SYSTEM32\WSOCK32.dll
0x00007ffab9680000 - 0x00007ffab96f1000 	C:\WINDOWS\System32\WS2_32.dll
0x000000006b150000 - 0x000000006b222000 	C:\WINDOWS\SYSTEM32\MSVCR100.dll
0x000000006b140000 - 0x000000006b14f000 	C:\Program Files\Exelis\IDL83\bin\bin.x86_64\jre\bin\verify.dll
0x000000006b110000 - 0x000000006b138000 	C:\Program Files\Exelis\IDL83\bin\bin.x86_64\jre\bin\java.dll
0x000000006b0f0000 - 0x000000006b105000 	C:\Program Files\Exelis\IDL83\bin\bin.x86_64\jre\bin\zip.dll
0x00007ffab8440000 - 0x00007ffab845b000 	C:\WINDOWS\SYSTEM32\CRYPTSP.dll
0x00007ffab7cc0000 - 0x00007ffab7cf5000 	C:\WINDOWS\system32\rsaenh.dll
0x00007ffab82e0000 - 0x00007ffab830c000 	C:\WINDOWS\SYSTEM32\USERENV.dll
0x00007ffab8bd0000 - 0x00007ffab8bf6000 	C:\WINDOWS\SYSTEM32\profapi.dll
0x00007ffab8650000 - 0x00007ffab8678000 	C:\WINDOWS\SYSTEM32\bcrypt.dll
0x00007ffab9370000 - 0x00007ffab93ea000 	C:\WINDOWS\System32\bcryptprimitives.dll
0x00007ffab8460000 - 0x00007ffab846c000 	C:\WINDOWS\SYSTEM32\CRYPTBASE.dll
0x000000006b0d0000 - 0x000000006b0e9000 	C:\Program Files\Exelis\IDL83\bin\bin.x86_64\jre\bin\net.dll
0x00007ffab81e0000 - 0x00007ffab8249000 	C:\WINDOWS\system32\mswsock.dll
0x00007ffa9de20000 - 0x00007ffa9de37000 	C:\WINDOWS\system32\napinsp.dll
0x00007ffa92b40000 - 0x00007ffa92b5b000 	C:\WINDOWS\system32\pnrpnsp.dll
0x00007ffab77c0000 - 0x00007ffab78b9000 	C:\WINDOWS\SYSTEM32\DNSAPI.dll
0x00007ffab7750000 - 0x00007ffab777d000 	C:\WINDOWS\SYSTEM32\IPHLPAPI.DLL
0x00007ffaba080000 - 0x00007ffaba089000 	C:\WINDOWS\System32\NSI.dll
0x00007ffa8f2f0000 - 0x00007ffa8f301000 	C:\WINDOWS\System32\winrnr.dll
0x00007ffab1410000 - 0x00007ffab1425000 	C:\WINDOWS\system32\wshbth.dll
0x00007ffa8f2c0000 - 0x00007ffa8f2e1000 	C:\WINDOWS\system32\nlansp_c.dll
0x00007ffab1160000 - 0x00007ffab116a000 	C:\Windows\System32\rasadhlp.dll
0x00007ffab1010000 - 0x00007ffab1093000 	C:\WINDOWS\System32\fwpuclnt.dll
0x000000006b0b0000 - 0x000000006b0c1000 	C:\Program Files\Exelis\IDL83\bin\bin.x86_64\jre\bin\nio.dll
0x00007ffab60a0000 - 0x00007ffab614b000 	C:\WINDOWS\system32\uxtheme.dll
0x00007ffab9700000 - 0x00007ffab9a89000 	C:\WINDOWS\System32\combase.dll
0x00007ffaba860000 - 0x00007ffaba9af000 	C:\WINDOWS\System32\MSCTF.dll
0x00007ffab7d00000 - 0x00007ffab7d18000 	C:\WINDOWS\SYSTEM32\kernel.appcore.dll
0x00007ffaafa50000 - 0x00007ffaafb9a000 	C:\WINDOWS\SYSTEM32\textinputframework.dll
0x00007ffaba3a0000 - 0x00007ffaba477000 	C:\WINDOWS\System32\OLEAUT32.dll
0x00007ffab4e20000 - 0x00007ffab4f53000 	C:\WINDOWS\SYSTEM32\CoreMessaging.dll
0x00007ffab01e0000 - 0x00007ffab054c000 	C:\WINDOWS\SYSTEM32\CoreUIComponents.dll
0x00007ffab6a40000 - 0x00007ffab6b7e000 	C:\WINDOWS\SYSTEM32\wintypes.dll
0x00007ffa91170000 - 0x00007ffa911d9000 	C:\WINDOWS\system32\Oleacc.dll
0x0000000017d80000 - 0x0000000017e27000 	C:\Users\77957\.idl\idlworkbench-config-idl8.3.0_x86_64\org.eclipse.osgi\bundles\530\1\.cp\swt-win32-3740.dll
0x00007ffabaa40000 - 0x00007ffababe0000 	C:\WINDOWS\System32\ole32.dll
0x00007ffabac60000 - 0x00007ffabad59000 	C:\WINDOWS\System32\comdlg32.dll
0x00007ffaba480000 - 0x00007ffaba573000 	C:\WINDOWS\System32\shcore.dll
0x00007ffaba340000 - 0x00007ffaba39e000 	C:\WINDOWS\System32\SHLWAPI.dll
0x00007ffabb090000 - 0x00007ffabb8e9000 	C:\WINDOWS\System32\SHELL32.dll
0x00007ffab93f0000 - 0x00007ffab9556000 	C:\WINDOWS\System32\CRYPT32.dll
0x00007ffa990f0000 - 0x00007ffa99198000 	C:\WINDOWS\SYSTEM32\WINSPOOL.DRV
0x00007ffa67f10000 - 0x00007ffa67f29000 	C:\WINDOWS\SYSTEM32\USP10.dll
0x00007ffa9e830000 - 0x00007ffa9ed24000 	C:\WINDOWS\SYSTEM32\WININET.dll
0x00007ffab3b30000 - 0x00007ffab3c31000 	C:\WINDOWS\SYSTEM32\propsys.dll
0x00007ffaba7b0000 - 0x00007ffaba860000 	C:\WINDOWS\System32\clbcatq.dll
0x00007ffab6b80000 - 0x00007ffab7474000 	C:\WINDOWS\system32\windows.storage.dll
0x00007ffa9db40000 - 0x00007ffa9dcf6000 	C:\Windows\System32\TaskFlowDataEngine.dll
0x00007ffaa19a0000 - 0x00007ffaa1a4b000 	C:\Windows\System32\OneCoreCommonProxyStub.dll
0x0000000017f00000 - 0x0000000017f1e000 	C:\Users\77957\.idl\idlworkbench-config-idl8.3.0_x86_64\org.eclipse.osgi\bundles\530\1\.cp\swt-gdip-win32-3740.dll
0x00007ffa99210000 - 0x00007ffa993c9000 	C:\WINDOWS\WinSxS\amd64_microsoft.windows.gdiplus_6595b64144ccf1df_1.1.22621.2506_none_57f74dcece1b5ace\gdiplus.dll
0x00007ffab4600000 - 0x00007ffab47b0000 	C:\WINDOWS\SYSTEM32\WindowsCodecs.dll
0x0000000180000000 - 0x0000000180011000 	C:\Users\77957\.idl\idlworkbench-config-idl8.3.0_x86_64\org.eclipse.osgi\bundles\183\1\.cp\os\win32\x86_64\localfile_1_0_0.dll
0x00007ffa9dd10000 - 0x00007ffa9dd5d000 	C:\Program Files\Exelis\IDL83\bin\bin.x86_64\idl_ips.dll
0x00007ffa74e20000 - 0x00007ffa75b7d000 	C:\Program Files\Exelis\IDL83\bin\bin.x86_64\idl.dll
0x00007ffab17e0000 - 0x00007ffab1803000 	C:\Program Files\Exelis\IDL83\bin\bin.x86_64\UG3220.dll
0x00007ffa9dd80000 - 0x00007ffa9dd99000 	C:\WINDOWS\SYSTEM32\NETAPI32.dll
0x00007ffab16f0000 - 0x00007ffab16fc000 	C:\Program Files\Exelis\IDL83\bin\bin.x86_64\osmesa6_2.dll
0x00007ffa99200000 - 0x00007ffa99207000 	C:\WINDOWS\SYSTEM32\MSIMG32.dll
0x00007ffa9d450000 - 0x00007ffa9d4ac000 	C:\Program Files\Exelis\IDL83\bin\bin.x86_64\MesaGLU6_2.dll
0x00007ffa8aea0000 - 0x00007ffa8b02e000 	C:\Program Files\Exelis\IDL83\bin\bin.x86_64\MesaGL6_2.dll
0x00007ffa8d440000 - 0x00007ffa8d4bc000 	C:\Program Files\Exelis\IDL83\bin\bin.x86_64\freetype2_4_7.dll
0x00007ffab7fc0000 - 0x00007ffab8002000 	C:\WINDOWS\SYSTEM32\SspiCli.dll
0x00007ffab2b60000 - 0x00007ffab2bd8000 	C:\WINDOWS\System32\netprofm.dll
0x00007ffab0e40000 - 0x00007ffab0e58000 	C:\WINDOWS\System32\npmproxy.dll
0x00007ffab1ff0000 - 0x00007ffab2009000 	C:\WINDOWS\SYSTEM32\dhcpcsvc6.DLL
0x00007ffab1db0000 - 0x00007ffab1dcf000 	C:\WINDOWS\SYSTEM32\dhcpcsvc.DLL
0x0000000019440000 - 0x000000001972b000 	C:\WINDOWS\system32\spool\DRIVERS\x64\3\hp1100su.dll
0x0000000019730000 - 0x0000000019835000 	C:\WINDOWS\system32\spool\DRIVERS\x64\3\HP1100GC.dll
0x0000000018970000 - 0x00000000189cf000 	C:\WINDOWS\system32\spool\DRIVERS\x64\3\hp1100sd.dll
0x00007ffa994a0000 - 0x00007ffa995a0000 	C:\WINDOWS\SYSTEM32\OpenGL32.DLL
0x00007ffa9b6c0000 - 0x00007ffa9b6ed000 	C:\WINDOWS\SYSTEM32\GLU32.dll
0x00007ffab6390000 - 0x00007ffab63c6000 	C:\WINDOWS\SYSTEM32\dxcore.dll
0x00007ffab0d20000 - 0x00007ffab0d5e000 	C:\Program Files\Exelis\IDL83\bin\bin.x86_64\gl_driver.dll
0x0000000019840000 - 0x0000000019843000 	C:\WINDOWS\SYSTEM32\icmp.Dll
0x00007ffa88520000 - 0x00007ffa885d0000 	C:\WINDOWS\SYSTEM32\TextShaping.dll
0x00007ffa90c40000 - 0x00007ffa90ee9000 	C:\WINDOWS\system32\explorerframe.dll
0x00007ffa90ef0000 - 0x00007ffa90f4e000 	C:\WINDOWS\system32\dataexchange.dll
0x00007ffaadee0000 - 0x00007ffaae165000 	C:\WINDOWS\system32\twinapi.appcore.dll
0x00007ffa828a0000 - 0x00007ffa828e2000 	C:\WINDOWS\system32\mlang.dll
0x00007ffab8b10000 - 0x00007ffab8bb3000 	C:\WINDOWS\SYSTEM32\sxs.dll
0x00007ffab16d0000 - 0x00007ffab16e1000 	C:\Users\77957\.idl\idlworkbench-config-idl8.3.0_x86_64\org.eclipse.osgi\bundles\208\1\.cp\jWinHttp-1.0.0.dll
0x00007ffab29b0000 - 0x00007ffab2ae7000 	C:\WINDOWS\SYSTEM32\WINHTTP.dll
0x00007ffab6320000 - 0x00007ffab634b000 	??????ŒNŸm??????? Õ?????¬R??ôK?˛•??¬R
0x00007ffa87600000 - 0x00007ffa87ae2000 	?????¬R????????????????????
0x00007ffab0a60000 - 0x00007ffab0a97000 	?????????????¬R???????¬R???????¬R?
0x00007ffa91c90000 - 0x00007ffa91e04000 	???????ﬁå?????¬R??–Å˚XôÔ??¬RÉâ??????¬R????
0x00007ffa89990000 - 0x00007ffa89b05000 	?????¬R????????????????????
0x00007ffa8f700000 - 0x00007ffa8f76b000 	?????¬R???????¬R????????????????????
0x00007ffab3690000 - 0x00007ffab3735000 	C:\WINDOWS\SYSTEM32\policymanager.dll
0x00007ffab3490000 - 0x00007ffab3523000 	C:\WINDOWS\SYSTEM32\msvcp110_win.dll
0x00007ffab7b20000 - 0x00007ffab7b2c000 	C:\WINDOWS\system32\Secur32.dll
0x00007ffa8dca0000 - 0x00007ffa8dd45000 	C:\Windows\System32\Windows.FileExplorer.Common.dll
0x00007ffa9e5b0000 - 0x00007ffa9e5be000 	C:\WINDOWS\SYSTEM32\atlthunk.dll
0x00007ffab8990000 - 0x00007ffab89de000 	C:\WINDOWS\system32\CFGMGR32.dll
0x00007ffab00a0000 - 0x00007ffab01d5000 	C:\Windows\System32\Windows.System.Launcher.dll
0x00007ffab1450000 - 0x00007ffab146a000 	C:\WINDOWS\SYSTEM32\windows.staterepositorycore.dll
0x00007ffaa47c0000 - 0x00007ffaa47de000 	C:\WINDOWS\system32\MPR.dll
0x00007ffa9edd0000 - 0x00007ffa9edf9000 	C:\WINDOWS\System32\p9np.dll
0x00007ffa9f460000 - 0x00007ffa9f46c000 	C:\WINDOWS\System32\drprov.dll
0x00007ffa9f400000 - 0x00007ffa9f419000 	C:\WINDOWS\System32\ntlanman.dll
0x00007ffa9ed30000 - 0x00007ffa9ed4f000 	C:\WINDOWS\System32\davclnt.dll
0x00007ffab76e0000 - 0x00007ffab7746000 	C:\WINDOWS\System32\WINSTA.dll
0x00007ffab1640000 - 0x00007ffab165a000 	C:\WINDOWS\System32\wkscli.dll

VM Arguments:
jvm_args: -Dosgi.instance.area.default=@user.home/IDLWorkspace83 -Dosgi.configuration.area=@user.home/.idl/idlworkbench-config-idl8.3.0_x86_64 -Dosgi.configuration.cascaded=true -Dosgi.checkConfiguration=true -Dosgi.sharedConfiguration.area.readOnly=true -Dorg.eclipse.update.reconcile=false -Declipse.p2.data.area=@config.dir/p2 -Dosgi.sharedConfiguration.area=C:\Program Files\Exelis\IDL83\bin\bin.x86_64/configuration 
java_command: <unknown>
Launcher Type: generic

Environment Variables:
PATH=C:/Program Files/Exelis/IDL83/bin/bin.x86_64/jre/bin/server;C:/Program Files/Exelis/IDL83/bin/bin.x86_64/jre/bin;C:/Program Files/Exelis/IDL83/bin/bin.x86_64/jre/lib/amd64;C:\Program Files\Exelis\IDL83\bin\bin.x86_64\;C:\WINDOWS\system32;C:\WINDOWS;C:\WINDOWS\System32\Wbem;C:\WINDOWS\System32\WindowsPowerShell\v1.0\;C:\WINDOWS\System32\OpenSSH\;C:\Users\77957\AppData\Local\Programs\Python\Python38;C:\Users\77957\AppData\Local\Programs\Python\Python38\Scripts;C:\Users\77957\AppData\Local\Microsoft\WindowsApps;C:\Program Files\JetBrains\PyCharm 2023.1\bin;;C:\Users\77957\AppData\Local\Programs\Python\Python38;;C:\Program Files\Exelis\IDL83\bin\bin.x86_64;
USERNAME=77957
OS=Windows_NT
PROCESSOR_IDENTIFIER=Intel64 Family 6 Model 140 Stepping 1, GenuineIntel



---------------  S Y S T E M  ---------------

OS: Windows 8 , 64 bit Build 9200 

CPU:total 8 (4 cores per cpu, 2 threads per core) family 6 model 140 stepping 1, cmov, cx8, fxsr, mmx, sse, sse2, sse3, ssse3, sse4.1, sse4.2, popcnt, avx, avx2, ht, tsc, tscinvbit

Memory: 4k page, physical 16607280k(8574448k free), swap 17655856k(6688400k free)

vm_info: Java HotSpot(TM) 64-Bit Server VM (23.25-b01) for windows-amd64 JRE (1.7.0_25-b17), built on Jun 21 2013 12:58:32 by "java_re" with unknown MS VC++:1600

time: Mon Nov 20 15:45:02 2023
elapsed time: 563 seconds

