#
# A fatal error has been detected by the Java Runtime Environment:
#
#  EXCEPTION_ACCESS_VIOLATION (0xc0000005) at pc=0x00007ffb5164504f, pid=12272, tid=18896
#
# JRE version: 7.0_25-b17
# Java VM: Java HotSpot(TM) 64-Bit Server VM (23.25-b01 mixed mode windows-amd64 compressed oops)
# Problematic frame:
# C  0x00007ffb5164504f  RegisterProcTableCallback+0x55a1ef
#
# Failed to write core dump. Minidumps are not enabled by default on client versions of Windows
#
# If you would like to submit a bug report, please visit:
#   http://bugreport.sun.com/bugreport/crash.jsp
# The crash happened outside the Java Virtual Machine in native code.
# See problematic frame for where to report the bug.
#

---------------  T H R E A D  ---------------

Current thread (0x000000001811a800):  JavaThread "IDL" [_thread_in_native, id=18896, stack(0x0000000019a40000,0x0000000019b40000)]

siginfo: ExceptionCode=0xc0000005, reading address 0xffffffffffffffff

Registers:
RAX=0x3f800001bea972a9, RBX=0x00000000427c4378, RCX=0x00000000427c4378, RDX=0x00000000427c4378
RSP=0x0000000019b2ffa0, RBP=0x0000000019b300a0, RSI=0x0000000019b2ffe8, RDI=0x000000000000000a
R8 =0x0000000000000001, R9 =0x00000000427c4378, R10=0x0000000019b300c0, R11=0x0000000019b2ffc0
R12=0x00007ffb51ac38b0, R13=0x00000000223658a0, R14=0x0000000000000006, R15=0x000000000000000b
RIP=0x00007ffb5164504f, EFLAGS=0x0000000000010206

Top of Stack: (sp=0x0000000019b2ffa0)
0x0000000019b2ffa0:   0000000000000000 0000000000000001
0x0000000019b2ffb0:   00000000427c3fc0 00007ffb07000007
0x0000000019b2ffc0:   00000000427c4378 0000000022530d00
0x0000000019b2ffd0:   0000000000000000 0000000019b300b0
0x0000000019b2ffe0:   0000000019b300c0 00000000427c4378
0x0000000019b2fff0:   00000000427c4388 00000000427c4398
0x0000000019b30000:   00000000427c43a8 00000000427c43b8
0x0000000019b30010:   00000000427c43c8 00000000427c43d8
0x0000000019b30020:   0000000000000000 0000000000000000
0x0000000019b30030:   0000000000000000 0000000000000000
0x0000000019b30040:   0000000000000000 0000000000000000
0x0000000019b30050:   0000000000000000 00007ffb0000000a
0x0000000019b30060:   00000000427c4378 0000000000000000
0x0000000019b30070:   00000000427c3fc0 00000000427c3fc0
0x0000000019b30080:   00000000427c4378 00007ffb510af50c
0x0000000019b30090:   0000000000000012 0000000000000007 

Instructions: (pc=0x00007ffb5164504f)
0x00007ffb5164502f:   48 8d 74 24 30 44 8b f7 66 0f 1f 84 00 00 00 00
0x00007ffb5164503f:   00 48 8b 0e 48 85 c9 0f 84 8e 00 00 00 48 8b 01
0x00007ffb5164504f:   80 78 34 00 74 0a 48 8b 41 08 80 78 34 00 75 7b
0x00007ffb5164505f:   41 8b d7 4c 8d 4c 24 20 48 c1 e2 04 4c 8d 45 d0 


Register to memory mapping:

RAX=0x3f800001bea972a9 is an unknown value
RBX=0x00000000427c4378 is an unknown value
RCX=0x00000000427c4378 is an unknown value
RDX=0x00000000427c4378 is an unknown value
RSP=0x0000000019b2ffa0 is pointing into the stack for thread: 0x000000001811a800
RBP=0x0000000019b300a0 is pointing into the stack for thread: 0x000000001811a800
RSI=0x0000000019b2ffe8 is pointing into the stack for thread: 0x000000001811a800
RDI=0x000000000000000a is an unknown value
R8 =0x0000000000000001 is an unknown value
R9 =0x00000000427c4378 is an unknown value
R10=0x0000000019b300c0 is pointing into the stack for thread: 0x000000001811a800
R11=0x0000000019b2ffc0 is pointing into the stack for thread: 0x000000001811a800
R12=0x00007ffb51ac38b0 is an unknown value
R13=0x00000000223658a0 is an unknown value
R14=0x0000000000000006 is an unknown value
R15=0x000000000000000b is an unknown value


Stack: [0x0000000019a40000,0x0000000019b40000],  sp=0x0000000019b2ffa0,  free space=959k
Native frames: (J=compiled Java code, j=interpreted, Vv=VM code, C=native code)
C  0x00007ffb5164504f  RegisterProcTableCallback+0x55a1ef

Java frames: (J=compiled Java code, j=interpreted, Vv=VM code)
j  com.rsi.idldt.core.ips.IPS_Access.IPS_Start([Ljava/lang/String;)V+0
j  com.rsi.idldt.core.ips.IPS_Manager$2.run()V+15
j  java.lang.Thread.run()V+11
v  ~StubRoutines::call_stub

---------------  P R O C E S S  ---------------

Java Threads: ( => current thread )
  0x000000001ef81000 JavaThread "Worker-24" [_thread_blocked, id=12656, stack(0x0000000021eb0000,0x0000000021fb0000)]
  0x000000001ef79800 JavaThread "Worker-23" [_thread_blocked, id=14312, stack(0x0000000021c70000,0x0000000021d70000)]
  0x000000001d97e800 JavaThread "Worker-22" [_thread_blocked, id=15488, stack(0x0000000014cd0000,0x0000000014dd0000)]
  0x000000001d97e000 JavaThread "Worker-21" [_thread_blocked, id=20072, stack(0x0000000014bd0000,0x0000000014cd0000)]
  0x0000000018120800 JavaThread "Worker-18" [_thread_blocked, id=12732, stack(0x0000000020820000,0x0000000020920000)]
  0x000000001ef75800 JavaThread "Worker-15" [_thread_blocked, id=15084, stack(0x0000000018ca0000,0x0000000018da0000)]
  0x000000001ef80000 JavaThread "Worker-12" [_thread_blocked, id=4724, stack(0x00000000006f0000,0x00000000007f0000)]
  0x0000000017bca800 JavaThread "Timer-2" daemon [_thread_blocked, id=7356, stack(0x000000001ff30000,0x0000000020030000)]
  0x0000000017bca000 JavaThread "Timer-1" daemon [_thread_blocked, id=7924, stack(0x000000001ed10000,0x000000001ee10000)]
  0x0000000017bc7000 JavaThread "Thread-14" [_thread_in_native, id=3548, stack(0x000000001ea10000,0x000000001eb10000)]
  0x0000000017bc6000 JavaThread "IDLDT DOM Worker-7" [_thread_blocked, id=1448, stack(0x000000001e8f0000,0x000000001e9f0000)]
  0x0000000017bc9000 JavaThread "IDLDT DOM Worker-6" [_thread_blocked, id=8316, stack(0x000000001e7f0000,0x000000001e8f0000)]
  0x0000000017bc8800 JavaThread "IDLDT DOM Worker-5" [_thread_blocked, id=3884, stack(0x000000001e6f0000,0x000000001e7f0000)]
  0x0000000017bc7800 JavaThread "IDLDT DOM Worker-4" [_thread_blocked, id=16160, stack(0x000000001e5f0000,0x000000001e6f0000)]
  0x0000000017bcd000 JavaThread "IDLDT DOM Worker-3" [_thread_blocked, id=19540, stack(0x000000001e4f0000,0x000000001e5f0000)]
  0x0000000017bcc000 JavaThread "IDLDT DOM Worker-2" [_thread_blocked, id=17196, stack(0x000000001e3f0000,0x000000001e4f0000)]
  0x000000001811e000 JavaThread "IDLDT DOM Worker-1" [_thread_blocked, id=13684, stack(0x000000001e2f0000,0x000000001e3f0000)]
  0x000000001811d800 JavaThread "IDLDT DOM Worker-0" [_thread_blocked, id=13600, stack(0x000000001e1f0000,0x000000001e2f0000)]
  0x000000001811c800 JavaThread "Timer-0" daemon [_thread_blocked, id=21208, stack(0x000000001e0f0000,0x000000001e1f0000)]
=>0x000000001811a800 JavaThread "IDL" [_thread_in_native, id=18896, stack(0x0000000019a40000,0x0000000019b40000)]
  0x000000001330e000 JavaThread "IDLToJava Broker" daemon [_thread_blocked, id=2532, stack(0x0000000018ad0000,0x0000000018bd0000)]
  0x00000000130a7000 JavaThread "Provisioning Event Dispatcher" daemon [_thread_blocked, id=21676, stack(0x0000000017650000,0x0000000017750000)]
  0x0000000013304800 JavaThread "[ThreadPool Manager] - Idle Thread" daemon [_thread_blocked, id=8536, stack(0x0000000017450000,0x0000000017550000)]
  0x00000000131d0000 JavaThread "[ThreadPool Manager] - Idle Thread" daemon [_thread_blocked, id=15188, stack(0x0000000017350000,0x0000000017450000)]
  0x000000001643f000 JavaThread "Bundle File Closer" daemon [_thread_blocked, id=12736, stack(0x0000000016ee0000,0x0000000016fe0000)]
  0x0000000016420000 JavaThread "Worker-JM" [_thread_blocked, id=19084, stack(0x0000000017250000,0x0000000017350000)]
  0x0000000013239800 JavaThread "[Timer] - Main Queue Handler" daemon [_thread_blocked, id=14268, stack(0x0000000016fe0000,0x00000000170e0000)]
  0x000000001631d800 JavaThread "Framework Event Dispatcher" daemon [_thread_blocked, id=17868, stack(0x0000000016de0000,0x0000000016ee0000)]
  0x000000001323c000 JavaThread "Start Level Event Dispatcher" daemon [_thread_blocked, id=1532, stack(0x0000000016ce0000,0x0000000016de0000)]
  0x000000001633e000 JavaThread "State Data Manager" daemon [_thread_blocked, id=21688, stack(0x0000000016be0000,0x0000000016ce0000)]
  0x00000000133ae000 JavaThread "Framework Active Thread" [_thread_blocked, id=13824, stack(0x0000000016ae0000,0x0000000016be0000)]
  0x0000000012fe2800 JavaThread "Service Thread" daemon [_thread_blocked, id=16948, stack(0x00000000134e0000,0x00000000135e0000)]
  0x0000000010d08800 JavaThread "C2 CompilerThread1" daemon [_thread_blocked, id=15500, stack(0x00000000133e0000,0x00000000134e0000)]
  0x0000000010cfd800 JavaThread "C2 CompilerThread0" daemon [_thread_blocked, id=5528, stack(0x0000000012ee0000,0x0000000012fe0000)]
  0x0000000010cd3000 JavaThread "Attach Listener" daemon [_thread_blocked, id=22160, stack(0x0000000012de0000,0x0000000012ee0000)]
  0x0000000010cd2000 JavaThread "Signal Dispatcher" daemon [_thread_blocked, id=15168, stack(0x0000000012ce0000,0x0000000012de0000)]
  0x0000000010c70000 JavaThread "Finalizer" daemon [_thread_blocked, id=3116, stack(0x0000000012be0000,0x0000000012ce0000)]
  0x0000000010c68800 JavaThread "Reference Handler" daemon [_thread_blocked, id=804, stack(0x0000000012ae0000,0x0000000012be0000)]
  0x00000000024a0800 JavaThread "main" [_thread_in_native, id=19040, stack(0x0000000000050000,0x0000000000150000)]

Other Threads:
  0x0000000010c65000 VMThread [stack: 0x00000000129e0000,0x0000000012ae0000] [id=12960]
  0x0000000012ffe800 WatcherThread [stack: 0x00000000135e0000,0x00000000136e0000] [id=17108]

VM state:not at safepoint (normal execution)

VM Mutex/Monitor currently owned by a thread: None

Heap
 PSYoungGen      total 146048K, used 203K [0x00000007accb0000, 0x00000007b7ce0000, 0x0000000800000000)
  eden space 111936K, 0% used [0x00000007accb0000,0x00000007acce2ee0,0x00000007b3a00000)
  from space 34112K, 0% used [0x00000007b5b90000,0x00000007b5b90000,0x00000007b7ce0000)
  to   space 34240K, 0% used [0x00000007b3a00000,0x00000007b3a00000,0x00000007b5b70000)
 ParOldGen       total 193984K, used 94688K [0x0000000706600000, 0x0000000712370000, 0x00000007accb0000)
  object space 193984K, 48% used [0x0000000706600000,0x000000070c278098,0x0000000712370000)
 PSPermGen       total 66304K, used 47824K [0x0000000701400000, 0x00000007054c0000, 0x0000000706600000)
  object space 66304K, 72% used [0x0000000701400000,0x00000007042b4218,0x00000007054c0000)

Card table byte_map: [0x0000000005660000,0x0000000005e60000] byte_map_base: 0x0000000001e56000

Polling page: 0x0000000000460000

Code Cache  [0x00000000025a0000, 0x0000000002ce0000, 0x00000000055a0000)
 total_blobs=2521 nmethods=1857 adapters=611 free_code_cache=41918Kb largest_free_block=42793664

Compilation events (10 events):
Event: 825.908 Thread 0x0000000010d08800 2053             org.eclipse.jface.viewers.AbstractTreeViewer::getTreePathFromItem (47 bytes)
Event: 825.914 Thread 0x0000000010d08800 nmethod 2053 0x0000000002bcb690 code [0x0000000002bcb820, 0x0000000002bcbee8]
Event: 835.531 Thread 0x0000000010cfd800   55 %           org.eclipse.swt.graphics.TextLayout::getBounds @ 260 (865 bytes)
Event: 835.538 Thread 0x0000000010cfd800 nmethod 55% 0x0000000002bca310 code [0x0000000002bca4a0, 0x0000000002bcaed8]
Event: 835.589 Thread 0x0000000010d08800 2054             org.eclipse.swt.graphics.TextLayout::getBounds (865 bytes)
Event: 835.601 Thread 0x0000000010d08800 nmethod 2054 0x0000000002ccb610 code [0x0000000002ccb800, 0x0000000002ccc5e0]
Event: 835.903 Thread 0x0000000010cfd800 2055             org.eclipse.swt.widgets.Widget::setData (280 bytes)
Event: 835.913 Thread 0x0000000010cfd800 nmethod 2055 0x0000000002bc6d90 code [0x0000000002bc6f20, 0x0000000002bc7b18]
Event: 852.034 Thread 0x0000000010d08800 2057             java.lang.Integer::toUnsignedString (55 bytes)
Event: 852.039 Thread 0x0000000010d08800 nmethod 2057 0x0000000002b4a550 code [0x0000000002b4a6c0, 0x0000000002b4abf8]

GC Heap History (10 events):
Event: 705.968 GC heap before
{Heap before GC invocations=80 (full 10):
 PSYoungGen      total 144064K, used 588K [0x00000007accb0000, 0x00000007b7c40000, 0x0000000800000000)
  eden space 111040K, 0% used [0x00000007accb0000,0x00000007accb0000,0x00000007b3920000)
  from space 33024K, 1% used [0x00000007b5a40000,0x00000007b5ad3100,0x00000007b7a80000)
  to   space 33920K, 0% used [0x00000007b3920000,0x00000007b3920000,0x00000007b5a40000)
 ParOldGen       total 193984K, used 94527K [0x0000000706600000, 0x0000000712370000, 0x00000007accb0000)
  object space 193984K, 48% used [0x0000000706600000,0x000000070c24fff0,0x0000000712370000)
 PSPermGen       total 76224K, used 47592K [0x0000000701400000, 0x0000000705e70000, 0x0000000706600000)
  object space 76224K, 62% used [0x0000000701400000,0x000000070427a0f0,0x0000000705e70000)
Event: 706.149 GC heap after
Heap after GC invocations=80 (full 10):
 PSYoungGen      total 144064K, used 0K [0x00000007accb0000, 0x00000007b7c40000, 0x0000000800000000)
  eden space 111040K, 0% used [0x00000007accb0000,0x00000007accb0000,0x00000007b3920000)
  from space 33024K, 0% used [0x00000007b5a40000,0x00000007b5a40000,0x00000007b7a80000)
  to   space 33920K, 0% used [0x00000007b3920000,0x00000007b3920000,0x00000007b5a40000)
 ParOldGen       total 193984K, used 94609K [0x0000000706600000, 0x0000000712370000, 0x00000007accb0000)
  object space 193984K, 48% used [0x0000000706600000,0x000000070c2646a0,0x0000000712370000)
 PSPermGen       total 72512K, used 47592K [0x0000000701400000, 0x0000000705ad0000, 0x0000000706600000)
  object space 72512K, 65% used [0x0000000701400000,0x000000070427a090,0x0000000705ad0000)
}
Event: 765.965 GC heap before
{Heap before GC invocations=81 (full 10):
 PSYoungGen      total 144064K, used 1770K [0x00000007accb0000, 0x00000007b7c40000, 0x0000000800000000)
  eden space 111040K, 1% used [0x00000007accb0000,0x00000007ace6a908,0x00000007b3920000)
  from space 33024K, 0% used [0x00000007b5a40000,0x00000007b5a40000,0x00000007b7a80000)
  to   space 33920K, 0% used [0x00000007b3920000,0x00000007b3920000,0x00000007b5a40000)
 ParOldGen       total 193984K, used 94609K [0x0000000706600000, 0x0000000712370000, 0x00000007accb0000)
  object space 193984K, 48% used [0x0000000706600000,0x000000070c2646a0,0x0000000712370000)
 PSPermGen       total 72512K, used 47592K [0x0000000701400000, 0x0000000705ad0000, 0x0000000706600000)
  object space 72512K, 65% used [0x0000000701400000,0x000000070427a090,0x0000000705ad0000)
Event: 765.968 GC heap after
Heap after GC invocations=81 (full 10):
 PSYoungGen      total 144960K, used 160K [0x00000007accb0000, 0x00000007b7d20000, 0x0000000800000000)
  eden space 111040K, 0% used [0x00000007accb0000,0x00000007accb0000,0x00000007b3920000)
  from space 33920K, 0% used [0x00000007b3920000,0x00000007b3948000,0x00000007b5a40000)
  to   space 34368K, 0% used [0x00000007b5b90000,0x00000007b5b90000,0x00000007b7d20000)
 ParOldGen       total 193984K, used 94609K [0x0000000706600000, 0x0000000712370000, 0x00000007accb0000)
  object space 193984K, 48% used [0x0000000706600000,0x000000070c2646a0,0x0000000712370000)
 PSPermGen       total 72512K, used 47592K [0x0000000701400000, 0x0000000705ad0000, 0x0000000706600000)
  object space 72512K, 65% used [0x0000000701400000,0x000000070427a090,0x0000000705ad0000)
}
Event: 765.968 GC heap before
{Heap before GC invocations=82 (full 11):
 PSYoungGen      total 144960K, used 160K [0x00000007accb0000, 0x00000007b7d20000, 0x0000000800000000)
  eden space 111040K, 0% used [0x00000007accb0000,0x00000007accb0000,0x00000007b3920000)
  from space 33920K, 0% used [0x00000007b3920000,0x00000007b3948000,0x00000007b5a40000)
  to   space 34368K, 0% used [0x00000007b5b90000,0x00000007b5b90000,0x00000007b7d20000)
 ParOldGen       total 193984K, used 94609K [0x0000000706600000, 0x0000000712370000, 0x00000007accb0000)
  object space 193984K, 48% used [0x0000000706600000,0x000000070c2646a0,0x0000000712370000)
 PSPermGen       total 72512K, used 47592K [0x0000000701400000, 0x0000000705ad0000, 0x0000000706600000)
  object space 72512K, 65% used [0x0000000701400000,0x000000070427a090,0x0000000705ad0000)
Event: 766.130 GC heap after
Heap after GC invocations=82 (full 11):
 PSYoungGen      total 144960K, used 0K [0x00000007accb0000, 0x00000007b7d20000, 0x0000000800000000)
  eden space 111040K, 0% used [0x00000007accb0000,0x00000007accb0000,0x00000007b3920000)
  from space 33920K, 0% used [0x00000007b3920000,0x00000007b3920000,0x00000007b5a40000)
  to   space 34368K, 0% used [0x00000007b5b90000,0x00000007b5b90000,0x00000007b7d20000)
 ParOldGen       total 193984K, used 94606K [0x0000000706600000, 0x0000000712370000, 0x00000007accb0000)
  object space 193984K, 48% used [0x0000000706600000,0x000000070c263b70,0x0000000712370000)
 PSPermGen       total 68864K, used 47592K [0x0000000701400000, 0x0000000705740000, 0x0000000706600000)
  object space 68864K, 69% used [0x0000000701400000,0x000000070427a090,0x0000000705740000)
}
Event: 854.425 GC heap before
{Heap before GC invocations=83 (full 11):
 PSYoungGen      total 144960K, used 25341K [0x00000007accb0000, 0x00000007b7d20000, 0x0000000800000000)
  eden space 111040K, 22% used [0x00000007accb0000,0x00000007ae56f498,0x00000007b3920000)
  from space 33920K, 0% used [0x00000007b3920000,0x00000007b3920000,0x00000007b5a40000)
  to   space 34368K, 0% used [0x00000007b5b90000,0x00000007b5b90000,0x00000007b7d20000)
 ParOldGen       total 193984K, used 94606K [0x0000000706600000, 0x0000000712370000, 0x00000007accb0000)
  object space 193984K, 48% used [0x0000000706600000,0x000000070c263b70,0x0000000712370000)
 PSPermGen       total 68864K, used 47825K [0x0000000701400000, 0x0000000705740000, 0x0000000706600000)
  object space 68864K, 69% used [0x0000000701400000,0x00000007042b4438,0x0000000705740000)
Event: 854.428 GC heap after
Heap after GC invocations=83 (full 11):
 PSYoungGen      total 146048K, used 667K [0x00000007accb0000, 0x00000007b7ce0000, 0x0000000800000000)
  eden space 111936K, 0% used [0x00000007accb0000,0x00000007accb0000,0x00000007b3a00000)
  from space 34112K, 1% used [0x00000007b5b90000,0x00000007b5c36d00,0x00000007b7ce0000)
  to   space 34240K, 0% used [0x00000007b3a00000,0x00000007b3a00000,0x00000007b5b70000)
 ParOldGen       total 193984K, used 94606K [0x0000000706600000, 0x0000000712370000, 0x00000007accb0000)
  object space 193984K, 48% used [0x0000000706600000,0x000000070c263b70,0x0000000712370000)
 PSPermGen       total 68864K, used 47825K [0x0000000701400000, 0x0000000705740000, 0x0000000706600000)
  object space 68864K, 69% used [0x0000000701400000,0x00000007042b4438,0x0000000705740000)
}
Event: 854.428 GC heap before
{Heap before GC invocations=84 (full 12):
 PSYoungGen      total 146048K, used 667K [0x00000007accb0000, 0x00000007b7ce0000, 0x0000000800000000)
  eden space 111936K, 0% used [0x00000007accb0000,0x00000007accb0000,0x00000007b3a00000)
  from space 34112K, 1% used [0x00000007b5b90000,0x00000007b5c36d00,0x00000007b7ce0000)
  to   space 34240K, 0% used [0x00000007b3a00000,0x00000007b3a00000,0x00000007b5b70000)
 ParOldGen       total 193984K, used 94606K [0x0000000706600000, 0x0000000712370000, 0x00000007accb0000)
  object space 193984K, 48% used [0x0000000706600000,0x000000070c263b70,0x0000000712370000)
 PSPermGen       total 68864K, used 47825K [0x0000000701400000, 0x0000000705740000, 0x0000000706600000)
  object space 68864K, 69% used [0x0000000701400000,0x00000007042b4438,0x0000000705740000)
Event: 854.541 GC heap after
Heap after GC invocations=84 (full 12):
 PSYoungGen      total 146048K, used 0K [0x00000007accb0000, 0x00000007b7ce0000, 0x0000000800000000)
  eden space 111936K, 0% used [0x00000007accb0000,0x00000007accb0000,0x00000007b3a00000)
  from space 34112K, 0% used [0x00000007b5b90000,0x00000007b5b90000,0x00000007b7ce0000)
  to   space 34240K, 0% used [0x00000007b3a00000,0x00000007b3a00000,0x00000007b5b70000)
 ParOldGen       total 193984K, used 94688K [0x0000000706600000, 0x0000000712370000, 0x00000007accb0000)
  object space 193984K, 48% used [0x0000000706600000,0x000000070c278098,0x0000000712370000)
 PSPermGen       total 66304K, used 47824K [0x0000000701400000, 0x00000007054c0000, 0x0000000706600000)
  object space 66304K, 72% used [0x0000000701400000,0x00000007042b4218,0x00000007054c0000)
}

Deoptimization events (10 events):
Event: 838.648 Thread 0x00000000024a0800 Uncommon trap -83 fr.pc 0x0000000002a35108
Event: 838.677 Thread 0x00000000024a0800 Uncommon trap -58 fr.pc 0x0000000002b4bd78
Event: 838.679 Thread 0x000000001d97e800 Uncommon trap -83 fr.pc 0x0000000002aab1b0
Event: 838.688 Thread 0x0000000018120800 Uncommon trap -58 fr.pc 0x0000000002a0a49c
Event: 838.688 Thread 0x0000000018120800 Uncommon trap -34 fr.pc 0x0000000002a2d97c
Event: 838.689 Thread 0x0000000018120800 Uncommon trap -58 fr.pc 0x0000000002a0a49c
Event: 852.028 Thread 0x00000000024a0800 Uncommon trap -83 fr.pc 0x0000000002aba3dc
Event: 852.028 Thread 0x00000000024a0800 Uncommon trap -34 fr.pc 0x0000000002a2d97c
Event: 852.105 Thread 0x000000001ef75800 Uncommon trap -58 fr.pc 0x0000000002a0a49c
Event: 852.105 Thread 0x000000001ef75800 Uncommon trap -34 fr.pc 0x0000000002a0f5b0

Internal exceptions (10 events):
Event: 591.963 Thread 0x000000001811a800 Threw 0x00000007ad11b418 at C:\jdk7u2_64p\jdk7u25\hotspot\src\share\vm\prims\jni.cpp:716
Event: 591.963 Thread 0x000000001811a800 Threw 0x00000007ad11b618 at C:\jdk7u2_64p\jdk7u25\hotspot\src\share\vm\prims\jni.cpp:716
Event: 620.423 Thread 0x0000000018120800 Implicit null exception at 0x0000000002c38b27 to 0x0000000002c3a8d9
Event: 794.368 Thread 0x00000000024a0800 Implicit null exception at 0x0000000002b98878 to 0x0000000002b9a88d
Event: 794.368 Thread 0x00000000024a0800 Implicit null exception at 0x0000000002a3d93c to 0x0000000002a3db85
Event: 794.368 Thread 0x00000000024a0800 Implicit null exception at 0x0000000002ac716c to 0x0000000002ac7e25
Event: 794.368 Thread 0x00000000024a0800 Implicit null exception at 0x0000000002a37d32 to 0x0000000002a38231
Event: 794.369 Thread 0x00000000024a0800 Implicit null exception at 0x0000000002a32d7b to 0x0000000002a3324d
Event: 835.824 Thread 0x00000000024a0800 Implicit null exception at 0x0000000002bfeb3f to 0x0000000002c009d5
Event: 838.646 Thread 0x00000000024a0800 Implicit null exception at 0x0000000002ac3820 to 0x0000000002ac3d15

Events (10 events):
Event: 852.130 Executing VM operation: RevokeBias
Event: 852.130 Executing VM operation: RevokeBias done
Event: 852.131 Executing VM operation: RevokeBias
Event: 852.131 Executing VM operation: RevokeBias done
Event: 854.425 Executing VM operation: ParallelGCSystemGC
Event: 854.541 Executing VM operation: ParallelGCSystemGC done
Event: 854.541 Executing VM operation: RevokeBias
Event: 854.541 Thread 0x000000001ef81800 Thread added: 0x000000001ef81800
Event: 854.541 Executing VM operation: RevokeBias done
Event: 854.542 Thread 0x000000001ef81800 Thread exited: 0x000000001ef81800


Dynamic libraries:
0x0000000000400000 - 0x000000000040e000 	C:\Program Files\Exelis\IDL83\bin\bin.x86_64\idlde.exe
0x00007ffbd3610000 - 0x00007ffbd3808000 	C:\WINDOWS\SYSTEM32\ntdll.dll
0x00007ffbd20f0000 - 0x00007ffbd21af000 	C:\WINDOWS\System32\KERNEL32.DLL
0x00007ffbd0fb0000 - 0x00007ffbd1282000 	C:\WINDOWS\System32\KERNELBASE.dll
0x00007ffbce4f0000 - 0x00007ffbce580000 	C:\WINDOWS\SYSTEM32\apphelp.dll
0x00007ffbd1f40000 - 0x00007ffbd20e1000 	C:\WINDOWS\System32\USER32.dll
0x00007ffbd1300000 - 0x00007ffbd1322000 	C:\WINDOWS\System32\win32u.dll
0x00007ffbd35a0000 - 0x00007ffbd35cb000 	C:\WINDOWS\System32\GDI32.dll
0x00007ffbd0e10000 - 0x00007ffbd0f1f000 	C:\WINDOWS\System32\gdi32full.dll
0x00007ffbd1330000 - 0x00007ffbd13cd000 	C:\WINDOWS\System32\msvcp_win.dll
0x00007ffbd13d0000 - 0x00007ffbd14d0000 	C:\WINDOWS\System32\ucrtbase.dll
0x00007ffbd21c0000 - 0x00007ffbd225e000 	C:\WINDOWS\System32\msvcrt.dll
0x00007ffbbeb10000 - 0x00007ffbbedaa000 	C:\WINDOWS\WinSxS\amd64_microsoft.windows.common-controls_6595b64144ccf1df_6.0.19041.1110_none_60b5254171f9507e\COMCTL32.dll
0x00007ffbd1f10000 - 0x00007ffbd1f40000 	C:\WINDOWS\System32\IMM32.DLL
0x0000000072000000 - 0x0000000072012000 	C:\Program Files\Exelis\IDL83\bin\bin.x86_64\plugins\org.eclipse.equinox.launcher.win32.win32.x86_64_1.1.100.v20110502\eclipse_1406.dll
0x00007ffbd1cd0000 - 0x00007ffbd1d7e000 	C:\WINDOWS\System32\ADVAPI32.dll
0x00007ffbd2d70000 - 0x00007ffbd2e0c000 	C:\WINDOWS\System32\sechost.dll
0x00007ffbd1d80000 - 0x00007ffbd1ea4000 	C:\WINDOWS\System32\RPCRT4.dll
0x00007ffbc9ca0000 - 0x00007ffbc9caa000 	C:\WINDOWS\SYSTEM32\VERSION.dll
0x0000000067320000 - 0x0000000067a2f000 	C:\Program Files\Exelis\IDL83\bin\bin.x86_64\jre\bin\server\jvm.dll
0x00007ffbd2af0000 - 0x00007ffbd2af8000 	C:\WINDOWS\System32\PSAPI.DLL
0x00007ffbb4f90000 - 0x00007ffbb4fb7000 	C:\WINDOWS\SYSTEM32\WINMM.dll
0x00007ffbb4f40000 - 0x00007ffbb4f49000 	C:\WINDOWS\SYSTEM32\WSOCK32.dll
0x00007ffbd2c30000 - 0x00007ffbd2c9b000 	C:\WINDOWS\System32\WS2_32.dll
0x0000000067240000 - 0x0000000067312000 	C:\WINDOWS\SYSTEM32\MSVCR100.dll
0x0000000067230000 - 0x000000006723f000 	C:\Program Files\Exelis\IDL83\bin\bin.x86_64\jre\bin\verify.dll
0x0000000067200000 - 0x0000000067228000 	C:\Program Files\Exelis\IDL83\bin\bin.x86_64\jre\bin\java.dll
0x00000000671e0000 - 0x00000000671f5000 	C:\Program Files\Exelis\IDL83\bin\bin.x86_64\jre\bin\zip.dll
0x00007ffbd05e0000 - 0x00007ffbd05f8000 	C:\WINDOWS\SYSTEM32\CRYPTSP.dll
0x00007ffbcfd10000 - 0x00007ffbcfd44000 	C:\WINDOWS\system32\rsaenh.dll
0x00007ffbd14d0000 - 0x00007ffbd14f7000 	C:\WINDOWS\System32\bcrypt.dll
0x00007ffbd0c10000 - 0x00007ffbd0c3e000 	C:\WINDOWS\SYSTEM32\USERENV.dll
0x00007ffbd0c50000 - 0x00007ffbd0c6f000 	C:\WINDOWS\SYSTEM32\profapi.dll
0x00007ffbd0f20000 - 0x00007ffbd0fa2000 	C:\WINDOWS\System32\bcryptprimitives.dll
0x00007ffbd0600000 - 0x00007ffbd060c000 	C:\WINDOWS\SYSTEM32\CRYPTBASE.dll
0x00000000671c0000 - 0x00000000671d9000 	C:\Program Files\Exelis\IDL83\bin\bin.x86_64\jre\bin\net.dll
0x00007ffbd03f0000 - 0x00007ffbd045a000 	C:\WINDOWS\system32\mswsock.dll
0x00007ffbb19e0000 - 0x00007ffbb1a2b000 	C:\Program Files (x86)\Sangfor\SSL\ClientComponent\3_SangforNspX64.dll
0x00007ffbd2b00000 - 0x00007ffbd2c2a000 	C:\WINDOWS\System32\ole32.dll
0x00007ffbd2e10000 - 0x00007ffbd3165000 	C:\WINDOWS\System32\combase.dll
0x00007ffbd1710000 - 0x00007ffbd17dd000 	C:\WINDOWS\System32\OLEAUT32.dll
0x00007ffbd2cb0000 - 0x00007ffbd2d05000 	C:\WINDOWS\System32\SHLWAPI.dll
0x00007ffbae850000 - 0x00007ffbae867000 	C:\WINDOWS\system32\napinsp.dll
0x00007ffbae830000 - 0x00007ffbae84b000 	C:\WINDOWS\system32\pnrpnsp.dll
0x00007ffbcbb80000 - 0x00007ffbcbb95000 	C:\WINDOWS\system32\wshbth.dll
0x00007ffbcb840000 - 0x00007ffbcb85d000 	C:\WINDOWS\system32\NLAapi.dll
0x00007ffbd00e0000 - 0x00007ffbd011b000 	C:\WINDOWS\SYSTEM32\IPHLPAPI.DLL
0x00007ffbd0120000 - 0x00007ffbd01eb000 	C:\WINDOWS\SYSTEM32\DNSAPI.dll
0x00007ffbd21b0000 - 0x00007ffbd21b8000 	C:\WINDOWS\System32\NSI.dll
0x00007ffbae810000 - 0x00007ffbae822000 	C:\WINDOWS\System32\winrnr.dll
0x0000000067ff0000 - 0x0000000068016000 	C:\Program Files\Bonjour\mdnsNSP.dll
0x00007ffbc7d50000 - 0x00007ffbc7d5a000 	C:\Windows\System32\rasadhlp.dll
0x00007ffbc6970000 - 0x00007ffbc69f0000 	C:\WINDOWS\System32\fwpuclnt.dll
0x00000000671a0000 - 0x00000000671b1000 	C:\Program Files\Exelis\IDL83\bin\bin.x86_64\jre\bin\nio.dll
0x00007ffbce6c0000 - 0x00007ffbce75e000 	C:\WINDOWS\system32\uxtheme.dll
0x00007ffbd3480000 - 0x00007ffbd3594000 	C:\WINDOWS\System32\MSCTF.dll
0x00007ffbcebb0000 - 0x00007ffbcebc2000 	C:\WINDOWS\SYSTEM32\kernel.appcore.dll
0x00007ffbc00a0000 - 0x00007ffbc0199000 	C:\WINDOWS\SYSTEM32\textinputframework.dll
0x00007ffbcdab0000 - 0x00007ffbcde0e000 	C:\WINDOWS\System32\CoreUIComponents.dll
0x00007ffbcd9b0000 - 0x00007ffbcdaa2000 	C:\WINDOWS\System32\CoreMessaging.dll
0x00007ffbd1660000 - 0x00007ffbd170d000 	C:\WINDOWS\System32\SHCORE.dll
0x00007ffbcfe50000 - 0x00007ffbcfe83000 	C:\WINDOWS\SYSTEM32\ntmarta.dll
0x00007ffbcc980000 - 0x00007ffbccad4000 	C:\WINDOWS\SYSTEM32\wintypes.dll
0x00007ffbd33b0000 - 0x00007ffbd3459000 	C:\WINDOWS\System32\clbcatq.dll
0x00007ffb980e0000 - 0x00007ffb98197000 	C:\WINDOWS\system32\baiducnTSF.dll
0x00007ffbd2260000 - 0x00007ffbd29a5000 	C:\WINDOWS\System32\SHELL32.dll
0x00007ffbd1500000 - 0x00007ffbd1656000 	C:\WINDOWS\System32\CRYPT32.dll
0x00007ffbd3460000 - 0x00007ffbd347d000 	C:\WINDOWS\System32\imagehlp.dll
0x00007ffbcedd0000 - 0x00007ffbcf562000 	C:\WINDOWS\SYSTEM32\windows.storage.dll
0x00007ffbd0690000 - 0x00007ffbd06c0000 	C:\WINDOWS\System32\Wldp.dll
0x00007ffb97b60000 - 0x00007ffb97f17000 	C:\Program Files (x86)\Baidu\BaiduPinyin\5.8.0.15\UIPFullx64.dll
0x00007ffbaf3b0000 - 0x00007ffbaf442000 	C:\Program Files (x86)\Baidu\BaiduPinyin\5.8.0.15\configurex64.dll
0x00007ffbae9a0000 - 0x00007ffbaea06000 	C:\WINDOWS\SYSTEM32\OLEACC.dll
0x00007ffbc9a30000 - 0x00007ffbc9a37000 	C:\WINDOWS\SYSTEM32\MSIMG32.dll
0x00007ffba14d0000 - 0x00007ffba1675000 	C:\WINDOWS\WinSxS\amd64_microsoft.windows.gdiplus_6595b64144ccf1df_1.1.19041.2251_none_91a40448cc8846c1\gdiplus.dll
0x00007ffbb2c10000 - 0x00007ffbb2c69000 	C:\Program Files (x86)\Baidu\BaiduPinyin\5.8.0.15\imepngx64.dll
0x00007ffb977d0000 - 0x00007ffb978bf000 	C:\Program Files (x86)\Baidu\BaiduPinyin\5.8.0.15\imefreetypex64.dll
0x00007ffbb4f70000 - 0x00007ffbb4f89000 	C:\WINDOWS\SYSTEM32\NETAPI32.dll
0x00007ffbb2bc0000 - 0x00007ffbb2c08000 	C:\Program Files (x86)\Baidu\BaiduPinyin\5.8.0.15\imezlibx64.dll
0x00007ffbd0bd0000 - 0x00007ffbd0c02000 	C:\WINDOWS\SYSTEM32\SspiCli.dll
0x00007ffb9f8c0000 - 0x00007ffb9fbb5000 	C:\Windows\System32\uiautomationcore.dll
0x00007ffbcc850000 - 0x00007ffbcc946000 	C:\Windows\System32\PROPSYS.dll
0x00007ffbbd6b0000 - 0x00007ffbbd759000 	C:\Windows\System32\twinapi.dll
0x00007ffbca360000 - 0x00007ffbca560000 	C:\Windows\System32\twinapi.appcore.dll
0x00007ffbc9fa0000 - 0x00007ffbca154000 	C:\WINDOWS\SYSTEM32\WindowsCodecs.dll
0x00007ffbbe6b0000 - 0x00007ffbbe6ee000 	C:\WINDOWS\system32\dataexchange.dll
0x00007ffbccb10000 - 0x00007ffbccd73000 	C:\WINDOWS\system32\d3d11.dll
0x00007ffbcd200000 - 0x00007ffbcd3e3000 	C:\WINDOWS\system32\dcomp.dll
0x00007ffbcf5d0000 - 0x00007ffbcf6c3000 	C:\WINDOWS\system32\dxgi.dll
0x0000000018720000 - 0x00000000187c7000 	C:\Users\jia\.idl\idlworkbench-config-idl8.3.0_x86_64\org.eclipse.osgi\bundles\530\1\.cp\swt-win32-3740.dll
0x00007ffbd29b0000 - 0x00007ffbd2a8a000 	C:\WINDOWS\System32\comdlg32.dll
0x00007ffbc9920000 - 0x00007ffbc9939000 	C:\WINDOWS\SYSTEM32\USP10.dll
0x00007ffbb46c0000 - 0x00007ffbb4b99000 	C:\WINDOWS\SYSTEM32\WININET.dll
0x00007ffbb0e90000 - 0x00007ffbb0f28000 	C:\WINDOWS\SYSTEM32\WINSPOOL.DRV
0x00007ffba4760000 - 0x00007ffba48de000 	C:\Windows\System32\TaskFlowDataEngine.dll
0x00007ffba96b0000 - 0x00007ffba9b7c000 	C:\Windows\System32\cdp.dll
0x00007ffbd0dc0000 - 0x00007ffbd0e0e000 	C:\WINDOWS\System32\cfgmgr32.dll
0x00007ffbd0b60000 - 0x00007ffbd0b72000 	C:\Windows\System32\UMPDC.dll
0x00007ffbce190000 - 0x00007ffbce2dd000 	C:\Windows\System32\dsreg.dll
0x00007ffbcfda0000 - 0x00007ffbcfe2a000 	C:\Windows\System32\msvcp110_win.dll
0x00007ffbaefa0000 - 0x00007ffbaf01f000 	C:\Windows\System32\OneCoreCommonProxyStub.dll
0x0000000018920000 - 0x000000001893e000 	C:\Users\jia\.idl\idlworkbench-config-idl8.3.0_x86_64\org.eclipse.osgi\bundles\530\1\.cp\swt-gdip-win32-3740.dll
0x0000000180000000 - 0x0000000180011000 	C:\Users\jia\.idl\idlworkbench-config-idl8.3.0_x86_64\org.eclipse.osgi\bundles\183\1\.cp\os\win32\x86_64\localfile_1_0_0.dll
0x00007ffbaff30000 - 0x00007ffbaff7d000 	C:\Program Files\Exelis\IDL83\bin\bin.x86_64\idl_ips.dll
0x00007ffb66400000 - 0x00007ffb6715d000 	C:\Program Files\Exelis\IDL83\bin\bin.x86_64\idl.dll
0x00007ffb96c50000 - 0x00007ffb96dde000 	C:\Program Files\Exelis\IDL83\bin\bin.x86_64\MesaGL6_2.dll
0x00007ffbaf990000 - 0x00007ffbaf9ec000 	C:\Program Files\Exelis\IDL83\bin\bin.x86_64\MesaGLU6_2.dll
0x00007ffbc6600000 - 0x00007ffbc6623000 	C:\Program Files\Exelis\IDL83\bin\bin.x86_64\UG3220.dll
0x00007ffbccae0000 - 0x00007ffbccaec000 	C:\Program Files\Exelis\IDL83\bin\bin.x86_64\osmesa6_2.dll
0x00007ffba1b90000 - 0x00007ffba1c0c000 	C:\Program Files\Exelis\IDL83\bin\bin.x86_64\freetype2_4_7.dll
0x00007ffbcc4f0000 - 0x00007ffbcc52e000 	C:\WINDOWS\System32\netprofm.dll
0x00007ffbc0ff0000 - 0x00007ffbc1000000 	C:\WINDOWS\System32\npmproxy.dll
0x00007ffbc7d80000 - 0x00007ffbc7d97000 	C:\WINDOWS\SYSTEM32\dhcpcsvc6.DLL
0x00007ffbc8c70000 - 0x00007ffbc8c8d000 	C:\WINDOWS\SYSTEM32\dhcpcsvc.DLL
0x00000000196a0000 - 0x000000001998b000 	C:\WINDOWS\system32\spool\DRIVERS\x64\3\hp1100su.dll
0x0000000019c40000 - 0x0000000019d45000 	C:\WINDOWS\system32\spool\DRIVERS\x64\3\HP1100GC.dll
0x00000000199d0000 - 0x0000000019a2f000 	C:\WINDOWS\system32\spool\DRIVERS\x64\3\hp1100sd.dll
0x00007ffbbee00000 - 0x00007ffbbef25000 	C:\WINDOWS\SYSTEM32\OpenGL32.DLL
0x00007ffbc6670000 - 0x00007ffbc669c000 	C:\WINDOWS\SYSTEM32\GLU32.dll
0x00007ffbbf580000 - 0x00007ffbbf5be000 	C:\Program Files\Exelis\IDL83\bin\bin.x86_64\gl_driver.dll
0x0000000019eb0000 - 0x0000000019eb3000 	C:\WINDOWS\SYSTEM32\icmp.Dll
0x00007ffbbd760000 - 0x00007ffbbd80c000 	C:\WINDOWS\SYSTEM32\TextShaping.dll
0x00007ffbad960000 - 0x00007ffbadb80000 	C:\WINDOWS\system32\explorerframe.dll
0x00007ffba2970000 - 0x00007ffba29b2000 	C:\WINDOWS\system32\mlang.dll
0x00007ffbd0ab0000 - 0x00007ffbd0b5b000 	C:\WINDOWS\SYSTEM32\sxs.dll
0x00007ffbc80c0000 - 0x00007ffbc80d1000 	C:\Users\jia\.idl\idlworkbench-config-idl8.3.0_x86_64\org.eclipse.osgi\bundles\208\1\.cp\jWinHttp-1.0.0.dll
0x00007ffbcb870000 - 0x00007ffbcb97a000 	C:\WINDOWS\SYSTEM32\WINHTTP.dll
0x00007ffbc6730000 - 0x00007ffbc6741000 	C:\Windows\System32\ia2comproxy.dll

VM Arguments:
jvm_args: -Dosgi.instance.area.default=@user.home/IDLWorkspace83 -Dosgi.configuration.area=@user.home/.idl/idlworkbench-config-idl8.3.0_x86_64 -Dosgi.configuration.cascaded=true -Dosgi.checkConfiguration=true -Dosgi.sharedConfiguration.area.readOnly=true -Dorg.eclipse.update.reconcile=false -Declipse.p2.data.area=@config.dir/p2 -Dosgi.sharedConfiguration.area=C:\Program Files\Exelis\IDL83\bin\bin.x86_64/configuration 
java_command: <unknown>
Launcher Type: generic

Environment Variables:
PATH=C:/Program Files/Exelis/IDL83/bin/bin.x86_64/jre/bin/server;C:/Program Files/Exelis/IDL83/bin/bin.x86_64/jre/bin;C:/Program Files/Exelis/IDL83/bin/bin.x86_64/jre/lib/amd64;C:\Program Files\Exelis\IDL83\bin\bin.x86_64\;C:\D_drive\Anaconda3\Anaconda\envs\AIMIS3D;C:\D_drive\Anaconda3\Anaconda\envs\AIMIS3D\Scripts;C:\D_drive\Anaconda3\Anaconda\envs\AIMIS3D\Library\bin;C:\D_drive\Anaconda3\Anaconda\envs\AIMIS3D\Library\mingw-w64\bin;C:\D_drive\Anaconda3\Anaconda\Scripts;C:\Program Files\Exelis\IDL85\bin\bin.x86_64;C:\Program Files\dotnet\;C:\Program Files\CMake\bin;;C:\WINDOWS\system32;C:\WINDOWS\System32\WindowsPowerShell\v1.0\;C:\WINDOWS\System32\Wbem;C:\Program Files\python;C:\Program Files\python\Scripts;C:\BtSoft\panel\script;C:\Program Files\ITK-SNAP 3.8\bin;C:\WINDOWS;C:\WINDOWS\System32\OpenSSH\;C:\Program Files (x86)\dotnet\;C:\Users\jia\AppData\Local\Microsoft\WindowsApps;;C:\Pycharm\PyCharm Community Edition 2020.1.2\bin;;C:\Users\jia\AppData\Local\Programs\Microsoft VS Code\bin;C:\Program Files\Exelis\IDL83\bin\bin.x86_64;
USERNAME=jia
OS=Windows_NT
PROCESSOR_IDENTIFIER=Intel64 Family 6 Model 126 Stepping 5, GenuineIntel



---------------  S Y S T E M  ---------------

OS: Windows 8 , 64 bit Build 9200 

CPU:total 8 (4 cores per cpu, 2 threads per core) family 6 model 126 stepping 5, cmov, cx8, fxsr, mmx, sse, sse2, sse3, ssse3, sse4.1, sse4.2, popcnt, avx, avx2, ht, tsc, tscinvbit

Memory: 4k page, physical 16353460k(8598828k free), swap 30509236k(18320968k free)

vm_info: Java HotSpot(TM) 64-Bit Server VM (23.25-b01) for windows-amd64 JRE (1.7.0_25-b17), built on Jun 21 2013 12:58:32 by "java_re" with unknown MS VC++:1600

time: Tue Apr 04 16:17:21 2023
elapsed time: 854 seconds

