#
# A fatal error has been detected by the Java Runtime Environment:
#
#  EXCEPTION_ACCESS_VIOLATION (0xc0000005) at pc=0x00007ffb866539d4, pid=15928, tid=12292
#
# JRE version: 7.0_25-b17
# Java VM: Java HotSpot(TM) 64-Bit Server VM (23.25-b01 mixed mode windows-amd64 compressed oops)
# Problematic frame:
# C  [idl.dll+0x4139d4]  IDL_igSrcDestPopContext+0x1044
#
# Failed to write core dump. Minidumps are not enabled by default on client versions of Windows
#
# If you would like to submit a bug report, please visit:
#   http://bugreport.sun.com/bugreport/crash.jsp
# The crash happened outside the Java Virtual Machine in native code.
# See problematic frame for where to report the bug.
#

---------------  T H R E A D  ---------------

Current thread (0x000000001516a800):  JavaThread "IDL" [_thread_in_native, id=12292, stack(0x0000000017aa0000,0x0000000017ba0000)]

siginfo: ExceptionCode=0xc0000005, reading address 0x0000000000000058

Registers:
RAX=0x0000000000000000, RBX=0x000000001f183ea0, RCX=0x0000000000000000, RDX=0x0000000016743430
RSP=0x0000000017b9e200, RBP=0x0000000017b9e300, RSI=0x0000000061ed0110, RDI=0x0000000017b9e290
R8 =0x0000000000000002, R9 =0x0000000000000000, R10=0x0000000005000401, R11=0x0000000000000005
R12=0x0000000061ed0200, R13=0x000000000000001e, R14=0x0000000000000000, R15=0x00000000169a0670
RIP=0x00007ffb866539d4, EFLAGS=0x0000000000010206

Top of Stack: (sp=0x0000000017b9e200)
0x0000000017b9e200:   00000000152056c0 0000000016743430
0x0000000017b9e210:   0000000000000002 0000000000000000
0x0000000017b9e220:   0000000000000000 00007ffb00000001
0x0000000017b9e230:   0000000017b9e270 0000000000000000
0x0000000017b9e240:   0000000000000000 00007ffb00000000
0x0000000017b9e250:   000000000000001e 00007ffb86aa16d0
0x0000000017b9e260:   0000000017b9f080 0000000017b9e270
0x0000000017b9e270:   0000000017b9e2a8 0000000000000000
0x0000000017b9e280:   0000000000000000 00007ffb00000000
0x0000000017b9e290:   0000000000000000 00000000000484b6
0x0000000017b9e2a0:   0000000000000000 000000000000010b
0x0000000017b9e2b0:   00000000000484b3 0000000000000000
0x0000000017b9e2c0:   ffffffffffffffff 00007ffb86aa16d0
0x0000000017b9e2d0:   0000000000000007 0000000017b9e2e0
0x0000000017b9e2e0:   0000000017b9e3e0 0000000069e320fb
0x0000000017b9e2f0:   0000000000000000 0000000000000000 

Instructions: (pc=0x00007ffb866539d4)
0x00007ffb866539b4:   41 02 e8 e5 4a cb ff 48 8b c8 48 8b 46 20 48 03
0x00007ffb866539c4:   48 18 48 8b 81 c8 00 00 00 48 8b 89 d0 00 00 00
0x00007ffb866539d4:   ff 50 58 45 33 c0 33 d2 48 8b cb e8 5c f8 ff ff
0x00007ffb866539e4:   85 c0 0f 84 d4 fe ff ff 83 7c 24 7c 00 74 28 48 


Register to memory mapping:

RAX=0x0000000000000000 is an unknown value
RBX=0x000000001f183ea0 is an unknown value
RCX=0x0000000000000000 is an unknown value
RDX=0x0000000016743430 is an unknown value
RSP=0x0000000017b9e200 is pointing into the stack for thread: 0x000000001516a800
RBP=0x0000000017b9e300 is pointing into the stack for thread: 0x000000001516a800
RSI=0x0000000061ed0110 is an unknown value
RDI=0x0000000017b9e290 is pointing into the stack for thread: 0x000000001516a800
R8 =0x0000000000000002 is an unknown value
R9 =0x0000000000000000 is an unknown value
R10=0x0000000005000401 is an unknown value
R11=0x0000000000000005 is an unknown value
R12=0x0000000061ed0200 is an unknown value
R13=0x000000000000001e is an unknown value
R14=0x0000000000000000 is an unknown value
R15=0x00000000169a0670 is an unknown value


Stack: [0x0000000017aa0000,0x0000000017ba0000],  sp=0x0000000017b9e200,  free space=1016k
Native frames: (J=compiled Java code, j=interpreted, Vv=VM code, C=native code)
C  [idl.dll+0x4139d4]  IDL_igSrcDestPopContext+0x1044

Java frames: (J=compiled Java code, j=interpreted, Vv=VM code)
j  com.rsi.idldt.core.ips.IPS_Access.IPS_Start([Ljava/lang/String;)V+0
j  com.rsi.idldt.core.ips.IPS_Manager$2.run()V+15
j  java.lang.Thread.run()V+11
v  ~StubRoutines::call_stub

---------------  P R O C E S S  ---------------

Java Threads: ( => current thread )
  0x000000001557c800 JavaThread "Worker-10" [_thread_blocked, id=5884, stack(0x0000000000780000,0x0000000000880000)]
  0x000000001e232000 JavaThread "Worker-9" [_thread_blocked, id=16644, stack(0x000000002a750000,0x000000002a850000)]
  0x000000001e229000 JavaThread "Worker-8" [_thread_blocked, id=10744, stack(0x0000000018b30000,0x0000000018c30000)]
  0x000000001f1c6000 JavaThread "[ThreadPool Manager] - Idle Thread" daemon [_thread_blocked, id=14652, stack(0x00000000235e0000,0x00000000236e0000)]
  0x0000000015580000 JavaThread "Timer-2" daemon [_thread_blocked, id=12568, stack(0x000000001de50000,0x000000001df50000)]
  0x000000001557a000 JavaThread "Timer-1" daemon [_thread_blocked, id=8704, stack(0x000000001dc50000,0x000000001dd50000)]
  0x000000001557f800 JavaThread "Thread-14" [_thread_in_native, id=13436, stack(0x000000001d990000,0x000000001da90000)]
  0x000000001557e800 JavaThread "IDLDT DOM Worker-7" [_thread_blocked, id=2924, stack(0x000000001d710000,0x000000001d810000)]
  0x000000001557b800 JavaThread "IDLDT DOM Worker-6" [_thread_blocked, id=12360, stack(0x000000001d610000,0x000000001d710000)]
  0x000000001557d000 JavaThread "IDLDT DOM Worker-5" [_thread_blocked, id=6236, stack(0x000000001d510000,0x000000001d610000)]
  0x0000000016720000 JavaThread "IDLDT DOM Worker-4" [_thread_blocked, id=9620, stack(0x000000001d410000,0x000000001d510000)]
  0x0000000016721000 JavaThread "IDLDT DOM Worker-3" [_thread_blocked, id=13884, stack(0x000000001d310000,0x000000001d410000)]
  0x000000001671f800 JavaThread "IDLDT DOM Worker-2" [_thread_blocked, id=10700, stack(0x000000001d210000,0x000000001d310000)]
  0x0000000016721800 JavaThread "IDLDT DOM Worker-1" [_thread_blocked, id=15044, stack(0x000000001d110000,0x000000001d210000)]
  0x000000001671e000 JavaThread "IDLDT DOM Worker-0" [_thread_blocked, id=11336, stack(0x000000001d010000,0x000000001d110000)]
  0x000000001671c800 JavaThread "Timer-0" daemon [_thread_blocked, id=4436, stack(0x000000001cf10000,0x000000001d010000)]
  0x000000001671e800 JavaThread "Worker-3" [_thread_blocked, id=4908, stack(0x000000001ce10000,0x000000001cf10000)]
  0x0000000016723000 JavaThread "Worker-2" [_thread_blocked, id=2960, stack(0x00000000191e0000,0x00000000192e0000)]
=>0x000000001516a800 JavaThread "IDL" [_thread_in_native, id=12292, stack(0x0000000017aa0000,0x0000000017ba0000)]
  0x00000000162e5000 JavaThread "IDLToJava Broker" daemon [_thread_blocked, id=14820, stack(0x0000000017960000,0x0000000017a60000)]
  0x00000000151be000 JavaThread "Provisioning Event Dispatcher" daemon [_thread_blocked, id=15868, stack(0x0000000016140000,0x0000000016240000)]
  0x000000001547f800 JavaThread "Worker-0" [_thread_blocked, id=14964, stack(0x0000000016040000,0x0000000016140000)]
  0x00000000152f9000 JavaThread "Bundle File Closer" daemon [_thread_blocked, id=12548, stack(0x0000000015f40000,0x0000000016040000)]
  0x000000001514a800 JavaThread "Worker-JM" [_thread_blocked, id=9584, stack(0x0000000015e40000,0x0000000015f40000)]
  0x00000000153ba000 JavaThread "[Timer] - Main Queue Handler" daemon [_thread_blocked, id=4140, stack(0x0000000015d40000,0x0000000015e40000)]
  0x000000001534c800 JavaThread "Framework Event Dispatcher" daemon [_thread_blocked, id=12632, stack(0x0000000015b40000,0x0000000015c40000)]
  0x000000001366d000 JavaThread "Start Level Event Dispatcher" daemon [_thread_blocked, id=14244, stack(0x0000000015a40000,0x0000000015b40000)]
  0x00000000151fc800 JavaThread "State Data Manager" daemon [_thread_blocked, id=4080, stack(0x0000000015940000,0x0000000015a40000)]
  0x00000000135ac000 JavaThread "Framework Active Thread" [_thread_blocked, id=15532, stack(0x0000000014640000,0x0000000014740000)]
  0x000000001107d000 JavaThread "Service Thread" daemon [_thread_blocked, id=8304, stack(0x0000000013830000,0x0000000013930000)]
  0x000000001106f000 JavaThread "C2 CompilerThread1" daemon [_thread_blocked, id=3636, stack(0x0000000013330000,0x0000000013430000)]
  0x000000001106d800 JavaThread "C2 CompilerThread0" daemon [_thread_blocked, id=11480, stack(0x0000000013230000,0x0000000013330000)]
  0x000000001106d000 JavaThread "Attach Listener" daemon [_thread_blocked, id=2380, stack(0x0000000013130000,0x0000000013230000)]
  0x0000000011043000 JavaThread "Signal Dispatcher" daemon [_thread_blocked, id=17332, stack(0x0000000013030000,0x0000000013130000)]
  0x0000000010fe0800 JavaThread "Finalizer" daemon [_thread_blocked, id=14916, stack(0x0000000012f30000,0x0000000013030000)]
  0x0000000010fd9800 JavaThread "Reference Handler" daemon [_thread_blocked, id=3700, stack(0x0000000012e30000,0x0000000012f30000)]
  0x000000000285e800 JavaThread "main" [_thread_in_Java, id=14944, stack(0x0000000000050000,0x0000000000150000)]

Other Threads:
  0x0000000010fd5800 VMThread [stack: 0x0000000012d30000,0x0000000012e30000] [id=14216]
  0x000000001107e000 WatcherThread [stack: 0x0000000013930000,0x0000000013a30000] [id=11460]

VM state:not at safepoint (normal execution)

VM Mutex/Monitor currently owned by a thread: None

Heap
 PSYoungGen      total 1092544K, used 149071K [0x00000007ab800000, 0x00000007f1e00000, 0x0000000800000000)
  eden space 1039360K, 14% used [0x00000007ab800000,0x00000007b4993c80,0x00000007eaf00000)
  from space 53184K, 0% used [0x00000007eea10000,0x00000007eea10000,0x00000007f1e00000)
  to   space 56832K, 0% used [0x00000007eaf00000,0x00000007eaf00000,0x00000007ee680000)
 ParOldGen       total 173056K, used 87547K [0x0000000702800000, 0x000000070d100000, 0x00000007ab800000)
  object space 173056K, 50% used [0x0000000702800000,0x0000000707d7ecc8,0x000000070d100000)
 PSPermGen       total 72128K, used 47545K [0x00000006fd600000, 0x0000000701c70000, 0x0000000702800000)
  object space 72128K, 65% used [0x00000006fd600000,0x000000070046e678,0x0000000701c70000)

Card table byte_map: [0x0000000005860000,0x0000000006080000] byte_map_base: 0x0000000002075000

Polling page: 0x0000000000500000

Code Cache  [0x0000000002860000, 0x0000000002f30000, 0x0000000005860000)
 total_blobs=2511 nmethods=1850 adapters=610 free_code_cache=42349Kb largest_free_block=43246784

Compilation events (10 events):
Event: 715.094 Thread 0x000000001106f000 nmethod 2067 0x0000000002f18410 code [0x0000000002f186e0, 0x0000000002f19580]
Event: 715.117 Thread 0x000000001106d800 nmethod 2066 0x0000000002f1a650 code [0x0000000002f1a920, 0x0000000002f1c240]
Event: 715.257 Thread 0x000000001106f000 2069             org.eclipse.debug.internal.ui.viewers.model.provisional.ModelDelta::doAccept (47 bytes)
Event: 715.259 Thread 0x000000001106f000 nmethod 2069 0x0000000002cbc050 code [0x0000000002cbc1c0, 0x0000000002cbc408]
Event: 715.613 Thread 0x000000001106d800 2071             org.eclipse.swt.widgets.Control::windowProc (1973 bytes)
Event: 715.625 Thread 0x000000001106f000   56 %           org.eclipse.swt.widgets.EventTable::unhook @ 13 (74 bytes)
Event: 715.631 Thread 0x000000001106f000 nmethod 56% 0x0000000002913610 code [0x0000000002913760, 0x0000000002913ae8]
Event: 715.645 Thread 0x000000001106d800 nmethod 2071 0x0000000002f1db50 code [0x0000000002f1ece0, 0x0000000002f1fff8]
Event: 715.659 Thread 0x000000001106f000 2072             org.eclipse.swt.widgets.EventTable::unhook (74 bytes)
Event: 715.663 Thread 0x000000001106f000 nmethod 2072 0x0000000002913050 code [0x00000000029131a0, 0x0000000002913468]

GC Heap History (10 events):
Event: 523.294 GC heap before
{Heap before GC invocations=24 (full 8):
 PSYoungGen      total 1100096K, used 404K [0x00000007ab800000, 0x00000007f2840000, 0x0000000800000000)
  eden space 1039360K, 0% used [0x00000007ab800000,0x00000007ab800000,0x00000007eaf00000)
  from space 60736K, 0% used [0x00000007eecf0000,0x00000007eed55190,0x00000007f2840000)
  to   space 62080K, 0% used [0x00000007eaf00000,0x00000007eaf00000,0x00000007eeba0000)
 ParOldGen       total 173056K, used 88823K [0x0000000702800000, 0x000000070d100000, 0x00000007ab800000)
  object space 173056K, 51% used [0x0000000702800000,0x0000000707ebdef0,0x000000070d100000)
 PSPermGen       total 47552K, used 47366K [0x00000006fd600000, 0x0000000700470000, 0x0000000702800000)
  object space 47552K, 99% used [0x00000006fd600000,0x00000007004418c0,0x0000000700470000)
Event: 523.466 GC heap after
Heap after GC invocations=24 (full 8):
 PSYoungGen      total 1100096K, used 0K [0x00000007ab800000, 0x00000007f2840000, 0x0000000800000000)
  eden space 1039360K, 0% used [0x00000007ab800000,0x00000007ab800000,0x00000007eaf00000)
  from space 60736K, 0% used [0x00000007eecf0000,0x00000007eecf0000,0x00000007f2840000)
  to   space 62080K, 0% used [0x00000007eaf00000,0x00000007eaf00000,0x00000007eeba0000)
 ParOldGen       total 173056K, used 88747K [0x0000000702800000, 0x000000070d100000, 0x00000007ab800000)
  object space 173056K, 51% used [0x0000000702800000,0x0000000707eaaea8,0x000000070d100000)
 PSPermGen       total 79936K, used 47366K [0x00000006fd600000, 0x0000000702410000, 0x0000000702800000)
  object space 79936K, 59% used [0x00000006fd600000,0x00000007004418c0,0x0000000702410000)
}
Event: 583.288 GC heap before
{Heap before GC invocations=25 (full 8):
 PSYoungGen      total 1100096K, used 28815K [0x00000007ab800000, 0x00000007f2840000, 0x0000000800000000)
  eden space 1039360K, 2% used [0x00000007ab800000,0x00000007ad423f58,0x00000007eaf00000)
  from space 60736K, 0% used [0x00000007eecf0000,0x00000007eecf0000,0x00000007f2840000)
  to   space 62080K, 0% used [0x00000007eaf00000,0x00000007eaf00000,0x00000007eeba0000)
 ParOldGen       total 173056K, used 88747K [0x0000000702800000, 0x000000070d100000, 0x00000007ab800000)
  object space 173056K, 51% used [0x0000000702800000,0x0000000707eaaea8,0x000000070d100000)
 PSPermGen       total 79936K, used 47366K [0x00000006fd600000, 0x0000000702410000, 0x0000000702800000)
  object space 79936K, 59% used [0x00000006fd600000,0x00000007004418c0,0x0000000702410000)
Event: 583.296 GC heap after
Heap after GC invocations=25 (full 8):
 PSYoungGen      total 1039552K, used 160K [0x00000007ab800000, 0x00000007f2520000, 0x0000000800000000)
  eden space 1039360K, 0% used [0x00000007ab800000,0x00000007ab800000,0x00000007eaf00000)
  from space 192K, 83% used [0x00000007eaf00000,0x00000007eaf28000,0x00000007eaf30000)
  to   space 60480K, 0% used [0x00000007eea10000,0x00000007eea10000,0x00000007f2520000)
 ParOldGen       total 173056K, used 88747K [0x0000000702800000, 0x000000070d100000, 0x00000007ab800000)
  object space 173056K, 51% used [0x0000000702800000,0x0000000707eaaea8,0x000000070d100000)
 PSPermGen       total 79936K, used 47366K [0x00000006fd600000, 0x0000000702410000, 0x0000000702800000)
  object space 79936K, 59% used [0x00000006fd600000,0x00000007004418c0,0x0000000702410000)
}
Event: 583.296 GC heap before
{Heap before GC invocations=26 (full 9):
 PSYoungGen      total 1039552K, used 160K [0x00000007ab800000, 0x00000007f2520000, 0x0000000800000000)
  eden space 1039360K, 0% used [0x00000007ab800000,0x00000007ab800000,0x00000007eaf00000)
  from space 192K, 83% used [0x00000007eaf00000,0x00000007eaf28000,0x00000007eaf30000)
  to   space 60480K, 0% used [0x00000007eea10000,0x00000007eea10000,0x00000007f2520000)
 ParOldGen       total 173056K, used 88747K [0x0000000702800000, 0x000000070d100000, 0x00000007ab800000)
  object space 173056K, 51% used [0x0000000702800000,0x0000000707eaaea8,0x000000070d100000)
 PSPermGen       total 79936K, used 47366K [0x00000006fd600000, 0x0000000702410000, 0x0000000702800000)
  object space 79936K, 59% used [0x00000006fd600000,0x00000007004418c0,0x0000000702410000)
Event: 583.418 GC heap after
Heap after GC invocations=26 (full 9):
 PSYoungGen      total 1039552K, used 0K [0x00000007ab800000, 0x00000007f2520000, 0x0000000800000000)
  eden space 1039360K, 0% used [0x00000007ab800000,0x00000007ab800000,0x00000007eaf00000)
  from space 192K, 0% used [0x00000007eaf00000,0x00000007eaf00000,0x00000007eaf30000)
  to   space 60480K, 0% used [0x00000007eea10000,0x00000007eea10000,0x00000007f2520000)
 ParOldGen       total 173056K, used 88745K [0x0000000702800000, 0x000000070d100000, 0x00000007ab800000)
  object space 173056K, 51% used [0x0000000702800000,0x0000000707eaa448,0x000000070d100000)
 PSPermGen       total 75840K, used 47366K [0x00000006fd600000, 0x0000000702010000, 0x0000000702800000)
  object space 75840K, 62% used [0x00000006fd600000,0x00000007004418c0,0x0000000702010000)
}
Event: 666.249 GC heap before
{Heap before GC invocations=27 (full 9):
 PSYoungGen      total 1039552K, used 880337K [0x00000007ab800000, 0x00000007f2520000, 0x0000000800000000)
  eden space 1039360K, 84% used [0x00000007ab800000,0x00000007e13b4680,0x00000007eaf00000)
  from space 192K, 0% used [0x00000007eaf00000,0x00000007eaf00000,0x00000007eaf30000)
  to   space 60480K, 0% used [0x00000007eea10000,0x00000007eea10000,0x00000007f2520000)
 ParOldGen       total 173056K, used 88745K [0x0000000702800000, 0x000000070d100000, 0x00000007ab800000)
  object space 173056K, 51% used [0x0000000702800000,0x0000000707eaa448,0x000000070d100000)
 PSPermGen       total 75840K, used 47489K [0x00000006fd600000, 0x0000000702010000, 0x0000000702800000)
  object space 75840K, 62% used [0x00000006fd600000,0x00000007004606e0,0x0000000702010000)
Event: 666.260 GC heap after
Heap after GC invocations=27 (full 9):
 PSYoungGen      total 1092544K, used 17747K [0x00000007ab800000, 0x00000007f1e00000, 0x0000000800000000)
  eden space 1039360K, 0% used [0x00000007ab800000,0x00000007ab800000,0x00000007eaf00000)
  from space 53184K, 33% used [0x00000007eea10000,0x00000007efb64de0,0x00000007f1e00000)
  to   space 56832K, 0% used [0x00000007eaf00000,0x00000007eaf00000,0x00000007ee680000)
 ParOldGen       total 173056K, used 88745K [0x0000000702800000, 0x000000070d100000, 0x00000007ab800000)
  object space 173056K, 51% used [0x0000000702800000,0x0000000707eaa448,0x000000070d100000)
 PSPermGen       total 75840K, used 47489K [0x00000006fd600000, 0x0000000702010000, 0x0000000702800000)
  object space 75840K, 62% used [0x00000006fd600000,0x00000007004606e0,0x0000000702010000)
}
Event: 666.260 GC heap before
{Heap before GC invocations=28 (full 10):
 PSYoungGen      total 1092544K, used 17747K [0x00000007ab800000, 0x00000007f1e00000, 0x0000000800000000)
  eden space 1039360K, 0% used [0x00000007ab800000,0x00000007ab800000,0x00000007eaf00000)
  from space 53184K, 33% used [0x00000007eea10000,0x00000007efb64de0,0x00000007f1e00000)
  to   space 56832K, 0% used [0x00000007eaf00000,0x00000007eaf00000,0x00000007ee680000)
 ParOldGen       total 173056K, used 88745K [0x0000000702800000, 0x000000070d100000, 0x00000007ab800000)
  object space 173056K, 51% used [0x0000000702800000,0x0000000707eaa448,0x000000070d100000)
 PSPermGen       total 75840K, used 47489K [0x00000006fd600000, 0x0000000702010000, 0x0000000702800000)
  object space 75840K, 62% used [0x00000006fd600000,0x00000007004606e0,0x0000000702010000)
Event: 666.401 GC heap after
Heap after GC invocations=28 (full 10):
 PSYoungGen      total 1092544K, used 0K [0x00000007ab800000, 0x00000007f1e00000, 0x0000000800000000)
  eden space 1039360K, 0% used [0x00000007ab800000,0x00000007ab800000,0x00000007eaf00000)
  from space 53184K, 0% used [0x00000007eea10000,0x00000007eea10000,0x00000007f1e00000)
  to   space 56832K, 0% used [0x00000007eaf00000,0x00000007eaf00000,0x00000007ee680000)
 ParOldGen       total 173056K, used 87547K [0x0000000702800000, 0x000000070d100000, 0x00000007ab800000)
  object space 173056K, 50% used [0x0000000702800000,0x0000000707d7ecc8,0x000000070d100000)
 PSPermGen       total 72128K, used 47489K [0x00000006fd600000, 0x0000000701c70000, 0x0000000702800000)
  object space 72128K, 65% used [0x00000006fd600000,0x0000000700460440,0x0000000701c70000)
}

Deoptimization events (10 events):
Event: 630.339 Thread 0x000000000285e800 Uncommon trap -34 fr.pc 0x0000000002e2c91c
Event: 630.340 Thread 0x000000000285e800 Uncommon trap -34 fr.pc 0x0000000002e1a234
Event: 652.782 Thread 0x000000000285e800 Uncommon trap -83 fr.pc 0x0000000002bf2b10
Event: 690.453 Thread 0x000000000285e800 Uncommon trap -34 fr.pc 0x0000000002cc9f44
Event: 693.340 Thread 0x000000000285e800 Uncommon trap -34 fr.pc 0x0000000002e0c148
Event: 693.391 Thread 0x000000000285e800 Uncommon trap -34 fr.pc 0x0000000002e0c148
Event: 696.943 Thread 0x000000000285e800 Uncommon trap -34 fr.pc 0x0000000002cc9f44
Event: 715.630 Thread 0x000000000285e800 Uncommon trap -34 fr.pc 0x0000000002ceb620
Event: 715.707 Thread 0x000000000285e800 Uncommon trap -83 fr.pc 0x0000000002dbcd50
Event: 715.707 Thread 0x000000000285e800 Uncommon trap -83 fr.pc 0x0000000002db4864

Internal exceptions (10 events):
Event: 74.079 Thread 0x0000000016722800 Implicit null exception at 0x0000000002d1ad27 to 0x0000000002d1b875
Event: 84.961 Thread 0x000000000285e800 Implicit null exception at 0x0000000002d6cd3c to 0x0000000002d6cf85
Event: 84.961 Thread 0x000000000285e800 Implicit null exception at 0x0000000002d87f6c to 0x0000000002d88c25
Event: 84.961 Thread 0x000000000285e800 Implicit null exception at 0x0000000002d842b2 to 0x0000000002d847b1
Event: 84.961 Thread 0x000000000285e800 Implicit null exception at 0x0000000002d86dfb to 0x0000000002d872cd
Event: 87.969 Thread 0x000000001e235800 Implicit null exception at 0x0000000002d1333b to 0x0000000002d133f9
Event: 87.969 Thread 0x000000001e235800 Implicit null exception at 0x0000000002c6f26f to 0x0000000002c6f2b1
Event: 320.655 Thread 0x000000000285e800 Implicit null exception at 0x0000000002dfd051 to 0x0000000002dfd0ba
Event: 715.707 Thread 0x000000000285e800 Implicit null exception at 0x0000000002dbc9e3 to 0x0000000002dbcd3d
Event: 715.707 Thread 0x000000000285e800 Implicit null exception at 0x0000000002db4513 to 0x0000000002db484d

Events (10 events):
Event: 715.707 Thread 0x000000000285e800 DEOPT UNPACKING pc=0x0000000002899164 sp=0x000000000014df00 mode 2
Event: 715.707 Thread 0x000000000285e800 DEOPT PACKING pc=0x0000000002db4864 sp=0x000000000014df20
Event: 715.707 Thread 0x000000000285e800 DEOPT UNPACKING pc=0x0000000002899164 sp=0x000000000014dee8 mode 2
Event: 715.711 Thread 0x000000001e235800 Thread added: 0x000000001e235800
Event: 715.712 Thread 0x000000001e235800 Thread exited: 0x000000001e235800
Event: 715.772 Executing VM operation: RevokeBias
Event: 715.772 Executing VM operation: RevokeBias done
Event: 716.057 Thread 0x000000001e232800 Thread exited: 0x000000001e232800
Event: 716.060 Thread 0x000000001e235800 Thread added: 0x000000001e235800
Event: 716.060 Thread 0x000000001e235800 Thread exited: 0x000000001e235800


Dynamic libraries:
0x0000000000400000 - 0x000000000040e000 	C:\Program Files\Exelis\IDL83\bin\bin.x86_64\idlde.exe
0x00007ffbea1b0000 - 0x00007ffbea3c7000 	C:\WINDOWS\SYSTEM32\ntdll.dll
0x00007ffbe8940000 - 0x00007ffbe8a04000 	C:\WINDOWS\System32\KERNEL32.DLL
0x00007ffbe7ab0000 - 0x00007ffbe7e5d000 	C:\WINDOWS\System32\KERNELBASE.dll
0x00007ffbdf750000 - 0x00007ffbdf7e7000 	C:\WINDOWS\SYSTEM32\apphelp.dll
0x00007ffbe8ba0000 - 0x00007ffbe8d4e000 	C:\WINDOWS\System32\USER32.dll
0x00007ffbe77b0000 - 0x00007ffbe77d6000 	C:\WINDOWS\System32\win32u.dll
0x00007ffbe9650000 - 0x00007ffbe9679000 	C:\WINDOWS\System32\GDI32.dll
0x00007ffbe74d0000 - 0x00007ffbe75e9000 	C:\WINDOWS\System32\gdi32full.dll
0x00007ffbe7710000 - 0x00007ffbe77aa000 	C:\WINDOWS\System32\msvcp_win.dll
0x00007ffbe75f0000 - 0x00007ffbe7701000 	C:\WINDOWS\System32\ucrtbase.dll
0x00007ffbe96e0000 - 0x00007ffbe9787000 	C:\WINDOWS\System32\msvcrt.dll
0x00007ffbcd3f0000 - 0x00007ffbcd683000 	C:\WINDOWS\WinSxS\amd64_microsoft.windows.common-controls_6595b64144ccf1df_6.0.22621.3672_none_2713b9d173822955\COMCTL32.dll
0x00007ffbe88f0000 - 0x00007ffbe8921000 	C:\WINDOWS\System32\IMM32.DLL
0x0000000072000000 - 0x0000000072012000 	C:\Program Files\Exelis\IDL83\bin\bin.x86_64\plugins\org.eclipse.equinox.launcher.win32.win32.x86_64_1.1.100.v20110502\eclipse_1406.dll
0x00007ffbe9a40000 - 0x00007ffbe9af2000 	C:\WINDOWS\System32\ADVAPI32.dll
0x00007ffbe9110000 - 0x00007ffbe91b9000 	C:\WINDOWS\System32\sechost.dll
0x00007ffbe77e0000 - 0x00007ffbe7808000 	C:\WINDOWS\System32\bcrypt.dll
0x00007ffbe8f90000 - 0x00007ffbe90a4000 	C:\WINDOWS\System32\RPCRT4.dll
0x00007ffbe09f0000 - 0x00007ffbe09fa000 	C:\WINDOWS\SYSTEM32\VERSION.dll
0x0000000069ef0000 - 0x000000006a5ff000 	C:\Program Files\Exelis\IDL83\bin\bin.x86_64\jre\bin\server\jvm.dll
0x00007ffbe88e0000 - 0x00007ffbe88e8000 	C:\WINDOWS\System32\PSAPI.DLL
0x00007ffbe11c0000 - 0x00007ffbe11f4000 	C:\WINDOWS\SYSTEM32\WINMM.dll
0x00007ffbc71e0000 - 0x00007ffbc71e9000 	C:\WINDOWS\SYSTEM32\WSOCK32.dll
0x00007ffbe7ee0000 - 0x00007ffbe7f51000 	C:\WINDOWS\System32\WS2_32.dll
0x0000000069e10000 - 0x0000000069ee2000 	C:\WINDOWS\SYSTEM32\MSVCR100.dll
0x0000000069e00000 - 0x0000000069e0f000 	C:\Program Files\Exelis\IDL83\bin\bin.x86_64\jre\bin\verify.dll
0x0000000069dd0000 - 0x0000000069df8000 	C:\Program Files\Exelis\IDL83\bin\bin.x86_64\jre\bin\java.dll
0x0000000069db0000 - 0x0000000069dc5000 	C:\Program Files\Exelis\IDL83\bin\bin.x86_64\jre\bin\zip.dll
0x00007ffbe6c60000 - 0x00007ffbe6c7b000 	C:\WINDOWS\SYSTEM32\CRYPTSP.dll
0x00007ffbe6530000 - 0x00007ffbe6565000 	C:\WINDOWS\system32\rsaenh.dll
0x00007ffbe6b00000 - 0x00007ffbe6b28000 	C:\WINDOWS\SYSTEM32\USERENV.dll
0x00007ffbe7400000 - 0x00007ffbe7427000 	C:\WINDOWS\SYSTEM32\profapi.dll
0x00007ffbe7e60000 - 0x00007ffbe7edb000 	C:\WINDOWS\System32\bcryptprimitives.dll
0x00007ffbe6c80000 - 0x00007ffbe6c8c000 	C:\WINDOWS\SYSTEM32\CRYPTBASE.dll
0x0000000069d90000 - 0x0000000069da9000 	C:\Program Files\Exelis\IDL83\bin\bin.x86_64\jre\bin\net.dll
0x00007ffbe6a40000 - 0x00007ffbe6aa9000 	C:\WINDOWS\system32\mswsock.dll
0x00007ffbbe480000 - 0x00007ffbbe497000 	C:\WINDOWS\system32\napinsp.dll
0x00007ffbbe460000 - 0x00007ffbbe47b000 	C:\WINDOWS\system32\pnrpnsp.dll
0x00007ffbe6010000 - 0x00007ffbe6108000 	C:\WINDOWS\SYSTEM32\DNSAPI.dll
0x00007ffbe5fe0000 - 0x00007ffbe600d000 	C:\WINDOWS\SYSTEM32\IPHLPAPI.DLL
0x00007ffbe91c0000 - 0x00007ffbe91c9000 	C:\WINDOWS\System32\NSI.dll
0x00007ffbbe210000 - 0x00007ffbbe221000 	C:\WINDOWS\System32\winrnr.dll
0x00007ffbe1430000 - 0x00007ffbe1445000 	C:\WINDOWS\system32\wshbth.dll
0x00007ffbbe1e0000 - 0x00007ffbbe207000 	C:\WINDOWS\system32\nlansp_c.dll
0x00007ffbe0e70000 - 0x00007ffbe0e7a000 	C:\Windows\System32\rasadhlp.dll
0x00007ffbe1020000 - 0x00007ffbe10a3000 	C:\WINDOWS\System32\fwpuclnt.dll
0x0000000069d70000 - 0x0000000069d81000 	C:\Program Files\Exelis\IDL83\bin\bin.x86_64\jre\bin\nio.dll
0x00007ffbe4900000 - 0x00007ffbe49b1000 	C:\WINDOWS\system32\uxtheme.dll
0x00007ffbe9d00000 - 0x00007ffbea08e000 	C:\WINDOWS\System32\combase.dll
0x00007ffbe98e0000 - 0x00007ffbe9a3e000 	C:\WINDOWS\System32\MSCTF.dll
0x00007ffbe65d0000 - 0x00007ffbe65e8000 	C:\WINDOWS\SYSTEM32\kernel.appcore.dll
0x00007ffbdc5e0000 - 0x00007ffbdc723000 	C:\WINDOWS\SYSTEM32\textinputframework.dll
0x00007ffbea090000 - 0x00007ffbea167000 	C:\WINDOWS\System32\OLEAUT32.dll
0x00007ffbdf280000 - 0x00007ffbdf3b3000 	C:\WINDOWS\SYSTEM32\CoreMessaging.dll
0x00007ffbdd900000 - 0x00007ffbddc6d000 	C:\WINDOWS\SYSTEM32\CoreUIComponents.dll
0x00007ffbe52d0000 - 0x00007ffbe540f000 	C:\WINDOWS\SYSTEM32\wintypes.dll
0x00007ffbc2f30000 - 0x00007ffbc2f99000 	C:\WINDOWS\system32\Oleacc.dll
0x00007ffbe9830000 - 0x00007ffbe98e0000 	C:\WINDOWS\System32\clbcatq.dll
0x00007ffbbbe50000 - 0x00007ffbbbe9b000 	C:\WINDOWS\system32\ApplicationTargetedFeatureDatabase.dll
0x00007ffbdc0e0000 - 0x00007ffbdc36a000 	C:\Windows\System32\twinapi.appcore.dll
0x0000000015c40000 - 0x0000000015ce7000 	C:\Users\77957\.idl\idlworkbench-config-idl8.3.0_x86_64\org.eclipse.osgi\bundles\530\1\.cp\swt-win32-3740.dll
0x00007ffbe9b00000 - 0x00007ffbe9ca5000 	C:\WINDOWS\System32\ole32.dll
0x00007ffbe8a10000 - 0x00007ffbe8b0f000 	C:\WINDOWS\System32\comdlg32.dll
0x00007ffbe87e0000 - 0x00007ffbe88d9000 	C:\WINDOWS\System32\shcore.dll
0x00007ffbe90b0000 - 0x00007ffbe910e000 	C:\WINDOWS\System32\SHLWAPI.dll
0x00007ffbe7f60000 - 0x00007ffbe87c7000 	C:\WINDOWS\System32\SHELL32.dll
0x00007ffbe7940000 - 0x00007ffbe7aa6000 	C:\WINDOWS\System32\CRYPT32.dll
0x00007ffbc3a10000 - 0x00007ffbc3ab7000 	C:\WINDOWS\SYSTEM32\WINSPOOL.DRV
0x00007ffbc49e0000 - 0x00007ffbc49f9000 	C:\WINDOWS\SYSTEM32\USP10.dll
0x00007ffbccd90000 - 0x00007ffbcd28e000 	C:\WINDOWS\SYSTEM32\WININET.dll
0x00007ffbe37b0000 - 0x00007ffbe38b0000 	C:\WINDOWS\SYSTEM32\propsys.dll
0x00007ffbe5410000 - 0x00007ffbe5d0f000 	C:\WINDOWS\system32\windows.storage.dll
0x00007ffb6f570000 - 0x00007ffb6f725000 	C:\Windows\System32\TaskFlowDataEngine.dll
0x00000000176a0000 - 0x00000000176be000 	C:\Users\77957\.idl\idlworkbench-config-idl8.3.0_x86_64\org.eclipse.osgi\bundles\530\1\.cp\swt-gdip-win32-3740.dll
0x00007ffbc5aa0000 - 0x00007ffbc5c59000 	C:\WINDOWS\WinSxS\amd64_microsoft.windows.gdiplus_6595b64144ccf1df_1.1.22621.3810_none_57f8d842ce19d879\gdiplus.dll
0x00007ffbe4700000 - 0x00007ffbe48b1000 	C:\WINDOWS\SYSTEM32\WindowsCodecs.dll
0x0000000180000000 - 0x0000000180011000 	C:\Users\77957\.idl\idlworkbench-config-idl8.3.0_x86_64\org.eclipse.osgi\bundles\183\1\.cp\os\win32\x86_64\localfile_1_0_0.dll
0x00007ffbe12b0000 - 0x00007ffbe12fd000 	C:\Program Files\Exelis\IDL83\bin\bin.x86_64\idl_ips.dll
0x00007ffb86240000 - 0x00007ffb86f9d000 	C:\Program Files\Exelis\IDL83\bin\bin.x86_64\idl.dll
0x00007ffbe1220000 - 0x00007ffbe127c000 	C:\Program Files\Exelis\IDL83\bin\bin.x86_64\MesaGLU6_2.dll
0x00007ffbe1280000 - 0x00007ffbe12a3000 	C:\Program Files\Exelis\IDL83\bin\bin.x86_64\UG3220.dll
0x00007ffbe1210000 - 0x00007ffbe121c000 	C:\Program Files\Exelis\IDL83\bin\bin.x86_64\osmesa6_2.dll
0x00007ffba57a0000 - 0x00007ffba592e000 	C:\Program Files\Exelis\IDL83\bin\bin.x86_64\MesaGL6_2.dll
0x00007ffbcb9a0000 - 0x00007ffbcb9b9000 	C:\WINDOWS\SYSTEM32\NETAPI32.dll
0x00007ffbc5060000 - 0x00007ffbc5067000 	C:\WINDOWS\SYSTEM32\MSIMG32.dll
0x00007ffbe0810000 - 0x00007ffbe088c000 	C:\Program Files\Exelis\IDL83\bin\bin.x86_64\freetype2_4_7.dll
0x00007ffbe6840000 - 0x00007ffbe6883000 	C:\WINDOWS\SYSTEM32\SspiCli.dll
0x00007ffbe3b70000 - 0x00007ffbe3be8000 	C:\WINDOWS\System32\netprofm.dll
0x00007ffbe0920000 - 0x00007ffbe0938000 	C:\WINDOWS\System32\npmproxy.dll
0x0000000018430000 - 0x000000001871b000 	C:\WINDOWS\system32\spool\DRIVERS\x64\3\hp1100su.dll
0x0000000018720000 - 0x0000000018825000 	C:\WINDOWS\system32\spool\DRIVERS\x64\3\HP1100GC.dll
0x0000000018830000 - 0x000000001888f000 	C:\WINDOWS\system32\spool\DRIVERS\x64\3\hp1100sd.dll
0x00007ffbcbec0000 - 0x00007ffbcbfc0000 	C:\WINDOWS\SYSTEM32\OpenGL32.DLL
0x00007ffbcbe90000 - 0x00007ffbcbebd000 	C:\WINDOWS\SYSTEM32\GLU32.dll
0x00007ffbe4c00000 - 0x00007ffbe4c37000 	C:\WINDOWS\SYSTEM32\dxcore.dll
0x00007ffbe07d0000 - 0x00007ffbe080e000 	C:\Program Files\Exelis\IDL83\bin\bin.x86_64\gl_driver.dll
0x0000000017a80000 - 0x0000000017a83000 	C:\WINDOWS\SYSTEM32\icmp.Dll
0x00007ffba0f20000 - 0x00007ffba0fd0000 	C:\WINDOWS\SYSTEM32\TextShaping.dll
0x00007ffb9c8f0000 - 0x00007ffb9cba4000 	C:\WINDOWS\system32\explorerframe.dll
0x00007ffb9cbb0000 - 0x00007ffb9cc0e000 	C:\WINDOWS\system32\dataexchange.dll
0x00007ffb966c0000 - 0x00007ffb96702000 	C:\WINDOWS\system32\mlang.dll
0x00007ffbe7340000 - 0x00007ffbe73e3000 	C:\WINDOWS\SYSTEM32\sxs.dll
0x00007ffbe07b0000 - 0x00007ffbe07c1000 	C:\Users\77957\.idl\idlworkbench-config-idl8.3.0_x86_64\org.eclipse.osgi\bundles\208\1\.cp\jWinHttp-1.0.0.dll
0x00007ffbe2300000 - 0x00007ffbe2436000 	C:\WINDOWS\SYSTEM32\WINHTTP.dll
0x00007ffbe2230000 - 0x00007ffbe2249000 	C:\WINDOWS\SYSTEM32\dhcpcsvc6.DLL
0x00007ffbe2210000 - 0x00007ffbe222f000 	C:\WINDOWS\SYSTEM32\dhcpcsvc.DLL
0x00007ffbe4b90000 - 0x00007ffbe4bbb000 	C:\WINDOWS\system32\dwmapi.dll
0x00007ffb9e550000 - 0x00007ffb9eabd000 	C:\WINDOWS\system32\windowsudk.shellcommon.dll
0x00007ffbe1130000 - 0x00007ffbe1167000 	C:\WINDOWS\system32\XmlLite.dll
0x00007ffbaa5f0000 - 0x00007ffbaa765000 	C:\Windows\System32\Windows.UI.dll
0x00007ffba3030000 - 0x00007ffba31a5000 	C:\Windows\System32\Windows.UI.Immersive.dll
0x00007ffba5a10000 - 0x00007ffba5a7a000 	C:\Windows\System32\thumbcache.dll
0x00007ffbe36e0000 - 0x00007ffbe3785000 	C:\WINDOWS\SYSTEM32\policymanager.dll
0x00007ffbe2dd0000 - 0x00007ffbe2e63000 	C:\WINDOWS\SYSTEM32\msvcp110_win.dll
0x00007ffbe63b0000 - 0x00007ffbe63bc000 	C:\WINDOWS\system32\Secur32.dll
0x00007ffba9220000 - 0x00007ffba92d6000 	C:\Windows\System32\Windows.FileExplorer.Common.dll
0x00007ffbd3a50000 - 0x00007ffbd3d0e000 	C:\Windows\System32\iertutil.dll
0x00007ffbd3a20000 - 0x00007ffbd3a48000 	C:\Windows\System32\srvcli.dll
0x00007ffbe5fd0000 - 0x00007ffbe5fdc000 	C:\Windows\System32\netutils.dll
0x00007ffbcd690000 - 0x00007ffbcd69e000 	C:\WINDOWS\SYSTEM32\atlthunk.dll
0x00007ffbe71c0000 - 0x00007ffbe720e000 	C:\WINDOWS\system32\CFGMGR32.dll
0x00007ffbd4630000 - 0x00007ffbd464e000 	C:\WINDOWS\system32\MPR.dll
0x00007ffbe0780000 - 0x00007ffbe07ab000 	C:\WINDOWS\System32\p9np.dll
0x00007ffbe1200000 - 0x00007ffbe120c000 	C:\WINDOWS\System32\drprov.dll
0x00007ffbe0750000 - 0x00007ffbe0772000 	C:\WINDOWS\System32\ntlanman.dll
0x00007ffbdfe60000 - 0x00007ffbdfe7f000 	C:\WINDOWS\System32\davclnt.dll
0x00007ffbe5f60000 - 0x00007ffbe5fc6000 	C:\WINDOWS\System32\WINSTA.dll

VM Arguments:
jvm_args: -Dosgi.instance.area.default=@user.home/IDLWorkspace83 -Dosgi.configuration.area=@user.home/.idl/idlworkbench-config-idl8.3.0_x86_64 -Dosgi.configuration.cascaded=true -Dosgi.checkConfiguration=true -Dosgi.sharedConfiguration.area.readOnly=true -Dorg.eclipse.update.reconcile=false -Declipse.p2.data.area=@config.dir/p2 -Dosgi.sharedConfiguration.area=C:\Program Files\Exelis\IDL83\bin\bin.x86_64/configuration 
java_command: <unknown>
Launcher Type: generic

Environment Variables:
PATH=C:/Program Files/Exelis/IDL83/bin/bin.x86_64/jre/bin/server;C:/Program Files/Exelis/IDL83/bin/bin.x86_64/jre/bin;C:/Program Files/Exelis/IDL83/bin/bin.x86_64/jre/lib/amd64;C:\Program Files\Exelis\IDL83\bin\bin.x86_64\;C:\WINDOWS\system32;C:\WINDOWS;C:\WINDOWS\System32\Wbem;C:\WINDOWS\System32\WindowsPowerShell\v1.0\;C:\WINDOWS\System32\OpenSSH\;C:\Users\77957\AppData\Local\Programs\Python\Python38;C:\Users\77957\AppData\Local\Programs\Python\Python38\Scripts;C:\Program Files (x86)\Tencent\微信web开发者工具\dll;C:\Program Files\MATLAB\R2024a\runtime\win64;C:\Program Files\MATLAB\R2024a\bin;C:\Users\77957\AppData\Local\Microsoft\WindowsApps;C:\Program Files\JetBrains\PyCharm 2023.1\bin;;C:\Users\77957\AppData\Local\Programs\Python\Python38;;C:\Program Files\Exelis\IDL83\bin\bin.x86_64;
USERNAME=77957
OS=Windows_NT
PROCESSOR_IDENTIFIER=Intel64 Family 6 Model 140 Stepping 1, GenuineIntel



---------------  S Y S T E M  ---------------

OS: Windows 8 , 64 bit Build 9200 

CPU:total 8 (4 cores per cpu, 2 threads per core) family 6 model 140 stepping 1, cmov, cx8, fxsr, mmx, sse, sse2, sse3, ssse3, sse4.1, sse4.2, popcnt, avx, avx2, ht, tsc, tscinvbit

Memory: 4k page, physical 16607252k(9199980k free), swap 21063700k(11393780k free)

vm_info: Java HotSpot(TM) 64-Bit Server VM (23.25-b01) for windows-amd64 JRE (1.7.0_25-b17), built on Jun 21 2013 12:58:32 by "java_re" with unknown MS VC++:1600

time: Thu Sep 26 15:54:57 2024
elapsed time: 716 seconds

