#
# A fatal error has been detected by the Java Runtime Environment:
#
#  EXCEPTION_ACCESS_VIOLATION (0xc0000005) at pc=0x00007ffb856d504f, pid=16476, tid=19240
#
# JRE version: 7.0_25-b17
# Java VM: Java HotSpot(TM) 64-Bit Server VM (23.25-b01 mixed mode windows-amd64 compressed oops)
# Problematic frame:
# C  0x00007ffb856d504f  RegisterProcTableCallback+0x55a1ef
#
# Failed to write core dump. Minidumps are not enabled by default on client versions of Windows
#
# If you would like to submit a bug report, please visit:
#   http://bugreport.sun.com/bugreport/crash.jsp
# The crash happened outside the Java Virtual Machine in native code.
# See problematic frame for where to report the bug.
#

---------------  T H R E A D  ---------------

Current thread (0x000000001600e000):  JavaThread "IDL" [_thread_in_native, id=19240, stack(0x0000000019620000,0x0000000019720000)]

siginfo: ExceptionCode=0xc0000005, reading address 0xffffffffffffffff

Registers:
RAX=0x3f800001bd07c550, RBX=0x00000000169c1988, RCX=0x00000000169c1988, RDX=0x00000000169c1988
RSP=0x00000000197102a0, RBP=0x00000000197103a0, RSI=0x00000000197102e8, RDI=0x000000000000000a
R8 =0x0000000000000001, R9 =0x00000000169c1988, R10=0x00000000197103c0, R11=0x00000000197102c0
R12=0x00007ffb85b538b0, R13=0x000000002afab070, R14=0x0000000000000006, R15=0x000000000000000b
RIP=0x00007ffb856d504f, EFLAGS=0x0000000000010206

Top of Stack: (sp=0x00000000197102a0)
0x00000000197102a0:   0000000021e2c000 0000000000000001
0x00000000197102b0:   00000000169c15d0 0000000021ae7b60
0x00000000197102c0:   00000000169c1988 0000000021b2b980
0x00000000197102d0:   0000000000000000 00000000197103b0
0x00000000197102e0:   00000000197103c0 00000000169c1988
0x00000000197102f0:   00000000169c1998 00000000169c19a8
0x0000000019710300:   00000000169c19b8 00000000169c19c8
0x0000000019710310:   00000000169c19d8 00000000169c19e8
0x0000000019710320:   0000000000000000 0000000000000000
0x0000000019710330:   0000000000000000 0000000000000000
0x0000000019710340:   0000000000000000 0000000000000000
0x0000000019710350:   0000000000000000 00007ffb0000000a
0x0000000019710360:   00000000169c1988 0000000000000000
0x0000000019710370:   00000000169c15d0 00000000169c15d0
0x0000000019710380:   00000000169c1988 00007ffb8513f50c
0x0000000019710390:   0000000000000012 0000000000000007 

Instructions: (pc=0x00007ffb856d504f)
0x00007ffb856d502f:   48 8d 74 24 30 44 8b f7 66 0f 1f 84 00 00 00 00
0x00007ffb856d503f:   00 48 8b 0e 48 85 c9 0f 84 8e 00 00 00 48 8b 01
0x00007ffb856d504f:   80 78 34 00 74 0a 48 8b 41 08 80 78 34 00 75 7b
0x00007ffb856d505f:   41 8b d7 4c 8d 4c 24 20 48 c1 e2 04 4c 8d 45 d0 


Register to memory mapping:

RAX=0x3f800001bd07c550 is an unknown value
RBX=0x00000000169c1988 is an unknown value
RCX=0x00000000169c1988 is an unknown value
RDX=0x00000000169c1988 is an unknown value
RSP=0x00000000197102a0 is pointing into the stack for thread: 0x000000001600e000
RBP=0x00000000197103a0 is pointing into the stack for thread: 0x000000001600e000
RSI=0x00000000197102e8 is pointing into the stack for thread: 0x000000001600e000
RDI=0x000000000000000a is an unknown value
R8 =0x0000000000000001 is an unknown value
R9 =0x00000000169c1988 is an unknown value
R10=0x00000000197103c0 is pointing into the stack for thread: 0x000000001600e000
R11=0x00000000197102c0 is pointing into the stack for thread: 0x000000001600e000
R12=0x00007ffb85b538b0 is an unknown value
R13=0x000000002afab070 is an unknown value
R14=0x0000000000000006 is an unknown value
R15=0x000000000000000b is an unknown value


Stack: [0x0000000019620000,0x0000000019720000],  sp=0x00000000197102a0,  free space=960k
Native frames: (J=compiled Java code, j=interpreted, Vv=VM code, C=native code)
C  0x00007ffb856d504f  RegisterProcTableCallback+0x55a1ef

Java frames: (J=compiled Java code, j=interpreted, Vv=VM code)
j  com.rsi.idldt.core.ips.IPS_Access.IPS_Start([Ljava/lang/String;)V+0
j  com.rsi.idldt.core.ips.IPS_Manager$2.run()V+15
j  java.lang.Thread.run()V+11
v  ~StubRoutines::call_stub

---------------  P R O C E S S  ---------------

Java Threads: ( => current thread )
  0x000000002075e000 JavaThread "Worker-24" [_thread_blocked, id=5676, stack(0x0000000022590000,0x0000000022690000)]
  0x0000000020764000 JavaThread "Worker-23" [_thread_blocked, id=23884, stack(0x0000000022490000,0x0000000022590000)]
  0x000000002075b800 JavaThread "Worker-22" [_thread_blocked, id=26448, stack(0x0000000022390000,0x0000000022490000)]
  0x0000000020761800 JavaThread "Worker-21" [_thread_blocked, id=26912, stack(0x0000000022290000,0x0000000022390000)]
  0x00000000175fa800 JavaThread "Worker-20" [_thread_blocked, id=14432, stack(0x0000000022190000,0x0000000022290000)]
  0x00000000175fd800 JavaThread "Worker-19" [_thread_blocked, id=15888, stack(0x0000000022090000,0x0000000022190000)]
  0x00000000175f9000 JavaThread "Worker-18" [_thread_blocked, id=12088, stack(0x0000000021f90000,0x0000000022090000)]
  0x00000000175fb000 JavaThread "Worker-17" [_thread_blocked, id=1620, stack(0x0000000021e90000,0x0000000021f90000)]
  0x00000000175fc800 JavaThread "Worker-16" [_thread_blocked, id=19392, stack(0x000000001ce30000,0x000000001cf30000)]
  0x000000001fdfa800 JavaThread "Worker-15" [_thread_blocked, id=17768, stack(0x000000001aab0000,0x000000001abb0000)]
  0x000000001fe08000 JavaThread "Worker-12" [_thread_blocked, id=18784, stack(0x0000000018510000,0x0000000018610000)]
  0x000000001fe03800 JavaThread "Worker-11" [_thread_blocked, id=11812, stack(0x0000000014d40000,0x0000000014e40000)]
  0x00000000175f9800 JavaThread "Worker-8" [_thread_blocked, id=22524, stack(0x000000001a8b0000,0x000000001a9b0000)]
  0x00000000175f3800 JavaThread "[ThreadPool Manager] - Idle Thread" daemon [_thread_blocked, id=3808, stack(0x000000001a380000,0x000000001a480000)]
  0x00000000175f8000 JavaThread "Timer-2" daemon [_thread_blocked, id=24704, stack(0x00000000205c0000,0x00000000206c0000)]
  0x00000000175f6800 JavaThread "Timer-1" daemon [_thread_blocked, id=21320, stack(0x000000001dee0000,0x000000001dfe0000)]
  0x00000000175f3000 JavaThread "Thread-14" [_thread_in_native, id=16140, stack(0x000000001d880000,0x000000001d980000)]
  0x00000000175f4800 JavaThread "Worker-4" [_thread_blocked, id=27604, stack(0x000000001a080000,0x000000001a180000)]
  0x00000000175f0000 JavaThread "IDLDT DOM Worker-7" [_thread_blocked, id=26368, stack(0x000000001d730000,0x000000001d830000)]
  0x00000000175f1800 JavaThread "IDLDT DOM Worker-6" [_thread_blocked, id=21892, stack(0x000000001d630000,0x000000001d730000)]
  0x00000000175f0800 JavaThread "IDLDT DOM Worker-5" [_thread_blocked, id=19628, stack(0x000000001d530000,0x000000001d630000)]
  0x00000000175f6000 JavaThread "IDLDT DOM Worker-4" [_thread_blocked, id=26100, stack(0x000000001d430000,0x000000001d530000)]
  0x00000000175f2000 JavaThread "IDLDT DOM Worker-3" [_thread_blocked, id=15076, stack(0x000000001d330000,0x000000001d430000)]
  0x00000000175ee800 JavaThread "IDLDT DOM Worker-2" [_thread_blocked, id=16180, stack(0x000000001d230000,0x000000001d330000)]
  0x00000000175f5000 JavaThread "IDLDT DOM Worker-1" [_thread_blocked, id=5452, stack(0x000000001d130000,0x000000001d230000)]
  0x00000000175ef000 JavaThread "IDLDT DOM Worker-0" [_thread_blocked, id=22108, stack(0x000000001d030000,0x000000001d130000)]
  0x0000000016149800 JavaThread "Timer-0" daemon [_thread_blocked, id=7192, stack(0x000000001cf30000,0x000000001d030000)]
=>0x000000001600e000 JavaThread "IDL" [_thread_in_native, id=19240, stack(0x0000000019620000,0x0000000019720000)]
  0x0000000016407000 JavaThread "IDLToJava Broker" daemon [_thread_blocked, id=8500, stack(0x0000000018740000,0x0000000018840000)]
  0x000000001610c800 JavaThread "Provisioning Event Dispatcher" daemon [_thread_blocked, id=20492, stack(0x00000000173c0000,0x00000000174c0000)]
  0x000000001601a800 JavaThread "Worker-0" [_thread_blocked, id=19444, stack(0x00000000172c0000,0x00000000173c0000)]
  0x0000000015ef0800 JavaThread "Bundle File Closer" daemon [_thread_blocked, id=26528, stack(0x00000000171c0000,0x00000000172c0000)]
  0x000000001600b800 JavaThread "Worker-JM" [_thread_blocked, id=9708, stack(0x00000000170c0000,0x00000000171c0000)]
  0x00000000132e6000 JavaThread "[Timer] - Main Queue Handler" daemon [_thread_blocked, id=16100, stack(0x0000000016fc0000,0x00000000170c0000)]
  0x0000000015eb6800 JavaThread "Framework Event Dispatcher" daemon [_thread_blocked, id=23520, stack(0x0000000016dc0000,0x0000000016ec0000)]
  0x0000000015e81000 JavaThread "Start Level Event Dispatcher" daemon [_thread_blocked, id=2340, stack(0x00000000167c0000,0x00000000168c0000)]
  0x0000000015ded800 JavaThread "State Data Manager" daemon [_thread_blocked, id=15956, stack(0x00000000166c0000,0x00000000167c0000)]
  0x0000000015e14000 JavaThread "Framework Active Thread" [_thread_blocked, id=21528, stack(0x00000000165c0000,0x00000000166c0000)]
  0x000000001308d000 JavaThread "Service Thread" daemon [_thread_blocked, id=22336, stack(0x0000000013580000,0x0000000013680000)]
  0x0000000013080800 JavaThread "C2 CompilerThread1" daemon [_thread_blocked, id=22576, stack(0x0000000013480000,0x0000000013580000)]
  0x0000000010d82000 JavaThread "C2 CompilerThread0" daemon [_thread_blocked, id=9784, stack(0x0000000012f80000,0x0000000013080000)]
  0x0000000010d7d800 JavaThread "Attach Listener" daemon [_thread_blocked, id=25436, stack(0x0000000012e80000,0x0000000012f80000)]
  0x0000000010d52800 JavaThread "Signal Dispatcher" daemon [_thread_blocked, id=27048, stack(0x0000000012d80000,0x0000000012e80000)]
  0x0000000010cf0800 JavaThread "Finalizer" daemon [_thread_blocked, id=14664, stack(0x0000000012c80000,0x0000000012d80000)]
  0x0000000010ce9800 JavaThread "Reference Handler" daemon [_thread_blocked, id=4612, stack(0x0000000012b80000,0x0000000012c80000)]
  0x0000000002510800 JavaThread "main" [_thread_in_native, id=11616, stack(0x0000000000050000,0x0000000000150000)]

Other Threads:
  0x0000000010ce6000 VMThread [stack: 0x0000000012a80000,0x0000000012b80000] [id=11256]
  0x0000000010d8e800 WatcherThread [stack: 0x0000000013680000,0x0000000013780000] [id=7008]

VM state:not at safepoint (normal execution)

VM Mutex/Monitor currently owned by a thread: None

Heap
 PSYoungGen      total 270848K, used 3106K [0x00000007accb0000, 0x00000007c1900000, 0x0000000800000000)
  eden space 226624K, 1% used [0x00000007accb0000,0x00000007acfb8818,0x00000007baa00000)
  from space 44224K, 0% used [0x00000007bedd0000,0x00000007bedd0000,0x00000007c1900000)
  to   space 56832K, 0% used [0x00000007baa00000,0x00000007baa00000,0x00000007be180000)
 ParOldGen       total 170368K, used 77202K [0x0000000706600000, 0x0000000710c60000, 0x00000007accb0000)
  object space 170368K, 45% used [0x0000000706600000,0x000000070b164990,0x0000000710c60000)
 PSPermGen       total 79808K, used 47476K [0x0000000701400000, 0x00000007061f0000, 0x0000000706600000)
  object space 79808K, 59% used [0x0000000701400000,0x000000070425d100,0x00000007061f0000)

Card table byte_map: [0x0000000005710000,0x0000000005f10000] byte_map_base: 0x0000000001f06000

Polling page: 0x0000000000570000

Code Cache  [0x0000000002650000, 0x0000000002cd0000, 0x0000000005650000)
 total_blobs=2520 nmethods=1859 adapters=610 free_code_cache=42609Kb largest_free_block=43529216

Compilation events (10 events):
Event: 1201.881 Thread 0x0000000013080800 2026             org.eclipse.debug.internal.ui.viewers.model.ModelContentProvider::isDeltaInParent (35 bytes)
Event: 1201.884 Thread 0x0000000013080800 nmethod 2026 0x00000000027619d0 code [0x0000000002761b20, 0x0000000002761cb8]
Event: 1202.134 Thread 0x0000000010d82000 2027             org.eclipse.debug.internal.ui.viewers.model.provisional.ModelDelta::getParentDelta (5 bytes)
Event: 1202.135 Thread 0x0000000010d82000 nmethod 2027 0x0000000002cbad50 code [0x0000000002cbae80, 0x0000000002cbaef8]
Event: 1205.225 Thread 0x0000000013080800 2028             org.eclipse.swt.internal.win32.POINT::<init> (5 bytes)
Event: 1205.225 Thread 0x0000000013080800 nmethod 2028 0x0000000002cba490 code [0x0000000002cba5c0, 0x0000000002cba618]
Event: 1205.451 Thread 0x0000000010d82000 2029             org.eclipse.swt.widgets.Tree::CDDS_ITEMPOSTPAINT (4750 bytes)
Event: 1205.525 Thread 0x0000000010d82000 nmethod 2029 0x0000000002cc31d0 code [0x0000000002cc38a0, 0x0000000002cc6ca0]
Event: 1205.713 Thread 0x0000000013080800 2030             org.eclipse.swt.widgets.TreeItem::fontHandle (45 bytes)
Event: 1205.714 Thread 0x0000000013080800 nmethod 2030 0x0000000002761710 code [0x0000000002761840, 0x0000000002761918]

GC Heap History (10 events):
Event: 1062.118 GC heap before
{Heap before GC invocations=22 (full 6):
 PSYoungGen      total 226880K, used 224K [0x00000007accb0000, 0x00000007c2770000, 0x0000000800000000)
  eden space 226624K, 0% used [0x00000007accb0000,0x00000007accb0000,0x00000007baa00000)
  from space 256K, 87% used [0x00000007c2730000,0x00000007c2768000,0x00000007c2770000)
  to   space 60608K, 0% used [0x00000007bb110000,0x00000007bb110000,0x00000007bec40000)
 ParOldGen       total 170368K, used 77522K [0x0000000706600000, 0x0000000710c60000, 0x00000007accb0000)
  object space 170368K, 45% used [0x0000000706600000,0x000000070b1b4940,0x0000000710c60000)
 PSPermGen       total 83968K, used 47397K [0x0000000701400000, 0x0000000706600000, 0x0000000706600000)
  object space 83968K, 56% used [0x0000000701400000,0x0000000704249598,0x0000000706600000)
Event: 1062.262 GC heap after
Heap after GC invocations=22 (full 6):
 PSYoungGen      total 226880K, used 0K [0x00000007accb0000, 0x00000007c2770000, 0x0000000800000000)
  eden space 226624K, 0% used [0x00000007accb0000,0x00000007accb0000,0x00000007baa00000)
  from space 256K, 0% used [0x00000007c2730000,0x00000007c2730000,0x00000007c2770000)
  to   space 60608K, 0% used [0x00000007bb110000,0x00000007bb110000,0x00000007bec40000)
 ParOldGen       total 170368K, used 77258K [0x0000000706600000, 0x0000000710c60000, 0x00000007accb0000)
  object space 170368K, 45% used [0x0000000706600000,0x000000070b172870,0x0000000710c60000)
 PSPermGen       total 83968K, used 47397K [0x0000000701400000, 0x0000000706600000, 0x0000000706600000)
  object space 83968K, 56% used [0x0000000701400000,0x0000000704249418,0x0000000706600000)
}
Event: 1134.838 GC heap before
{Heap before GC invocations=23 (full 6):
 PSYoungGen      total 226880K, used 21434K [0x00000007accb0000, 0x00000007c2770000, 0x0000000800000000)
  eden space 226624K, 9% used [0x00000007accb0000,0x00000007ae19e968,0x00000007baa00000)
  from space 256K, 0% used [0x00000007c2730000,0x00000007c2730000,0x00000007c2770000)
  to   space 60608K, 0% used [0x00000007bb110000,0x00000007bb110000,0x00000007bec40000)
 ParOldGen       total 170368K, used 77258K [0x0000000706600000, 0x0000000710c60000, 0x00000007accb0000)
  object space 170368K, 45% used [0x0000000706600000,0x000000070b172870,0x0000000710c60000)
 PSPermGen       total 83968K, used 47464K [0x0000000701400000, 0x0000000706600000, 0x0000000706600000)
  object space 83968K, 56% used [0x0000000701400000,0x000000070425a250,0x0000000706600000)
Event: 1134.843 GC heap after
Heap after GC invocations=23 (full 6):
 PSYoungGen      total 287232K, used 320K [0x00000007accb0000, 0x00000007c2740000, 0x0000000800000000)
  eden space 226624K, 0% used [0x00000007accb0000,0x00000007accb0000,0x00000007baa00000)
  from space 60608K, 0% used [0x00000007bb110000,0x00000007bb160000,0x00000007bec40000)
  to   space 58816K, 0% used [0x00000007bedd0000,0x00000007bedd0000,0x00000007c2740000)
 ParOldGen       total 170368K, used 77258K [0x0000000706600000, 0x0000000710c60000, 0x00000007accb0000)
  object space 170368K, 45% used [0x0000000706600000,0x000000070b172870,0x0000000710c60000)
 PSPermGen       total 83968K, used 47464K [0x0000000701400000, 0x0000000706600000, 0x0000000706600000)
  object space 83968K, 56% used [0x0000000701400000,0x000000070425a250,0x0000000706600000)
}
Event: 1134.843 GC heap before
{Heap before GC invocations=24 (full 7):
 PSYoungGen      total 287232K, used 320K [0x00000007accb0000, 0x00000007c2740000, 0x0000000800000000)
  eden space 226624K, 0% used [0x00000007accb0000,0x00000007accb0000,0x00000007baa00000)
  from space 60608K, 0% used [0x00000007bb110000,0x00000007bb160000,0x00000007bec40000)
  to   space 58816K, 0% used [0x00000007bedd0000,0x00000007bedd0000,0x00000007c2740000)
 ParOldGen       total 170368K, used 77258K [0x0000000706600000, 0x0000000710c60000, 0x00000007accb0000)
  object space 170368K, 45% used [0x0000000706600000,0x000000070b172870,0x0000000710c60000)
 PSPermGen       total 83968K, used 47464K [0x0000000701400000, 0x0000000706600000, 0x0000000706600000)
  object space 83968K, 56% used [0x0000000701400000,0x000000070425a250,0x0000000706600000)
Event: 1134.978 GC heap after
Heap after GC invocations=24 (full 7):
 PSYoungGen      total 287232K, used 0K [0x00000007accb0000, 0x00000007c2740000, 0x0000000800000000)
  eden space 226624K, 0% used [0x00000007accb0000,0x00000007accb0000,0x00000007baa00000)
  from space 60608K, 0% used [0x00000007bb110000,0x00000007bb110000,0x00000007bec40000)
  to   space 58816K, 0% used [0x00000007bedd0000,0x00000007bedd0000,0x00000007c2740000)
 ParOldGen       total 170368K, used 77340K [0x0000000706600000, 0x0000000710c60000, 0x00000007accb0000)
  object space 170368K, 45% used [0x0000000706600000,0x000000070b187218,0x0000000710c60000)
 PSPermGen       total 83968K, used 47463K [0x0000000701400000, 0x0000000706600000, 0x0000000706600000)
  object space 83968K, 56% used [0x0000000701400000,0x0000000704259f50,0x0000000706600000)
}
Event: 1203.153 GC heap before
{Heap before GC invocations=25 (full 7):
 PSYoungGen      total 287232K, used 17828K [0x00000007accb0000, 0x00000007c2740000, 0x0000000800000000)
  eden space 226624K, 7% used [0x00000007accb0000,0x00000007ade193b8,0x00000007baa00000)
  from space 60608K, 0% used [0x00000007bb110000,0x00000007bb110000,0x00000007bec40000)
  to   space 58816K, 0% used [0x00000007bedd0000,0x00000007bedd0000,0x00000007c2740000)
 ParOldGen       total 170368K, used 77340K [0x0000000706600000, 0x0000000710c60000, 0x00000007accb0000)
  object space 170368K, 45% used [0x0000000706600000,0x000000070b187218,0x0000000710c60000)
 PSPermGen       total 83968K, used 47476K [0x0000000701400000, 0x0000000706600000, 0x0000000706600000)
  object space 83968K, 56% used [0x0000000701400000,0x000000070425d280,0x0000000706600000)
Event: 1203.155 GC heap after
Heap after GC invocations=25 (full 7):
 PSYoungGen      total 270848K, used 288K [0x00000007accb0000, 0x00000007c1900000, 0x0000000800000000)
  eden space 226624K, 0% used [0x00000007accb0000,0x00000007accb0000,0x00000007baa00000)
  from space 44224K, 0% used [0x00000007bedd0000,0x00000007bee18000,0x00000007c1900000)
  to   space 56832K, 0% used [0x00000007baa00000,0x00000007baa00000,0x00000007be180000)
 ParOldGen       total 170368K, used 77340K [0x0000000706600000, 0x0000000710c60000, 0x00000007accb0000)
  object space 170368K, 45% used [0x0000000706600000,0x000000070b187218,0x0000000710c60000)
 PSPermGen       total 83968K, used 47476K [0x0000000701400000, 0x0000000706600000, 0x0000000706600000)
  object space 83968K, 56% used [0x0000000701400000,0x000000070425d280,0x0000000706600000)
}
Event: 1203.155 GC heap before
{Heap before GC invocations=26 (full 8):
 PSYoungGen      total 270848K, used 288K [0x00000007accb0000, 0x00000007c1900000, 0x0000000800000000)
  eden space 226624K, 0% used [0x00000007accb0000,0x00000007accb0000,0x00000007baa00000)
  from space 44224K, 0% used [0x00000007bedd0000,0x00000007bee18000,0x00000007c1900000)
  to   space 56832K, 0% used [0x00000007baa00000,0x00000007baa00000,0x00000007be180000)
 ParOldGen       total 170368K, used 77340K [0x0000000706600000, 0x0000000710c60000, 0x00000007accb0000)
  object space 170368K, 45% used [0x0000000706600000,0x000000070b187218,0x0000000710c60000)
 PSPermGen       total 83968K, used 47476K [0x0000000701400000, 0x0000000706600000, 0x0000000706600000)
  object space 83968K, 56% used [0x0000000701400000,0x000000070425d280,0x0000000706600000)
Event: 1203.259 GC heap after
Heap after GC invocations=26 (full 8):
 PSYoungGen      total 270848K, used 0K [0x00000007accb0000, 0x00000007c1900000, 0x0000000800000000)
  eden space 226624K, 0% used [0x00000007accb0000,0x00000007accb0000,0x00000007baa00000)
  from space 44224K, 0% used [0x00000007bedd0000,0x00000007bedd0000,0x00000007c1900000)
  to   space 56832K, 0% used [0x00000007baa00000,0x00000007baa00000,0x00000007be180000)
 ParOldGen       total 170368K, used 77202K [0x0000000706600000, 0x0000000710c60000, 0x00000007accb0000)
  object space 170368K, 45% used [0x0000000706600000,0x000000070b164990,0x0000000710c60000)
 PSPermGen       total 79808K, used 47476K [0x0000000701400000, 0x00000007061f0000, 0x0000000706600000)
  object space 79808K, 59% used [0x0000000701400000,0x000000070425d100,0x00000007061f0000)
}

Deoptimization events (10 events):
Event: 1103.941 Thread 0x0000000020761800 Uncommon trap -34 fr.pc 0x0000000002ad2c30
Event: 1103.942 Thread 0x0000000020761800 Uncommon trap -34 fr.pc 0x0000000002ad2c30
Event: 1122.767 Thread 0x0000000002510800 Uncommon trap -34 fr.pc 0x000000000292d8e0
Event: 1122.767 Thread 0x0000000002510800 Uncommon trap -34 fr.pc 0x0000000002913624
Event: 1122.767 Thread 0x0000000002510800 Uncommon trap -34 fr.pc 0x000000000292d8e0
Event: 1122.767 Thread 0x0000000002510800 Uncommon trap -34 fr.pc 0x0000000002913624
Event: 1122.767 Thread 0x0000000002510800 Uncommon trap -34 fr.pc 0x000000000292d8e0
Event: 1122.767 Thread 0x0000000002510800 Uncommon trap -34 fr.pc 0x0000000002913624
Event: 1122.767 Thread 0x0000000002510800 Uncommon trap -122 fr.pc 0x00000000027aa740
Event: 1201.834 Thread 0x0000000002510800 Uncommon trap -34 fr.pc 0x0000000002af8720

Internal exceptions (10 events):
Event: 936.410 Thread 0x0000000002510800 Implicit null exception at 0x00000000027616fb to 0x00000000027619f1
Event: 938.316 Thread 0x0000000002510800 Implicit null exception at 0x0000000002bdc687 to 0x0000000002bdcaa9
Event: 958.039 Thread 0x0000000002510800 Implicit null exception at 0x0000000002b787fc to 0x0000000002b78a45
Event: 958.039 Thread 0x0000000002510800 Implicit null exception at 0x0000000002b91bec to 0x0000000002b928a5
Event: 958.039 Thread 0x0000000002510800 Implicit null exception at 0x0000000002b73e32 to 0x0000000002b74331
Event: 958.039 Thread 0x0000000002510800 Implicit null exception at 0x0000000002b7f17b to 0x0000000002b7f64d
Event: 1042.779 Thread 0x0000000002510800 Implicit null exception at 0x0000000002b8b3f4 to 0x0000000002b8c335
Event: 1080.861 Thread 0x0000000002510800 Implicit null exception at 0x0000000002c72794 to 0x0000000002c72c81
Event: 1129.053 Thread 0x000000001ed05800 Threw 0x00000007add79ef0 at C:\jdk7u2_64p\jdk7u25\hotspot\src\share\vm\runtime\objectMonitor.cpp:1612
Event: 1167.812 Thread 0x000000001ed05800 Threw 0x00000007ad20e568 at C:\jdk7u2_64p\jdk7u25\hotspot\src\share\vm\runtime\objectMonitor.cpp:1612

Events (10 events):
Event: 1202.209 Executing VM operation: RevokeBias
Event: 1202.209 Executing VM operation: RevokeBias done
Event: 1202.212 Executing VM operation: RevokeBias
Event: 1202.212 Executing VM operation: RevokeBias done
Event: 1202.217 Executing VM operation: BulkRevokeBias
Event: 1202.217 Executing VM operation: BulkRevokeBias done
Event: 1203.153 Executing VM operation: ParallelGCSystemGC
Event: 1203.259 Executing VM operation: ParallelGCSystemGC done
Event: 1203.259 Thread 0x000000001f678000 Thread added: 0x000000001f678000
Event: 1203.259 Thread 0x000000001f678000 Thread exited: 0x000000001f678000


Dynamic libraries:
0x0000000000400000 - 0x000000000040e000 	C:\Program Files\Exelis\IDL83\bin\bin.x86_64\idlde.exe
0x00007ffbd3610000 - 0x00007ffbd3808000 	C:\WINDOWS\SYSTEM32\ntdll.dll
0x00007ffbd20f0000 - 0x00007ffbd21af000 	C:\WINDOWS\System32\KERNEL32.DLL
0x00007ffbd0fb0000 - 0x00007ffbd1282000 	C:\WINDOWS\System32\KERNELBASE.dll
0x00007ffbce4f0000 - 0x00007ffbce580000 	C:\WINDOWS\SYSTEM32\apphelp.dll
0x00007ffbd1f40000 - 0x00007ffbd20e1000 	C:\WINDOWS\System32\USER32.dll
0x00007ffbd1300000 - 0x00007ffbd1322000 	C:\WINDOWS\System32\win32u.dll
0x00007ffbd35a0000 - 0x00007ffbd35cb000 	C:\WINDOWS\System32\GDI32.dll
0x00007ffbd0e10000 - 0x00007ffbd0f1f000 	C:\WINDOWS\System32\gdi32full.dll
0x00007ffbd1330000 - 0x00007ffbd13cd000 	C:\WINDOWS\System32\msvcp_win.dll
0x00007ffbd13d0000 - 0x00007ffbd14d0000 	C:\WINDOWS\System32\ucrtbase.dll
0x00007ffbd21c0000 - 0x00007ffbd225e000 	C:\WINDOWS\System32\msvcrt.dll
0x00007ffbbeb10000 - 0x00007ffbbedaa000 	C:\WINDOWS\WinSxS\amd64_microsoft.windows.common-controls_6595b64144ccf1df_6.0.19041.1110_none_60b5254171f9507e\COMCTL32.dll
0x00007ffbd1f10000 - 0x00007ffbd1f40000 	C:\WINDOWS\System32\IMM32.DLL
0x0000000072000000 - 0x0000000072012000 	C:\Program Files\Exelis\IDL83\bin\bin.x86_64\plugins\org.eclipse.equinox.launcher.win32.win32.x86_64_1.1.100.v20110502\eclipse_1406.dll
0x00007ffbd1cd0000 - 0x00007ffbd1d7e000 	C:\WINDOWS\System32\ADVAPI32.dll
0x00007ffbd2d70000 - 0x00007ffbd2e0c000 	C:\WINDOWS\System32\sechost.dll
0x00007ffbd1d80000 - 0x00007ffbd1ea4000 	C:\WINDOWS\System32\RPCRT4.dll
0x00007ffbc9ca0000 - 0x00007ffbc9caa000 	C:\WINDOWS\SYSTEM32\VERSION.dll
0x00000000673d0000 - 0x0000000067adf000 	C:\Program Files\Exelis\IDL83\bin\bin.x86_64\jre\bin\server\jvm.dll
0x00007ffbd2af0000 - 0x00007ffbd2af8000 	C:\WINDOWS\System32\PSAPI.DLL
0x00007ffbb4f40000 - 0x00007ffbb4f49000 	C:\WINDOWS\SYSTEM32\WSOCK32.dll
0x00007ffbb4f90000 - 0x00007ffbb4fb7000 	C:\WINDOWS\SYSTEM32\WINMM.dll
0x00007ffbd2c30000 - 0x00007ffbd2c9b000 	C:\WINDOWS\System32\WS2_32.dll
0x00000000672f0000 - 0x00000000673c2000 	C:\WINDOWS\SYSTEM32\MSVCR100.dll
0x00000000672e0000 - 0x00000000672ef000 	C:\Program Files\Exelis\IDL83\bin\bin.x86_64\jre\bin\verify.dll
0x00000000672b0000 - 0x00000000672d8000 	C:\Program Files\Exelis\IDL83\bin\bin.x86_64\jre\bin\java.dll
0x0000000067290000 - 0x00000000672a5000 	C:\Program Files\Exelis\IDL83\bin\bin.x86_64\jre\bin\zip.dll
0x00007ffbd05e0000 - 0x00007ffbd05f8000 	C:\WINDOWS\SYSTEM32\CRYPTSP.dll
0x00007ffbcfd10000 - 0x00007ffbcfd44000 	C:\WINDOWS\system32\rsaenh.dll
0x00007ffbd14d0000 - 0x00007ffbd14f7000 	C:\WINDOWS\System32\bcrypt.dll
0x00007ffbd0c10000 - 0x00007ffbd0c3e000 	C:\WINDOWS\SYSTEM32\USERENV.dll
0x00007ffbd0c50000 - 0x00007ffbd0c6f000 	C:\WINDOWS\SYSTEM32\profapi.dll
0x00007ffbd0f20000 - 0x00007ffbd0fa2000 	C:\WINDOWS\System32\bcryptprimitives.dll
0x00007ffbd0600000 - 0x00007ffbd060c000 	C:\WINDOWS\SYSTEM32\CRYPTBASE.dll
0x0000000067270000 - 0x0000000067289000 	C:\Program Files\Exelis\IDL83\bin\bin.x86_64\jre\bin\net.dll
0x00007ffbd03f0000 - 0x00007ffbd045a000 	C:\WINDOWS\system32\mswsock.dll
0x00007ffbb19e0000 - 0x00007ffbb1a2b000 	C:\Program Files (x86)\Sangfor\SSL\ClientComponent\3_SangforNspX64.dll
0x00007ffbd2b00000 - 0x00007ffbd2c2a000 	C:\WINDOWS\System32\ole32.dll
0x00007ffbd2e10000 - 0x00007ffbd3165000 	C:\WINDOWS\System32\combase.dll
0x00007ffbd1710000 - 0x00007ffbd17dd000 	C:\WINDOWS\System32\OLEAUT32.dll
0x00007ffbd2cb0000 - 0x00007ffbd2d05000 	C:\WINDOWS\System32\SHLWAPI.dll
0x00007ffbae850000 - 0x00007ffbae867000 	C:\WINDOWS\system32\napinsp.dll
0x00007ffbae830000 - 0x00007ffbae84b000 	C:\WINDOWS\system32\pnrpnsp.dll
0x00007ffbcbb80000 - 0x00007ffbcbb95000 	C:\WINDOWS\system32\wshbth.dll
0x00007ffbcb840000 - 0x00007ffbcb85d000 	C:\WINDOWS\system32\NLAapi.dll
0x00007ffbd00e0000 - 0x00007ffbd011b000 	C:\WINDOWS\SYSTEM32\IPHLPAPI.DLL
0x00007ffbd0120000 - 0x00007ffbd01eb000 	C:\WINDOWS\SYSTEM32\DNSAPI.dll
0x00007ffbd21b0000 - 0x00007ffbd21b8000 	C:\WINDOWS\System32\NSI.dll
0x00007ffbae810000 - 0x00007ffbae822000 	C:\WINDOWS\System32\winrnr.dll
0x0000000067ff0000 - 0x0000000068016000 	C:\Program Files\Bonjour\mdnsNSP.dll
0x00007ffbc7d50000 - 0x00007ffbc7d5a000 	C:\Windows\System32\rasadhlp.dll
0x00007ffbc6970000 - 0x00007ffbc69f0000 	C:\WINDOWS\System32\fwpuclnt.dll
0x0000000067250000 - 0x0000000067261000 	C:\Program Files\Exelis\IDL83\bin\bin.x86_64\jre\bin\nio.dll
0x00007ffbce6c0000 - 0x00007ffbce75e000 	C:\WINDOWS\system32\uxtheme.dll
0x00007ffbd3480000 - 0x00007ffbd3594000 	C:\WINDOWS\System32\MSCTF.dll
0x00007ffbcebb0000 - 0x00007ffbcebc2000 	C:\WINDOWS\SYSTEM32\kernel.appcore.dll
0x00007ffbc00a0000 - 0x00007ffbc0199000 	C:\WINDOWS\SYSTEM32\textinputframework.dll
0x00007ffbcdab0000 - 0x00007ffbcde0e000 	C:\WINDOWS\System32\CoreUIComponents.dll
0x00007ffbcd9b0000 - 0x00007ffbcdaa2000 	C:\WINDOWS\System32\CoreMessaging.dll
0x00007ffbd1660000 - 0x00007ffbd170d000 	C:\WINDOWS\System32\SHCORE.dll
0x00007ffbcfe50000 - 0x00007ffbcfe83000 	C:\WINDOWS\SYSTEM32\ntmarta.dll
0x00007ffbcc980000 - 0x00007ffbccad4000 	C:\WINDOWS\SYSTEM32\wintypes.dll
0x00007ffbd33b0000 - 0x00007ffbd3459000 	C:\WINDOWS\System32\clbcatq.dll
0x00007ffb97ce0000 - 0x00007ffb97d97000 	C:\WINDOWS\system32\baiducnTSF.dll
0x00007ffbd2260000 - 0x00007ffbd29a5000 	C:\WINDOWS\System32\SHELL32.dll
0x00007ffbd1500000 - 0x00007ffbd1656000 	C:\WINDOWS\System32\CRYPT32.dll
0x00007ffbd3460000 - 0x00007ffbd347d000 	C:\WINDOWS\System32\imagehlp.dll
0x00007ffbcedd0000 - 0x00007ffbcf562000 	C:\WINDOWS\SYSTEM32\windows.storage.dll
0x00007ffbd0690000 - 0x00007ffbd06c0000 	C:\WINDOWS\System32\Wldp.dll
0x00007ffb96830000 - 0x00007ffb96be7000 	C:\Program Files (x86)\Baidu\BaiduPinyin\5.8.0.15\UIPFullx64.dll
0x00007ffbaf080000 - 0x00007ffbaf112000 	C:\Program Files (x86)\Baidu\BaiduPinyin\5.8.0.15\configurex64.dll
0x00007ffbbe150000 - 0x00007ffbbe1b6000 	C:\WINDOWS\SYSTEM32\OLEACC.dll
0x00007ffbc9a30000 - 0x00007ffbc9a37000 	C:\WINDOWS\SYSTEM32\MSIMG32.dll
0x00007ffba14d0000 - 0x00007ffba1675000 	C:\WINDOWS\WinSxS\amd64_microsoft.windows.gdiplus_6595b64144ccf1df_1.1.19041.2251_none_91a40448cc8846c1\gdiplus.dll
0x00007ffbb4f70000 - 0x00007ffbb4f89000 	C:\WINDOWS\SYSTEM32\NETAPI32.dll
0x00007ffb97bf0000 - 0x00007ffb97cdf000 	C:\Program Files (x86)\Baidu\BaiduPinyin\5.8.0.15\imefreetypex64.dll
0x00007ffbaf930000 - 0x00007ffbaf989000 	C:\Program Files (x86)\Baidu\BaiduPinyin\5.8.0.15\imepngx64.dll
0x00007ffbafe80000 - 0x00007ffbafec8000 	C:\Program Files (x86)\Baidu\BaiduPinyin\5.8.0.15\imezlibx64.dll
0x00007ffbd0bd0000 - 0x00007ffbd0c02000 	C:\WINDOWS\SYSTEM32\SspiCli.dll
0x00007ffba1680000 - 0x00007ffba1975000 	C:\Windows\System32\uiautomationcore.dll
0x00007ffbcc850000 - 0x00007ffbcc946000 	C:\Windows\System32\PROPSYS.dll
0x00007ffbbe1c0000 - 0x00007ffbbe269000 	C:\Windows\System32\twinapi.dll
0x00007ffbca360000 - 0x00007ffbca560000 	C:\Windows\System32\twinapi.appcore.dll
0x0000000016ec0000 - 0x0000000016f67000 	C:\Users\jia\.idl\idlworkbench-config-idl8.3.0_x86_64\org.eclipse.osgi\bundles\530\1\.cp\swt-win32-3740.dll
0x00007ffbd29b0000 - 0x00007ffbd2a8a000 	C:\WINDOWS\System32\comdlg32.dll
0x00007ffbb0e90000 - 0x00007ffbb0f28000 	C:\WINDOWS\SYSTEM32\WINSPOOL.DRV
0x00007ffbae7f0000 - 0x00007ffbae809000 	C:\WINDOWS\SYSTEM32\USP10.dll
0x00007ffbb46c0000 - 0x00007ffbb4b99000 	C:\WINDOWS\SYSTEM32\WININET.dll
0x00007ffba69f0000 - 0x00007ffba6b6e000 	C:\Windows\System32\TaskFlowDataEngine.dll
0x00007ffba96b0000 - 0x00007ffba9b7c000 	C:\Windows\System32\cdp.dll
0x00007ffbd0dc0000 - 0x00007ffbd0e0e000 	C:\WINDOWS\System32\cfgmgr32.dll
0x00007ffbd0b60000 - 0x00007ffbd0b72000 	C:\Windows\System32\UMPDC.dll
0x00007ffbce190000 - 0x00007ffbce2dd000 	C:\Windows\System32\dsreg.dll
0x00007ffbcfda0000 - 0x00007ffbcfe2a000 	C:\Windows\System32\msvcp110_win.dll
0x00007ffbaefa0000 - 0x00007ffbaf01f000 	C:\Windows\System32\OneCoreCommonProxyStub.dll
0x0000000018490000 - 0x00000000184ae000 	C:\Users\jia\.idl\idlworkbench-config-idl8.3.0_x86_64\org.eclipse.osgi\bundles\530\1\.cp\swt-gdip-win32-3740.dll
0x00007ffbc9fa0000 - 0x00007ffbca154000 	C:\WINDOWS\SYSTEM32\WindowsCodecs.dll
0x0000000180000000 - 0x0000000180011000 	C:\Users\jia\.idl\idlworkbench-config-idl8.3.0_x86_64\org.eclipse.osgi\bundles\183\1\.cp\os\win32\x86_64\localfile_1_0_0.dll
0x00007ffba6980000 - 0x00007ffba69cd000 	C:\Program Files\Exelis\IDL83\bin\bin.x86_64\idl_ips.dll
0x00007ffb71d60000 - 0x00007ffb72abd000 	C:\Program Files\Exelis\IDL83\bin\bin.x86_64\idl.dll
0x00007ffba6920000 - 0x00007ffba697c000 	C:\Program Files\Exelis\IDL83\bin\bin.x86_64\MesaGLU6_2.dll
0x00007ffba6770000 - 0x00007ffba6793000 	C:\Program Files\Exelis\IDL83\bin\bin.x86_64\UG3220.dll
0x00007ffb9fef0000 - 0x00007ffba007e000 	C:\Program Files\Exelis\IDL83\bin\bin.x86_64\MesaGL6_2.dll
0x00007ffba2c90000 - 0x00007ffba2d0c000 	C:\Program Files\Exelis\IDL83\bin\bin.x86_64\freetype2_4_7.dll
0x00007ffbc9a90000 - 0x00007ffbc9a9c000 	C:\Program Files\Exelis\IDL83\bin\bin.x86_64\osmesa6_2.dll
0x00007ffbbd680000 - 0x00007ffbbd6be000 	C:\WINDOWS\system32\dataexchange.dll
0x00007ffbcd200000 - 0x00007ffbcd3e3000 	C:\WINDOWS\system32\dcomp.dll
0x00007ffbccb10000 - 0x00007ffbccd73000 	C:\WINDOWS\system32\d3d11.dll
0x00007ffbcf5d0000 - 0x00007ffbcf6c3000 	C:\WINDOWS\system32\dxgi.dll
0x00007ffbcc4f0000 - 0x00007ffbcc52e000 	C:\WINDOWS\System32\netprofm.dll
0x00007ffbc0ff0000 - 0x00007ffbc1000000 	C:\WINDOWS\System32\npmproxy.dll
0x00007ffbc7d80000 - 0x00007ffbc7d97000 	C:\WINDOWS\SYSTEM32\dhcpcsvc6.DLL
0x00007ffbc8c70000 - 0x00007ffbc8c8d000 	C:\WINDOWS\SYSTEM32\dhcpcsvc.DLL
0x0000000019180000 - 0x000000001946b000 	C:\WINDOWS\system32\spool\DRIVERS\x64\3\hp1100su.dll
0x0000000019480000 - 0x0000000019585000 	C:\WINDOWS\system32\spool\DRIVERS\x64\3\HP1100GC.dll
0x0000000019a50000 - 0x0000000019aaf000 	C:\WINDOWS\system32\spool\DRIVERS\x64\3\hp1100sd.dll
0x00007ffbbe670000 - 0x00007ffbbe795000 	C:\WINDOWS\SYSTEM32\OpenGL32.DLL
0x00007ffbc05e0000 - 0x00007ffbc060c000 	C:\WINDOWS\SYSTEM32\GLU32.dll
0x00007ffba6730000 - 0x00007ffba676e000 	C:\Program Files\Exelis\IDL83\bin\bin.x86_64\gl_driver.dll
0x0000000019610000 - 0x0000000019613000 	C:\WINDOWS\SYSTEM32\icmp.Dll
0x00007ffbbd760000 - 0x00007ffbbd80c000 	C:\WINDOWS\SYSTEM32\TextShaping.dll
0x00007ffbafed0000 - 0x00007ffbb00f0000 	C:\WINDOWS\system32\explorerframe.dll
0x00007ffba5af0000 - 0x00007ffba5b32000 	C:\WINDOWS\system32\mlang.dll
0x00007ffbd0ab0000 - 0x00007ffbd0b5b000 	C:\WINDOWS\SYSTEM32\sxs.dll
0x00007ffba4140000 - 0x00007ffba4151000 	C:\Users\jia\.idl\idlworkbench-config-idl8.3.0_x86_64\org.eclipse.osgi\bundles\208\1\.cp\jWinHttp-1.0.0.dll
0x00007ffbcb870000 - 0x00007ffbcb97a000 	C:\WINDOWS\SYSTEM32\WINHTTP.dll
0x00007ffb99640000 - 0x00007ffb9967c000 	C:\WINDOWS\system32\c_g18030.dll

VM Arguments:
jvm_args: -Dosgi.instance.area.default=@user.home/IDLWorkspace83 -Dosgi.configuration.area=@user.home/.idl/idlworkbench-config-idl8.3.0_x86_64 -Dosgi.configuration.cascaded=true -Dosgi.checkConfiguration=true -Dosgi.sharedConfiguration.area.readOnly=true -Dorg.eclipse.update.reconcile=false -Declipse.p2.data.area=@config.dir/p2 -Dosgi.sharedConfiguration.area=C:\Program Files\Exelis\IDL83\bin\bin.x86_64/configuration 
java_command: <unknown>
Launcher Type: generic

Environment Variables:
PATH=C:/Program Files/Exelis/IDL83/bin/bin.x86_64/jre/bin/server;C:/Program Files/Exelis/IDL83/bin/bin.x86_64/jre/bin;C:/Program Files/Exelis/IDL83/bin/bin.x86_64/jre/lib/amd64;C:\Program Files\Exelis\IDL83\bin\bin.x86_64\;C:\D_drive\Anaconda3\Anaconda\envs\AIMIS3D;C:\D_drive\Anaconda3\Anaconda\envs\AIMIS3D\Scripts;C:\D_drive\Anaconda3\Anaconda\envs\AIMIS3D\Library\bin;C:\D_drive\Anaconda3\Anaconda\envs\AIMIS3D\Library\mingw-w64\bin;C:\D_drive\Anaconda3\Anaconda\Scripts;C:\Program Files\Exelis\IDL85\bin\bin.x86_64;C:\Program Files\dotnet\;C:\Program Files\CMake\bin;;C:\WINDOWS\system32;C:\WINDOWS\System32\WindowsPowerShell\v1.0\;C:\WINDOWS\System32\Wbem;C:\Program Files\python;C:\Program Files\python\Scripts;C:\BtSoft\panel\script;C:\Program Files\ITK-SNAP 3.8\bin;C:\WINDOWS;C:\WINDOWS\System32\OpenSSH\;C:\Program Files (x86)\dotnet\;C:\Users\jia\AppData\Local\Microsoft\WindowsApps;;C:\Pycharm\PyCharm Community Edition 2020.1.2\bin;;C:\Users\jia\AppData\Local\Programs\Microsoft VS Code\bin;C:\Program Files\Exelis\IDL83\bin\bin.x86_64;
USERNAME=jia
OS=Windows_NT
PROCESSOR_IDENTIFIER=Intel64 Family 6 Model 126 Stepping 5, GenuineIntel



---------------  S Y S T E M  ---------------

OS: Windows 8 , 64 bit Build 9200 

CPU:total 8 (4 cores per cpu, 2 threads per core) family 6 model 126 stepping 5, cmov, cx8, fxsr, mmx, sse, sse2, sse3, ssse3, sse4.1, sse4.2, popcnt, avx, avx2, ht, tsc, tscinvbit

Memory: 4k page, physical 16353460k(6581020k free), swap 30509236k(14406964k free)

vm_info: Java HotSpot(TM) 64-Bit Server VM (23.25-b01) for windows-amd64 JRE (1.7.0_25-b17), built on Jun 21 2013 12:58:32 by "java_re" with unknown MS VC++:1600

time: Thu Apr 06 10:42:46 2023
elapsed time: 1208 seconds

