#
# A fatal error has been detected by the Java Runtime Environment:
#
#  EXCEPTION_ACCESS_VIOLATION (0xc0000005) at pc=0x00007ffe96f439c2, pid=16028, tid=19268
#
# JRE version: 7.0_25-b17
# Java VM: Java HotSpot(TM) 64-Bit Server VM (23.25-b01 mixed mode windows-amd64 compressed oops)
# Problematic frame:
# C  [idl.dll+0x4139c2]  IDL_igSrcDestPopContext+0x1032
#
# Failed to write core dump. Minidumps are not enabled by default on client versions of Windows
#
# If you would like to submit a bug report, please visit:
#   http://bugreport.sun.com/bugreport/crash.jsp
# The crash happened outside the Java Virtual Machine in native code.
# See problematic frame for where to report the bug.
#

---------------  T H R E A D  ---------------

Current thread (0x000000001653c800):  JavaThread "IDL" [_thread_in_native, id=19268, stack(0x0000000017a70000,0x0000000017b70000)]

siginfo: ExceptionCode=0xc0000005, reading address 0x000000001eb65068

Registers:
RAX=0x000000001eb65050, RBX=0x000000001eb650d0, RCX=0x0000000000000000, RDX=0x0000000016b5af50
RSP=0x0000000017b63530, RBP=0x0000000017b63630, RSI=0x000000005eeab320, RDI=0x0000000017b635c0
R8 =0x0000000000000002, R9 =0x0000000000000000, R10=0x00007ffe05000401, R11=0x0000000000000005
R12=0x000000005eeab3b0, R13=0x0000000000000000, R14=0x0000000000000000, R15=0x0000000013929370
RIP=0x00007ffe96f439c2, EFLAGS=0x0000000000010206

Top of Stack: (sp=0x0000000017b63530)
0x0000000017b63530:   000000001532c420 0000000016b5af50
0x0000000017b63540:   0000000000000002 0000000000000000
0x0000000017b63550:   0000000000000000 0000000000000001
0x0000000017b63560:   0000000017b635a0 0000000000000000
0x0000000017b63570:   0000000000000000 00007fff00000000
0x0000000017b63580:   0000000000000000 0000000000000000
0x0000000017b63590:   0000000017b641e0 000000000000001e
0x0000000017b635a0:   0000000017b635d8 0000000000000000
0x0000000017b635b0:   0000000000000000 ffffffff00000000
0x0000000017b635c0:   0000000000000000 000000000000eb54
0x0000000017b635d0:   0000000000000000 000000000000010b
0x0000000017b635e0:   000000000000eb51 0000000000000000
0x0000000017b635f0:   0000000000000001 ffffffff8b010939
0x0000000017b63600:   000000000000003c 0000000080000010
0x0000000017b63610:   0000000000000000 00007fff17266b19
0x0000000017b63620:   0000000000000000 0000000017660ca8 

Instructions: (pc=0x00007ffe96f439c2)
0x00007ffe96f439a2:   75 33 48 8b 15 05 ac 7f 00 48 8b 4e 28 45 33 c9
0x00007ffe96f439b2:   45 8d 41 02 e8 e5 4a cb ff 48 8b c8 48 8b 46 20
0x00007ffe96f439c2:   48 03 48 18 48 8b 81 c8 00 00 00 48 8b 89 d0 00
0x00007ffe96f439d2:   00 00 ff 50 58 45 33 c0 33 d2 48 8b cb e8 5c f8 


Register to memory mapping:

RAX=0x000000001eb65050 is an unknown value
RBX=0x000000001eb650d0 is an unknown value
RCX=0x0000000000000000 is an unknown value
RDX=0x0000000016b5af50 is an unknown value
RSP=0x0000000017b63530 is pointing into the stack for thread: 0x000000001653c800
RBP=0x0000000017b63630 is pointing into the stack for thread: 0x000000001653c800
RSI=0x000000005eeab320 is an unknown value
RDI=0x0000000017b635c0 is pointing into the stack for thread: 0x000000001653c800
R8 =0x0000000000000002 is an unknown value
R9 =0x0000000000000000 is an unknown value
R10=0x00007ffe05000401 is an unknown value
R11=0x0000000000000005 is an unknown value
R12=0x000000005eeab3b0 is an unknown value
R13=0x0000000000000000 is an unknown value
R14=0x0000000000000000 is an unknown value
R15=0x0000000013929370 is an unknown value


Stack: [0x0000000017a70000,0x0000000017b70000],  sp=0x0000000017b63530,  free space=973k
Native frames: (J=compiled Java code, j=interpreted, Vv=VM code, C=native code)
C  [idl.dll+0x4139c2]  IDL_igSrcDestPopContext+0x1032

Java frames: (J=compiled Java code, j=interpreted, Vv=VM code)
j  com.rsi.idldt.core.ips.IPS_Access.IPS_Start([Ljava/lang/String;)V+0
j  com.rsi.idldt.core.ips.IPS_Manager$2.run()V+15
j  java.lang.Thread.run()V+11
v  ~StubRoutines::call_stub

---------------  P R O C E S S  ---------------

Java Threads: ( => current thread )
  0x000000001de1d000 JavaThread "Thread-127" [_thread_in_native, id=16608, stack(0x000000001d020000,0x000000001d120000)]
  0x000000001de1d800 JavaThread "Worker-92" [_thread_blocked, id=24440, stack(0x000000001cc00000,0x000000001cd00000)]
  0x000000001de18000 JavaThread "Worker-91" [_thread_blocked, id=14908, stack(0x000000001c8e0000,0x000000001c9e0000)]
  0x000000001de1c000 JavaThread "Worker-90" [_thread_blocked, id=9940, stack(0x000000001c7e0000,0x000000001c8e0000)]
  0x000000001de1a800 JavaThread "Worker-89" [_thread_blocked, id=8588, stack(0x00000000007d0000,0x00000000008d0000)]
  0x000000001de1e800 JavaThread "Worker-88" [_thread_blocked, id=22372, stack(0x0000000000690000,0x0000000000790000)]
  0x000000001de20000 JavaThread "Worker-87" [_thread_blocked, id=1920, stack(0x0000000019e90000,0x0000000019f90000)]
  0x00000000158ca000 JavaThread "[ThreadPool Manager] - Idle Thread" daemon [_thread_blocked, id=15620, stack(0x00000000216f0000,0x00000000217f0000)]
  0x0000000016548000 JavaThread "Timer-2" daemon [_thread_blocked, id=20016, stack(0x000000001a090000,0x000000001a190000)]
  0x0000000016548800 JavaThread "Timer-1" daemon [_thread_blocked, id=16972, stack(0x0000000019ba0000,0x0000000019ca0000)]
  0x0000000016544000 JavaThread "Thread-14" [_thread_in_native, id=22316, stack(0x0000000019aa0000,0x0000000019ba0000)]
  0x0000000016540800 JavaThread "IDLDT DOM Worker-7" [_thread_blocked, id=27224, stack(0x00000000192b0000,0x00000000193b0000)]
  0x0000000016545000 JavaThread "IDLDT DOM Worker-6" [_thread_blocked, id=16448, stack(0x00000000191b0000,0x00000000192b0000)]
  0x0000000016547000 JavaThread "IDLDT DOM Worker-5" [_thread_blocked, id=23612, stack(0x00000000190b0000,0x00000000191b0000)]
  0x0000000016543800 JavaThread "IDLDT DOM Worker-4" [_thread_blocked, id=24232, stack(0x0000000018fb0000,0x00000000190b0000)]
  0x000000001653c000 JavaThread "IDLDT DOM Worker-3" [_thread_blocked, id=26212, stack(0x0000000018eb0000,0x0000000018fb0000)]
  0x000000001653f800 JavaThread "IDLDT DOM Worker-2" [_thread_blocked, id=8500, stack(0x0000000018db0000,0x0000000018eb0000)]
  0x0000000016542800 JavaThread "IDLDT DOM Worker-1" [_thread_blocked, id=10356, stack(0x0000000018cb0000,0x0000000018db0000)]
  0x0000000016542000 JavaThread "IDLDT DOM Worker-0" [_thread_blocked, id=9840, stack(0x0000000018bb0000,0x0000000018cb0000)]
  0x000000001653f000 JavaThread "Timer-0" daemon [_thread_blocked, id=13732, stack(0x0000000018ab0000,0x0000000018bb0000)]
=>0x000000001653c800 JavaThread "IDL" [_thread_in_native, id=19268, stack(0x0000000017a70000,0x0000000017b70000)]
  0x0000000013702000 JavaThread "IDLToJava Broker" daemon [_thread_blocked, id=25752, stack(0x0000000017970000,0x0000000017a70000)]
  0x0000000013705800 JavaThread "Provisioning Event Dispatcher" daemon [_thread_blocked, id=23308, stack(0x00000000161f0000,0x00000000162f0000)]
  0x0000000013702800 JavaThread "Bundle File Closer" daemon [_thread_blocked, id=27116, stack(0x0000000015ff0000,0x00000000160f0000)]
  0x0000000013703800 JavaThread "Worker-JM" [_thread_blocked, id=18872, stack(0x0000000015ef0000,0x0000000015ff0000)]
  0x0000000013704000 JavaThread "[Timer] - Main Queue Handler" daemon [_thread_blocked, id=18812, stack(0x0000000015d40000,0x0000000015e40000)]
  0x0000000013701000 JavaThread "Framework Event Dispatcher" daemon [_thread_blocked, id=7164, stack(0x0000000015b40000,0x0000000015c40000)]
  0x0000000013706800 JavaThread "Start Level Event Dispatcher" daemon [_thread_blocked, id=9748, stack(0x0000000015a40000,0x0000000015b40000)]
  0x0000000013700800 JavaThread "State Data Manager" daemon [_thread_blocked, id=16036, stack(0x0000000015940000,0x0000000015a40000)]
  0x0000000013707000 JavaThread "Framework Active Thread" [_thread_blocked, id=23484, stack(0x0000000013b90000,0x0000000013c90000)]
  0x0000000011065800 JavaThread "Service Thread" daemon [_thread_blocked, id=26476, stack(0x0000000013460000,0x0000000013560000)]
  0x000000001105e800 JavaThread "C2 CompilerThread1" daemon [_thread_blocked, id=22508, stack(0x0000000013360000,0x0000000013460000)]
  0x000000001105c800 JavaThread "C2 CompilerThread0" daemon [_thread_blocked, id=14140, stack(0x0000000013260000,0x0000000013360000)]
  0x000000001105b800 JavaThread "Attach Listener" daemon [_thread_blocked, id=15508, stack(0x0000000013160000,0x0000000013260000)]
  0x0000000011057000 JavaThread "Signal Dispatcher" daemon [_thread_blocked, id=16888, stack(0x0000000013060000,0x0000000013160000)]
  0x0000000010fd0000 JavaThread "Finalizer" daemon [_thread_blocked, id=23840, stack(0x0000000012f60000,0x0000000013060000)]
  0x0000000010fc8800 JavaThread "Reference Handler" daemon [_thread_blocked, id=12100, stack(0x0000000012e60000,0x0000000012f60000)]
  0x000000000268e800 JavaThread "main" [_thread_in_Java, id=27192, stack(0x0000000000050000,0x0000000000150000)]

Other Threads:
  0x0000000010fc4000 VMThread [stack: 0x0000000012d60000,0x0000000012e60000] [id=16868]
  0x0000000013578800 WatcherThread [stack: 0x0000000013960000,0x0000000013a60000] [id=24480]

VM state:not at safepoint (normal execution)

VM Mutex/Monitor currently owned by a thread: None

Heap
 PSYoungGen      total 662656K, used 69286K [0x00000007ab800000, 0x00000007d3f50000, 0x0000000800000000)
  eden space 662464K, 10% used [0x00000007ab800000,0x00000007afba98d8,0x00000007d3ef0000)
  from space 192K, 0% used [0x00000007d3f20000,0x00000007d3f20000,0x00000007d3f50000)
  to   space 192K, 0% used [0x00000007d3ef0000,0x00000007d3ef0000,0x00000007d3f20000)
 ParOldGen       total 173056K, used 78733K [0x0000000702800000, 0x000000070d100000, 0x00000007ab800000)
  object space 173056K, 45% used [0x0000000702800000,0x00000007074e3760,0x000000070d100000)
 PSPermGen       total 46848K, used 46738K [0x00000006fd600000, 0x00000007003c0000, 0x0000000702800000)
  object space 46848K, 99% used [0x00000006fd600000,0x00000007003a49a8,0x00000007003c0000)

Card table byte_map: [0x0000000005750000,0x0000000005f70000] byte_map_base: 0x0000000001f65000

Polling page: 0x0000000002500000

Code Cache  [0x0000000002690000, 0x0000000002cb0000, 0x0000000005690000)
 total_blobs=2402 nmethods=1745 adapters=606 free_code_cache=43083Kb largest_free_block=43966528

Compilation events (10 events):
Event: 34095.857 Thread 0x000000001105c800 1916             org.eclipse.swt.widgets.Tree::getSelection (251 bytes)
Event: 34095.862 Thread 0x000000001105e800 1917   !         org.eclipse.core.internal.jobs.JobManager::select (152 bytes)
Event: 34095.870 Thread 0x000000001105c800 nmethod 1916 0x0000000002c0ec10 code [0x0000000002c0ee80, 0x0000000002c0f980]
Event: 34095.875 Thread 0x000000001105e800 nmethod 1917 0x0000000002bc0e10 code [0x0000000002bc1000, 0x0000000002bc1f20]
Event: 34095.995 Thread 0x000000001105c800 1918             org.eclipse.core.runtime.jobs.Job::getRule (5 bytes)
Event: 34095.995 Thread 0x000000001105c800 nmethod 1918 0x0000000002c0ea10 code [0x0000000002c0eb40, 0x0000000002c0ebb8]
Event: 34096.118 Thread 0x000000001105e800 1919             org.eclipse.core.runtime.jobs.Job::belongsTo (2 bytes)
Event: 34096.118 Thread 0x000000001105e800 nmethod 1919 0x0000000002c94690 code [0x0000000002c947c0, 0x0000000002c94818]
Event: 34099.136 Thread 0x000000001105c800 1920             org.eclipse.jface.action.ExternalActionManager$CommandCallback::bindingManagerChanged (186 bytes)
Event: 34099.145 Thread 0x000000001105c800 nmethod 1920 0x0000000002c53790 code [0x0000000002c53980, 0x0000000002c540a0]

GC Heap History (10 events):
Event: 33966.531 GC heap before
{Heap before GC invocations=1144 (full 566):
 PSYoungGen      total 662656K, used 96K [0x00000007ab800000, 0x00000007d3f50000, 0x0000000800000000)
  eden space 662464K, 0% used [0x00000007ab800000,0x00000007ab800000,0x00000007d3ef0000)
  from space 192K, 50% used [0x00000007d3f20000,0x00000007d3f38000,0x00000007d3f50000)
  to   space 192K, 0% used [0x00000007d3ef0000,0x00000007d3ef0000,0x00000007d3f20000)
 ParOldGen       total 173056K, used 78682K [0x0000000702800000, 0x000000070d100000, 0x00000007ab800000)
  object space 173056K, 45% used [0x0000000702800000,0x00000007074d6ba8,0x000000070d100000)
 PSPermGen       total 46656K, used 46610K [0x00000006fd600000, 0x0000000700390000, 0x0000000702800000)
  object space 46656K, 99% used [0x00000006fd600000,0x0000000700384bc8,0x0000000700390000)
Event: 33966.588 GC heap after
Heap after GC invocations=1144 (full 566):
 PSYoungGen      total 662656K, used 0K [0x00000007ab800000, 0x00000007d3f50000, 0x0000000800000000)
  eden space 662464K, 0% used [0x00000007ab800000,0x00000007ab800000,0x00000007d3ef0000)
  from space 192K, 0% used [0x00000007d3f20000,0x00000007d3f20000,0x00000007d3f50000)
  to   space 192K, 0% used [0x00000007d3ef0000,0x00000007d3ef0000,0x00000007d3f20000)
 ParOldGen       total 173056K, used 78682K [0x0000000702800000, 0x000000070d100000, 0x00000007ab800000)
  object space 173056K, 45% used [0x0000000702800000,0x00000007074d6ba8,0x000000070d100000)
 PSPermGen       total 46656K, used 46610K [0x00000006fd600000, 0x0000000700390000, 0x0000000702800000)
  object space 46656K, 99% used [0x00000006fd600000,0x0000000700384bc8,0x0000000700390000)
}
Event: 34026.541 GC heap before
{Heap before GC invocations=1145 (full 566):
 PSYoungGen      total 662656K, used 21989K [0x00000007ab800000, 0x00000007d3f50000, 0x0000000800000000)
  eden space 662464K, 3% used [0x00000007ab800000,0x00000007acd79558,0x00000007d3ef0000)
  from space 192K, 0% used [0x00000007d3f20000,0x00000007d3f20000,0x00000007d3f50000)
  to   space 192K, 0% used [0x00000007d3ef0000,0x00000007d3ef0000,0x00000007d3f20000)
 ParOldGen       total 173056K, used 78682K [0x0000000702800000, 0x000000070d100000, 0x00000007ab800000)
  object space 173056K, 45% used [0x0000000702800000,0x00000007074d6ba8,0x000000070d100000)
 PSPermGen       total 46656K, used 46610K [0x00000006fd600000, 0x0000000700390000, 0x0000000702800000)
  object space 46656K, 99% used [0x00000006fd600000,0x0000000700384bc8,0x0000000700390000)
Event: 34026.542 GC heap after
Heap after GC invocations=1145 (full 566):
 PSYoungGen      total 662656K, used 64K [0x00000007ab800000, 0x00000007d3f50000, 0x0000000800000000)
  eden space 662464K, 0% used [0x00000007ab800000,0x00000007ab800000,0x00000007d3ef0000)
  from space 192K, 33% used [0x00000007d3ef0000,0x00000007d3f00000,0x00000007d3f20000)
  to   space 192K, 0% used [0x00000007d3f20000,0x00000007d3f20000,0x00000007d3f50000)
 ParOldGen       total 173056K, used 78682K [0x0000000702800000, 0x000000070d100000, 0x00000007ab800000)
  object space 173056K, 45% used [0x0000000702800000,0x00000007074d6ba8,0x000000070d100000)
 PSPermGen       total 46656K, used 46610K [0x00000006fd600000, 0x0000000700390000, 0x0000000702800000)
  object space 46656K, 99% used [0x00000006fd600000,0x0000000700384bc8,0x0000000700390000)
}
Event: 34026.542 GC heap before
{Heap before GC invocations=1146 (full 567):
 PSYoungGen      total 662656K, used 64K [0x00000007ab800000, 0x00000007d3f50000, 0x0000000800000000)
  eden space 662464K, 0% used [0x00000007ab800000,0x00000007ab800000,0x00000007d3ef0000)
  from space 192K, 33% used [0x00000007d3ef0000,0x00000007d3f00000,0x00000007d3f20000)
  to   space 192K, 0% used [0x00000007d3f20000,0x00000007d3f20000,0x00000007d3f50000)
 ParOldGen       total 173056K, used 78682K [0x0000000702800000, 0x000000070d100000, 0x00000007ab800000)
  object space 173056K, 45% used [0x0000000702800000,0x00000007074d6ba8,0x000000070d100000)
 PSPermGen       total 46656K, used 46610K [0x00000006fd600000, 0x0000000700390000, 0x0000000702800000)
  object space 46656K, 99% used [0x00000006fd600000,0x0000000700384bc8,0x0000000700390000)
Event: 34026.598 GC heap after
Heap after GC invocations=1146 (full 567):
 PSYoungGen      total 662656K, used 0K [0x00000007ab800000, 0x00000007d3f50000, 0x0000000800000000)
  eden space 662464K, 0% used [0x00000007ab800000,0x00000007ab800000,0x00000007d3ef0000)
  from space 192K, 0% used [0x00000007d3ef0000,0x00000007d3ef0000,0x00000007d3f20000)
  to   space 192K, 0% used [0x00000007d3f20000,0x00000007d3f20000,0x00000007d3f50000)
 ParOldGen       total 173056K, used 78682K [0x0000000702800000, 0x000000070d100000, 0x00000007ab800000)
  object space 173056K, 45% used [0x0000000702800000,0x00000007074d6ba8,0x000000070d100000)
 PSPermGen       total 46656K, used 46610K [0x00000006fd600000, 0x0000000700390000, 0x0000000702800000)
  object space 46656K, 99% used [0x00000006fd600000,0x0000000700384bc8,0x0000000700390000)
}
Event: 34086.550 GC heap before
{Heap before GC invocations=1147 (full 567):
 PSYoungGen      total 662656K, used 21990K [0x00000007ab800000, 0x00000007d3f50000, 0x0000000800000000)
  eden space 662464K, 3% used [0x00000007ab800000,0x00000007acd79978,0x00000007d3ef0000)
  from space 192K, 0% used [0x00000007d3ef0000,0x00000007d3ef0000,0x00000007d3f20000)
  to   space 192K, 0% used [0x00000007d3f20000,0x00000007d3f20000,0x00000007d3f50000)
 ParOldGen       total 173056K, used 78682K [0x0000000702800000, 0x000000070d100000, 0x00000007ab800000)
  object space 173056K, 45% used [0x0000000702800000,0x00000007074d6ba8,0x000000070d100000)
 PSPermGen       total 46656K, used 46610K [0x00000006fd600000, 0x0000000700390000, 0x0000000702800000)
  object space 46656K, 99% used [0x00000006fd600000,0x0000000700384bc8,0x0000000700390000)
Event: 34086.552 GC heap after
Heap after GC invocations=1147 (full 567):
 PSYoungGen      total 662656K, used 160K [0x00000007ab800000, 0x00000007d3f50000, 0x0000000800000000)
  eden space 662464K, 0% used [0x00000007ab800000,0x00000007ab800000,0x00000007d3ef0000)
  from space 192K, 83% used [0x00000007d3f20000,0x00000007d3f48000,0x00000007d3f50000)
  to   space 192K, 0% used [0x00000007d3ef0000,0x00000007d3ef0000,0x00000007d3f20000)
 ParOldGen       total 173056K, used 78682K [0x0000000702800000, 0x000000070d100000, 0x00000007ab800000)
  object space 173056K, 45% used [0x0000000702800000,0x00000007074d6ba8,0x000000070d100000)
 PSPermGen       total 46656K, used 46610K [0x00000006fd600000, 0x0000000700390000, 0x0000000702800000)
  object space 46656K, 99% used [0x00000006fd600000,0x0000000700384bc8,0x0000000700390000)
}
Event: 34086.552 GC heap before
{Heap before GC invocations=1148 (full 568):
 PSYoungGen      total 662656K, used 160K [0x00000007ab800000, 0x00000007d3f50000, 0x0000000800000000)
  eden space 662464K, 0% used [0x00000007ab800000,0x00000007ab800000,0x00000007d3ef0000)
  from space 192K, 83% used [0x00000007d3f20000,0x00000007d3f48000,0x00000007d3f50000)
  to   space 192K, 0% used [0x00000007d3ef0000,0x00000007d3ef0000,0x00000007d3f20000)
 ParOldGen       total 173056K, used 78682K [0x0000000702800000, 0x000000070d100000, 0x00000007ab800000)
  object space 173056K, 45% used [0x0000000702800000,0x00000007074d6ba8,0x000000070d100000)
 PSPermGen       total 46656K, used 46610K [0x00000006fd600000, 0x0000000700390000, 0x0000000702800000)
  object space 46656K, 99% used [0x00000006fd600000,0x0000000700384bc8,0x0000000700390000)
Event: 34086.679 GC heap after
Heap after GC invocations=1148 (full 568):
 PSYoungGen      total 662656K, used 0K [0x00000007ab800000, 0x00000007d3f50000, 0x0000000800000000)
  eden space 662464K, 0% used [0x00000007ab800000,0x00000007ab800000,0x00000007d3ef0000)
  from space 192K, 0% used [0x00000007d3f20000,0x00000007d3f20000,0x00000007d3f50000)
  to   space 192K, 0% used [0x00000007d3ef0000,0x00000007d3ef0000,0x00000007d3f20000)
 ParOldGen       total 173056K, used 78733K [0x0000000702800000, 0x000000070d100000, 0x00000007ab800000)
  object space 173056K, 45% used [0x0000000702800000,0x00000007074e3760,0x000000070d100000)
 PSPermGen       total 46656K, used 46610K [0x00000006fd600000, 0x0000000700390000, 0x0000000702800000)
  object space 46656K, 99% used [0x00000006fd600000,0x0000000700384bc8,0x0000000700390000)
}

Deoptimization events (10 events):
Event: 34088.028 Thread 0x000000001de1a800 Uncommon trap -83 fr.pc 0x0000000002b2d830
Event: 34088.293 Thread 0x000000000268e800 Uncommon trap -58 fr.pc 0x0000000002bd4578
Event: 34088.332 Thread 0x000000000268e800 Uncommon trap -58 fr.pc 0x0000000002bd4578
Event: 34088.345 Thread 0x000000000268e800 Uncommon trap -58 fr.pc 0x0000000002bd4578
Event: 34088.345 Thread 0x000000000268e800 Uncommon trap -83 fr.pc 0x000000000284a3a0
Event: 34088.886 Thread 0x000000000268e800 Uncommon trap -58 fr.pc 0x0000000002bd4578
Event: 34095.748 Thread 0x000000000268e800 Uncommon trap -83 fr.pc 0x00000000029cbc80
Event: 34095.947 Thread 0x000000000268e800 Uncommon trap -34 fr.pc 0x0000000002b05c0c
Event: 34096.082 Thread 0x000000000268e800 Uncommon trap -34 fr.pc 0x0000000002b05c0c
Event: 34099.139 Thread 0x000000000268e800 Uncommon trap -83 fr.pc 0x0000000002c8aa20

Internal exceptions (10 events):
Event: 21.125 Thread 0x000000001653c800 Threw 0x00000007b59b5390 at C:\jdk7u2_64p\jdk7u25\hotspot\src\share\vm\prims\jni.cpp:716
Event: 21.125 Thread 0x000000001653c800 Threw 0x00000007b59b5590 at C:\jdk7u2_64p\jdk7u25\hotspot\src\share\vm\prims\jni.cpp:716
Event: 21.257 Thread 0x000000000268e800 Implicit null exception at 0x00000000028ceec3 to 0x00000000028cf8dd
Event: 21.258 Thread 0x000000000268e800 Implicit null exception at 0x000000000285f991 to 0x00000000028604b5
Event: 21.491 Thread 0x000000000268e800 Implicit null exception at 0x000000000296bc7b to 0x000000000296c38d
Event: 27.964 Thread 0x000000001b9c7000 Implicit null exception at 0x0000000002ab4996 to 0x0000000002ab4a81
Event: 34.648 Thread 0x000000000268e800 Implicit null exception at 0x0000000002be8b7c to 0x0000000002beaf71
Event: 45.568 Thread 0x000000000268e800 Implicit null exception at 0x0000000002bbf6d5 to 0x0000000002bc05b9
Event: 46.560 Thread 0x000000000268e800 Implicit null exception at 0x0000000002b3a43b to 0x0000000002b3b9bd
Event: 34099.139 Thread 0x000000000268e800 Implicit null exception at 0x0000000002c88261 to 0x0000000002c8a9f9

Events (10 events):
Event: 34096.553 Executing VM operation: RevokeBias done
Event: 34099.132 Thread 0x000000001de1f000 Thread exited: 0x000000001de1f000
Event: 34099.133 Executing VM operation: RevokeBias
Event: 34099.133 Executing VM operation: RevokeBias done
Event: 34099.139 Thread 0x000000000268e800 DEOPT PACKING pc=0x0000000002c8aa20 sp=0x000000000014e230
Event: 34099.139 Thread 0x000000000268e800 DEOPT UNPACKING pc=0x00000000026c9164 sp=0x000000000014e130 mode 2
Event: 34099.153 Executing VM operation: RevokeBias
Event: 34099.153 Executing VM operation: RevokeBias done
Event: 34099.165 Thread 0x000000001de19000 Thread added: 0x000000001de19000
Event: 34099.165 Thread 0x000000001de19000 Thread exited: 0x000000001de19000


Dynamic libraries:
0x0000000000400000 - 0x000000000040e000 	C:\Program Files\Exelis\IDL83\bin\bin.x86_64\idlde.exe
0x00007fff197b0000 - 0x00007fff199c7000 	C:\WINDOWS\SYSTEM32\ntdll.dll
0x00007fff180d0000 - 0x00007fff18194000 	C:\WINDOWS\System32\KERNEL32.DLL
0x00007fff16ad0000 - 0x00007fff16e7d000 	C:\WINDOWS\System32\KERNELBASE.dll
0x00007fff0d470000 - 0x00007fff0d507000 	C:\WINDOWS\SYSTEM32\apphelp.dll
0x00007fff18480000 - 0x00007fff1862e000 	C:\WINDOWS\System32\USER32.dll
0x00007fff16f90000 - 0x00007fff16fb6000 	C:\WINDOWS\System32\win32u.dll
0x00007fff192d0000 - 0x00007fff192f9000 	C:\WINDOWS\System32\GDI32.dll
0x00007fff17250000 - 0x00007fff17369000 	C:\WINDOWS\System32\gdi32full.dll
0x00007fff16ef0000 - 0x00007fff16f8a000 	C:\WINDOWS\System32\msvcp_win.dll
0x00007fff16ff0000 - 0x00007fff17101000 	C:\WINDOWS\System32\ucrtbase.dll
0x00007fff17e00000 - 0x00007fff17ea7000 	C:\WINDOWS\System32\msvcrt.dll
0x00007ffefe070000 - 0x00007ffefe303000 	C:\WINDOWS\WinSxS\amd64_microsoft.windows.common-controls_6595b64144ccf1df_6.0.22621.3672_none_2713b9d173822955\COMCTL32.dll
0x00007fff18730000 - 0x00007fff18761000 	C:\WINDOWS\System32\IMM32.DLL
0x0000000072000000 - 0x0000000072012000 	C:\Program Files\Exelis\IDL83\bin\bin.x86_64\plugins\org.eclipse.equinox.launcher.win32.win32.x86_64_1.1.100.v20110502\eclipse_1406.dll
0x00007fff174e0000 - 0x00007fff17592000 	C:\WINDOWS\System32\ADVAPI32.dll
0x00007fff187f0000 - 0x00007fff18899000 	C:\WINDOWS\System32\sechost.dll
0x00007fff16fc0000 - 0x00007fff16fe8000 	C:\WINDOWS\System32\bcrypt.dll
0x00007fff181b0000 - 0x00007fff182c4000 	C:\WINDOWS\System32\RPCRT4.dll
0x00007fff10830000 - 0x00007fff1083a000 	C:\WINDOWS\SYSTEM32\VERSION.dll
0x000000006dca0000 - 0x000000006e3af000 	C:\Program Files\Exelis\IDL83\bin\bin.x86_64\jre\bin\server\jvm.dll
0x00007fff181a0000 - 0x00007fff181a8000 	C:\WINDOWS\System32\PSAPI.DLL
0x00007ffefde90000 - 0x00007ffefde99000 	C:\WINDOWS\SYSTEM32\WSOCK32.dll
0x00007fff10600000 - 0x00007fff10634000 	C:\WINDOWS\SYSTEM32\WINMM.dll
0x00007fff182d0000 - 0x00007fff18341000 	C:\WINDOWS\System32\WS2_32.dll
0x000000006dbc0000 - 0x000000006dc92000 	C:\WINDOWS\SYSTEM32\MSVCR100.dll
0x000000006dbb0000 - 0x000000006dbbf000 	C:\Program Files\Exelis\IDL83\bin\bin.x86_64\jre\bin\verify.dll
0x000000006db80000 - 0x000000006dba8000 	C:\Program Files\Exelis\IDL83\bin\bin.x86_64\jre\bin\java.dll
0x000000006db60000 - 0x000000006db75000 	C:\Program Files\Exelis\IDL83\bin\bin.x86_64\jre\bin\zip.dll
0x00007fff162b0000 - 0x00007fff162cb000 	C:\WINDOWS\SYSTEM32\CRYPTSP.dll
0x00007fff15b10000 - 0x00007fff15b45000 	C:\WINDOWS\system32\rsaenh.dll
0x00007fff160b0000 - 0x00007fff160d8000 	C:\WINDOWS\SYSTEM32\USERENV.dll
0x00007fff16a00000 - 0x00007fff16a21000 	C:\WINDOWS\SYSTEM32\profapi.dll
0x00007fff171d0000 - 0x00007fff1724b000 	C:\WINDOWS\System32\bcryptprimitives.dll
0x00007fff16210000 - 0x00007fff1621c000 	C:\WINDOWS\SYSTEM32\CRYPTBASE.dll
0x000000006db40000 - 0x000000006db59000 	C:\Program Files\Exelis\IDL83\bin\bin.x86_64\jre\bin\net.dll
0x00007fff16010000 - 0x00007fff16079000 	C:\WINDOWS\system32\mswsock.dll
0x00007fff02620000 - 0x00007fff02637000 	C:\WINDOWS\system32\napinsp.dll
0x00007fff025f0000 - 0x00007fff0260b000 	C:\WINDOWS\system32\pnrpnsp.dll
0x00007fff155e0000 - 0x00007fff156d8000 	C:\WINDOWS\SYSTEM32\DNSAPI.dll
0x00007fff155b0000 - 0x00007fff155dd000 	C:\WINDOWS\SYSTEM32\IPHLPAPI.DLL
0x00007fff17cf0000 - 0x00007fff17cf9000 	C:\WINDOWS\System32\NSI.dll
0x00007fff025d0000 - 0x00007fff025e1000 	C:\WINDOWS\System32\winrnr.dll
0x00007fff10420000 - 0x00007fff10435000 	C:\WINDOWS\system32\wshbth.dll
0x00007fff025a0000 - 0x00007fff025c7000 	C:\WINDOWS\system32\nlansp_c.dll
0x00007fff0ff00000 - 0x00007fff0ff0a000 	C:\Windows\System32\rasadhlp.dll
0x00007fff10c50000 - 0x00007fff10cd3000 	C:\WINDOWS\System32\fwpuclnt.dll
0x000000006db20000 - 0x000000006db31000 	C:\Program Files\Exelis\IDL83\bin\bin.x86_64\jre\bin\nio.dll
0x00007fff13ef0000 - 0x00007fff13fa0000 	C:\WINDOWS\system32\uxtheme.dll
0x00007fff193e0000 - 0x00007fff1976d000 	C:\WINDOWS\System32\combase.dll
0x00007fff17eb0000 - 0x00007fff1800b000 	C:\WINDOWS\System32\MSCTF.dll
0x00007fff15bb0000 - 0x00007fff15bc8000 	C:\WINDOWS\SYSTEM32\kernel.appcore.dll
0x00007ffeef8a0000 - 0x00007ffeef9ee000 	C:\WINDOWS\SYSTEM32\textinputframework.dll
0x00007fff19300000 - 0x00007fff193d7000 	C:\WINDOWS\System32\OLEAUT32.dll
0x00007fff0d2d0000 - 0x00007fff0d403000 	C:\WINDOWS\SYSTEM32\CoreMessaging.dll
0x00007fff0ada0000 - 0x00007fff0b10d000 	C:\WINDOWS\SYSTEM32\CoreUIComponents.dll
0x00007fff148a0000 - 0x00007fff149df000 	C:\WINDOWS\SYSTEM32\wintypes.dll
0x00007ffef9930000 - 0x00007ffef9999000 	C:\WINDOWS\system32\Oleacc.dll
0x00007fff18350000 - 0x00007fff18400000 	C:\WINDOWS\System32\clbcatq.dll
0x00007ffeef850000 - 0x00007ffeef89b000 	C:\WINDOWS\system32\ApplicationTargetedFeatureDatabase.dll
0x00007fff0b660000 - 0x00007fff0b8ea000 	C:\Windows\System32\twinapi.appcore.dll
0x0000000015c40000 - 0x0000000015ce7000 	C:\Users\77957\.idl\idlworkbench-config-idl8.3.0_x86_64\org.eclipse.osgi\bundles\530\1\.cp\swt-win32-3740.dll
0x00007fff176a0000 - 0x00007fff17845000 	C:\WINDOWS\System32\ole32.dll
0x00007fff175a0000 - 0x00007fff1769f000 	C:\WINDOWS\System32\comdlg32.dll
0x00007fff17d00000 - 0x00007fff17df9000 	C:\WINDOWS\System32\shcore.dll
0x00007fff18770000 - 0x00007fff187ce000 	C:\WINDOWS\System32\SHLWAPI.dll
0x00007fff18a60000 - 0x00007fff192c8000 	C:\WINDOWS\System32\SHELL32.dll
0x00007fff17370000 - 0x00007fff174d7000 	C:\WINDOWS\System32\CRYPT32.dll
0x00007ffefb240000 - 0x00007ffefb2e7000 	C:\WINDOWS\SYSTEM32\WINSPOOL.DRV
0x00007ffef9910000 - 0x00007ffef9929000 	C:\WINDOWS\SYSTEM32\USP10.dll
0x00007ffefd530000 - 0x00007ffefda2e000 	C:\WINDOWS\SYSTEM32\WININET.dll
0x00007fff12a10000 - 0x00007fff12b10000 	C:\WINDOWS\SYSTEM32\propsys.dll
0x00007fff149e0000 - 0x00007fff152de000 	C:\WINDOWS\system32\windows.storage.dll
0x00007ffeacec0000 - 0x00007ffead075000 	C:\Windows\System32\TaskFlowDataEngine.dll
0x00007ffeebab0000 - 0x00007ffeebb60000 	C:\Windows\System32\OneCoreCommonProxyStub.dll
0x00000000173d0000 - 0x00000000173ee000 	C:\Users\77957\.idl\idlworkbench-config-idl8.3.0_x86_64\org.eclipse.osgi\bundles\530\1\.cp\swt-gdip-win32-3740.dll
0x00007ffefb2f0000 - 0x00007ffefb4a9000 	C:\WINDOWS\WinSxS\amd64_microsoft.windows.gdiplus_6595b64144ccf1df_1.1.22621.3810_none_57f8d842ce19d879\gdiplus.dll
0x00007fff12e60000 - 0x00007fff13011000 	C:\WINDOWS\SYSTEM32\WindowsCodecs.dll
0x0000000180000000 - 0x0000000180011000 	C:\Users\77957\.idl\idlworkbench-config-idl8.3.0_x86_64\org.eclipse.osgi\bundles\183\1\.cp\os\win32\x86_64\localfile_1_0_0.dll
0x00007ffef5a50000 - 0x00007ffef5a9d000 	C:\Program Files\Exelis\IDL83\bin\bin.x86_64\idl_ips.dll
0x00007ffe96b30000 - 0x00007ffe9788d000 	C:\Program Files\Exelis\IDL83\bin\bin.x86_64\idl.dll
0x00007fff07e30000 - 0x00007fff07e53000 	C:\Program Files\Exelis\IDL83\bin\bin.x86_64\UG3220.dll
0x00007ffee7470000 - 0x00007ffee74cc000 	C:\Program Files\Exelis\IDL83\bin\bin.x86_64\MesaGLU6_2.dll
0x00007fff107e0000 - 0x00007fff107ec000 	C:\Program Files\Exelis\IDL83\bin\bin.x86_64\osmesa6_2.dll
0x00007ffee6ba0000 - 0x00007ffee6d2e000 	C:\Program Files\Exelis\IDL83\bin\bin.x86_64\MesaGL6_2.dll
0x00007fff02870000 - 0x00007fff02889000 	C:\WINDOWS\SYSTEM32\NETAPI32.dll
0x00007ffefdc60000 - 0x00007ffefdc67000 	C:\WINDOWS\SYSTEM32\MSIMG32.dll
0x00007ffee6180000 - 0x00007ffee61fc000 	C:\Program Files\Exelis\IDL83\bin\bin.x86_64\freetype2_4_7.dll
0x00007fff15e10000 - 0x00007fff15e53000 	C:\WINDOWS\SYSTEM32\SspiCli.dll
0x00007fff11820000 - 0x00007fff11839000 	C:\WINDOWS\SYSTEM32\dhcpcsvc6.DLL
0x00007fff117c0000 - 0x00007fff117df000 	C:\WINDOWS\SYSTEM32\dhcpcsvc.DLL
0x00007ffee7500000 - 0x00007ffee753e000 	C:\WINDOWS\system32\spool\DRIVERS\x64\3\kvpui64.dll
0x00007ffeb2fa0000 - 0x00007ffeb324c000 	C:\WINDOWS\system32\spool\DRIVERS\x64\3\kvpdrv64.dll
0x00007fff0be70000 - 0x00007fff0bf2d000 	C:\WINDOWS\SYSTEM32\mscms.dll
0x00007ffeec020000 - 0x00007ffeec06a000 	C:\WINDOWS\SYSTEM32\icm32.dll
0x00007ffef9670000 - 0x00007ffef9770000 	C:\WINDOWS\SYSTEM32\OpenGL32.DLL
0x00007ffef9580000 - 0x00007ffef95ad000 	C:\WINDOWS\SYSTEM32\GLU32.dll
0x00007fff141e0000 - 0x00007fff14217000 	C:\WINDOWS\SYSTEM32\dxcore.dll
0x00007ffee7430000 - 0x00007ffee746e000 	C:\Program Files\Exelis\IDL83\bin\bin.x86_64\gl_driver.dll
0x0000000017be0000 - 0x0000000017be3000 	C:\WINDOWS\SYSTEM32\icmp.Dll
0x00007ffef0520000 - 0x00007ffef05d0000 	C:\WINDOWS\SYSTEM32\TextShaping.dll
0x00007ffebf400000 - 0x00007ffebf6b1000 	C:\WINDOWS\system32\explorerframe.dll
0x00007ffeebcb0000 - 0x00007ffeebd0e000 	C:\WINDOWS\system32\dataexchange.dll
0x00007ffed9840000 - 0x00007ffed9882000 	C:\WINDOWS\system32\mlang.dll
0x00007fff16930000 - 0x00007fff169d3000 	C:\WINDOWS\SYSTEM32\sxs.dll
0x00007fff024a0000 - 0x00007fff024b1000 	C:\Users\77957\.idl\idlworkbench-config-idl8.3.0_x86_64\org.eclipse.osgi\bundles\208\1\.cp\jWinHttp-1.0.0.dll
0x00007fff118f0000 - 0x00007fff11a26000 	C:\WINDOWS\SYSTEM32\WINHTTP.dll
0x00007fff14170000 - 0x00007fff1419b000 	C:\WINDOWS\system32\dwmapi.dll
0x00007ffee0790000 - 0x00007ffee0cf5000 	C:\WINDOWS\system32\windowsudk.shellcommon.dll
0x00007fff0e9a0000 - 0x00007fff0e9d7000 	C:\WINDOWS\system32\XmlLite.dll
0x00007ffef2470000 - 0x00007ffef25e5000 	C:\Windows\System32\Windows.UI.dll
0x00007ffef0860000 - 0x00007ffef09d5000 	C:\Windows\System32\Windows.UI.Immersive.dll
0x00007ffeec750000 - 0x00007ffeec7ba000 	C:\Windows\System32\thumbcache.dll
0x00007fff12480000 - 0x00007fff12525000 	C:\WINDOWS\SYSTEM32\policymanager.dll
0x00007fff123c0000 - 0x00007fff12453000 	C:\WINDOWS\SYSTEM32\msvcp110_win.dll
0x00007fff15990000 - 0x00007fff1599c000 	C:\WINDOWS\system32\Secur32.dll
0x00007ffeebb80000 - 0x00007ffeebc35000 	C:\Windows\System32\Windows.FileExplorer.Common.dll
0x00007ffef4ad0000 - 0x00007ffef4cc0000 	C:\Windows\System32\urlmon.dll
0x00007ffef4690000 - 0x00007ffef494e000 	C:\Windows\System32\iertutil.dll
0x00007fff155a0000 - 0x00007fff155ac000 	C:\Windows\System32\netutils.dll
0x00007ffef4660000 - 0x00007ffef4688000 	C:\Windows\System32\srvcli.dll
0x00007fff167b0000 - 0x00007fff167fe000 	C:\WINDOWS\system32\CFGMGR32.dll
0x00007fff0e020000 - 0x00007fff0e159000 	C:\Windows\System32\Windows.System.Launcher.dll
0x00007fff0f720000 - 0x00007fff0f73a000 	C:\WINDOWS\SYSTEM32\windows.staterepositorycore.dll
0x00007ffee8c10000 - 0x00007ffee8cb0000 	C:\Program Files\Common Files\microsoft shared\ink\tiptsf.dll
0x00007fff104d0000 - 0x00007fff104de000 	C:\WINDOWS\SYSTEM32\atlthunk.dll
0x00007ffef4950000 - 0x00007ffef496e000 	C:\WINDOWS\system32\MPR.dll
0x00007fff02550000 - 0x00007fff0257b000 	C:\WINDOWS\System32\p9np.dll

VM Arguments:
jvm_args: -Dosgi.instance.area.default=@user.home/IDLWorkspace83 -Dosgi.configuration.area=@user.home/.idl/idlworkbench-config-idl8.3.0_x86_64 -Dosgi.configuration.cascaded=true -Dosgi.checkConfiguration=true -Dosgi.sharedConfiguration.area.readOnly=true -Dorg.eclipse.update.reconcile=false -Declipse.p2.data.area=@config.dir/p2 -Dosgi.sharedConfiguration.area=C:\Program Files\Exelis\IDL83\bin\bin.x86_64/configuration 
java_command: <unknown>
Launcher Type: generic

Environment Variables:
PATH=C:/Program Files/Exelis/IDL83/bin/bin.x86_64/jre/bin/server;C:/Program Files/Exelis/IDL83/bin/bin.x86_64/jre/bin;C:/Program Files/Exelis/IDL83/bin/bin.x86_64/jre/lib/amd64;C:\Program Files\Exelis\IDL83\bin\bin.x86_64\;C:\WINDOWS\system32;C:\WINDOWS;C:\WINDOWS\System32\Wbem;C:\WINDOWS\System32\WindowsPowerShell\v1.0\;C:\WINDOWS\System32\OpenSSH\;C:\Users\77957\AppData\Local\Programs\Python\Python38;C:\Users\77957\AppData\Local\Programs\Python\Python38\Scripts;C:\Program Files (x86)\Tencent\微信web开发者工具\dll;C:\Program Files\MATLAB\R2024a\runtime\win64;C:\Program Files\MATLAB\R2024a\bin;C:\Users\77957\AppData\Local\Microsoft\WindowsApps;C:\Program Files\JetBrains\PyCharm 2023.1\bin;;C:\Users\77957\AppData\Local\Programs\Python\Python38;;C:\Program Files\Exelis\IDL83\bin\bin.x86_64;
USERNAME=77957
OS=Windows_NT
PROCESSOR_IDENTIFIER=Intel64 Family 6 Model 140 Stepping 1, GenuineIntel



---------------  S Y S T E M  ---------------

OS: Windows 8 , 64 bit Build 9200 

CPU:total 8 (4 cores per cpu, 2 threads per core) family 6 model 140 stepping 1, cmov, cx8, fxsr, mmx, sse, sse2, sse3, ssse3, sse4.1, sse4.2, popcnt, avx, avx2, ht, tsc, tscinvbit

Memory: 4k page, physical 16607252k(6800704k free), swap 28141588k(12509720k free)

vm_info: Java HotSpot(TM) 64-Bit Server VM (23.25-b01) for windows-amd64 JRE (1.7.0_25-b17), built on Jun 21 2013 12:58:32 by "java_re" with unknown MS VC++:1600

time: Tue Aug 20 19:21:03 2024
elapsed time: 34099 seconds

