#
# A fatal error has been detected by the Java Runtime Environment:
#
#  EXCEPTION_ACCESS_VIOLATION (0xc0000005) at pc=0x00007ff99720b9cf, pid=18884, tid=9660
#
# JRE version: 7.0_25-b17
# Java VM: Java HotSpot(TM) 64-Bit Server VM (23.25-b01 mixed mode windows-amd64 compressed oops)
# Problematic frame:
# C  0x00007ff99720b9cf  RegisterProcTableCallback+0x54b20f
#
# Failed to write core dump. Minidumps are not enabled by default on client versions of Windows
#
# If you would like to submit a bug report, please visit:
#   http://bugreport.sun.com/bugreport/crash.jsp
# The crash happened outside the Java Virtual Machine in native code.
# See problematic frame for where to report the bug.
#

---------------  T H R E A D  ---------------

Current thread (0x0000000013037000):  JavaThread "IDL" [_thread_in_native, id=9660, stack(0x0000000018190000,0x0000000018290000)]

siginfo: ExceptionCode=0xc0000005, reading address 0xffffffffffffffff

Registers:
RAX=0x3f658cde3574b957, RBX=0x0000000000000000, RCX=0x000000002a3a84b8, RDX=0x000000002a3a84f0
RSP=0x00000000182802a0, RBP=0x00000000182803a0, RSI=0x00000000182802e8, RDI=0x000000000000000b
R8 =0x0000000000000001, R9 =0x000000002a3a84f0, R10=0x00000000182803c0, R11=0x00000000182802c0
R12=0x00007ff997659920, R13=0x0000000017f7cda0, R14=0x0000000000000007, R15=0x000000000000000b
RIP=0x00007ff99720b9cf, EFLAGS=0x0000000000010206

Top of Stack: (sp=0x00000000182802a0)
0x00000000182802a0:   00002344c16f0bc7 0000000000000001
0x00000000182802b0:   000000002a3a8100 0000000000000000
0x00000000182802c0:   000000002a3a84f0 00007ff996781b34
0x00000000182802d0:   00000000182803a0 00000000182803b0
0x00000000182802e0:   00000000182803c0 000000002a3a84b8
0x00000000182802f0:   000000002a3a84c8 000000002a3a84d8
0x0000000018280300:   000000002a3a84e8 000000002a3a84f8
0x0000000018280310:   000000002a3a8508 000000002a3a8518
0x0000000018280320:   000000002a3a8528 0000000000000000
0x0000000018280330:   0000000000000000 0000000000000000
0x0000000018280340:   0000000000000000 0000000000000000
0x0000000018280350:   0000000000000000 00007ff90000000b
0x0000000018280360:   0000000000000000 00007ff996c8692c
0x0000000018280370:   000000002a3a8100 000000002a3a8100
0x0000000018280380:   000000002a3a84b8 0000000000000000
0x0000000018280390:   0000000000000013 00007ff900000008 

Instructions: (pc=0x00007ff99720b9cf)
0x00007ff99720b9af:   48 8d 74 24 30 44 8b f7 66 0f 1f 84 00 00 00 00
0x00007ff99720b9bf:   00 48 8b 0e 48 85 c9 0f 84 8e 00 00 00 48 8b 01
0x00007ff99720b9cf:   80 78 34 00 74 0a 48 8b 41 08 80 78 34 00 75 7b
0x00007ff99720b9df:   41 8b d7 4c 8d 4c 24 20 48 c1 e2 04 4c 8d 45 d0 


Register to memory mapping:

RAX=0x3f658cde3574b957 is an unknown value
RBX=0x0000000000000000 is an unknown value
RCX=0x000000002a3a84b8 is an unknown value
RDX=0x000000002a3a84f0 is an unknown value
RSP=0x00000000182802a0 is pointing into the stack for thread: 0x0000000013037000
RBP=0x00000000182803a0 is pointing into the stack for thread: 0x0000000013037000
RSI=0x00000000182802e8 is pointing into the stack for thread: 0x0000000013037000
RDI=0x000000000000000b is an unknown value
R8 =0x0000000000000001 is an unknown value
R9 =0x000000002a3a84f0 is an unknown value
R10=0x00000000182803c0 is pointing into the stack for thread: 0x0000000013037000
R11=0x00000000182802c0 is pointing into the stack for thread: 0x0000000013037000
R12=0x00007ff997659920 is an unknown value
R13=0x0000000017f7cda0 is an unknown value
R14=0x0000000000000007 is an unknown value
R15=0x000000000000000b is an unknown value


Stack: [0x0000000018190000,0x0000000018290000],  sp=0x00000000182802a0,  free space=960k
Native frames: (J=compiled Java code, j=interpreted, Vv=VM code, C=native code)
C  0x00007ff99720b9cf  RegisterProcTableCallback+0x54b20f

Java frames: (J=compiled Java code, j=interpreted, Vv=VM code)
j  com.rsi.idldt.core.ips.IPS_Access.IPS_Start([Ljava/lang/String;)V+0
j  com.rsi.idldt.core.ips.IPS_Manager$2.run()V+15
j  java.lang.Thread.run()V+11
v  ~StubRoutines::call_stub

---------------  P R O C E S S  ---------------

Java Threads: ( => current thread )
  0x000000001c52e800 JavaThread "Worker-27" [_thread_blocked, id=27660, stack(0x00000000198b0000,0x00000000199b0000)]
  0x0000000017966800 JavaThread "Worker-26" [_thread_blocked, id=15988, stack(0x0000000014b70000,0x0000000014c70000)]
  0x0000000017961800 JavaThread "Worker-25" [_thread_blocked, id=15192, stack(0x0000000014970000,0x0000000014a70000)]
  0x000000001795c800 JavaThread "Worker-24" [_thread_blocked, id=26972, stack(0x0000000014a70000,0x0000000014b70000)]
  0x0000000017358000 JavaThread "Worker-23" [_thread_blocked, id=11912, stack(0x000000001a810000,0x000000001a910000)]
  0x0000000017965800 JavaThread "Worker-21" [_thread_blocked, id=29988, stack(0x00000000167f0000,0x00000000168f0000)]
  0x000000001f1fc000 JavaThread "[ThreadPool Manager] - Idle Thread" daemon [_thread_blocked, id=15648, stack(0x0000000022510000,0x0000000022610000)]
  0x0000000017961000 JavaThread "Timer-2" daemon [_thread_blocked, id=27852, stack(0x000000001e4b0000,0x000000001e5b0000)]
  0x000000001795d000 JavaThread "Timer-1" daemon [_thread_blocked, id=24832, stack(0x000000001e2b0000,0x000000001e3b0000)]
  0x0000000017963000 JavaThread "Thread-14" [_thread_in_native, id=17160, stack(0x000000001e1b0000,0x000000001e2b0000)]
  0x000000001795e000 JavaThread "IDLDT DOM Worker-7" [_thread_blocked, id=27352, stack(0x000000001de10000,0x000000001df10000)]
  0x0000000013035800 JavaThread "IDLDT DOM Worker-6" [_thread_blocked, id=29176, stack(0x000000001dd10000,0x000000001de10000)]
  0x0000000017357800 JavaThread "IDLDT DOM Worker-5" [_thread_blocked, id=29360, stack(0x000000001dc10000,0x000000001dd10000)]
  0x000000001735c000 JavaThread "IDLDT DOM Worker-4" [_thread_blocked, id=23400, stack(0x000000001db10000,0x000000001dc10000)]
  0x000000001735b000 JavaThread "IDLDT DOM Worker-3" [_thread_blocked, id=15628, stack(0x000000001da10000,0x000000001db10000)]
  0x000000001735e000 JavaThread "IDLDT DOM Worker-2" [_thread_blocked, id=25108, stack(0x000000001d910000,0x000000001da10000)]
  0x000000001735a800 JavaThread "IDLDT DOM Worker-1" [_thread_blocked, id=13268, stack(0x000000001d810000,0x000000001d910000)]
  0x000000001735d800 JavaThread "IDLDT DOM Worker-0" [_thread_blocked, id=16732, stack(0x000000001d710000,0x000000001d810000)]
  0x0000000017359000 JavaThread "Timer-0" daemon [_thread_blocked, id=16380, stack(0x000000001d610000,0x000000001d710000)]
=>0x0000000013037000 JavaThread "IDL" [_thread_in_native, id=9660, stack(0x0000000018190000,0x0000000018290000)]
  0x0000000013035000 JavaThread "IDLToJava Broker" daemon [_thread_blocked, id=29228, stack(0x0000000018090000,0x0000000018190000)]
  0x0000000013034000 JavaThread "Provisioning Event Dispatcher" daemon [_thread_blocked, id=23292, stack(0x00000000168f0000,0x00000000169f0000)]
  0x0000000013032800 JavaThread "Bundle File Closer" daemon [_thread_blocked, id=14552, stack(0x00000000166f0000,0x00000000167f0000)]
  0x0000000013033800 JavaThread "Worker-JM" [_thread_blocked, id=28344, stack(0x00000000165f0000,0x00000000166f0000)]
  0x0000000013030800 JavaThread "[Timer] - Main Queue Handler" daemon [_thread_blocked, id=17748, stack(0x00000000164f0000,0x00000000165f0000)]
  0x0000000015726000 JavaThread "Framework Event Dispatcher" daemon [_thread_blocked, id=16752, stack(0x00000000161f0000,0x00000000162f0000)]
  0x0000000013326000 JavaThread "Start Level Event Dispatcher" daemon [_thread_blocked, id=28084, stack(0x00000000160f0000,0x00000000161f0000)]
  0x00000000156f8800 JavaThread "State Data Manager" daemon [_thread_blocked, id=10364, stack(0x0000000015ff0000,0x00000000160f0000)]
  0x0000000015754000 JavaThread "Framework Active Thread" [_thread_blocked, id=5392, stack(0x0000000015ef0000,0x0000000015ff0000)]
  0x0000000010d6c800 JavaThread "Service Thread" daemon [_thread_blocked, id=14768, stack(0x0000000013530000,0x0000000013630000)]
  0x0000000013032000 JavaThread "C2 CompilerThread1" daemon [_thread_blocked, id=21580, stack(0x0000000013430000,0x0000000013530000)]
  0x0000000010d33000 JavaThread "C2 CompilerThread0" daemon [_thread_blocked, id=8704, stack(0x0000000012f30000,0x0000000013030000)]
  0x0000000010d5d800 JavaThread "Attach Listener" daemon [_thread_blocked, id=19772, stack(0x0000000012e30000,0x0000000012f30000)]
  0x0000000010d31800 JavaThread "Signal Dispatcher" daemon [_thread_blocked, id=30532, stack(0x0000000012d30000,0x0000000012e30000)]
  0x0000000010cd0000 JavaThread "Finalizer" daemon [_thread_blocked, id=26576, stack(0x0000000012c30000,0x0000000012d30000)]
  0x0000000010cc8800 JavaThread "Reference Handler" daemon [_thread_blocked, id=5140, stack(0x0000000012b30000,0x0000000012c30000)]
  0x0000000002530800 JavaThread "main" [_thread_in_native, id=25176, stack(0x0000000000050000,0x0000000000150000)]

Other Threads:
  0x0000000010cc5000 VMThread [stack: 0x0000000012a30000,0x0000000012b30000] [id=25400]
  0x0000000013056800 WatcherThread [stack: 0x0000000013630000,0x0000000013730000] [id=20824]

VM state:not at safepoint (normal execution)

VM Mutex/Monitor currently owned by a thread: None

Heap
 PSYoungGen      total 155136K, used 2826K [0x00000007accb0000, 0x00000007b85e0000, 0x0000000800000000)
  eden space 149440K, 1% used [0x00000007accb0000,0x00000007acf72b38,0x00000007b5ea0000)
  from space 5696K, 0% used [0x00000007b5ea0000,0x00000007b5ea0000,0x00000007b6430000)
  to   space 20096K, 0% used [0x00000007b7240000,0x00000007b7240000,0x00000007b85e0000)
 ParOldGen       total 170368K, used 70345K [0x0000000706600000, 0x0000000710c60000, 0x00000007accb0000)
  object space 170368K, 41% used [0x0000000706600000,0x000000070aab2790,0x0000000710c60000)
 PSPermGen       total 48832K, used 47647K [0x0000000701400000, 0x00000007043b0000, 0x0000000706600000)
  object space 48832K, 97% used [0x0000000701400000,0x0000000704287e78,0x00000007043b0000)

Card table byte_map: [0x00000000056f0000,0x0000000005ef0000] byte_map_base: 0x0000000001ee6000

Polling page: 0x0000000002460000

Code Cache  [0x0000000002630000, 0x0000000002d60000, 0x0000000005630000)
 total_blobs=2500 nmethods=1839 adapters=610 free_code_cache=42005Kb largest_free_block=42818944

Compilation events (10 events):
Event: 2023.388 Thread 0x0000000010d33000 nmethod 2066 0x00000000026e8950 code [0x00000000026e8a80, 0x00000000026e8ab8]
Event: 2023.388 Thread 0x0000000013032000 nmethod 2067 0x0000000002895790 code [0x00000000028958c0, 0x0000000002895918]
Event: 2033.926 Thread 0x0000000013032000 2069             org.eclipse.swt.widgets.Display::postEvent (85 bytes)
Event: 2033.932 Thread 0x0000000013032000 nmethod 2069 0x00000000028fc750 code [0x00000000028fc8a0, 0x00000000028fcbf8]
Event: 2071.878 Thread 0x0000000010d33000 2070             org.eclipse.swt.graphics.TextLayout::getLineBounds (79 bytes)
Event: 2071.882 Thread 0x0000000010d33000 nmethod 2070 0x0000000002a65bd0 code [0x0000000002a65d60, 0x0000000002a66278]
Event: 2075.465 Thread 0x0000000013032000 2071             org.eclipse.ui.internal.util.Util::safeCopy (60 bytes)
Event: 2075.474 Thread 0x0000000013032000 nmethod 2071 0x0000000002acb910 code [0x0000000002acbb40, 0x0000000002acc480]
Event: 2081.152 Thread 0x0000000010d33000 2072             java.util.regex.Matcher::find (69 bytes)
Event: 2081.155 Thread 0x0000000010d33000 nmethod 2072 0x0000000002a887d0 code [0x0000000002a88920, 0x0000000002a88c98]

GC Heap History (10 events):
Event: 1869.328 GC heap before
{Heap before GC invocations=77 (full 29):
 PSYoungGen      total 180608K, used 7520K [0x00000007accb0000, 0x00000007b93a0000, 0x0000000800000000)
  eden space 160576K, 0% used [0x00000007accb0000,0x00000007accb0000,0x00000007b6980000)
  from space 20032K, 37% used [0x00000007b8010000,0x00000007b87680d0,0x00000007b93a0000)
  to   space 21568K, 0% used [0x00000007b6980000,0x00000007b6980000,0x00000007b7e90000)
 ParOldGen       total 170368K, used 74424K [0x0000000706600000, 0x0000000710c60000, 0x00000007accb0000)
  object space 170368K, 43% used [0x0000000706600000,0x000000070aeae350,0x0000000710c60000)
 PSPermGen       total 48576K, used 47624K [0x0000000701400000, 0x0000000704370000, 0x0000000706600000)
  object space 48576K, 98% used [0x0000000701400000,0x00000007042822b0,0x0000000704370000)
Event: 1869.441 GC heap after
Heap after GC invocations=77 (full 29):
 PSYoungGen      total 180608K, used 0K [0x00000007accb0000, 0x00000007b93a0000, 0x0000000800000000)
  eden space 160576K, 0% used [0x00000007accb0000,0x00000007accb0000,0x00000007b6980000)
  from space 20032K, 0% used [0x00000007b8010000,0x00000007b8010000,0x00000007b93a0000)
  to   space 21568K, 0% used [0x00000007b6980000,0x00000007b6980000,0x00000007b7e90000)
 ParOldGen       total 170368K, used 70395K [0x0000000706600000, 0x0000000710c60000, 0x00000007accb0000)
  object space 170368K, 41% used [0x0000000706600000,0x000000070aabec40,0x0000000710c60000)
 PSPermGen       total 48704K, used 47623K [0x0000000701400000, 0x0000000704390000, 0x0000000706600000)
  object space 48704K, 97% used [0x0000000701400000,0x0000000704281d70,0x0000000704390000)
}
Event: 2019.647 GC heap before
{Heap before GC invocations=78 (full 29):
 PSYoungGen      total 180608K, used 160576K [0x00000007accb0000, 0x00000007b93a0000, 0x0000000800000000)
  eden space 160576K, 100% used [0x00000007accb0000,0x00000007b6980000,0x00000007b6980000)
  from space 20032K, 0% used [0x00000007b8010000,0x00000007b8010000,0x00000007b93a0000)
  to   space 21568K, 0% used [0x00000007b6980000,0x00000007b6980000,0x00000007b7e90000)
 ParOldGen       total 170368K, used 70395K [0x0000000706600000, 0x0000000710c60000, 0x00000007accb0000)
  object space 170368K, 41% used [0x0000000706600000,0x000000070aabec40,0x0000000710c60000)
 PSPermGen       total 48704K, used 47638K [0x0000000701400000, 0x0000000704390000, 0x0000000706600000)
  object space 48704K, 97% used [0x0000000701400000,0x0000000704285888,0x0000000704390000)
Event: 2019.650 GC heap after
Heap after GC invocations=78 (full 29):
 PSYoungGen      total 160768K, used 5852K [0x00000007accb0000, 0x00000007b8bf0000, 0x0000000800000000)
  eden space 154880K, 0% used [0x00000007accb0000,0x00000007accb0000,0x00000007b63f0000)
  from space 5888K, 99% used [0x00000007b6980000,0x00000007b6f37310,0x00000007b6f40000)
  to   space 20480K, 0% used [0x00000007b77f0000,0x00000007b77f0000,0x00000007b8bf0000)
 ParOldGen       total 170368K, used 70395K [0x0000000706600000, 0x0000000710c60000, 0x00000007accb0000)
  object space 170368K, 41% used [0x0000000706600000,0x000000070aabec40,0x0000000710c60000)
 PSPermGen       total 48704K, used 47638K [0x0000000701400000, 0x0000000704390000, 0x0000000706600000)
  object space 48704K, 97% used [0x0000000701400000,0x0000000704285888,0x0000000704390000)
}
Event: 2021.058 GC heap before
{Heap before GC invocations=79 (full 29):
 PSYoungGen      total 160768K, used 160732K [0x00000007accb0000, 0x00000007b8bf0000, 0x0000000800000000)
  eden space 154880K, 100% used [0x00000007accb0000,0x00000007b63f0000,0x00000007b63f0000)
  from space 5888K, 99% used [0x00000007b6980000,0x00000007b6f37310,0x00000007b6f40000)
  to   space 20480K, 0% used [0x00000007b77f0000,0x00000007b77f0000,0x00000007b8bf0000)
 ParOldGen       total 170368K, used 70395K [0x0000000706600000, 0x0000000710c60000, 0x00000007accb0000)
  object space 170368K, 41% used [0x0000000706600000,0x000000070aabec40,0x0000000710c60000)
 PSPermGen       total 48704K, used 47639K [0x0000000701400000, 0x0000000704390000, 0x0000000706600000)
  object space 48704K, 97% used [0x0000000701400000,0x0000000704285d00,0x0000000704390000)
Event: 2021.061 GC heap after
Heap after GC invocations=79 (full 29):
 PSYoungGen      total 165504K, used 12313K [0x00000007accb0000, 0x00000007b87a0000, 0x0000000800000000)
  eden space 149440K, 0% used [0x00000007accb0000,0x00000007accb0000,0x00000007b5ea0000)
  from space 16064K, 76% used [0x00000007b77f0000,0x00000007b83f64f0,0x00000007b87a0000)
  to   space 20992K, 0% used [0x00000007b5ea0000,0x00000007b5ea0000,0x00000007b7320000)
 ParOldGen       total 170368K, used 70551K [0x0000000706600000, 0x0000000710c60000, 0x00000007accb0000)
  object space 170368K, 41% used [0x0000000706600000,0x000000070aae5fc8,0x0000000710c60000)
 PSPermGen       total 48704K, used 47639K [0x0000000701400000, 0x0000000704390000, 0x0000000706600000)
  object space 48704K, 97% used [0x0000000701400000,0x0000000704285d00,0x0000000704390000)
}
Event: 2079.452 GC heap before
{Heap before GC invocations=80 (full 29):
 PSYoungGen      total 165504K, used 121806K [0x00000007accb0000, 0x00000007b87a0000, 0x0000000800000000)
  eden space 149440K, 73% used [0x00000007accb0000,0x00000007b379d4f8,0x00000007b5ea0000)
  from space 16064K, 76% used [0x00000007b77f0000,0x00000007b83f64f0,0x00000007b87a0000)
  to   space 20992K, 0% used [0x00000007b5ea0000,0x00000007b5ea0000,0x00000007b7320000)
 ParOldGen       total 170368K, used 70551K [0x0000000706600000, 0x0000000710c60000, 0x00000007accb0000)
  object space 170368K, 41% used [0x0000000706600000,0x000000070aae5fc8,0x0000000710c60000)
 PSPermGen       total 48704K, used 47646K [0x0000000701400000, 0x0000000704390000, 0x0000000706600000)
  object space 48704K, 97% used [0x0000000701400000,0x0000000704287af0,0x0000000704390000)
Event: 2079.455 GC heap after
Heap after GC invocations=80 (full 29):
 PSYoungGen      total 155136K, used 5685K [0x00000007accb0000, 0x00000007b85e0000, 0x0000000800000000)
  eden space 149440K, 0% used [0x00000007accb0000,0x00000007accb0000,0x00000007b5ea0000)
  from space 5696K, 99% used [0x00000007b5ea0000,0x00000007b642d678,0x00000007b6430000)
  to   space 20096K, 0% used [0x00000007b7240000,0x00000007b7240000,0x00000007b85e0000)
 ParOldGen       total 170368K, used 75949K [0x0000000706600000, 0x0000000710c60000, 0x00000007accb0000)
  object space 170368K, 44% used [0x0000000706600000,0x000000070b02b5f0,0x0000000710c60000)
 PSPermGen       total 48704K, used 47646K [0x0000000701400000, 0x0000000704390000, 0x0000000706600000)
  object space 48704K, 97% used [0x0000000701400000,0x0000000704287af0,0x0000000704390000)
}
Event: 2079.455 GC heap before
{Heap before GC invocations=81 (full 30):
 PSYoungGen      total 155136K, used 5685K [0x00000007accb0000, 0x00000007b85e0000, 0x0000000800000000)
  eden space 149440K, 0% used [0x00000007accb0000,0x00000007accb0000,0x00000007b5ea0000)
  from space 5696K, 99% used [0x00000007b5ea0000,0x00000007b642d678,0x00000007b6430000)
  to   space 20096K, 0% used [0x00000007b7240000,0x00000007b7240000,0x00000007b85e0000)
 ParOldGen       total 170368K, used 75949K [0x0000000706600000, 0x0000000710c60000, 0x00000007accb0000)
  object space 170368K, 44% used [0x0000000706600000,0x000000070b02b5f0,0x0000000710c60000)
 PSPermGen       total 48704K, used 47646K [0x0000000701400000, 0x0000000704390000, 0x0000000706600000)
  object space 48704K, 97% used [0x0000000701400000,0x0000000704287af0,0x0000000704390000)
Event: 2079.578 GC heap after
Heap after GC invocations=81 (full 30):
 PSYoungGen      total 155136K, used 0K [0x00000007accb0000, 0x00000007b85e0000, 0x0000000800000000)
  eden space 149440K, 0% used [0x00000007accb0000,0x00000007accb0000,0x00000007b5ea0000)
  from space 5696K, 0% used [0x00000007b5ea0000,0x00000007b5ea0000,0x00000007b6430000)
  to   space 20096K, 0% used [0x00000007b7240000,0x00000007b7240000,0x00000007b85e0000)
 ParOldGen       total 170368K, used 70345K [0x0000000706600000, 0x0000000710c60000, 0x00000007accb0000)
  object space 170368K, 41% used [0x0000000706600000,0x000000070aab2790,0x0000000710c60000)
 PSPermGen       total 48832K, used 47646K [0x0000000701400000, 0x00000007043b0000, 0x0000000706600000)
  object space 48832K, 97% used [0x0000000701400000,0x00000007042879f0,0x00000007043b0000)
}

Deoptimization events (10 events):
Event: 1863.862 Thread 0x0000000002530800 Uncommon trap -58 fr.pc 0x0000000002c8597c
Event: 1863.862 Thread 0x0000000002530800 Uncommon trap -58 fr.pc 0x0000000002c8597c
Event: 1948.803 Thread 0x0000000002530800 Uncommon trap -58 fr.pc 0x00000000028979d0
Event: 1948.803 Thread 0x0000000002530800 Uncommon trap -58 fr.pc 0x00000000028979d0
Event: 2024.025 Thread 0x0000000002530800 Uncommon trap -34 fr.pc 0x0000000002b3b3d8
Event: 2024.026 Thread 0x0000000002530800 Uncommon trap -58 fr.pc 0x0000000002b3b3c0
Event: 2063.520 Thread 0x0000000002530800 Uncommon trap -34 fr.pc 0x00000000029f6ad4
Event: 2064.103 Thread 0x0000000002530800 Uncommon trap -34 fr.pc 0x0000000002bc1aac
Event: 2074.436 Thread 0x0000000002530800 Uncommon trap -34 fr.pc 0x00000000029f6ad4
Event: 2075.476 Thread 0x0000000002530800 Uncommon trap -34 fr.pc 0x0000000002bc1aac

Internal exceptions (10 events):
Event: 1809.180 Thread 0x000000001c533000 Implicit null exception at 0x0000000002830930 to 0x0000000002830985
Event: 1833.728 Thread 0x000000001c539800 Implicit null exception at 0x00000000026c00e8 to 0x00000000026c0141
Event: 1834.803 Thread 0x000000001c52e800 Implicit null exception at 0x0000000002895a68 to 0x0000000002895d91
Event: 1834.803 Thread 0x000000001c52e800 Implicit null exception at 0x0000000002a65cbf to 0x0000000002a65f89
Event: 1863.283 Thread 0x0000000002530800 Implicit null exception at 0x0000000002be3611 to 0x0000000002be5bb1
Event: 1863.283 Thread 0x0000000002530800 Implicit null exception at 0x0000000002b5ae3c to 0x0000000002b5b085
Event: 1863.283 Thread 0x0000000002530800 Implicit null exception at 0x0000000002b5f36c to 0x0000000002b60025
Event: 1863.283 Thread 0x0000000002530800 Implicit null exception at 0x0000000002ad13f2 to 0x0000000002ad18f1
Event: 1863.283 Thread 0x0000000002530800 Implicit null exception at 0x0000000002b5c4bb to 0x0000000002b5c98d
Event: 2062.730 Thread 0x000000001c539800 Threw 0x00000007b25accf0 at C:\jdk7u2_64p\jdk7u25\hotspot\src\share\vm\runtime\objectMonitor.cpp:1612

Events (10 events):
Event: 2075.528 Executing VM operation: RevokeBias
Event: 2075.528 Executing VM operation: RevokeBias done
Event: 2079.451 Executing VM operation: ParallelGCSystemGC
Event: 2079.578 Executing VM operation: ParallelGCSystemGC done
Event: 2079.578 Thread 0x0000000016d2b000 Thread added: 0x0000000016d2b000
Event: 2079.578 Thread 0x0000000016d2b000 Thread exited: 0x0000000016d2b000
Event: 2081.155 Thread 0x0000000010d33000 flushing nmethod 0x0000000002b90450
Event: 2081.155 Thread 0x0000000010d33000 flushing nmethod 0x0000000002ba7850
Event: 2081.155 Thread 0x0000000010d33000 flushing nmethod 0x0000000002bd5590
Event: 2081.155 Thread 0x0000000010d33000 flushing nmethod 0x0000000002be1190


Dynamic libraries:
0x0000000000400000 - 0x000000000040e000 	C:\Program Files\Exelis\IDL83\bin\bin.x86_64\idlde.exe
0x00007ff9ef030000 - 0x00007ff9ef225000 	C:\WINDOWS\SYSTEM32\ntdll.dll
0x00007ff9ee3f0000 - 0x00007ff9ee4ad000 	C:\WINDOWS\System32\KERNEL32.DLL
0x00007ff9ec870000 - 0x00007ff9ecb38000 	C:\WINDOWS\System32\KERNELBASE.dll
0x00007ff9e9ff0000 - 0x00007ff9ea080000 	C:\WINDOWS\SYSTEM32\apphelp.dll
0x00007ff9eec30000 - 0x00007ff9eedd0000 	C:\WINDOWS\System32\USER32.dll
0x00007ff9ece20000 - 0x00007ff9ece42000 	C:\WINDOWS\System32\win32u.dll
0x00007ff9ed0f0000 - 0x00007ff9ed11a000 	C:\WINDOWS\System32\GDI32.dll
0x00007ff9eced0000 - 0x00007ff9ecfdb000 	C:\WINDOWS\System32\gdi32full.dll
0x00007ff9ec7d0000 - 0x00007ff9ec86d000 	C:\WINDOWS\System32\msvcp_win.dll
0x00007ff9ecd20000 - 0x00007ff9ece20000 	C:\WINDOWS\System32\ucrtbase.dll
0x00007ff9ed340000 - 0x00007ff9ed3de000 	C:\WINDOWS\System32\msvcrt.dll
0x00007ff9dcdf0000 - 0x00007ff9dd08a000 	C:\WINDOWS\WinSxS\amd64_microsoft.windows.common-controls_6595b64144ccf1df_6.0.19041.844_none_ca00b6081b84eb1d\COMCTL32.dll
0x00007ff9ee4b0000 - 0x00007ff9ee4e0000 	C:\WINDOWS\System32\IMM32.DLL
0x0000000072000000 - 0x0000000072012000 	C:\Program Files\Exelis\IDL83\bin\bin.x86_64\plugins\org.eclipse.equinox.launcher.win32.win32.x86_64_1.1.100.v20110502\eclipse_1406.dll
0x00007ff9ed120000 - 0x00007ff9ed1cc000 	C:\WINDOWS\System32\ADVAPI32.dll
0x00007ff9ee150000 - 0x00007ff9ee1eb000 	C:\WINDOWS\System32\sechost.dll
0x00007ff9ed630000 - 0x00007ff9ed75b000 	C:\WINDOWS\System32\RPCRT4.dll
0x00007ff9ddae0000 - 0x00007ff9ddaea000 	C:\WINDOWS\SYSTEM32\VERSION.dll
0x0000000076710000 - 0x0000000076e1f000 	C:\Program Files\Exelis\IDL83\bin\bin.x86_64\jre\bin\server\jvm.dll
0x00007ff9ed3e0000 - 0x00007ff9ed3e8000 	C:\WINDOWS\System32\PSAPI.DLL
0x00007ff9dc870000 - 0x00007ff9dc897000 	C:\WINDOWS\SYSTEM32\WINMM.dll
0x00007ff9d4fb0000 - 0x00007ff9d4fb9000 	C:\WINDOWS\SYSTEM32\WSOCK32.dll
0x0000000077ce0000 - 0x0000000077db2000 	C:\WINDOWS\SYSTEM32\MSVCR100.dll
0x00007ff9eedd0000 - 0x00007ff9eee3b000 	C:\WINDOWS\System32\WS2_32.dll
0x00000000500b0000 - 0x00000000500bf000 	C:\Program Files\Exelis\IDL83\bin\bin.x86_64\jre\bin\verify.dll
0x0000000050080000 - 0x00000000500a8000 	C:\Program Files\Exelis\IDL83\bin\bin.x86_64\jre\bin\java.dll
0x0000000050060000 - 0x0000000050075000 	C:\Program Files\Exelis\IDL83\bin\bin.x86_64\jre\bin\zip.dll
0x00007ff9ec120000 - 0x00007ff9ec138000 	C:\WINDOWS\SYSTEM32\CRYPTSP.dll
0x00007ff9eb880000 - 0x00007ff9eb8b4000 	C:\WINDOWS\system32\rsaenh.dll
0x00007ff9eccf0000 - 0x00007ff9ecd17000 	C:\WINDOWS\System32\bcrypt.dll
0x00007ff9ec630000 - 0x00007ff9ec65e000 	C:\WINDOWS\SYSTEM32\USERENV.dll
0x00007ff9ec6b0000 - 0x00007ff9ec6cf000 	C:\WINDOWS\SYSTEM32\profapi.dll
0x00007ff9ece50000 - 0x00007ff9eced0000 	C:\WINDOWS\System32\bcryptprimitives.dll
0x00007ff9ec140000 - 0x00007ff9ec14c000 	C:\WINDOWS\SYSTEM32\CRYPTBASE.dll
0x0000000050040000 - 0x0000000050059000 	C:\Program Files\Exelis\IDL83\bin\bin.x86_64\jre\bin\net.dll
0x00007ff9ebee0000 - 0x00007ff9ebf4a000 	C:\WINDOWS\system32\mswsock.dll
0x00007ff9d2650000 - 0x00007ff9d269b000 	C:\Program Files (x86)\Sangfor\SSL\ClientComponent\3_SangforNspX64.dll
0x00007ff9eee40000 - 0x00007ff9eef6a000 	C:\WINDOWS\System32\ole32.dll
0x00007ff9ed850000 - 0x00007ff9edba5000 	C:\WINDOWS\System32\combase.dll
0x00007ff9ee080000 - 0x00007ff9ee14d000 	C:\WINDOWS\System32\OLEAUT32.dll
0x00007ff9ed760000 - 0x00007ff9ed7b5000 	C:\WINDOWS\System32\SHLWAPI.dll
0x00007ff9bfe20000 - 0x00007ff9bfe37000 	C:\WINDOWS\system32\napinsp.dll
0x00007ff9bfe00000 - 0x00007ff9bfe1b000 	C:\WINDOWS\system32\pnrpnsp.dll
0x00007ff9e7520000 - 0x00007ff9e7535000 	C:\WINDOWS\system32\wshbth.dll
0x00007ff9e79e0000 - 0x00007ff9e79fd000 	C:\WINDOWS\system32\NLAapi.dll
0x00007ff9ebbd0000 - 0x00007ff9ebc0b000 	C:\WINDOWS\SYSTEM32\IPHLPAPI.DLL
0x00007ff9ebc10000 - 0x00007ff9ebcdc000 	C:\WINDOWS\SYSTEM32\DNSAPI.dll
0x00007ff9ed330000 - 0x00007ff9ed338000 	C:\WINDOWS\System32\NSI.dll
0x00007ff9bfde0000 - 0x00007ff9bfdf2000 	C:\WINDOWS\System32\winrnr.dll
0x00007ff9dda60000 - 0x00007ff9dda6a000 	C:\Windows\System32\rasadhlp.dll
0x00007ff9dd8a0000 - 0x00007ff9dd91f000 	C:\WINDOWS\System32\fwpuclnt.dll
0x0000000050020000 - 0x0000000050031000 	C:\Program Files\Exelis\IDL83\bin\bin.x86_64\jre\bin\nio.dll
0x00007ff9ea1b0000 - 0x00007ff9ea24e000 	C:\WINDOWS\system32\uxtheme.dll
0x00007ff9ee1f0000 - 0x00007ff9ee305000 	C:\WINDOWS\System32\MSCTF.dll
0x00007ff9ea690000 - 0x00007ff9ea6a2000 	C:\WINDOWS\SYSTEM32\kernel.appcore.dll
0x00007ff9d2550000 - 0x00007ff9d2649000 	C:\WINDOWS\SYSTEM32\textinputframework.dll
0x00007ff9e9ec0000 - 0x00007ff9e9fb2000 	C:\WINDOWS\System32\CoreMessaging.dll
0x00007ff9e9980000 - 0x00007ff9e9cde000 	C:\WINDOWS\System32\CoreUIComponents.dll
0x00007ff9ed1d0000 - 0x00007ff9ed27e000 	C:\WINDOWS\System32\SHCORE.dll
0x00007ff9e9190000 - 0x00007ff9e92e4000 	C:\WINDOWS\SYSTEM32\wintypes.dll
0x00007ff9eb4b0000 - 0x00007ff9eb4e3000 	C:\WINDOWS\SYSTEM32\ntmarta.dll
0x00007ff9ed280000 - 0x00007ff9ed329000 	C:\WINDOWS\System32\clbcatq.dll
0x00007ff9b30c0000 - 0x00007ff9b3171000 	C:\WINDOWS\system32\baiducnTSF.dll
0x00007ff9ee4e0000 - 0x00007ff9eec22000 	C:\WINDOWS\System32\SHELL32.dll
0x00007ff9ecb90000 - 0x00007ff9eccef000 	C:\WINDOWS\System32\CRYPT32.dll
0x00007ff9ed5a0000 - 0x00007ff9ed5bd000 	C:\WINDOWS\System32\imagehlp.dll
0x00007ff9ea8b0000 - 0x00007ff9eb041000 	C:\WINDOWS\SYSTEM32\windows.storage.dll
0x00007ff9ec1e0000 - 0x00007ff9ec20c000 	C:\WINDOWS\System32\Wldp.dll
0x00007ff9b2d00000 - 0x00007ff9b30be000 	C:\Program Files (x86)\Baidu\BaiduPinyin\5.5.5435.0\UIPFullx64.dll
0x00007ff9db150000 - 0x00007ff9db1b6000 	C:\WINDOWS\SYSTEM32\OLEACC.dll
0x00007ff9d0f60000 - 0x00007ff9d0fc4000 	C:\Program Files (x86)\Baidu\BaiduPinyin\5.5.5435.0\configurex64.dll
0x00007ff9b5f40000 - 0x00007ff9b5f47000 	C:\WINDOWS\SYSTEM32\MSIMG32.dll
0x00007ff9b94f0000 - 0x00007ff9b969b000 	C:\WINDOWS\WinSxS\amd64_microsoft.windows.gdiplus_6595b64144ccf1df_1.1.19041.928_none_faefac437613c6cc\gdiplus.dll
0x00007ff9d47b0000 - 0x00007ff9d4809000 	C:\Program Files (x86)\Baidu\BaiduPinyin\5.5.5435.0\imepngx64.dll
0x00007ff9b2c10000 - 0x00007ff9b2cff000 	C:\Program Files (x86)\Baidu\BaiduPinyin\5.5.5435.0\imefreetypex64.dll
0x00007ff9d50d0000 - 0x00007ff9d50e8000 	C:\WINDOWS\SYSTEM32\NETAPI32.dll
0x00007ff9dbc70000 - 0x00007ff9dbcaa000 	C:\Program Files (x86)\Baidu\BaiduPinyin\5.5.5435.0\imezlibx64.dll
0x00007ff9ec660000 - 0x00007ff9ec691000 	C:\WINDOWS\SYSTEM32\SspiCli.dll
0x00007ff9d0fd0000 - 0x00007ff9d1078000 	C:\Windows\System32\twinapi.dll
0x00007ff9e62b0000 - 0x00007ff9e64b1000 	C:\Windows\System32\twinapi.appcore.dll
0x00000000162f0000 - 0x0000000016397000 	C:\Users\jia\.idl\idlworkbench-config-idl8.3.0_x86_64\org.eclipse.osgi\bundles\530\1\.cp\swt-win32-3740.dll
0x00007ff9ee310000 - 0x00007ff9ee3ea000 	C:\WINDOWS\System32\comdlg32.dll
0x00007ff9d6b00000 - 0x00007ff9d6fdd000 	C:\WINDOWS\SYSTEM32\WININET.dll
0x00007ff9d0c30000 - 0x00007ff9d0cbe000 	C:\WINDOWS\SYSTEM32\WINSPOOL.DRV
0x00007ff9d0180000 - 0x00007ff9d0199000 	C:\WINDOWS\SYSTEM32\USP10.dll
0x00007ff9e7b30000 - 0x00007ff9e7c27000 	C:\WINDOWS\SYSTEM32\propsys.dll
0x00007ff9ecb40000 - 0x00007ff9ecb8e000 	C:\WINDOWS\System32\cfgmgr32.dll
0x00007ff9ebf50000 - 0x00007ff9ebf62000 	C:\Windows\System32\UMPDC.dll
0x00007ff9eb910000 - 0x00007ff9eb99a000 	C:\Windows\System32\msvcp110_win.dll
0x00000000163c0000 - 0x00000000163de000 	C:\Users\jia\.idl\idlworkbench-config-idl8.3.0_x86_64\org.eclipse.osgi\bundles\530\1\.cp\swt-gdip-win32-3740.dll
0x00007ff9e6570000 - 0x00007ff9e6724000 	C:\WINDOWS\SYSTEM32\WindowsCodecs.dll
0x0000000180000000 - 0x0000000180011000 	C:\Users\jia\.idl\idlworkbench-config-idl8.3.0_x86_64\org.eclipse.osgi\bundles\183\1\.cp\os\win32\x86_64\localfile_1_0_0.dll
0x00007ff9bc270000 - 0x00007ff9bc2bd000 	C:\Program Files\Exelis\IDL83\bin\bin.x86_64\idl_ips.dll
0x00007ff997720000 - 0x00007ff99847d000 	C:\Program Files\Exelis\IDL83\bin\bin.x86_64\idl.dll
0x00007ff9bf5e0000 - 0x00007ff9bf603000 	C:\Program Files\Exelis\IDL83\bin\bin.x86_64\UG3220.dll
0x00007ff9bae90000 - 0x00007ff9baeec000 	C:\Program Files\Exelis\IDL83\bin\bin.x86_64\MesaGLU6_2.dll
0x00007ff9b72c0000 - 0x00007ff9b744e000 	C:\Program Files\Exelis\IDL83\bin\bin.x86_64\MesaGL6_2.dll
0x00007ff9e3650000 - 0x00007ff9e365c000 	C:\Program Files\Exelis\IDL83\bin\bin.x86_64\osmesa6_2.dll
0x00007ff9b6cd0000 - 0x00007ff9b6d4c000 	C:\Program Files\Exelis\IDL83\bin\bin.x86_64\freetype2_4_7.dll
0x00007ff9dddd0000 - 0x00007ff9ddde7000 	C:\WINDOWS\SYSTEM32\dhcpcsvc6.DLL
0x00007ff9de0b0000 - 0x00007ff9de0cd000 	C:\WINDOWS\SYSTEM32\dhcpcsvc.DLL
0x0000000018bf0000 - 0x0000000018edb000 	C:\WINDOWS\system32\spool\DRIVERS\x64\3\hp1100su.dll
0x0000000018ee0000 - 0x0000000018fe5000 	C:\WINDOWS\system32\spool\DRIVERS\x64\3\HP1100GC.dll
0x0000000019070000 - 0x00000000190cf000 	C:\WINDOWS\system32\spool\DRIVERS\x64\3\hp1100sd.dll
0x00007ff9dc2a0000 - 0x00007ff9dc3c6000 	C:\WINDOWS\SYSTEM32\OpenGL32.DLL
0x00007ff9e64d0000 - 0x00007ff9e64fc000 	C:\WINDOWS\SYSTEM32\GLU32.dll
0x00007ff9bd350000 - 0x00007ff9bd38e000 	C:\Program Files\Exelis\IDL83\bin\bin.x86_64\gl_driver.dll
0x00000000183d0000 - 0x00000000183d3000 	C:\WINDOWS\SYSTEM32\icmp.Dll
0x00007ff9e2b10000 - 0x00007ff9e2b4e000 	C:\WINDOWS\system32\dataexchange.dll
0x00007ff9e83c0000 - 0x00007ff9e8624000 	C:\WINDOWS\system32\d3d11.dll
0x00007ff9e9670000 - 0x00007ff9e9855000 	C:\WINDOWS\system32\dcomp.dll
0x00007ff9eb0b0000 - 0x00007ff9eb1a3000 	C:\WINDOWS\system32\dxgi.dll
0x00007ff9cf5a0000 - 0x00007ff9cf64c000 	C:\WINDOWS\SYSTEM32\TextShaping.dll
0x00007ff9bfaf0000 - 0x00007ff9bfd11000 	C:\WINDOWS\system32\explorerframe.dll
0x00007ff9bcea0000 - 0x00007ff9bcee2000 	C:\WINDOWS\system32\mlang.dll
0x00007ff9ec580000 - 0x00007ff9ec622000 	C:\WINDOWS\SYSTEM32\sxs.dll
0x00007ff9c3fd0000 - 0x00007ff9c3fe1000 	C:\Users\jia\.idl\idlworkbench-config-idl8.3.0_x86_64\org.eclipse.osgi\bundles\208\1\.cp\jWinHttp-1.0.0.dll
0x00007ff9e69f0000 - 0x00007ff9e6afb000 	C:\WINDOWS\SYSTEM32\WINHTTP.dll
0x00007ff9caa20000 - 0x00007ff9caa86000 	C:\Windows\System32\thumbcache.dll
0x00007ff9e7a80000 - 0x00007ff9e7b20000 	C:\WINDOWS\SYSTEM32\policymanager.dll
0x00007ff9d5490000 - 0x00007ff9d549c000 	C:\WINDOWS\SYSTEM32\Secur32.dll
0x00007ff9ddc70000 - 0x00007ff9ddc89000 	C:\WINDOWS\SYSTEM32\samcli.dll
0x00007ff9e7ee0000 - 0x00007ff9e7f04000 	C:\WINDOWS\SYSTEM32\SAMLIB.dll
0x00007ff9ebce0000 - 0x00007ff9ebcec000 	C:\WINDOWS\SYSTEM32\netutils.dll
0x00007ff9ba220000 - 0x00007ff9bae50000 	C:\Users\jia\AppData\Local\Kingsoft\WPS Office\11.1.0.10700\office6\qingnse64.dll
0x00007ff9b3560000 - 0x00007ff9b3609000 	C:\Program Files\Common Files\microsoft shared\ink\tiptsf.dll
0x00007ff9e9ce0000 - 0x00007ff9e9ced000 	C:\WINDOWS\SYSTEM32\atlthunk.dll

VM Arguments:
jvm_args: -Dosgi.instance.area.default=@user.home/IDLWorkspace83 -Dosgi.configuration.area=@user.home/.idl/idlworkbench-config-idl8.3.0_x86_64 -Dosgi.configuration.cascaded=true -Dosgi.checkConfiguration=true -Dosgi.sharedConfiguration.area.readOnly=true -Dorg.eclipse.update.reconcile=false -Declipse.p2.data.area=@config.dir/p2 -Dosgi.sharedConfiguration.area=C:\Program Files\Exelis\IDL83\bin\bin.x86_64/configuration 
java_command: <unknown>
Launcher Type: generic

Environment Variables:
PATH=C:/Program Files/Exelis/IDL83/bin/bin.x86_64/jre/bin/server;C:/Program Files/Exelis/IDL83/bin/bin.x86_64/jre/bin;C:/Program Files/Exelis/IDL83/bin/bin.x86_64/jre/lib/amd64;C:\Program Files\Exelis\IDL83\bin\bin.x86_64\;C:\D_drive\Anaconda3\Anaconda\envs\AIMIS3D;C:\D_drive\Anaconda3\Anaconda\envs\AIMIS3D\Scripts;C:\D_drive\Anaconda3\Anaconda\envs\AIMIS3D\Library\bin;C:\D_drive\Anaconda3\Anaconda\envs\AIMIS3D\Library\mingw-w64\bin;C:\D_drive\Anaconda3\Anaconda\Scripts;C:\Program Files\Exelis\IDL85\bin\bin.x86_64;C:\Program Files\dotnet\;C:\Program Files\CMake\bin;;C:\WINDOWS\system32;C:\WINDOWS\System32\WindowsPowerShell\v1.0\;C:\WINDOWS\System32\Wbem;C:\Program Files\python;C:\Program Files\python\Scripts;C:\BtSoft\panel\script;C:\Program Files\ITK-SNAP 3.8\bin;C:\WINDOWS;C:\WINDOWS\System32\OpenSSH\;C:\Program Files (x86)\dotnet\;C:\Users\jia\AppData\Local\Microsoft\WindowsApps;;C:\Pycharm\PyCharm Community Edition 2020.1.2\bin;;C:\Users\jia\AppData\Local\Programs\Microsoft VS Code\bin;C:\Program Files\Exelis\IDL83\bin\bin.x86_64;
USERNAME=jia
OS=Windows_NT
PROCESSOR_IDENTIFIER=Intel64 Family 6 Model 126 Stepping 5, GenuineIntel



---------------  S Y S T E M  ---------------

OS: Windows 8 , 64 bit Build 9200 

CPU:total 8 (4 cores per cpu, 2 threads per core) family 6 model 126 stepping 5, cmov, cx8, fxsr, mmx, sse, sse2, sse3, ssse3, sse4.1, sse4.2, popcnt, avx, avx2, ht, tsc, tscinvbit

Memory: 4k page, physical 16353460k(8493996k free), swap 28978476k(16467240k free)

vm_info: Java HotSpot(TM) 64-Bit Server VM (23.25-b01) for windows-amd64 JRE (1.7.0_25-b17), built on Jun 21 2013 12:58:32 by "java_re" with unknown MS VC++:1600

time: Mon Aug 30 10:38:31 2021
elapsed time: 2084 seconds

