#
# A fatal error has been detected by the Java Runtime Environment:
#
#  EXCEPTION_ACCESS_VIOLATION (0xc0000005) at pc=0x00007ff9344df051, pid=4260, tid=6220
#
# JRE version: 7.0_25-b17
# Java VM: Java HotSpot(TM) 64-Bit Server VM (23.25-b01 mixed mode windows-amd64 compressed oops)
# Problematic frame:
# C  0x00007ff9344df051  DumpRegistryKeyDefinitions+0x75f441
#
# Failed to write core dump. Minidumps are not enabled by default on client versions of Windows
#
# If you would like to submit a bug report, please visit:
#   http://bugreport.sun.com/bugreport/crash.jsp
# The crash happened outside the Java Virtual Machine in native code.
# See problematic frame for where to report the bug.
#

---------------  T H R E A D  ---------------

Current thread (0x0000000013936000):  JavaThread "IDL" [_thread_in_native, id=6220, stack(0x00000000171f0000,0x00000000172f0000)]

siginfo: ExceptionCode=0xc0000005, reading address 0xffffffffffffffff

Registers:
RAX=0x3f3154c33eafab6d, RBX=0x00000000172e11c0, RCX=0x000000001997a088, RDX=0x0000000000000000
RSP=0x00000000172e1138, RBP=0x00007ff93497c960, RSI=0x00000000172e1190, RDI=0x0000000000000007
R8 =0x00000000172e1190, R9 =0x00000000172e11c0, R10=0x000000001997a088, R11=0x00000000172e11d8
R12=0x00007ff93497c960, R13=0x000000006e4f1a80, R14=0x0000000000000002, R15=0x0000000034dab000
RIP=0x00007ff9344df051, EFLAGS=0x0000000000010246

Top of Stack: (sp=0x00000000172e1138)
0x00000000172e1138:   00007ff9343654c9 00000000172e1190
0x00000000172e1148:   0000000019979cd0 40182d963f96c1ab
0x00000000172e1158:   3f80000040238e6b 0000000019979cd0
0x00000000172e1168:   00007ff934365be0 000000001997a0c0
0x00000000172e1178:   0000000000000001 00000000172e1270
0x00000000172e1188:   0000000000000001 0000000019979cd0
0x00000000172e1198:   0000000019979cd0 000000001997a088
0x00000000172e11a8:   0000000000000000 0000000000000013
0x00000000172e11b8:   00007ff900000008 00000000172e1260
0x00000000172e11c8:   0000000000000000 00000000172e1280
0x00000000172e11d8:   000000001997a088 000000001997a098
0x00000000172e11e8:   000000001997a0a8 000000001997a0b8
0x00000000172e11f8:   000000001997a0c8 000000001997a0d8
0x00000000172e1208:   000000001997a0e8 000000001997a0f8
0x00000000172e1218:   0000000000000000 0000000000000000
0x00000000172e1228:   0000000000000000 0000000000000000 

Instructions: (pc=0x00007ff9344df051)
0x00007ff9344df031:   4a 04 f3 0f 11 42 08 8b 41 30 0f 28 02 48 03 c0
0x00007ff9344df041:   f3 0f 7f 04 c1 ff 41 30 c3 cc cc 48 8b 01 32 d2
0x00007ff9344df051:   38 50 34 74 0b 48 8b 41 08 38 50 34 74 02 b2 01
0x00007ff9344df061:   8a c2 c3 44 8b 81 60 10 00 00 8b 91 18 19 00 00 


Register to memory mapping:

RAX=0x3f3154c33eafab6d is an unknown value
RBX=0x00000000172e11c0 is pointing into the stack for thread: 0x0000000013936000
RCX=0x000000001997a088 is an unknown value
RDX=0x0000000000000000 is an unknown value
RSP=0x00000000172e1138 is pointing into the stack for thread: 0x0000000013936000
RBP=0x00007ff93497c960 is an unknown value
RSI=0x00000000172e1190 is pointing into the stack for thread: 0x0000000013936000
RDI=0x0000000000000007 is an unknown value
R8 =0x00000000172e1190 is pointing into the stack for thread: 0x0000000013936000
R9 =0x00000000172e11c0 is pointing into the stack for thread: 0x0000000013936000
R10=0x000000001997a088 is an unknown value
R11=0x00000000172e11d8 is pointing into the stack for thread: 0x0000000013936000
R12=0x00007ff93497c960 is an unknown value
R13=0x000000006e4f1a80 is an unknown value
R14=0x0000000000000002 is an unknown value
R15=0x0000000034dab000 is an unknown value


Stack: [0x00000000171f0000,0x00000000172f0000],  sp=0x00000000172e1138,  free space=964k
Native frames: (J=compiled Java code, j=interpreted, Vv=VM code, C=native code)
C  0x00007ff9344df051  DumpRegistryKeyDefinitions+0x75f441

Java frames: (J=compiled Java code, j=interpreted, Vv=VM code)
j  com.rsi.idldt.core.ips.IPS_Access.IPS_Start([Ljava/lang/String;)V+0
j  com.rsi.idldt.core.ips.IPS_Manager$2.run()V+15
j  java.lang.Thread.run()V+11
v  ~StubRoutines::call_stub

---------------  P R O C E S S  ---------------

Java Threads: ( => current thread )
  0x00000000240c8000 JavaThread "HighTraffic" [_thread_blocked, id=4996, stack(0x00000000007c0000,0x00000000008c0000)]
  0x00000000240c9800 JavaThread "Worker-54" [_thread_blocked, id=16264, stack(0x0000000016b60000,0x0000000016c60000)]
  0x000000001662d800 JavaThread "Worker-53" [_thread_blocked, id=9712, stack(0x0000000018af0000,0x0000000018bf0000)]
  0x00000000240c9000 JavaThread "Worker-52" [_thread_blocked, id=3176, stack(0x0000000021be0000,0x0000000021ce0000)]
  0x00000000240c1800 JavaThread "Worker-50" [_thread_blocked, id=13880, stack(0x0000000019710000,0x0000000019810000)]
  0x00000000240c3800 JavaThread "Worker-49" [_thread_blocked, id=19116, stack(0x0000000019610000,0x0000000019710000)]
  0x00000000240c7800 JavaThread "Worker-48" [_thread_blocked, id=4952, stack(0x0000000018070000,0x0000000018170000)]
  0x00000000240c6000 JavaThread "Worker-47" [_thread_blocked, id=4556, stack(0x0000000016d60000,0x0000000016e60000)]
  0x00000000162de800 JavaThread "[ThreadPool Manager] - Idle Thread" daemon [_thread_blocked, id=19112, stack(0x000000001bfa0000,0x000000001c0a0000)]
  0x0000000016627800 JavaThread "Timer-2" daemon [_thread_blocked, id=17096, stack(0x0000000019810000,0x0000000019910000)]
  0x000000001662c800 JavaThread "Timer-1" daemon [_thread_blocked, id=1304, stack(0x0000000019260000,0x0000000019360000)]
  0x000000001662b000 JavaThread "Thread-14" [_thread_in_native, id=7696, stack(0x0000000018e40000,0x0000000018f40000)]
  0x0000000016629000 JavaThread "IDLDT DOM Worker-7" [_thread_blocked, id=12852, stack(0x00000000189f0000,0x0000000018af0000)]
  0x0000000016629800 JavaThread "IDLDT DOM Worker-6" [_thread_blocked, id=744, stack(0x00000000188f0000,0x00000000189f0000)]
  0x0000000016628000 JavaThread "IDLDT DOM Worker-5" [_thread_blocked, id=12668, stack(0x00000000187f0000,0x00000000188f0000)]
  0x00000000162de000 JavaThread "IDLDT DOM Worker-4" [_thread_blocked, id=13836, stack(0x00000000186f0000,0x00000000187f0000)]
  0x00000000162e2800 JavaThread "IDLDT DOM Worker-3" [_thread_blocked, id=14288, stack(0x00000000185f0000,0x00000000186f0000)]
  0x00000000162dc800 JavaThread "IDLDT DOM Worker-2" [_thread_blocked, id=10340, stack(0x00000000184f0000,0x00000000185f0000)]
  0x00000000162db800 JavaThread "IDLDT DOM Worker-1" [_thread_blocked, id=19884, stack(0x00000000183f0000,0x00000000184f0000)]
  0x00000000162e1000 JavaThread "IDLDT DOM Worker-0" [_thread_blocked, id=4492, stack(0x00000000182f0000,0x00000000183f0000)]
  0x00000000162e1800 JavaThread "Timer-0" daemon [_thread_blocked, id=5464, stack(0x00000000181f0000,0x00000000182f0000)]
=>0x0000000013936000 JavaThread "IDL" [_thread_in_native, id=6220, stack(0x00000000171f0000,0x00000000172f0000)]
  0x000000001492a800 JavaThread "IDLToJava Broker" daemon [_thread_blocked, id=17104, stack(0x00000000170f0000,0x00000000171f0000)]
  0x00000000149b6800 JavaThread "Provisioning Event Dispatcher" daemon [_thread_blocked, id=16316, stack(0x00000000157f0000,0x00000000158f0000)]
  0x0000000014924000 JavaThread "Bundle File Closer" daemon [_thread_blocked, id=14740, stack(0x00000000155f0000,0x00000000156f0000)]
  0x000000001481d800 JavaThread "Worker-JM" [_thread_blocked, id=6188, stack(0x00000000154f0000,0x00000000155f0000)]
  0x00000000138a2800 JavaThread "[Timer] - Main Queue Handler" daemon [_thread_blocked, id=4792, stack(0x0000000015340000,0x0000000015440000)]
  0x0000000013934800 JavaThread "Framework Event Dispatcher" daemon [_thread_blocked, id=3592, stack(0x0000000015140000,0x0000000015240000)]
  0x0000000014860000 JavaThread "Start Level Event Dispatcher" daemon [_thread_blocked, id=140, stack(0x0000000015040000,0x0000000015140000)]
  0x0000000013993800 JavaThread "State Data Manager" daemon [_thread_blocked, id=17684, stack(0x0000000014f40000,0x0000000015040000)]
  0x000000001468d000 JavaThread "Framework Active Thread" [_thread_blocked, id=14900, stack(0x0000000014e40000,0x0000000014f40000)]
  0x00000000110c3000 JavaThread "Service Thread" daemon [_thread_blocked, id=7880, stack(0x00000000134a0000,0x00000000135a0000)]
  0x00000000110be800 JavaThread "C2 CompilerThread1" daemon [_thread_blocked, id=18036, stack(0x00000000133a0000,0x00000000134a0000)]
  0x00000000110bc800 JavaThread "C2 CompilerThread0" daemon [_thread_blocked, id=17496, stack(0x00000000132a0000,0x00000000133a0000)]
  0x00000000110bc000 JavaThread "Attach Listener" daemon [_thread_blocked, id=6496, stack(0x00000000131a0000,0x00000000132a0000)]
  0x0000000011092000 JavaThread "Signal Dispatcher" daemon [_thread_blocked, id=13724, stack(0x00000000130a0000,0x00000000131a0000)]
  0x0000000011029800 JavaThread "Finalizer" daemon [_thread_blocked, id=16884, stack(0x0000000012fa0000,0x00000000130a0000)]
  0x0000000011028800 JavaThread "Reference Handler" daemon [_thread_blocked, id=11888, stack(0x0000000012ea0000,0x0000000012fa0000)]
  0x00000000025ee800 JavaThread "main" [_thread_in_native, id=19916, stack(0x0000000000050000,0x0000000000150000)]

Other Threads:
  0x0000000011024000 VMThread [stack: 0x0000000012da0000,0x0000000012ea0000] [id=16740]
  0x00000000135b9000 WatcherThread [stack: 0x00000000139a0000,0x0000000013aa0000] [id=14556]

VM state:not at safepoint (normal execution)

VM Mutex/Monitor currently owned by a thread: None

Heap
 PSYoungGen      total 130624K, used 3864K [0x00000007ab800000, 0x00000007b5360000, 0x0000000800000000)
  eden space 104960K, 3% used [0x00000007ab800000,0x00000007abbc6100,0x00000007b1e80000)
  from space 25664K, 0% used [0x00000007b1e80000,0x00000007b1e80000,0x00000007b3790000)
  to   space 27072K, 0% used [0x00000007b38f0000,0x00000007b38f0000,0x00000007b5360000)
 ParOldGen       total 193856K, used 84767K [0x0000000702800000, 0x000000070e550000, 0x00000007ab800000)
  object space 193856K, 43% used [0x0000000702800000,0x0000000707ac7c90,0x000000070e550000)
 PSPermGen       total 48768K, used 48412K [0x00000006fd600000, 0x00000007005a0000, 0x0000000702800000)
  object space 48768K, 99% used [0x00000006fd600000,0x0000000700547080,0x00000007005a0000)

Card table byte_map: [0x00000000057b0000,0x0000000005fd0000] byte_map_base: 0x0000000001fc5000

Polling page: 0x00000000021b0000

Code Cache  [0x00000000026f0000, 0x0000000002e80000, 0x00000000056f0000)
 total_blobs=2668 nmethods=1994 adapters=622 free_code_cache=41570Kb largest_free_block=42456000

Compilation events (10 events):
Event: 6607.497 Thread 0x00000000110bc800 2245             org.eclipse.jface.text.AbstractDocument::getPositions (58 bytes)
Event: 6607.501 Thread 0x00000000110bc800 nmethod 2245 0x0000000002c68c50 code [0x0000000002c68dc0, 0x0000000002c692b8]
Event: 6608.487 Thread 0x00000000110be800 2246             org.eclipse.ui.internal.progress.ProgressManager::getJobInfo (33 bytes)
Event: 6608.489 Thread 0x00000000110be800 nmethod 2246 0x0000000002ca4750 code [0x0000000002ca48e0, 0x0000000002ca4c78]
Event: 6610.927 Thread 0x00000000110bc800 2247   !         org.eclipse.swt.graphics.Image::initNative (1304 bytes)
Event: 6610.948 Thread 0x00000000110bc800 nmethod 2247 0x0000000002e63d50 code [0x0000000002e64180, 0x0000000002e66008]
Event: 6615.641 Thread 0x00000000110be800 2248             org.eclipse.swt.widgets.Display::foregroundIdleProc (99 bytes)
Event: 6615.643 Thread 0x00000000110be800 nmethod 2248 0x0000000002e63450 code [0x0000000002e635e0, 0x0000000002e63a20]
Event: 6630.593 Thread 0x00000000110bc800 2249             org.eclipse.core.runtime.jobs.Job::getRule (5 bytes)
Event: 6630.593 Thread 0x00000000110bc800 nmethod 2249 0x0000000002bbcb90 code [0x0000000002bbccc0, 0x0000000002bbcd38]

GC Heap History (10 events):
Event: 6554.765 GC heap before
{Heap before GC invocations=180 (full 76):
 PSYoungGen      total 130624K, used 130609K [0x00000007ab800000, 0x00000007b4c50000, 0x0000000800000000)
  eden space 115520K, 100% used [0x00000007ab800000,0x00000007b28d0000,0x00000007b28d0000)
  from space 15104K, 99% used [0x00000007b2c90000,0x00000007b3b4c5f0,0x00000007b3b50000)
  to   space 17408K, 0% used [0x00000007b3b50000,0x00000007b3b50000,0x00000007b4c50000)
 ParOldGen       total 193856K, used 83373K [0x0000000702800000, 0x000000070e550000, 0x00000007ab800000)
  object space 193856K, 43% used [0x0000000702800000,0x000000070796b738,0x000000070e550000)
 PSPermGen       total 48704K, used 48392K [0x00000006fd600000, 0x0000000700590000, 0x0000000702800000)
  object space 48704K, 99% used [0x00000006fd600000,0x00000007005423f0,0x0000000700590000)
Event: 6554.769 GC heap after
Heap after GC invocations=180 (full 76):
 PSYoungGen      total 129280K, used 17385K [0x00000007ab800000, 0x00000007b4fe0000, 0x0000000800000000)
  eden space 111872K, 0% used [0x00000007ab800000,0x00000007ab800000,0x00000007b2540000)
  from space 17408K, 99% used [0x00000007b3b50000,0x00000007b4c4a4f8,0x00000007b4c50000)
  to   space 21824K, 0% used [0x00000007b2540000,0x00000007b2540000,0x00000007b3a90000)
 ParOldGen       total 193856K, used 84373K [0x0000000702800000, 0x000000070e550000, 0x00000007ab800000)
  object space 193856K, 43% used [0x0000000702800000,0x0000000707a65738,0x000000070e550000)
 PSPermGen       total 48704K, used 48392K [0x00000006fd600000, 0x0000000700590000, 0x0000000702800000)
  object space 48704K, 99% used [0x00000006fd600000,0x00000007005423f0,0x0000000700590000)
}
Event: 6555.931 GC heap before
{Heap before GC invocations=181 (full 76):
 PSYoungGen      total 129280K, used 129257K [0x00000007ab800000, 0x00000007b4fe0000, 0x0000000800000000)
  eden space 111872K, 100% used [0x00000007ab800000,0x00000007b2540000,0x00000007b2540000)
  from space 17408K, 99% used [0x00000007b3b50000,0x00000007b4c4a4f8,0x00000007b4c50000)
  to   space 21824K, 0% used [0x00000007b2540000,0x00000007b2540000,0x00000007b3a90000)
 ParOldGen       total 193856K, used 84373K [0x0000000702800000, 0x000000070e550000, 0x00000007ab800000)
  object space 193856K, 43% used [0x0000000702800000,0x0000000707a65738,0x000000070e550000)
 PSPermGen       total 48704K, used 48393K [0x00000006fd600000, 0x0000000700590000, 0x0000000702800000)
  object space 48704K, 99% used [0x00000006fd600000,0x0000000700542660,0x0000000700590000)
Event: 6555.934 GC heap after
Heap after GC invocations=181 (full 76):
 PSYoungGen      total 124288K, used 15935K [0x00000007ab800000, 0x00000007b5050000, 0x0000000800000000)
  eden space 108352K, 0% used [0x00000007ab800000,0x00000007ab800000,0x00000007b21d0000)
  from space 15936K, 99% used [0x00000007b2540000,0x00000007b34cfcd0,0x00000007b34d0000)
  to   space 23808K, 0% used [0x00000007b3910000,0x00000007b3910000,0x00000007b5050000)
 ParOldGen       total 193856K, used 84373K [0x0000000702800000, 0x000000070e550000, 0x00000007ab800000)
  object space 193856K, 43% used [0x0000000702800000,0x0000000707a65738,0x000000070e550000)
 PSPermGen       total 48704K, used 48393K [0x00000006fd600000, 0x0000000700590000, 0x0000000702800000)
  object space 48704K, 99% used [0x00000006fd600000,0x0000000700542660,0x0000000700590000)
}
Event: 6607.754 GC heap before
{Heap before GC invocations=182 (full 76):
 PSYoungGen      total 124288K, used 124287K [0x00000007ab800000, 0x00000007b5050000, 0x0000000800000000)
  eden space 108352K, 100% used [0x00000007ab800000,0x00000007b21d0000,0x00000007b21d0000)
  from space 15936K, 99% used [0x00000007b2540000,0x00000007b34cfcd0,0x00000007b34d0000)
  to   space 23808K, 0% used [0x00000007b3910000,0x00000007b3910000,0x00000007b5050000)
 ParOldGen       total 193856K, used 84373K [0x0000000702800000, 0x000000070e550000, 0x00000007ab800000)
  object space 193856K, 43% used [0x0000000702800000,0x0000000707a65738,0x000000070e550000)
 PSPermGen       total 48704K, used 48407K [0x00000006fd600000, 0x0000000700590000, 0x0000000702800000)
  object space 48704K, 99% used [0x00000006fd600000,0x0000000700545e50,0x0000000700590000)
Event: 6607.757 GC heap after
Heap after GC invocations=182 (full 76):
 PSYoungGen      total 128768K, used 16713K [0x00000007ab800000, 0x00000007b50a0000, 0x0000000800000000)
  eden space 104960K, 0% used [0x00000007ab800000,0x00000007ab800000,0x00000007b1e80000)
  from space 23808K, 70% used [0x00000007b3910000,0x00000007b4962650,0x00000007b5050000)
  to   space 25664K, 0% used [0x00000007b1e80000,0x00000007b1e80000,0x00000007b3790000)
 ParOldGen       total 193856K, used 84373K [0x0000000702800000, 0x000000070e550000, 0x00000007ab800000)
  object space 193856K, 43% used [0x0000000702800000,0x0000000707a65738,0x000000070e550000)
 PSPermGen       total 48704K, used 48407K [0x00000006fd600000, 0x0000000700590000, 0x0000000702800000)
  object space 48704K, 99% used [0x00000006fd600000,0x0000000700545e50,0x0000000700590000)
}
Event: 6610.703 GC heap before
{Heap before GC invocations=183 (full 76):
 PSYoungGen      total 128768K, used 21939K [0x00000007ab800000, 0x00000007b50a0000, 0x0000000800000000)
  eden space 104960K, 4% used [0x00000007ab800000,0x00000007abd1a828,0x00000007b1e80000)
  from space 23808K, 70% used [0x00000007b3910000,0x00000007b4962650,0x00000007b5050000)
  to   space 25664K, 0% used [0x00000007b1e80000,0x00000007b1e80000,0x00000007b3790000)
 ParOldGen       total 193856K, used 84373K [0x0000000702800000, 0x000000070e550000, 0x00000007ab800000)
  object space 193856K, 43% used [0x0000000702800000,0x0000000707a65738,0x000000070e550000)
 PSPermGen       total 48704K, used 48410K [0x00000006fd600000, 0x0000000700590000, 0x0000000702800000)
  object space 48704K, 99% used [0x00000006fd600000,0x0000000700546938,0x0000000700590000)
Event: 6610.706 GC heap after
Heap after GC invocations=183 (full 76):
 PSYoungGen      total 130624K, used 16744K [0x00000007ab800000, 0x00000007b5360000, 0x0000000800000000)
  eden space 104960K, 0% used [0x00000007ab800000,0x00000007ab800000,0x00000007b1e80000)
  from space 25664K, 65% used [0x00000007b1e80000,0x00000007b2eda258,0x00000007b3790000)
  to   space 27072K, 0% used [0x00000007b38f0000,0x00000007b38f0000,0x00000007b5360000)
 ParOldGen       total 193856K, used 84373K [0x0000000702800000, 0x000000070e550000, 0x00000007ab800000)
  object space 193856K, 43% used [0x0000000702800000,0x0000000707a65738,0x000000070e550000)
 PSPermGen       total 48704K, used 48410K [0x00000006fd600000, 0x0000000700590000, 0x0000000702800000)
  object space 48704K, 99% used [0x00000006fd600000,0x0000000700546938,0x0000000700590000)
}
Event: 6610.706 GC heap before
{Heap before GC invocations=184 (full 77):
 PSYoungGen      total 130624K, used 16744K [0x00000007ab800000, 0x00000007b5360000, 0x0000000800000000)
  eden space 104960K, 0% used [0x00000007ab800000,0x00000007ab800000,0x00000007b1e80000)
  from space 25664K, 65% used [0x00000007b1e80000,0x00000007b2eda258,0x00000007b3790000)
  to   space 27072K, 0% used [0x00000007b38f0000,0x00000007b38f0000,0x00000007b5360000)
 ParOldGen       total 193856K, used 84373K [0x0000000702800000, 0x000000070e550000, 0x00000007ab800000)
  object space 193856K, 43% used [0x0000000702800000,0x0000000707a65738,0x000000070e550000)
 PSPermGen       total 48704K, used 48410K [0x00000006fd600000, 0x0000000700590000, 0x0000000702800000)
  object space 48704K, 99% used [0x00000006fd600000,0x0000000700546938,0x0000000700590000)
Event: 6610.802 GC heap after
Heap after GC invocations=184 (full 77):
 PSYoungGen      total 130624K, used 0K [0x00000007ab800000, 0x00000007b5360000, 0x0000000800000000)
  eden space 104960K, 0% used [0x00000007ab800000,0x00000007ab800000,0x00000007b1e80000)
  from space 25664K, 0% used [0x00000007b1e80000,0x00000007b1e80000,0x00000007b3790000)
  to   space 27072K, 0% used [0x00000007b38f0000,0x00000007b38f0000,0x00000007b5360000)
 ParOldGen       total 193856K, used 84767K [0x0000000702800000, 0x000000070e550000, 0x00000007ab800000)
  object space 193856K, 43% used [0x0000000702800000,0x0000000707ac7c90,0x000000070e550000)
 PSPermGen       total 48768K, used 48410K [0x00000006fd600000, 0x00000007005a0000, 0x0000000702800000)
  object space 48768K, 99% used [0x00000006fd600000,0x0000000700546858,0x00000007005a0000)
}

Deoptimization events (10 events):
Event: 6526.953 Thread 0x00000000025ee800 Uncommon trap -34 fr.pc 0x0000000002d026b0
Event: 6526.956 Thread 0x00000000025ee800 Uncommon trap -34 fr.pc 0x0000000002ab8f28
Event: 6526.956 Thread 0x00000000025ee800 Uncommon trap -34 fr.pc 0x0000000002ab8f28
Event: 6526.956 Thread 0x00000000025ee800 Uncommon trap -34 fr.pc 0x0000000002ab8f28
Event: 6526.956 Thread 0x00000000025ee800 Uncommon trap -34 fr.pc 0x0000000002ab8f28
Event: 6551.533 Thread 0x00000000025ee800 Uncommon trap -34 fr.pc 0x0000000002db1694
Event: 6551.536 Thread 0x00000000025ee800 Uncommon trap -34 fr.pc 0x0000000002db1694
Event: 6551.542 Thread 0x00000000025ee800 Uncommon trap -34 fr.pc 0x0000000002db1694
Event: 6551.543 Thread 0x00000000025ee800 Uncommon trap -34 fr.pc 0x0000000002db1694
Event: 6610.919 Thread 0x00000000025ee800 Uncommon trap -34 fr.pc 0x00000000028f9a2c

Internal exceptions (10 events):
Event: 6474.154 Thread 0x00000000240c2000 Threw 0x00000007ac1fa988 at C:\jdk7u2_64p\jdk7u25\hotspot\src\share\vm\prims\jvm.cpp:2957
Event: 6474.162 Thread 0x00000000240c2000 Threw 0x00000007ac1fab70 at C:\jdk7u2_64p\jdk7u25\hotspot\src\share\vm\prims\jvm.cpp:2957
Event: 6474.169 Thread 0x00000000240c2000 Threw 0x00000007ac1fad18 at C:\jdk7u2_64p\jdk7u25\hotspot\src\share\vm\prims\jvm.cpp:2957
Event: 6474.177 Thread 0x00000000240c2000 Threw 0x00000007ac1faf00 at C:\jdk7u2_64p\jdk7u25\hotspot\src\share\vm\prims\jvm.cpp:2957
Event: 6474.184 Thread 0x00000000240c2000 Threw 0x00000007ac1fb0a8 at C:\jdk7u2_64p\jdk7u25\hotspot\src\share\vm\prims\jvm.cpp:2957
Event: 6474.192 Thread 0x00000000240c2000 Threw 0x00000007ac1fb290 at C:\jdk7u2_64p\jdk7u25\hotspot\src\share\vm\prims\jvm.cpp:2957
Event: 6474.199 Thread 0x00000000240c2000 Threw 0x00000007ac1fb438 at C:\jdk7u2_64p\jdk7u25\hotspot\src\share\vm\prims\jvm.cpp:2957
Event: 6474.207 Thread 0x00000000240c2000 Threw 0x00000007ac1fb620 at C:\jdk7u2_64p\jdk7u25\hotspot\src\share\vm\prims\jvm.cpp:2957
Event: 6474.215 Thread 0x00000000240c2000 Threw 0x00000007ac1fb7c8 at C:\jdk7u2_64p\jdk7u25\hotspot\src\share\vm\prims\jvm.cpp:2957
Event: 6474.222 Thread 0x00000000240c2000 Threw 0x00000007ac1fb9b0 at C:\jdk7u2_64p\jdk7u25\hotspot\src\share\vm\prims\jvm.cpp:2957

Events (10 events):
Event: 6630.642 Executing VM operation: RevokeBias
Event: 6630.642 Executing VM operation: RevokeBias done
Event: 6630.642 Executing VM operation: RevokeBias
Event: 6630.642 Executing VM operation: RevokeBias done
Event: 6630.643 Executing VM operation: RevokeBias
Event: 6630.643 Executing VM operation: RevokeBias done
Event: 6630.644 Executing VM operation: RevokeBias
Event: 6630.644 Executing VM operation: RevokeBias done
Event: 6630.644 Executing VM operation: RevokeBias
Event: 6630.644 Executing VM operation: RevokeBias done


Dynamic libraries:
0x0000000000400000 - 0x000000000040e000 	C:\Program Files\Exelis\IDL83\bin\bin.x86_64\idlde.exe
0x00007ff9b4eb0000 - 0x00007ff9b50c7000 	C:\WINDOWS\SYSTEM32\ntdll.dll
0x00007ff9b38b0000 - 0x00007ff9b3974000 	C:\WINDOWS\System32\KERNEL32.DLL
0x00007ff9b22e0000 - 0x00007ff9b2686000 	C:\WINDOWS\System32\KERNELBASE.dll
0x00007ff9aced0000 - 0x00007ff9acf67000 	C:\WINDOWS\SYSTEM32\apphelp.dll
0x00007ff9b3590000 - 0x00007ff9b373e000 	C:\WINDOWS\System32\USER32.dll
0x00007ff9b2970000 - 0x00007ff9b2996000 	C:\WINDOWS\System32\win32u.dll
0x00007ff9b4970000 - 0x00007ff9b4999000 	C:\WINDOWS\System32\GDI32.dll
0x00007ff9b2730000 - 0x00007ff9b2848000 	C:\WINDOWS\System32\gdi32full.dll
0x00007ff9b2690000 - 0x00007ff9b272a000 	C:\WINDOWS\System32\msvcp_win.dll
0x00007ff9b2850000 - 0x00007ff9b2961000 	C:\WINDOWS\System32\ucrtbase.dll
0x00007ff9b2c00000 - 0x00007ff9b2ca7000 	C:\WINDOWS\System32\msvcrt.dll
0x00007ff9976e0000 - 0x00007ff997973000 	C:\WINDOWS\WinSxS\amd64_microsoft.windows.common-controls_6595b64144ccf1df_6.0.22621.2506_none_270c5ae97388e100\COMCTL32.dll
0x00007ff9b3160000 - 0x00007ff9b3191000 	C:\WINDOWS\System32\IMM32.DLL
0x0000000072000000 - 0x0000000072012000 	C:\Program Files\Exelis\IDL83\bin\bin.x86_64\plugins\org.eclipse.equinox.launcher.win32.win32.x86_64_1.1.100.v20110502\eclipse_1406.dll
0x00007ff9b4db0000 - 0x00007ff9b4e61000 	C:\WINDOWS\System32\ADVAPI32.dll
0x00007ff9b4bb0000 - 0x00007ff9b4c55000 	C:\WINDOWS\System32\sechost.dll
0x00007ff9b4350000 - 0x00007ff9b4467000 	C:\WINDOWS\System32\RPCRT4.dll
0x00007ff9aa230000 - 0x00007ff9aa23a000 	C:\WINDOWS\SYSTEM32\VERSION.dll
0x0000000063fc0000 - 0x00000000646cf000 	C:\Program Files\Exelis\IDL83\bin\bin.x86_64\jre\bin\server\jvm.dll
0x00007ff9b49a0000 - 0x00007ff9b49a8000 	C:\WINDOWS\System32\PSAPI.DLL
0x00007ff9acd30000 - 0x00007ff9acd39000 	C:\WINDOWS\SYSTEM32\WSOCK32.dll
0x00007ff9aa240000 - 0x00007ff9aa274000 	C:\WINDOWS\SYSTEM32\WINMM.dll
0x00007ff9b4ad0000 - 0x00007ff9b4b41000 	C:\WINDOWS\System32\WS2_32.dll
0x0000000063ee0000 - 0x0000000063fb2000 	C:\WINDOWS\SYSTEM32\MSVCR100.dll
0x0000000063ed0000 - 0x0000000063edf000 	C:\Program Files\Exelis\IDL83\bin\bin.x86_64\jre\bin\verify.dll
0x0000000063ea0000 - 0x0000000063ec8000 	C:\Program Files\Exelis\IDL83\bin\bin.x86_64\jre\bin\java.dll
0x0000000063e80000 - 0x0000000063e95000 	C:\Program Files\Exelis\IDL83\bin\bin.x86_64\jre\bin\zip.dll
0x00007ff9b19d0000 - 0x00007ff9b19eb000 	C:\WINDOWS\SYSTEM32\CRYPTSP.dll
0x00007ff9b1230000 - 0x00007ff9b1265000 	C:\WINDOWS\system32\rsaenh.dll
0x00007ff9b1830000 - 0x00007ff9b185c000 	C:\WINDOWS\SYSTEM32\USERENV.dll
0x00007ff9b2150000 - 0x00007ff9b2176000 	C:\WINDOWS\SYSTEM32\profapi.dll
0x00007ff9b1bd0000 - 0x00007ff9b1bf8000 	C:\WINDOWS\SYSTEM32\bcrypt.dll
0x00007ff9b2b10000 - 0x00007ff9b2b8a000 	C:\WINDOWS\System32\bcryptprimitives.dll
0x00007ff9b19c0000 - 0x00007ff9b19cc000 	C:\WINDOWS\SYSTEM32\CRYPTBASE.dll
0x0000000063e60000 - 0x0000000063e79000 	C:\Program Files\Exelis\IDL83\bin\bin.x86_64\jre\bin\net.dll
0x00007ff9b1750000 - 0x00007ff9b17b9000 	C:\WINDOWS\system32\mswsock.dll
0x00007ff997d40000 - 0x00007ff997d57000 	C:\WINDOWS\system32\napinsp.dll
0x00007ff98c180000 - 0x00007ff98c19b000 	C:\WINDOWS\system32\pnrpnsp.dll
0x00007ff9b0d90000 - 0x00007ff9b0e89000 	C:\WINDOWS\SYSTEM32\DNSAPI.dll
0x00007ff9b0d60000 - 0x00007ff9b0d8d000 	C:\WINDOWS\SYSTEM32\IPHLPAPI.DLL
0x00007ff9b3150000 - 0x00007ff9b3159000 	C:\WINDOWS\System32\NSI.dll
0x00007ff98bd00000 - 0x00007ff98bd11000 	C:\WINDOWS\System32\winrnr.dll
0x00007ff9a7910000 - 0x00007ff9a7925000 	C:\WINDOWS\system32\wshbth.dll
0x00007ff98b9e0000 - 0x00007ff98ba01000 	C:\WINDOWS\system32\nlansp_c.dll
0x00007ff9a6110000 - 0x00007ff9a611a000 	C:\Windows\System32\rasadhlp.dll
0x00007ff9a6000000 - 0x00007ff9a6083000 	C:\WINDOWS\System32\fwpuclnt.dll
0x0000000063e40000 - 0x0000000063e51000 	C:\Program Files\Exelis\IDL83\bin\bin.x86_64\jre\bin\nio.dll
0x00007ff9ae370000 - 0x00007ff9ae41b000 	C:\WINDOWS\system32\uxtheme.dll
0x00007ff9b45c0000 - 0x00007ff9b4949000 	C:\WINDOWS\System32\combase.dll
0x00007ff9b4470000 - 0x00007ff9b45c0000 	C:\WINDOWS\System32\MSCTF.dll
0x00007ff9b12e0000 - 0x00007ff9b12f8000 	C:\WINDOWS\SYSTEM32\kernel.appcore.dll
0x00007ff9a7c80000 - 0x00007ff9a7dca000 	C:\WINDOWS\SYSTEM32\textinputframework.dll
0x00007ff9b3980000 - 0x00007ff9b3a57000 	C:\WINDOWS\System32\OLEAUT32.dll
0x00007ff9aca40000 - 0x00007ff9acb73000 	C:\WINDOWS\SYSTEM32\CoreMessaging.dll
0x00007ff9aa340000 - 0x00007ff9aa6ac000 	C:\WINDOWS\SYSTEM32\CoreUIComponents.dll
0x00007ff9affc0000 - 0x00007ff9b00fe000 	C:\WINDOWS\SYSTEM32\wintypes.dll
0x00007ff989700000 - 0x00007ff989769000 	C:\WINDOWS\system32\Oleacc.dll
0x00000000168c0000 - 0x0000000016967000 	C:\Users\77957\.idl\idlworkbench-config-idl8.3.0_x86_64\org.eclipse.osgi\bundles\530\1\.cp\swt-win32-3740.dll
0x00007ff9b31a0000 - 0x00007ff9b3340000 	C:\WINDOWS\System32\ole32.dll
0x00007ff9b37b0000 - 0x00007ff9b38a9000 	C:\WINDOWS\System32\comdlg32.dll
0x00007ff9b4c60000 - 0x00007ff9b4d53000 	C:\WINDOWS\System32\shcore.dll
0x00007ff9b4a70000 - 0x00007ff9b4ace000 	C:\WINDOWS\System32\SHLWAPI.dll
0x00007ff9b3af0000 - 0x00007ff9b434a000 	C:\WINDOWS\System32\SHELL32.dll
0x00007ff9b29a0000 - 0x00007ff9b2b06000 	C:\WINDOWS\System32\CRYPT32.dll
0x00007ff990ec0000 - 0x00007ff990f68000 	C:\WINDOWS\SYSTEM32\WINSPOOL.DRV
0x00007ff988da0000 - 0x00007ff988db9000 	C:\WINDOWS\SYSTEM32\USP10.dll
0x00007ff996a60000 - 0x00007ff996f54000 	C:\WINDOWS\SYSTEM32\WININET.dll
0x00007ff9ae520000 - 0x00007ff9ae621000 	C:\WINDOWS\SYSTEM32\propsys.dll
0x00007ff9b49b0000 - 0x00007ff9b4a60000 	C:\WINDOWS\System32\clbcatq.dll
0x00007ff9b0100000 - 0x00007ff9b09f6000 	C:\WINDOWS\system32\windows.storage.dll
0x0000000016ad0000 - 0x0000000016aee000 	C:\Users\77957\.idl\idlworkbench-config-idl8.3.0_x86_64\org.eclipse.osgi\bundles\530\1\.cp\swt-gdip-win32-3740.dll
0x00007ff990ff0000 - 0x00007ff9911a9000 	C:\WINDOWS\WinSxS\amd64_microsoft.windows.gdiplus_6595b64144ccf1df_1.1.22621.2506_none_57f74dcece1b5ace\gdiplus.dll
0x00007ff9ac0a0000 - 0x00007ff9ac250000 	C:\WINDOWS\SYSTEM32\WindowsCodecs.dll
0x0000000180000000 - 0x0000000180011000 	C:\Users\77957\.idl\idlworkbench-config-idl8.3.0_x86_64\org.eclipse.osgi\bundles\183\1\.cp\os\win32\x86_64\localfile_1_0_0.dll
0x00007ff9947f0000 - 0x00007ff99483d000 	C:\Program Files\Exelis\IDL83\bin\bin.x86_64\idl_ips.dll
0x00007ff9377d0000 - 0x00007ff93852d000 	C:\Program Files\Exelis\IDL83\bin\bin.x86_64\idl.dll
0x00007ff9ab980000 - 0x00007ff9ab9a3000 	C:\Program Files\Exelis\IDL83\bin\bin.x86_64\UG3220.dll
0x00007ff98ece0000 - 0x00007ff98ed3c000 	C:\Program Files\Exelis\IDL83\bin\bin.x86_64\MesaGLU6_2.dll
0x00007ff96fdd0000 - 0x00007ff96ff5e000 	C:\Program Files\Exelis\IDL83\bin\bin.x86_64\MesaGL6_2.dll
0x00007ff9acd20000 - 0x00007ff9acd2c000 	C:\Program Files\Exelis\IDL83\bin\bin.x86_64\osmesa6_2.dll
0x00007ff98d130000 - 0x00007ff98d1ac000 	C:\Program Files\Exelis\IDL83\bin\bin.x86_64\freetype2_4_7.dll
0x00007ff995b60000 - 0x00007ff995b79000 	C:\WINDOWS\SYSTEM32\NETAPI32.dll
0x00007ff990fd0000 - 0x00007ff990fd7000 	C:\WINDOWS\SYSTEM32\MSIMG32.dll
0x00007ff9b1540000 - 0x00007ff9b1582000 	C:\WINDOWS\SYSTEM32\SspiCli.dll
0x00007ff9aace0000 - 0x00007ff9aacf9000 	C:\WINDOWS\SYSTEM32\dhcpcsvc6.DLL
0x00007ff9aac40000 - 0x00007ff9aac5f000 	C:\WINDOWS\SYSTEM32\dhcpcsvc.DLL
0x00007ff975ff0000 - 0x00007ff97602e000 	C:\WINDOWS\system32\spool\DRIVERS\x64\3\kvpui64.dll
0x00007ff96f900000 - 0x00007ff96fbac000 	C:\WINDOWS\system32\spool\DRIVERS\x64\3\kvpdrv64.dll
0x00007ff9a4a80000 - 0x00007ff9a4b3c000 	C:\WINDOWS\SYSTEM32\mscms.dll
0x00007ff98ab90000 - 0x00007ff98abd9000 	C:\WINDOWS\SYSTEM32\icm32.dll
0x00007ff996960000 - 0x00007ff996a60000 	C:\WINDOWS\SYSTEM32\OpenGL32.DLL
0x00007ff997db0000 - 0x00007ff997ddd000 	C:\WINDOWS\SYSTEM32\GLU32.dll
0x00007ff9af920000 - 0x00007ff9af956000 	C:\WINDOWS\SYSTEM32\dxcore.dll
0x00007ff98d0f0000 - 0x00007ff98d12e000 	C:\Program Files\Exelis\IDL83\bin\bin.x86_64\gl_driver.dll
0x0000000016ec0000 - 0x0000000016ec3000 	C:\WINDOWS\SYSTEM32\icmp.Dll
0x00007ff982020000 - 0x00007ff9820d0000 	C:\WINDOWS\SYSTEM32\TextShaping.dll
0x00007ff988ef0000 - 0x00007ff989199000 	C:\WINDOWS\system32\explorerframe.dll
0x00007ff9892d0000 - 0x00007ff98932e000 	C:\WINDOWS\system32\dataexchange.dll
0x00007ff9a8860000 - 0x00007ff9a8ae5000 	C:\WINDOWS\system32\twinapi.appcore.dll
0x00007ff97c5e0000 - 0x00007ff97c622000 	C:\WINDOWS\system32\mlang.dll
0x00007ff9b2090000 - 0x00007ff9b2133000 	C:\WINDOWS\SYSTEM32\sxs.dll
0x00007ff9a9570000 - 0x00007ff9a9581000 	C:\Users\77957\.idl\idlworkbench-config-idl8.3.0_x86_64\org.eclipse.osgi\bundles\208\1\.cp\jWinHttp-1.0.0.dll
0x00007ff9ab760000 - 0x00007ff9ab897000 	C:\WINDOWS\SYSTEM32\WINHTTP.dll
0x00007ff9af8a0000 - 0x00007ff9af8cb000 	C:\WINDOWS\system32\dwmapi.dll
0x00007ff98a350000 - 0x00007ff98a842000 	C:\WINDOWS\system32\windowsudk.shellcommon.dll
0x00007ff9ab670000 - 0x00007ff9ab6a7000 	C:\WINDOWS\system32\XmlLite.dll
0x00007ff98a910000 - 0x00007ff98aa84000 	C:\Windows\System32\Windows.UI.dll
0x00007ff982ce0000 - 0x00007ff982e55000 	C:\Windows\System32\Windows.UI.Immersive.dll
0x00007ff980510000 - 0x00007ff98057b000 	C:\Windows\System32\thumbcache.dll
0x00007ff9b10a0000 - 0x00007ff9b10ac000 	C:\WINDOWS\system32\Secur32.dll
0x00007ff986d30000 - 0x00007ff986dd5000 	C:\Windows\System32\Windows.FileExplorer.Common.dll
0x00007ff9a4e00000 - 0x00007ff9a4e0e000 	C:\WINDOWS\SYSTEM32\atlthunk.dll
0x00007ff9b1ee0000 - 0x00007ff9b1f2e000 	C:\WINDOWS\system32\CFGMGR32.dll
0x00007ff9ad570000 - 0x00007ff9ad603000 	C:\Windows\System32\msvcp110_win.dll
0x00007ff9a2320000 - 0x00007ff9a233e000 	C:\WINDOWS\system32\MPR.dll
0x00007ff996390000 - 0x00007ff9963b9000 	C:\WINDOWS\System32\p9np.dll
0x00007ff9a5210000 - 0x00007ff9a521c000 	C:\WINDOWS\System32\drprov.dll
0x00007ff996400000 - 0x00007ff996419000 	C:\WINDOWS\System32\ntlanman.dll
0x00007ff996370000 - 0x00007ff99638f000 	C:\WINDOWS\System32\davclnt.dll
0x00007ff9b0ca0000 - 0x00007ff9b0d06000 	C:\WINDOWS\System32\WINSTA.dll
0x00007ff9a93f0000 - 0x00007ff9a940a000 	C:\WINDOWS\System32\wkscli.dll
0x00007ff98b800000 - 0x00007ff98b812000 	C:\WINDOWS\SYSTEM32\cscapi.dll
0x00007ff9b0c20000 - 0x00007ff9b0c2c000 	C:\WINDOWS\System32\netutils.dll
0x00007ff940b30000 - 0x00007ff940b87000 	C:\Windows\System32\dlnashext.dll
0x00007ff986c10000 - 0x00007ff986c3d000 	C:\Windows\System32\cldapi.dll
0x00007ff96f110000 - 0x00007ff96f179000 	C:\Windows\System32\PlayToDevice.dll
0x00007ff9a1850000 - 0x00007ff9a1871000 	C:\Windows\System32\DevDispItemProvider.dll

VM Arguments:
jvm_args: -Dosgi.instance.area.default=@user.home/IDLWorkspace83 -Dosgi.configuration.area=@user.home/.idl/idlworkbench-config-idl8.3.0_x86_64 -Dosgi.configuration.cascaded=true -Dosgi.checkConfiguration=true -Dosgi.sharedConfiguration.area.readOnly=true -Dorg.eclipse.update.reconcile=false -Declipse.p2.data.area=@config.dir/p2 -Dosgi.sharedConfiguration.area=C:\Program Files\Exelis\IDL83\bin\bin.x86_64/configuration 
java_command: <unknown>
Launcher Type: generic

Environment Variables:
PATH=C:/Program Files/Exelis/IDL83/bin/bin.x86_64/jre/bin/server;C:/Program Files/Exelis/IDL83/bin/bin.x86_64/jre/bin;C:/Program Files/Exelis/IDL83/bin/bin.x86_64/jre/lib/amd64;C:\Program Files\Exelis\IDL83\bin\bin.x86_64\;C:\WINDOWS\system32;C:\WINDOWS;C:\WINDOWS\System32\Wbem;C:\WINDOWS\System32\WindowsPowerShell\v1.0\;C:\WINDOWS\System32\OpenSSH\;C:\Users\77957\AppData\Local\Programs\Python\Python38;C:\Users\77957\AppData\Local\Programs\Python\Python38\Scripts;C:\Users\77957\AppData\Local\Microsoft\WindowsApps;C:\Program Files\JetBrains\PyCharm 2023.1\bin;;C:\Users\77957\AppData\Local\Programs\Python\Python38;;C:\Program Files\Exelis\IDL83\bin\bin.x86_64;
USERNAME=77957
OS=Windows_NT
PROCESSOR_IDENTIFIER=Intel64 Family 6 Model 140 Stepping 1, GenuineIntel



---------------  S Y S T E M  ---------------

OS: Windows 8 , 64 bit Build 9200 

CPU:total 8 (4 cores per cpu, 2 threads per core) family 6 model 140 stepping 1, cmov, cx8, fxsr, mmx, sse, sse2, sse3, ssse3, sse4.1, sse4.2, popcnt, avx, avx2, ht, tsc, tscinvbit

Memory: 4k page, physical 16607280k(8742084k free), swap 17655856k(7358184k free)

vm_info: Java HotSpot(TM) 64-Bit Server VM (23.25-b01) for windows-amd64 JRE (1.7.0_25-b17), built on Jun 21 2013 12:58:32 by "java_re" with unknown MS VC++:1600

time: Sat Dec 16 11:07:47 2023
elapsed time: 6640 seconds

