#
# A fatal error has been detected by the Java Runtime Environment:
#
#  EXCEPTION_ACCESS_VIOLATION (0xc0000005) at pc=0x00007ffdee292bcf, pid=2328, tid=1128
#
# JRE version: 7.0_25-b17
# Java VM: Java HotSpot(TM) 64-Bit Server VM (23.25-b01 mixed mode windows-amd64 compressed oops)
# Problematic frame:
# C  0x00007ffdee292bcf  RegisterProcTableCallback+0x53efbf
#
# Failed to write core dump. Minidumps are not enabled by default on client versions of Windows
#
# If you would like to submit a bug report, please visit:
#   http://bugreport.sun.com/bugreport/crash.jsp
# The crash happened outside the Java Virtual Machine in native code.
# See problematic frame for where to report the bug.
#

---------------  T H R E A D  ---------------

Current thread (0x000000000f2b6000):  JavaThread "IDL" [_thread_in_native, id=1128, stack(0x0000000011b70000,0x0000000011c70000)]

siginfo: ExceptionCode=0xc0000005, reading address 0x0000000000000035

Registers:
RAX=0x0000000000000001, RBX=0x000000003d18ff78, RCX=0x000000003d18ffa8, RDX=0x000000003d18ff78
RSP=0x0000000011c60020, RBP=0x0000000011c60120, RSI=0x0000000011c60080, RDI=0x000000000000000a
R8 =0x0000000000000001, R9 =0x000000003d18ff78, R10=0x000000003d18ff98, R11=0x0000000011c60040
R12=0x00007ffdee6e6c10, R13=0x0000000032c082c0, R14=0x0000000000000003, R15=0x000000000000000b
RIP=0x00007ffdee292bcf, EFLAGS=0x0000000000010202

Top of Stack: (sp=0x0000000011c60020)
0x0000000011c60020:   000096dc00000000 0000000000000001
0x0000000011c60030:   000000003d18fbc0 0000000000000002
0x0000000011c60040:   000000003d18ff78 000000003cf319c0
0x0000000011c60050:   0000000011c60120 0000000011c60130
0x0000000011c60060:   0000000011c60140 000000003d18ff78
0x0000000011c60070:   000000003d18ff88 000000003d18ff98
0x0000000011c60080:   000000003d18ffa8 000000003d18ffb8
0x0000000011c60090:   000000003d18ffc8 000000003d18ffd8
0x0000000011c600a0:   0000000000000000 0000000000000000
0x0000000011c600b0:   0000000000000000 0000000000000000
0x0000000011c600c0:   0000000000000000 0000000000000000
0x0000000011c600d0:   0000000000000000 00007ffd0000000a
0x0000000011c600e0:   000000003d18ff78 0000000000000000
0x0000000011c600f0:   000000003d18fbc0 000000003d18fbc0
0x0000000011c60100:   000000003d18ff78 00007ffdedd1804c
0x0000000011c60110:   0000000000000012 0000000000000007 

Instructions: (pc=0x00007ffdee292bcf)
0x00007ffdee292baf:   48 8d 74 24 30 44 8b f7 66 0f 1f 84 00 00 00 00
0x00007ffdee292bbf:   00 48 8b 0e 48 85 c9 0f 84 8e 00 00 00 48 8b 01
0x00007ffdee292bcf:   80 78 34 00 74 0a 48 8b 41 08 80 78 34 00 75 7b
0x00007ffdee292bdf:   41 8b d7 4c 8d 4c 24 20 48 c1 e2 04 4c 8d 45 d0 


Register to memory mapping:

RAX=0x0000000000000001 is an unknown value
RBX=0x000000003d18ff78 is an unknown value
RCX=0x000000003d18ffa8 is an unknown value
RDX=0x000000003d18ff78 is an unknown value
RSP=0x0000000011c60020 is pointing into the stack for thread: 0x000000000f2b6000
RBP=0x0000000011c60120 is pointing into the stack for thread: 0x000000000f2b6000
RSI=0x0000000011c60080 is pointing into the stack for thread: 0x000000000f2b6000
RDI=0x000000000000000a is an unknown value
R8 =0x0000000000000001 is an unknown value
R9 =0x000000003d18ff78 is an unknown value
R10=0x000000003d18ff98 is an unknown value
R11=0x0000000011c60040 is pointing into the stack for thread: 0x000000000f2b6000
R12=0x00007ffdee6e6c10 is an unknown value
R13=0x0000000032c082c0 is an unknown value
R14=0x0000000000000003 is an unknown value
R15=0x000000000000000b is an unknown value


Stack: [0x0000000011b70000,0x0000000011c70000],  sp=0x0000000011c60020,  free space=960k
Native frames: (J=compiled Java code, j=interpreted, Vv=VM code, C=native code)
C  0x00007ffdee292bcf  RegisterProcTableCallback+0x53efbf

Java frames: (J=compiled Java code, j=interpreted, Vv=VM code)
j  com.rsi.idldt.core.ips.IPS_Access.IPS_Start([Ljava/lang/String;)V+0
j  com.rsi.idldt.core.ips.IPS_Manager$2.run()V+15
j  java.lang.Thread.run()V+11
v  ~StubRoutines::call_stub

---------------  P R O C E S S  ---------------

Java Threads: ( => current thread )
  0x0000000015cd9000 JavaThread "Worker-124" [_thread_blocked, id=13520, stack(0x0000000019220000,0x0000000019320000)]
  0x0000000015cd8000 JavaThread "Worker-123" [_thread_blocked, id=16956, stack(0x0000000013740000,0x0000000013840000)]
  0x0000000015cdd800 JavaThread "Worker-122" [_thread_blocked, id=13536, stack(0x0000000013290000,0x0000000013390000)]
  0x0000000015cdc800 JavaThread "Worker-121" [_thread_blocked, id=6492, stack(0x0000000011d70000,0x0000000011e70000)]
  0x0000000015cdc000 JavaThread "Worker-120" [_thread_blocked, id=17304, stack(0x0000000011470000,0x0000000011570000)]
  0x0000000015cda800 JavaThread "Worker-115" [_thread_blocked, id=7444, stack(0x0000000011f50000,0x0000000012050000)]
  0x0000000010a09800 JavaThread "Timer-2" daemon [_thread_blocked, id=7692, stack(0x0000000018250000,0x0000000018350000)]
  0x000000001072d800 JavaThread "Timer-1" daemon [_thread_blocked, id=16228, stack(0x0000000016f20000,0x0000000017020000)]
  0x000000001072d000 JavaThread "Thread-14" [_thread_in_native, id=9284, stack(0x0000000016ca0000,0x0000000016da0000)]
  0x000000001072e800 JavaThread "IDLDT DOM Worker-7" [_thread_blocked, id=4372, stack(0x0000000016b10000,0x0000000016c10000)]
  0x000000001072c000 JavaThread "IDLDT DOM Worker-6" [_thread_blocked, id=12480, stack(0x0000000016a10000,0x0000000016b10000)]
  0x0000000010730800 JavaThread "IDLDT DOM Worker-5" [_thread_blocked, id=7048, stack(0x0000000016910000,0x0000000016a10000)]
  0x0000000010730000 JavaThread "IDLDT DOM Worker-4" [_thread_blocked, id=5680, stack(0x0000000016810000,0x0000000016910000)]
  0x000000001072b800 JavaThread "IDLDT DOM Worker-3" [_thread_blocked, id=14732, stack(0x0000000016710000,0x0000000016810000)]
  0x000000001072a800 JavaThread "IDLDT DOM Worker-2" [_thread_blocked, id=11892, stack(0x0000000016610000,0x0000000016710000)]
  0x000000000f2b7800 JavaThread "IDLDT DOM Worker-1" [_thread_blocked, id=11360, stack(0x0000000016510000,0x0000000016610000)]
  0x000000000f2b9000 JavaThread "IDLDT DOM Worker-0" [_thread_blocked, id=15952, stack(0x0000000016410000,0x0000000016510000)]
  0x000000000f2bd000 JavaThread "Timer-0" daemon [_thread_blocked, id=12044, stack(0x0000000016310000,0x0000000016410000)]
=>0x000000000f2b6000 JavaThread "IDL" [_thread_in_native, id=1128, stack(0x0000000011b70000,0x0000000011c70000)]
  0x000000000f2ba800 JavaThread "IDLToJava Broker" daemon [_thread_blocked, id=864, stack(0x0000000011a10000,0x0000000011b10000)]
  0x000000000f2bb800 JavaThread "Provisioning Event Dispatcher" daemon [_thread_blocked, id=8356, stack(0x0000000010060000,0x0000000010160000)]
  0x000000000ef67000 JavaThread "[ThreadPool Manager] - Idle Thread" daemon [_thread_blocked, id=16924, stack(0x000000000fe60000,0x000000000ff60000)]
  0x000000000f16c800 JavaThread "Bundle File Closer" daemon [_thread_blocked, id=3436, stack(0x000000000fb60000,0x000000000fc60000)]
  0x000000000f02c000 JavaThread "Worker-JM" [_thread_blocked, id=16288, stack(0x000000000fd60000,0x000000000fe60000)]
  0x000000000e119800 JavaThread "[Timer] - Main Queue Handler" daemon [_thread_blocked, id=8012, stack(0x000000000fc60000,0x000000000fd60000)]
  0x000000000e156800 JavaThread "Framework Event Dispatcher" daemon [_thread_blocked, id=8680, stack(0x000000000fa60000,0x000000000fb60000)]
  0x000000000e241000 JavaThread "Start Level Event Dispatcher" daemon [_thread_blocked, id=10380, stack(0x000000000f960000,0x000000000fa60000)]
  0x000000000e013800 JavaThread "State Data Manager" daemon [_thread_blocked, id=15620, stack(0x000000000f860000,0x000000000f960000)]
  0x000000000efc7800 JavaThread "Framework Active Thread" [_thread_blocked, id=268, stack(0x000000000f760000,0x000000000f860000)]
  0x000000000b9bb800 JavaThread "Service Thread" daemon [_thread_blocked, id=15224, stack(0x000000000dd90000,0x000000000de90000)]
  0x000000000b9af000 JavaThread "C2 CompilerThread1" daemon [_thread_blocked, id=6292, stack(0x000000000dc90000,0x000000000dd90000)]
  0x000000000b9ad800 JavaThread "C2 CompilerThread0" daemon [_thread_blocked, id=17316, stack(0x000000000db90000,0x000000000dc90000)]
  0x000000000b983000 JavaThread "Attach Listener" daemon [_thread_blocked, id=2416, stack(0x000000000da90000,0x000000000db90000)]
  0x000000000b982800 JavaThread "Signal Dispatcher" daemon [_thread_blocked, id=14384, stack(0x000000000d990000,0x000000000da90000)]
  0x000000000b920000 JavaThread "Finalizer" daemon [_thread_blocked, id=12916, stack(0x000000000d890000,0x000000000d990000)]
  0x000000000b918800 JavaThread "Reference Handler" daemon [_thread_blocked, id=9596, stack(0x000000000d790000,0x000000000d890000)]
  0x00000000025e0800 JavaThread "main" [_thread_in_native, id=13764, stack(0x0000000000050000,0x0000000000150000)]

Other Threads:
  0x000000000b914800 VMThread [stack: 0x000000000d690000,0x000000000d790000] [id=13676]
  0x000000000b9be800 WatcherThread [stack: 0x000000000e290000,0x000000000e390000] [id=15280]

VM state:not at safepoint (normal execution)

VM Mutex/Monitor currently owned by a thread: None

Heap
 PSYoungGen      total 114688K, used 19046K [0x00000007d5f60000, 0x00000007dec30000, 0x0000000800000000)
  eden space 90112K, 21% used [0x00000007d5f60000,0x00000007d71f9ae8,0x00000007db760000)
  from space 24576K, 0% used [0x00000007db760000,0x00000007db760000,0x00000007dcf60000)
  to   space 25920K, 0% used [0x00000007dd2e0000,0x00000007dd2e0000,0x00000007dec30000)
 ParOldGen       total 134784K, used 76226K [0x0000000781e00000, 0x000000078a1a0000, 0x00000007d5f60000)
  object space 134784K, 56% used [0x0000000781e00000,0x0000000786870a08,0x000000078a1a0000)
 PSPermGen       total 48256K, used 48250K [0x000000077cc00000, 0x000000077fb20000, 0x0000000781e00000)
  object space 48256K, 99% used [0x000000077cc00000,0x000000077fb1eba8,0x000000077fb20000)

Card table byte_map: [0x00000000056e0000,0x0000000005b00000] byte_map_base: 0x0000000001afa000

Polling page: 0x00000000004f0000

Code Cache  [0x00000000026e0000, 0x0000000002f30000, 0x00000000056e0000)
 total_blobs=2773 nmethods=2111 adapters=611 free_code_cache=41071Kb largest_free_block=41663296

Compilation events (10 events):
Event: 13592.269 Thread 0x000000000b9ad800 2354             com.ibm.icu.text.MessageFormat::arrayToMap (42 bytes)
Event: 13592.282 Thread 0x000000000b9ad800 nmethod 2354 0x0000000002bd1010 code [0x0000000002bd1220, 0x0000000002bd1ec0]
Event: 13626.389 Thread 0x000000000b9af000 2355             org.eclipse.swt.widgets.Composite::markLayout (68 bytes)
Event: 13626.390 Thread 0x000000000b9af000 nmethod 2355 0x0000000002c21150 code [0x0000000002c212a0, 0x0000000002c213e8]
Event: 14682.153 Thread 0x000000000b9ad800   70 % !         org.eclipse.osgi.framework.internal.core.Framework::run @ 7 (34 bytes)
Event: 14682.156 Thread 0x000000000b9ad800 nmethod 70% 0x0000000002e10410 code [0x0000000002e10560, 0x0000000002e10888]
Event: 14888.411 Thread 0x000000000b9af000 2356             org.eclipse.core.internal.jobs.DeadlockDetector::lockReleasedCompletely (180 bytes)
Event: 14888.421 Thread 0x000000000b9af000 nmethod 2356 0x0000000002cdb310 code [0x0000000002cdb4a0, 0x0000000002cdbc08]
Event: 14932.471 Thread 0x000000000b9ad800 2357             org.eclipse.ui.console.TextConsole::findPosition (152 bytes)
Event: 14932.472 Thread 0x000000000b9ad800 nmethod 2357 0x0000000002e8f750 code [0x0000000002e8f8a0, 0x0000000002e8fa78]

GC Heap History (10 events):
Event: 14887.159 GC heap before
{Heap before GC invocations=692 (full 242):
 PSYoungGen      total 100480K, used 100419K [0x00000007d5f60000, 0x00000007dd700000, 0x0000000800000000)
  eden space 87808K, 100% used [0x00000007d5f60000,0x00000007db520000,0x00000007db520000)
  from space 12672K, 99% used [0x00000007db7f0000,0x00000007dc440eb8,0x00000007dc450000)
  to   space 17344K, 0% used [0x00000007dc610000,0x00000007dc610000,0x00000007dd700000)
 ParOldGen       total 134784K, used 76221K [0x0000000781e00000, 0x000000078a1a0000, 0x00000007d5f60000)
  object space 134784K, 56% used [0x0000000781e00000,0x000000078686f798,0x000000078a1a0000)
 PSPermGen       total 48256K, used 48250K [0x000000077cc00000, 0x000000077fb20000, 0x0000000781e00000)
  object space 48256K, 99% used [0x000000077cc00000,0x000000077fb1eba8,0x000000077fb20000)
Event: 14887.162 GC heap after
Heap after GC invocations=692 (full 242):
 PSYoungGen      total 102272K, used 14865K [0x00000007d5f60000, 0x00000007dd9f0000, 0x0000000800000000)
  eden space 84928K, 0% used [0x00000007d5f60000,0x00000007d5f60000,0x00000007db250000)
  from space 17344K, 85% used [0x00000007dc610000,0x00000007dd494578,0x00000007dd700000)
  to   space 20224K, 0% used [0x00000007db250000,0x00000007db250000,0x00000007dc610000)
 ParOldGen       total 134784K, used 76221K [0x0000000781e00000, 0x000000078a1a0000, 0x00000007d5f60000)
  object space 134784K, 56% used [0x0000000781e00000,0x000000078686f798,0x000000078a1a0000)
 PSPermGen       total 48256K, used 48250K [0x000000077cc00000, 0x000000077fb20000, 0x0000000781e00000)
  object space 48256K, 99% used [0x000000077cc00000,0x000000077fb1eba8,0x000000077fb20000)
}
Event: 14887.670 GC heap before
{Heap before GC invocations=693 (full 242):
 PSYoungGen      total 102272K, used 99793K [0x00000007d5f60000, 0x00000007dd9f0000, 0x0000000800000000)
  eden space 84928K, 100% used [0x00000007d5f60000,0x00000007db250000,0x00000007db250000)
  from space 17344K, 85% used [0x00000007dc610000,0x00000007dd494578,0x00000007dd700000)
  to   space 20224K, 0% used [0x00000007db250000,0x00000007db250000,0x00000007dc610000)
 ParOldGen       total 134784K, used 76221K [0x0000000781e00000, 0x000000078a1a0000, 0x00000007d5f60000)
  object space 134784K, 56% used [0x0000000781e00000,0x000000078686f798,0x000000078a1a0000)
 PSPermGen       total 48256K, used 48250K [0x000000077cc00000, 0x000000077fb20000, 0x0000000781e00000)
  object space 48256K, 99% used [0x000000077cc00000,0x000000077fb1eba8,0x000000077fb20000)
Event: 14887.675 GC heap after
Heap after GC invocations=693 (full 242):
 PSYoungGen      total 105152K, used 15994K [0x00000007d5f60000, 0x00000007de5c0000, 0x0000000800000000)
  eden space 84928K, 0% used [0x00000007d5f60000,0x00000007d5f60000,0x00000007db250000)
  from space 20224K, 79% used [0x00000007db250000,0x00000007dc1eeb08,0x00000007dc610000)
  to   space 22912K, 0% used [0x00000007dcf60000,0x00000007dcf60000,0x00000007de5c0000)
 ParOldGen       total 134784K, used 76221K [0x0000000781e00000, 0x000000078a1a0000, 0x00000007d5f60000)
  object space 134784K, 56% used [0x0000000781e00000,0x000000078686f798,0x000000078a1a0000)
 PSPermGen       total 48256K, used 48250K [0x000000077cc00000, 0x000000077fb20000, 0x0000000781e00000)
  object space 48256K, 99% used [0x000000077cc00000,0x000000077fb1eba8,0x000000077fb20000)
}
Event: 14888.305 GC heap before
{Heap before GC invocations=694 (full 242):
 PSYoungGen      total 105152K, used 100922K [0x00000007d5f60000, 0x00000007de5c0000, 0x0000000800000000)
  eden space 84928K, 100% used [0x00000007d5f60000,0x00000007db250000,0x00000007db250000)
  from space 20224K, 79% used [0x00000007db250000,0x00000007dc1eeb08,0x00000007dc610000)
  to   space 22912K, 0% used [0x00000007dcf60000,0x00000007dcf60000,0x00000007de5c0000)
 ParOldGen       total 134784K, used 76221K [0x0000000781e00000, 0x000000078a1a0000, 0x00000007d5f60000)
  object space 134784K, 56% used [0x0000000781e00000,0x000000078686f798,0x000000078a1a0000)
 PSPermGen       total 48256K, used 48250K [0x000000077cc00000, 0x000000077fb20000, 0x0000000781e00000)
  object space 48256K, 99% used [0x000000077cc00000,0x000000077fb1eba8,0x000000077fb20000)
Event: 14888.309 GC heap after
Heap after GC invocations=694 (full 242):
 PSYoungGen      total 113024K, used 14745K [0x00000007d5f60000, 0x00000007de990000, 0x0000000800000000)
  eden space 90112K, 0% used [0x00000007d5f60000,0x00000007d5f60000,0x00000007db760000)
  from space 22912K, 64% used [0x00000007dcf60000,0x00000007dddc67f8,0x00000007de5c0000)
  to   space 24576K, 0% used [0x00000007db760000,0x00000007db760000,0x00000007dcf60000)
 ParOldGen       total 134784K, used 76221K [0x0000000781e00000, 0x000000078a1a0000, 0x00000007d5f60000)
  object space 134784K, 56% used [0x0000000781e00000,0x000000078686f798,0x000000078a1a0000)
 PSPermGen       total 48256K, used 48250K [0x000000077cc00000, 0x000000077fb20000, 0x0000000781e00000)
  object space 48256K, 99% used [0x000000077cc00000,0x000000077fb1eba8,0x000000077fb20000)
}
Event: 14895.960 GC heap before
{Heap before GC invocations=695 (full 242):
 PSYoungGen      total 113024K, used 49462K [0x00000007d5f60000, 0x00000007de990000, 0x0000000800000000)
  eden space 90112K, 38% used [0x00000007d5f60000,0x00000007d8147380,0x00000007db760000)
  from space 22912K, 64% used [0x00000007dcf60000,0x00000007dddc67f8,0x00000007de5c0000)
  to   space 24576K, 0% used [0x00000007db760000,0x00000007db760000,0x00000007dcf60000)
 ParOldGen       total 134784K, used 76221K [0x0000000781e00000, 0x000000078a1a0000, 0x00000007d5f60000)
  object space 134784K, 56% used [0x0000000781e00000,0x000000078686f798,0x000000078a1a0000)
 PSPermGen       total 48256K, used 48250K [0x000000077cc00000, 0x000000077fb20000, 0x0000000781e00000)
  object space 48256K, 99% used [0x000000077cc00000,0x000000077fb1ebc8,0x000000077fb20000)
Event: 14895.963 GC heap after
Heap after GC invocations=695 (full 242):
 PSYoungGen      total 114688K, used 15114K [0x00000007d5f60000, 0x00000007dec30000, 0x0000000800000000)
  eden space 90112K, 0% used [0x00000007d5f60000,0x00000007d5f60000,0x00000007db760000)
  from space 24576K, 61% used [0x00000007db760000,0x00000007dc6228f8,0x00000007dcf60000)
  to   space 25920K, 0% used [0x00000007dd2e0000,0x00000007dd2e0000,0x00000007dec30000)
 ParOldGen       total 134784K, used 76221K [0x0000000781e00000, 0x000000078a1a0000, 0x00000007d5f60000)
  object space 134784K, 56% used [0x0000000781e00000,0x000000078686f798,0x000000078a1a0000)
 PSPermGen       total 48256K, used 48250K [0x000000077cc00000, 0x000000077fb20000, 0x0000000781e00000)
  object space 48256K, 99% used [0x000000077cc00000,0x000000077fb1ebc8,0x000000077fb20000)
}
Event: 14895.963 GC heap before
{Heap before GC invocations=696 (full 243):
 PSYoungGen      total 114688K, used 15114K [0x00000007d5f60000, 0x00000007dec30000, 0x0000000800000000)
  eden space 90112K, 0% used [0x00000007d5f60000,0x00000007d5f60000,0x00000007db760000)
  from space 24576K, 61% used [0x00000007db760000,0x00000007dc6228f8,0x00000007dcf60000)
  to   space 25920K, 0% used [0x00000007dd2e0000,0x00000007dd2e0000,0x00000007dec30000)
 ParOldGen       total 134784K, used 76221K [0x0000000781e00000, 0x000000078a1a0000, 0x00000007d5f60000)
  object space 134784K, 56% used [0x0000000781e00000,0x000000078686f798,0x000000078a1a0000)
 PSPermGen       total 48256K, used 48250K [0x000000077cc00000, 0x000000077fb20000, 0x0000000781e00000)
  object space 48256K, 99% used [0x000000077cc00000,0x000000077fb1ebc8,0x000000077fb20000)
Event: 14896.026 GC heap after
Heap after GC invocations=696 (full 243):
 PSYoungGen      total 114688K, used 0K [0x00000007d5f60000, 0x00000007dec30000, 0x0000000800000000)
  eden space 90112K, 0% used [0x00000007d5f60000,0x00000007d5f60000,0x00000007db760000)
  from space 24576K, 0% used [0x00000007db760000,0x00000007db760000,0x00000007dcf60000)
  to   space 25920K, 0% used [0x00000007dd2e0000,0x00000007dd2e0000,0x00000007dec30000)
 ParOldGen       total 134784K, used 76226K [0x0000000781e00000, 0x000000078a1a0000, 0x00000007d5f60000)
  object space 134784K, 56% used [0x0000000781e00000,0x0000000786870a08,0x000000078a1a0000)
 PSPermGen       total 48256K, used 48250K [0x000000077cc00000, 0x000000077fb20000, 0x0000000781e00000)
  object space 48256K, 99% used [0x000000077cc00000,0x000000077fb1eba8,0x000000077fb20000)
}

Deoptimization events (10 events):
Event: 12153.235 Thread 0x00000000025e0800 Uncommon trap -34 fr.pc 0x0000000002ea43b0
Event: 12153.235 Thread 0x00000000025e0800 Uncommon trap -34 fr.pc 0x0000000002ea43b0
Event: 12876.320 Thread 0x00000000025e0800 Uncommon trap 132 fr.pc 0x00000000027a4f84
Event: 12877.158 Thread 0x00000000025e0800 Uncommon trap 132 fr.pc 0x0000000002791dd4
Event: 12879.130 Thread 0x00000000025e0800 Uncommon trap -34 fr.pc 0x0000000002794868
Event: 12879.130 Thread 0x00000000025e0800 Uncommon trap -34 fr.pc 0x0000000002794868
Event: 12879.130 Thread 0x00000000025e0800 Uncommon trap -34 fr.pc 0x0000000002794868
Event: 12879.130 Thread 0x00000000025e0800 Uncommon trap -34 fr.pc 0x0000000002794868
Event: 13380.340 Thread 0x00000000025e0800 Uncommon trap -34 fr.pc 0x0000000002df79bc
Event: 13574.990 Thread 0x00000000025e0800 Uncommon trap -83 fr.pc 0x0000000002de3f8c

Internal exceptions (10 events):
Event: 255.022 Thread 0x00000000025e0800 Implicit null exception at 0x0000000002a8d44b to 0x0000000002a8d48f
Event: 257.671 Thread 0x0000000010a06800 Implicit null exception at 0x0000000002c70518 to 0x0000000002c71e45
Event: 257.671 Thread 0x0000000010a06800 Implicit null exception at 0x0000000002c69bc4 to 0x0000000002c6aa1d
Event: 289.731 Thread 0x0000000015cd9000 Implicit null exception at 0x00000000029ff0ff to 0x00000000029ff701
Event: 365.641 Thread 0x0000000015cda800 Implicit null exception at 0x0000000002d3e9c5 to 0x0000000002d42139
Event: 2207.882 Thread 0x00000000025e0800 Implicit null exception at 0x0000000002ba5516 to 0x0000000002ba5601
Event: 2432.579 Thread 0x00000000025e0800 Implicit null exception at 0x0000000002dd6cf7 to 0x0000000002dd6fa1
Event: 11934.305 Thread 0x00000000025e0800 Implicit null exception at 0x0000000002aed3c5 to 0x0000000002aedcb9
Event: 12009.229 Thread 0x00000000025e0800 Implicit null exception at 0x0000000002c870dd to 0x0000000002c88c3d
Event: 12743.233 Thread 0x0000000015cdf800 Threw 0x00000007d67e00d0 at C:\jdk7u2_64p\jdk7u25\hotspot\src\share\vm\runtime\objectMonitor.cpp:1612

Events (10 events):
Event: 14888.396 Executing VM operation: RevokeBias done
Event: 14888.421 Thread 0x000000000b9af000 flushing nmethod 0x0000000002d474d0
Event: 14895.959 Executing VM operation: ParallelGCSystemGC
Event: 14896.026 Executing VM operation: ParallelGCSystemGC done
Event: 14896.026 Thread 0x0000000015cd9000 Thread added: 0x0000000015cd9000
Event: 14896.026 Thread 0x0000000015cd9000 Thread exited: 0x0000000015cd9000
Event: 14929.397 Thread 0x0000000015cd9000 Thread added: 0x0000000015cd9000
Event: 14929.488 Executing VM operation: RevokeBias
Event: 14929.489 Executing VM operation: RevokeBias done
Event: 14932.473 Thread 0x000000000b9ad800 flushing nmethod 0x0000000002ea1390


Dynamic libraries:
0x0000000000400000 - 0x000000000040e000 	C:\Program Files\Exelis\IDL83\bin\bin.x86_64\idlde.exe
0x00007ffe46ab0000 - 0x00007ffe46ca8000 	C:\WINDOWS\SYSTEM32\ntdll.dll
0x00007ffe45a70000 - 0x00007ffe45b2f000 	C:\WINDOWS\System32\KERNEL32.DLL
0x00007ffe44570000 - 0x00007ffe44866000 	C:\WINDOWS\System32\KERNELBASE.dll
0x00007ffe458a0000 - 0x00007ffe45a3d000 	C:\WINDOWS\System32\USER32.dll
0x00007ffe44540000 - 0x00007ffe44562000 	C:\WINDOWS\System32\win32u.dll
0x00007ffe45a40000 - 0x00007ffe45a6c000 	C:\WINDOWS\System32\GDI32.dll
0x00007ffe443f0000 - 0x00007ffe44505000 	C:\WINDOWS\System32\gdi32full.dll
0x00007ffe44a70000 - 0x00007ffe44b0d000 	C:\WINDOWS\System32\msvcp_win.dll
0x00007ffe44970000 - 0x00007ffe44a70000 	C:\WINDOWS\System32\ucrtbase.dll
0x00007ffe46820000 - 0x00007ffe468be000 	C:\WINDOWS\System32\msvcrt.dll
0x00007ffe2d9c0000 - 0x00007ffe2dc5a000 	C:\WINDOWS\WinSxS\amd64_microsoft.windows.common-controls_6595b64144ccf1df_6.0.19041.1110_none_60b5254171f9507e\COMCTL32.dll
0x00007ffe45870000 - 0x00007ffe458a0000 	C:\WINDOWS\System32\IMM32.DLL
0x0000000072000000 - 0x0000000072012000 	C:\Program Files\Exelis\IDL83\bin\bin.x86_64\plugins\org.eclipse.equinox.launcher.win32.win32.x86_64_1.1.100.v20110502\eclipse_1406.dll
0x00007ffe46710000 - 0x00007ffe467bf000 	C:\WINDOWS\System32\ADVAPI32.dll
0x00007ffe44b20000 - 0x00007ffe44bbc000 	C:\WINDOWS\System32\sechost.dll
0x00007ffe45b30000 - 0x00007ffe45c56000 	C:\WINDOWS\System32\RPCRT4.dll
0x00007ffe37e20000 - 0x00007ffe37e2a000 	C:\WINDOWS\SYSTEM32\VERSION.dll
0x000000005b110000 - 0x000000005b81f000 	C:\Program Files\Exelis\IDL83\bin\bin.x86_64\jre\bin\server\jvm.dll
0x00007ffe46700000 - 0x00007ffe46708000 	C:\WINDOWS\System32\PSAPI.DLL
0x00007ffe37da0000 - 0x00007ffe37dc7000 	C:\WINDOWS\SYSTEM32\WINMM.dll
0x00007ffe275d0000 - 0x00007ffe275d9000 	C:\WINDOWS\SYSTEM32\WSOCK32.dll
0x00007ffe44bc0000 - 0x00007ffe44c2b000 	C:\WINDOWS\System32\WS2_32.dll
0x000000005b030000 - 0x000000005b102000 	C:\WINDOWS\SYSTEM32\MSVCR100.dll
0x000000005b020000 - 0x000000005b02f000 	C:\Program Files\Exelis\IDL83\bin\bin.x86_64\jre\bin\verify.dll
0x000000005aff0000 - 0x000000005b018000 	C:\Program Files\Exelis\IDL83\bin\bin.x86_64\jre\bin\java.dll
0x000000005afd0000 - 0x000000005afe5000 	C:\Program Files\Exelis\IDL83\bin\bin.x86_64\jre\bin\zip.dll
0x00007ffe43b20000 - 0x00007ffe43b38000 	C:\WINDOWS\SYSTEM32\CRYPTSP.dll
0x00007ffe431e0000 - 0x00007ffe43214000 	C:\WINDOWS\system32\rsaenh.dll
0x00007ffe44510000 - 0x00007ffe44537000 	C:\WINDOWS\System32\bcrypt.dll
0x00007ffe44040000 - 0x00007ffe4406e000 	C:\WINDOWS\SYSTEM32\USERENV.dll
0x00007ffe440c0000 - 0x00007ffe440e5000 	C:\WINDOWS\SYSTEM32\profapi.dll
0x00007ffe448e0000 - 0x00007ffe44962000 	C:\WINDOWS\System32\bcryptprimitives.dll
0x00007ffe43b40000 - 0x00007ffe43b4c000 	C:\WINDOWS\SYSTEM32\CRYPTBASE.dll
0x000000005afb0000 - 0x000000005afc9000 	C:\Program Files\Exelis\IDL83\bin\bin.x86_64\jre\bin\net.dll
0x00007ffe43930000 - 0x00007ffe4399a000 	C:\WINDOWS\system32\mswsock.dll
0x00007ffe29c00000 - 0x00007ffe29c17000 	C:\WINDOWS\system32\napinsp.dll
0x00007ffe299b0000 - 0x00007ffe299cb000 	C:\WINDOWS\system32\pnrpnsp.dll
0x00007ffe1afb0000 - 0x00007ffe1afc5000 	C:\WINDOWS\system32\wshbth.dll
0x00007ffe3d480000 - 0x00007ffe3d49d000 	C:\WINDOWS\system32\NLAapi.dll
0x00007ffe435d0000 - 0x00007ffe4360c000 	C:\WINDOWS\SYSTEM32\IPHLPAPI.DLL
0x00007ffe43620000 - 0x00007ffe436ea000 	C:\WINDOWS\SYSTEM32\DNSAPI.dll
0x00007ffe44b10000 - 0x00007ffe44b18000 	C:\WINDOWS\System32\NSI.dll
0x00007ffe29970000 - 0x00007ffe29982000 	C:\WINDOWS\System32\winrnr.dll
0x00007ffe2f370000 - 0x00007ffe2f37a000 	C:\Windows\System32\rasadhlp.dll
0x00007ffe2f7b0000 - 0x00007ffe2f832000 	C:\WINDOWS\System32\fwpuclnt.dll
0x000000005af90000 - 0x000000005afa1000 	C:\Program Files\Exelis\IDL83\bin\bin.x86_64\jre\bin\nio.dll
0x00007ffe3d850000 - 0x00007ffe3d8ee000 	C:\WINDOWS\system32\uxtheme.dll
0x00007ffe44e40000 - 0x00007ffe45194000 	C:\WINDOWS\System32\combase.dll
0x00007ffe44c30000 - 0x00007ffe44d44000 	C:\WINDOWS\System32\MSCTF.dll
0x00007ffe45cf0000 - 0x00007ffe45dbd000 	C:\WINDOWS\System32\OLEAUT32.dll
0x00007ffe42a20000 - 0x00007ffe42a32000 	C:\WINDOWS\SYSTEM32\kernel.appcore.dll
0x00007ffe35670000 - 0x00007ffe35769000 	C:\WINDOWS\SYSTEM32\textinputframework.dll
0x00007ffe3d0b0000 - 0x00007ffe3d1a2000 	C:\WINDOWS\System32\CoreMessaging.dll
0x00007ffe3cd50000 - 0x00007ffe3d0ae000 	C:\WINDOWS\System32\CoreUIComponents.dll
0x00007ffe451c0000 - 0x00007ffe4526d000 	C:\WINDOWS\System32\SHCORE.dll
0x00007ffe43300000 - 0x00007ffe43333000 	C:\WINDOWS\SYSTEM32\ntmarta.dll
0x00007ffe3d8f0000 - 0x00007ffe3da44000 	C:\WINDOWS\SYSTEM32\wintypes.dll
0x0000000011130000 - 0x00000000111d7000 	C:\Users\dell\.idl\idlworkbench-config-idl8.3.0_x86_64\org.eclipse.osgi\bundles\530\1\.cp\swt-win32-3740.dll
0x00007ffe465d0000 - 0x00007ffe466fa000 	C:\WINDOWS\System32\ole32.dll
0x00007ffe45790000 - 0x00007ffe4586a000 	C:\WINDOWS\System32\comdlg32.dll
0x00007ffe45e20000 - 0x00007ffe45e75000 	C:\WINDOWS\System32\SHLWAPI.dll
0x00007ffe45e80000 - 0x00007ffe465c4000 	C:\WINDOWS\System32\SHELL32.dll
0x00007ffe44240000 - 0x00007ffe4439e000 	C:\WINDOWS\System32\CRYPT32.dll
0x00007ffe36e70000 - 0x00007ffe36f0d000 	C:\WINDOWS\SYSTEM32\WINSPOOL.DRV
0x00007ffe2cad0000 - 0x00007ffe2cae9000 	C:\WINDOWS\SYSTEM32\USP10.dll
0x00007ffe2cc80000 - 0x00007ffe2d156000 	C:\WINDOWS\SYSTEM32\WININET.dll
0x00007ffe41530000 - 0x00007ffe41626000 	C:\WINDOWS\SYSTEM32\propsys.dll
0x00007ffe45270000 - 0x00007ffe45319000 	C:\WINDOWS\System32\clbcatq.dll
0x00007ffe41e90000 - 0x00007ffe42624000 	C:\WINDOWS\system32\windows.storage.dll
0x00007ffe43bd0000 - 0x00007ffe43bfe000 	C:\WINDOWS\system32\Wldp.dll
0x00007ffe16040000 - 0x00007ffe161be000 	C:\Windows\System32\TaskFlowDataEngine.dll
0x00007ffe20560000 - 0x00007ffe20a2b000 	C:\Windows\System32\cdp.dll
0x00007ffe443a0000 - 0x00007ffe443ee000 	C:\WINDOWS\System32\cfgmgr32.dll
0x00007ffe435b0000 - 0x00007ffe435c2000 	C:\Windows\System32\UMPDC.dll
0x00007ffe3c050000 - 0x00007ffe3c19d000 	C:\Windows\System32\dsreg.dll
0x00007ffe43270000 - 0x00007ffe432fa000 	C:\Windows\System32\msvcp110_win.dll
0x00000000112e0000 - 0x00000000112fe000 	C:\Users\dell\.idl\idlworkbench-config-idl8.3.0_x86_64\org.eclipse.osgi\bundles\530\1\.cp\swt-gdip-win32-3740.dll
0x00007ffe370d0000 - 0x00007ffe37275000 	C:\WINDOWS\WinSxS\amd64_microsoft.windows.gdiplus_6595b64144ccf1df_1.1.19041.2251_none_91a40448cc8846c1\gdiplus.dll
0x00007ffe38b40000 - 0x00007ffe38cf4000 	C:\WINDOWS\SYSTEM32\WindowsCodecs.dll
0x0000000180000000 - 0x0000000180011000 	C:\Users\dell\.idl\idlworkbench-config-idl8.3.0_x86_64\org.eclipse.osgi\bundles\183\1\.cp\os\win32\x86_64\localfile_1_0_0.dll
0x00007ffe181c0000 - 0x00007ffe1820d000 	C:\Program Files\Exelis\IDL83\bin\bin.x86_64\idl_ips.dll
0x00007ffdf1130000 - 0x00007ffdf1e8d000 	C:\Program Files\Exelis\IDL83\bin\bin.x86_64\idl.dll
0x00007ffe17a20000 - 0x00007ffe17a7c000 	C:\Program Files\Exelis\IDL83\bin\bin.x86_64\MesaGLU6_2.dll
0x00007ffdf3020000 - 0x00007ffdf31ae000 	C:\Program Files\Exelis\IDL83\bin\bin.x86_64\MesaGL6_2.dll
0x00007ffe255c0000 - 0x00007ffe255d9000 	C:\WINDOWS\SYSTEM32\NETAPI32.dll
0x00007ffe350e0000 - 0x00007ffe35103000 	C:\Program Files\Exelis\IDL83\bin\bin.x86_64\UG3220.dll
0x00007ffe37d90000 - 0x00007ffe37d97000 	C:\WINDOWS\SYSTEM32\MSIMG32.dll
0x00007ffe3c6d0000 - 0x00007ffe3c6dc000 	C:\Program Files\Exelis\IDL83\bin\bin.x86_64\osmesa6_2.dll
0x00007ffe0dbc0000 - 0x00007ffe0dc3c000 	C:\Program Files\Exelis\IDL83\bin\bin.x86_64\freetype2_4_7.dll
0x00007ffe44070000 - 0x00007ffe440a2000 	C:\WINDOWS\SYSTEM32\SspiCli.dll
0x00007ffe3b400000 - 0x00007ffe3b43f000 	C:\WINDOWS\System32\netprofm.dll
0x00007ffe36f30000 - 0x00007ffe36f40000 	C:\WINDOWS\System32\npmproxy.dll
0x00007ffe38870000 - 0x00007ffe38887000 	C:\WINDOWS\SYSTEM32\dhcpcsvc6.DLL
0x00007ffe39900000 - 0x00007ffe3991d000 	C:\WINDOWS\SYSTEM32\dhcpcsvc.DLL
0x0000000012750000 - 0x0000000012a3b000 	C:\WINDOWS\system32\spool\DRIVERS\x64\3\hp1100su.dll
0x0000000012a40000 - 0x0000000012b45000 	C:\WINDOWS\system32\spool\DRIVERS\x64\3\HP1100GC.dll
0x0000000011e70000 - 0x0000000011ecf000 	C:\WINDOWS\system32\spool\DRIVERS\x64\3\hp1100sd.dll
0x00007ffe1a9a0000 - 0x00007ffe1aac5000 	C:\WINDOWS\SYSTEM32\OpenGL32.DLL
0x00007ffe1b050000 - 0x00007ffe1b07c000 	C:\WINDOWS\SYSTEM32\GLU32.dll
0x00007ffe25220000 - 0x00007ffe2525e000 	C:\Program Files\Exelis\IDL83\bin\bin.x86_64\gl_driver.dll
0x0000000011b50000 - 0x0000000011b53000 	C:\WINDOWS\SYSTEM32\icmp.Dll
0x00007ffe2f2c0000 - 0x00007ffe2f36c000 	C:\WINDOWS\SYSTEM32\TextShaping.dll
0x00007ffe36e00000 - 0x00007ffe36e66000 	C:\WINDOWS\SYSTEM32\oleacc.dll
0x00007ffe184d0000 - 0x00007ffe186f0000 	C:\WINDOWS\system32\explorerframe.dll
0x00007ffe186f0000 - 0x00007ffe1872e000 	C:\WINDOWS\system32\dataexchange.dll
0x00007ffe3c7e0000 - 0x00007ffe3c9c3000 	C:\WINDOWS\system32\dcomp.dll
0x00007ffe3bc70000 - 0x00007ffe3bed3000 	C:\WINDOWS\system32\d3d11.dll
0x00007ffe42a40000 - 0x00007ffe42b33000 	C:\WINDOWS\system32\dxgi.dll
0x00007ffe38f60000 - 0x00007ffe39167000 	C:\WINDOWS\system32\twinapi.appcore.dll
0x00007ffe0f7b0000 - 0x00007ffe0f7f2000 	C:\WINDOWS\system32\mlang.dll
0x00007ffe29990000 - 0x00007ffe299a1000 	C:\Users\dell\.idl\idlworkbench-config-idl8.3.0_x86_64\org.eclipse.osgi\bundles\208\1\.cp\jWinHttp-1.0.0.dll
0x00007ffe37c00000 - 0x00007ffe37d0a000 	C:\WINDOWS\SYSTEM32\WINHTTP.dll
0x00007ffe17300000 - 0x00007ffe17366000 	C:\Windows\System32\thumbcache.dll
0x00007ffe2cc70000 - 0x00007ffe2cc7c000 	C:\WINDOWS\system32\Secur32.dll
0x00007ffe2a590000 - 0x00007ffe2a5a9000 	C:\WINDOWS\system32\samcli.dll
0x00007ffe3d540000 - 0x00007ffe3d567000 	C:\WINDOWS\system32\SAMLIB.dll
0x00007ffe43610000 - 0x00007ffe4361c000 	C:\WINDOWS\system32\netutils.dll
0x00007ffe246a0000 - 0x00007ffe246bd000 	C:\WINDOWS\system32\MPR.dll
0x00007ffe29bf0000 - 0x00007ffe29bfb000 	C:\WINDOWS\System32\drprov.dll
0x00007ffe42ec0000 - 0x00007ffe42f1b000 	C:\WINDOWS\System32\WINSTA.dll
0x00007ffe29930000 - 0x00007ffe2994f000 	C:\WINDOWS\System32\ntlanman.dll
0x00007ffe29910000 - 0x00007ffe2992e000 	C:\WINDOWS\System32\davclnt.dll
0x00007ffe295e0000 - 0x00007ffe295ed000 	C:\WINDOWS\System32\DAVHLPR.dll
0x00007ffe43340000 - 0x00007ffe4335b000 	C:\WINDOWS\System32\wkscli.dll
0x00007ffe25530000 - 0x00007ffe25542000 	C:\WINDOWS\SYSTEM32\cscapi.dll
0x00007ffe27210000 - 0x00007ffe27271000 	C:\WINDOWS\SYSTEM32\windows.fileexplorer.common.dll
0x00007ffe1b010000 - 0x00007ffe1b032000 	C:\WINDOWS\SYSTEM32\cldapi.dll

VM Arguments:
jvm_args: -Dosgi.instance.area.default=@user.home/IDLWorkspace83 -Dosgi.configuration.area=@user.home/.idl/idlworkbench-config-idl8.3.0_x86_64 -Dosgi.configuration.cascaded=true -Dosgi.checkConfiguration=true -Dosgi.sharedConfiguration.area.readOnly=true -Dorg.eclipse.update.reconcile=false -Declipse.p2.data.area=@config.dir/p2 -Dosgi.sharedConfiguration.area=C:\Program Files\Exelis\IDL83\bin\bin.x86_64/configuration 
java_command: <unknown>
Launcher Type: generic

Environment Variables:
PATH=
[error occurred during error reporting (printing environment variables), id 0xc0000005]



---------------  S Y S T E M  ---------------

OS: Windows 8 , 64 bit Build 9200 

CPU:total 8 (4 cores per cpu, 2 threads per core) family 6 model 142 stepping 11, cmov, cx8, fxsr, mmx, sse, sse2, sse3, ssse3, sse4.1, sse4.2, popcnt, avx, avx2, ht, tsc, tscinvbit

Memory: 4k page, physical 8261452k(3374936k free), swap 12193612k(5219460k free)

vm_info: Java HotSpot(TM) 64-Bit Server VM (23.25-b01) for windows-amd64 JRE (1.7.0_25-b17), built on Jun 21 2013 12:58:32 by "java_re" with unknown MS VC++:1600

time: Mon Jul 24 12:44:58 2023
elapsed time: 14943 seconds

