#
# A fatal error has been detected by the Java Runtime Environment:
#
#  EXCEPTION_ACCESS_VIOLATION (0xc0000005) at pc=0x00007ffa44e35688, pid=3548, tid=16648
#
# JRE version: 7.0_25-b17
# Java VM: Java HotSpot(TM) 64-Bit Server VM (23.25-b01 mixed mode windows-amd64 compressed oops)
# Problematic frame:
# C  0x00007ffa44e35688  DumpRegistryKeyDefinitions+0x5e5a78
#
# Failed to write core dump. Minidumps are not enabled by default on client versions of Windows
#
# If you would like to submit a bug report, please visit:
#   http://bugreport.sun.com/bugreport/crash.jsp
# The crash happened outside the Java Virtual Machine in native code.
# See problematic frame for where to report the bug.
#

---------------  T H R E A D  ---------------

Current thread (0x0000000014813800):  JavaThread "IDL" [_thread_in_native, id=16648, stack(0x00000000171f0000,0x00000000172f0000)]

siginfo: ExceptionCode=0xc0000005, reading address 0xffffffffffffffff

Registers:
RAX=0x0000000000000000, RBX=0x00000000172e11d0, RCX=0x0000000018a2f338, RDX=0x3f800000bf2f7b0e
RSP=0x00000000172e1118, RBP=0x00007ffa4544c930, RSI=0x00000000172e11a0, RDI=0x0000000000000006
R8 =0x0000000000000000, R9 =0x00000000172e1180, R10=0x0000000018a2f338, R11=0x00000000172e11e8
R12=0x00007ffa4544c930, R13=0x0000000023b9ee90, R14=0x0000000000000002, R15=0x000000004ec90000
RIP=0x00007ffa44e35688, EFLAGS=0x0000000000010246

Top of Stack: (sp=0x00000000172e1118)
0x00000000172e1118:   00007ffa44e35608 0000000000000000
0x00000000172e1128:   00000000172e11a0 0000000000000001
0x00000000172e1138:   00007ffa44e35788 0000000000000000
0x00000000172e1148:   00007ffa44e354e3 00000000172e11a0
0x00000000172e1158:   3f8000004130009a 42840207416003ce
0x00000000172e1168:   3f800000426c03c0 0000000018a2ef80
0x00000000172e1178:   00007ffa44e35be0 0000000000000000
0x00000000172e1188:   0000000000000004 00000000172e1280
0x00000000172e1198:   0000000000000001 0000000018a2ef80
0x00000000172e11a8:   0000000018a2ef80 0000000018a2f338
0x00000000172e11b8:   0000000000000000 0000000000000012
0x00000000172e11c8:   00007ffa00000007 0000000000000000
0x00000000172e11d8:   00000000172e1280 0000000000000000
0x00000000172e11e8:   0000000018a2f338 0000000018a2f348
0x00000000172e11f8:   0000000018a2f358 0000000000000000
0x00000000172e1208:   0000000018a2f378 0000000018a2f388 

Instructions: (pc=0x00007ffa44e35688)
0x00007ffa44e35668:   cc cc cc cc cc cc cc cc 45 33 c0 44 39 41 30 0f
0x00007ffa44e35678:   86 80 00 00 00 41 8b c0 48 03 c0 f3 0f 10 04 c1
0x00007ffa44e35688:   f3 0f 5c 04 c2 f3 0f 59 c2 f3 0f 58 04 c1 f3 0f
0x00007ffa44e35698:   11 04 c1 f3 0f 10 44 c1 04 f3 0f 5c 44 c2 04 f3 


Register to memory mapping:

RAX=0x0000000000000000 is an unknown value
RBX=0x00000000172e11d0 is pointing into the stack for thread: 0x0000000014813800
RCX=0x0000000018a2f338 is an unknown value
RDX=0x3f800000bf2f7b0e is an unknown value
RSP=0x00000000172e1118 is pointing into the stack for thread: 0x0000000014813800
RBP=0x00007ffa4544c930 is an unknown value
RSI=0x00000000172e11a0 is pointing into the stack for thread: 0x0000000014813800
RDI=0x0000000000000006 is an unknown value
R8 =0x0000000000000000 is an unknown value
R9 =0x00000000172e1180 is pointing into the stack for thread: 0x0000000014813800
R10=0x0000000018a2f338 is an unknown value
R11=0x00000000172e11e8 is pointing into the stack for thread: 0x0000000014813800
R12=0x00007ffa4544c930 is an unknown value
R13=0x0000000023b9ee90 is an unknown value
R14=0x0000000000000002 is an unknown value
R15=0x000000004ec90000 is an unknown value


Stack: [0x00000000171f0000,0x00000000172f0000],  sp=0x00000000172e1118,  free space=964k
Native frames: (J=compiled Java code, j=interpreted, Vv=VM code, C=native code)
C  0x00007ffa44e35688  DumpRegistryKeyDefinitions+0x5e5a78

Java frames: (J=compiled Java code, j=interpreted, Vv=VM code)
j  com.rsi.idldt.core.ips.IPS_Access.IPS_Start([Ljava/lang/String;)V+0
j  com.rsi.idldt.core.ips.IPS_Manager$2.run()V+15
j  java.lang.Thread.run()V+11
v  ~StubRoutines::call_stub

---------------  P R O C E S S  ---------------

Java Threads: ( => current thread )
  0x000000001b325000 JavaThread "Worker-7" [_thread_blocked, id=2612, stack(0x00000000203f0000,0x00000000204f0000)]
  0x000000001b325800 JavaThread "[ThreadPool Manager] - Idle Thread" daemon [_thread_blocked, id=9740, stack(0x0000000022960000,0x0000000022a60000)]
  0x000000001b323800 JavaThread "Worker-5" [_thread_blocked, id=14760, stack(0x000000001f9a0000,0x000000001faa0000)]
  0x000000001b32a000 JavaThread "Worker-4" [_thread_blocked, id=2524, stack(0x000000001e6f0000,0x000000001e7f0000)]
  0x000000001b324000 JavaThread "Timer-2" daemon [_thread_blocked, id=2024, stack(0x000000001e8d0000,0x000000001e9d0000)]
  0x00000000161cc800 JavaThread "Timer-1" daemon [_thread_blocked, id=17204, stack(0x000000001e5f0000,0x000000001e6f0000)]
  0x0000000014b9b800 JavaThread "Thread-15" [_thread_in_native, id=14980, stack(0x000000001d0a0000,0x000000001d1a0000)]
  0x0000000014b9c000 JavaThread "IDLDT DOM Worker-7" [_thread_blocked, id=14968, stack(0x000000001cd90000,0x000000001ce90000)]
  0x0000000014b9a000 JavaThread "IDLDT DOM Worker-6" [_thread_blocked, id=9432, stack(0x000000001cc90000,0x000000001cd90000)]
  0x0000000014b99000 JavaThread "IDLDT DOM Worker-5" [_thread_blocked, id=9756, stack(0x000000001cb90000,0x000000001cc90000)]
  0x0000000014b9d000 JavaThread "IDLDT DOM Worker-4" [_thread_blocked, id=10104, stack(0x000000001ca90000,0x000000001cb90000)]
  0x0000000014b98800 JavaThread "IDLDT DOM Worker-3" [_thread_blocked, id=16144, stack(0x000000001c990000,0x000000001ca90000)]
  0x0000000014b9d800 JavaThread "IDLDT DOM Worker-2" [_thread_blocked, id=16488, stack(0x000000001c890000,0x000000001c990000)]
  0x0000000014b9e800 JavaThread "IDLDT DOM Worker-1" [_thread_blocked, id=14496, stack(0x000000001c790000,0x000000001c890000)]
  0x0000000014b9f000 JavaThread "IDLDT DOM Worker-0" [_thread_blocked, id=16188, stack(0x000000001c690000,0x000000001c790000)]
  0x00000000161cd000 JavaThread "Timer-0" daemon [_thread_blocked, id=6332, stack(0x000000001c590000,0x000000001c690000)]
  0x00000000161ce800 JavaThread "Worker-3" [_thread_blocked, id=3352, stack(0x000000001c490000,0x000000001c590000)]
  0x00000000161cb800 JavaThread "Worker-1" [_thread_blocked, id=10892, stack(0x0000000018790000,0x0000000018890000)]
=>0x0000000014813800 JavaThread "IDL" [_thread_in_native, id=16648, stack(0x00000000171f0000,0x00000000172f0000)]
  0x0000000015ddc800 JavaThread "IDLToJava Broker" daemon [_thread_blocked, id=17292, stack(0x00000000170b0000,0x00000000171b0000)]
  0x00000000146fd000 JavaThread "Provisioning Event Dispatcher" daemon [_thread_blocked, id=8540, stack(0x00000000157c0000,0x00000000158c0000)]
  0x00000000149a0800 JavaThread "Worker-0" [_thread_blocked, id=12676, stack(0x00000000156c0000,0x00000000157c0000)]
  0x0000000014803000 JavaThread "Bundle File Closer" daemon [_thread_blocked, id=17100, stack(0x00000000155c0000,0x00000000156c0000)]
  0x0000000014724800 JavaThread "Worker-JM" [_thread_blocked, id=1944, stack(0x00000000154c0000,0x00000000155c0000)]
  0x00000000146ae000 JavaThread "[Timer] - Main Queue Handler" daemon [_thread_blocked, id=6232, stack(0x0000000015310000,0x0000000015410000)]
  0x00000000137a9800 JavaThread "Framework Event Dispatcher" daemon [_thread_blocked, id=15732, stack(0x0000000015110000,0x0000000015210000)]
  0x00000000137e8800 JavaThread "Start Level Event Dispatcher" daemon [_thread_blocked, id=8516, stack(0x0000000015010000,0x0000000015110000)]
  0x00000000148b0000 JavaThread "State Data Manager" daemon [_thread_blocked, id=2184, stack(0x0000000014f10000,0x0000000015010000)]
  0x0000000013710800 JavaThread "Framework Active Thread" [_thread_blocked, id=11168, stack(0x0000000014e10000,0x0000000014f10000)]
  0x0000000011063000 JavaThread "Service Thread" daemon [_thread_blocked, id=16456, stack(0x0000000013820000,0x0000000013920000)]
  0x000000001105e800 JavaThread "C2 CompilerThread1" daemon [_thread_blocked, id=15080, stack(0x0000000013320000,0x0000000013420000)]
  0x000000001105c800 JavaThread "C2 CompilerThread0" daemon [_thread_blocked, id=2216, stack(0x0000000013220000,0x0000000013320000)]
  0x000000001105c000 JavaThread "Attach Listener" daemon [_thread_blocked, id=16548, stack(0x0000000013120000,0x0000000013220000)]
  0x0000000011032000 JavaThread "Signal Dispatcher" daemon [_thread_blocked, id=16752, stack(0x0000000013020000,0x0000000013120000)]
  0x0000000010fc9800 JavaThread "Finalizer" daemon [_thread_blocked, id=14648, stack(0x0000000012f20000,0x0000000013020000)]
  0x0000000010fc8800 JavaThread "Reference Handler" daemon [_thread_blocked, id=17176, stack(0x0000000012e20000,0x0000000012f20000)]
  0x000000000221e800 JavaThread "main" [_thread_in_native, id=9492, stack(0x0000000000050000,0x0000000000150000)]

Other Threads:
  0x0000000010fc4000 VMThread [stack: 0x0000000012d20000,0x0000000012e20000] [id=1260]
  0x000000001106c800 WatcherThread [stack: 0x0000000013920000,0x0000000013a20000] [id=14756]

VM state:not at safepoint (normal execution)

VM Mutex/Monitor currently owned by a thread: None

Heap
 PSYoungGen      total 62208K, used 855K [0x00000007ab800000, 0x00000007b03c0000, 0x0000000800000000)
  eden space 61952K, 1% used [0x00000007ab800000,0x00000007ab8d5e00,0x00000007af480000)
  from space 256K, 0% used [0x00000007af480000,0x00000007af480000,0x00000007af4c0000)
  to   space 7808K, 0% used [0x00000007afc20000,0x00000007afc20000,0x00000007b03c0000)
 ParOldGen       total 193280K, used 87129K [0x0000000702800000, 0x000000070e4c0000, 0x00000007ab800000)
  object space 193280K, 45% used [0x0000000702800000,0x0000000707d166d0,0x000000070e4c0000)
 PSPermGen       total 46784K, used 46699K [0x00000006fd600000, 0x00000007003b0000, 0x0000000702800000)
  object space 46784K, 99% used [0x00000006fd600000,0x000000070039ad88,0x00000007003b0000)

Card table byte_map: [0x0000000005750000,0x0000000005f70000] byte_map_base: 0x0000000001f65000

Polling page: 0x00000000021b0000

Code Cache  [0x0000000002690000, 0x0000000002c90000, 0x0000000005690000)
 total_blobs=2406 nmethods=1749 adapters=607 free_code_cache=43191Kb largest_free_block=44095552

Compilation events (10 events):
Event: 111.851 Thread 0x000000001105e800 1913             org.eclipse.swt.widgets.Scrollable::getHorizontalBar (9 bytes)
Event: 111.852 Thread 0x000000001105e800 nmethod 1913 0x0000000002b86f10 code [0x0000000002b87060, 0x0000000002b87168]
Event: 113.301 Thread 0x000000001105c800 1914             org.eclipse.swt.events.TypedEvent::<init> (41 bytes)
Event: 113.301 Thread 0x000000001105c800 nmethod 1914 0x00000000026f2f50 code [0x00000000026f3080, 0x00000000026f3138]
Event: 116.407 Thread 0x000000001105e800 1915             org.eclipse.jface.text.AbstractDocument::updatePositions (51 bytes)
Event: 116.411 Thread 0x000000001105e800 nmethod 1915 0x00000000029ad510 code [0x00000000029ad680, 0x00000000029adb38]
Event: 117.153 Thread 0x000000001105c800 1916   !         org.eclipse.jface.text.AbstractDocument::doFireDocumentChanged2 (171 bytes)
Event: 117.157 Thread 0x000000001105c800 nmethod 1916 0x0000000002986550 code [0x0000000002986700, 0x0000000002986c48]
Event: 117.991 Thread 0x000000001105e800 1917             org.eclipse.jface.text.AbstractDocument::getPositions (58 bytes)
Event: 117.995 Thread 0x000000001105e800 nmethod 1917 0x0000000002bc47d0 code [0x0000000002bc4940, 0x0000000002bc4e38]

GC Heap History (10 events):
Event: 118.209 GC heap before
{Heap before GC invocations=52 (full 1):
 PSYoungGen      total 70208K, used 65364K [0x00000007ab800000, 0x00000007b0720000, 0x0000000800000000)
  eden space 63488K, 100% used [0x00000007ab800000,0x00000007af600000,0x00000007af600000)
  from space 6720K, 27% used [0x00000007b0090000,0x00000007b0265180,0x00000007b0720000)
  to   space 8768K, 0% used [0x00000007af600000,0x00000007af600000,0x00000007afe90000)
 ParOldGen       total 193280K, used 100986K [0x0000000702800000, 0x000000070e4c0000, 0x00000007ab800000)
  object space 193280K, 52% used [0x0000000702800000,0x0000000708a9ea00,0x000000070e4c0000)
 PSPermGen       total 46784K, used 46693K [0x00000006fd600000, 0x00000007003b0000, 0x0000000702800000)
  object space 46784K, 99% used [0x00000006fd600000,0x0000000700399578,0x00000007003b0000)
Event: 118.213 GC heap after
Heap after GC invocations=52 (full 1):
 PSYoungGen      total 63808K, used 1831K [0x00000007ab800000, 0x00000007b04c0000, 0x0000000800000000)
  eden space 61952K, 0% used [0x00000007ab800000,0x00000007ab800000,0x00000007af480000)
  from space 1856K, 98% used [0x00000007af600000,0x00000007af7c9ff0,0x00000007af7d0000)
  to   space 8320K, 0% used [0x00000007afca0000,0x00000007afca0000,0x00000007b04c0000)
 ParOldGen       total 193280K, used 101114K [0x0000000702800000, 0x000000070e4c0000, 0x00000007ab800000)
  object space 193280K, 52% used [0x0000000702800000,0x0000000708abea00,0x000000070e4c0000)
 PSPermGen       total 46784K, used 46693K [0x00000006fd600000, 0x00000007003b0000, 0x0000000702800000)
  object space 46784K, 99% used [0x00000006fd600000,0x0000000700399578,0x00000007003b0000)
}
Event: 120.757 GC heap before
{Heap before GC invocations=53 (full 1):
 PSYoungGen      total 63808K, used 28666K [0x00000007ab800000, 0x00000007b04c0000, 0x0000000800000000)
  eden space 61952K, 43% used [0x00000007ab800000,0x00000007ad234a88,0x00000007af480000)
  from space 1856K, 98% used [0x00000007af600000,0x00000007af7c9ff0,0x00000007af7d0000)
  to   space 8320K, 0% used [0x00000007afca0000,0x00000007afca0000,0x00000007b04c0000)
 ParOldGen       total 193280K, used 101114K [0x0000000702800000, 0x000000070e4c0000, 0x00000007ab800000)
  object space 193280K, 52% used [0x0000000702800000,0x0000000708abea00,0x000000070e4c0000)
 PSPermGen       total 46784K, used 46695K [0x00000006fd600000, 0x00000007003b0000, 0x0000000702800000)
  object space 46784K, 99% used [0x00000006fd600000,0x0000000700399db8,0x00000007003b0000)
Event: 120.760 GC heap after
Heap after GC invocations=53 (full 1):
 PSYoungGen      total 69632K, used 1403K [0x00000007ab800000, 0x00000007b0420000, 0x0000000800000000)
  eden space 61952K, 0% used [0x00000007ab800000,0x00000007ab800000,0x00000007af480000)
  from space 7680K, 18% used [0x00000007afca0000,0x00000007afdfed60,0x00000007b0420000)
  to   space 8000K, 0% used [0x00000007af480000,0x00000007af480000,0x00000007afc50000)
 ParOldGen       total 193280K, used 101210K [0x0000000702800000, 0x000000070e4c0000, 0x00000007ab800000)
  object space 193280K, 52% used [0x0000000702800000,0x0000000708ad6a00,0x000000070e4c0000)
 PSPermGen       total 46784K, used 46695K [0x00000006fd600000, 0x00000007003b0000, 0x0000000702800000)
  object space 46784K, 99% used [0x00000006fd600000,0x0000000700399db8,0x00000007003b0000)
}
Event: 120.760 GC heap before
{Heap before GC invocations=54 (full 2):
 PSYoungGen      total 69632K, used 1403K [0x00000007ab800000, 0x00000007b0420000, 0x0000000800000000)
  eden space 61952K, 0% used [0x00000007ab800000,0x00000007ab800000,0x00000007af480000)
  from space 7680K, 18% used [0x00000007afca0000,0x00000007afdfed60,0x00000007b0420000)
  to   space 8000K, 0% used [0x00000007af480000,0x00000007af480000,0x00000007afc50000)
 ParOldGen       total 193280K, used 101210K [0x0000000702800000, 0x000000070e4c0000, 0x00000007ab800000)
  object space 193280K, 52% used [0x0000000702800000,0x0000000708ad6a00,0x000000070e4c0000)
 PSPermGen       total 46784K, used 46695K [0x00000006fd600000, 0x00000007003b0000, 0x0000000702800000)
  object space 46784K, 99% used [0x00000006fd600000,0x0000000700399db8,0x00000007003b0000)
Event: 120.832 GC heap after
Heap after GC invocations=54 (full 2):
 PSYoungGen      total 69632K, used 0K [0x00000007ab800000, 0x00000007b0420000, 0x0000000800000000)
  eden space 61952K, 0% used [0x00000007ab800000,0x00000007ab800000,0x00000007af480000)
  from space 7680K, 0% used [0x00000007afca0000,0x00000007afca0000,0x00000007b0420000)
  to   space 8000K, 0% used [0x00000007af480000,0x00000007af480000,0x00000007afc50000)
 ParOldGen       total 193280K, used 87099K [0x0000000702800000, 0x000000070e4c0000, 0x00000007ab800000)
  object space 193280K, 45% used [0x0000000702800000,0x0000000707d0ed98,0x000000070e4c0000)
 PSPermGen       total 46784K, used 46695K [0x00000006fd600000, 0x00000007003b0000, 0x0000000702800000)
  object space 46784K, 99% used [0x00000006fd600000,0x0000000700399c38,0x00000007003b0000)
}
Event: 180.762 GC heap before
{Heap before GC invocations=55 (full 2):
 PSYoungGen      total 69632K, used 2129K [0x00000007ab800000, 0x00000007b0420000, 0x0000000800000000)
  eden space 61952K, 3% used [0x00000007ab800000,0x00000007aba14568,0x00000007af480000)
  from space 7680K, 0% used [0x00000007afca0000,0x00000007afca0000,0x00000007b0420000)
  to   space 8000K, 0% used [0x00000007af480000,0x00000007af480000,0x00000007afc50000)
 ParOldGen       total 193280K, used 87099K [0x0000000702800000, 0x000000070e4c0000, 0x00000007ab800000)
  object space 193280K, 45% used [0x0000000702800000,0x0000000707d0ed98,0x000000070e4c0000)
 PSPermGen       total 46784K, used 46699K [0x00000006fd600000, 0x00000007003b0000, 0x0000000702800000)
  object space 46784K, 99% used [0x00000006fd600000,0x000000070039ad88,0x00000007003b0000)
Event: 180.764 GC heap after
Heap after GC invocations=55 (full 2):
 PSYoungGen      total 62208K, used 224K [0x00000007ab800000, 0x00000007b03c0000, 0x0000000800000000)
  eden space 61952K, 0% used [0x00000007ab800000,0x00000007ab800000,0x00000007af480000)
  from space 256K, 87% used [0x00000007af480000,0x00000007af4b8000,0x00000007af4c0000)
  to   space 7808K, 0% used [0x00000007afc20000,0x00000007afc20000,0x00000007b03c0000)
 ParOldGen       total 193280K, used 87099K [0x0000000702800000, 0x000000070e4c0000, 0x00000007ab800000)
  object space 193280K, 45% used [0x0000000702800000,0x0000000707d0ed98,0x000000070e4c0000)
 PSPermGen       total 46784K, used 46699K [0x00000006fd600000, 0x00000007003b0000, 0x0000000702800000)
  object space 46784K, 99% used [0x00000006fd600000,0x000000070039ad88,0x00000007003b0000)
}
Event: 180.764 GC heap before
{Heap before GC invocations=56 (full 3):
 PSYoungGen      total 62208K, used 224K [0x00000007ab800000, 0x00000007b03c0000, 0x0000000800000000)
  eden space 61952K, 0% used [0x00000007ab800000,0x00000007ab800000,0x00000007af480000)
  from space 256K, 87% used [0x00000007af480000,0x00000007af4b8000,0x00000007af4c0000)
  to   space 7808K, 0% used [0x00000007afc20000,0x00000007afc20000,0x00000007b03c0000)
 ParOldGen       total 193280K, used 87099K [0x0000000702800000, 0x000000070e4c0000, 0x00000007ab800000)
  object space 193280K, 45% used [0x0000000702800000,0x0000000707d0ed98,0x000000070e4c0000)
 PSPermGen       total 46784K, used 46699K [0x00000006fd600000, 0x00000007003b0000, 0x0000000702800000)
  object space 46784K, 99% used [0x00000006fd600000,0x000000070039ad88,0x00000007003b0000)
Event: 180.864 GC heap after
Heap after GC invocations=56 (full 3):
 PSYoungGen      total 62208K, used 0K [0x00000007ab800000, 0x00000007b03c0000, 0x0000000800000000)
  eden space 61952K, 0% used [0x00000007ab800000,0x00000007ab800000,0x00000007af480000)
  from space 256K, 0% used [0x00000007af480000,0x00000007af480000,0x00000007af4c0000)
  to   space 7808K, 0% used [0x00000007afc20000,0x00000007afc20000,0x00000007b03c0000)
 ParOldGen       total 193280K, used 87129K [0x0000000702800000, 0x000000070e4c0000, 0x00000007ab800000)
  object space 193280K, 45% used [0x0000000702800000,0x0000000707d166d0,0x000000070e4c0000)
 PSPermGen       total 46784K, used 46699K [0x00000006fd600000, 0x00000007003b0000, 0x0000000702800000)
  object space 46784K, 99% used [0x00000006fd600000,0x000000070039ad88,0x00000007003b0000)
}

Deoptimization events (10 events):
Event: 65.931 Thread 0x000000000221e800 Uncommon trap -83 fr.pc 0x00000000028f6438
Event: 118.528 Thread 0x0000000015ddc800 Uncommon trap -12 fr.pc 0x0000000002c71fc4
Event: 122.047 Thread 0x0000000014813800 Uncommon trap -122 fr.pc 0x0000000002ab526c
Event: 122.051 Thread 0x000000000221e800 Uncommon trap -34 fr.pc 0x0000000002c112fc
Event: 122.052 Thread 0x000000000221e800 Uncommon trap -83 fr.pc 0x0000000002c15eec
Event: 122.054 Thread 0x000000000221e800 Uncommon trap -83 fr.pc 0x0000000002bba69c
Event: 122.054 Thread 0x000000000221e800 Uncommon trap -83 fr.pc 0x0000000002b6fda0
Event: 122.054 Thread 0x000000000221e800 Uncommon trap -34 fr.pc 0x0000000002b17afc
Event: 122.058 Thread 0x000000000221e800 Uncommon trap -34 fr.pc 0x0000000002c112fc
Event: 122.059 Thread 0x000000000221e800 Uncommon trap -34 fr.pc 0x0000000002c112fc

Internal exceptions (10 events):
Event: 34.294 Thread 0x0000000014813800 Threw 0x00000007b2cf6b88 at C:\jdk7u2_64p\jdk7u25\hotspot\src\share\vm\prims\jni.cpp:716
Event: 34.294 Thread 0x0000000014813800 Threw 0x00000007b2cf6db8 at C:\jdk7u2_64p\jdk7u25\hotspot\src\share\vm\prims\jni.cpp:716
Event: 34.294 Thread 0x0000000014813800 Threw 0x00000007b2cf6fb8 at C:\jdk7u2_64p\jdk7u25\hotspot\src\share\vm\prims\jni.cpp:716
Event: 40.741 Thread 0x000000001b323800 Implicit null exception at 0x0000000002b74228 to 0x0000000002b742c5
Event: 44.304 Thread 0x000000000221e800 Implicit null exception at 0x0000000002beb147 to 0x0000000002bed9e5
Event: 47.725 Thread 0x000000000221e800 Implicit null exception at 0x00000000028c1de2 to 0x00000000028c2569
Event: 47.725 Thread 0x000000000221e800 Implicit null exception at 0x0000000002b5341f to 0x0000000002b54969
Event: 57.602 Thread 0x000000000221e800 Implicit null exception at 0x0000000002bc4487 to 0x0000000002bc48a9
Event: 118.528 Thread 0x0000000015ddc800 Implicit null exception at 0x0000000002c71754 to 0x0000000002c71fad
Event: 122.054 Thread 0x000000000221e800 Implicit null exception at 0x0000000002bb9735 to 0x0000000002bba675

Events (10 events):
Event: 122.093 Executing VM operation: RevokeBias
Event: 122.093 Executing VM operation: RevokeBias done
Event: 122.093 Executing VM operation: RevokeBias
Event: 122.093 Executing VM operation: RevokeBias done
Event: 180.762 Executing VM operation: ParallelGCSystemGC
Event: 180.864 Executing VM operation: ParallelGCSystemGC done
Event: 180.864 Thread 0x000000001c134800 Thread added: 0x000000001c134800
Event: 180.865 Thread 0x000000001c134800 Thread exited: 0x000000001c134800
Event: 190.042 Thread 0x00000000161ce000 Thread exited: 0x00000000161ce000
Event: 198.047 Thread 0x000000001b329800 Thread exited: 0x000000001b329800


Dynamic libraries:
0x0000000000400000 - 0x000000000040e000 	C:\Program Files\Exelis\IDL83\bin\bin.x86_64\idlde.exe
0x00007ffabb930000 - 0x00007ffabbb47000 	C:\WINDOWS\SYSTEM32\ntdll.dll
0x00007ffaba1d0000 - 0x00007ffaba294000 	C:\WINDOWS\System32\KERNEL32.DLL
0x00007ffab8d60000 - 0x00007ffab9105000 	C:\WINDOWS\System32\KERNELBASE.dll
0x00007ffab5110000 - 0x00007ffab51a7000 	C:\WINDOWS\SYSTEM32\apphelp.dll
0x00007ffaba600000 - 0x00007ffaba7ae000 	C:\WINDOWS\System32\USER32.dll
0x00007ffab9230000 - 0x00007ffab9256000 	C:\WINDOWS\System32\win32u.dll
0x00007ffaba050000 - 0x00007ffaba079000 	C:\WINDOWS\System32\GDI32.dll
0x00007ffab9560000 - 0x00007ffab9679000 	C:\WINDOWS\System32\gdi32full.dll
0x00007ffab92d0000 - 0x00007ffab936a000 	C:\WINDOWS\System32\msvcp_win.dll
0x00007ffab9110000 - 0x00007ffab9221000 	C:\WINDOWS\System32\ucrtbase.dll
0x00007ffabafe0000 - 0x00007ffabb087000 	C:\WINDOWS\System32\msvcrt.dll
0x00007ffa9bc30000 - 0x00007ffa9bec3000 	C:\WINDOWS\WinSxS\amd64_microsoft.windows.common-controls_6595b64144ccf1df_6.0.22621.2506_none_270c5ae97388e100\COMCTL32.dll
0x00007ffab9a90000 - 0x00007ffab9ac1000 	C:\WINDOWS\System32\IMM32.DLL
0x0000000072000000 - 0x0000000072012000 	C:\Program Files\Exelis\IDL83\bin\bin.x86_64\plugins\org.eclipse.equinox.launcher.win32.win32.x86_64_1.1.100.v20110502\eclipse_1406.dll
0x00007ffabaf20000 - 0x00007ffabafd1000 	C:\WINDOWS\System32\ADVAPI32.dll
0x00007ffab9ad0000 - 0x00007ffab9b76000 	C:\WINDOWS\System32\sechost.dll
0x00007ffaba0b0000 - 0x00007ffaba1c7000 	C:\WINDOWS\System32\RPCRT4.dll
0x00007ffab1fe0000 - 0x00007ffab1fea000 	C:\WINDOWS\SYSTEM32\VERSION.dll
0x000000006b230000 - 0x000000006b93f000 	C:\Program Files\Exelis\IDL83\bin\bin.x86_64\jre\bin\server\jvm.dll
0x00007ffaba090000 - 0x00007ffaba098000 	C:\WINDOWS\System32\PSAPI.DLL
0x00007ffab1680000 - 0x00007ffab16b4000 	C:\WINDOWS\SYSTEM32\WINMM.dll
0x00007ffab3e60000 - 0x00007ffab3e69000 	C:\WINDOWS\SYSTEM32\WSOCK32.dll
0x00007ffab9680000 - 0x00007ffab96f1000 	C:\WINDOWS\System32\WS2_32.dll
0x000000006b150000 - 0x000000006b222000 	C:\WINDOWS\SYSTEM32\MSVCR100.dll
0x000000006b140000 - 0x000000006b14f000 	C:\Program Files\Exelis\IDL83\bin\bin.x86_64\jre\bin\verify.dll
0x000000006b110000 - 0x000000006b138000 	C:\Program Files\Exelis\IDL83\bin\bin.x86_64\jre\bin\java.dll
0x000000006b0f0000 - 0x000000006b105000 	C:\Program Files\Exelis\IDL83\bin\bin.x86_64\jre\bin\zip.dll
0x00007ffab8440000 - 0x00007ffab845b000 	C:\WINDOWS\SYSTEM32\CRYPTSP.dll
0x00007ffab7cc0000 - 0x00007ffab7cf5000 	C:\WINDOWS\system32\rsaenh.dll
0x00007ffab82e0000 - 0x00007ffab830c000 	C:\WINDOWS\SYSTEM32\USERENV.dll
0x00007ffab8bd0000 - 0x00007ffab8bf6000 	C:\WINDOWS\SYSTEM32\profapi.dll
0x00007ffab8650000 - 0x00007ffab8678000 	C:\WINDOWS\SYSTEM32\bcrypt.dll
0x00007ffab9370000 - 0x00007ffab93ea000 	C:\WINDOWS\System32\bcryptprimitives.dll
0x00007ffab8460000 - 0x00007ffab846c000 	C:\WINDOWS\SYSTEM32\CRYPTBASE.dll
0x000000006b0d0000 - 0x000000006b0e9000 	C:\Program Files\Exelis\IDL83\bin\bin.x86_64\jre\bin\net.dll
0x00007ffab81e0000 - 0x00007ffab8249000 	C:\WINDOWS\system32\mswsock.dll
0x00007ffa9de20000 - 0x00007ffa9de37000 	C:\WINDOWS\system32\napinsp.dll
0x00007ffa92b40000 - 0x00007ffa92b5b000 	C:\WINDOWS\system32\pnrpnsp.dll
0x00007ffab77c0000 - 0x00007ffab78b9000 	C:\WINDOWS\SYSTEM32\DNSAPI.dll
0x00007ffab7750000 - 0x00007ffab777d000 	C:\WINDOWS\SYSTEM32\IPHLPAPI.DLL
0x00007ffaba080000 - 0x00007ffaba089000 	C:\WINDOWS\System32\NSI.dll
0x00007ffa8f2f0000 - 0x00007ffa8f301000 	C:\WINDOWS\System32\winrnr.dll
0x00007ffab1410000 - 0x00007ffab1425000 	C:\WINDOWS\system32\wshbth.dll
0x00007ffa8f2c0000 - 0x00007ffa8f2e1000 	C:\WINDOWS\system32\nlansp_c.dll
0x00007ffab1160000 - 0x00007ffab116a000 	C:\Windows\System32\rasadhlp.dll
0x00007ffab1010000 - 0x00007ffab1093000 	C:\WINDOWS\System32\fwpuclnt.dll
0x000000006b0b0000 - 0x000000006b0c1000 	C:\Program Files\Exelis\IDL83\bin\bin.x86_64\jre\bin\nio.dll
0x00007ffab60a0000 - 0x00007ffab614b000 	C:\WINDOWS\system32\uxtheme.dll
0x00007ffab9700000 - 0x00007ffab9a89000 	C:\WINDOWS\System32\combase.dll
0x00007ffaba860000 - 0x00007ffaba9af000 	C:\WINDOWS\System32\MSCTF.dll
0x00007ffab7d00000 - 0x00007ffab7d18000 	C:\WINDOWS\SYSTEM32\kernel.appcore.dll
0x00007ffaafa50000 - 0x00007ffaafb9a000 	C:\WINDOWS\SYSTEM32\textinputframework.dll
0x00007ffaba3a0000 - 0x00007ffaba477000 	C:\WINDOWS\System32\OLEAUT32.dll
0x00007ffab4e20000 - 0x00007ffab4f53000 	C:\WINDOWS\SYSTEM32\CoreMessaging.dll
0x00007ffab01e0000 - 0x00007ffab054c000 	C:\WINDOWS\SYSTEM32\CoreUIComponents.dll
0x00007ffab6a40000 - 0x00007ffab6b7e000 	C:\WINDOWS\SYSTEM32\wintypes.dll
0x00007ffa91170000 - 0x00007ffa911d9000 	C:\WINDOWS\system32\Oleacc.dll
0x0000000016890000 - 0x0000000016937000 	C:\Users\77957\.idl\idlworkbench-config-idl8.3.0_x86_64\org.eclipse.osgi\bundles\530\1\.cp\swt-win32-3740.dll
0x00007ffabaa40000 - 0x00007ffababe0000 	C:\WINDOWS\System32\ole32.dll
0x00007ffabac60000 - 0x00007ffabad59000 	C:\WINDOWS\System32\comdlg32.dll
0x00007ffaba480000 - 0x00007ffaba573000 	C:\WINDOWS\System32\shcore.dll
0x00007ffaba340000 - 0x00007ffaba39e000 	C:\WINDOWS\System32\SHLWAPI.dll
0x00007ffabb090000 - 0x00007ffabb8e9000 	C:\WINDOWS\System32\SHELL32.dll
0x00007ffab93f0000 - 0x00007ffab9556000 	C:\WINDOWS\System32\CRYPT32.dll
0x00007ffa67f10000 - 0x00007ffa67f29000 	C:\WINDOWS\SYSTEM32\USP10.dll
0x00007ffa990f0000 - 0x00007ffa99198000 	C:\WINDOWS\SYSTEM32\WINSPOOL.DRV
0x00007ffa9e830000 - 0x00007ffa9ed24000 	C:\WINDOWS\SYSTEM32\WININET.dll
0x00007ffab3b30000 - 0x00007ffab3c31000 	C:\WINDOWS\SYSTEM32\propsys.dll
0x00007ffaba7b0000 - 0x00007ffaba860000 	C:\WINDOWS\System32\clbcatq.dll
0x00007ffab6b80000 - 0x00007ffab7474000 	C:\WINDOWS\system32\windows.storage.dll
0x00007ffa9db40000 - 0x00007ffa9dcf6000 	C:\Windows\System32\TaskFlowDataEngine.dll
0x00007ffaa19a0000 - 0x00007ffaa1a4b000 	C:\Windows\System32\OneCoreCommonProxyStub.dll
0x0000000016ab0000 - 0x0000000016ace000 	C:\Users\77957\.idl\idlworkbench-config-idl8.3.0_x86_64\org.eclipse.osgi\bundles\530\1\.cp\swt-gdip-win32-3740.dll
0x00007ffa99210000 - 0x00007ffa993c9000 	C:\WINDOWS\WinSxS\amd64_microsoft.windows.gdiplus_6595b64144ccf1df_1.1.22621.2506_none_57f74dcece1b5ace\gdiplus.dll
0x00007ffab4600000 - 0x00007ffab47b0000 	C:\WINDOWS\SYSTEM32\WindowsCodecs.dll
0x0000000180000000 - 0x0000000180011000 	C:\Users\77957\.idl\idlworkbench-config-idl8.3.0_x86_64\org.eclipse.osgi\bundles\183\1\.cp\os\win32\x86_64\localfile_1_0_0.dll
0x00007ffab17e0000 - 0x00007ffab182d000 	C:\Program Files\Exelis\IDL83\bin\bin.x86_64\idl_ips.dll
0x00007ffa74e20000 - 0x00007ffa75b7d000 	C:\Program Files\Exelis\IDL83\bin\bin.x86_64\idl.dll
0x00007ffab1740000 - 0x00007ffab1763000 	C:\Program Files\Exelis\IDL83\bin\bin.x86_64\UG3220.dll
0x00007ffab2c70000 - 0x00007ffab2c7c000 	C:\Program Files\Exelis\IDL83\bin\bin.x86_64\osmesa6_2.dll
0x00007ffa9eda0000 - 0x00007ffa9edfc000 	C:\Program Files\Exelis\IDL83\bin\bin.x86_64\MesaGLU6_2.dll
0x00007ffa9d480000 - 0x00007ffa9d60e000 	C:\Program Files\Exelis\IDL83\bin\bin.x86_64\MesaGL6_2.dll
0x00007ffa9dd80000 - 0x00007ffa9dd99000 	C:\WINDOWS\SYSTEM32\NETAPI32.dll
0x00007ffa99200000 - 0x00007ffa99207000 	C:\WINDOWS\SYSTEM32\MSIMG32.dll
0x00007ffa9d280000 - 0x00007ffa9d2fc000 	C:\Program Files\Exelis\IDL83\bin\bin.x86_64\freetype2_4_7.dll
0x00007ffab7fc0000 - 0x00007ffab8002000 	C:\WINDOWS\SYSTEM32\SspiCli.dll
0x00007ffab2b60000 - 0x00007ffab2bd8000 	C:\WINDOWS\System32\netprofm.dll
0x00007ffab0e40000 - 0x00007ffab0e58000 	C:\WINDOWS\System32\npmproxy.dll
0x00007ffab1ff0000 - 0x00007ffab2009000 	C:\WINDOWS\SYSTEM32\dhcpcsvc6.DLL
0x00007ffab1db0000 - 0x00007ffab1dcf000 	C:\WINDOWS\SYSTEM32\dhcpcsvc.DLL
0x0000000017bf0000 - 0x0000000017edb000 	C:\WINDOWS\system32\spool\DRIVERS\x64\3\hp1100su.dll
0x0000000017ee0000 - 0x0000000017fe5000 	C:\WINDOWS\system32\spool\DRIVERS\x64\3\HP1100GC.dll
0x0000000018070000 - 0x00000000180cf000 	C:\WINDOWS\system32\spool\DRIVERS\x64\3\hp1100sd.dll
0x00007ffa994a0000 - 0x00007ffa995a0000 	C:\WINDOWS\SYSTEM32\OpenGL32.DLL
0x00007ffa9b6c0000 - 0x00007ffa9b6ed000 	C:\WINDOWS\SYSTEM32\GLU32.dll
0x00007ffab6390000 - 0x00007ffab63c6000 	C:\WINDOWS\SYSTEM32\dxcore.dll
0x00007ffab0d20000 - 0x00007ffab0d5e000 	C:\Program Files\Exelis\IDL83\bin\bin.x86_64\gl_driver.dll
0x00000000152f0000 - 0x00000000152f3000 	C:\WINDOWS\SYSTEM32\icmp.Dll
0x00007ffa88520000 - 0x00007ffa885d0000 	C:\WINDOWS\SYSTEM32\TextShaping.dll
0x00007ffa90c40000 - 0x00007ffa90ee9000 	C:\WINDOWS\system32\explorerframe.dll
0x00007ffa90ef0000 - 0x00007ffa90f4e000 	C:\WINDOWS\system32\dataexchange.dll
0x00007ffaadee0000 - 0x00007ffaae165000 	C:\WINDOWS\system32\twinapi.appcore.dll
0x00007ffa828a0000 - 0x00007ffa828e2000 	C:\WINDOWS\system32\mlang.dll
0x00007ffab8b10000 - 0x00007ffab8bb3000 	C:\WINDOWS\SYSTEM32\sxs.dll
0x00007ffa9ed80000 - 0x00007ffa9ed91000 	C:\Users\77957\.idl\idlworkbench-config-idl8.3.0_x86_64\org.eclipse.osgi\bundles\208\1\.cp\jWinHttp-1.0.0.dll
0x00007ffab29b0000 - 0x00007ffab2ae7000 	C:\WINDOWS\SYSTEM32\WINHTTP.dll
0x00007ffab6320000 - 0x00007ffab634b000 	C:\WINDOWS\system32\dwmapi.dll
0x00007ffa87600000 - 0x00007ffa87ae2000 	C:\WINDOWS\system32\windowsudk.shellcommon.dll
0x00007ffab0a60000 - 0x00007ffab0a97000 	C:\WINDOWS\system32\XmlLite.dll
0x00007ffa91c90000 - 0x00007ffa91e04000 	C:\Windows\System32\Windows.UI.dll
0x00007ffa89990000 - 0x00007ffa89b05000 	C:\Windows\System32\Windows.UI.Immersive.dll
0x00007ffa8f700000 - 0x00007ffa8f76b000 	C:\Windows\System32\thumbcache.dll
0x00007ffab7b20000 - 0x00007ffab7b2c000 	C:\WINDOWS\system32\Secur32.dll
0x00007ffa8dca0000 - 0x00007ffa8dd45000 	C:\Windows\System32\Windows.FileExplorer.Common.dll
0x00007ffa9e5b0000 - 0x00007ffa9e5be000 	C:\WINDOWS\SYSTEM32\atlthunk.dll
0x00007ffab8990000 - 0x00007ffab89de000 	C:\WINDOWS\system32\CFGMGR32.dll
0x00007ffab00a0000 - 0x00007ffab01d5000 	C:\Windows\System32\Windows.System.Launcher.dll
0x00007ffab3490000 - 0x00007ffab3523000 	C:\Windows\System32\msvcp110_win.dll
0x00007ffab1450000 - 0x00007ffab146a000 	C:\WINDOWS\SYSTEM32\windows.staterepositorycore.dll
0x00007ffaa47c0000 - 0x00007ffaa47de000 	C:\WINDOWS\system32\MPR.dll
0x00007ffa9e6a0000 - 0x00007ffa9e6c9000 	C:\WINDOWS\System32\p9np.dll
0x00007ffab1880000 - 0x00007ffab188c000 	C:\WINDOWS\System32\drprov.dll
0x00007ffa9d410000 - 0x00007ffa9d429000 	C:\WINDOWS\System32\ntlanman.dll
0x00007ffa9d260000 - 0x00007ffa9d27f000 	C:\WINDOWS\System32\davclnt.dll
0x00007ffab76e0000 - 0x00007ffab7746000 	C:\WINDOWS\System32\WINSTA.dll
0x00007ffab1640000 - 0x00007ffab165a000 	C:\WINDOWS\System32\wkscli.dll
0x00007ffa93070000 - 0x00007ffa93082000 	C:\WINDOWS\SYSTEM32\cscapi.dll

VM Arguments:
jvm_args: -Dosgi.instance.area.default=@user.home/IDLWorkspace83 -Dosgi.configuration.area=@user.home/.idl/idlworkbench-config-idl8.3.0_x86_64 -Dosgi.configuration.cascaded=true -Dosgi.checkConfiguration=true -Dosgi.sharedConfiguration.area.readOnly=true -Dorg.eclipse.update.reconcile=false -Declipse.p2.data.area=@config.dir/p2 -Dosgi.sharedConfiguration.area=C:\Program Files\Exelis\IDL83\bin\bin.x86_64/configuration 
java_command: <unknown>
Launcher Type: generic

Environment Variables:
PATH=C:/Program Files/Exelis/IDL83/bin/bin.x86_64/jre/bin/server;C:/Program Files/Exelis/IDL83/bin/bin.x86_64/jre/bin;C:/Program Files/Exelis/IDL83/bin/bin.x86_64/jre/lib/amd64;C:\Program Files\Exelis\IDL83\bin\bin.x86_64\;C:\WINDOWS\system32;C:\WINDOWS;C:\WINDOWS\System32\Wbem;C:\WINDOWS\System32\WindowsPowerShell\v1.0\;C:\WINDOWS\System32\OpenSSH\;C:\Users\77957\AppData\Local\Programs\Python\Python38;C:\Users\77957\AppData\Local\Programs\Python\Python38\Scripts;C:\Users\77957\AppData\Local\Microsoft\WindowsApps;C:\Program Files\JetBrains\PyCharm 2023.1\bin;;C:\Users\77957\AppData\Local\Programs\Python\Python38;;C:\Program Files\Exelis\IDL83\bin\bin.x86_64;
USERNAME=77957
OS=Windows_NT
PROCESSOR_IDENTIFIER=Intel64 Family 6 Model 140 Stepping 1, GenuineIntel



---------------  S Y S T E M  ---------------

OS: Windows 8 , 64 bit Build 9200 

CPU:total 8 (4 cores per cpu, 2 threads per core) family 6 model 140 stepping 1, cmov, cx8, fxsr, mmx, sse, sse2, sse3, ssse3, sse4.1, sse4.2, popcnt, avx, avx2, ht, tsc, tscinvbit

Memory: 4k page, physical 16607280k(8678004k free), swap 17655856k(6929224k free)

vm_info: Java HotSpot(TM) 64-Bit Server VM (23.25-b01) for windows-amd64 JRE (1.7.0_25-b17), built on Jun 21 2013 12:58:32 by "java_re" with unknown MS VC++:1600

time: Mon Nov 20 17:25:39 2023
elapsed time: 198 seconds

