#
# A fatal error has been detected by the Java Runtime Environment:
#
#  EXCEPTION_ACCESS_VIOLATION (0xc0000005) at pc=0x00007ffdde21b9cf, pid=12456, tid=4072
#
# JRE version: 7.0_25-b17
# Java VM: Java HotSpot(TM) 64-Bit Server VM (23.25-b01 mixed mode windows-amd64 compressed oops)
# Problematic frame:
# C  0x00007ffdde21b9cf  RegisterProcTableCallback+0x54b20f
#
# Failed to write core dump. Minidumps are not enabled by default on client versions of Windows
#
# If you would like to submit a bug report, please visit:
#   http://bugreport.sun.com/bugreport/crash.jsp
# The crash happened outside the Java Virtual Machine in native code.
# See problematic frame for where to report the bug.
#

---------------  T H R E A D  ---------------

Current thread (0x00000000134bc800):  JavaThread "IDL" [_thread_in_native, id=4072, stack(0x00000000188b0000,0x00000000189b0000)]

siginfo: ExceptionCode=0xc0000005, reading address 0xffffffffffffffff

Registers:
RAX=0x3f7f801e3f370dd8, RBX=0x0000000000000000, RCX=0x00000000169fe4a8, RDX=0x00000000169fe4e0
RSP=0x00000000189a16a0, RBP=0x00000000189a17a0, RSI=0x00000000189a16e8, RDI=0x000000000000000b
R8 =0x0000000000000001, R9 =0x00000000169fe4e0, R10=0x00000000189a17c0, R11=0x00000000189a16c0
R12=0x00007ffdde669920, R13=0x000000002d3baea0, R14=0x0000000000000007, R15=0x000000000000000a
RIP=0x00007ffdde21b9cf, EFLAGS=0x0000000000010202

Top of Stack: (sp=0x00000000189a16a0)
0x00000000189a16a0:   00004f3fa98c4423 0000000000000001
0x00000000189a16b0:   00000000169fe0f0 0000000000000000
0x00000000189a16c0:   00000000169fe4e0 00007ffddd791b34
0x00000000189a16d0:   00000000189a17a0 0000000000000000
0x00000000189a16e0:   00000000189a17c0 00000000169fe4a8
0x00000000189a16f0:   00000000169fe4b8 00000000169fe4c8
0x00000000189a1700:   00000000169fe4d8 00000000169fe4e8
0x00000000189a1710:   00000000169fe4f8 00000000169fe508
0x00000000189a1720:   00000000169fe518 0000000000000000
0x00000000189a1730:   0000000000000000 0000000000000000
0x00000000189a1740:   0000000000000000 0000000000000000
0x00000000189a1750:   0000000000000000 00007ffd0000000b
0x00000000189a1760:   0000000000000000 00007ffdddc9692c
0x00000000189a1770:   00000000169fe0f0 00000000169fe0f0
0x00000000189a1780:   00000000169fe4a8 0000000000000000
0x00000000189a1790:   0000000000000013 00007ffd00000008 

Instructions: (pc=0x00007ffdde21b9cf)
0x00007ffdde21b9af:   48 8d 74 24 30 44 8b f7 66 0f 1f 84 00 00 00 00
0x00007ffdde21b9bf:   00 48 8b 0e 48 85 c9 0f 84 8e 00 00 00 48 8b 01
0x00007ffdde21b9cf:   80 78 34 00 74 0a 48 8b 41 08 80 78 34 00 75 7b
0x00007ffdde21b9df:   41 8b d7 4c 8d 4c 24 20 48 c1 e2 04 4c 8d 45 d0 


Register to memory mapping:

RAX=0x3f7f801e3f370dd8 is an unknown value
RBX=0x0000000000000000 is an unknown value
RCX=0x00000000169fe4a8 is an unknown value
RDX=0x00000000169fe4e0 is an unknown value
RSP=0x00000000189a16a0 is pointing into the stack for thread: 0x00000000134bc800
RBP=0x00000000189a17a0 is pointing into the stack for thread: 0x00000000134bc800
RSI=0x00000000189a16e8 is pointing into the stack for thread: 0x00000000134bc800
RDI=0x000000000000000b is an unknown value
R8 =0x0000000000000001 is an unknown value
R9 =0x00000000169fe4e0 is an unknown value
R10=0x00000000189a17c0 is pointing into the stack for thread: 0x00000000134bc800
R11=0x00000000189a16c0 is pointing into the stack for thread: 0x00000000134bc800
R12=0x00007ffdde669920 is an unknown value
R13=0x000000002d3baea0 is an unknown value
R14=0x0000000000000007 is an unknown value
R15=0x000000000000000a is an unknown value


Stack: [0x00000000188b0000,0x00000000189b0000],  sp=0x00000000189a16a0,  free space=965k
Native frames: (J=compiled Java code, j=interpreted, Vv=VM code, C=native code)
C  0x00007ffdde21b9cf  RegisterProcTableCallback+0x54b20f

Java frames: (J=compiled Java code, j=interpreted, Vv=VM code)
j  com.rsi.idldt.core.ips.IPS_Access.IPS_Start([Ljava/lang/String;)V+0
j  com.rsi.idldt.core.ips.IPS_Manager$2.run()V+15
j  java.lang.Thread.run()V+11
v  ~StubRoutines::call_stub

---------------  P R O C E S S  ---------------

Java Threads: ( => current thread )
  0x000000001782f000 JavaThread "HighTraffic" [_thread_blocked, id=19928, stack(0x00000000006f0000,0x00000000007f0000)]
  0x0000000017832000 JavaThread "[ThreadPool Manager] - Idle Thread" daemon [_thread_blocked, id=16520, stack(0x0000000025840000,0x0000000025940000)]
  0x0000000017823000 JavaThread "Worker-8" [_thread_blocked, id=20168, stack(0x0000000024740000,0x0000000024840000)]
  0x0000000018363000 JavaThread "Worker-7" [_thread_blocked, id=16500, stack(0x0000000021900000,0x0000000021a00000)]
  0x0000000018364800 JavaThread "Worker-6" [_thread_blocked, id=16788, stack(0x0000000021800000,0x0000000021900000)]
  0x0000000018368800 JavaThread "Timer-2" daemon [_thread_blocked, id=20596, stack(0x000000001fdb0000,0x000000001feb0000)]
  0x0000000018367800 JavaThread "Timer-1" daemon [_thread_blocked, id=3868, stack(0x000000001fbb0000,0x000000001fcb0000)]
  0x0000000018362800 JavaThread "Thread-15" [_thread_in_native, id=21156, stack(0x000000001e860000,0x000000001e960000)]
  0x000000001835b000 JavaThread "Worker-5" [_thread_blocked, id=13644, stack(0x000000001e730000,0x000000001e830000)]
  0x0000000018361800 JavaThread "Worker-4" [_thread_blocked, id=16932, stack(0x000000001e630000,0x000000001e730000)]
  0x000000001835c800 JavaThread "Worker-3" [_thread_blocked, id=9200, stack(0x0000000019da0000,0x0000000019ea0000)]
  0x0000000018361000 JavaThread "IDLDT DOM Worker-7" [_thread_blocked, id=20580, stack(0x000000001e530000,0x000000001e630000)]
  0x000000001835a000 JavaThread "IDLDT DOM Worker-6" [_thread_blocked, id=6232, stack(0x000000001e430000,0x000000001e530000)]
  0x0000000018359800 JavaThread "IDLDT DOM Worker-5" [_thread_blocked, id=19708, stack(0x000000001e330000,0x000000001e430000)]
  0x000000001835e800 JavaThread "IDLDT DOM Worker-4" [_thread_blocked, id=9132, stack(0x000000001e230000,0x000000001e330000)]
  0x000000001835e000 JavaThread "IDLDT DOM Worker-3" [_thread_blocked, id=3044, stack(0x000000001e130000,0x000000001e230000)]
  0x0000000018360000 JavaThread "IDLDT DOM Worker-2" [_thread_blocked, id=8008, stack(0x000000001e030000,0x000000001e130000)]
  0x000000001835b800 JavaThread "IDLDT DOM Worker-1" [_thread_blocked, id=14348, stack(0x000000001df30000,0x000000001e030000)]
  0x000000001835f800 JavaThread "IDLDT DOM Worker-0" [_thread_blocked, id=5672, stack(0x000000001de30000,0x000000001df30000)]
  0x00000000174f5800 JavaThread "Timer-0" daemon [_thread_blocked, id=12020, stack(0x000000001dd30000,0x000000001de30000)]
  0x00000000174f4000 JavaThread "Worker-2" [_thread_blocked, id=18896, stack(0x000000001dc30000,0x000000001dd30000)]
  0x00000000174f2800 JavaThread "Worker-1" [_thread_in_native, id=10564, stack(0x0000000019ea0000,0x0000000019fa0000)]
=>0x00000000134bc800 JavaThread "IDL" [_thread_in_native, id=4072, stack(0x00000000188b0000,0x00000000189b0000)]
  0x0000000015e33800 JavaThread "IDLToJava Broker" daemon [_thread_blocked, id=9180, stack(0x0000000018740000,0x0000000018840000)]
  0x0000000015ee6000 JavaThread "Provisioning Event Dispatcher" daemon [_thread_blocked, id=5816, stack(0x00000000173d0000,0x00000000174d0000)]
  0x00000000133e8000 JavaThread "Worker-0" [_thread_blocked, id=4056, stack(0x00000000172d0000,0x00000000173d0000)]
  0x0000000015f4c000 JavaThread "Bundle File Closer" daemon [_thread_blocked, id=13508, stack(0x00000000171d0000,0x00000000172d0000)]
  0x0000000016033800 JavaThread "Worker-JM" [_thread_blocked, id=19344, stack(0x0000000016fd0000,0x00000000170d0000)]
  0x00000000134eb000 JavaThread "[Timer] - Main Queue Handler" daemon [_thread_blocked, id=2428, stack(0x0000000016ed0000,0x0000000016fd0000)]
  0x0000000015e6e800 JavaThread "Framework Event Dispatcher" daemon [_thread_blocked, id=13676, stack(0x0000000016cd0000,0x0000000016dd0000)]
  0x00000000132da000 JavaThread "Start Level Event Dispatcher" daemon [_thread_blocked, id=6048, stack(0x00000000167d0000,0x00000000168d0000)]
  0x000000001604e800 JavaThread "State Data Manager" daemon [_thread_blocked, id=3832, stack(0x00000000166d0000,0x00000000167d0000)]
  0x0000000013230800 JavaThread "Framework Active Thread" [_thread_blocked, id=16008, stack(0x00000000165d0000,0x00000000166d0000)]
  0x0000000010d1d800 JavaThread "Service Thread" daemon [_thread_blocked, id=20424, stack(0x0000000013500000,0x0000000013600000)]
  0x0000000010d0f000 JavaThread "C2 CompilerThread1" daemon [_thread_blocked, id=13692, stack(0x0000000013000000,0x0000000013100000)]
  0x0000000010ce2800 JavaThread "C2 CompilerThread0" daemon [_thread_blocked, id=16512, stack(0x0000000012f00000,0x0000000013000000)]
  0x0000000010d0d800 JavaThread "Attach Listener" daemon [_thread_blocked, id=13916, stack(0x0000000012e00000,0x0000000012f00000)]
  0x0000000010ce1800 JavaThread "Signal Dispatcher" daemon [_thread_blocked, id=19960, stack(0x0000000012d00000,0x0000000012e00000)]
  0x0000000010c80000 JavaThread "Finalizer" daemon [_thread_blocked, id=19832, stack(0x0000000012c00000,0x0000000012d00000)]
  0x0000000010c78800 JavaThread "Reference Handler" daemon [_thread_blocked, id=14660, stack(0x0000000012b00000,0x0000000012c00000)]
  0x00000000025a0800 JavaThread "main" [_thread_in_native, id=6388, stack(0x0000000000050000,0x0000000000150000)]

Other Threads:
  0x0000000010c75000 VMThread [stack: 0x0000000012a00000,0x0000000012b00000] [id=2536]
  0x000000001311e800 WatcherThread [stack: 0x0000000013600000,0x0000000013700000] [id=19472]

VM state:not at safepoint (normal execution)

VM Mutex/Monitor currently owned by a thread: None

Heap
 PSYoungGen      total 520256K, used 390482K [0x00000007accb0000, 0x00000007d06c0000, 0x0000000800000000)
  eden space 483520K, 80% used [0x00000007accb0000,0x00000007c4a04850,0x00000007ca4e0000)
  from space 36736K, 0% used [0x00000007ce2e0000,0x00000007ce2e0000,0x00000007d06c0000)
  to   space 50112K, 0% used [0x00000007ca4e0000,0x00000007ca4e0000,0x00000007cd5d0000)
 ParOldGen       total 170368K, used 75934K [0x0000000706600000, 0x0000000710c60000, 0x00000007accb0000)
  object space 170368K, 44% used [0x0000000706600000,0x000000070b027b40,0x0000000710c60000)
 PSPermGen       total 48320K, used 48206K [0x0000000701400000, 0x0000000704330000, 0x0000000706600000)
  object space 48320K, 99% used [0x0000000701400000,0x0000000704313818,0x0000000704330000)

Card table byte_map: [0x00000000056a0000,0x0000000005ea0000] byte_map_base: 0x0000000001e96000

Polling page: 0x0000000002110000

Code Cache  [0x00000000026a0000, 0x0000000002ce0000, 0x00000000056a0000)
 total_blobs=2553 nmethods=1883 adapters=618 free_code_cache=42915Kb largest_free_block=43800704

Compilation events (10 events):
Event: 104.083 Thread 0x0000000010d0f000 2057             com.rsi.idldt.core.internal.dom.IDLScopeVar::getElementType (3 bytes)
Event: 104.084 Thread 0x0000000010d0f000 nmethod 2057 0x0000000002ca9310 code [0x0000000002ca9440, 0x0000000002ca9498]
Event: 104.084 Thread 0x0000000010ce2800 2058             com.rsi.idldt.core.internal.dom.DOMNode::removeAndShrinkArray (97 bytes)
Event: 104.090 Thread 0x0000000010ce2800 nmethod 2058 0x0000000002cb1910 code [0x0000000002cb1ac0, 0x0000000002cb2478]
Event: 104.111 Thread 0x0000000010d0f000 2059             org.eclipse.core.runtime.jobs.Job::getRule (5 bytes)
Event: 104.111 Thread 0x0000000010d0f000 nmethod 2059 0x0000000002cb6fd0 code [0x0000000002cb7100, 0x0000000002cb7178]
Event: 104.210 Thread 0x0000000010ce2800 2060             org.eclipse.swt.layout.GridLayout::layout (4410 bytes)
Event: 104.398 Thread 0x0000000010ce2800 nmethod 2060 0x0000000002cc9990 code [0x0000000002cc9e00, 0x0000000002cd2cf0]
Event: 104.980 Thread 0x0000000010d0f000 2063             org.eclipse.jface.bindings.keys.SWTKeyLookup::getAlt (3 bytes)
Event: 104.981 Thread 0x0000000010d0f000 nmethod 2063 0x0000000002cb1710 code [0x0000000002cb1840, 0x0000000002cb1898]

GC Heap History (10 events):
Event: 19.584 GC heap before
{Heap before GC invocations=7 (full 0):
 PSYoungGen      total 293760K, used 278927K [0x00000007accb0000, 0x00000007c14d0000, 0x0000000800000000)
  eden space 255744K, 100% used [0x00000007accb0000,0x00000007bc670000,0x00000007bc670000)
  from space 38016K, 60% used [0x00000007befb0000,0x00000007c0653fd8,0x00000007c14d0000)
  to   space 40128K, 0% used [0x00000007bc670000,0x00000007bc670000,0x00000007beda0000)
 ParOldGen       total 170368K, used 50955K [0x0000000706600000, 0x0000000710c60000, 0x00000007accb0000)
  object space 170368K, 29% used [0x0000000706600000,0x00000007097c2ce8,0x0000000710c60000)
 PSPermGen       total 46400K, used 46236K [0x0000000701400000, 0x0000000704150000, 0x0000000706600000)
  object space 46400K, 99% used [0x0000000701400000,0x0000000704127238,0x0000000704150000)
Event: 19.611 GC heap after
Heap after GC invocations=7 (full 0):
 PSYoungGen      total 295872K, used 31073K [0x00000007accb0000, 0x00000007d1310000, 0x0000000800000000)
  eden space 255744K, 0% used [0x00000007accb0000,0x00000007accb0000,0x00000007bc670000)
  from space 40128K, 77% used [0x00000007bc670000,0x00000007be4c8678,0x00000007beda0000)
  to   space 42432K, 0% used [0x00000007ce9a0000,0x00000007ce9a0000,0x00000007d1310000)
 ParOldGen       total 170368K, used 54733K [0x0000000706600000, 0x0000000710c60000, 0x00000007accb0000)
  object space 170368K, 32% used [0x0000000706600000,0x0000000709b736d0,0x0000000710c60000)
 PSPermGen       total 46400K, used 46236K [0x0000000701400000, 0x0000000704150000, 0x0000000706600000)
  object space 46400K, 99% used [0x0000000701400000,0x0000000704127238,0x0000000704150000)
}
Event: 30.198 GC heap before
{Heap before GC invocations=8 (full 0):
 PSYoungGen      total 295872K, used 286817K [0x00000007accb0000, 0x00000007d1310000, 0x0000000800000000)
  eden space 255744K, 100% used [0x00000007accb0000,0x00000007bc670000,0x00000007bc670000)
  from space 40128K, 77% used [0x00000007bc670000,0x00000007be4c8678,0x00000007beda0000)
  to   space 42432K, 0% used [0x00000007ce9a0000,0x00000007ce9a0000,0x00000007d1310000)
 ParOldGen       total 170368K, used 54733K [0x0000000706600000, 0x0000000710c60000, 0x00000007accb0000)
  object space 170368K, 32% used [0x0000000706600000,0x0000000709b736d0,0x0000000710c60000)
 PSPermGen       total 46592K, used 46584K [0x0000000701400000, 0x0000000704180000, 0x0000000706600000)
  object space 46592K, 99% used [0x0000000701400000,0x000000070417e298,0x0000000704180000)
Event: 30.216 GC heap after
Heap after GC invocations=8 (full 0):
 PSYoungGen      total 548352K, used 40778K [0x00000007accb0000, 0x00000007d1df0000, 0x0000000800000000)
  eden space 505920K, 0% used [0x00000007accb0000,0x00000007accb0000,0x00000007cbac0000)
  from space 42432K, 96% used [0x00000007ce9a0000,0x00000007d11728b0,0x00000007d1310000)
  to   space 48000K, 0% used [0x00000007cbac0000,0x00000007cbac0000,0x00000007ce9a0000)
 ParOldGen       total 170368K, used 56356K [0x0000000706600000, 0x0000000710c60000, 0x00000007accb0000)
  object space 170368K, 33% used [0x0000000706600000,0x0000000709d09308,0x0000000710c60000)
 PSPermGen       total 46592K, used 46584K [0x0000000701400000, 0x0000000704180000, 0x0000000706600000)
  object space 46592K, 99% used [0x0000000701400000,0x000000070417e298,0x0000000704180000)
}
Event: 35.526 GC heap before
{Heap before GC invocations=9 (full 0):
 PSYoungGen      total 548352K, used 546698K [0x00000007accb0000, 0x00000007d1df0000, 0x0000000800000000)
  eden space 505920K, 100% used [0x00000007accb0000,0x00000007cbac0000,0x00000007cbac0000)
  from space 42432K, 96% used [0x00000007ce9a0000,0x00000007d11728b0,0x00000007d1310000)
  to   space 48000K, 0% used [0x00000007cbac0000,0x00000007cbac0000,0x00000007ce9a0000)
 ParOldGen       total 170368K, used 56356K [0x0000000706600000, 0x0000000710c60000, 0x00000007accb0000)
  object space 170368K, 33% used [0x0000000706600000,0x0000000709d09308,0x0000000710c60000)
 PSPermGen       total 46976K, used 46861K [0x0000000701400000, 0x00000007041e0000, 0x0000000706600000)
  object space 46976K, 99% used [0x0000000701400000,0x00000007041c3440,0x00000007041e0000)
Event: 35.547 GC heap after
Heap after GC invocations=9 (full 0):
 PSYoungGen      total 524608K, used 41041K [0x00000007accb0000, 0x00000007d0a80000, 0x0000000800000000)
  eden space 483520K, 0% used [0x00000007accb0000,0x00000007accb0000,0x00000007ca4e0000)
  from space 41088K, 99% used [0x00000007cbac0000,0x00000007ce2d44e8,0x00000007ce2e0000)
  to   space 40576K, 0% used [0x00000007ce2e0000,0x00000007ce2e0000,0x00000007d0a80000)
 ParOldGen       total 170368K, used 73115K [0x0000000706600000, 0x0000000710c60000, 0x00000007accb0000)
  object space 170368K, 42% used [0x0000000706600000,0x000000070ad66c78,0x0000000710c60000)
 PSPermGen       total 46976K, used 46861K [0x0000000701400000, 0x00000007041e0000, 0x0000000706600000)
  object space 46976K, 99% used [0x0000000701400000,0x00000007041c3440,0x00000007041e0000)
}
Event: 62.569 GC heap before
{Heap before GC invocations=10 (full 0):
 PSYoungGen      total 524608K, used 129693K [0x00000007accb0000, 0x00000007d0a80000, 0x0000000800000000)
  eden space 483520K, 18% used [0x00000007accb0000,0x00000007b2343048,0x00000007ca4e0000)
  from space 41088K, 99% used [0x00000007cbac0000,0x00000007ce2d44e8,0x00000007ce2e0000)
  to   space 40576K, 0% used [0x00000007ce2e0000,0x00000007ce2e0000,0x00000007d0a80000)
 ParOldGen       total 170368K, used 73115K [0x0000000706600000, 0x0000000710c60000, 0x00000007accb0000)
  object space 170368K, 42% used [0x0000000706600000,0x000000070ad66c78,0x0000000710c60000)
 PSPermGen       total 47360K, used 47189K [0x0000000701400000, 0x0000000704240000, 0x0000000706600000)
  object space 47360K, 99% used [0x0000000701400000,0x0000000704215740,0x0000000704240000)
Event: 62.599 GC heap after
Heap after GC invocations=10 (full 0):
 PSYoungGen      total 520256K, used 22863K [0x00000007accb0000, 0x00000007d06c0000, 0x0000000800000000)
  eden space 483520K, 0% used [0x00000007accb0000,0x00000007accb0000,0x00000007ca4e0000)
  from space 36736K, 62% used [0x00000007ce2e0000,0x00000007cf933e18,0x00000007d06c0000)
  to   space 50112K, 0% used [0x00000007ca4e0000,0x00000007ca4e0000,0x00000007cd5d0000)
 ParOldGen       total 170368K, used 91560K [0x0000000706600000, 0x0000000710c60000, 0x00000007accb0000)
  object space 170368K, 53% used [0x0000000706600000,0x000000070bf6a2c8,0x0000000710c60000)
 PSPermGen       total 47360K, used 47189K [0x0000000701400000, 0x0000000704240000, 0x0000000706600000)
  object space 47360K, 99% used [0x0000000701400000,0x0000000704215740,0x0000000704240000)
}
Event: 62.599 GC heap before
{Heap before GC invocations=11 (full 1):
 PSYoungGen      total 520256K, used 22863K [0x00000007accb0000, 0x00000007d06c0000, 0x0000000800000000)
  eden space 483520K, 0% used [0x00000007accb0000,0x00000007accb0000,0x00000007ca4e0000)
  from space 36736K, 62% used [0x00000007ce2e0000,0x00000007cf933e18,0x00000007d06c0000)
  to   space 50112K, 0% used [0x00000007ca4e0000,0x00000007ca4e0000,0x00000007cd5d0000)
 ParOldGen       total 170368K, used 91560K [0x0000000706600000, 0x0000000710c60000, 0x00000007accb0000)
  object space 170368K, 53% used [0x0000000706600000,0x000000070bf6a2c8,0x0000000710c60000)
 PSPermGen       total 47360K, used 47189K [0x0000000701400000, 0x0000000704240000, 0x0000000706600000)
  object space 47360K, 99% used [0x0000000701400000,0x0000000704215740,0x0000000704240000)
Event: 62.818 GC heap after
Heap after GC invocations=11 (full 1):
 PSYoungGen      total 520256K, used 0K [0x00000007accb0000, 0x00000007d06c0000, 0x0000000800000000)
  eden space 483520K, 0% used [0x00000007accb0000,0x00000007accb0000,0x00000007ca4e0000)
  from space 36736K, 0% used [0x00000007ce2e0000,0x00000007ce2e0000,0x00000007d06c0000)
  to   space 50112K, 0% used [0x00000007ca4e0000,0x00000007ca4e0000,0x00000007cd5d0000)
 ParOldGen       total 170368K, used 75934K [0x0000000706600000, 0x0000000710c60000, 0x00000007accb0000)
  object space 170368K, 44% used [0x0000000706600000,0x000000070b027b40,0x0000000710c60000)
 PSPermGen       total 47360K, used 47163K [0x0000000701400000, 0x0000000704240000, 0x0000000706600000)
  object space 47360K, 99% used [0x0000000701400000,0x000000070420ed60,0x0000000704240000)
}

Deoptimization events (10 events):
Event: 104.196 Thread 0x00000000025a0800 Uncommon trap -58 fr.pc 0x0000000002bc89b4
Event: 104.197 Thread 0x00000000025a0800 Uncommon trap -83 fr.pc 0x0000000002c98198
Event: 104.203 Thread 0x00000000025a0800 Uncommon trap -34 fr.pc 0x0000000002c48824
Event: 104.204 Thread 0x00000000025a0800 Uncommon trap -34 fr.pc 0x0000000002c48824
Event: 105.957 Thread 0x00000000025a0800 Uncommon trap -34 fr.pc 0x0000000002898cc0
Event: 105.957 Thread 0x00000000025a0800 Uncommon trap -34 fr.pc 0x0000000002898cc0
Event: 105.957 Thread 0x00000000025a0800 Uncommon trap -34 fr.pc 0x0000000002898cc0
Event: 105.957 Thread 0x00000000025a0800 Uncommon trap -34 fr.pc 0x0000000002898cc0
Event: 106.725 Thread 0x00000000025a0800 Uncommon trap -12 fr.pc 0x0000000002bd9bf4
Event: 106.731 Thread 0x00000000174f2800 Uncommon trap -34 fr.pc 0x0000000002c81b20

Internal exceptions (10 events):
Event: 106.156 Thread 0x000000001782f000 Threw 0x00000007c3d65a40 at C:\jdk7u2_64p\jdk7u25\hotspot\src\share\vm\prims\jvm.cpp:2957
Event: 106.164 Thread 0x000000001782f000 Threw 0x00000007c3d65c28 at C:\jdk7u2_64p\jdk7u25\hotspot\src\share\vm\prims\jvm.cpp:2957
Event: 106.171 Thread 0x000000001782f000 Threw 0x00000007c3d65e10 at C:\jdk7u2_64p\jdk7u25\hotspot\src\share\vm\prims\jvm.cpp:2957
Event: 106.179 Thread 0x000000001782f000 Threw 0x00000007c3d65ff8 at C:\jdk7u2_64p\jdk7u25\hotspot\src\share\vm\prims\jvm.cpp:2957
Event: 106.189 Thread 0x000000001782f000 Threw 0x00000007c3d661e0 at C:\jdk7u2_64p\jdk7u25\hotspot\src\share\vm\prims\jvm.cpp:2957
Event: 106.193 Thread 0x000000001782f000 Threw 0x00000007c3d663c8 at C:\jdk7u2_64p\jdk7u25\hotspot\src\share\vm\prims\jvm.cpp:2957
Event: 106.203 Thread 0x000000001782f000 Threw 0x00000007c3d665b0 at C:\jdk7u2_64p\jdk7u25\hotspot\src\share\vm\prims\jvm.cpp:2957
Event: 106.209 Thread 0x000000001782f000 Threw 0x00000007c3d66798 at C:\jdk7u2_64p\jdk7u25\hotspot\src\share\vm\prims\jvm.cpp:2957
Event: 106.225 Thread 0x000000001782f000 Threw 0x00000007c3d66980 at C:\jdk7u2_64p\jdk7u25\hotspot\src\share\vm\prims\jvm.cpp:2957
Event: 106.725 Thread 0x00000000025a0800 Implicit null exception at 0x0000000002bd975b to 0x0000000002bd9be5

Events (10 events):
Event: 105.958 loading class 0x000000001ec693f0
Event: 105.958 loading class 0x000000001ec693f0 done
Event: 105.959 Executing VM operation: RevokeBias
Event: 105.959 Executing VM operation: RevokeBias done
Event: 106.725 Thread 0x00000000025a0800 DEOPT PACKING pc=0x0000000002bd9bf4 sp=0x000000000014d320
Event: 106.725 Thread 0x00000000025a0800 DEOPT UNPACKING pc=0x00000000026d9164 sp=0x000000000014d260 mode 2
Event: 106.731 Thread 0x00000000174f2800 DEOPT PACKING pc=0x0000000002c81b20 sp=0x0000000019f9f320
Event: 106.731 Thread 0x00000000174f2800 DEOPT UNPACKING pc=0x00000000026d9164 sp=0x0000000019f9f278 mode 2
Event: 106.753 Thread 0x0000000017833000 Thread added: 0x0000000017833000
Event: 106.753 Thread 0x0000000017833000 Thread exited: 0x0000000017833000


Dynamic libraries:
0x0000000000400000 - 0x000000000040e000 	C:\Program Files\Exelis\IDL83\bin\bin.x86_64\idlde.exe
0x00007ffe440f0000 - 0x00007ffe442e5000 	C:\WINDOWS\SYSTEM32\ntdll.dll
0x00007ffe42280000 - 0x00007ffe4233d000 	C:\WINDOWS\System32\KERNEL32.DLL
0x00007ffe41830000 - 0x00007ffe41af8000 	C:\WINDOWS\System32\KERNELBASE.dll
0x00007ffe3f0b0000 - 0x00007ffe3f140000 	C:\WINDOWS\SYSTEM32\apphelp.dll
0x00007ffe42e50000 - 0x00007ffe42ff0000 	C:\WINDOWS\System32\USER32.dll
0x00007ffe420f0000 - 0x00007ffe42112000 	C:\WINDOWS\System32\win32u.dll
0x00007ffe42a20000 - 0x00007ffe42a4a000 	C:\WINDOWS\System32\GDI32.dll
0x00007ffe41f60000 - 0x00007ffe4206b000 	C:\WINDOWS\System32\gdi32full.dll
0x00007ffe41c50000 - 0x00007ffe41ced000 	C:\WINDOWS\System32\msvcp_win.dll
0x00007ffe41b00000 - 0x00007ffe41c00000 	C:\WINDOWS\System32\ucrtbase.dll
0x00007ffe42ac0000 - 0x00007ffe42b5e000 	C:\WINDOWS\System32\msvcrt.dll
0x00007ffe32510000 - 0x00007ffe327aa000 	C:\WINDOWS\WinSxS\amd64_microsoft.windows.common-controls_6595b64144ccf1df_6.0.19041.844_none_ca00b6081b84eb1d\COMCTL32.dll
0x00007ffe423e0000 - 0x00007ffe42410000 	C:\WINDOWS\System32\IMM32.DLL
0x0000000072000000 - 0x0000000072012000 	C:\Program Files\Exelis\IDL83\bin\bin.x86_64\plugins\org.eclipse.equinox.launcher.win32.win32.x86_64_1.1.100.v20110502\eclipse_1406.dll
0x00007ffe42bd0000 - 0x00007ffe42c7c000 	C:\WINDOWS\System32\ADVAPI32.dll
0x00007ffe42340000 - 0x00007ffe423db000 	C:\WINDOWS\System32\sechost.dll
0x00007ffe42150000 - 0x00007ffe4227b000 	C:\WINDOWS\System32\RPCRT4.dll
0x00007ffe38850000 - 0x00007ffe3885a000 	C:\WINDOWS\SYSTEM32\VERSION.dll
0x0000000059410000 - 0x0000000059b1f000 	C:\Program Files\Exelis\IDL83\bin\bin.x86_64\jre\bin\server\jvm.dll
0x00007ffe42a10000 - 0x00007ffe42a18000 	C:\WINDOWS\System32\PSAPI.DLL
0x00007ffe30770000 - 0x00007ffe30797000 	C:\WINDOWS\SYSTEM32\WINMM.dll
0x00007ffe3a2a0000 - 0x00007ffe3a2a9000 	C:\WINDOWS\SYSTEM32\WSOCK32.dll
0x0000000059330000 - 0x0000000059401000 	C:\WINDOWS\SYSTEM32\MSVCR100.dll
0x00007ffe42b60000 - 0x00007ffe42bcb000 	C:\WINDOWS\System32\WS2_32.dll
0x0000000059320000 - 0x000000005932f000 	C:\Program Files\Exelis\IDL83\bin\bin.x86_64\jre\bin\verify.dll
0x00000000592f0000 - 0x0000000059318000 	C:\Program Files\Exelis\IDL83\bin\bin.x86_64\jre\bin\java.dll
0x00000000592d0000 - 0x00000000592e5000 	C:\Program Files\Exelis\IDL83\bin\bin.x86_64\jre\bin\zip.dll
0x00007ffe41170000 - 0x00007ffe41188000 	C:\WINDOWS\SYSTEM32\CRYPTSP.dll
0x00007ffe408e0000 - 0x00007ffe40914000 	C:\WINDOWS\system32\rsaenh.dll
0x00007ffe42120000 - 0x00007ffe42147000 	C:\WINDOWS\System32\bcrypt.dll
0x00007ffe416f0000 - 0x00007ffe4171e000 	C:\WINDOWS\SYSTEM32\USERENV.dll
0x00007ffe41770000 - 0x00007ffe4178f000 	C:\WINDOWS\SYSTEM32\profapi.dll
0x00007ffe42070000 - 0x00007ffe420f0000 	C:\WINDOWS\System32\bcryptprimitives.dll
0x00007ffe41190000 - 0x00007ffe4119c000 	C:\WINDOWS\SYSTEM32\CRYPTBASE.dll
0x00000000592b0000 - 0x00000000592c9000 	C:\Program Files\Exelis\IDL83\bin\bin.x86_64\jre\bin\net.dll
0x00007ffe40f40000 - 0x00007ffe40faa000 	C:\WINDOWS\system32\mswsock.dll
0x00007ffe27cb0000 - 0x00007ffe27cfb000 	C:\Program Files (x86)\Sangfor\SSL\ClientComponent\3_SangforNspX64.dll
0x00007ffe43f80000 - 0x00007ffe440aa000 	C:\WINDOWS\System32\ole32.dll
0x00007ffe42ff0000 - 0x00007ffe43345000 	C:\WINDOWS\System32\combase.dll
0x00007ffe43c60000 - 0x00007ffe43d2d000 	C:\WINDOWS\System32\OLEAUT32.dll
0x00007ffe43e40000 - 0x00007ffe43e95000 	C:\WINDOWS\System32\SHLWAPI.dll
0x00007ffe1ba30000 - 0x00007ffe1ba47000 	C:\WINDOWS\system32\napinsp.dll
0x00007ffe1ba10000 - 0x00007ffe1ba2b000 	C:\WINDOWS\system32\pnrpnsp.dll
0x00007ffe3c010000 - 0x00007ffe3c025000 	C:\WINDOWS\system32\wshbth.dll
0x00007ffe3cf20000 - 0x00007ffe3cf3d000 	C:\WINDOWS\system32\NLAapi.dll
0x00007ffe40c30000 - 0x00007ffe40c6b000 	C:\WINDOWS\SYSTEM32\IPHLPAPI.DLL
0x00007ffe40c70000 - 0x00007ffe40d3c000 	C:\WINDOWS\SYSTEM32\DNSAPI.dll
0x00007ffe433e0000 - 0x00007ffe433e8000 	C:\WINDOWS\System32\NSI.dll
0x00007ffe1b9f0000 - 0x00007ffe1ba02000 	C:\WINDOWS\System32\winrnr.dll
0x00007ffe38880000 - 0x00007ffe3888a000 	C:\Windows\System32\rasadhlp.dll
0x00007ffe37ec0000 - 0x00007ffe37f3f000 	C:\WINDOWS\System32\fwpuclnt.dll
0x0000000059290000 - 0x00000000592a1000 	C:\Program Files\Exelis\IDL83\bin\bin.x86_64\jre\bin\nio.dll
0x00007ffe3f240000 - 0x00007ffe3f2de000 	C:\WINDOWS\system32\uxtheme.dll
0x00007ffe43b40000 - 0x00007ffe43c55000 	C:\WINDOWS\System32\MSCTF.dll
0x00007ffe3f750000 - 0x00007ffe3f762000 	C:\WINDOWS\SYSTEM32\kernel.appcore.dll
0x00007ffe289b0000 - 0x00007ffe28aa9000 	C:\WINDOWS\SYSTEM32\textinputframework.dll
0x00007ffe3e370000 - 0x00007ffe3e6ce000 	C:\WINDOWS\System32\CoreUIComponents.dll
0x00007ffe3eb30000 - 0x00007ffe3ec22000 	C:\WINDOWS\System32\CoreMessaging.dll
0x00007ffe43d30000 - 0x00007ffe43dde000 	C:\WINDOWS\System32\SHCORE.dll
0x00007ffe40570000 - 0x00007ffe405a3000 	C:\WINDOWS\SYSTEM32\ntmarta.dll
0x00007ffe3d390000 - 0x00007ffe3d4e4000 	C:\WINDOWS\SYSTEM32\wintypes.dll
0x00007ffe42410000 - 0x00007ffe424b9000 	C:\WINDOWS\System32\clbcatq.dll
0x00007ffe390a0000 - 0x00007ffe39152000 	C:\WINDOWS\system32\baiducnTSF.dll
0x00007ffe433f0000 - 0x00007ffe43b32000 	C:\WINDOWS\System32\SHELL32.dll
0x00007ffe41e00000 - 0x00007ffe41f5f000 	C:\WINDOWS\System32\CRYPT32.dll
0x00007ffe42c80000 - 0x00007ffe42c9d000 	C:\WINDOWS\System32\imagehlp.dll
0x00007ffe3f970000 - 0x00007ffe40101000 	C:\WINDOWS\SYSTEM32\windows.storage.dll
0x00007ffe41230000 - 0x00007ffe4125c000 	C:\WINDOWS\System32\Wldp.dll
0x00007ffdfa120000 - 0x00007ffdfa4d0000 	C:\Program Files (x86)\Baidu\BaiduPinyin\5.6.6000.0\UIPFullx64.dll
0x00007ffe39000000 - 0x00007ffe39092000 	C:\Program Files (x86)\Baidu\BaiduPinyin\5.6.6000.0\configurex64.dll
0x00007ffe30650000 - 0x00007ffe306b6000 	C:\WINDOWS\SYSTEM32\OLEACC.dll
0x00007ffe322d0000 - 0x00007ffe322d7000 	C:\WINDOWS\SYSTEM32\MSIMG32.dll
0x00007ffe14ab0000 - 0x00007ffe14c5b000 	C:\WINDOWS\WinSxS\amd64_microsoft.windows.gdiplus_6595b64144ccf1df_1.1.19041.928_none_faefac437613c6cc\gdiplus.dll
0x00007ffe39270000 - 0x00007ffe392c9000 	C:\Program Files (x86)\Baidu\BaiduPinyin\5.6.6000.0\imepngx64.dll
0x00007ffe37b60000 - 0x00007ffe37c4f000 	C:\Program Files (x86)\Baidu\BaiduPinyin\5.6.6000.0\imefreetypex64.dll
0x00007ffe24200000 - 0x00007ffe24218000 	C:\WINDOWS\SYSTEM32\NETAPI32.dll
0x00007ffe3a050000 - 0x00007ffe3a08a000 	C:\Program Files (x86)\Baidu\BaiduPinyin\5.6.6000.0\imezlibx64.dll
0x00007ffe41720000 - 0x00007ffe41751000 	C:\WINDOWS\SYSTEM32\SspiCli.dll
0x00007ffe29330000 - 0x00007ffe293d8000 	C:\Windows\System32\twinapi.dll
0x00007ffe3b450000 - 0x00007ffe3b651000 	C:\Windows\System32\twinapi.appcore.dll
0x0000000016dd0000 - 0x0000000016e77000 	C:\Users\jia\.idl\idlworkbench-config-idl8.3.0_x86_64\org.eclipse.osgi\bundles\530\1\.cp\swt-win32-3740.dll
0x00007ffe43ea0000 - 0x00007ffe43f7a000 	C:\WINDOWS\System32\comdlg32.dll
0x00007ffe2e500000 - 0x00007ffe2e9dd000 	C:\WINDOWS\SYSTEM32\WININET.dll
0x00007ffe3a280000 - 0x00007ffe3a299000 	C:\WINDOWS\SYSTEM32\USP10.dll
0x00007ffe267d0000 - 0x00007ffe2685e000 	C:\WINDOWS\SYSTEM32\WINSPOOL.DRV
0x00007ffe3d090000 - 0x00007ffe3d187000 	C:\WINDOWS\SYSTEM32\propsys.dll
0x00007ffe13080000 - 0x00007ffe131fe000 	C:\Windows\System32\TaskFlowDataEngine.dll
0x00007ffe1b0c0000 - 0x00007ffe1b561000 	C:\Windows\System32\cdp.dll
0x00007ffe41c00000 - 0x00007ffe41c4e000 	C:\WINDOWS\System32\cfgmgr32.dll
0x00007ffe415d0000 - 0x00007ffe415e2000 	C:\Windows\System32\UMPDC.dll
0x00007ffe3d250000 - 0x00007ffe3d38b000 	C:\Windows\System32\dsreg.dll
0x00007ffe40970000 - 0x00007ffe409fa000 	C:\Windows\System32\msvcp110_win.dll
0x00007ffe17060000 - 0x00007ffe170dd000 	C:\Windows\System32\OneCoreCommonProxyStub.dll
0x0000000016eb0000 - 0x0000000016ece000 	C:\Users\jia\.idl\idlworkbench-config-idl8.3.0_x86_64\org.eclipse.osgi\bundles\530\1\.cp\swt-gdip-win32-3740.dll
0x00007ffe3b780000 - 0x00007ffe3b934000 	C:\WINDOWS\SYSTEM32\WindowsCodecs.dll
0x0000000180000000 - 0x0000000180011000 	C:\Users\jia\.idl\idlworkbench-config-idl8.3.0_x86_64\org.eclipse.osgi\bundles\183\1\.cp\os\win32\x86_64\localfile_1_0_0.dll
0x00007ffe098a0000 - 0x00007ffe098ed000 	C:\Program Files\Exelis\IDL83\bin\bin.x86_64\idl_ips.dll
0x00007ffdde730000 - 0x00007ffddf48d000 	C:\Program Files\Exelis\IDL83\bin\bin.x86_64\idl.dll
0x00007ffe26220000 - 0x00007ffe26243000 	C:\Program Files\Exelis\IDL83\bin\bin.x86_64\UG3220.dll
0x00007ffdf8fe0000 - 0x00007ffdf903c000 	C:\Program Files\Exelis\IDL83\bin\bin.x86_64\MesaGLU6_2.dll
0x00007ffdf1ae0000 - 0x00007ffdf1c6e000 	C:\Program Files\Exelis\IDL83\bin\bin.x86_64\MesaGL6_2.dll
0x00007ffe3a240000 - 0x00007ffe3a24c000 	C:\Program Files\Exelis\IDL83\bin\bin.x86_64\osmesa6_2.dll
0x00007ffdf1db0000 - 0x00007ffdf1e2c000 	C:\Program Files\Exelis\IDL83\bin\bin.x86_64\freetype2_4_7.dll
0x00007ffe3b1b0000 - 0x00007ffe3b1ee000 	C:\WINDOWS\System32\netprofm.dll
0x00007ffe37e90000 - 0x00007ffe37ea0000 	C:\WINDOWS\System32\npmproxy.dll
0x00007ffe388b0000 - 0x00007ffe388c7000 	C:\WINDOWS\SYSTEM32\dhcpcsvc6.DLL
0x00007ffe38930000 - 0x00007ffe3894d000 	C:\WINDOWS\SYSTEM32\dhcpcsvc.DLL
0x0000000019320000 - 0x000000001960b000 	C:\WINDOWS\system32\spool\DRIVERS\x64\3\hp1100su.dll
0x0000000019610000 - 0x0000000019715000 	C:\WINDOWS\system32\spool\DRIVERS\x64\3\HP1100GC.dll
0x00000000197f0000 - 0x000000001984f000 	C:\WINDOWS\system32\spool\DRIVERS\x64\3\hp1100sd.dll
0x00007ffe28840000 - 0x00007ffe28966000 	C:\WINDOWS\SYSTEM32\OpenGL32.DLL
0x00007ffe38bd0000 - 0x00007ffe38bfc000 	C:\WINDOWS\SYSTEM32\GLU32.dll
0x00007ffdf8fa0000 - 0x00007ffdf8fde000 	C:\Program Files\Exelis\IDL83\bin\bin.x86_64\gl_driver.dll
0x0000000018b00000 - 0x0000000018b03000 	C:\WINDOWS\SYSTEM32\icmp.Dll
0x00007ffe12470000 - 0x00007ffe1251c000 	C:\WINDOWS\SYSTEM32\TextShaping.dll
0x00007ffe13700000 - 0x00007ffe13921000 	C:\WINDOWS\system32\explorerframe.dll
0x00007ffe31090000 - 0x00007ffe310ce000 	C:\WINDOWS\system32\dataexchange.dll
0x00007ffe3d950000 - 0x00007ffe3dbb4000 	C:\WINDOWS\system32\d3d11.dll
0x00007ffe3e180000 - 0x00007ffe3e365000 	C:\WINDOWS\system32\dcomp.dll
0x00007ffe40170000 - 0x00007ffe40263000 	C:\WINDOWS\system32\dxgi.dll
0x00007ffe121c0000 - 0x00007ffe12202000 	C:\WINDOWS\system32\mlang.dll
0x00007ffe41640000 - 0x00007ffe416e2000 	C:\WINDOWS\SYSTEM32\sxs.dll
0x00007ffe2ebd0000 - 0x00007ffe2ebe1000 	C:\Users\jia\.idl\idlworkbench-config-idl8.3.0_x86_64\org.eclipse.osgi\bundles\208\1\.cp\jWinHttp-1.0.0.dll
0x00007ffe3bd90000 - 0x00007ffe3be9b000 	C:\WINDOWS\SYSTEM32\WINHTTP.dll
0x00007ffe2ffa0000 - 0x00007ffe30006000 	C:\Windows\System32\thumbcache.dll
0x00007ffe2ac20000 - 0x00007ffe2ac2c000 	C:\WINDOWS\SYSTEM32\Secur32.dll
0x00007ffe38860000 - 0x00007ffe38879000 	C:\WINDOWS\SYSTEM32\samcli.dll

VM Arguments:
jvm_args: -Dosgi.instance.area.default=@user.home/IDLWorkspace83 -Dosgi.configuration.area=@user.home/.idl/idlworkbench-config-idl8.3.0_x86_64 -Dosgi.configuration.cascaded=true -Dosgi.checkConfiguration=true -Dosgi.sharedConfiguration.area.readOnly=true -Dorg.eclipse.update.reconcile=false -Declipse.p2.data.area=@config.dir/p2 -Dosgi.sharedConfiguration.area=C:\Program Files\Exelis\IDL83\bin\bin.x86_64/configuration 
java_command: <unknown>
Launcher Type: generic

Environment Variables:
PATH=C:/Program Files/Exelis/IDL83/bin/bin.x86_64/jre/bin/server;C:/Program Files/Exelis/IDL83/bin/bin.x86_64/jre/bin;C:/Program Files/Exelis/IDL83/bin/bin.x86_64/jre/lib/amd64;C:\Program Files\Exelis\IDL83\bin\bin.x86_64\;C:\D_drive\Anaconda3\Anaconda\envs\AIMIS3D;C:\D_drive\Anaconda3\Anaconda\envs\AIMIS3D\Scripts;C:\D_drive\Anaconda3\Anaconda\envs\AIMIS3D\Library\bin;C:\D_drive\Anaconda3\Anaconda\envs\AIMIS3D\Library\mingw-w64\bin;C:\D_drive\Anaconda3\Anaconda\Scripts;C:\Program Files\Exelis\IDL85\bin\bin.x86_64;C:\Program Files\dotnet\;C:\Program Files\CMake\bin;;C:\WINDOWS\system32;C:\WINDOWS\System32\WindowsPowerShell\v1.0\;C:\WINDOWS\System32\Wbem;C:\Program Files\python;C:\Program Files\python\Scripts;C:\BtSoft\panel\script;C:\Program Files\ITK-SNAP 3.8\bin;C:\WINDOWS;C:\WINDOWS\System32\OpenSSH\;C:\Program Files (x86)\dotnet\;C:\Users\jia\AppData\Local\Microsoft\WindowsApps;;C:\Pycharm\PyCharm Community Edition 2020.1.2\bin;;C:\Users\jia\AppData\Local\Programs\Microsoft VS Code\bin;C:\Program Files\Exelis\IDL83\bin\bin.x86_64;
USERNAME=jia
OS=Windows_NT
PROCESSOR_IDENTIFIER=Intel64 Family 6 Model 126 Stepping 5, GenuineIntel



---------------  S Y S T E M  ---------------

OS: Windows 8 , 64 bit Build 9200 

CPU:total 8 (4 cores per cpu, 2 threads per core) family 6 model 126 stepping 5, cmov, cx8, fxsr, mmx, sse, sse2, sse3, ssse3, sse4.1, sse4.2, popcnt, avx, avx2, ht, tsc, tscinvbit

Memory: 4k page, physical 16353460k(8450480k free), swap 18843828k(4646332k free)

vm_info: Java HotSpot(TM) 64-Bit Server VM (23.25-b01) for windows-amd64 JRE (1.7.0_25-b17), built on Jun 21 2013 12:58:32 by "java_re" with unknown MS VC++:1600

time: Mon Nov 01 23:38:59 2021
elapsed time: 106 seconds

