#
# A fatal error has been detected by the Java Runtime Environment:
#
#  EXCEPTION_ACCESS_VIOLATION (0xc0000005) at pc=0x00007ffe802039d4, pid=17084, tid=10408
#
# JRE version: 7.0_25-b17
# Java VM: Java HotSpot(TM) 64-Bit Server VM (23.25-b01 mixed mode windows-amd64 compressed oops)
# Problematic frame:
# C  [idl.dll+0x4139d4]  IDL_igSrcDestPopContext+0x1044
#
# Failed to write core dump. Minidumps are not enabled by default on client versions of Windows
#
# If you would like to submit a bug report, please visit:
#   http://bugreport.sun.com/bugreport/crash.jsp
# The crash happened outside the Java Virtual Machine in native code.
# See problematic frame for where to report the bug.
#

---------------  T H R E A D  ---------------

Current thread (0x0000000013680800):  JavaThread "IDL" [_thread_in_native, id=10408, stack(0x0000000017ba0000,0x0000000017ca0000)]

siginfo: ExceptionCode=0xc0000005, reading address 0x0000000000000058

Registers:
RAX=0x0000000000000000, RBX=0x0000000019749930, RCX=0x0000000000000000, RDX=0x00000000164a2600
RSP=0x0000000017c934b0, RBP=0x0000000017c935b0, RSI=0x000000001e7b7ec0, RDI=0x0000000017c93540
R8 =0x0000000000000002, R9 =0x0000000000000000, R10=0x00007ffe801eb7a0, R11=0x0000000000000006
R12=0x000000001e7b7f50, R13=0x0000000000000000, R14=0x0000000000000000, R15=0x0000000017030660
RIP=0x00007ffe802039d4, EFLAGS=0x0000000000010206

Top of Stack: (sp=0x0000000017c934b0)
0x0000000017c934b0:   0000000019182ce0 00000000164a2600
0x0000000017c934c0:   0000000000000002 0000000000000000
0x0000000017c934d0:   0000000000000000 0000000000000001
0x0000000017c934e0:   0000000017c93520 0000000000000000
0x0000000017c934f0:   0000000000000000 00007fff00000000
0x0000000017c93500:   0000000000000000 0000000000000000
0x0000000017c93510:   0000000017c94160 0000000000000001
0x0000000017c93520:   0000000017c93558 0000000000000000
0x0000000017c93530:   0000000000000000 ffffffff00000000
0x0000000017c93540:   0000000000000000 00000000000069fc
0x0000000017c93550:   0000000000000000 000000000000010b
0x0000000017c93560:   00000000000069f9 0000000000000000
0x0000000017c93570:   0000000000000001 0000000035011764
0x0000000017c93580:   0000000000000002 0000000080000010
0x0000000017c93590:   0000000000000000 00007fff17266b19
0x0000000017c935a0:   0000000000000000 000000001f9a05a0 

Instructions: (pc=0x00007ffe802039d4)
0x00007ffe802039b4:   41 02 e8 e5 4a cb ff 48 8b c8 48 8b 46 20 48 03
0x00007ffe802039c4:   48 18 48 8b 81 c8 00 00 00 48 8b 89 d0 00 00 00
0x00007ffe802039d4:   ff 50 58 45 33 c0 33 d2 48 8b cb e8 5c f8 ff ff
0x00007ffe802039e4:   85 c0 0f 84 d4 fe ff ff 83 7c 24 7c 00 74 28 48 


Register to memory mapping:

RAX=0x0000000000000000 is an unknown value
RBX=0x0000000019749930 is an unknown value
RCX=0x0000000000000000 is an unknown value
RDX=0x00000000164a2600 is an unknown value
RSP=0x0000000017c934b0 is pointing into the stack for thread: 0x0000000013680800
RBP=0x0000000017c935b0 is pointing into the stack for thread: 0x0000000013680800
RSI=0x000000001e7b7ec0 is an unknown value
RDI=0x0000000017c93540 is pointing into the stack for thread: 0x0000000013680800
R8 =0x0000000000000002 is an unknown value
R9 =0x0000000000000000 is an unknown value
R10=0x00007ffe801eb7a0 is an unknown value
R11=0x0000000000000006 is an unknown value
R12=0x000000001e7b7f50 is an unknown value
R13=0x0000000000000000 is an unknown value
R14=0x0000000000000000 is an unknown value
R15=0x0000000017030660 is an unknown value


Stack: [0x0000000017ba0000,0x0000000017ca0000],  sp=0x0000000017c934b0,  free space=973k
Native frames: (J=compiled Java code, j=interpreted, Vv=VM code, C=native code)
C  [idl.dll+0x4139d4]  IDL_igSrcDestPopContext+0x1044

Java frames: (J=compiled Java code, j=interpreted, Vv=VM code)
j  com.rsi.idldt.core.ips.IPS_Access.IPS_Start([Ljava/lang/String;)V+0
j  com.rsi.idldt.core.ips.IPS_Manager$2.run()V+15
j  java.lang.Thread.run()V+11
v  ~StubRoutines::call_stub

---------------  P R O C E S S  ---------------

Java Threads: ( => current thread )
  0x00000000166b9000 JavaThread "Worker-19" [_thread_blocked, id=10060, stack(0x0000000042b10000,0x0000000042c10000)]
  0x00000000166af800 JavaThread "Thread-209" [_thread_in_native, id=9144, stack(0x0000000042a10000,0x0000000042b10000)]
  0x00000000166b6800 JavaThread "Thread-208" [_thread_in_native, id=13628, stack(0x000000003d110000,0x000000003d210000)]
  0x00000000166b5000 JavaThread "Worker-18" [_thread_blocked, id=17980, stack(0x000000003d010000,0x000000003d110000)]
  0x00000000166b3800 JavaThread "Worker-17" [_thread_blocked, id=10044, stack(0x0000000017370000,0x0000000017470000)]
  0x00000000166b2800 JavaThread "Worker-15" [_thread_blocked, id=18928, stack(0x000000001a060000,0x000000001a160000)]
  0x00000000166b4000 JavaThread "Worker-14" [_thread_blocked, id=12244, stack(0x0000000019e20000,0x0000000019f20000)]
  0x0000000015722000 JavaThread "Worker-6" [_thread_blocked, id=11228, stack(0x0000000017ee0000,0x0000000017fe0000)]
  0x0000000015729800 JavaThread "Timer-2" daemon [_thread_blocked, id=7160, stack(0x000000001de20000,0x000000001df20000)]
  0x0000000015721800 JavaThread "Timer-1" daemon [_thread_blocked, id=17100, stack(0x000000001d990000,0x000000001da90000)]
  0x0000000015728000 JavaThread "Thread-14" [_thread_in_native, id=11472, stack(0x000000001d760000,0x000000001d860000)]
  0x0000000015726000 JavaThread "IDLDT DOM Worker-7" [_thread_blocked, id=10576, stack(0x000000001d380000,0x000000001d480000)]
  0x0000000015724800 JavaThread "IDLDT DOM Worker-6" [_thread_blocked, id=14572, stack(0x000000001d280000,0x000000001d380000)]
  0x0000000015727800 JavaThread "IDLDT DOM Worker-5" [_thread_blocked, id=12548, stack(0x000000001d180000,0x000000001d280000)]
  0x0000000015723000 JavaThread "IDLDT DOM Worker-4" [_thread_blocked, id=10164, stack(0x000000001d080000,0x000000001d180000)]
  0x0000000015726800 JavaThread "IDLDT DOM Worker-3" [_thread_blocked, id=10444, stack(0x000000001cf80000,0x000000001d080000)]
  0x0000000013683000 JavaThread "IDLDT DOM Worker-2" [_thread_blocked, id=8932, stack(0x000000001ce80000,0x000000001cf80000)]
  0x0000000013682000 JavaThread "IDLDT DOM Worker-1" [_thread_blocked, id=7228, stack(0x000000001cd80000,0x000000001ce80000)]
  0x0000000013684800 JavaThread "IDLDT DOM Worker-0" [_thread_blocked, id=13844, stack(0x000000001cc80000,0x000000001cd80000)]
  0x0000000013683800 JavaThread "Timer-0" daemon [_thread_blocked, id=13084, stack(0x0000000019f60000,0x000000001a060000)]
=>0x0000000013680800 JavaThread "IDL" [_thread_in_native, id=10408, stack(0x0000000017ba0000,0x0000000017ca0000)]
  0x0000000013680000 JavaThread "IDLToJava Broker" daemon [_thread_blocked, id=13644, stack(0x0000000017aa0000,0x0000000017ba0000)]
  0x00000000150ab800 JavaThread "Provisioning Event Dispatcher" daemon [_thread_blocked, id=8624, stack(0x0000000016150000,0x0000000016250000)]
  0x00000000150aa800 JavaThread "[ThreadPool Manager] - Idle Thread" daemon [_thread_blocked, id=9768, stack(0x0000000015f50000,0x0000000016050000)]
  0x00000000150af000 JavaThread "Bundle File Closer" daemon [_thread_blocked, id=18664, stack(0x0000000015ba0000,0x0000000015ca0000)]
  0x00000000150ae800 JavaThread "Worker-JM" [_thread_blocked, id=16000, stack(0x0000000015e50000,0x0000000015f50000)]
  0x00000000150ad800 JavaThread "[Timer] - Main Queue Handler" daemon [_thread_blocked, id=9744, stack(0x0000000015ca0000,0x0000000015da0000)]
  0x00000000150ac000 JavaThread "Framework Event Dispatcher" daemon [_thread_blocked, id=4856, stack(0x0000000015aa0000,0x0000000015ba0000)]
  0x00000000150aa000 JavaThread "Start Level Event Dispatcher" daemon [_thread_blocked, id=15112, stack(0x00000000159a0000,0x0000000015aa0000)]
  0x00000000150ad000 JavaThread "State Data Manager" daemon [_thread_blocked, id=15032, stack(0x00000000158a0000,0x00000000159a0000)]
  0x00000000150a9000 JavaThread "Framework Active Thread" [_thread_blocked, id=12920, stack(0x00000000145a0000,0x00000000146a0000)]
  0x0000000011043800 JavaThread "Service Thread" daemon [_thread_blocked, id=13940, stack(0x0000000013410000,0x0000000013510000)]
  0x000000001103e800 JavaThread "C2 CompilerThread1" daemon [_thread_in_native, id=14664, stack(0x0000000013310000,0x0000000013410000)]
  0x000000001103c800 JavaThread "C2 CompilerThread0" daemon [_thread_blocked, id=11640, stack(0x0000000013210000,0x0000000013310000)]
  0x000000001103b800 JavaThread "Attach Listener" daemon [_thread_blocked, id=14880, stack(0x0000000013110000,0x0000000013210000)]
  0x0000000011037000 JavaThread "Signal Dispatcher" daemon [_thread_blocked, id=14388, stack(0x0000000013010000,0x0000000013110000)]
  0x0000000010fa9800 JavaThread "Finalizer" daemon [_thread_blocked, id=13436, stack(0x0000000012f10000,0x0000000013010000)]
  0x0000000010fa8800 JavaThread "Reference Handler" daemon [_thread_blocked, id=12696, stack(0x0000000012e10000,0x0000000012f10000)]
  0x00000000025fe800 JavaThread "main" [_thread_in_native, id=14348, stack(0x0000000000050000,0x0000000000150000)]

Other Threads:
  0x0000000010fa4000 VMThread [stack: 0x0000000012d10000,0x0000000012e10000] [id=11132]
  0x0000000013528800 WatcherThread [stack: 0x0000000013910000,0x0000000013a10000] [id=18868]

VM state:not at safepoint (normal execution)

VM Mutex/Monitor currently owned by a thread:  ([mutex/lock_event])
[0x00000000025fb880] CompiledIC_lock - owner thread: 0x0000000000000000

Heap
 PSYoungGen      total 68608K, used 30551K [0x00000007ab800000, 0x00000007b2060000, 0x0000000800000000)
  eden space 64512K, 41% used [0x00000007ab800000,0x00000007ad1e4548,0x00000007af700000)
  from space 4096K, 98% used [0x00000007af8a0000,0x00000007afc918b8,0x00000007afca0000)
  to   space 21184K, 0% used [0x00000007b0bb0000,0x00000007b0bb0000,0x00000007b2060000)
 ParOldGen       total 173056K, used 103329K [0x0000000702800000, 0x000000070d100000, 0x00000007ab800000)
  object space 173056K, 59% used [0x0000000702800000,0x0000000708ce8578,0x000000070d100000)
 PSPermGen       total 79680K, used 47682K [0x00000006fd600000, 0x00000007023d0000, 0x0000000702800000)
  object space 79680K, 59% used [0x00000006fd600000,0x0000000700490a98,0x00000007023d0000)

Card table byte_map: [0x0000000005700000,0x0000000005f20000] byte_map_base: 0x0000000001f15000

Polling page: 0x0000000002500000

Code Cache  [0x0000000002700000, 0x0000000002d90000, 0x0000000005700000)
 total_blobs=2516 nmethods=1855 adapters=609 free_code_cache=42576Kb largest_free_block=43473152

Compilation events (10 events):
Event: 766.910 Thread 0x000000001103c800 nmethod 2107 0x0000000002cfb590 code [0x0000000002cfb6c0, 0x0000000002cfb738]
Event: 766.910 Thread 0x000000001103c800 2108             com.rsi.idldt.core.ips.debugmodel.IDLVariable::setParent (6 bytes)
Event: 766.911 Thread 0x000000001103c800 nmethod 2108 0x0000000002cfb850 code [0x0000000002cfb980, 0x0000000002cfb9f8]
Event: 766.911 Thread 0x000000001103e800 nmethod 2106 0x0000000002d81cd0 code [0x0000000002d81ec0, 0x0000000002d82b00]
Event: 766.911 Thread 0x000000001103e800 2109             java.lang.StringBuilder::append (8 bytes)
Event: 766.911 Thread 0x000000001103e800 nmethod 2109 0x0000000002c198d0 code [0x0000000002c19a20, 0x0000000002c19b28]
Event: 767.014 Thread 0x000000001103c800 2110             org.eclipse.swt.internal.win32.TVITEM::<init> (5 bytes)
Event: 767.014 Thread 0x000000001103c800 nmethod 2110 0x0000000002ca74d0 code [0x0000000002ca7600, 0x0000000002ca7658]
Event: 767.099 Thread 0x000000001103e800 2111             org.eclipse.swt.widgets.Composite::_getChildren (131 bytes)
Event: 767.103 Thread 0x000000001103e800 nmethod 2111 0x0000000002cfc390 code [0x0000000002cfc540, 0x0000000002cfcb20]

GC Heap History (10 events):
Event: 697.861 GC heap before
{Heap before GC invocations=69 (full 8):
 PSYoungGen      total 71744K, used 192K [0x00000007ab800000, 0x00000007b2b40000, 0x0000000800000000)
  eden space 71552K, 0% used [0x00000007ab800000,0x00000007ab800000,0x00000007afde0000)
  from space 192K, 100% used [0x00000007afde0000,0x00000007afe10000,0x00000007afe10000)
  to   space 23232K, 0% used [0x00000007b1490000,0x00000007b1490000,0x00000007b2b40000)
 ParOldGen       total 173056K, used 87051K [0x0000000702800000, 0x000000070d100000, 0x00000007ab800000)
  object space 173056K, 50% used [0x0000000702800000,0x0000000707d02ff8,0x000000070d100000)
 PSPermGen       total 83968K, used 47612K [0x00000006fd600000, 0x0000000702800000, 0x0000000702800000)
  object space 83968K, 56% used [0x00000006fd600000,0x000000070047f208,0x0000000702800000)
Event: 697.982 GC heap after
Heap after GC invocations=69 (full 8):
 PSYoungGen      total 71744K, used 0K [0x00000007ab800000, 0x00000007b2b40000, 0x0000000800000000)
  eden space 71552K, 0% used [0x00000007ab800000,0x00000007ab800000,0x00000007afde0000)
  from space 192K, 0% used [0x00000007afde0000,0x00000007afde0000,0x00000007afe10000)
  to   space 23232K, 0% used [0x00000007b1490000,0x00000007b1490000,0x00000007b2b40000)
 ParOldGen       total 173056K, used 87049K [0x0000000702800000, 0x000000070d100000, 0x00000007ab800000)
  object space 173056K, 50% used [0x0000000702800000,0x0000000707d026f8,0x000000070d100000)
 PSPermGen       total 79680K, used 47612K [0x00000006fd600000, 0x00000007023d0000, 0x0000000702800000)
  object space 79680K, 59% used [0x00000006fd600000,0x000000070047f208,0x00000007023d0000)
}
Event: 759.629 GC heap before
{Heap before GC invocations=70 (full 8):
 PSYoungGen      total 71744K, used 71552K [0x00000007ab800000, 0x00000007b2b40000, 0x0000000800000000)
  eden space 71552K, 100% used [0x00000007ab800000,0x00000007afde0000,0x00000007afde0000)
  from space 192K, 0% used [0x00000007afde0000,0x00000007afde0000,0x00000007afe10000)
  to   space 23232K, 0% used [0x00000007b1490000,0x00000007b1490000,0x00000007b2b40000)
 ParOldGen       total 173056K, used 87049K [0x0000000702800000, 0x000000070d100000, 0x00000007ab800000)
  object space 173056K, 50% used [0x0000000702800000,0x0000000707d026f8,0x000000070d100000)
 PSPermGen       total 79680K, used 47664K [0x00000006fd600000, 0x00000007023d0000, 0x0000000702800000)
  object space 79680K, 59% used [0x00000006fd600000,0x000000070048c190,0x00000007023d0000)
Event: 759.633 GC heap after
Heap after GC invocations=70 (full 8):
 PSYoungGen      total 87872K, used 6620K [0x00000007ab800000, 0x00000007b2650000, 0x0000000800000000)
  eden space 69696K, 0% used [0x00000007ab800000,0x00000007ab800000,0x00000007afc10000)
  from space 18176K, 36% used [0x00000007b1490000,0x00000007b1b07318,0x00000007b2650000)
  to   space 21632K, 0% used [0x00000007afc10000,0x00000007afc10000,0x00000007b1130000)
 ParOldGen       total 173056K, used 87049K [0x0000000702800000, 0x000000070d100000, 0x00000007ab800000)
  object space 173056K, 50% used [0x0000000702800000,0x0000000707d026f8,0x000000070d100000)
 PSPermGen       total 79680K, used 47664K [0x00000006fd600000, 0x00000007023d0000, 0x0000000702800000)
  object space 79680K, 59% used [0x00000006fd600000,0x000000070048c190,0x00000007023d0000)
}
Event: 760.137 GC heap before
{Heap before GC invocations=71 (full 8):
 PSYoungGen      total 87872K, used 76316K [0x00000007ab800000, 0x00000007b2650000, 0x0000000800000000)
  eden space 69696K, 100% used [0x00000007ab800000,0x00000007afc10000,0x00000007afc10000)
  from space 18176K, 36% used [0x00000007b1490000,0x00000007b1b07318,0x00000007b2650000)
  to   space 21632K, 0% used [0x00000007afc10000,0x00000007afc10000,0x00000007b1130000)
 ParOldGen       total 173056K, used 87049K [0x0000000702800000, 0x000000070d100000, 0x00000007ab800000)
  object space 173056K, 50% used [0x0000000702800000,0x0000000707d026f8,0x000000070d100000)
 PSPermGen       total 79680K, used 47666K [0x00000006fd600000, 0x00000007023d0000, 0x0000000702800000)
  object space 79680K, 59% used [0x00000006fd600000,0x000000070048c9c0,0x00000007023d0000)
Event: 760.141 GC heap after
Heap after GC invocations=71 (full 8):
 PSYoungGen      total 75456K, used 7530K [0x00000007ab800000, 0x00000007b2230000, 0x0000000800000000)
  eden space 67904K, 0% used [0x00000007ab800000,0x00000007ab800000,0x00000007afa50000)
  from space 7552K, 99% used [0x00000007afc10000,0x00000007b036a818,0x00000007b0370000)
  to   space 20416K, 0% used [0x00000007b0e40000,0x00000007b0e40000,0x00000007b2230000)
 ParOldGen       total 173056K, used 93123K [0x0000000702800000, 0x000000070d100000, 0x00000007ab800000)
  object space 173056K, 53% used [0x0000000702800000,0x00000007082f0d28,0x000000070d100000)
 PSPermGen       total 79680K, used 47666K [0x00000006fd600000, 0x00000007023d0000, 0x0000000702800000)
  object space 79680K, 59% used [0x00000006fd600000,0x000000070048c9c0,0x00000007023d0000)
}
Event: 760.655 GC heap before
{Heap before GC invocations=72 (full 8):
 PSYoungGen      total 75456K, used 75434K [0x00000007ab800000, 0x00000007b2230000, 0x0000000800000000)
  eden space 67904K, 100% used [0x00000007ab800000,0x00000007afa50000,0x00000007afa50000)
  from space 7552K, 99% used [0x00000007afc10000,0x00000007b036a818,0x00000007b0370000)
  to   space 20416K, 0% used [0x00000007b0e40000,0x00000007b0e40000,0x00000007b2230000)
 ParOldGen       total 173056K, used 93123K [0x0000000702800000, 0x000000070d100000, 0x00000007ab800000)
  object space 173056K, 53% used [0x0000000702800000,0x00000007082f0d28,0x000000070d100000)
 PSPermGen       total 79680K, used 47666K [0x00000006fd600000, 0x00000007023d0000, 0x0000000702800000)
  object space 79680K, 59% used [0x00000006fd600000,0x000000070048c9c0,0x00000007023d0000)
Event: 760.659 GC heap after
Heap after GC invocations=72 (full 8):
 PSYoungGen      total 86592K, used 14746K [0x00000007ab800000, 0x00000007b2380000, 0x0000000800000000)
  eden space 66176K, 0% used [0x00000007ab800000,0x00000007ab800000,0x00000007af8a0000)
  from space 20416K, 72% used [0x00000007b0e40000,0x00000007b1ca68a0,0x00000007b2230000)
  to   space 21952K, 0% used [0x00000007af8a0000,0x00000007af8a0000,0x00000007b0e10000)
 ParOldGen       total 173056K, used 99613K [0x0000000702800000, 0x000000070d100000, 0x00000007ab800000)
  object space 173056K, 57% used [0x0000000702800000,0x0000000708947468,0x000000070d100000)
 PSPermGen       total 79680K, used 47666K [0x00000006fd600000, 0x00000007023d0000, 0x0000000702800000)
  object space 79680K, 59% used [0x00000006fd600000,0x000000070048c9c0,0x00000007023d0000)
}
Event: 763.530 GC heap before
{Heap before GC invocations=73 (full 8):
 PSYoungGen      total 86592K, used 80922K [0x00000007ab800000, 0x00000007b2380000, 0x0000000800000000)
  eden space 66176K, 100% used [0x00000007ab800000,0x00000007af8a0000,0x00000007af8a0000)
  from space 20416K, 72% used [0x00000007b0e40000,0x00000007b1ca68a0,0x00000007b2230000)
  to   space 21952K, 0% used [0x00000007af8a0000,0x00000007af8a0000,0x00000007b0e10000)
 ParOldGen       total 173056K, used 99613K [0x0000000702800000, 0x000000070d100000, 0x00000007ab800000)
  object space 173056K, 57% used [0x0000000702800000,0x0000000708947468,0x000000070d100000)
 PSPermGen       total 79680K, used 47672K [0x00000006fd600000, 0x00000007023d0000, 0x0000000702800000)
  object space 79680K, 59% used [0x00000006fd600000,0x000000070048e050,0x00000007023d0000)
Event: 763.533 GC heap after
Heap after GC invocations=73 (full 8):
 PSYoungGen      total 68608K, used 4038K [0x00000007ab800000, 0x00000007b2060000, 0x0000000800000000)
  eden space 64512K, 0% used [0x00000007ab800000,0x00000007ab800000,0x00000007af700000)
  from space 4096K, 98% used [0x00000007af8a0000,0x00000007afc918b8,0x00000007afca0000)
  to   space 21184K, 0% used [0x00000007b0bb0000,0x00000007b0bb0000,0x00000007b2060000)
 ParOldGen       total 173056K, used 103329K [0x0000000702800000, 0x000000070d100000, 0x00000007ab800000)
  object space 173056K, 59% used [0x0000000702800000,0x0000000708ce8578,0x000000070d100000)
 PSPermGen       total 79680K, used 47672K [0x00000006fd600000, 0x00000007023d0000, 0x0000000702800000)
  object space 79680K, 59% used [0x00000006fd600000,0x000000070048e050,0x00000007023d0000)
}

Deoptimization events (10 events):
Event: 583.544 Thread 0x00000000025fe800 Uncommon trap -58 fr.pc 0x0000000002d30580
Event: 583.544 Thread 0x00000000025fe800 Uncommon trap -83 fr.pc 0x0000000002d021c0
Event: 583.544 Thread 0x00000000025fe800 Uncommon trap -83 fr.pc 0x0000000002bf94d4
Event: 583.544 Thread 0x00000000025fe800 Uncommon trap -83 fr.pc 0x0000000002c003f8
Event: 583.544 Thread 0x00000000025fe800 Uncommon trap -83 fr.pc 0x0000000002bfabd4
Event: 583.545 Thread 0x00000000025fe800 Uncommon trap -83 fr.pc 0x0000000002c048fc
Event: 758.837 Thread 0x00000000025fe800 Uncommon trap -34 fr.pc 0x0000000002bd71d0
Event: 758.846 Thread 0x00000000025fe800 Uncommon trap -34 fr.pc 0x0000000002bd71d0
Event: 758.847 Thread 0x00000000025fe800 Uncommon trap -34 fr.pc 0x0000000002bd71d0
Event: 758.847 Thread 0x00000000025fe800 Uncommon trap -34 fr.pc 0x0000000002bd71d0

Internal exceptions (10 events):
Event: 267.295 Thread 0x00000000025fe800 Implicit null exception at 0x0000000002c64f54 to 0x0000000002c65445
Event: 320.730 Thread 0x00000000025fe800 Implicit null exception at 0x0000000002c66811 to 0x0000000002c6687a
Event: 320.771 Thread 0x00000000025fe800 Implicit null exception at 0x0000000002bbd810 to 0x0000000002bbdacd
Event: 320.771 Thread 0x00000000025fe800 Implicit null exception at 0x0000000002b5fac0 to 0x0000000002b5fd6d
Event: 468.291 Thread 0x00000000166b7800 Implicit null exception at 0x0000000002a968e0 to 0x0000000002a97e05
Event: 583.544 Thread 0x00000000025fe800 Implicit null exception at 0x0000000002cffedd to 0x0000000002d020cd
Event: 583.544 Thread 0x00000000025fe800 Implicit null exception at 0x0000000002bf927c to 0x0000000002bf94c5
Event: 583.544 Thread 0x00000000025fe800 Implicit null exception at 0x0000000002bff6ec to 0x0000000002c003a5
Event: 583.544 Thread 0x00000000025fe800 Implicit null exception at 0x0000000002bfa6b2 to 0x0000000002bfabb1
Event: 583.544 Thread 0x00000000025fe800 Implicit null exception at 0x0000000002c043fb to 0x0000000002c048cd

Events (10 events):
Event: 767.265 Thread 0x00000000166be000 Thread exited: 0x00000000166be000
Event: 767.269 Executing VM operation: RevokeBias
Event: 767.270 Executing VM operation: RevokeBias done
Event: 767.295 Executing VM operation: RevokeBias
Event: 767.295 Executing VM operation: RevokeBias done
Event: 767.340 Executing VM operation: RevokeBias
Event: 767.340 Executing VM operation: RevokeBias done
Event: 767.340 Executing VM operation: RevokeBias
Event: 767.340 Executing VM operation: RevokeBias done
Event: 767.398 Thread 0x00000000166b2000 Thread exited: 0x00000000166b2000


Dynamic libraries:
0x0000000000400000 - 0x000000000040e000 	C:\Program Files\Exelis\IDL83\bin\bin.x86_64\idlde.exe
0x00007fff197b0000 - 0x00007fff199c7000 	C:\WINDOWS\SYSTEM32\ntdll.dll
0x00007fff180d0000 - 0x00007fff18194000 	C:\WINDOWS\System32\KERNEL32.DLL
0x00007fff16ad0000 - 0x00007fff16e7d000 	C:\WINDOWS\System32\KERNELBASE.dll
0x00007fff0d470000 - 0x00007fff0d507000 	C:\WINDOWS\SYSTEM32\apphelp.dll
0x00007fff18480000 - 0x00007fff1862e000 	C:\WINDOWS\System32\USER32.dll
0x00007fff16f90000 - 0x00007fff16fb6000 	C:\WINDOWS\System32\win32u.dll
0x00007fff192d0000 - 0x00007fff192f9000 	C:\WINDOWS\System32\GDI32.dll
0x00007fff17250000 - 0x00007fff17369000 	C:\WINDOWS\System32\gdi32full.dll
0x00007fff16ef0000 - 0x00007fff16f8a000 	C:\WINDOWS\System32\msvcp_win.dll
0x00007fff16ff0000 - 0x00007fff17101000 	C:\WINDOWS\System32\ucrtbase.dll
0x00007fff17e00000 - 0x00007fff17ea7000 	C:\WINDOWS\System32\msvcrt.dll
0x00007ffefe070000 - 0x00007ffefe303000 	C:\WINDOWS\WinSxS\amd64_microsoft.windows.common-controls_6595b64144ccf1df_6.0.22621.3672_none_2713b9d173822955\COMCTL32.dll
0x00007fff18730000 - 0x00007fff18761000 	C:\WINDOWS\System32\IMM32.DLL
0x0000000072000000 - 0x0000000072012000 	C:\Program Files\Exelis\IDL83\bin\bin.x86_64\plugins\org.eclipse.equinox.launcher.win32.win32.x86_64_1.1.100.v20110502\eclipse_1406.dll
0x00007fff174e0000 - 0x00007fff17592000 	C:\WINDOWS\System32\ADVAPI32.dll
0x00007fff187f0000 - 0x00007fff18899000 	C:\WINDOWS\System32\sechost.dll
0x00007fff16fc0000 - 0x00007fff16fe8000 	C:\WINDOWS\System32\bcrypt.dll
0x00007fff181b0000 - 0x00007fff182c4000 	C:\WINDOWS\System32\RPCRT4.dll
0x00007fff10830000 - 0x00007fff1083a000 	C:\WINDOWS\SYSTEM32\VERSION.dll
0x000000006dca0000 - 0x000000006e3af000 	C:\Program Files\Exelis\IDL83\bin\bin.x86_64\jre\bin\server\jvm.dll
0x00007fff181a0000 - 0x00007fff181a8000 	C:\WINDOWS\System32\PSAPI.DLL
0x00007ffefde90000 - 0x00007ffefde99000 	C:\WINDOWS\SYSTEM32\WSOCK32.dll
0x00007fff10600000 - 0x00007fff10634000 	C:\WINDOWS\SYSTEM32\WINMM.dll
0x00007fff182d0000 - 0x00007fff18341000 	C:\WINDOWS\System32\WS2_32.dll
0x000000006dbc0000 - 0x000000006dc92000 	C:\WINDOWS\SYSTEM32\MSVCR100.dll
0x000000006dbb0000 - 0x000000006dbbf000 	C:\Program Files\Exelis\IDL83\bin\bin.x86_64\jre\bin\verify.dll
0x000000006db80000 - 0x000000006dba8000 	C:\Program Files\Exelis\IDL83\bin\bin.x86_64\jre\bin\java.dll
0x000000006db60000 - 0x000000006db75000 	C:\Program Files\Exelis\IDL83\bin\bin.x86_64\jre\bin\zip.dll
0x00007fff162b0000 - 0x00007fff162cb000 	C:\WINDOWS\SYSTEM32\CRYPTSP.dll
0x00007fff15b10000 - 0x00007fff15b45000 	C:\WINDOWS\system32\rsaenh.dll
0x00007fff160b0000 - 0x00007fff160d8000 	C:\WINDOWS\SYSTEM32\USERENV.dll
0x00007fff16a00000 - 0x00007fff16a21000 	C:\WINDOWS\SYSTEM32\profapi.dll
0x00007fff171d0000 - 0x00007fff1724b000 	C:\WINDOWS\System32\bcryptprimitives.dll
0x00007fff16210000 - 0x00007fff1621c000 	C:\WINDOWS\SYSTEM32\CRYPTBASE.dll
0x000000006db40000 - 0x000000006db59000 	C:\Program Files\Exelis\IDL83\bin\bin.x86_64\jre\bin\net.dll
0x00007fff16010000 - 0x00007fff16079000 	C:\WINDOWS\system32\mswsock.dll
0x00007fff02620000 - 0x00007fff02637000 	C:\WINDOWS\system32\napinsp.dll
0x00007fff025f0000 - 0x00007fff0260b000 	C:\WINDOWS\system32\pnrpnsp.dll
0x00007fff155e0000 - 0x00007fff156d8000 	C:\WINDOWS\SYSTEM32\DNSAPI.dll
0x00007fff155b0000 - 0x00007fff155dd000 	C:\WINDOWS\SYSTEM32\IPHLPAPI.DLL
0x00007fff17cf0000 - 0x00007fff17cf9000 	C:\WINDOWS\System32\NSI.dll
0x00007fff025d0000 - 0x00007fff025e1000 	C:\WINDOWS\System32\winrnr.dll
0x00007fff10420000 - 0x00007fff10435000 	C:\WINDOWS\system32\wshbth.dll
0x00007fff025a0000 - 0x00007fff025c7000 	C:\WINDOWS\system32\nlansp_c.dll
0x00007fff0ff00000 - 0x00007fff0ff0a000 	C:\Windows\System32\rasadhlp.dll
0x00007fff10c50000 - 0x00007fff10cd3000 	C:\WINDOWS\System32\fwpuclnt.dll
0x000000006db20000 - 0x000000006db31000 	C:\Program Files\Exelis\IDL83\bin\bin.x86_64\jre\bin\nio.dll
0x00007fff13ef0000 - 0x00007fff13fa0000 	C:\WINDOWS\system32\uxtheme.dll
0x00007fff193e0000 - 0x00007fff1976d000 	C:\WINDOWS\System32\combase.dll
0x00007fff17eb0000 - 0x00007fff1800b000 	C:\WINDOWS\System32\MSCTF.dll
0x00007fff15bb0000 - 0x00007fff15bc8000 	C:\WINDOWS\SYSTEM32\kernel.appcore.dll
0x00007ffeef8a0000 - 0x00007ffeef9ee000 	C:\WINDOWS\SYSTEM32\textinputframework.dll
0x00007fff19300000 - 0x00007fff193d7000 	C:\WINDOWS\System32\OLEAUT32.dll
0x00007fff0d2d0000 - 0x00007fff0d403000 	C:\WINDOWS\SYSTEM32\CoreMessaging.dll
0x00007fff0ada0000 - 0x00007fff0b10d000 	C:\WINDOWS\SYSTEM32\CoreUIComponents.dll
0x00007fff148a0000 - 0x00007fff149df000 	C:\WINDOWS\SYSTEM32\wintypes.dll
0x00007ffef9930000 - 0x00007ffef9999000 	C:\WINDOWS\system32\Oleacc.dll
0x00007fff18350000 - 0x00007fff18400000 	C:\WINDOWS\System32\clbcatq.dll
0x00007ffeef850000 - 0x00007ffeef89b000 	C:\WINDOWS\system32\ApplicationTargetedFeatureDatabase.dll
0x00007fff0b660000 - 0x00007fff0b8ea000 	C:\Windows\System32\twinapi.appcore.dll
0x0000000017220000 - 0x00000000172c7000 	C:\Users\77957\.idl\idlworkbench-config-idl8.3.0_x86_64\org.eclipse.osgi\bundles\530\1\.cp\swt-win32-3740.dll
0x00007fff176a0000 - 0x00007fff17845000 	C:\WINDOWS\System32\ole32.dll
0x00007fff175a0000 - 0x00007fff1769f000 	C:\WINDOWS\System32\comdlg32.dll
0x00007fff17d00000 - 0x00007fff17df9000 	C:\WINDOWS\System32\shcore.dll
0x00007fff18770000 - 0x00007fff187ce000 	C:\WINDOWS\System32\SHLWAPI.dll
0x00007fff18a60000 - 0x00007fff192c8000 	C:\WINDOWS\System32\SHELL32.dll
0x00007fff17370000 - 0x00007fff174d7000 	C:\WINDOWS\System32\CRYPT32.dll
0x00007ffefb240000 - 0x00007ffefb2e7000 	C:\WINDOWS\SYSTEM32\WINSPOOL.DRV
0x00007ffef9910000 - 0x00007ffef9929000 	C:\WINDOWS\SYSTEM32\USP10.dll
0x00007ffefd530000 - 0x00007ffefda2e000 	C:\WINDOWS\SYSTEM32\WININET.dll
0x00007fff12a10000 - 0x00007fff12b10000 	C:\WINDOWS\SYSTEM32\propsys.dll
0x00007fff149e0000 - 0x00007fff152de000 	C:\WINDOWS\system32\windows.storage.dll
0x00007ffeacec0000 - 0x00007ffead075000 	C:\Windows\System32\TaskFlowDataEngine.dll
0x00007ffeebab0000 - 0x00007ffeebb60000 	C:\Windows\System32\OneCoreCommonProxyStub.dll
0x00000000174a0000 - 0x00000000174be000 	C:\Users\77957\.idl\idlworkbench-config-idl8.3.0_x86_64\org.eclipse.osgi\bundles\530\1\.cp\swt-gdip-win32-3740.dll
0x00007ffefb2f0000 - 0x00007ffefb4a9000 	C:\WINDOWS\WinSxS\amd64_microsoft.windows.gdiplus_6595b64144ccf1df_1.1.22621.3810_none_57f8d842ce19d879\gdiplus.dll
0x00007fff12e60000 - 0x00007fff13011000 	C:\WINDOWS\SYSTEM32\WindowsCodecs.dll
0x0000000180000000 - 0x0000000180011000 	C:\Users\77957\.idl\idlworkbench-config-idl8.3.0_x86_64\org.eclipse.osgi\bundles\183\1\.cp\os\win32\x86_64\localfile_1_0_0.dll
0x00007fff07e40000 - 0x00007fff07e8d000 	C:\Program Files\Exelis\IDL83\bin\bin.x86_64\idl_ips.dll
0x00007ffe7fdf0000 - 0x00007ffe80b4d000 	C:\Program Files\Exelis\IDL83\bin\bin.x86_64\idl.dll
0x00007fff0f0f0000 - 0x00007fff0f113000 	C:\Program Files\Exelis\IDL83\bin\bin.x86_64\UG3220.dll
0x00007fff02870000 - 0x00007fff02889000 	C:\WINDOWS\SYSTEM32\NETAPI32.dll
0x00007fff0f1f0000 - 0x00007fff0f1fc000 	C:\Program Files\Exelis\IDL83\bin\bin.x86_64\osmesa6_2.dll
0x00007ffefdc60000 - 0x00007ffefdc67000 	C:\WINDOWS\SYSTEM32\MSIMG32.dll
0x00007ffee74e0000 - 0x00007ffee753c000 	C:\Program Files\Exelis\IDL83\bin\bin.x86_64\MesaGLU6_2.dll
0x00007ffeab690000 - 0x00007ffeab81e000 	C:\Program Files\Exelis\IDL83\bin\bin.x86_64\MesaGL6_2.dll
0x00007ffee7460000 - 0x00007ffee74dc000 	C:\Program Files\Exelis\IDL83\bin\bin.x86_64\freetype2_4_7.dll
0x00007fff15e10000 - 0x00007fff15e53000 	C:\WINDOWS\SYSTEM32\SspiCli.dll
0x00007fff12990000 - 0x00007fff12a08000 	C:\WINDOWS\System32\netprofm.dll
0x00007fff10440000 - 0x00007fff10458000 	C:\WINDOWS\System32\npmproxy.dll
0x00007fff11820000 - 0x00007fff11839000 	C:\WINDOWS\SYSTEM32\dhcpcsvc6.DLL
0x00007fff117c0000 - 0x00007fff117df000 	C:\WINDOWS\SYSTEM32\dhcpcsvc.DLL
0x00007ffee7420000 - 0x00007ffee745e000 	C:\WINDOWS\system32\spool\DRIVERS\x64\3\kvpui64.dll
0x00007ffe9cc80000 - 0x00007ffe9cf2c000 	C:\WINDOWS\system32\spool\DRIVERS\x64\3\kvpdrv64.dll
0x00007fff0be70000 - 0x00007fff0bf2d000 	C:\WINDOWS\SYSTEM32\mscms.dll
0x00007ffeec020000 - 0x00007ffeec06a000 	C:\WINDOWS\SYSTEM32\icm32.dll
0x00007ffef9670000 - 0x00007ffef9770000 	C:\WINDOWS\SYSTEM32\OpenGL32.DLL
0x00007ffef9580000 - 0x00007ffef95ad000 	C:\WINDOWS\SYSTEM32\GLU32.dll
0x00007fff141e0000 - 0x00007fff14217000 	C:\WINDOWS\SYSTEM32\dxcore.dll
0x00007ffee4c80000 - 0x00007ffee4cbe000 	C:\Program Files\Exelis\IDL83\bin\bin.x86_64\gl_driver.dll
0x0000000017eb0000 - 0x0000000017eb3000 	C:\WINDOWS\SYSTEM32\icmp.Dll
0x00007ffef0520000 - 0x00007ffef05d0000 	C:\WINDOWS\SYSTEM32\TextShaping.dll
0x00007ffebf400000 - 0x00007ffebf6b1000 	C:\WINDOWS\system32\explorerframe.dll
0x00007ffeebcb0000 - 0x00007ffeebd0e000 	C:\WINDOWS\system32\dataexchange.dll
0x00007ffed9840000 - 0x00007ffed9882000 	C:\WINDOWS\system32\mlang.dll
0x00007fff16930000 - 0x00007fff169d3000 	C:\WINDOWS\SYSTEM32\sxs.dll
0x00007fff02520000 - 0x00007fff02531000 	C:\Users\77957\.idl\idlworkbench-config-idl8.3.0_x86_64\org.eclipse.osgi\bundles\208\1\.cp\jWinHttp-1.0.0.dll
0x00007fff118f0000 - 0x00007fff11a26000 	C:\WINDOWS\SYSTEM32\WINHTTP.dll
0x00007fff14170000 - 0x00007fff1419b000 	C:\WINDOWS\system32\dwmapi.dll
0x00007ffee0790000 - 0x00007ffee0cf5000 	C:\WINDOWS\system32\windowsudk.shellcommon.dll
0x00007fff0e9a0000 - 0x00007fff0e9d7000 	C:\WINDOWS\system32\XmlLite.dll
0x00007ffef2470000 - 0x00007ffef25e5000 	C:\Windows\System32\Windows.UI.dll
0x00007ffef0860000 - 0x00007ffef09d5000 	C:\Windows\System32\Windows.UI.Immersive.dll
0x00007ffeec750000 - 0x00007ffeec7ba000 	C:\Windows\System32\thumbcache.dll
0x00007fff12480000 - 0x00007fff12525000 	C:\WINDOWS\SYSTEM32\policymanager.dll
0x00007fff123c0000 - 0x00007fff12453000 	C:\WINDOWS\SYSTEM32\msvcp110_win.dll
0x00007fff15990000 - 0x00007fff1599c000 	C:\WINDOWS\system32\Secur32.dll
0x00007ffeebb80000 - 0x00007ffeebc35000 	C:\Windows\System32\Windows.FileExplorer.Common.dll
0x00007ffef4ad0000 - 0x00007ffef4cc0000 	C:\Windows\System32\urlmon.dll
0x00007ffef4690000 - 0x00007ffef494e000 	C:\Windows\System32\iertutil.dll
0x00007ffef4660000 - 0x00007ffef4688000 	C:\Windows\System32\srvcli.dll
0x00007fff155a0000 - 0x00007fff155ac000 	C:\Windows\System32\netutils.dll
0x00007fff104d0000 - 0x00007fff104de000 	C:\WINDOWS\SYSTEM32\atlthunk.dll
0x00007fff167b0000 - 0x00007fff167fe000 	C:\WINDOWS\system32\CFGMGR32.dll
0x00007fff0e020000 - 0x00007fff0e159000 	C:\Windows\System32\Windows.System.Launcher.dll
0x00007fff0f720000 - 0x00007fff0f73a000 	C:\WINDOWS\SYSTEM32\windows.staterepositorycore.dll
0x00007ffef4950000 - 0x00007ffef496e000 	C:\WINDOWS\system32\MPR.dll

VM Arguments:
jvm_args: -Dosgi.instance.area.default=@user.home/IDLWorkspace83 -Dosgi.configuration.area=@user.home/.idl/idlworkbench-config-idl8.3.0_x86_64 -Dosgi.configuration.cascaded=true -Dosgi.checkConfiguration=true -Dosgi.sharedConfiguration.area.readOnly=true -Dorg.eclipse.update.reconcile=false -Declipse.p2.data.area=@config.dir/p2 -Dosgi.sharedConfiguration.area=C:\Program Files\Exelis\IDL83\bin\bin.x86_64/configuration 
java_command: <unknown>
Launcher Type: generic

Environment Variables:
PATH=C:/Program Files/Exelis/IDL83/bin/bin.x86_64/jre/bin/server;C:/Program Files/Exelis/IDL83/bin/bin.x86_64/jre/bin;C:/Program Files/Exelis/IDL83/bin/bin.x86_64/jre/lib/amd64;C:\Program Files\Exelis\IDL83\bin\bin.x86_64\;C:\WINDOWS\system32;C:\WINDOWS;C:\WINDOWS\System32\Wbem;C:\WINDOWS\System32\WindowsPowerShell\v1.0\;C:\WINDOWS\System32\OpenSSH\;C:\Users\77957\AppData\Local\Programs\Python\Python38;C:\Users\77957\AppData\Local\Programs\Python\Python38\Scripts;C:\Program Files (x86)\Tencent\微信web开发者工具\dll;C:\Program Files\MATLAB\R2024a\runtime\win64;C:\Program Files\MATLAB\R2024a\bin;C:\Users\77957\AppData\Local\Microsoft\WindowsApps;C:\Program Files\JetBrains\PyCharm 2023.1\bin;;C:\Users\77957\AppData\Local\Programs\Python\Python38;;C:\Program Files\Exelis\IDL83\bin\bin.x86_64;
USERNAME=77957
OS=Windows_NT
PROCESSOR_IDENTIFIER=Intel64 Family 6 Model 140 Stepping 1, GenuineIntel



---------------  S Y S T E M  ---------------

OS: Windows 8 , 64 bit Build 9200 

CPU:total 8 (4 cores per cpu, 2 threads per core) family 6 model 140 stepping 1, cmov, cx8, fxsr, mmx, sse, sse2, sse3, ssse3, sse4.1, sse4.2, popcnt, avx, avx2, ht, tsc, tscinvbit

Memory: 4k page, physical 16607252k(8337960k free), swap 28141588k(17659896k free)

vm_info: Java HotSpot(TM) 64-Bit Server VM (23.25-b01) for windows-amd64 JRE (1.7.0_25-b17), built on Jun 21 2013 12:58:32 by "java_re" with unknown MS VC++:1600

time: Sat Aug 17 12:31:48 2024
elapsed time: 767 seconds

