#
# A fatal error has been detected by the Java Runtime Environment:
#
#  EXCEPTION_ACCESS_VIOLATION (0xc0000005) at pc=0x00007ff937fcf051, pid=8152, tid=18252
#
# JRE version: 7.0_25-b17
# Java VM: Java HotSpot(TM) 64-Bit Server VM (23.25-b01 mixed mode windows-amd64 compressed oops)
# Problematic frame:
# C  0x00007ff937fcf051  DumpRegistryKeyDefinitions+0x75f441
#
# Failed to write core dump. Minidumps are not enabled by default on client versions of Windows
#
# If you would like to submit a bug report, please visit:
#   http://bugreport.sun.com/bugreport/crash.jsp
# The crash happened outside the Java Virtual Machine in native code.
# See problematic frame for where to report the bug.
#

---------------  T H R E A D  ---------------

Current thread (0x00000000146cb000):  JavaThread "IDL" [_thread_in_native, id=18252, stack(0x00000000171b0000,0x00000000172b0000)]

siginfo: ExceptionCode=0xc0000005, reading address 0xffffffffffffffff

Registers:
RAX=0x3f606c793d21b771, RBX=0x00000000172a0f50, RCX=0x0000000022ddf348, RDX=0x0000000000000000
RSP=0x00000000172a0ec8, RBP=0x00007ff93846c920, RSI=0x00000000172a0f20, RDI=0x0000000000000007
R8 =0x00000000172a0f20, R9 =0x00000000172a0f50, R10=0x0000000022ddf348, R11=0x00000000172a0f68
R12=0x00007ff93846c920, R13=0x0000000022a66a20, R14=0x0000000000000002, R15=0x0000000047f20000
RIP=0x00007ff937fcf051, EFLAGS=0x0000000000010246

Top of Stack: (sp=0x00000000172a0ec8)
0x00000000172a0ec8:   00007ff937e554c9 00000000172a0f20
0x00000000172a0ed8:   00007ff937e55788 42bf3aff408cd362
0x00000000172a0ee8:   3f800000431f0690 0000000022ddef90
0x00000000172a0ef8:   00007ff937e55be0 0000000022ddf380
0x00000000172a0f08:   0000000000000005 00000000172a1000
0x00000000172a0f18:   0000000000000001 0000000022ddef90
0x00000000172a0f28:   0000000022ddef90 0000000022ddf348
0x00000000172a0f38:   0000000000000000 0000000000000013
0x00000000172a0f48:   00007ff900000008 0000000000000000
0x00000000172a0f58:   00000000172a1000 00000000172a1010
0x00000000172a0f68:   0000000022ddf348 0000000022ddf358
0x00000000172a0f78:   0000000022ddf368 0000000022ddf378
0x00000000172a0f88:   0000000022ddf388 0000000022ddf398
0x00000000172a0f98:   0000000022ddf3a8 0000000022ddf3b8
0x00000000172a0fa8:   0000000000000000 0000000000000000
0x00000000172a0fb8:   0000000000000000 0000000000000000 

Instructions: (pc=0x00007ff937fcf051)
0x00007ff937fcf031:   4a 04 f3 0f 11 42 08 8b 41 30 0f 28 02 48 03 c0
0x00007ff937fcf041:   f3 0f 7f 04 c1 ff 41 30 c3 cc cc 48 8b 01 32 d2
0x00007ff937fcf051:   38 50 34 74 0b 48 8b 41 08 38 50 34 74 02 b2 01
0x00007ff937fcf061:   8a c2 c3 44 8b 81 60 10 00 00 8b 91 18 19 00 00 


Register to memory mapping:

RAX=0x3f606c793d21b771 is an unknown value
RBX=0x00000000172a0f50 is pointing into the stack for thread: 0x00000000146cb000
RCX=0x0000000022ddf348 is an unknown value
RDX=0x0000000000000000 is an unknown value
RSP=0x00000000172a0ec8 is pointing into the stack for thread: 0x00000000146cb000
RBP=0x00007ff93846c920 is an unknown value
RSI=0x00000000172a0f20 is pointing into the stack for thread: 0x00000000146cb000
RDI=0x0000000000000007 is an unknown value
R8 =0x00000000172a0f20 is pointing into the stack for thread: 0x00000000146cb000
R9 =0x00000000172a0f50 is pointing into the stack for thread: 0x00000000146cb000
R10=0x0000000022ddf348 is an unknown value
R11=0x00000000172a0f68 is pointing into the stack for thread: 0x00000000146cb000
R12=0x00007ff93846c920 is an unknown value
R13=0x0000000022a66a20 is an unknown value
R14=0x0000000000000002 is an unknown value
R15=0x0000000047f20000 is an unknown value


Stack: [0x00000000171b0000,0x00000000172b0000],  sp=0x00000000172a0ec8,  free space=963k
Native frames: (J=compiled Java code, j=interpreted, Vv=VM code, C=native code)
C  0x00007ff937fcf051  DumpRegistryKeyDefinitions+0x75f441

Java frames: (J=compiled Java code, j=interpreted, Vv=VM code)
j  com.rsi.idldt.core.ips.IPS_Access.IPS_Start([Ljava/lang/String;)V+0
j  com.rsi.idldt.core.ips.IPS_Manager$2.run()V+15
j  java.lang.Thread.run()V+11
v  ~StubRoutines::call_stub

---------------  P R O C E S S  ---------------

Java Threads: ( => current thread )
  0x0000000021b0f000 JavaThread "Worker-48" [_thread_blocked, id=2212, stack(0x000000001f7f0000,0x000000001f8f0000)]
  0x0000000021b06800 JavaThread "Worker-47" [_thread_blocked, id=15036, stack(0x0000000022180000,0x0000000022280000)]
  0x0000000021b08000 JavaThread "Worker-43" [_thread_blocked, id=6624, stack(0x00000000156e0000,0x00000000157e0000)]
  0x0000000021b05000 JavaThread "Worker-41" [_thread_blocked, id=9400, stack(0x0000000017ca0000,0x0000000017da0000)]
  0x0000000021b03000 JavaThread "Worker-35" [_thread_blocked, id=7316, stack(0x00000000173b0000,0x00000000174b0000)]
  0x00000000160cc000 JavaThread "Timer-2" daemon [_thread_blocked, id=1596, stack(0x000000001b2d0000,0x000000001b3d0000)]
  0x00000000160d0800 JavaThread "Timer-1" daemon [_thread_blocked, id=7728, stack(0x000000001af40000,0x000000001b040000)]
  0x00000000160c9000 JavaThread "Thread-14" [_thread_in_native, id=7204, stack(0x000000001ad10000,0x000000001ae10000)]
  0x00000000160ce800 JavaThread "IDLDT DOM Worker-7" [_thread_blocked, id=19292, stack(0x000000001c9e0000,0x000000001cae0000)]
  0x00000000160cd800 JavaThread "IDLDT DOM Worker-6" [_thread_blocked, id=18060, stack(0x000000001c8e0000,0x000000001c9e0000)]
  0x00000000160c8800 JavaThread "IDLDT DOM Worker-5" [_thread_blocked, id=13524, stack(0x000000001c7e0000,0x000000001c8e0000)]
  0x00000000160cd000 JavaThread "IDLDT DOM Worker-4" [_thread_blocked, id=9188, stack(0x000000001c6e0000,0x000000001c7e0000)]
  0x00000000146c8000 JavaThread "IDLDT DOM Worker-3" [_thread_blocked, id=20116, stack(0x000000001c5e0000,0x000000001c6e0000)]
  0x00000000146c9000 JavaThread "IDLDT DOM Worker-2" [_thread_blocked, id=1280, stack(0x000000001c4e0000,0x000000001c5e0000)]
  0x00000000146c6800 JavaThread "IDLDT DOM Worker-1" [_thread_blocked, id=18176, stack(0x000000001c3e0000,0x000000001c4e0000)]
  0x00000000146c5800 JavaThread "IDLDT DOM Worker-0" [_thread_blocked, id=1676, stack(0x000000001c2e0000,0x000000001c3e0000)]
  0x00000000146c9800 JavaThread "Timer-0" daemon [_thread_blocked, id=18500, stack(0x000000001c1e0000,0x000000001c2e0000)]
=>0x00000000146cb000 JavaThread "IDL" [_thread_in_native, id=18252, stack(0x00000000171b0000,0x00000000172b0000)]
  0x000000001392f000 JavaThread "IDLToJava Broker" daemon [_thread_blocked, id=6292, stack(0x00000000170b0000,0x00000000171b0000)]
  0x0000000013962800 JavaThread "Provisioning Event Dispatcher" daemon [_thread_blocked, id=8264, stack(0x00000000157e0000,0x00000000158e0000)]
  0x00000000146ae800 JavaThread "[ThreadPool Manager] - Idle Thread" daemon [_thread_blocked, id=17760, stack(0x00000000155e0000,0x00000000156e0000)]
  0x00000000148d6000 JavaThread "Bundle File Closer" daemon [_thread_blocked, id=9880, stack(0x0000000015230000,0x0000000015330000)]
  0x00000000146e4000 JavaThread "Worker-JM" [_thread_blocked, id=1360, stack(0x00000000154e0000,0x00000000155e0000)]
  0x000000001473e800 JavaThread "[Timer] - Main Queue Handler" daemon [_thread_blocked, id=2392, stack(0x0000000015330000,0x0000000015430000)]
  0x00000000148ef000 JavaThread "Framework Event Dispatcher" daemon [_thread_blocked, id=11032, stack(0x0000000015130000,0x0000000015230000)]
  0x00000000148aa800 JavaThread "Start Level Event Dispatcher" daemon [_thread_blocked, id=13340, stack(0x0000000015030000,0x0000000015130000)]
  0x0000000013825000 JavaThread "State Data Manager" daemon [_thread_blocked, id=10564, stack(0x0000000014f30000,0x0000000015030000)]
  0x000000001375e000 JavaThread "Framework Active Thread" [_thread_blocked, id=16232, stack(0x0000000014e30000,0x0000000014f30000)]
  0x00000000110c5000 JavaThread "Service Thread" daemon [_thread_blocked, id=19492, stack(0x0000000013490000,0x0000000013590000)]
  0x00000000110c0800 JavaThread "C2 CompilerThread1" daemon [_thread_blocked, id=13980, stack(0x0000000013390000,0x0000000013490000)]
  0x00000000110bf000 JavaThread "C2 CompilerThread0" daemon [_thread_blocked, id=18324, stack(0x0000000013290000,0x0000000013390000)]
  0x0000000011094000 JavaThread "Attach Listener" daemon [_thread_blocked, id=4412, stack(0x0000000013190000,0x0000000013290000)]
  0x0000000011093800 JavaThread "Signal Dispatcher" daemon [_thread_blocked, id=19332, stack(0x0000000013090000,0x0000000013190000)]
  0x0000000011029800 JavaThread "Finalizer" daemon [_thread_blocked, id=18100, stack(0x0000000012f90000,0x0000000013090000)]
  0x0000000011028800 JavaThread "Reference Handler" daemon [_thread_blocked, id=11248, stack(0x0000000012e90000,0x0000000012f90000)]
  0x00000000027ae800 JavaThread "main" [_thread_in_native, id=14424, stack(0x0000000000050000,0x0000000000150000)]

Other Threads:
  0x0000000011024000 VMThread [stack: 0x0000000012d90000,0x0000000012e90000] [id=3636]
  0x00000000135a8800 WatcherThread [stack: 0x0000000013990000,0x0000000013a90000] [id=12848]

VM state:not at safepoint (normal execution)

VM Mutex/Monitor currently owned by a thread: None

Heap
 PSYoungGen      total 38080K, used 11355K [0x00000007ab800000, 0x00000007ae480000, 0x0000000800000000)
  eden space 31040K, 36% used [0x00000007ab800000,0x00000007ac316e98,0x00000007ad650000)
  from space 7040K, 0% used [0x00000007ad650000,0x00000007ad650000,0x00000007add30000)
  to   space 6976K, 0% used [0x00000007addb0000,0x00000007addb0000,0x00000007ae480000)
 ParOldGen       total 203136K, used 110042K [0x0000000702800000, 0x000000070ee60000, 0x00000007ab800000)
  object space 203136K, 54% used [0x0000000702800000,0x0000000709376a28,0x000000070ee60000)
 PSPermGen       total 49408K, used 49072K [0x00000006fd600000, 0x0000000700640000, 0x0000000702800000)
  object space 49408K, 99% used [0x00000006fd600000,0x00000007005ec288,0x0000000700640000)

Card table byte_map: [0x00000000057b0000,0x0000000005fd0000] byte_map_base: 0x0000000001fc5000

Polling page: 0x00000000021b0000

Code Cache  [0x00000000027b0000, 0x00000000030b0000, 0x00000000057b0000)
 total_blobs=3123 nmethods=2444 adapters=627 free_code_cache=40089Kb largest_free_block=40935424

Compilation events (10 events):
Event: 2712.150 Thread 0x00000000110bf000 2741             org.eclipse.swt.custom.StyledTextRenderer::hasLink (328 bytes)
Event: 2712.161 Thread 0x00000000110bf000 nmethod 2741 0x000000000309f5d0 code [0x000000000309f880, 0x00000000030a0688]
Event: 2713.347 Thread 0x00000000110c0800 2742             org.eclipse.core.internal.jobs.InternalJob::getName (5 bytes)
Event: 2713.348 Thread 0x00000000110c0800 nmethod 2742 0x0000000003090a10 code [0x0000000003090b40, 0x0000000003090bb8]
Event: 2713.838 Thread 0x00000000110bf000 2743             org.eclipse.swt.widgets.Canvas::scroll (430 bytes)
Event: 2713.848 Thread 0x00000000110bf000 nmethod 2743 0x00000000030a1b10 code [0x00000000030a1da0, 0x00000000030a2dc0]
Event: 2767.820 Thread 0x00000000110c0800 2744             org.eclipse.swt.widgets.Control::getBackgroundPixel (20 bytes)
Event: 2767.820 Thread 0x00000000110c0800 nmethod 2744 0x0000000003098050 code [0x00000000030981a0, 0x0000000003098218]
Event: 2787.321 Thread 0x00000000110bf000 2745             org.eclipse.swt.custom.StyledText::internalRedrawRange (749 bytes)
Event: 2787.326 Thread 0x00000000110bf000 nmethod 2745 0x00000000030a4090 code [0x00000000030a4360, 0x00000000030a4d78]

GC Heap History (10 events):
Event: 2976.734 GC heap before
{Heap before GC invocations=292 (full 45):
 PSYoungGen      total 28800K, used 28789K [0x00000007ab800000, 0x00000007ad5b0000, 0x0000000800000000)
  eden space 27712K, 100% used [0x00000007ab800000,0x00000007ad310000,0x00000007ad310000)
  from space 1088K, 99% used [0x00000007ad4a0000,0x00000007ad5ad558,0x00000007ad5b0000)
  to   space 1280K, 0% used [0x00000007ad330000,0x00000007ad330000,0x00000007ad470000)
 ParOldGen       total 203136K, used 112584K [0x0000000702800000, 0x000000070ee60000, 0x00000007ab800000)
  object space 203136K, 55% used [0x0000000702800000,0x00000007095f2358,0x000000070ee60000)
 PSPermGen       total 49472K, used 49071K [0x00000006fd600000, 0x0000000700650000, 0x0000000702800000)
  object space 49472K, 99% used [0x00000006fd600000,0x00000007005ebfb8,0x0000000700650000)
Event: 2976.739 GC heap after
Heap after GC invocations=292 (full 45):
 PSYoungGen      total 29120K, used 1269K [0x00000007ab800000, 0x00000007ae380000, 0x0000000800000000)
  eden space 27840K, 0% used [0x00000007ab800000,0x00000007ab800000,0x00000007ad330000)
  from space 1280K, 99% used [0x00000007ad330000,0x00000007ad46d558,0x00000007ad470000)
  to   space 6464K, 0% used [0x00000007add30000,0x00000007add30000,0x00000007ae380000)
 ParOldGen       total 203136K, used 126206K [0x0000000702800000, 0x000000070ee60000, 0x00000007ab800000)
  object space 203136K, 62% used [0x0000000702800000,0x000000070a33fad8,0x000000070ee60000)
 PSPermGen       total 49472K, used 49071K [0x00000006fd600000, 0x0000000700650000, 0x0000000702800000)
  object space 49472K, 99% used [0x00000006fd600000,0x00000007005ebfb8,0x0000000700650000)
}
Event: 2996.311 GC heap before
{Heap before GC invocations=293 (full 45):
 PSYoungGen      total 29120K, used 10405K [0x00000007ab800000, 0x00000007ae380000, 0x0000000800000000)
  eden space 27840K, 32% used [0x00000007ab800000,0x00000007ac0ec0e8,0x00000007ad330000)
  from space 1280K, 99% used [0x00000007ad330000,0x00000007ad46d558,0x00000007ad470000)
  to   space 6464K, 0% used [0x00000007add30000,0x00000007add30000,0x00000007ae380000)
 ParOldGen       total 203136K, used 126206K [0x0000000702800000, 0x000000070ee60000, 0x00000007ab800000)
  object space 203136K, 62% used [0x0000000702800000,0x000000070a33fad8,0x000000070ee60000)
 PSPermGen       total 49472K, used 49071K [0x00000006fd600000, 0x0000000700650000, 0x0000000702800000)
  object space 49472K, 99% used [0x00000006fd600000,0x00000007005ebfb8,0x0000000700650000)
Event: 2996.322 GC heap after
Heap after GC invocations=293 (full 45):
 PSYoungGen      total 37504K, used 4917K [0x00000007ab800000, 0x00000007ae4a0000, 0x0000000800000000)
  eden space 31040K, 0% used [0x00000007ab800000,0x00000007ab800000,0x00000007ad650000)
  from space 6464K, 76% used [0x00000007add30000,0x00000007ae1fd558,0x00000007ae380000)
  to   space 7040K, 0% used [0x00000007ad650000,0x00000007ad650000,0x00000007add30000)
 ParOldGen       total 203136K, used 126206K [0x0000000702800000, 0x000000070ee60000, 0x00000007ab800000)
  object space 203136K, 62% used [0x0000000702800000,0x000000070a33fad8,0x000000070ee60000)
 PSPermGen       total 49472K, used 49071K [0x00000006fd600000, 0x0000000700650000, 0x0000000702800000)
  object space 49472K, 99% used [0x00000006fd600000,0x00000007005ebfb8,0x0000000700650000)
}
Event: 2996.322 GC heap before
{Heap before GC invocations=294 (full 46):
 PSYoungGen      total 37504K, used 4917K [0x00000007ab800000, 0x00000007ae4a0000, 0x0000000800000000)
  eden space 31040K, 0% used [0x00000007ab800000,0x00000007ab800000,0x00000007ad650000)
  from space 6464K, 76% used [0x00000007add30000,0x00000007ae1fd558,0x00000007ae380000)
  to   space 7040K, 0% used [0x00000007ad650000,0x00000007ad650000,0x00000007add30000)
 ParOldGen       total 203136K, used 126206K [0x0000000702800000, 0x000000070ee60000, 0x00000007ab800000)
  object space 203136K, 62% used [0x0000000702800000,0x000000070a33fad8,0x000000070ee60000)
 PSPermGen       total 49472K, used 49071K [0x00000006fd600000, 0x0000000700650000, 0x0000000702800000)
  object space 49472K, 99% used [0x00000006fd600000,0x00000007005ebfb8,0x0000000700650000)
Event: 2996.443 GC heap after
Heap after GC invocations=294 (full 46):
 PSYoungGen      total 37504K, used 0K [0x00000007ab800000, 0x00000007ae4a0000, 0x0000000800000000)
  eden space 31040K, 0% used [0x00000007ab800000,0x00000007ab800000,0x00000007ad650000)
  from space 6464K, 0% used [0x00000007add30000,0x00000007add30000,0x00000007ae380000)
  to   space 7040K, 0% used [0x00000007ad650000,0x00000007ad650000,0x00000007add30000)
 ParOldGen       total 203136K, used 110044K [0x0000000702800000, 0x000000070ee60000, 0x00000007ab800000)
  object space 203136K, 54% used [0x0000000702800000,0x0000000709377038,0x000000070ee60000)
 PSPermGen       total 49472K, used 49071K [0x00000006fd600000, 0x0000000700650000, 0x0000000702800000)
  object space 49472K, 99% used [0x00000006fd600000,0x00000007005ebf98,0x0000000700650000)
}
Event: 3056.320 GC heap before
{Heap before GC invocations=295 (full 46):
 PSYoungGen      total 37504K, used 631K [0x00000007ab800000, 0x00000007ae4a0000, 0x0000000800000000)
  eden space 31040K, 2% used [0x00000007ab800000,0x00000007ab89dfa8,0x00000007ad650000)
  from space 6464K, 0% used [0x00000007add30000,0x00000007add30000,0x00000007ae380000)
  to   space 7040K, 0% used [0x00000007ad650000,0x00000007ad650000,0x00000007add30000)
 ParOldGen       total 203136K, used 110044K [0x0000000702800000, 0x000000070ee60000, 0x00000007ab800000)
  object space 203136K, 54% used [0x0000000702800000,0x0000000709377038,0x000000070ee60000)
 PSPermGen       total 49472K, used 49071K [0x00000006fd600000, 0x0000000700650000, 0x0000000702800000)
  object space 49472K, 99% used [0x00000006fd600000,0x00000007005ebf98,0x0000000700650000)
Event: 3056.323 GC heap after
Heap after GC invocations=295 (full 46):
 PSYoungGen      total 38080K, used 128K [0x00000007ab800000, 0x00000007ae480000, 0x0000000800000000)
  eden space 31040K, 0% used [0x00000007ab800000,0x00000007ab800000,0x00000007ad650000)
  from space 7040K, 1% used [0x00000007ad650000,0x00000007ad670000,0x00000007add30000)
  to   space 6976K, 0% used [0x00000007addb0000,0x00000007addb0000,0x00000007ae480000)
 ParOldGen       total 203136K, used 110044K [0x0000000702800000, 0x000000070ee60000, 0x00000007ab800000)
  object space 203136K, 54% used [0x0000000702800000,0x0000000709377038,0x000000070ee60000)
 PSPermGen       total 49472K, used 49071K [0x00000006fd600000, 0x0000000700650000, 0x0000000702800000)
  object space 49472K, 99% used [0x00000006fd600000,0x00000007005ebf98,0x0000000700650000)
}
Event: 3056.323 GC heap before
{Heap before GC invocations=296 (full 47):
 PSYoungGen      total 38080K, used 128K [0x00000007ab800000, 0x00000007ae480000, 0x0000000800000000)
  eden space 31040K, 0% used [0x00000007ab800000,0x00000007ab800000,0x00000007ad650000)
  from space 7040K, 1% used [0x00000007ad650000,0x00000007ad670000,0x00000007add30000)
  to   space 6976K, 0% used [0x00000007addb0000,0x00000007addb0000,0x00000007ae480000)
 ParOldGen       total 203136K, used 110044K [0x0000000702800000, 0x000000070ee60000, 0x00000007ab800000)
  object space 203136K, 54% used [0x0000000702800000,0x0000000709377038,0x000000070ee60000)
 PSPermGen       total 49472K, used 49071K [0x00000006fd600000, 0x0000000700650000, 0x0000000702800000)
  object space 49472K, 99% used [0x00000006fd600000,0x00000007005ebf98,0x0000000700650000)
Event: 3056.397 GC heap after
Heap after GC invocations=296 (full 47):
 PSYoungGen      total 38080K, used 0K [0x00000007ab800000, 0x00000007ae480000, 0x0000000800000000)
  eden space 31040K, 0% used [0x00000007ab800000,0x00000007ab800000,0x00000007ad650000)
  from space 7040K, 0% used [0x00000007ad650000,0x00000007ad650000,0x00000007add30000)
  to   space 6976K, 0% used [0x00000007addb0000,0x00000007addb0000,0x00000007ae480000)
 ParOldGen       total 203136K, used 110042K [0x0000000702800000, 0x000000070ee60000, 0x00000007ab800000)
  object space 203136K, 54% used [0x0000000702800000,0x0000000709376a28,0x000000070ee60000)
 PSPermGen       total 49408K, used 49071K [0x00000006fd600000, 0x0000000700640000, 0x0000000702800000)
  object space 49408K, 99% used [0x00000006fd600000,0x00000007005ebf98,0x0000000700640000)
}

Deoptimization events (10 events):
Event: 2557.671 Thread 0x00000000027ae800 Uncommon trap -34 fr.pc 0x000000000302eb24
Event: 2557.673 Thread 0x00000000027ae800 Uncommon trap -34 fr.pc 0x0000000002ffb3d0
Event: 2557.673 Thread 0x00000000027ae800 Uncommon trap -34 fr.pc 0x000000000300bf28
Event: 2636.031 Thread 0x00000000027ae800 Uncommon trap -34 fr.pc 0x0000000003019170
Event: 2636.032 Thread 0x00000000027ae800 Uncommon trap -34 fr.pc 0x0000000003019170
Event: 2636.051 Thread 0x00000000027ae800 Uncommon trap -34 fr.pc 0x0000000003019170
Event: 2636.052 Thread 0x00000000027ae800 Uncommon trap -34 fr.pc 0x0000000003019170
Event: 2700.804 Thread 0x0000000013825000 Uncommon trap -42 fr.pc 0x0000000002f98e80
Event: 2976.144 Thread 0x00000000027ae800 Uncommon trap -83 fr.pc 0x0000000003033798
Event: 3000.808 Thread 0x0000000013825000 Uncommon trap -42 fr.pc 0x0000000002f98e80

Internal exceptions (10 events):
Event: 1302.062 Thread 0x0000000021b08000 Threw 0x00000007ab8ba3d0 at C:\jdk7u2_64p\jdk7u25\hotspot\src\share\vm\prims\jvm.cpp:2957
Event: 1302.070 Thread 0x0000000021b08000 Threw 0x00000007ab8ba5b8 at C:\jdk7u2_64p\jdk7u25\hotspot\src\share\vm\prims\jvm.cpp:2957
Event: 1302.078 Thread 0x0000000021b08000 Threw 0x00000007ab8ba7a0 at C:\jdk7u2_64p\jdk7u25\hotspot\src\share\vm\prims\jvm.cpp:2957
Event: 1302.085 Thread 0x0000000021b08000 Threw 0x00000007ab8ba988 at C:\jdk7u2_64p\jdk7u25\hotspot\src\share\vm\prims\jvm.cpp:2957
Event: 1302.092 Thread 0x0000000021b08000 Threw 0x00000007ab8bab70 at C:\jdk7u2_64p\jdk7u25\hotspot\src\share\vm\prims\jvm.cpp:2957
Event: 1302.100 Thread 0x0000000021b08000 Threw 0x00000007ab8bad58 at C:\jdk7u2_64p\jdk7u25\hotspot\src\share\vm\prims\jvm.cpp:2957
Event: 1302.107 Thread 0x0000000021b08000 Threw 0x00000007ab8baf40 at C:\jdk7u2_64p\jdk7u25\hotspot\src\share\vm\prims\jvm.cpp:2957
Event: 1302.115 Thread 0x0000000021b08000 Threw 0x00000007ab8bb128 at C:\jdk7u2_64p\jdk7u25\hotspot\src\share\vm\prims\jvm.cpp:2957
Event: 1302.122 Thread 0x0000000021b08000 Threw 0x00000007ab8bb310 at C:\jdk7u2_64p\jdk7u25\hotspot\src\share\vm\prims\jvm.cpp:2957
Event: 1911.689 Thread 0x00000000027ae800 Implicit null exception at 0x0000000002f57924 to 0x0000000002f5c2b5

Events (10 events):
Event: 3076.040 Executing VM operation: RevokeBias
Event: 3076.040 Executing VM operation: RevokeBias done
Event: 3076.041 Executing VM operation: RevokeBias
Event: 3076.042 Executing VM operation: RevokeBias done
Event: 3076.043 Executing VM operation: RevokeBias
Event: 3076.043 Executing VM operation: RevokeBias done
Event: 3076.044 Executing VM operation: RevokeBias
Event: 3076.044 Executing VM operation: RevokeBias done
Event: 3076.045 Executing VM operation: BulkRevokeBias
Event: 3076.045 Executing VM operation: BulkRevokeBias done


Dynamic libraries:
0x0000000000400000 - 0x000000000040e000 	C:\Program Files\Exelis\IDL83\bin\bin.x86_64\idlde.exe
0x00007ff9b4eb0000 - 0x00007ff9b50c7000 	C:\WINDOWS\SYSTEM32\ntdll.dll
0x00007ff9b38b0000 - 0x00007ff9b3974000 	C:\WINDOWS\System32\KERNEL32.DLL
0x00007ff9b22e0000 - 0x00007ff9b2686000 	C:\WINDOWS\System32\KERNELBASE.dll
0x00007ff9aced0000 - 0x00007ff9acf67000 	C:\WINDOWS\SYSTEM32\apphelp.dll
0x00007ff9b3590000 - 0x00007ff9b373e000 	C:\WINDOWS\System32\USER32.dll
0x00007ff9b2970000 - 0x00007ff9b2996000 	C:\WINDOWS\System32\win32u.dll
0x00007ff9b4970000 - 0x00007ff9b4999000 	C:\WINDOWS\System32\GDI32.dll
0x00007ff9b2730000 - 0x00007ff9b2848000 	C:\WINDOWS\System32\gdi32full.dll
0x00007ff9b2690000 - 0x00007ff9b272a000 	C:\WINDOWS\System32\msvcp_win.dll
0x00007ff9b2850000 - 0x00007ff9b2961000 	C:\WINDOWS\System32\ucrtbase.dll
0x00007ff9b2c00000 - 0x00007ff9b2ca7000 	C:\WINDOWS\System32\msvcrt.dll
0x00007ff9976e0000 - 0x00007ff997973000 	C:\WINDOWS\WinSxS\amd64_microsoft.windows.common-controls_6595b64144ccf1df_6.0.22621.2506_none_270c5ae97388e100\COMCTL32.dll
0x00007ff9b3160000 - 0x00007ff9b3191000 	C:\WINDOWS\System32\IMM32.DLL
0x0000000072000000 - 0x0000000072012000 	C:\Program Files\Exelis\IDL83\bin\bin.x86_64\plugins\org.eclipse.equinox.launcher.win32.win32.x86_64_1.1.100.v20110502\eclipse_1406.dll
0x00007ff9b4db0000 - 0x00007ff9b4e61000 	C:\WINDOWS\System32\ADVAPI32.dll
0x00007ff9b4bb0000 - 0x00007ff9b4c55000 	C:\WINDOWS\System32\sechost.dll
0x00007ff9b4350000 - 0x00007ff9b4467000 	C:\WINDOWS\System32\RPCRT4.dll
0x00007ff9aa230000 - 0x00007ff9aa23a000 	C:\WINDOWS\SYSTEM32\VERSION.dll
0x0000000063fc0000 - 0x00000000646cf000 	C:\Program Files\Exelis\IDL83\bin\bin.x86_64\jre\bin\server\jvm.dll
0x00007ff9b49a0000 - 0x00007ff9b49a8000 	C:\WINDOWS\System32\PSAPI.DLL
0x00007ff9acd10000 - 0x00007ff9acd19000 	C:\WINDOWS\SYSTEM32\WSOCK32.dll
0x00007ff9aa240000 - 0x00007ff9aa274000 	C:\WINDOWS\SYSTEM32\WINMM.dll
0x00007ff9b4ad0000 - 0x00007ff9b4b41000 	C:\WINDOWS\System32\WS2_32.dll
0x0000000063ee0000 - 0x0000000063fb2000 	C:\WINDOWS\SYSTEM32\MSVCR100.dll
0x0000000063ed0000 - 0x0000000063edf000 	C:\Program Files\Exelis\IDL83\bin\bin.x86_64\jre\bin\verify.dll
0x0000000063ea0000 - 0x0000000063ec8000 	C:\Program Files\Exelis\IDL83\bin\bin.x86_64\jre\bin\java.dll
0x0000000063e80000 - 0x0000000063e95000 	C:\Program Files\Exelis\IDL83\bin\bin.x86_64\jre\bin\zip.dll
0x00007ff9b19d0000 - 0x00007ff9b19eb000 	C:\WINDOWS\SYSTEM32\CRYPTSP.dll
0x00007ff9b1230000 - 0x00007ff9b1265000 	C:\WINDOWS\system32\rsaenh.dll
0x00007ff9b1830000 - 0x00007ff9b185c000 	C:\WINDOWS\SYSTEM32\USERENV.dll
0x00007ff9b2150000 - 0x00007ff9b2176000 	C:\WINDOWS\SYSTEM32\profapi.dll
0x00007ff9b1bd0000 - 0x00007ff9b1bf8000 	C:\WINDOWS\SYSTEM32\bcrypt.dll
0x00007ff9b2b10000 - 0x00007ff9b2b8a000 	C:\WINDOWS\System32\bcryptprimitives.dll
0x00007ff9b19c0000 - 0x00007ff9b19cc000 	C:\WINDOWS\SYSTEM32\CRYPTBASE.dll
0x0000000063e60000 - 0x0000000063e79000 	C:\Program Files\Exelis\IDL83\bin\bin.x86_64\jre\bin\net.dll
0x00007ff9b1750000 - 0x00007ff9b17b9000 	C:\WINDOWS\system32\mswsock.dll
0x00007ff997d40000 - 0x00007ff997d57000 	C:\WINDOWS\system32\napinsp.dll
0x00007ff98c180000 - 0x00007ff98c19b000 	C:\WINDOWS\system32\pnrpnsp.dll
0x00007ff9b0d90000 - 0x00007ff9b0e89000 	C:\WINDOWS\SYSTEM32\DNSAPI.dll
0x00007ff9b0d60000 - 0x00007ff9b0d8d000 	C:\WINDOWS\SYSTEM32\IPHLPAPI.DLL
0x00007ff9b3150000 - 0x00007ff9b3159000 	C:\WINDOWS\System32\NSI.dll
0x00007ff98bd00000 - 0x00007ff98bd11000 	C:\WINDOWS\System32\winrnr.dll
0x00007ff9a7910000 - 0x00007ff9a7925000 	C:\WINDOWS\system32\wshbth.dll
0x00007ff98b9e0000 - 0x00007ff98ba01000 	C:\WINDOWS\system32\nlansp_c.dll
0x00007ff9a6110000 - 0x00007ff9a611a000 	C:\Windows\System32\rasadhlp.dll
0x00007ff9a6000000 - 0x00007ff9a6083000 	C:\WINDOWS\System32\fwpuclnt.dll
0x0000000063e40000 - 0x0000000063e51000 	C:\Program Files\Exelis\IDL83\bin\bin.x86_64\jre\bin\nio.dll
0x00007ff9ae370000 - 0x00007ff9ae41b000 	C:\WINDOWS\system32\uxtheme.dll
0x00007ff9b45c0000 - 0x00007ff9b4949000 	C:\WINDOWS\System32\combase.dll
0x00007ff9b4470000 - 0x00007ff9b45c0000 	C:\WINDOWS\System32\MSCTF.dll
0x00007ff9b12e0000 - 0x00007ff9b12f8000 	C:\WINDOWS\SYSTEM32\kernel.appcore.dll
0x00007ff9a7c80000 - 0x00007ff9a7dca000 	C:\WINDOWS\SYSTEM32\textinputframework.dll
0x00007ff9b3980000 - 0x00007ff9b3a57000 	C:\WINDOWS\System32\OLEAUT32.dll
0x00007ff9aca40000 - 0x00007ff9acb73000 	C:\WINDOWS\SYSTEM32\CoreMessaging.dll
0x00007ff9aa340000 - 0x00007ff9aa6ac000 	C:\WINDOWS\SYSTEM32\CoreUIComponents.dll
0x00007ff9affc0000 - 0x00007ff9b00fe000 	C:\WINDOWS\SYSTEM32\wintypes.dll
0x00007ff989700000 - 0x00007ff989769000 	C:\WINDOWS\system32\Oleacc.dll
0x00000000168b0000 - 0x0000000016957000 	C:\Users\77957\.idl\idlworkbench-config-idl8.3.0_x86_64\org.eclipse.osgi\bundles\530\1\.cp\swt-win32-3740.dll
0x00007ff9b31a0000 - 0x00007ff9b3340000 	C:\WINDOWS\System32\ole32.dll
0x00007ff9b37b0000 - 0x00007ff9b38a9000 	C:\WINDOWS\System32\comdlg32.dll
0x00007ff9b4c60000 - 0x00007ff9b4d53000 	C:\WINDOWS\System32\shcore.dll
0x00007ff9b4a70000 - 0x00007ff9b4ace000 	C:\WINDOWS\System32\SHLWAPI.dll
0x00007ff9b3af0000 - 0x00007ff9b434a000 	C:\WINDOWS\System32\SHELL32.dll
0x00007ff9b29a0000 - 0x00007ff9b2b06000 	C:\WINDOWS\System32\CRYPT32.dll
0x00007ff990ec0000 - 0x00007ff990f68000 	C:\WINDOWS\SYSTEM32\WINSPOOL.DRV
0x00007ff988da0000 - 0x00007ff988db9000 	C:\WINDOWS\SYSTEM32\USP10.dll
0x00007ff996a60000 - 0x00007ff996f54000 	C:\WINDOWS\SYSTEM32\WININET.dll
0x00007ff9ae520000 - 0x00007ff9ae621000 	C:\WINDOWS\SYSTEM32\propsys.dll
0x00007ff9b49b0000 - 0x00007ff9b4a60000 	C:\WINDOWS\System32\clbcatq.dll
0x00007ff9b0100000 - 0x00007ff9b09f6000 	C:\WINDOWS\system32\windows.storage.dll
0x0000000016ac0000 - 0x0000000016ade000 	C:\Users\77957\.idl\idlworkbench-config-idl8.3.0_x86_64\org.eclipse.osgi\bundles\530\1\.cp\swt-gdip-win32-3740.dll
0x00007ff990ff0000 - 0x00007ff9911a9000 	C:\WINDOWS\WinSxS\amd64_microsoft.windows.gdiplus_6595b64144ccf1df_1.1.22621.2506_none_57f74dcece1b5ace\gdiplus.dll
0x00007ff9ac0a0000 - 0x00007ff9ac250000 	C:\WINDOWS\SYSTEM32\WindowsCodecs.dll
0x0000000180000000 - 0x0000000180011000 	C:\Users\77957\.idl\idlworkbench-config-idl8.3.0_x86_64\org.eclipse.osgi\bundles\183\1\.cp\os\win32\x86_64\localfile_1_0_0.dll
0x00007ff98ecf0000 - 0x00007ff98ed3d000 	C:\Program Files\Exelis\IDL83\bin\bin.x86_64\idl_ips.dll
0x00007ff93f250000 - 0x00007ff93ffad000 	C:\Program Files\Exelis\IDL83\bin\bin.x86_64\idl.dll
0x00007ff98f8c0000 - 0x00007ff98f8e3000 	C:\Program Files\Exelis\IDL83\bin\bin.x86_64\UG3220.dll
0x00007ff9ab9e0000 - 0x00007ff9ab9ec000 	C:\Program Files\Exelis\IDL83\bin\bin.x86_64\osmesa6_2.dll
0x00007ff995b60000 - 0x00007ff995b79000 	C:\WINDOWS\SYSTEM32\NETAPI32.dll
0x00007ff98d100000 - 0x00007ff98d15c000 	C:\Program Files\Exelis\IDL83\bin\bin.x86_64\MesaGLU6_2.dll
0x00007ff990fd0000 - 0x00007ff990fd7000 	C:\WINDOWS\SYSTEM32\MSIMG32.dll
0x00007ff96ff90000 - 0x00007ff97011e000 	C:\Program Files\Exelis\IDL83\bin\bin.x86_64\MesaGL6_2.dll
0x00007ff976170000 - 0x00007ff9761ec000 	C:\Program Files\Exelis\IDL83\bin\bin.x86_64\freetype2_4_7.dll
0x00007ff9b1540000 - 0x00007ff9b1582000 	C:\WINDOWS\SYSTEM32\SspiCli.dll
0x00007ff9aace0000 - 0x00007ff9aacf9000 	C:\WINDOWS\SYSTEM32\dhcpcsvc6.DLL
0x00007ff9aac40000 - 0x00007ff9aac5f000 	C:\WINDOWS\SYSTEM32\dhcpcsvc.DLL
0x00007ff975ff0000 - 0x00007ff97602e000 	C:\WINDOWS\system32\spool\DRIVERS\x64\3\kvpui64.dll
0x00007ff96f9c0000 - 0x00007ff96fc6c000 	C:\WINDOWS\system32\spool\DRIVERS\x64\3\kvpdrv64.dll
0x00007ff9a4a80000 - 0x00007ff9a4b3c000 	C:\WINDOWS\SYSTEM32\mscms.dll
0x00007ff98ab90000 - 0x00007ff98abd9000 	C:\WINDOWS\SYSTEM32\icm32.dll
0x00007ff996960000 - 0x00007ff996a60000 	C:\WINDOWS\SYSTEM32\OpenGL32.DLL
0x00007ff997db0000 - 0x00007ff997ddd000 	C:\WINDOWS\SYSTEM32\GLU32.dll
0x00007ff9af920000 - 0x00007ff9af956000 	C:\WINDOWS\SYSTEM32\dxcore.dll
0x00007ff98bca0000 - 0x00007ff98bcde000 	C:\Program Files\Exelis\IDL83\bin\bin.x86_64\gl_driver.dll
0x00000000174d0000 - 0x00000000174d3000 	C:\WINDOWS\SYSTEM32\icmp.Dll
0x00007ff982020000 - 0x00007ff9820d0000 	C:\WINDOWS\SYSTEM32\TextShaping.dll
0x00007ff988ef0000 - 0x00007ff989199000 	C:\WINDOWS\system32\explorerframe.dll
0x00007ff9892d0000 - 0x00007ff98932e000 	C:\WINDOWS\system32\dataexchange.dll
0x00007ff9a8860000 - 0x00007ff9a8ae5000 	C:\WINDOWS\system32\twinapi.appcore.dll
0x00007ff97c5e0000 - 0x00007ff97c622000 	C:\WINDOWS\system32\mlang.dll
0x00007ff9b2090000 - 0x00007ff9b2133000 	C:\WINDOWS\SYSTEM32\sxs.dll
0x00007ff996350000 - 0x00007ff996361000 	C:\Users\77957\.idl\idlworkbench-config-idl8.3.0_x86_64\org.eclipse.osgi\bundles\208\1\.cp\jWinHttp-1.0.0.dll
0x00007ff9ab760000 - 0x00007ff9ab897000 	C:\WINDOWS\SYSTEM32\WINHTTP.dll
0x00007ff9af8a0000 - 0x00007ff9af8cb000 	C:\WINDOWS\system32\dwmapi.dll
0x00007ff98a350000 - 0x00007ff98a842000 	C:\WINDOWS\system32\windowsudk.shellcommon.dll
0x00007ff9ab670000 - 0x00007ff9ab6a7000 	C:\WINDOWS\system32\XmlLite.dll
0x00007ff98a910000 - 0x00007ff98aa84000 	C:\Windows\System32\Windows.UI.dll
0x00007ff982ce0000 - 0x00007ff982e55000 	C:\Windows\System32\Windows.UI.Immersive.dll
0x00007ff980510000 - 0x00007ff98057b000 	C:\Windows\System32\thumbcache.dll
0x00007ff9ad6a0000 - 0x00007ff9ad745000 	C:\WINDOWS\SYSTEM32\policymanager.dll
0x00007ff9ad570000 - 0x00007ff9ad603000 	C:\WINDOWS\SYSTEM32\msvcp110_win.dll
0x00007ff9b10a0000 - 0x00007ff9b10ac000 	C:\WINDOWS\system32\Secur32.dll
0x00007ff986d30000 - 0x00007ff986dd5000 	C:\Windows\System32\Windows.FileExplorer.Common.dll
0x00007ff9a4e00000 - 0x00007ff9a4e0e000 	C:\WINDOWS\SYSTEM32\atlthunk.dll
0x00007ff9b1ee0000 - 0x00007ff9b1f2e000 	C:\WINDOWS\system32\CFGMGR32.dll
0x00007ff9a4600000 - 0x00007ff9a4735000 	C:\Windows\System32\Windows.System.Launcher.dll
0x00007ff9a7820000 - 0x00007ff9a783a000 	C:\WINDOWS\SYSTEM32\windows.staterepositorycore.dll
0x00007ff9a2320000 - 0x00007ff9a233e000 	C:\WINDOWS\system32\MPR.dll
0x00007ff996390000 - 0x00007ff9963b9000 	C:\WINDOWS\System32\p9np.dll
0x00007ff9a5210000 - 0x00007ff9a521c000 	C:\WINDOWS\System32\drprov.dll
0x00007ff996400000 - 0x00007ff996419000 	C:\WINDOWS\System32\ntlanman.dll
0x00007ff996370000 - 0x00007ff99638f000 	C:\WINDOWS\System32\davclnt.dll
0x00007ff9b0ca0000 - 0x00007ff9b0d06000 	C:\WINDOWS\System32\WINSTA.dll
0x00007ff9a93f0000 - 0x00007ff9a940a000 	C:\WINDOWS\System32\wkscli.dll
0x00007ff98b800000 - 0x00007ff98b812000 	C:\WINDOWS\SYSTEM32\cscapi.dll
0x00007ff9b0c20000 - 0x00007ff9b0c2c000 	C:\WINDOWS\System32\netutils.dll
0x00007ff940b30000 - 0x00007ff940b87000 	C:\Windows\System32\dlnashext.dll

VM Arguments:
jvm_args: -Dosgi.instance.area.default=@user.home/IDLWorkspace83 -Dosgi.configuration.area=@user.home/.idl/idlworkbench-config-idl8.3.0_x86_64 -Dosgi.configuration.cascaded=true -Dosgi.checkConfiguration=true -Dosgi.sharedConfiguration.area.readOnly=true -Dorg.eclipse.update.reconcile=false -Declipse.p2.data.area=@config.dir/p2 -Dosgi.sharedConfiguration.area=C:\Program Files\Exelis\IDL83\bin\bin.x86_64/configuration 
java_command: <unknown>
Launcher Type: generic

Environment Variables:
PATH=C:/Program Files/Exelis/IDL83/bin/bin.x86_64/jre/bin/server;C:/Program Files/Exelis/IDL83/bin/bin.x86_64/jre/bin;C:/Program Files/Exelis/IDL83/bin/bin.x86_64/jre/lib/amd64;C:\Program Files\Exelis\IDL83\bin\bin.x86_64\;C:\WINDOWS\system32;C:\WINDOWS;C:\WINDOWS\System32\Wbem;C:\WINDOWS\System32\WindowsPowerShell\v1.0\;C:\WINDOWS\System32\OpenSSH\;C:\Users\77957\AppData\Local\Programs\Python\Python38;C:\Users\77957\AppData\Local\Programs\Python\Python38\Scripts;C:\Users\77957\AppData\Local\Microsoft\WindowsApps;C:\Program Files\JetBrains\PyCharm 2023.1\bin;;C:\Users\77957\AppData\Local\Programs\Python\Python38;;C:\Program Files\Exelis\IDL83\bin\bin.x86_64;
USERNAME=77957
OS=Windows_NT
PROCESSOR_IDENTIFIER=Intel64 Family 6 Model 140 Stepping 1, GenuineIntel



---------------  S Y S T E M  ---------------

OS: Windows 8 , 64 bit Build 9200 

CPU:total 8 (4 cores per cpu, 2 threads per core) family 6 model 140 stepping 1, cmov, cx8, fxsr, mmx, sse, sse2, sse3, ssse3, sse4.1, sse4.2, popcnt, avx, avx2, ht, tsc, tscinvbit

Memory: 4k page, physical 16607280k(3826616k free), swap 17655856k(2374744k free)

vm_info: Java HotSpot(TM) 64-Bit Server VM (23.25-b01) for windows-amd64 JRE (1.7.0_25-b17), built on Jun 21 2013 12:58:32 by "java_re" with unknown MS VC++:1600

time: Sat Dec 16 11:59:29 2023
elapsed time: 3077 seconds

