#
# A fatal error has been detected by the Java Runtime Environment:
#
#  EXCEPTION_ACCESS_VIOLATION (0xc0000005) at pc=0x00007ff8b9e039d4, pid=15924, tid=16248
#
# JRE version: 7.0_25-b17
# Java VM: Java HotSpot(TM) 64-Bit Server VM (23.25-b01 mixed mode windows-amd64 compressed oops)
# Problematic frame:
# C  [idl.dll+0x4139d4]  IDL_igSrcDestPopContext+0x1044
#
# Failed to write core dump. Minidumps are not enabled by default on client versions of Windows
#
# If you would like to submit a bug report, please visit:
#   http://bugreport.sun.com/bugreport/crash.jsp
# The crash happened outside the Java Virtual Machine in native code.
# See problematic frame for where to report the bug.
#

---------------  T H R E A D  ---------------

Current thread (0x000000000def7000):  JavaThread "IDL" [_thread_in_native, id=16248, stack(0x0000000011b90000,0x0000000011c90000)]

siginfo: ExceptionCode=0xc0000005, reading address 0x0000000000000058

Registers:
RAX=0x0000000000000000, RBX=0x000000007f3982f0, RCX=0x0000000000000000, RDX=0x000000000f6ab4d0
RSP=0x0000000011c8e380, RBP=0x0000000011c8e480, RSI=0x0000000081855550, RDI=0x0000000011c8e410
R8 =0x0000000000000002, R9 =0x0000000000000000, R10=0x0000000000000000, R11=0x0000000000000005
R12=0x00000000818555e0, R13=0x00000000ba3039f0, R14=0x0000000000000000, R15=0x000000001080e2e0
RIP=0x00007ff8b9e039d4, EFLAGS=0x0000000000010206

Top of Stack: (sp=0x0000000011c8e380)
0x0000000011c8e380:   0000000017395620 000000000f6ab4d0
0x0000000011c8e390:   0000000000000002 0000000000000000
0x0000000011c8e3a0:   0000000000000000 00007ff800000001
0x0000000011c8e3b0:   0000000011c8e3f0 0000000000000000
0x0000000011c8e3c0:   0000000000000000 0000000000000000
0x0000000011c8e3d0:   00007ff8ba3039f0 00007ff8b9c399a5
0x0000000011c8e3e0:   0000000011c8f200 00007ff8b9c39960
0x0000000011c8e3f0:   0000000011c8e428 0000000000000000
0x0000000011c8e400:   0000000000000000 00007ff800000000
0x0000000011c8e410:   0000000000000000 000000000007251f
0x0000000011c8e420:   0000000000000000 000000000000010b
0x0000000011c8e430:   000000000007251c 0000000000000000
0x0000000011c8e440:   ffffffffffffffff 00007ff8ba2516d0
0x0000000011c8e450:   0000000000000007 0000000011c8e460
0x0000000011c8e460:   0000000000000000 000000006ee88d94
0x0000000011c8e470:   0000000014e18b4c 0000000000000000 

Instructions: (pc=0x00007ff8b9e039d4)
0x00007ff8b9e039b4:   41 02 e8 e5 4a cb ff 48 8b c8 48 8b 46 20 48 03
0x00007ff8b9e039c4:   48 18 48 8b 81 c8 00 00 00 48 8b 89 d0 00 00 00
0x00007ff8b9e039d4:   ff 50 58 45 33 c0 33 d2 48 8b cb e8 5c f8 ff ff
0x00007ff8b9e039e4:   85 c0 0f 84 d4 fe ff ff 83 7c 24 7c 00 74 28 48 


Register to memory mapping:

RAX=0x0000000000000000 is an unknown value
RBX=0x000000007f3982f0 is an unknown value
RCX=0x0000000000000000 is an unknown value
RDX=0x000000000f6ab4d0 is an unknown value
RSP=0x0000000011c8e380 is pointing into the stack for thread: 0x000000000def7000
RBP=0x0000000011c8e480 is pointing into the stack for thread: 0x000000000def7000
RSI=0x0000000081855550 is an unknown value
RDI=0x0000000011c8e410 is pointing into the stack for thread: 0x000000000def7000
R8 =0x0000000000000002 is an unknown value
R9 =0x0000000000000000 is an unknown value
R10=0x0000000000000000 is an unknown value
R11=0x0000000000000005 is an unknown value
R12=0x00000000818555e0 is an unknown value
R13=0x00000000ba3039f0 is an unknown value
R14=0x0000000000000000 is an unknown value
R15=0x000000001080e2e0 is an unknown value


Stack: [0x0000000011b90000,0x0000000011c90000],  sp=0x0000000011c8e380,  free space=1016k
Native frames: (J=compiled Java code, j=interpreted, Vv=VM code, C=native code)
C  [idl.dll+0x4139d4]  IDL_igSrcDestPopContext+0x1044

Java frames: (J=compiled Java code, j=interpreted, Vv=VM code)
j  com.rsi.idldt.core.ips.IPS_Access.IPS_Start([Ljava/lang/String;)V+0
j  com.rsi.idldt.core.ips.IPS_Manager$2.run()V+15
j  java.lang.Thread.run()V+11
v  ~StubRoutines::call_stub

---------------  P R O C E S S  ---------------

Java Threads: ( => current thread )
  0x0000000015304000 JavaThread "Worker-40" [_thread_blocked, id=1576, stack(0x000000006b110000,0x000000006b210000)]
  0x00000000152fe000 JavaThread "Worker-38" [_thread_blocked, id=4680, stack(0x0000000052510000,0x0000000052610000)]
  0x00000000152fc800 JavaThread "Worker-34" [_thread_blocked, id=14448, stack(0x00000000469a0000,0x0000000046aa0000)]
  0x0000000015301000 JavaThread "Worker-33" [_thread_blocked, id=6380, stack(0x0000000046780000,0x0000000046880000)]
  0x0000000015303800 JavaThread "Worker-32" [_thread_blocked, id=13092, stack(0x000000000ff70000,0x0000000010070000)]
  0x0000000015300800 JavaThread "Worker-19" [_thread_blocked, id=1028, stack(0x00000000113c0000,0x00000000114c0000)]
  0x000000000f631800 JavaThread "Timer-2" daemon [_thread_blocked, id=10852, stack(0x0000000016f40000,0x0000000017040000)]
  0x000000000f631000 JavaThread "Timer-1" daemon [_thread_blocked, id=10636, stack(0x00000000169c0000,0x0000000016ac0000)]
  0x000000000f62c800 JavaThread "Thread-14" [_thread_in_native, id=3280, stack(0x0000000016690000,0x0000000016790000)]
  0x000000000f628000 JavaThread "IDLDT DOM Worker-7" [_thread_blocked, id=7940, stack(0x0000000016590000,0x0000000016690000)]
  0x000000000f62a000 JavaThread "IDLDT DOM Worker-6" [_thread_blocked, id=14816, stack(0x0000000016490000,0x0000000016590000)]
  0x000000000f629800 JavaThread "IDLDT DOM Worker-5" [_thread_blocked, id=13012, stack(0x0000000016390000,0x0000000016490000)]
  0x000000000f628800 JavaThread "IDLDT DOM Worker-4" [_thread_blocked, id=15432, stack(0x0000000016290000,0x0000000016390000)]
  0x000000000f62e800 JavaThread "IDLDT DOM Worker-3" [_thread_blocked, id=14552, stack(0x0000000016190000,0x0000000016290000)]
  0x000000000def6800 JavaThread "IDLDT DOM Worker-2" [_thread_blocked, id=11844, stack(0x0000000016090000,0x0000000016190000)]
  0x000000000def5800 JavaThread "IDLDT DOM Worker-1" [_thread_blocked, id=1744, stack(0x0000000015f90000,0x0000000016090000)]
  0x000000000def4000 JavaThread "IDLDT DOM Worker-0" [_thread_blocked, id=15220, stack(0x0000000015e90000,0x0000000015f90000)]
  0x000000000def2800 JavaThread "Timer-0" daemon [_thread_blocked, id=360, stack(0x0000000015d90000,0x0000000015e90000)]
=>0x000000000def7000 JavaThread "IDL" [_thread_in_native, id=16248, stack(0x0000000011b90000,0x0000000011c90000)]
  0x000000000e203800 JavaThread "IDLToJava Broker" daemon [_thread_blocked, id=14724, stack(0x0000000011990000,0x0000000011a90000)]
  0x000000000f2e2000 JavaThread "Provisioning Event Dispatcher" daemon [_thread_blocked, id=15544, stack(0x0000000010070000,0x0000000010170000)]
  0x000000000f12b800 JavaThread "[ThreadPool Manager] - Idle Thread" daemon [_thread_blocked, id=12620, stack(0x000000000fe70000,0x000000000ff70000)]
  0x000000000f11f800 JavaThread "Bundle File Closer" daemon [_thread_blocked, id=8988, stack(0x000000000fb70000,0x000000000fc70000)]
  0x000000000efa9000 JavaThread "Worker-JM" [_thread_blocked, id=16128, stack(0x000000000fd70000,0x000000000fe70000)]
  0x000000000e1d7000 JavaThread "[Timer] - Main Queue Handler" daemon [_thread_blocked, id=13380, stack(0x000000000fc70000,0x000000000fd70000)]
  0x000000000e25e800 JavaThread "Framework Event Dispatcher" daemon [_thread_blocked, id=13476, stack(0x000000000fa70000,0x000000000fb70000)]
  0x000000000dfa5800 JavaThread "Start Level Event Dispatcher" daemon [_thread_blocked, id=9204, stack(0x000000000f970000,0x000000000fa70000)]
  0x000000000efcd800 JavaThread "State Data Manager" daemon [_thread_blocked, id=5868, stack(0x000000000f870000,0x000000000f970000)]
  0x000000000df91800 JavaThread "Framework Active Thread" [_thread_blocked, id=10664, stack(0x000000000f770000,0x000000000f870000)]
  0x000000000b979000 JavaThread "Service Thread" daemon [_thread_blocked, id=3416, stack(0x000000000dd60000,0x000000000de60000)]
  0x000000000b972800 JavaThread "C2 CompilerThread1" daemon [_thread_blocked, id=15412, stack(0x000000000dc60000,0x000000000dd60000)]
  0x000000000b96d800 JavaThread "C2 CompilerThread0" daemon [_thread_blocked, id=7748, stack(0x000000000db60000,0x000000000dc60000)]
  0x000000000b943000 JavaThread "Attach Listener" daemon [_thread_blocked, id=14540, stack(0x000000000da60000,0x000000000db60000)]
  0x000000000b942000 JavaThread "Signal Dispatcher" daemon [_thread_blocked, id=15460, stack(0x000000000d960000,0x000000000da60000)]
  0x000000000b8e0000 JavaThread "Finalizer" daemon [_thread_blocked, id=15128, stack(0x000000000d860000,0x000000000d960000)]
  0x000000000b8d8800 JavaThread "Reference Handler" daemon [_thread_blocked, id=6348, stack(0x000000000d760000,0x000000000d860000)]
  0x0000000002140800 JavaThread "main" [_thread_in_vm, id=10604, stack(0x0000000000050000,0x0000000000150000)]

Other Threads:
  0x000000000b8d4800 VMThread [stack: 0x000000000d660000,0x000000000d760000] [id=11796]
  0x000000000de78800 WatcherThread [stack: 0x000000000e260000,0x000000000e360000] [id=15932]

VM state:not at safepoint (normal execution)

VM Mutex/Monitor currently owned by a thread: None

Heap
 PSYoungGen      total 202944K, used 162421K [0x00000007d5f60000, 0x00000007e4c00000, 0x0000000800000000)
  eden space 175872K, 80% used [0x00000007d5f60000,0x00000007de971318,0x00000007e0b20000)
  from space 27072K, 77% used [0x00000007e2720000,0x00000007e3bac120,0x00000007e4190000)
  to   space 28672K, 0% used [0x00000007e0b20000,0x00000007e0b20000,0x00000007e2720000)
 ParOldGen       total 177088K, used 78367K [0x0000000781e00000, 0x000000078caf0000, 0x00000007d5f60000)
  object space 177088K, 44% used [0x0000000781e00000,0x0000000786a87fb0,0x000000078caf0000)
 PSPermGen       total 47808K, used 47483K [0x000000077cc00000, 0x000000077fab0000, 0x0000000781e00000)
  object space 47808K, 99% used [0x000000077cc00000,0x000000077fa5ec68,0x000000077fab0000)

Card table byte_map: [0x00000000056a0000,0x0000000005ac0000] byte_map_base: 0x0000000001aba000

Polling page: 0x00000000004f0000

Code Cache  [0x00000000025e0000, 0x0000000002cf0000, 0x00000000055e0000)
 total_blobs=2547 nmethods=1888 adapters=607 free_code_cache=42076Kb largest_free_block=42970496

Compilation events (10 events):
Event: 4886.919 Thread 0x000000000b96d800 2131             java.util.IdentityHashMap::resize (163 bytes)
Event: 4886.922 Thread 0x000000000b96d800 nmethod 2131 0x00000000029d56d0 code [0x00000000029d5840, 0x00000000029d5d08]
Event: 4887.026 Thread 0x000000000b972800 2132             org.eclipse.core.expressions.EvaluationContext::getVariable (50 bytes)
Event: 4887.034 Thread 0x000000000b972800 nmethod 2132 0x00000000027f1790 code [0x00000000027f1920, 0x00000000027f21c8]
Event: 4889.849 Thread 0x000000000b96d800 2133   !         org.eclipse.ui.internal.UISynchronizer::asyncExec (69 bytes)
Event: 4889.853 Thread 0x000000000b96d800 nmethod 2133 0x0000000002cdb790 code [0x0000000002cdb920, 0x0000000002cdc4d8]
Event: 4891.086 Thread 0x000000000b972800 2134             com.rsi.idldt.core.ips.IPS::proxy (4 bytes)
Event: 4891.086 Thread 0x000000000b972800 nmethod 2134 0x0000000002809490 code [0x00000000028095c0, 0x0000000002809638]
Event: 4891.090 Thread 0x000000000b96d800 2135   !         org.eclipse.core.internal.jobs.JobManager::schedule (150 bytes)
Event: 4891.109 Thread 0x000000000b96d800 nmethod 2135 0x0000000002cdf250 code [0x0000000002cdf700, 0x0000000002ce1690]

GC Heap History (10 events):
Event: 4846.588 GC heap before
{Heap before GC invocations=238 (full 77):
 PSYoungGen      total 211328K, used 90317K [0x00000007d5f60000, 0x00000007e4c20000, 0x0000000800000000)
  eden space 182400K, 39% used [0x00000007d5f60000,0x00000007da632970,0x00000007e1180000)
  from space 28928K, 61% used [0x00000007e2e50000,0x00000007e3fb0ba0,0x00000007e4a90000)
  to   space 29504K, 0% used [0x00000007e1180000,0x00000007e1180000,0x00000007e2e50000)
 ParOldGen       total 177088K, used 78241K [0x0000000781e00000, 0x000000078caf0000, 0x00000007d5f60000)
  object space 177088K, 44% used [0x0000000781e00000,0x0000000786a687b0,0x000000078caf0000)
 PSPermGen       total 47808K, used 47463K [0x000000077cc00000, 0x000000077fab0000, 0x0000000781e00000)
  object space 47808K, 99% used [0x000000077cc00000,0x000000077fa59d20,0x000000077fab0000)
Event: 4846.592 GC heap after
Heap after GC invocations=238 (full 77):
 PSYoungGen      total 211904K, used 15161K [0x00000007d5f60000, 0x00000007e4ac0000, 0x0000000800000000)
  eden space 182400K, 0% used [0x00000007d5f60000,0x00000007d5f60000,0x00000007e1180000)
  from space 29504K, 51% used [0x00000007e1180000,0x00000007e204e4b0,0x00000007e2e50000)
  to   space 28800K, 0% used [0x00000007e2ea0000,0x00000007e2ea0000,0x00000007e4ac0000)
 ParOldGen       total 177088K, used 78241K [0x0000000781e00000, 0x000000078caf0000, 0x00000007d5f60000)
  object space 177088K, 44% used [0x0000000781e00000,0x0000000786a687b0,0x000000078caf0000)
 PSPermGen       total 47808K, used 47463K [0x000000077cc00000, 0x000000077fab0000, 0x0000000781e00000)
  object space 47808K, 99% used [0x000000077cc00000,0x000000077fa59d20,0x000000077fab0000)
}
Event: 4846.592 GC heap before
{Heap before GC invocations=239 (full 78):
 PSYoungGen      total 211904K, used 15161K [0x00000007d5f60000, 0x00000007e4ac0000, 0x0000000800000000)
  eden space 182400K, 0% used [0x00000007d5f60000,0x00000007d5f60000,0x00000007e1180000)
  from space 29504K, 51% used [0x00000007e1180000,0x00000007e204e4b0,0x00000007e2e50000)
  to   space 28800K, 0% used [0x00000007e2ea0000,0x00000007e2ea0000,0x00000007e4ac0000)
 ParOldGen       total 177088K, used 78241K [0x0000000781e00000, 0x000000078caf0000, 0x00000007d5f60000)
  object space 177088K, 44% used [0x0000000781e00000,0x0000000786a687b0,0x000000078caf0000)
 PSPermGen       total 47808K, used 47463K [0x000000077cc00000, 0x000000077fab0000, 0x0000000781e00000)
  object space 47808K, 99% used [0x000000077cc00000,0x000000077fa59d20,0x000000077fab0000)
Event: 4846.655 GC heap after
Heap after GC invocations=239 (full 78):
 PSYoungGen      total 211904K, used 0K [0x00000007d5f60000, 0x00000007e4ac0000, 0x0000000800000000)
  eden space 182400K, 0% used [0x00000007d5f60000,0x00000007d5f60000,0x00000007e1180000)
  from space 29504K, 0% used [0x00000007e1180000,0x00000007e1180000,0x00000007e2e50000)
  to   space 28800K, 0% used [0x00000007e2ea0000,0x00000007e2ea0000,0x00000007e4ac0000)
 ParOldGen       total 177088K, used 78367K [0x0000000781e00000, 0x000000078caf0000, 0x00000007d5f60000)
  object space 177088K, 44% used [0x0000000781e00000,0x0000000786a87fb0,0x000000078caf0000)
 PSPermGen       total 47808K, used 47463K [0x000000077cc00000, 0x000000077fab0000, 0x0000000781e00000)
  object space 47808K, 99% used [0x000000077cc00000,0x000000077fa59c60,0x000000077fab0000)
}
Event: 4881.317 GC heap before
{Heap before GC invocations=240 (full 78):
 PSYoungGen      total 211904K, used 182400K [0x00000007d5f60000, 0x00000007e4ac0000, 0x0000000800000000)
  eden space 182400K, 100% used [0x00000007d5f60000,0x00000007e1180000,0x00000007e1180000)
  from space 29504K, 0% used [0x00000007e1180000,0x00000007e1180000,0x00000007e2e50000)
  to   space 28800K, 0% used [0x00000007e2ea0000,0x00000007e2ea0000,0x00000007e4ac0000)
 ParOldGen       total 177088K, used 78367K [0x0000000781e00000, 0x000000078caf0000, 0x00000007d5f60000)
  object space 177088K, 44% used [0x0000000781e00000,0x0000000786a87fb0,0x000000078caf0000)
 PSPermGen       total 47808K, used 47463K [0x000000077cc00000, 0x000000077fab0000, 0x0000000781e00000)
  object space 47808K, 99% used [0x000000077cc00000,0x000000077fa59ed0,0x000000077fab0000)
Event: 4881.322 GC heap after
Heap after GC invocations=240 (full 78):
 PSYoungGen      total 212608K, used 15825K [0x00000007d5f60000, 0x00000007e4eb0000, 0x0000000800000000)
  eden space 183808K, 0% used [0x00000007d5f60000,0x00000007d5f60000,0x00000007e12e0000)
  from space 28800K, 54% used [0x00000007e2ea0000,0x00000007e3e14468,0x00000007e4ac0000)
  to   space 28416K, 0% used [0x00000007e12e0000,0x00000007e12e0000,0x00000007e2ea0000)
 ParOldGen       total 177088K, used 78367K [0x0000000781e00000, 0x000000078caf0000, 0x00000007d5f60000)
  object space 177088K, 44% used [0x0000000781e00000,0x0000000786a87fb0,0x000000078caf0000)
 PSPermGen       total 47808K, used 47463K [0x000000077cc00000, 0x000000077fab0000, 0x0000000781e00000)
  object space 47808K, 99% used [0x000000077cc00000,0x000000077fa59ed0,0x000000077fab0000)
}
Event: 4889.779 GC heap before
{Heap before GC invocations=241 (full 78):
 PSYoungGen      total 212608K, used 199633K [0x00000007d5f60000, 0x00000007e4eb0000, 0x0000000800000000)
  eden space 183808K, 100% used [0x00000007d5f60000,0x00000007e12e0000,0x00000007e12e0000)
  from space 28800K, 54% used [0x00000007e2ea0000,0x00000007e3e14468,0x00000007e4ac0000)
  to   space 28416K, 0% used [0x00000007e12e0000,0x00000007e12e0000,0x00000007e2ea0000)
 ParOldGen       total 177088K, used 78367K [0x0000000781e00000, 0x000000078caf0000, 0x00000007d5f60000)
  object space 177088K, 44% used [0x0000000781e00000,0x0000000786a87fb0,0x000000078caf0000)
 PSPermGen       total 47808K, used 47483K [0x000000077cc00000, 0x000000077fab0000, 0x0000000781e00000)
  object space 47808K, 99% used [0x000000077cc00000,0x000000077fa5ec08,0x000000077fab0000)
Event: 4889.785 GC heap after
Heap after GC invocations=241 (full 78):
 PSYoungGen      total 190976K, used 13447K [0x00000007d5f60000, 0x00000007e4190000, 0x0000000800000000)
  eden space 177472K, 0% used [0x00000007d5f60000,0x00000007d5f60000,0x00000007e0cb0000)
  from space 13504K, 99% used [0x00000007e12e0000,0x00000007e2001fc0,0x00000007e2010000)
  to   space 27072K, 0% used [0x00000007e2720000,0x00000007e2720000,0x00000007e4190000)
 ParOldGen       total 177088K, used 78367K [0x0000000781e00000, 0x000000078caf0000, 0x00000007d5f60000)
  object space 177088K, 44% used [0x0000000781e00000,0x0000000786a87fb0,0x000000078caf0000)
 PSPermGen       total 47808K, used 47483K [0x000000077cc00000, 0x000000077fab0000, 0x0000000781e00000)
  object space 47808K, 99% used [0x000000077cc00000,0x000000077fa5ec08,0x000000077fab0000)
}
Event: 4891.059 GC heap before
{Heap before GC invocations=242 (full 78):
 PSYoungGen      total 190976K, used 190919K [0x00000007d5f60000, 0x00000007e4190000, 0x0000000800000000)
  eden space 177472K, 100% used [0x00000007d5f60000,0x00000007e0cb0000,0x00000007e0cb0000)
  from space 13504K, 99% used [0x00000007e12e0000,0x00000007e2001fc0,0x00000007e2010000)
  to   space 27072K, 0% used [0x00000007e2720000,0x00000007e2720000,0x00000007e4190000)
 ParOldGen       total 177088K, used 78367K [0x0000000781e00000, 0x000000078caf0000, 0x00000007d5f60000)
  object space 177088K, 44% used [0x0000000781e00000,0x0000000786a87fb0,0x000000078caf0000)
 PSPermGen       total 47808K, used 47483K [0x000000077cc00000, 0x000000077fab0000, 0x0000000781e00000)
  object space 47808K, 99% used [0x000000077cc00000,0x000000077fa5ec08,0x000000077fab0000)
Event: 4891.066 GC heap after
Heap after GC invocations=242 (full 78):
 PSYoungGen      total 202944K, used 21040K [0x00000007d5f60000, 0x00000007e4c00000, 0x0000000800000000)
  eden space 175872K, 0% used [0x00000007d5f60000,0x00000007d5f60000,0x00000007e0b20000)
  from space 27072K, 77% used [0x00000007e2720000,0x00000007e3bac120,0x00000007e4190000)
  to   space 28672K, 0% used [0x00000007e0b20000,0x00000007e0b20000,0x00000007e2720000)
 ParOldGen       total 177088K, used 78367K [0x0000000781e00000, 0x000000078caf0000, 0x00000007d5f60000)
  object space 177088K, 44% used [0x0000000781e00000,0x0000000786a87fb0,0x000000078caf0000)
 PSPermGen       total 47808K, used 47483K [0x000000077cc00000, 0x000000077fab0000, 0x0000000781e00000)
  object space 47808K, 99% used [0x000000077cc00000,0x000000077fa5ec08,0x000000077fab0000)
}

Deoptimization events (10 events):
Event: 4886.910 Thread 0x0000000002140800 Uncommon trap -83 fr.pc 0x0000000002cb0f24
Event: 4886.972 Thread 0x0000000002140800 Uncommon trap -83 fr.pc 0x0000000002bf1cec
Event: 4887.076 Thread 0x0000000002140800 Uncommon trap -34 fr.pc 0x0000000002ab5e5c
Event: 4887.076 Thread 0x0000000002140800 Uncommon trap -34 fr.pc 0x0000000002bbae2c
Event: 4887.092 Thread 0x0000000002140800 Uncommon trap -34 fr.pc 0x0000000002ab5e5c
Event: 4887.092 Thread 0x0000000002140800 Uncommon trap -34 fr.pc 0x0000000002bbae2c
Event: 4887.106 Thread 0x0000000002140800 Uncommon trap -34 fr.pc 0x0000000002ab5e5c
Event: 4887.106 Thread 0x0000000002140800 Uncommon trap -34 fr.pc 0x0000000002bbae2c
Event: 4887.818 Thread 0x0000000002140800 Uncommon trap -34 fr.pc 0x0000000002ab5e5c
Event: 4887.818 Thread 0x0000000002140800 Uncommon trap -34 fr.pc 0x0000000002bbae2c

Internal exceptions (10 events):
Event: 215.105 Thread 0x0000000002140800 Implicit null exception at 0x0000000002b18744 to 0x0000000002b1b8c9
Event: 668.591 Thread 0x0000000002140800 Implicit null exception at 0x0000000002aaba7c to 0x0000000002aabcc5
Event: 668.591 Thread 0x0000000002140800 Implicit null exception at 0x0000000002ab4a6c to 0x0000000002ab5725
Event: 668.591 Thread 0x0000000002140800 Implicit null exception at 0x0000000002aa8932 to 0x0000000002aa8e31
Event: 668.591 Thread 0x0000000002140800 Implicit null exception at 0x0000000002ab1bbb to 0x0000000002ab208d
Event: 4526.935 Thread 0x00000000152fe000 Threw 0x00000007dc9a0df0 at C:\jdk7u2_64p\jdk7u25\hotspot\src\share\vm\runtime\objectMonitor.cpp:1612
Event: 4551.771 Thread 0x00000000152fc800 Threw 0x00000007d8a10da0 at C:\jdk7u2_64p\jdk7u25\hotspot\src\share\vm\runtime\objectMonitor.cpp:1612
Event: 4671.854 Thread 0x00000000152fc800 Implicit null exception at 0x00000000027f19bf to 0x00000000027f1fc1
Event: 4886.886 Thread 0x0000000002140800 Implicit null exception at 0x0000000002b63ae0 to 0x0000000002b64aa5
Event: 4886.910 Thread 0x0000000002140800 Implicit null exception at 0x0000000002cadd49 to 0x0000000002cb0ef5

Events (10 events):
Event: 4889.461 Thread 0x00000000152fd800 Thread exited: 0x00000000152fd800
Event: 4889.779 Executing VM operation: ParallelGCFailedAllocation
Event: 4889.785 Executing VM operation: ParallelGCFailedAllocation done
Event: 4889.853 Thread 0x000000000b96d800 flushing nmethod 0x0000000002924390
Event: 4889.854 Thread 0x000000000b96d800 flushing nmethod 0x00000000029cef50
Event: 4891.024 Thread 0x00000000152fd800 Thread added: 0x00000000152fd800
Event: 4891.059 Executing VM operation: ParallelGCFailedAllocation
Event: 4891.066 Executing VM operation: ParallelGCFailedAllocation done
Event: 4891.072 Thread 0x00000000152fd800 Thread exited: 0x00000000152fd800
Event: 4891.761 Thread 0x0000000015306800 Thread exited: 0x0000000015306800


Dynamic libraries:
0x0000000000400000 - 0x000000000040e000 	C:\Program Files\Exelis\IDL83\bin\bin.x86_64\idlde.exe
0x00007ff91a4d0000 - 0x00007ff91a6c8000 	C:\WINDOWS\SYSTEM32\ntdll.dll
0x00007ff9189e0000 - 0x00007ff918a9f000 	C:\WINDOWS\System32\KERNEL32.DLL
0x00007ff918200000 - 0x00007ff9184f6000 	C:\WINDOWS\System32\KERNELBASE.dll
0x00007ff918b40000 - 0x00007ff918cdd000 	C:\WINDOWS\System32\USER32.dll
0x00007ff918130000 - 0x00007ff918152000 	C:\WINDOWS\System32\win32u.dll
0x00007ff918530000 - 0x00007ff91855c000 	C:\WINDOWS\System32\GDI32.dll
0x00007ff917d20000 - 0x00007ff917e35000 	C:\WINDOWS\System32\gdi32full.dll
0x00007ff918160000 - 0x00007ff9181fd000 	C:\WINDOWS\System32\msvcp_win.dll
0x00007ff917bb0000 - 0x00007ff917cb0000 	C:\WINDOWS\System32\ucrtbase.dll
0x00007ff919b00000 - 0x00007ff919b9e000 	C:\WINDOWS\System32\msvcrt.dll
0x00007ff9012c0000 - 0x00007ff90155a000 	C:\WINDOWS\WinSxS\amd64_microsoft.windows.common-controls_6595b64144ccf1df_6.0.19041.1110_none_60b5254171f9507e\COMCTL32.dll
0x00007ff919310000 - 0x00007ff919340000 	C:\WINDOWS\System32\IMM32.DLL
0x0000000072000000 - 0x0000000072012000 	C:\Program Files\Exelis\IDL83\bin\bin.x86_64\plugins\org.eclipse.equinox.launcher.win32.win32.x86_64_1.1.100.v20110502\eclipse_1406.dll
0x00007ff919910000 - 0x00007ff9199bf000 	C:\WINDOWS\System32\ADVAPI32.dll
0x00007ff918aa0000 - 0x00007ff918b3c000 	C:\WINDOWS\System32\sechost.dll
0x00007ff918850000 - 0x00007ff918976000 	C:\WINDOWS\System32\RPCRT4.dll
0x00007ff910990000 - 0x00007ff91099a000 	C:\WINDOWS\SYSTEM32\VERSION.dll
0x000000006ef00000 - 0x000000006f60f000 	C:\Program Files\Exelis\IDL83\bin\bin.x86_64\jre\bin\server\jvm.dll
0x00007ff9194e0000 - 0x00007ff9194e8000 	C:\WINDOWS\System32\PSAPI.DLL
0x00007ff8fcf00000 - 0x00007ff8fcf09000 	C:\WINDOWS\SYSTEM32\WSOCK32.dll
0x00007ff90bb60000 - 0x00007ff90bb87000 	C:\WINDOWS\SYSTEM32\WINMM.dll
0x00007ff919a90000 - 0x00007ff919afb000 	C:\WINDOWS\System32\WS2_32.dll
0x000000006ee20000 - 0x000000006eef2000 	C:\WINDOWS\SYSTEM32\MSVCR100.dll
0x000000006ee10000 - 0x000000006ee1f000 	C:\Program Files\Exelis\IDL83\bin\bin.x86_64\jre\bin\verify.dll
0x000000006ede0000 - 0x000000006ee08000 	C:\Program Files\Exelis\IDL83\bin\bin.x86_64\jre\bin\java.dll
0x000000006edc0000 - 0x000000006edd5000 	C:\Program Files\Exelis\IDL83\bin\bin.x86_64\jre\bin\zip.dll
0x00007ff917540000 - 0x00007ff917558000 	C:\WINDOWS\SYSTEM32\CRYPTSP.dll
0x00007ff916c00000 - 0x00007ff916c34000 	C:\WINDOWS\system32\rsaenh.dll
0x00007ff918500000 - 0x00007ff918527000 	C:\WINDOWS\System32\bcrypt.dll
0x00007ff917a60000 - 0x00007ff917a8e000 	C:\WINDOWS\SYSTEM32\USERENV.dll
0x00007ff917ae0000 - 0x00007ff917b05000 	C:\WINDOWS\SYSTEM32\profapi.dll
0x00007ff917ef0000 - 0x00007ff917f72000 	C:\WINDOWS\System32\bcryptprimitives.dll
0x00007ff917560000 - 0x00007ff91756c000 	C:\WINDOWS\SYSTEM32\CRYPTBASE.dll
0x000000006eda0000 - 0x000000006edb9000 	C:\Program Files\Exelis\IDL83\bin\bin.x86_64\jre\bin\net.dll
0x00007ff917350000 - 0x00007ff9173ba000 	C:\WINDOWS\system32\mswsock.dll
0x00007ff8fc110000 - 0x00007ff8fc127000 	C:\WINDOWS\system32\napinsp.dll
0x00007ff8fc0f0000 - 0x00007ff8fc10b000 	C:\WINDOWS\system32\pnrpnsp.dll
0x00007ff8f1f40000 - 0x00007ff8f1f55000 	C:\WINDOWS\system32\wshbth.dll
0x00007ff914260000 - 0x00007ff91427d000 	C:\WINDOWS\system32\NLAapi.dll
0x00007ff916ff0000 - 0x00007ff91702c000 	C:\WINDOWS\SYSTEM32\IPHLPAPI.DLL
0x00007ff917040000 - 0x00007ff91710a000 	C:\WINDOWS\SYSTEM32\DNSAPI.dll
0x00007ff919d30000 - 0x00007ff919d38000 	C:\WINDOWS\System32\NSI.dll
0x00007ff8f8cb0000 - 0x00007ff8f8cc2000 	C:\WINDOWS\System32\winrnr.dll
0x00007ff9023c0000 - 0x00007ff9023ca000 	C:\Windows\System32\rasadhlp.dll
0x00007ff902960000 - 0x00007ff9029e2000 	C:\WINDOWS\System32\fwpuclnt.dll
0x000000006ed80000 - 0x000000006ed91000 	C:\Program Files\Exelis\IDL83\bin\bin.x86_64\jre\bin\nio.dll
0x00007ff9154a0000 - 0x00007ff91553e000 	C:\WINDOWS\system32\uxtheme.dll
0x00007ff919550000 - 0x00007ff9198a4000 	C:\WINDOWS\System32\combase.dll
0x00007ff918d60000 - 0x00007ff918e74000 	C:\WINDOWS\System32\MSCTF.dll
0x00007ff9199c0000 - 0x00007ff919a8d000 	C:\WINDOWS\System32\OLEAUT32.dll
0x00007ff915a60000 - 0x00007ff915a72000 	C:\WINDOWS\SYSTEM32\kernel.appcore.dll
0x00007ff904ec0000 - 0x00007ff904fb9000 	C:\WINDOWS\SYSTEM32\textinputframework.dll
0x00007ff9147b0000 - 0x00007ff914b0e000 	C:\WINDOWS\System32\CoreUIComponents.dll
0x00007ff914c60000 - 0x00007ff914d52000 	C:\WINDOWS\System32\CoreMessaging.dll
0x00007ff9187a0000 - 0x00007ff91884d000 	C:\WINDOWS\System32\SHCORE.dll
0x00007ff916d40000 - 0x00007ff916d73000 	C:\WINDOWS\SYSTEM32\ntmarta.dll
0x00007ff913dc0000 - 0x00007ff913f14000 	C:\WINDOWS\SYSTEM32\wintypes.dll
0x0000000011140000 - 0x00000000111e7000 	C:\Users\dell\.idl\idlworkbench-config-idl8.3.0_x86_64\org.eclipse.osgi\bundles\530\1\.cp\swt-win32-3740.dll
0x00007ff919ba0000 - 0x00007ff919cca000 	C:\WINDOWS\System32\ole32.dll
0x00007ff919400000 - 0x00007ff9194da000 	C:\WINDOWS\System32\comdlg32.dll
0x00007ff9194f0000 - 0x00007ff919545000 	C:\WINDOWS\System32\SHLWAPI.dll
0x00007ff919d40000 - 0x00007ff91a484000 	C:\WINDOWS\System32\SHELL32.dll
0x00007ff917f80000 - 0x00007ff9180de000 	C:\WINDOWS\System32\CRYPT32.dll
0x00007ff90aed0000 - 0x00007ff90af6d000 	C:\WINDOWS\SYSTEM32\WINSPOOL.DRV
0x00007ff900d50000 - 0x00007ff901226000 	C:\WINDOWS\SYSTEM32\WININET.dll
0x00007ff8e5430000 - 0x00007ff8e5449000 	C:\WINDOWS\SYSTEM32\USP10.dll
0x00007ff912dc0000 - 0x00007ff912eb6000 	C:\WINDOWS\SYSTEM32\propsys.dll
0x00007ff919340000 - 0x00007ff9193e9000 	C:\WINDOWS\System32\clbcatq.dll
0x00007ff915c60000 - 0x00007ff9163f4000 	C:\WINDOWS\system32\windows.storage.dll
0x00007ff9175f0000 - 0x00007ff91761e000 	C:\WINDOWS\system32\Wldp.dll
0x00007ff8e9c50000 - 0x00007ff8e9dce000 	C:\Windows\System32\TaskFlowDataEngine.dll
0x00007ff8f7ef0000 - 0x00007ff8f83bb000 	C:\Windows\System32\cdp.dll
0x00007ff9180e0000 - 0x00007ff91812e000 	C:\WINDOWS\System32\cfgmgr32.dll
0x00007ff916fd0000 - 0x00007ff916fe2000 	C:\Windows\System32\UMPDC.dll
0x00007ff914110000 - 0x00007ff91425d000 	C:\Windows\System32\dsreg.dll
0x00007ff916c90000 - 0x00007ff916d1a000 	C:\Windows\System32\msvcp110_win.dll
0x00000000112f0000 - 0x000000001130e000 	C:\Users\dell\.idl\idlworkbench-config-idl8.3.0_x86_64\org.eclipse.osgi\bundles\530\1\.cp\swt-gdip-win32-3740.dll
0x00007ff90af70000 - 0x00007ff90b115000 	C:\WINDOWS\WinSxS\amd64_microsoft.windows.gdiplus_6595b64144ccf1df_1.1.19041.2251_none_91a40448cc8846c1\gdiplus.dll
0x00007ff90cb70000 - 0x00007ff90cd24000 	C:\WINDOWS\SYSTEM32\WindowsCodecs.dll
0x0000000180000000 - 0x0000000180011000 	C:\Users\dell\.idl\idlworkbench-config-idl8.3.0_x86_64\org.eclipse.osgi\bundles\183\1\.cp\os\win32\x86_64\localfile_1_0_0.dll
0x00007ff8e87e0000 - 0x00007ff8e882d000 	C:\Program Files\Exelis\IDL83\bin\bin.x86_64\idl_ips.dll
0x00007ff8b99f0000 - 0x00007ff8ba74d000 	C:\Program Files\Exelis\IDL83\bin\bin.x86_64\idl.dll
0x00007ff8e53c0000 - 0x00007ff8e541c000 	C:\Program Files\Exelis\IDL83\bin\bin.x86_64\MesaGLU6_2.dll
0x00007ff8de300000 - 0x00007ff8de48e000 	C:\Program Files\Exelis\IDL83\bin\bin.x86_64\MesaGL6_2.dll
0x00007ff8f9280000 - 0x00007ff8f9299000 	C:\WINDOWS\SYSTEM32\NETAPI32.dll
0x00007ff8edb90000 - 0x00007ff8edbb3000 	C:\Program Files\Exelis\IDL83\bin\bin.x86_64\UG3220.dll
0x00007ff90ce90000 - 0x00007ff90ce97000 	C:\WINDOWS\SYSTEM32\MSIMG32.dll
0x00007ff914b20000 - 0x00007ff914b2c000 	C:\Program Files\Exelis\IDL83\bin\bin.x86_64\osmesa6_2.dll
0x00007ff8e5340000 - 0x00007ff8e53bc000 	C:\Program Files\Exelis\IDL83\bin\bin.x86_64\freetype2_4_7.dll
0x00007ff917a90000 - 0x00007ff917ac2000 	C:\WINDOWS\SYSTEM32\SspiCli.dll
0x00007ff912ec0000 - 0x00007ff912eff000 	C:\WINDOWS\System32\netprofm.dll
0x00007ff90ce80000 - 0x00007ff90ce90000 	C:\WINDOWS\System32\npmproxy.dll
0x00007ff90d070000 - 0x00007ff90d087000 	C:\WINDOWS\SYSTEM32\dhcpcsvc6.DLL
0x00007ff90d0b0000 - 0x00007ff90d0cd000 	C:\WINDOWS\SYSTEM32\dhcpcsvc.DLL
0x0000000012690000 - 0x000000001297b000 	C:\WINDOWS\system32\spool\DRIVERS\x64\3\hp1100su.dll
0x0000000012980000 - 0x0000000012a85000 	C:\WINDOWS\system32\spool\DRIVERS\x64\3\HP1100GC.dll
0x0000000012ad0000 - 0x0000000012b2f000 	C:\WINDOWS\system32\spool\DRIVERS\x64\3\hp1100sd.dll
0x00007ff8ee480000 - 0x00007ff8ee5a5000 	C:\WINDOWS\SYSTEM32\OpenGL32.DLL
0x00007ff8ee0a0000 - 0x00007ff8ee0cc000 	C:\WINDOWS\SYSTEM32\GLU32.dll
0x00007ff8edae0000 - 0x00007ff8edb1e000 	C:\Program Files\Exelis\IDL83\bin\bin.x86_64\gl_driver.dll
0x0000000011b00000 - 0x0000000011b03000 	C:\WINDOWS\SYSTEM32\icmp.Dll
0x00007ff902e50000 - 0x00007ff902efc000 	C:\WINDOWS\SYSTEM32\TextShaping.dll
0x00007ff90b1d0000 - 0x00007ff90b236000 	C:\WINDOWS\SYSTEM32\oleacc.dll
0x00007ff8ec990000 - 0x00007ff8ecbb0000 	C:\WINDOWS\system32\explorerframe.dll
0x00007ff8ecbb0000 - 0x00007ff8ecbee000 	C:\WINDOWS\system32\dataexchange.dll
0x00007ff913f20000 - 0x00007ff914103000 	C:\WINDOWS\system32\dcomp.dll
0x00007ff9130b0000 - 0x00007ff913313000 	C:\WINDOWS\system32\d3d11.dll
0x00007ff916460000 - 0x00007ff916553000 	C:\WINDOWS\system32\dxgi.dll
0x00007ff90d320000 - 0x00007ff90d527000 	C:\WINDOWS\system32\twinapi.appcore.dll
0x00007ff8e2160000 - 0x00007ff8e21a2000 	C:\WINDOWS\system32\mlang.dll
0x00007ff8ed200000 - 0x00007ff8ed211000 	C:\Users\dell\.idl\idlworkbench-config-idl8.3.0_x86_64\org.eclipse.osgi\bundles\208\1\.cp\jWinHttp-1.0.0.dll
0x00007ff90bca0000 - 0x00007ff90bdaa000 	C:\WINDOWS\SYSTEM32\WINHTTP.dll
0x00007ff8ec920000 - 0x00007ff8ec986000 	C:\Windows\System32\thumbcache.dll
0x00007ff911a10000 - 0x00007ff911ab1000 	C:\WINDOWS\SYSTEM32\policymanager.dll
0x00007ff900190000 - 0x00007ff90019c000 	C:\WINDOWS\system32\Secur32.dll
0x00007ff8fee80000 - 0x00007ff8fee99000 	C:\WINDOWS\system32\samcli.dll
0x00007ff912f00000 - 0x00007ff912f27000 	C:\WINDOWS\system32\SAMLIB.dll
0x00007ff917030000 - 0x00007ff91703c000 	C:\WINDOWS\system32\netutils.dll
0x00007ff8f8e60000 - 0x00007ff8f8e7d000 	C:\WINDOWS\system32\MPR.dll
0x00007ff9128f0000 - 0x00007ff9128fb000 	C:\WINDOWS\System32\drprov.dll
0x00007ff9168a0000 - 0x00007ff9168fb000 	C:\WINDOWS\System32\WINSTA.dll
0x00007ff912440000 - 0x00007ff91245f000 	C:\WINDOWS\System32\ntlanman.dll
0x00007ff912420000 - 0x00007ff91243e000 	C:\WINDOWS\System32\davclnt.dll
0x00007ff912410000 - 0x00007ff91241d000 	C:\WINDOWS\System32\DAVHLPR.dll
0x00007ff916d20000 - 0x00007ff916d3b000 	C:\WINDOWS\System32\wkscli.dll
0x00007ff8f8c90000 - 0x00007ff8f8ca2000 	C:\WINDOWS\SYSTEM32\cscapi.dll
0x00007ff8fcf40000 - 0x00007ff8fcfa1000 	C:\WINDOWS\SYSTEM32\windows.fileexplorer.common.dll

VM Arguments:
jvm_args: -Dosgi.instance.area.default=@user.home/IDLWorkspace83 -Dosgi.configuration.area=@user.home/.idl/idlworkbench-config-idl8.3.0_x86_64 -Dosgi.configuration.cascaded=true -Dosgi.checkConfiguration=true -Dosgi.sharedConfiguration.area.readOnly=true -Dorg.eclipse.update.reconcile=false -Declipse.p2.data.area=@config.dir/p2 -Dosgi.sharedConfiguration.area=C:\Program Files\Exelis\IDL83\bin\bin.x86_64/configuration 
java_command: <unknown>
Launcher Type: generic

Environment Variables:
PATH=
[error occurred during error reporting (printing environment variables), id 0xc0000005]



---------------  S Y S T E M  ---------------

OS: Windows 8 , 64 bit Build 9200 

CPU:total 8 (4 cores per cpu, 2 threads per core) family 6 model 142 stepping 11, cmov, cx8, fxsr, mmx, sse, sse2, sse3, ssse3, sse4.1, sse4.2, popcnt, avx, avx2, ht, tsc, tscinvbit

Memory: 4k page, physical 8261452k(3016360k free), swap 11931468k(4384132k free)

vm_info: Java HotSpot(TM) 64-Bit Server VM (23.25-b01) for windows-amd64 JRE (1.7.0_25-b17), built on Jun 21 2013 12:58:32 by "java_re" with unknown MS VC++:1600

time: Tue Jul 25 12:54:02 2023
elapsed time: 4892 seconds

