#
# A fatal error has been detected by the Java Runtime Environment:
#
#  EXCEPTION_ACCESS_VIOLATION (0xc0000005) at pc=0x00007ffc016cf051, pid=27700, tid=17412
#
# JRE version: 7.0_25-b17
# Java VM: Java HotSpot(TM) 64-Bit Server VM (23.25-b01 mixed mode windows-amd64 compressed oops)
# Problematic frame:
# C  0x00007ffc016cf051  DumpRegistryKeyDefinitions+0x75f441
#
# Failed to write core dump. Minidumps are not enabled by default on client versions of Windows
#
# If you would like to submit a bug report, please visit:
#   http://bugreport.sun.com/bugreport/crash.jsp
# The crash happened outside the Java Virtual Machine in native code.
# See problematic frame for where to report the bug.
#

---------------  T H R E A D  ---------------

Current thread (0x000000001674d800):  JavaThread "IDL" [_thread_in_native, id=17412, stack(0x0000000017c20000,0x0000000017d20000)]

siginfo: ExceptionCode=0xc0000005, reading address 0x0000000000000035

Registers:
RAX=0x0000000000000001, RBX=0x0000000017d0f680, RCX=0x0000000018c150c8, RDX=0x0000000000000000
RSP=0x0000000017d0f5f8, RBP=0x00007ffc01b6c930, RSI=0x0000000017d0f650, RDI=0x0000000000000003
R8 =0x0000000017d0f650, R9 =0x0000000017d0f630, R10=0x0000000018c150b8, R11=0x0000000017d0f6b0
R12=0x00007ffc01b6c930, R13=0x00000000238d71d0, R14=0x000000000000000e, R15=0x000000002d7fb000
RIP=0x00007ffc016cf051, EFLAGS=0x0000000000010246

Top of Stack: (sp=0x0000000017d0f5f8)
0x0000000017d0f5f8:   00007ffc015554c9 0000000017d0f650
0x0000000017d0f608:   0000000000000000 3f8000013586444d
0x0000000017d0f618:   3f80000035888892 0000000018c14ce0
0x0000000017d0f628:   00007ffc01555be0 0000000000000000
0x0000000017d0f638:   0000000000000004 0000000017d0f730
0x0000000017d0f648:   0000000000000001 0000000018c14ce0
0x0000000017d0f658:   0000000018c14ce0 0000000018c15098
0x0000000017d0f668:   0000000000000000 0000000000000012
0x0000000017d0f678:   00007ffc00000007 0000000000000000
0x0000000017d0f688:   0000000017d0f730 0000000017d0f740
0x0000000017d0f698:   0000000000000000 0000000018c150a8
0x0000000017d0f6a8:   0000000000000000 0000000018c150c8
0x0000000017d0f6b8:   0000000018c150d8 0000000018c150e8
0x0000000017d0f6c8:   0000000018c150f8 0000000000000000
0x0000000017d0f6d8:   0000000000000000 0000000000000000
0x0000000017d0f6e8:   0000000000000000 0000000000000000 

Instructions: (pc=0x00007ffc016cf051)
0x00007ffc016cf031:   4a 04 f3 0f 11 42 08 8b 41 30 0f 28 02 48 03 c0
0x00007ffc016cf041:   f3 0f 7f 04 c1 ff 41 30 c3 cc cc 48 8b 01 32 d2
0x00007ffc016cf051:   38 50 34 74 0b 48 8b 41 08 38 50 34 74 02 b2 01
0x00007ffc016cf061:   8a c2 c3 44 8b 81 60 10 00 00 8b 91 18 19 00 00 


Register to memory mapping:

RAX=0x0000000000000001 is an unknown value
RBX=0x0000000017d0f680 is pointing into the stack for thread: 0x000000001674d800
RCX=0x0000000018c150c8 is an unknown value
RDX=0x0000000000000000 is an unknown value
RSP=0x0000000017d0f5f8 is pointing into the stack for thread: 0x000000001674d800
RBP=0x00007ffc01b6c930 is an unknown value
RSI=0x0000000017d0f650 is pointing into the stack for thread: 0x000000001674d800
RDI=0x0000000000000003 is an unknown value
R8 =0x0000000017d0f650 is pointing into the stack for thread: 0x000000001674d800
R9 =0x0000000017d0f630 is pointing into the stack for thread: 0x000000001674d800
R10=0x0000000018c150b8 is an unknown value
R11=0x0000000017d0f6b0 is pointing into the stack for thread: 0x000000001674d800
R12=0x00007ffc01b6c930 is an unknown value
R13=0x00000000238d71d0 is an unknown value
R14=0x000000000000000e is an unknown value
R15=0x000000002d7fb000 is an unknown value


Stack: [0x0000000017c20000,0x0000000017d20000],  sp=0x0000000017d0f5f8,  free space=957k
Native frames: (J=compiled Java code, j=interpreted, Vv=VM code, C=native code)
C  0x00007ffc016cf051  DumpRegistryKeyDefinitions+0x75f441

Java frames: (J=compiled Java code, j=interpreted, Vv=VM code)
j  com.rsi.idldt.core.ips.IPS_Access.IPS_Start([Ljava/lang/String;)V+0
j  com.rsi.idldt.core.ips.IPS_Manager$2.run()V+15
j  java.lang.Thread.run()V+11
v  ~StubRoutines::call_stub

---------------  P R O C E S S  ---------------

Java Threads: ( => current thread )
  0x00000000169d4800 JavaThread "Worker-14" [_thread_blocked, id=23984, stack(0x00000000200f0000,0x00000000201f0000)]
  0x00000000169db000 JavaThread "Worker-13" [_thread_blocked, id=24496, stack(0x000000001fff0000,0x00000000200f0000)]
  0x00000000169d9000 JavaThread "Worker-12" [_thread_blocked, id=21296, stack(0x000000001f7f0000,0x000000001f8f0000)]
  0x00000000169d8000 JavaThread "Worker-11" [_thread_blocked, id=8020, stack(0x000000001f6f0000,0x000000001f7f0000)]
  0x00000000169d7800 JavaThread "Worker-10" [_thread_blocked, id=5832, stack(0x0000000021be0000,0x0000000021ce0000)]
  0x00000000169da800 JavaThread "Worker-9" [_thread_blocked, id=28860, stack(0x00000000176b0000,0x00000000177b0000)]
  0x00000000169d9800 JavaThread "Worker-8" [_thread_blocked, id=12424, stack(0x00000000160b0000,0x00000000161b0000)]
  0x00000000169d0000 JavaThread "Worker-7" [_thread_blocked, id=12928, stack(0x0000000000790000,0x0000000000890000)]
  0x00000000169d6000 JavaThread "Worker-6" [_thread_blocked, id=29224, stack(0x0000000000690000,0x0000000000790000)]
  0x00000000169d5000 JavaThread "Worker-5" [_thread_blocked, id=7844, stack(0x000000001dfe0000,0x000000001e0e0000)]
  0x00000000169d6800 JavaThread "Timer-2" daemon [_thread_blocked, id=8760, stack(0x000000001dee0000,0x000000001dfe0000)]
  0x00000000169cd800 JavaThread "Timer-1" daemon [_thread_blocked, id=23404, stack(0x000000001a0d0000,0x000000001a1d0000)]
  0x00000000169d3000 JavaThread "Thread-15" [_thread_in_native, id=2140, stack(0x0000000019fd0000,0x000000001a0d0000)]
  0x00000000169d1800 JavaThread "IDLDT DOM Worker-7" [_thread_blocked, id=2424, stack(0x0000000019790000,0x0000000019890000)]
  0x00000000169cf000 JavaThread "IDLDT DOM Worker-6" [_thread_blocked, id=4812, stack(0x0000000019690000,0x0000000019790000)]
  0x00000000169ce800 JavaThread "IDLDT DOM Worker-5" [_thread_blocked, id=22668, stack(0x0000000019590000,0x0000000019690000)]
  0x00000000169cd000 JavaThread "IDLDT DOM Worker-4" [_thread_blocked, id=4212, stack(0x0000000019490000,0x0000000019590000)]
  0x000000001674b800 JavaThread "IDLDT DOM Worker-3" [_thread_blocked, id=16636, stack(0x0000000019390000,0x0000000019490000)]
  0x000000001674a000 JavaThread "IDLDT DOM Worker-2" [_thread_blocked, id=19628, stack(0x0000000019290000,0x0000000019390000)]
  0x0000000016748800 JavaThread "IDLDT DOM Worker-1" [_thread_blocked, id=19744, stack(0x0000000019190000,0x0000000019290000)]
  0x000000001674a800 JavaThread "IDLDT DOM Worker-0" [_thread_blocked, id=24408, stack(0x0000000019090000,0x0000000019190000)]
  0x0000000016747800 JavaThread "Timer-0" daemon [_thread_blocked, id=10764, stack(0x0000000018f90000,0x0000000019090000)]
=>0x000000001674d800 JavaThread "IDL" [_thread_in_native, id=17412, stack(0x0000000017c20000,0x0000000017d20000)]
  0x00000000155c3800 JavaThread "IDLToJava Broker" daemon [_thread_blocked, id=760, stack(0x0000000017b20000,0x0000000017c20000)]
  0x00000000137ef800 JavaThread "Provisioning Event Dispatcher" daemon [_thread_blocked, id=25800, stack(0x00000000161b0000,0x00000000162b0000)]
  0x000000001510b800 JavaThread "[ThreadPool Manager] - Idle Thread" daemon [_thread_blocked, id=7492, stack(0x0000000015fb0000,0x00000000160b0000)]
  0x0000000015277000 JavaThread "Bundle File Closer" daemon [_thread_blocked, id=7004, stack(0x0000000015c00000,0x0000000015d00000)]
  0x0000000015242000 JavaThread "Worker-JM" [_thread_blocked, id=20224, stack(0x0000000015eb0000,0x0000000015fb0000)]
  0x0000000015102800 JavaThread "[Timer] - Main Queue Handler" daemon [_thread_blocked, id=9516, stack(0x0000000015d00000,0x0000000015e00000)]
  0x00000000137d4000 JavaThread "Framework Event Dispatcher" daemon [_thread_blocked, id=14972, stack(0x0000000015b00000,0x0000000015c00000)]
  0x0000000013932800 JavaThread "Start Level Event Dispatcher" daemon [_thread_blocked, id=24176, stack(0x0000000015a00000,0x0000000015b00000)]
  0x00000000151a7000 JavaThread "State Data Manager" daemon [_thread_blocked, id=19960, stack(0x0000000015900000,0x0000000015a00000)]
  0x0000000013728000 JavaThread "Framework Active Thread" [_thread_blocked, id=14048, stack(0x0000000014600000,0x0000000014700000)]
  0x000000001108a800 JavaThread "Service Thread" daemon [_thread_blocked, id=19212, stack(0x0000000013460000,0x0000000013560000)]
  0x0000000011085800 JavaThread "C2 CompilerThread1" daemon [_thread_blocked, id=23428, stack(0x0000000013360000,0x0000000013460000)]
  0x0000000011059800 JavaThread "C2 CompilerThread0" daemon [_thread_blocked, id=17836, stack(0x0000000013260000,0x0000000013360000)]
  0x0000000011084000 JavaThread "Attach Listener" daemon [_thread_blocked, id=28828, stack(0x0000000013160000,0x0000000013260000)]
  0x0000000011059000 JavaThread "Signal Dispatcher" daemon [_thread_blocked, id=7824, stack(0x0000000013060000,0x0000000013160000)]
  0x0000000010fe9800 JavaThread "Finalizer" daemon [_thread_blocked, id=29036, stack(0x0000000012f60000,0x0000000013060000)]
  0x0000000010fe8800 JavaThread "Reference Handler" daemon [_thread_blocked, id=19556, stack(0x0000000012e60000,0x0000000012f60000)]
  0x000000000276e800 JavaThread "main" [_thread_in_native, id=19832, stack(0x0000000000050000,0x0000000000150000)]

Other Threads:
  0x0000000010fe4000 VMThread [stack: 0x0000000012d60000,0x0000000012e60000] [id=26920]
  0x000000001105a800 WatcherThread [stack: 0x0000000013960000,0x0000000013a60000] [id=9304]

VM state:not at safepoint (normal execution)

VM Mutex/Monitor currently owned by a thread: None

Heap
 PSYoungGen      total 238720K, used 5348K [0x00000007ab800000, 0x00000007bcb00000, 0x0000000800000000)
  eden space 196352K, 2% used [0x00000007ab800000,0x00000007abd39368,0x00000007b77c0000)
  from space 42368K, 0% used [0x00000007b77c0000,0x00000007b77c0000,0x00000007ba120000)
  to   space 42368K, 0% used [0x00000007ba1a0000,0x00000007ba1a0000,0x00000007bcb00000)
 ParOldGen       total 173056K, used 86221K [0x0000000702800000, 0x000000070d100000, 0x00000007ab800000)
  object space 173056K, 49% used [0x0000000702800000,0x0000000707c33438,0x000000070d100000)
 PSPermGen       total 83968K, used 46642K [0x00000006fd600000, 0x0000000702800000, 0x0000000702800000)
  object space 83968K, 55% used [0x00000006fd600000,0x000000070038c8a0,0x0000000702800000)

Card table byte_map: [0x0000000005770000,0x0000000005f90000] byte_map_base: 0x0000000001f85000

Polling page: 0x00000000021b0000

Code Cache  [0x0000000002770000, 0x0000000002d70000, 0x0000000005770000)
 total_blobs=2348 nmethods=1691 adapters=606 free_code_cache=43125Kb largest_free_block=44069888

Compilation events (10 events):
Event: 495.334 Thread 0x0000000011059800 1829             org.eclipse.swt.internal.win32.TCHAR::<init> (145 bytes)
Event: 495.335 Thread 0x0000000011085800 1830             org.eclipse.swt.internal.win32.TCHAR::<init> (12 bytes)
Event: 495.336 Thread 0x0000000011085800 nmethod 1830 0x0000000002cf78d0 code [0x0000000002cf7a20, 0x0000000002cf7bf8]
Event: 495.336 Thread 0x0000000011059800 nmethod 1829 0x0000000002d5f510 code [0x0000000002d5f660, 0x0000000002d5f8d8]
Event: 495.336 Thread 0x0000000011059800 1831             org.eclipse.swt.internal.win32.TCHAR::getChars (29 bytes)
Event: 495.337 Thread 0x0000000011059800 nmethod 1831 0x0000000002d36850 code [0x0000000002d369a0, 0x0000000002d36b38]
Event: 495.705 Thread 0x0000000011085800 1832             org.eclipse.swt.internal.win32.TCHAR::length (17 bytes)
Event: 495.706 Thread 0x0000000011085800 nmethod 1832 0x0000000002d33b10 code [0x0000000002d33c40, 0x0000000002d33cb8]
Event: 537.983 Thread 0x0000000011059800 1835             org.eclipse.swt.custom.StyledTextRenderer::textChanging (1128 bytes)
Event: 538.008 Thread 0x0000000011059800 nmethod 1835 0x0000000002d65710 code [0x0000000002d65960, 0x0000000002d67740]

GC Heap History (10 events):
Event: 413.247 GC heap before
{Heap before GC invocations=19 (full 2):
 PSYoungGen      total 237568K, used 320K [0x00000007ab800000, 0x00000007bca00000, 0x0000000800000000)
  eden space 196864K, 0% used [0x00000007ab800000,0x00000007ab800000,0x00000007b7840000)
  from space 40704K, 0% used [0x00000007b7840000,0x00000007b7890000,0x00000007ba000000)
  to   space 41856K, 0% used [0x00000007ba120000,0x00000007ba120000,0x00000007bca00000)
 ParOldGen       total 173056K, used 122773K [0x0000000702800000, 0x000000070d100000, 0x00000007ab800000)
  object space 173056K, 70% used [0x0000000702800000,0x0000000709fe54f8,0x000000070d100000)
 PSPermGen       total 83968K, used 46626K [0x00000006fd600000, 0x0000000702800000, 0x0000000702800000)
  object space 83968K, 55% used [0x00000006fd600000,0x0000000700388950,0x0000000702800000)
Event: 413.469 GC heap after
Heap after GC invocations=19 (full 2):
 PSYoungGen      total 237568K, used 0K [0x00000007ab800000, 0x00000007bca00000, 0x0000000800000000)
  eden space 196864K, 0% used [0x00000007ab800000,0x00000007ab800000,0x00000007b7840000)
  from space 40704K, 0% used [0x00000007b7840000,0x00000007b7840000,0x00000007ba000000)
  to   space 41856K, 0% used [0x00000007ba120000,0x00000007ba120000,0x00000007bca00000)
 ParOldGen       total 173056K, used 86245K [0x0000000702800000, 0x000000070d100000, 0x00000007ab800000)
  object space 173056K, 49% used [0x0000000702800000,0x0000000707c395a8,0x000000070d100000)
 PSPermGen       total 83968K, used 46620K [0x00000006fd600000, 0x0000000702800000, 0x0000000702800000)
  object space 83968K, 55% used [0x00000006fd600000,0x0000000700387110,0x0000000702800000)
}
Event: 473.257 GC heap before
{Heap before GC invocations=20 (full 2):
 PSYoungGen      total 237568K, used 5380K [0x00000007ab800000, 0x00000007bca00000, 0x0000000800000000)
  eden space 196864K, 2% used [0x00000007ab800000,0x00000007abd41018,0x00000007b7840000)
  from space 40704K, 0% used [0x00000007b7840000,0x00000007b7840000,0x00000007ba000000)
  to   space 41856K, 0% used [0x00000007ba120000,0x00000007ba120000,0x00000007bca00000)
 ParOldGen       total 173056K, used 86245K [0x0000000702800000, 0x000000070d100000, 0x00000007ab800000)
  object space 173056K, 49% used [0x0000000702800000,0x0000000707c395a8,0x000000070d100000)
 PSPermGen       total 83968K, used 46628K [0x00000006fd600000, 0x0000000702800000, 0x0000000702800000)
  object space 83968K, 55% used [0x00000006fd600000,0x00000007003891d8,0x0000000702800000)
Event: 473.259 GC heap after
Heap after GC invocations=20 (full 2):
 PSYoungGen      total 238208K, used 288K [0x00000007ab800000, 0x00000007bcb00000, 0x0000000800000000)
  eden space 196352K, 0% used [0x00000007ab800000,0x00000007ab800000,0x00000007b77c0000)
  from space 41856K, 0% used [0x00000007ba120000,0x00000007ba168000,0x00000007bca00000)
  to   space 42368K, 0% used [0x00000007b77c0000,0x00000007b77c0000,0x00000007ba120000)
 ParOldGen       total 173056K, used 86245K [0x0000000702800000, 0x000000070d100000, 0x00000007ab800000)
  object space 173056K, 49% used [0x0000000702800000,0x0000000707c395a8,0x000000070d100000)
 PSPermGen       total 83968K, used 46628K [0x00000006fd600000, 0x0000000702800000, 0x0000000702800000)
  object space 83968K, 55% used [0x00000006fd600000,0x00000007003891d8,0x0000000702800000)
}
Event: 473.259 GC heap before
{Heap before GC invocations=21 (full 3):
 PSYoungGen      total 238208K, used 288K [0x00000007ab800000, 0x00000007bcb00000, 0x0000000800000000)
  eden space 196352K, 0% used [0x00000007ab800000,0x00000007ab800000,0x00000007b77c0000)
  from space 41856K, 0% used [0x00000007ba120000,0x00000007ba168000,0x00000007bca00000)
  to   space 42368K, 0% used [0x00000007b77c0000,0x00000007b77c0000,0x00000007ba120000)
 ParOldGen       total 173056K, used 86245K [0x0000000702800000, 0x000000070d100000, 0x00000007ab800000)
  object space 173056K, 49% used [0x0000000702800000,0x0000000707c395a8,0x000000070d100000)
 PSPermGen       total 83968K, used 46628K [0x00000006fd600000, 0x0000000702800000, 0x0000000702800000)
  object space 83968K, 55% used [0x00000006fd600000,0x00000007003891d8,0x0000000702800000)
Event: 473.353 GC heap after
Heap after GC invocations=21 (full 3):
 PSYoungGen      total 238208K, used 0K [0x00000007ab800000, 0x00000007bcb00000, 0x0000000800000000)
  eden space 196352K, 0% used [0x00000007ab800000,0x00000007ab800000,0x00000007b77c0000)
  from space 41856K, 0% used [0x00000007ba120000,0x00000007ba120000,0x00000007bca00000)
  to   space 42368K, 0% used [0x00000007b77c0000,0x00000007b77c0000,0x00000007ba120000)
 ParOldGen       total 173056K, used 86172K [0x0000000702800000, 0x000000070d100000, 0x00000007ab800000)
  object space 173056K, 49% used [0x0000000702800000,0x0000000707c27058,0x000000070d100000)
 PSPermGen       total 83968K, used 46628K [0x00000006fd600000, 0x0000000702800000, 0x0000000702800000)
  object space 83968K, 55% used [0x00000006fd600000,0x00000007003891d8,0x0000000702800000)
}
Event: 533.258 GC heap before
{Heap before GC invocations=22 (full 3):
 PSYoungGen      total 238208K, used 5354K [0x00000007ab800000, 0x00000007bcb00000, 0x0000000800000000)
  eden space 196352K, 2% used [0x00000007ab800000,0x00000007abd3abe0,0x00000007b77c0000)
  from space 41856K, 0% used [0x00000007ba120000,0x00000007ba120000,0x00000007bca00000)
  to   space 42368K, 0% used [0x00000007b77c0000,0x00000007b77c0000,0x00000007ba120000)
 ParOldGen       total 173056K, used 86172K [0x0000000702800000, 0x000000070d100000, 0x00000007ab800000)
  object space 173056K, 49% used [0x0000000702800000,0x0000000707c27058,0x000000070d100000)
 PSPermGen       total 83968K, used 46629K [0x00000006fd600000, 0x0000000702800000, 0x0000000702800000)
  object space 83968K, 55% used [0x00000006fd600000,0x0000000700389448,0x0000000702800000)
Event: 533.261 GC heap after
Heap after GC invocations=22 (full 3):
 PSYoungGen      total 238720K, used 256K [0x00000007ab800000, 0x00000007bcb00000, 0x0000000800000000)
  eden space 196352K, 0% used [0x00000007ab800000,0x00000007ab800000,0x00000007b77c0000)
  from space 42368K, 0% used [0x00000007b77c0000,0x00000007b7800000,0x00000007ba120000)
  to   space 42368K, 0% used [0x00000007ba1a0000,0x00000007ba1a0000,0x00000007bcb00000)
 ParOldGen       total 173056K, used 86172K [0x0000000702800000, 0x000000070d100000, 0x00000007ab800000)
  object space 173056K, 49% used [0x0000000702800000,0x0000000707c27058,0x000000070d100000)
 PSPermGen       total 83968K, used 46629K [0x00000006fd600000, 0x0000000702800000, 0x0000000702800000)
  object space 83968K, 55% used [0x00000006fd600000,0x0000000700389448,0x0000000702800000)
}
Event: 533.261 GC heap before
{Heap before GC invocations=23 (full 4):
 PSYoungGen      total 238720K, used 256K [0x00000007ab800000, 0x00000007bcb00000, 0x0000000800000000)
  eden space 196352K, 0% used [0x00000007ab800000,0x00000007ab800000,0x00000007b77c0000)
  from space 42368K, 0% used [0x00000007b77c0000,0x00000007b7800000,0x00000007ba120000)
  to   space 42368K, 0% used [0x00000007ba1a0000,0x00000007ba1a0000,0x00000007bcb00000)
 ParOldGen       total 173056K, used 86172K [0x0000000702800000, 0x000000070d100000, 0x00000007ab800000)
  object space 173056K, 49% used [0x0000000702800000,0x0000000707c27058,0x000000070d100000)
 PSPermGen       total 83968K, used 46629K [0x00000006fd600000, 0x0000000702800000, 0x0000000702800000)
  object space 83968K, 55% used [0x00000006fd600000,0x0000000700389448,0x0000000702800000)
Event: 533.375 GC heap after
Heap after GC invocations=23 (full 4):
 PSYoungGen      total 238720K, used 0K [0x00000007ab800000, 0x00000007bcb00000, 0x0000000800000000)
  eden space 196352K, 0% used [0x00000007ab800000,0x00000007ab800000,0x00000007b77c0000)
  from space 42368K, 0% used [0x00000007b77c0000,0x00000007b77c0000,0x00000007ba120000)
  to   space 42368K, 0% used [0x00000007ba1a0000,0x00000007ba1a0000,0x00000007bcb00000)
 ParOldGen       total 173056K, used 86221K [0x0000000702800000, 0x000000070d100000, 0x00000007ab800000)
  object space 173056K, 49% used [0x0000000702800000,0x0000000707c33438,0x000000070d100000)
 PSPermGen       total 83968K, used 46629K [0x00000006fd600000, 0x0000000702800000, 0x0000000702800000)
  object space 83968K, 55% used [0x00000006fd600000,0x0000000700389448,0x0000000702800000)
}

Deoptimization events (10 events):
Event: 376.315 Thread 0x000000000276e800 Uncommon trap -83 fr.pc 0x0000000002ce512c
Event: 376.318 Thread 0x000000000276e800 Uncommon trap -83 fr.pc 0x0000000002c83998
Event: 376.318 Thread 0x000000000276e800 Uncommon trap -83 fr.pc 0x0000000002be5d78
Event: 376.318 Thread 0x000000000276e800 Uncommon trap -34 fr.pc 0x0000000002bcadb8
Event: 394.444 Thread 0x000000000276e800 Uncommon trap 1517 fr.pc 0x0000000002cbfc9c
Event: 397.214 Thread 0x000000000276e800 Uncommon trap -58 fr.pc 0x0000000002a3db44
Event: 400.113 Thread 0x000000001674d800 Uncommon trap -34 fr.pc 0x0000000002b0f7b0
Event: 400.120 Thread 0x000000000276e800 Uncommon trap -83 fr.pc 0x0000000002bf541c
Event: 400.120 Thread 0x000000000276e800 Uncommon trap -34 fr.pc 0x0000000002bcadb8
Event: 425.126 Thread 0x000000000276e800 Uncommon trap -34 fr.pc 0x0000000002b60634

Internal exceptions (10 events):
Event: 358.652 Thread 0x000000001674d800 Threw 0x00000007ae519bd8 at C:\jdk7u2_64p\jdk7u25\hotspot\src\share\vm\prims\jni.cpp:716
Event: 358.652 Thread 0x000000001674d800 Threw 0x00000007ae519dd8 at C:\jdk7u2_64p\jdk7u25\hotspot\src\share\vm\prims\jni.cpp:716
Event: 358.798 Thread 0x000000000276e800 Implicit null exception at 0x00000000029d0e83 to 0x00000000029d1855
Event: 358.799 Thread 0x000000000276e800 Implicit null exception at 0x0000000002959250 to 0x0000000002959d0d
Event: 359.009 Thread 0x000000000276e800 Implicit null exception at 0x000000000288101c to 0x0000000002881731
Event: 365.646 Thread 0x00000000169d5000 Implicit null exception at 0x0000000002958fd6 to 0x00000000029590c1
Event: 375.905 Thread 0x000000000276e800 Implicit null exception at 0x0000000002cb2e28 to 0x0000000002cb5221
Event: 375.911 Thread 0x000000000276e800 Implicit null exception at 0x0000000002ba5862 to 0x0000000002ba5fe9
Event: 375.911 Thread 0x000000000276e800 Implicit null exception at 0x0000000002c4972f to 0x0000000002c4b001
Event: 376.318 Thread 0x000000000276e800 Implicit null exception at 0x0000000002c829d5 to 0x0000000002c83971

Events (10 events):
Event: 499.631 loading class 0x00000000171518d0
Event: 499.631 loading class 0x00000000171518d0 done
Event: 499.631 loading class 0x0000000017151090
Event: 499.631 loading class 0x0000000017151090 done
Event: 499.631 loading class 0x000000001bf56690
Event: 499.631 loading class 0x000000001bf56690 done
Event: 533.258 Executing VM operation: ParallelGCSystemGC
Event: 533.375 Executing VM operation: ParallelGCSystemGC done
Event: 533.375 Thread 0x0000000017211800 Thread added: 0x0000000017211800
Event: 533.376 Thread 0x0000000017211800 Thread exited: 0x0000000017211800


Dynamic libraries:
0x0000000000400000 - 0x000000000040e000 	C:\Program Files\Exelis\IDL83\bin\bin.x86_64\idlde.exe
0x00007ffc7fdf0000 - 0x00007ffc80007000 	C:\WINDOWS\SYSTEM32\ntdll.dll
0x00007ffc7ddd0000 - 0x00007ffc7de94000 	C:\WINDOWS\System32\KERNEL32.DLL
0x00007ffc7d5f0000 - 0x00007ffc7d99d000 	C:\WINDOWS\System32\KERNELBASE.dll
0x00007ffc73e10000 - 0x00007ffc73ea7000 	C:\WINDOWS\SYSTEM32\apphelp.dll
0x00007ffc7eea0000 - 0x00007ffc7f04e000 	C:\WINDOWS\System32\USER32.dll
0x00007ffc7d2b0000 - 0x00007ffc7d2d6000 	C:\WINDOWS\System32\win32u.dll
0x00007ffc7f050000 - 0x00007ffc7f079000 	C:\WINDOWS\System32\GDI32.dll
0x00007ffc7da10000 - 0x00007ffc7db29000 	C:\WINDOWS\System32\gdi32full.dll
0x00007ffc7d120000 - 0x00007ffc7d1ba000 	C:\WINDOWS\System32\msvcp_win.dll
0x00007ffc7d4d0000 - 0x00007ffc7d5e1000 	C:\WINDOWS\System32\ucrtbase.dll
0x00007ffc7e300000 - 0x00007ffc7e3a7000 	C:\WINDOWS\System32\msvcrt.dll
0x00007ffc7c310000 - 0x00007ffc7c5a3000 	C:\WINDOWS\WinSxS\amd64_microsoft.windows.common-controls_6595b64144ccf1df_6.0.22621.3672_none_2713b9d173822955\COMCTL32.dll
0x00007ffc7ed70000 - 0x00007ffc7eda1000 	C:\WINDOWS\System32\IMM32.DLL
0x0000000072000000 - 0x0000000072012000 	C:\Program Files\Exelis\IDL83\bin\bin.x86_64\plugins\org.eclipse.equinox.launcher.win32.win32.x86_64_1.1.100.v20110502\eclipse_1406.dll
0x00007ffc7dd10000 - 0x00007ffc7ddc2000 	C:\WINDOWS\System32\ADVAPI32.dll
0x00007ffc7f180000 - 0x00007ffc7f229000 	C:\WINDOWS\System32\sechost.dll
0x00007ffc7d280000 - 0x00007ffc7d2a8000 	C:\WINDOWS\System32\bcrypt.dll
0x00007ffc7e3b0000 - 0x00007ffc7e4c4000 	C:\WINDOWS\System32\RPCRT4.dll
0x00007ffc76c40000 - 0x00007ffc76c4a000 	C:\WINDOWS\SYSTEM32\VERSION.dll
0x000000005e1d0000 - 0x000000005e8df000 	C:\Program Files\Exelis\IDL83\bin\bin.x86_64\jre\bin\server\jvm.dll
0x00007ffc7dd00000 - 0x00007ffc7dd08000 	C:\WINDOWS\System32\PSAPI.DLL
0x00007ffc76640000 - 0x00007ffc76674000 	C:\WINDOWS\SYSTEM32\WINMM.dll
0x00007ffc5f580000 - 0x00007ffc5f589000 	C:\WINDOWS\SYSTEM32\WSOCK32.dll
0x00007ffc7f230000 - 0x00007ffc7f2a1000 	C:\WINDOWS\System32\WS2_32.dll
0x000000005e0f0000 - 0x000000005e1c2000 	C:\WINDOWS\SYSTEM32\MSVCR100.dll
0x000000005e0e0000 - 0x000000005e0ef000 	C:\Program Files\Exelis\IDL83\bin\bin.x86_64\jre\bin\verify.dll
0x000000005e0b0000 - 0x000000005e0d8000 	C:\Program Files\Exelis\IDL83\bin\bin.x86_64\jre\bin\java.dll
0x000000005e090000 - 0x000000005e0a5000 	C:\Program Files\Exelis\IDL83\bin\bin.x86_64\jre\bin\zip.dll
0x00007ffc7cdb0000 - 0x00007ffc7cdcb000 	C:\WINDOWS\SYSTEM32\CRYPTSP.dll
0x00007ffc7bdd0000 - 0x00007ffc7be05000 	C:\WINDOWS\system32\rsaenh.dll
0x00007ffc7be50000 - 0x00007ffc7be78000 	C:\WINDOWS\SYSTEM32\USERENV.dll
0x00007ffc7d050000 - 0x00007ffc7d071000 	C:\WINDOWS\SYSTEM32\profapi.dll
0x00007ffc7d2e0000 - 0x00007ffc7d35b000 	C:\WINDOWS\System32\bcryptprimitives.dll
0x00007ffc7bfb0000 - 0x00007ffc7bfbc000 	C:\WINDOWS\SYSTEM32\CRYPTBASE.dll
0x000000005e070000 - 0x000000005e089000 	C:\Program Files\Exelis\IDL83\bin\bin.x86_64\jre\bin\net.dll
0x00007ffc7bd00000 - 0x00007ffc7bd69000 	C:\WINDOWS\system32\mswsock.dll
0x00007ffc557d0000 - 0x00007ffc557e7000 	C:\WINDOWS\system32\napinsp.dll
0x00007ffc556b0000 - 0x00007ffc556cb000 	C:\WINDOWS\system32\pnrpnsp.dll
0x00007ffc7b3a0000 - 0x00007ffc7b498000 	C:\WINDOWS\SYSTEM32\DNSAPI.dll
0x00007ffc7b370000 - 0x00007ffc7b39d000 	C:\WINDOWS\SYSTEM32\IPHLPAPI.DLL
0x00007ffc7e4f0000 - 0x00007ffc7e4f9000 	C:\WINDOWS\System32\NSI.dll
0x00007ffc557b0000 - 0x00007ffc557c1000 	C:\WINDOWS\System32\winrnr.dll
0x00007ffc765b0000 - 0x00007ffc765c5000 	C:\WINDOWS\system32\wshbth.dll
0x00007ffc55780000 - 0x00007ffc557a7000 	C:\WINDOWS\system32\nlansp_c.dll
0x00007ffc75f10000 - 0x00007ffc75f1a000 	C:\Windows\System32\rasadhlp.dll
0x00007ffc75d60000 - 0x00007ffc75de3000 	C:\WINDOWS\System32\fwpuclnt.dll
0x000000005e050000 - 0x000000005e061000 	C:\Program Files\Exelis\IDL83\bin\bin.x86_64\jre\bin\nio.dll
0x00007ffc75cb0000 - 0x00007ffc75d5f000 	C:\WINDOWS\system32\uxtheme.dll
0x00007ffc7e500000 - 0x00007ffc7e888000 	C:\WINDOWS\System32\combase.dll
0x00007ffc7e0a0000 - 0x00007ffc7e1f3000 	C:\WINDOWS\System32\MSCTF.dll
0x00007ffc7b8d0000 - 0x00007ffc7b8e8000 	C:\WINDOWS\SYSTEM32\kernel.appcore.dll
0x00007ffc6f500000 - 0x00007ffc6f64e000 	C:\WINDOWS\SYSTEM32\textinputframework.dll
0x00007ffc7f3f0000 - 0x00007ffc7f4c7000 	C:\WINDOWS\System32\OLEAUT32.dll
0x00007ffc73a10000 - 0x00007ffc73b43000 	C:\WINDOWS\SYSTEM32\CoreMessaging.dll
0x00007ffc70a80000 - 0x00007ffc70ded000 	C:\WINDOWS\SYSTEM32\CoreUIComponents.dll
0x00007ffc7a500000 - 0x00007ffc7a63f000 	C:\WINDOWS\SYSTEM32\wintypes.dll
0x00007ffc5af90000 - 0x00007ffc5aff9000 	C:\WINDOWS\system32\Oleacc.dll
0x00007ffc7f2b0000 - 0x00007ffc7f360000 	C:\WINDOWS\System32\clbcatq.dll
0x00007ffc40b40000 - 0x00007ffc40b8b000 	C:\WINDOWS\system32\ApplicationTargetedFeatureDatabase.dll
0x00007ffc74720000 - 0x00007ffc749aa000 	C:\Windows\System32\twinapi.appcore.dll
0x0000000017280000 - 0x0000000017327000 	C:\Users\77957\.idl\idlworkbench-config-idl8.3.0_x86_64\org.eclipse.osgi\bundles\530\1\.cp\swt-win32-3740.dll
0x00007ffc7dea0000 - 0x00007ffc7e045000 	C:\WINDOWS\System32\ole32.dll
0x00007ffc7e200000 - 0x00007ffc7e2f8000 	C:\WINDOWS\System32\comdlg32.dll
0x00007ffc7f080000 - 0x00007ffc7f174000 	C:\WINDOWS\System32\shcore.dll
0x00007ffc7f390000 - 0x00007ffc7f3ee000 	C:\WINDOWS\System32\SHLWAPI.dll
0x00007ffc7f4d0000 - 0x00007ffc7fd2f000 	C:\WINDOWS\System32\SHELL32.dll
0x00007ffc7d360000 - 0x00007ffc7d4c7000 	C:\WINDOWS\System32\CRYPT32.dll
0x00007ffc5b000000 - 0x00007ffc5b0a7000 	C:\WINDOWS\SYSTEM32\WINSPOOL.DRV
0x00007ffc5cd00000 - 0x00007ffc5cd19000 	C:\WINDOWS\SYSTEM32\USP10.dll
0x00007ffc619d0000 - 0x00007ffc61ec4000 	C:\WINDOWS\SYSTEM32\WININET.dll
0x00007ffc78b70000 - 0x00007ffc78c70000 	C:\WINDOWS\SYSTEM32\propsys.dll
0x00007ffc7a640000 - 0x00007ffc7af3c000 	C:\WINDOWS\system32\windows.storage.dll
0x00007ffc4b0a0000 - 0x00007ffc4b255000 	C:\Windows\System32\TaskFlowDataEngine.dll
0x00007ffc63ca0000 - 0x00007ffc63d4e000 	C:\Windows\System32\OneCoreCommonProxyStub.dll
0x00000000177c0000 - 0x00000000177de000 	C:\Users\77957\.idl\idlworkbench-config-idl8.3.0_x86_64\org.eclipse.osgi\bundles\530\1\.cp\swt-gdip-win32-3740.dll
0x00007ffc5dc80000 - 0x00007ffc5de39000 	C:\WINDOWS\WinSxS\amd64_microsoft.windows.gdiplus_6595b64144ccf1df_1.1.22621.3810_none_57f8d842ce19d879\gdiplus.dll
0x00007ffc758f0000 - 0x00007ffc75aa1000 	C:\WINDOWS\SYSTEM32\WindowsCodecs.dll
0x0000000180000000 - 0x0000000180011000 	C:\Users\77957\.idl\idlworkbench-config-idl8.3.0_x86_64\org.eclipse.osgi\bundles\183\1\.cp\os\win32\x86_64\localfile_1_0_0.dll
0x00007ffc642e0000 - 0x00007ffc6432d000 	C:\Program Files\Exelis\IDL83\bin\bin.x86_64\idl_ips.dll
0x00007ffc05040000 - 0x00007ffc05d9d000 	C:\Program Files\Exelis\IDL83\bin\bin.x86_64\idl.dll
0x00007ffc61840000 - 0x00007ffc61863000 	C:\Program Files\Exelis\IDL83\bin\bin.x86_64\UG3220.dll
0x00007ffc739d0000 - 0x00007ffc739dc000 	C:\Program Files\Exelis\IDL83\bin\bin.x86_64\osmesa6_2.dll
0x00007ffc62fb0000 - 0x00007ffc62fc9000 	C:\WINDOWS\SYSTEM32\NETAPI32.dll
0x00007ffc4c8d0000 - 0x00007ffc4c92c000 	C:\Program Files\Exelis\IDL83\bin\bin.x86_64\MesaGLU6_2.dll
0x00007ffc40860000 - 0x00007ffc409ee000 	C:\Program Files\Exelis\IDL83\bin\bin.x86_64\MesaGL6_2.dll
0x00007ffc5cf20000 - 0x00007ffc5cf27000 	C:\WINDOWS\SYSTEM32\MSIMG32.dll
0x00007ffc4bae0000 - 0x00007ffc4bb5c000 	C:\Program Files\Exelis\IDL83\bin\bin.x86_64\freetype2_4_7.dll
0x00007ffc7baf0000 - 0x00007ffc7bb33000 	C:\WINDOWS\SYSTEM32\SspiCli.dll
0x00007ffc778f0000 - 0x00007ffc77968000 	C:\WINDOWS\System32\netprofm.dll
0x00007ffc75be0000 - 0x00007ffc75bf8000 	C:\WINDOWS\System32\npmproxy.dll
0x00007ffc76c50000 - 0x00007ffc76c69000 	C:\WINDOWS\SYSTEM32\dhcpcsvc6.DLL
0x00007ffc76b40000 - 0x00007ffc76b5f000 	C:\WINDOWS\SYSTEM32\dhcpcsvc.DLL
0x00007ffc51e60000 - 0x00007ffc51e9e000 	C:\WINDOWS\system32\spool\DRIVERS\x64\3\kvpui64.dll
0x00007ffc37490000 - 0x00007ffc3773c000 	C:\WINDOWS\system32\spool\DRIVERS\x64\3\kvpdrv64.dll
0x00007ffc756f0000 - 0x00007ffc757ad000 	C:\WINDOWS\SYSTEM32\mscms.dll
0x00007ffc52e50000 - 0x00007ffc52e9a000 	C:\WINDOWS\SYSTEM32\icm32.dll
0x00007ffc5cc00000 - 0x00007ffc5cd00000 	C:\WINDOWS\SYSTEM32\OpenGL32.DLL
0x00007ffc5c660000 - 0x00007ffc5c68d000 	C:\WINDOWS\SYSTEM32\GLU32.dll
0x00007ffc79b70000 - 0x00007ffc79ba9000 	C:\WINDOWS\SYSTEM32\dxcore.dll
0x00007ffc51e00000 - 0x00007ffc51e3e000 	C:\Program Files\Exelis\IDL83\bin\bin.x86_64\gl_driver.dll
0x0000000017af0000 - 0x0000000017af3000 	C:\WINDOWS\SYSTEM32\icmp.Dll
0x00007ffc67340000 - 0x00007ffc673f0000 	C:\WINDOWS\SYSTEM32\TextShaping.dll
0x00007ffc414b0000 - 0x00007ffc41758000 	C:\WINDOWS\system32\explorerframe.dll
0x00007ffc4f770000 - 0x00007ffc4f7ce000 	C:\WINDOWS\system32\dataexchange.dll
0x00007ffc2afd0000 - 0x00007ffc2b012000 	C:\WINDOWS\system32\mlang.dll
0x00007ffc7cf80000 - 0x00007ffc7d023000 	C:\WINDOWS\SYSTEM32\sxs.dll
0x00007ffc63970000 - 0x00007ffc63981000 	C:\Users\77957\.idl\idlworkbench-config-idl8.3.0_x86_64\org.eclipse.osgi\bundles\208\1\.cp\jWinHttp-1.0.0.dll
0x00007ffc777b0000 - 0x00007ffc778e6000 	C:\WINDOWS\SYSTEM32\WINHTTP.dll
0x00007ffc79ac0000 - 0x00007ffc79aeb000 	C:\WINDOWS\system32\dwmapi.dll
0x00007ffc50300000 - 0x00007ffc50863000 	C:\WINDOWS\system32\windowsudk.shellcommon.dll
0x00007ffc740f0000 - 0x00007ffc74127000 	C:\WINDOWS\system32\XmlLite.dll
0x00007ffc72250000 - 0x00007ffc723c5000 	C:\Windows\System32\Windows.UI.dll
0x00007ffc70180000 - 0x00007ffc702f5000 	C:\Windows\System32\Windows.UI.Immersive.dll
0x00007ffc2d1b0000 - 0x00007ffc2d21a000 	C:\Windows\System32\thumbcache.dll
0x00007ffc78510000 - 0x00007ffc785b5000 	C:\WINDOWS\SYSTEM32\policymanager.dll
0x00007ffc78450000 - 0x00007ffc784e3000 	C:\WINDOWS\SYSTEM32\msvcp110_win.dll
0x00007ffc7b6e0000 - 0x00007ffc7b6ec000 	C:\WINDOWS\system32\Secur32.dll
0x00007ffc52960000 - 0x00007ffc52a15000 	C:\Windows\System32\Windows.FileExplorer.Common.dll
0x00007ffc6f310000 - 0x00007ffc6f500000 	C:\Windows\System32\urlmon.dll
0x00007ffc6f000000 - 0x00007ffc6f2be000 	C:\Windows\System32\iertutil.dll
0x00007ffc6efd0000 - 0x00007ffc6eff8000 	C:\Windows\System32\srvcli.dll
0x00007ffc7b360000 - 0x00007ffc7b36c000 	C:\Windows\System32\netutils.dll
0x00007ffc7ce00000 - 0x00007ffc7ce4e000 	C:\WINDOWS\system32\CFGMGR32.dll
0x00007ffc54da0000 - 0x00007ffc54ed5000 	C:\Windows\System32\Windows.System.Launcher.dll
0x00007ffc75ea0000 - 0x00007ffc75eba000 	C:\WINDOWS\SYSTEM32\windows.staterepositorycore.dll
0x00007ffbeafd0000 - 0x00007ffbeb070000 	C:\Program Files\Common Files\microsoft shared\ink\tiptsf.dll
0x00007ffc55070000 - 0x00007ffc5507e000 	C:\WINDOWS\SYSTEM32\atlthunk.dll

VM Arguments:
jvm_args: -Dosgi.instance.area.default=@user.home/IDLWorkspace83 -Dosgi.configuration.area=@user.home/.idl/idlworkbench-config-idl8.3.0_x86_64 -Dosgi.configuration.cascaded=true -Dosgi.checkConfiguration=true -Dosgi.sharedConfiguration.area.readOnly=true -Dorg.eclipse.update.reconcile=false -Declipse.p2.data.area=@config.dir/p2 -Dosgi.sharedConfiguration.area=C:\Program Files\Exelis\IDL83\bin\bin.x86_64/configuration 
java_command: <unknown>
Launcher Type: generic

Environment Variables:
PATH=C:/Program Files/Exelis/IDL83/bin/bin.x86_64/jre/bin/server;C:/Program Files/Exelis/IDL83/bin/bin.x86_64/jre/bin;C:/Program Files/Exelis/IDL83/bin/bin.x86_64/jre/lib/amd64;C:\Program Files\Exelis\IDL83\bin\bin.x86_64\;C:\WINDOWS\system32;C:\WINDOWS;C:\WINDOWS\System32\Wbem;C:\WINDOWS\System32\WindowsPowerShell\v1.0\;C:\WINDOWS\System32\OpenSSH\;C:\Users\77957\AppData\Local\Programs\Python\Python38;C:\Users\77957\AppData\Local\Programs\Python\Python38\Scripts;C:\Program Files (x86)\Tencent\微信web开发者工具\dll;C:\Program Files\MATLAB\R2024a\runtime\win64;C:\Program Files\MATLAB\R2024a\bin;C:\Users\77957\AppData\Local\Microsoft\WindowsApps;C:\Program Files\JetBrains\PyCharm 2023.1\bin;;C:\Users\77957\AppData\Local\Programs\Python\Python38;;C:\Program Files\Exelis\IDL83\bin\bin.x86_64;
USERNAME=77957
OS=Windows_NT
PROCESSOR_IDENTIFIER=Intel64 Family 6 Model 140 Stepping 1, GenuineIntel



---------------  S Y S T E M  ---------------

OS: Windows 8 , 64 bit Build 9200 

CPU:total 8 (4 cores per cpu, 2 threads per core) family 6 model 140 stepping 1, cmov, cx8, fxsr, mmx, sse, sse2, sse3, ssse3, sse4.1, sse4.2, popcnt, avx, avx2, ht, tsc, tscinvbit

Memory: 4k page, physical 16607252k(6305496k free), swap 42458220k(19093012k free)

vm_info: Java HotSpot(TM) 64-Bit Server VM (23.25-b01) for windows-amd64 JRE (1.7.0_25-b17), built on Jun 21 2013 12:58:32 by "java_re" with unknown MS VC++:1600

time: Mon Aug 12 09:58:40 2024
elapsed time: 587 seconds

