#
# A fatal error has been detected by the Java Runtime Environment:
#
#  EXCEPTION_ACCESS_VIOLATION (0xc0000005) at pc=0x00007ffafc3db9cf, pid=20896, tid=2240
#
# JRE version: 7.0_25-b17
# Java VM: Java HotSpot(TM) 64-Bit Server VM (23.25-b01 mixed mode windows-amd64 compressed oops)
# Problematic frame:
# C  0x00007ffafc3db9cf  RegisterProcTableCallback+0x54b20f
#
# Failed to write core dump. Minidumps are not enabled by default on client versions of Windows
#
# If you would like to submit a bug report, please visit:
#   http://bugreport.sun.com/bugreport/crash.jsp
# The crash happened outside the Java Virtual Machine in native code.
# See problematic frame for where to report the bug.
#

---------------  T H R E A D  ---------------

Current thread (0x0000000017bfe800):  JavaThread "IDL" [_thread_in_native, id=2240, stack(0x0000000018b20000,0x0000000018c20000)]

siginfo: ExceptionCode=0xc0000005, reading address 0x0000000000000035

Registers:
RAX=0x0000000000000001, RBX=0x0000000016aa7578, RCX=0x0000000016aa75a8, RDX=0x0000000000000000
RSP=0x0000000018c100a0, RBP=0x0000000018c101a0, RSI=0x0000000018c10100, RDI=0x000000000000000a
R8 =0x0000000018c10170, R9 =0x0000000018c100c0, R10=0x0000000016aa7598, R11=0x0000000018c100c0
R12=0x00007ffafc829920, R13=0x0000000024e02860, R14=0x0000000000000003, R15=0x0000000000000008
RIP=0x00007ffafc3db9cf, EFLAGS=0x0000000000010202

Top of Stack: (sp=0x0000000018c100a0)
0x0000000018c100a0:   00006aa56b10042d 0000000000000001
0x0000000018c100b0:   0000000016aa71c0 0000000000000000
0x0000000018c100c0:   0000000000000000 00007ffafb951b34
0x0000000018c100d0:   0000000000000000 0000000018c101b0
0x0000000018c100e0:   0000000018c101c0 0000000000000000
0x0000000018c100f0:   0000000016aa7588 0000000000000000
0x0000000018c10100:   0000000016aa75a8 0000000016aa75b8
0x0000000018c10110:   0000000016aa75c8 0000000016aa75d8
0x0000000018c10120:   0000000000000000 0000000000000000
0x0000000018c10130:   0000000000000000 0000000000000000
0x0000000018c10140:   0000000000000000 0000000000000000
0x0000000018c10150:   0000000000000000 00007ffa0000000a
0x0000000018c10160:   0000000016aa7578 00007ffafbe5692c
0x0000000018c10170:   0000000016aa71c0 0000000016aa71c0
0x0000000018c10180:   0000000016aa7578 0000000000000000
0x0000000018c10190:   0000000000000012 00007ffa00000007 

Instructions: (pc=0x00007ffafc3db9cf)
0x00007ffafc3db9af:   48 8d 74 24 30 44 8b f7 66 0f 1f 84 00 00 00 00
0x00007ffafc3db9bf:   00 48 8b 0e 48 85 c9 0f 84 8e 00 00 00 48 8b 01
0x00007ffafc3db9cf:   80 78 34 00 74 0a 48 8b 41 08 80 78 34 00 75 7b
0x00007ffafc3db9df:   41 8b d7 4c 8d 4c 24 20 48 c1 e2 04 4c 8d 45 d0 


Register to memory mapping:

RAX=0x0000000000000001 is an unknown value
RBX=0x0000000016aa7578 is an unknown value
RCX=0x0000000016aa75a8 is an unknown value
RDX=0x0000000000000000 is an unknown value
RSP=0x0000000018c100a0 is pointing into the stack for thread: 0x0000000017bfe800
RBP=0x0000000018c101a0 is pointing into the stack for thread: 0x0000000017bfe800
RSI=0x0000000018c10100 is pointing into the stack for thread: 0x0000000017bfe800
RDI=0x000000000000000a is an unknown value
R8 =0x0000000018c10170 is pointing into the stack for thread: 0x0000000017bfe800
R9 =0x0000000018c100c0 is pointing into the stack for thread: 0x0000000017bfe800
R10=0x0000000016aa7598 is an unknown value
R11=0x0000000018c100c0 is pointing into the stack for thread: 0x0000000017bfe800
R12=0x00007ffafc829920 is an unknown value
R13=0x0000000024e02860 is an unknown value
R14=0x0000000000000003 is an unknown value
R15=0x0000000000000008 is an unknown value


Stack: [0x0000000018b20000,0x0000000018c20000],  sp=0x0000000018c100a0,  free space=960k
Native frames: (J=compiled Java code, j=interpreted, Vv=VM code, C=native code)
C  0x00007ffafc3db9cf  RegisterProcTableCallback+0x54b20f

Java frames: (J=compiled Java code, j=interpreted, Vv=VM code)
j  com.rsi.idldt.core.ips.IPS_Access.IPS_Start([Ljava/lang/String;)V+0
j  com.rsi.idldt.core.ips.IPS_Manager$2.run()V+15
j  java.lang.Thread.run()V+11
v  ~StubRoutines::call_stub

---------------  P R O C E S S  ---------------

Java Threads: ( => current thread )
  0x00000000207dc800 JavaThread "Worker-25" [_thread_blocked, id=19668, stack(0x000000001a2c0000,0x000000001a3c0000)]
  0x00000000207e3000 JavaThread "Worker-24" [_thread_blocked, id=5344, stack(0x0000000018750000,0x0000000018850000)]
  0x00000000207d9800 JavaThread "Worker-23" [_thread_blocked, id=12792, stack(0x0000000014cb0000,0x0000000014db0000)]
  0x00000000207e0000 JavaThread "Worker-22" [_thread_blocked, id=8308, stack(0x0000000014b90000,0x0000000014c90000)]
  0x00000000207e2800 JavaThread "Worker-20" [_thread_blocked, id=14180, stack(0x000000001a720000,0x000000001a820000)]
  0x00000000207e1000 JavaThread "Worker-19" [_thread_blocked, id=18880, stack(0x000000001a3d0000,0x000000001a4d0000)]
  0x000000001cda2800 JavaThread "Worker-8" [_thread_blocked, id=2792, stack(0x0000000000630000,0x0000000000730000)]
  0x000000001cda7000 JavaThread "[ThreadPool Manager] - Idle Thread" daemon [_thread_blocked, id=5260, stack(0x000000001ffd0000,0x00000000200d0000)]
  0x0000000017bff000 JavaThread "Timer-2" daemon [_thread_blocked, id=13020, stack(0x000000001fd00000,0x000000001fe00000)]
  0x0000000017d24000 JavaThread "Timer-1" daemon [_thread_blocked, id=11924, stack(0x000000001e8a0000,0x000000001e9a0000)]
  0x0000000017d23000 JavaThread "Thread-13" [_thread_in_native, id=3944, stack(0x000000001e6e0000,0x000000001e7e0000)]
  0x0000000017d28000 JavaThread "IDLDT DOM Worker-7" [_thread_blocked, id=11828, stack(0x000000001e2f0000,0x000000001e3f0000)]
  0x0000000017d26800 JavaThread "IDLDT DOM Worker-6" [_thread_blocked, id=13492, stack(0x000000001e1f0000,0x000000001e2f0000)]
  0x0000000017d25000 JavaThread "IDLDT DOM Worker-5" [_thread_blocked, id=20300, stack(0x000000001e0f0000,0x000000001e1f0000)]
  0x0000000017c05000 JavaThread "IDLDT DOM Worker-4" [_thread_blocked, id=9316, stack(0x000000001dff0000,0x000000001e0f0000)]
  0x0000000017c04800 JavaThread "IDLDT DOM Worker-3" [_thread_blocked, id=21152, stack(0x000000001def0000,0x000000001dff0000)]
  0x0000000017c01800 JavaThread "IDLDT DOM Worker-2" [_thread_blocked, id=15368, stack(0x000000001ddf0000,0x000000001def0000)]
  0x0000000017c03000 JavaThread "IDLDT DOM Worker-1" [_thread_blocked, id=8996, stack(0x000000001dcf0000,0x000000001ddf0000)]
  0x0000000017c00800 JavaThread "IDLDT DOM Worker-0" [_thread_blocked, id=10456, stack(0x000000001dbf0000,0x000000001dcf0000)]
  0x0000000017c02000 JavaThread "Timer-0" daemon [_thread_blocked, id=20552, stack(0x000000001daf0000,0x000000001dbf0000)]
=>0x0000000017bfe800 JavaThread "IDL" [_thread_in_native, id=2240, stack(0x0000000018b20000,0x0000000018c20000)]
  0x00000000176b1800 JavaThread "IDLToJava Broker" daemon [_thread_blocked, id=17932, stack(0x0000000018a20000,0x0000000018b20000)]
  0x00000000161ef000 JavaThread "Provisioning Event Dispatcher" daemon [_thread_blocked, id=12904, stack(0x00000000173a0000,0x00000000174a0000)]
  0x0000000015f74800 JavaThread "Bundle File Closer" daemon [_thread_blocked, id=11348, stack(0x00000000171a0000,0x00000000172a0000)]
  0x0000000013246000 JavaThread "Worker-JM" [_thread_blocked, id=6552, stack(0x00000000170a0000,0x00000000171a0000)]
  0x0000000015eb1000 JavaThread "[Timer] - Main Queue Handler" daemon [_thread_blocked, id=14036, stack(0x0000000016fa0000,0x00000000170a0000)]
  0x00000000133e9000 JavaThread "Framework Event Dispatcher" daemon [_thread_blocked, id=1856, stack(0x0000000016da0000,0x0000000016ea0000)]
  0x00000000133bd800 JavaThread "Start Level Event Dispatcher" daemon [_thread_blocked, id=9444, stack(0x00000000168a0000,0x00000000169a0000)]
  0x00000000133e2800 JavaThread "State Data Manager" daemon [_thread_blocked, id=7648, stack(0x00000000167a0000,0x00000000168a0000)]
  0x0000000013294000 JavaThread "Framework Active Thread" [_thread_blocked, id=10532, stack(0x00000000165a0000,0x00000000166a0000)]
  0x0000000010d2d800 JavaThread "Service Thread" daemon [_thread_blocked, id=1864, stack(0x00000000134f0000,0x00000000135f0000)]
  0x0000000010d2a800 JavaThread "C2 CompilerThread1" daemon [_thread_blocked, id=14972, stack(0x0000000012ff0000,0x00000000130f0000)]
  0x0000000010d1e800 JavaThread "C2 CompilerThread0" daemon [_thread_blocked, id=9660, stack(0x0000000012ef0000,0x0000000012ff0000)]
  0x0000000010d1e000 JavaThread "Attach Listener" daemon [_thread_blocked, id=14080, stack(0x0000000012df0000,0x0000000012ef0000)]
  0x0000000010cf3800 JavaThread "Signal Dispatcher" daemon [_thread_blocked, id=6408, stack(0x0000000012cf0000,0x0000000012df0000)]
  0x0000000010c91800 JavaThread "Finalizer" daemon [_thread_blocked, id=2460, stack(0x0000000012bf0000,0x0000000012cf0000)]
  0x0000000010c8a800 JavaThread "Reference Handler" daemon [_thread_blocked, id=13348, stack(0x0000000012af0000,0x0000000012bf0000)]
  0x0000000002160800 JavaThread "main" [_thread_in_native, id=14912, stack(0x0000000000050000,0x0000000000150000)]

Other Threads:
  0x0000000010c85000 VMThread [stack: 0x00000000129f0000,0x0000000012af0000] [id=11856]
  0x000000001310f800 WatcherThread [stack: 0x00000000135f0000,0x00000000136f0000] [id=1596]

VM state:not at safepoint (normal execution)

VM Mutex/Monitor currently owned by a thread: None

Heap
 PSYoungGen      total 150336K, used 10493K [0x00000007accb0000, 0x00000007b7450000, 0x0000000800000000)
  eden space 129280K, 8% used [0x00000007accb0000,0x00000007ad6ef550,0x00000007b4af0000)
  from space 21056K, 0% used [0x00000007b5fc0000,0x00000007b5fc0000,0x00000007b7450000)
  to   space 21184K, 0% used [0x00000007b4af0000,0x00000007b4af0000,0x00000007b5fa0000)
 ParOldGen       total 170368K, used 85413K [0x0000000706600000, 0x0000000710c60000, 0x00000007accb0000)
  object space 170368K, 50% used [0x0000000706600000,0x000000070b969620,0x0000000710c60000)
 PSPermGen       total 49920K, used 47735K [0x0000000701400000, 0x00000007044c0000, 0x0000000706600000)
  object space 49920K, 95% used [0x0000000701400000,0x000000070429dd10,0x00000007044c0000)

Card table byte_map: [0x0000000005680000,0x0000000005e80000] byte_map_base: 0x0000000001e76000

Polling page: 0x0000000002110000

Code Cache  [0x00000000025c0000, 0x0000000002ce0000, 0x00000000055c0000)
 total_blobs=2654 nmethods=1994 adapters=609 free_code_cache=42022Kb largest_free_block=42868608

Compilation events (10 events):
Event: 1648.115 Thread 0x0000000010d2a800 nmethod 2188 0x000000000291c650 code [0x000000000291c7a0, 0x000000000291c968]
Event: 1648.117 Thread 0x0000000010d1e800 nmethod 2186 0x0000000002cd4bd0 code [0x0000000002cd5280, 0x0000000002cd8088]
Event: 1674.837 Thread 0x0000000010d2a800 2189             org.eclipse.swt.widgets.Display::postEvent (85 bytes)
Event: 1674.840 Thread 0x0000000010d2a800 nmethod 2189 0x0000000002a54c50 code [0x0000000002a54da0, 0x0000000002a550f8]
Event: 1680.162 Thread 0x0000000010d1e800 2190             org.eclipse.core.internal.jobs.JobListeners$4::notify (8 bytes)
Event: 1680.162 Thread 0x0000000010d1e800 nmethod 2190 0x00000000028fc790 code [0x00000000028fc8e0, 0x00000000028fc958]
Event: 1686.182 Thread 0x0000000010d2a800 2191   !         org.eclipse.core.internal.jobs.JobManager::schedule (150 bytes)
Event: 1686.205 Thread 0x0000000010d1e800 2192             org.eclipse.core.internal.jobs.JobListeners$3::notify (8 bytes)
Event: 1686.205 Thread 0x0000000010d1e800 nmethod 2192 0x00000000029ae410 code [0x00000000029ae560, 0x00000000029ae5d8]
Event: 1686.210 Thread 0x0000000010d2a800 nmethod 2191 0x0000000002cda610 code [0x0000000002cdaac0, 0x0000000002cdca80]

GC Heap History (10 events):
Event: 1644.286 GC heap before
{Heap before GC invocations=71 (full 24):
 PSYoungGen      total 165184K, used 143360K [0x00000007accb0000, 0x00000007b8570000, 0x0000000800000000)
  eden space 143360K, 100% used [0x00000007accb0000,0x00000007b58b0000,0x00000007b58b0000)
  from space 21824K, 0% used [0x00000007b7020000,0x00000007b7020000,0x00000007b8570000)
  to   space 22912K, 0% used [0x00000007b58b0000,0x00000007b58b0000,0x00000007b6f10000)
 ParOldGen       total 170368K, used 86925K [0x0000000706600000, 0x0000000710c60000, 0x00000007accb0000)
  object space 170368K, 51% used [0x0000000706600000,0x000000070bae3478,0x0000000710c60000)
 PSPermGen       total 50496K, used 47722K [0x0000000701400000, 0x0000000704550000, 0x0000000706600000)
  object space 50496K, 94% used [0x0000000701400000,0x000000070429aa68,0x0000000704550000)
Event: 1644.289 GC heap after
Heap after GC invocations=71 (full 24):
 PSYoungGen      total 142528K, used 4042K [0x00000007accb0000, 0x00000007b7e80000, 0x0000000800000000)
  eden space 138432K, 0% used [0x00000007accb0000,0x00000007accb0000,0x00000007b53e0000)
  from space 4096K, 98% used [0x00000007b58b0000,0x00000007b5ca28e8,0x00000007b5cb0000)
  to   space 21824K, 0% used [0x00000007b6930000,0x00000007b6930000,0x00000007b7e80000)
 ParOldGen       total 170368K, used 86925K [0x0000000706600000, 0x0000000710c60000, 0x00000007accb0000)
  object space 170368K, 51% used [0x0000000706600000,0x000000070bae3478,0x0000000710c60000)
 PSPermGen       total 50496K, used 47722K [0x0000000701400000, 0x0000000704550000, 0x0000000706600000)
  object space 50496K, 94% used [0x0000000701400000,0x000000070429aa68,0x0000000704550000)
}
Event: 1646.509 GC heap before
{Heap before GC invocations=72 (full 24):
 PSYoungGen      total 142528K, used 142474K [0x00000007accb0000, 0x00000007b7e80000, 0x0000000800000000)
  eden space 138432K, 100% used [0x00000007accb0000,0x00000007b53e0000,0x00000007b53e0000)
  from space 4096K, 98% used [0x00000007b58b0000,0x00000007b5ca28e8,0x00000007b5cb0000)
  to   space 21824K, 0% used [0x00000007b6930000,0x00000007b6930000,0x00000007b7e80000)
 ParOldGen       total 170368K, used 86925K [0x0000000706600000, 0x0000000710c60000, 0x00000007accb0000)
  object space 170368K, 51% used [0x0000000706600000,0x000000070bae3478,0x0000000710c60000)
 PSPermGen       total 50496K, used 47728K [0x0000000701400000, 0x0000000704550000, 0x0000000706600000)
  object space 50496K, 94% used [0x0000000701400000,0x000000070429c018,0x0000000704550000)
Event: 1646.513 GC heap after
Heap after GC invocations=72 (full 24):
 PSYoungGen      total 150912K, used 10822K [0x00000007accb0000, 0x00000007b79f0000, 0x0000000800000000)
  eden space 133760K, 0% used [0x00000007accb0000,0x00000007accb0000,0x00000007b4f50000)
  from space 17152K, 63% used [0x00000007b6930000,0x00000007b73c1930,0x00000007b79f0000)
  to   space 21824K, 0% used [0x00000007b4f50000,0x00000007b4f50000,0x00000007b64a0000)
 ParOldGen       total 170368K, used 88324K [0x0000000706600000, 0x0000000710c60000, 0x00000007accb0000)
  object space 170368K, 51% used [0x0000000706600000,0x000000070bc41240,0x0000000710c60000)
 PSPermGen       total 50496K, used 47728K [0x0000000701400000, 0x0000000704550000, 0x0000000706600000)
  object space 50496K, 94% used [0x0000000701400000,0x000000070429c018,0x0000000704550000)
}
Event: 1648.069 GC heap before
{Heap before GC invocations=73 (full 24):
 PSYoungGen      total 150912K, used 144582K [0x00000007accb0000, 0x00000007b79f0000, 0x0000000800000000)
  eden space 133760K, 100% used [0x00000007accb0000,0x00000007b4f50000,0x00000007b4f50000)
  from space 17152K, 63% used [0x00000007b6930000,0x00000007b73c1930,0x00000007b79f0000)
  to   space 21824K, 0% used [0x00000007b4f50000,0x00000007b4f50000,0x00000007b64a0000)
 ParOldGen       total 170368K, used 88324K [0x0000000706600000, 0x0000000710c60000, 0x00000007accb0000)
  object space 170368K, 51% used [0x0000000706600000,0x000000070bc41240,0x0000000710c60000)
 PSPermGen       total 50496K, used 47728K [0x0000000701400000, 0x0000000704550000, 0x0000000706600000)
  object space 50496K, 94% used [0x0000000701400000,0x000000070429c018,0x0000000704550000)
Event: 1648.072 GC heap after
Heap after GC invocations=73 (full 24):
 PSYoungGen      total 138944K, used 9658K [0x00000007accb0000, 0x00000007b7490000, 0x0000000800000000)
  eden space 129280K, 0% used [0x00000007accb0000,0x00000007accb0000,0x00000007b4af0000)
  from space 9664K, 99% used [0x00000007b4f50000,0x00000007b58beae8,0x00000007b58c0000)
  to   space 21312K, 0% used [0x00000007b5fc0000,0x00000007b5fc0000,0x00000007b7490000)
 ParOldGen       total 170368K, used 90472K [0x0000000706600000, 0x0000000710c60000, 0x00000007accb0000)
  object space 170368K, 53% used [0x0000000706600000,0x000000070be5a000,0x0000000710c60000)
 PSPermGen       total 50496K, used 47728K [0x0000000701400000, 0x0000000704550000, 0x0000000706600000)
  object space 50496K, 94% used [0x0000000701400000,0x000000070429c018,0x0000000704550000)
}
Event: 1661.605 GC heap before
{Heap before GC invocations=74 (full 24):
 PSYoungGen      total 138944K, used 25661K [0x00000007accb0000, 0x00000007b7490000, 0x0000000800000000)
  eden space 129280K, 12% used [0x00000007accb0000,0x00000007adc50b20,0x00000007b4af0000)
  from space 9664K, 99% used [0x00000007b4f50000,0x00000007b58beae8,0x00000007b58c0000)
  to   space 21312K, 0% used [0x00000007b5fc0000,0x00000007b5fc0000,0x00000007b7490000)
 ParOldGen       total 170368K, used 90472K [0x0000000706600000, 0x0000000710c60000, 0x00000007accb0000)
  object space 170368K, 53% used [0x0000000706600000,0x000000070be5a000,0x0000000710c60000)
 PSPermGen       total 50496K, used 47729K [0x0000000701400000, 0x0000000704550000, 0x0000000706600000)
  object space 50496K, 94% used [0x0000000701400000,0x000000070429c508,0x0000000704550000)
Event: 1661.609 GC heap after
Heap after GC invocations=74 (full 24):
 PSYoungGen      total 150336K, used 160K [0x00000007accb0000, 0x00000007b7450000, 0x0000000800000000)
  eden space 129280K, 0% used [0x00000007accb0000,0x00000007accb0000,0x00000007b4af0000)
  from space 21056K, 0% used [0x00000007b5fc0000,0x00000007b5fe8000,0x00000007b7450000)
  to   space 21184K, 0% used [0x00000007b4af0000,0x00000007b4af0000,0x00000007b5fa0000)
 ParOldGen       total 170368K, used 99958K [0x0000000706600000, 0x0000000710c60000, 0x00000007accb0000)
  object space 170368K, 58% used [0x0000000706600000,0x000000070c79da70,0x0000000710c60000)
 PSPermGen       total 50496K, used 47729K [0x0000000701400000, 0x0000000704550000, 0x0000000706600000)
  object space 50496K, 94% used [0x0000000701400000,0x000000070429c508,0x0000000704550000)
}
Event: 1661.609 GC heap before
{Heap before GC invocations=75 (full 25):
 PSYoungGen      total 150336K, used 160K [0x00000007accb0000, 0x00000007b7450000, 0x0000000800000000)
  eden space 129280K, 0% used [0x00000007accb0000,0x00000007accb0000,0x00000007b4af0000)
  from space 21056K, 0% used [0x00000007b5fc0000,0x00000007b5fe8000,0x00000007b7450000)
  to   space 21184K, 0% used [0x00000007b4af0000,0x00000007b4af0000,0x00000007b5fa0000)
 ParOldGen       total 170368K, used 99958K [0x0000000706600000, 0x0000000710c60000, 0x00000007accb0000)
  object space 170368K, 58% used [0x0000000706600000,0x000000070c79da70,0x0000000710c60000)
 PSPermGen       total 50496K, used 47729K [0x0000000701400000, 0x0000000704550000, 0x0000000706600000)
  object space 50496K, 94% used [0x0000000701400000,0x000000070429c508,0x0000000704550000)
Event: 1661.760 GC heap after
Heap after GC invocations=75 (full 25):
 PSYoungGen      total 150336K, used 0K [0x00000007accb0000, 0x00000007b7450000, 0x0000000800000000)
  eden space 129280K, 0% used [0x00000007accb0000,0x00000007accb0000,0x00000007b4af0000)
  from space 21056K, 0% used [0x00000007b5fc0000,0x00000007b5fc0000,0x00000007b7450000)
  to   space 21184K, 0% used [0x00000007b4af0000,0x00000007b4af0000,0x00000007b5fa0000)
 ParOldGen       total 170368K, used 85413K [0x0000000706600000, 0x0000000710c60000, 0x00000007accb0000)
  object space 170368K, 50% used [0x0000000706600000,0x000000070b969620,0x0000000710c60000)
 PSPermGen       total 49920K, used 47728K [0x0000000701400000, 0x00000007044c0000, 0x0000000706600000)
  object space 49920K, 95% used [0x0000000701400000,0x000000070429c2e8,0x00000007044c0000)
}

Deoptimization events (10 events):
Event: 1561.525 Thread 0x0000000002160800 Uncommon trap -34 fr.pc 0x0000000002a22270
Event: 1561.525 Thread 0x0000000002160800 Uncommon trap -34 fr.pc 0x0000000002a22270
Event: 1613.899 Thread 0x0000000002160800 Uncommon trap 132 fr.pc 0x0000000002678ec4
Event: 1614.049 Thread 0x0000000002160800 Uncommon trap 132 fr.pc 0x0000000002679cd4
Event: 1633.938 Thread 0x0000000002160800 Uncommon trap -34 fr.pc 0x000000000289972c
Event: 1633.938 Thread 0x0000000002160800 Uncommon trap -34 fr.pc 0x00000000026de7b4
Event: 1633.938 Thread 0x0000000002160800 Uncommon trap -34 fr.pc 0x000000000289972c
Event: 1633.938 Thread 0x0000000002160800 Uncommon trap -34 fr.pc 0x00000000026de7b4
Event: 1645.841 Thread 0x00000000207e3000 Uncommon trap -58 fr.pc 0x00000000029883c4
Event: 1654.933 Thread 0x0000000002160800 Uncommon trap -34 fr.pc 0x0000000002c537e4

Internal exceptions (10 events):
Event: 1233.122 Thread 0x0000000002160800 Implicit null exception at 0x00000000027dfd80 to 0x00000000027e03bd
Event: 1233.122 Thread 0x0000000002160800 Implicit null exception at 0x0000000002aff528 to 0x0000000002aff5c5
Event: 1233.123 Thread 0x0000000002160800 Implicit null exception at 0x0000000002b44107 to 0x0000000002b44529
Event: 1235.129 Thread 0x0000000002160800 Implicit null exception at 0x0000000002bf52f0 to 0x0000000002bf5345
Event: 1239.756 Thread 0x0000000002160800 Implicit null exception at 0x0000000002c07151 to 0x0000000002c071ea
Event: 1239.833 Thread 0x0000000002160800 Implicit null exception at 0x00000000029e8828 to 0x00000000029e8e21
Event: 1243.220 Thread 0x0000000002160800 Implicit null exception at 0x0000000002bacb02 to 0x0000000002baed6d
Event: 1331.720 Thread 0x00000000207dc800 Implicit null exception at 0x0000000002ad993b to 0x0000000002ad99f9
Event: 1401.061 Thread 0x0000000002160800 Implicit null exception at 0x000000000279f7da to 0x000000000279f9c9
Event: 1631.630 Thread 0x00000000207dd000 Threw 0x00000007b1cb6750 at C:\jdk7u2_64p\jdk7u25\hotspot\src\share\vm\runtime\objectMonitor.cpp:1612

Events (10 events):
Event: 1686.258 Executing VM operation: RevokeBias
Event: 1686.258 Executing VM operation: RevokeBias done
Event: 1686.259 Executing VM operation: RevokeBias
Event: 1686.259 Executing VM operation: RevokeBias done
Event: 1686.259 Executing VM operation: RevokeBias
Event: 1686.259 Executing VM operation: RevokeBias done
Event: 1686.260 Executing VM operation: RevokeBias
Event: 1686.260 Executing VM operation: RevokeBias done
Event: 1686.260 Executing VM operation: RevokeBias
Event: 1686.260 Executing VM operation: RevokeBias done


Dynamic libraries:
0x0000000000400000 - 0x000000000040e000 	C:\Program Files\Exelis\IDL83\bin\bin.x86_64\idlde.exe
0x00007ffb64250000 - 0x00007ffb64445000 	C:\WINDOWS\SYSTEM32\ntdll.dll
0x00007ffb63a50000 - 0x00007ffb63b0d000 	C:\WINDOWS\System32\KERNEL32.DLL
0x00007ffb619e0000 - 0x00007ffb61ca8000 	C:\WINDOWS\System32\KERNELBASE.dll
0x00007ffb5f210000 - 0x00007ffb5f2a0000 	C:\WINDOWS\SYSTEM32\apphelp.dll
0x00007ffb622b0000 - 0x00007ffb62450000 	C:\WINDOWS\System32\USER32.dll
0x00007ffb61d30000 - 0x00007ffb61d52000 	C:\WINDOWS\System32\win32u.dll
0x00007ffb635a0000 - 0x00007ffb635ca000 	C:\WINDOWS\System32\GDI32.dll
0x00007ffb61e10000 - 0x00007ffb61f1b000 	C:\WINDOWS\System32\gdi32full.dll
0x00007ffb62020000 - 0x00007ffb620bd000 	C:\WINDOWS\System32\msvcp_win.dll
0x00007ffb61f20000 - 0x00007ffb62020000 	C:\WINDOWS\System32\ucrtbase.dll
0x00007ffb62660000 - 0x00007ffb626fe000 	C:\WINDOWS\System32\msvcrt.dll
0x00007ffb52370000 - 0x00007ffb5260a000 	C:\WINDOWS\WinSxS\amd64_microsoft.windows.common-controls_6595b64144ccf1df_6.0.19041.844_none_ca00b6081b84eb1d\COMCTL32.dll
0x00007ffb63b10000 - 0x00007ffb63b40000 	C:\WINDOWS\System32\IMM32.DLL
0x0000000072000000 - 0x0000000072012000 	C:\Program Files\Exelis\IDL83\bin\bin.x86_64\plugins\org.eclipse.equinox.launcher.win32.win32.x86_64_1.1.100.v20110502\eclipse_1406.dll
0x00007ffb63e00000 - 0x00007ffb63eac000 	C:\WINDOWS\System32\ADVAPI32.dll
0x00007ffb630e0000 - 0x00007ffb6317b000 	C:\WINDOWS\System32\sechost.dll
0x00007ffb633d0000 - 0x00007ffb634fb000 	C:\WINDOWS\System32\RPCRT4.dll
0x00007ffb57e60000 - 0x00007ffb57e6a000 	C:\WINDOWS\SYSTEM32\VERSION.dll
0x0000000054740000 - 0x0000000054e4f000 	C:\Program Files\Exelis\IDL83\bin\bin.x86_64\jre\bin\server\jvm.dll
0x00007ffb62650000 - 0x00007ffb62658000 	C:\WINDOWS\System32\PSAPI.DLL
0x00007ffb505e0000 - 0x00007ffb50607000 	C:\WINDOWS\SYSTEM32\WINMM.dll
0x00007ffb5d140000 - 0x00007ffb5d149000 	C:\WINDOWS\SYSTEM32\WSOCK32.dll
0x00007ffb63360000 - 0x00007ffb633cb000 	C:\WINDOWS\System32\WS2_32.dll
0x0000000054660000 - 0x0000000054731000 	C:\WINDOWS\SYSTEM32\MSVCR100.dll
0x0000000054650000 - 0x000000005465f000 	C:\Program Files\Exelis\IDL83\bin\bin.x86_64\jre\bin\verify.dll
0x0000000054620000 - 0x0000000054648000 	C:\Program Files\Exelis\IDL83\bin\bin.x86_64\jre\bin\java.dll
0x0000000054600000 - 0x0000000054615000 	C:\Program Files\Exelis\IDL83\bin\bin.x86_64\jre\bin\zip.dll
0x00007ffb612d0000 - 0x00007ffb612e8000 	C:\WINDOWS\SYSTEM32\CRYPTSP.dll
0x00007ffb60a40000 - 0x00007ffb60a74000 	C:\WINDOWS\system32\rsaenh.dll
0x00007ffb620c0000 - 0x00007ffb620e7000 	C:\WINDOWS\System32\bcrypt.dll
0x00007ffb61850000 - 0x00007ffb6187e000 	C:\WINDOWS\SYSTEM32\USERENV.dll
0x00007ffb618d0000 - 0x00007ffb618ef000 	C:\WINDOWS\SYSTEM32\profapi.dll
0x00007ffb61cb0000 - 0x00007ffb61d30000 	C:\WINDOWS\System32\bcryptprimitives.dll
0x00007ffb612f0000 - 0x00007ffb612fc000 	C:\WINDOWS\SYSTEM32\CRYPTBASE.dll
0x00000000545e0000 - 0x00000000545f9000 	C:\Program Files\Exelis\IDL83\bin\bin.x86_64\jre\bin\net.dll
0x00007ffb610a0000 - 0x00007ffb6110a000 	C:\WINDOWS\system32\mswsock.dll
0x00007ffb483e0000 - 0x00007ffb4842b000 	C:\Program Files (x86)\Sangfor\SSL\ClientComponent\3_SangforNspX64.dll
0x00007ffb62520000 - 0x00007ffb6264a000 	C:\WINDOWS\System32\ole32.dll
0x00007ffb63eb0000 - 0x00007ffb64205000 	C:\WINDOWS\System32\combase.dll
0x00007ffb63010000 - 0x00007ffb630dd000 	C:\WINDOWS\System32\OLEAUT32.dll
0x00007ffb62f30000 - 0x00007ffb62f85000 	C:\WINDOWS\System32\SHLWAPI.dll
0x00007ffb41e30000 - 0x00007ffb41e47000 	C:\WINDOWS\system32\napinsp.dll
0x00007ffb3bb50000 - 0x00007ffb3bb6b000 	C:\WINDOWS\system32\pnrpnsp.dll
0x00007ffb5cbc0000 - 0x00007ffb5cbd5000 	C:\WINDOWS\system32\wshbth.dll
0x00007ffb5cf30000 - 0x00007ffb5cf4d000 	C:\WINDOWS\system32\NLAapi.dll
0x00007ffb60d90000 - 0x00007ffb60dcb000 	C:\WINDOWS\SYSTEM32\IPHLPAPI.DLL
0x00007ffb60dd0000 - 0x00007ffb60e9c000 	C:\WINDOWS\SYSTEM32\DNSAPI.dll
0x00007ffb63a40000 - 0x00007ffb63a48000 	C:\WINDOWS\System32\NSI.dll
0x00007ffb3bb30000 - 0x00007ffb3bb42000 	C:\WINDOWS\System32\winrnr.dll
0x00007ffb58100000 - 0x00007ffb5810a000 	C:\Windows\System32\rasadhlp.dll
0x00007ffb52bc0000 - 0x00007ffb52c3f000 	C:\WINDOWS\System32\fwpuclnt.dll
0x00000000545c0000 - 0x00000000545d1000 	C:\Program Files\Exelis\IDL83\bin\bin.x86_64\jre\bin\nio.dll
0x00007ffb5f370000 - 0x00007ffb5f40e000 	C:\WINDOWS\system32\uxtheme.dll
0x00007ffb631e0000 - 0x00007ffb632f5000 	C:\WINDOWS\System32\MSCTF.dll
0x00007ffb5f8b0000 - 0x00007ffb5f8c2000 	C:\WINDOWS\SYSTEM32\kernel.appcore.dll
0x00007ffb47e60000 - 0x00007ffb47f59000 	C:\WINDOWS\SYSTEM32\textinputframework.dll
0x00007ffb5ef00000 - 0x00007ffb5eff2000 	C:\WINDOWS\System32\CoreMessaging.dll
0x00007ffb5eba0000 - 0x00007ffb5eefe000 	C:\WINDOWS\System32\CoreUIComponents.dll
0x00007ffb63d50000 - 0x00007ffb63dfe000 	C:\WINDOWS\System32\SHCORE.dll
0x00007ffb606d0000 - 0x00007ffb60703000 	C:\WINDOWS\SYSTEM32\ntmarta.dll
0x00007ffb5e4d0000 - 0x00007ffb5e624000 	C:\WINDOWS\SYSTEM32\wintypes.dll
0x00007ffb62470000 - 0x00007ffb62519000 	C:\WINDOWS\System32\clbcatq.dll
0x00007ffb25ee0000 - 0x00007ffb25f92000 	C:\WINDOWS\system32\baiducnTSF.dll
0x00007ffb62700000 - 0x00007ffb62e42000 	C:\WINDOWS\System32\SHELL32.dll
0x00007ffb62150000 - 0x00007ffb622af000 	C:\WINDOWS\System32\CRYPT32.dll
0x00007ffb62450000 - 0x00007ffb6246d000 	C:\WINDOWS\System32\imagehlp.dll
0x00007ffb5fad0000 - 0x00007ffb60261000 	C:\WINDOWS\SYSTEM32\windows.storage.dll
0x00007ffb61390000 - 0x00007ffb613bc000 	C:\WINDOWS\System32\Wldp.dll
0x00007ffb25b30000 - 0x00007ffb25ee0000 	C:\Program Files (x86)\Baidu\BaiduPinyin\5.6.6000.0\UIPFullx64.dll
0x00007ffb36ed0000 - 0x00007ffb36f62000 	C:\Program Files (x86)\Baidu\BaiduPinyin\5.6.6000.0\configurex64.dll
0x00007ffb24eb0000 - 0x00007ffb24eb7000 	C:\WINDOWS\SYSTEM32\MSIMG32.dll
0x00007ffb2eca0000 - 0x00007ffb2ee4b000 	C:\WINDOWS\WinSxS\amd64_microsoft.windows.gdiplus_6595b64144ccf1df_1.1.19041.928_none_faefac437613c6cc\gdiplus.dll
0x00007ffb4fdf0000 - 0x00007ffb4fe56000 	C:\WINDOWS\SYSTEM32\OLEACC.dll
0x00007ffb46230000 - 0x00007ffb46248000 	C:\WINDOWS\SYSTEM32\NETAPI32.dll
0x00007ffb25a40000 - 0x00007ffb25b2f000 	C:\Program Files (x86)\Baidu\BaiduPinyin\5.6.6000.0\imefreetypex64.dll
0x00007ffb3aad0000 - 0x00007ffb3ab29000 	C:\Program Files (x86)\Baidu\BaiduPinyin\5.6.6000.0\imepngx64.dll
0x00007ffb44c50000 - 0x00007ffb44c8a000 	C:\Program Files (x86)\Baidu\BaiduPinyin\5.6.6000.0\imezlibx64.dll
0x00007ffb61880000 - 0x00007ffb618b1000 	C:\WINDOWS\SYSTEM32\SspiCli.dll
0x00007ffb4fe60000 - 0x00007ffb4ff08000 	C:\Windows\System32\twinapi.dll
0x00007ffb5b4d0000 - 0x00007ffb5b6d1000 	C:\Windows\System32\twinapi.appcore.dll
0x00007ffb5b790000 - 0x00007ffb5b944000 	C:\WINDOWS\SYSTEM32\WindowsCodecs.dll
0x00007ffb518b0000 - 0x00007ffb518ee000 	C:\WINDOWS\system32\dataexchange.dll
0x00007ffb5e630000 - 0x00007ffb5e815000 	C:\WINDOWS\system32\dcomp.dll
0x00007ffb5db60000 - 0x00007ffb5ddc4000 	C:\WINDOWS\system32\d3d11.dll
0x00007ffb602d0000 - 0x00007ffb603c3000 	C:\WINDOWS\system32\dxgi.dll
0x0000000018570000 - 0x0000000018617000 	C:\Users\jia\.idl\idlworkbench-config-idl8.3.0_x86_64\org.eclipse.osgi\bundles\530\1\.cp\swt-win32-3740.dll
0x00007ffb62e50000 - 0x00007ffb62f2a000 	C:\WINDOWS\System32\comdlg32.dll
0x00007ffb31c90000 - 0x00007ffb31d1e000 	C:\WINDOWS\SYSTEM32\WINSPOOL.DRV
0x00007ffb4e730000 - 0x00007ffb4ec0d000 	C:\WINDOWS\SYSTEM32\WININET.dll
0x00007ffb46d30000 - 0x00007ffb46d49000 	C:\WINDOWS\SYSTEM32\USP10.dll
0x00007ffb5d340000 - 0x00007ffb5d437000 	C:\WINDOWS\SYSTEM32\propsys.dll
0x00007ffb61990000 - 0x00007ffb619de000 	C:\WINDOWS\System32\cfgmgr32.dll
0x00007ffb60ad0000 - 0x00007ffb60b5a000 	C:\Windows\System32\msvcp110_win.dll
0x0000000016f80000 - 0x0000000016f9e000 	C:\Users\jia\.idl\idlworkbench-config-idl8.3.0_x86_64\org.eclipse.osgi\bundles\530\1\.cp\swt-gdip-win32-3740.dll
0x0000000180000000 - 0x0000000180011000 	C:\Users\jia\.idl\idlworkbench-config-idl8.3.0_x86_64\org.eclipse.osgi\bundles\183\1\.cp\os\win32\x86_64\localfile_1_0_0.dll
0x00007ffb46bc0000 - 0x00007ffb46c0d000 	C:\Program Files\Exelis\IDL83\bin\bin.x86_64\idl_ips.dll
0x00007ffb12000000 - 0x00007ffb12d5d000 	C:\Program Files\Exelis\IDL83\bin\bin.x86_64\idl.dll
0x00007ffb351b0000 - 0x00007ffb3520c000 	C:\Program Files\Exelis\IDL83\bin\bin.x86_64\MesaGLU6_2.dll
0x00007ffb34e10000 - 0x00007ffb34e33000 	C:\Program Files\Exelis\IDL83\bin\bin.x86_64\UG3220.dll
0x00007ffb188b0000 - 0x00007ffb18a3e000 	C:\Program Files\Exelis\IDL83\bin\bin.x86_64\MesaGL6_2.dll
0x00007ffb5ad30000 - 0x00007ffb5ad3c000 	C:\Program Files\Exelis\IDL83\bin\bin.x86_64\osmesa6_2.dll
0x00007ffb26760000 - 0x00007ffb267dc000 	C:\Program Files\Exelis\IDL83\bin\bin.x86_64\freetype2_4_7.dll
0x00007ffb52f40000 - 0x00007ffb52f57000 	C:\WINDOWS\SYSTEM32\dhcpcsvc6.DLL
0x00007ffb531f0000 - 0x00007ffb5320d000 	C:\WINDOWS\SYSTEM32\dhcpcsvc.DLL
0x0000000019520000 - 0x000000001980b000 	C:\WINDOWS\system32\spool\DRIVERS\x64\3\hp1100su.dll
0x0000000019810000 - 0x0000000019915000 	C:\WINDOWS\system32\spool\DRIVERS\x64\3\HP1100GC.dll
0x0000000019920000 - 0x000000001997f000 	C:\WINDOWS\system32\spool\DRIVERS\x64\3\hp1100sd.dll
0x00007ffb50a70000 - 0x00007ffb50b96000 	C:\WINDOWS\SYSTEM32\OpenGL32.DLL
0x00007ffb58be0000 - 0x00007ffb58c0c000 	C:\WINDOWS\SYSTEM32\GLU32.dll
0x00007ffb34af0000 - 0x00007ffb34b2e000 	C:\Program Files\Exelis\IDL83\bin\bin.x86_64\gl_driver.dll
0x0000000018a00000 - 0x0000000018a03000 	C:\WINDOWS\SYSTEM32\icmp.Dll
0x00007ffb32b40000 - 0x00007ffb32bec000 	C:\WINDOWS\SYSTEM32\TextShaping.dll
0x00007ffb337f0000 - 0x00007ffb33a11000 	C:\WINDOWS\system32\explorerframe.dll
0x00007ffb352e0000 - 0x00007ffb35322000 	C:\WINDOWS\system32\mlang.dll
0x00007ffb46ba0000 - 0x00007ffb46bb1000 	C:\Users\jia\.idl\idlworkbench-config-idl8.3.0_x86_64\org.eclipse.osgi\bundles\208\1\.cp\jWinHttp-1.0.0.dll
0x00007ffb5b9d0000 - 0x00007ffb5badb000 	C:\WINDOWS\SYSTEM32\WINHTTP.dll
0x00007ffb617a0000 - 0x00007ffb61842000 	C:\WINDOWS\SYSTEM32\sxs.dll
0x00007ffb42bc0000 - 0x00007ffb42be4000 	C:\WINDOWS\SYSTEM32\edputil.dll
0x00007ffb34080000 - 0x00007ffb340bc000 	C:\WINDOWS\system32\c_g18030.dll
0x00007ffb4eef0000 - 0x00007ffb4ef56000 	C:\Windows\System32\thumbcache.dll
0x00007ffb5ca20000 - 0x00007ffb5cac0000 	C:\WINDOWS\SYSTEM32\policymanager.dll
0x00007ffb4bb60000 - 0x00007ffb4bb6c000 	C:\WINDOWS\SYSTEM32\Secur32.dll
0x00007ffb52d30000 - 0x00007ffb52d49000 	C:\WINDOWS\SYSTEM32\samcli.dll
0x00007ffb5d440000 - 0x00007ffb5d464000 	C:\WINDOWS\SYSTEM32\SAMLIB.dll
0x00007ffb60ea0000 - 0x00007ffb60eac000 	C:\WINDOWS\SYSTEM32\netutils.dll
0x00007ffb2d160000 - 0x00007ffb2de30000 	C:\Users\jia\AppData\Local\Kingsoft\WPS Office\11.1.0.11045\office6\qingnse64.dll
0x00007ffb5d0d0000 - 0x00007ffb5d0dd000 	C:\WINDOWS\SYSTEM32\atlthunk.dll

VM Arguments:
jvm_args: -Dosgi.instance.area.default=@user.home/IDLWorkspace83 -Dosgi.configuration.area=@user.home/.idl/idlworkbench-config-idl8.3.0_x86_64 -Dosgi.configuration.cascaded=true -Dosgi.checkConfiguration=true -Dosgi.sharedConfiguration.area.readOnly=true -Dorg.eclipse.update.reconcile=false -Declipse.p2.data.area=@config.dir/p2 -Dosgi.sharedConfiguration.area=C:\Program Files\Exelis\IDL83\bin\bin.x86_64/configuration 
java_command: <unknown>
Launcher Type: generic

Environment Variables:
PATH=C:/Program Files/Exelis/IDL83/bin/bin.x86_64/jre/bin/server;C:/Program Files/Exelis/IDL83/bin/bin.x86_64/jre/bin;C:/Program Files/Exelis/IDL83/bin/bin.x86_64/jre/lib/amd64;C:\D_drive\Anaconda3\Anaconda\envs\AIMIS3D;C:\D_drive\Anaconda3\Anaconda\envs\AIMIS3D\Scripts;C:\D_drive\Anaconda3\Anaconda\envs\AIMIS3D\Library\bin;C:\D_drive\Anaconda3\Anaconda\envs\AIMIS3D\Library\mingw-w64\bin;C:\D_drive\Anaconda3\Anaconda\Scripts;C:\Program Files\Exelis\IDL85\bin\bin.x86_64;C:\Program Files\dotnet\;C:\Program Files\CMake\bin;;C:\WINDOWS\system32;C:\WINDOWS\System32\WindowsPowerShell\v1.0\;C:\WINDOWS\System32\Wbem;C:\Program Files\python;C:\Program Files\python\Scripts;C:\BtSoft\panel\script;C:\Program Files\ITK-SNAP 3.8\bin;C:\WINDOWS;C:\WINDOWS\System32\OpenSSH\;C:\Program Files (x86)\dotnet\;C:\Users\jia\AppData\Local\Microsoft\WindowsApps;C:\Pycharm\PyCharm Community Edition 2020.1.2\bin;C:\Users\jia\AppData\Local\Programs\Microsoft VS Code\bin;C:\Users\jia\Documents\WeChat Files\wxid_try451zf7exb12\FileStorage\File\2021-11;
USERNAME=jia
OS=Windows_NT
PROCESSOR_IDENTIFIER=Intel64 Family 6 Model 126 Stepping 5, GenuineIntel



---------------  S Y S T E M  ---------------

OS: Windows 8 , 64 bit Build 9200 

CPU:total 8 (4 cores per cpu, 2 threads per core) family 6 model 126 stepping 5, cmov, cx8, fxsr, mmx, sse, sse2, sse3, ssse3, sse4.1, sse4.2, popcnt, avx, avx2, ht, tsc, tscinvbit

Memory: 4k page, physical 16353460k(8476372k free), swap 18843828k(3116236k free)

vm_info: Java HotSpot(TM) 64-Bit Server VM (23.25-b01) for windows-amd64 JRE (1.7.0_25-b17), built on Jun 21 2013 12:58:32 by "java_re" with unknown MS VC++:1600

time: Fri Nov 19 16:43:21 2021
elapsed time: 1712 seconds

