#
# A fatal error has been detected by the Java Runtime Environment:
#
#  EXCEPTION_ACCESS_VIOLATION (0xc0000005) at pc=0x00007ffa76ecf051, pid=8212, tid=17476
#
# JRE version: 7.0_25-b17
# Java VM: Java HotSpot(TM) 64-Bit Server VM (23.25-b01 mixed mode windows-amd64 compressed oops)
# Problematic frame:
# C  0x00007ffa76ecf051  DumpRegistryKeyDefinitions+0x75f441
#
# Failed to write core dump. Minidumps are not enabled by default on client versions of Windows
#
# If you would like to submit a bug report, please visit:
#   http://bugreport.sun.com/bugreport/crash.jsp
# The crash happened outside the Java Virtual Machine in native code.
# See problematic frame for where to report the bug.
#

---------------  T H R E A D  ---------------

Current thread (0x0000000015d84800):  JavaThread "IDL" [_thread_in_native, id=17476, stack(0x00000000171a0000,0x00000000172a0000)]

siginfo: ExceptionCode=0xc0000005, reading address 0xffffffffffffffff

Registers:
RAX=0xb4199b343e020351, RBX=0x00000000172902f0, RCX=0x00000000006fb5e8, RDX=0x00000000006fb500
RSP=0x0000000017290268, RBP=0x00007ffa7736c960, RSI=0x00000000172902c0, RDI=0x0000000000000007
R8 =0x00000000172902c0, R9 =0x00000000172902f0, R10=0x0000000000000000, R11=0x0000000017290308
R12=0x00007ffa7736c960, R13=0x000000001d9e8e20, R14=0x0000000000000005, R15=0x000000002fc0b000
RIP=0x00007ffa76ecf051, EFLAGS=0x0000000000010246

Top of Stack: (sp=0x0000000017290268)
0x0000000017290268:   00007ffa76d554c9 00000000172902c0
0x0000000017290278:   00000000006f9ef0 3f8000003f800000
0x0000000017290288:   000000003f800000 00000000006fb230
0x0000000017290298:   00007ffa76d55be0 00000000006fb5e8
0x00000000172902a8:   0000000000000001 00000000172903a0
0x00000000172902b8:   0000000000000001 00000000006fb230
0x00000000172902c8:   00000000006fb230 00000000006fb5e8
0x00000000172902d8:   0000000000000000 0000000000000012
0x00000000172902e8:   00007ffa00000007 0000000017290390
0x00000000172902f8:   0000000000000000 0000000000000000
0x0000000017290308:   00000000006fb5e8 00000000006fb5f8
0x0000000017290318:   0000000000000000 00000000006fb618
0x0000000017290328:   00000000006fb628 00000000006fb638
0x0000000017290338:   00000000006fb648 0000000000000000
0x0000000017290348:   0000000000000000 0000000000000000
0x0000000017290358:   0000000000000000 0000000000000000 

Instructions: (pc=0x00007ffa76ecf051)
0x00007ffa76ecf031:   4a 04 f3 0f 11 42 08 8b 41 30 0f 28 02 48 03 c0
0x00007ffa76ecf041:   f3 0f 7f 04 c1 ff 41 30 c3 cc cc 48 8b 01 32 d2
0x00007ffa76ecf051:   38 50 34 74 0b 48 8b 41 08 38 50 34 74 02 b2 01
0x00007ffa76ecf061:   8a c2 c3 44 8b 81 60 10 00 00 8b 91 18 19 00 00 


Register to memory mapping:

RAX=0xb4199b343e020351 is an unknown value
RBX=0x00000000172902f0 is pointing into the stack for thread: 0x0000000015d84800
RCX=0x00000000006fb5e8 is an unknown value
RDX=0x00000000006fb500 is an unknown value
RSP=0x0000000017290268 is pointing into the stack for thread: 0x0000000015d84800
RBP=0x00007ffa7736c960 is an unknown value
RSI=0x00000000172902c0 is pointing into the stack for thread: 0x0000000015d84800
RDI=0x0000000000000007 is an unknown value
R8 =0x00000000172902c0 is pointing into the stack for thread: 0x0000000015d84800
R9 =0x00000000172902f0 is pointing into the stack for thread: 0x0000000015d84800
R10=0x0000000000000000 is an unknown value
R11=0x0000000017290308 is pointing into the stack for thread: 0x0000000015d84800
R12=0x00007ffa7736c960 is an unknown value
R13=0x000000001d9e8e20 is an unknown value
R14=0x0000000000000005 is an unknown value
R15=0x000000002fc0b000 is an unknown value


Stack: [0x00000000171a0000,0x00000000172a0000],  sp=0x0000000017290268,  free space=960k
Native frames: (J=compiled Java code, j=interpreted, Vv=VM code, C=native code)
C  0x00007ffa76ecf051  DumpRegistryKeyDefinitions+0x75f441

Java frames: (J=compiled Java code, j=interpreted, Vv=VM code)
j  com.rsi.idldt.core.ips.IPS_Access.IPS_Start([Ljava/lang/String;)V+0
j  com.rsi.idldt.core.ips.IPS_Manager$2.run()V+15
j  java.lang.Thread.run()V+11
v  ~StubRoutines::call_stub

---------------  P R O C E S S  ---------------

Java Threads: ( => current thread )
  0x000000001e07f800 JavaThread "Worker-51" [_thread_blocked, id=6212, stack(0x00000000460a0000,0x00000000461a0000)]
  0x000000001e086800 JavaThread "Worker-50" [_thread_blocked, id=4452, stack(0x0000000018990000,0x0000000018a90000)]
  0x000000001e085800 JavaThread "Worker-49" [_thread_blocked, id=10352, stack(0x0000000017560000,0x0000000017660000)]
  0x000000001e084000 JavaThread "Worker-48" [_thread_blocked, id=19804, stack(0x0000000015720000,0x0000000015820000)]
  0x000000001e07c800 JavaThread "Worker-44" [_thread_blocked, id=3140, stack(0x00000000173a0000,0x00000000174a0000)]
  0x000000001e085000 JavaThread "Worker-38" [_thread_blocked, id=2936, stack(0x0000000016d00000,0x0000000016e00000)]
  0x0000000014b27000 JavaThread "Timer-2" daemon [_thread_blocked, id=1648, stack(0x000000001d7e0000,0x000000001d8e0000)]
  0x0000000014b23000 JavaThread "Timer-1" daemon [_thread_blocked, id=3268, stack(0x000000001d460000,0x000000001d560000)]
  0x0000000014b22800 JavaThread "Thread-14" [_thread_in_native, id=16868, stack(0x000000001d360000,0x000000001d460000)]
  0x0000000014b21800 JavaThread "IDLDT DOM Worker-7" [_thread_blocked, id=16236, stack(0x000000001cde0000,0x000000001cee0000)]
  0x0000000014b21000 JavaThread "IDLDT DOM Worker-6" [_thread_blocked, id=9272, stack(0x000000001cce0000,0x000000001cde0000)]
  0x0000000014b24800 JavaThread "IDLDT DOM Worker-5" [_thread_blocked, id=13044, stack(0x000000001cbe0000,0x000000001cce0000)]
  0x0000000015d89000 JavaThread "IDLDT DOM Worker-4" [_thread_blocked, id=12216, stack(0x000000001cae0000,0x000000001cbe0000)]
  0x0000000015d87800 JavaThread "IDLDT DOM Worker-3" [_thread_blocked, id=8156, stack(0x000000001c9e0000,0x000000001cae0000)]
  0x0000000015d87000 JavaThread "IDLDT DOM Worker-2" [_thread_blocked, id=17540, stack(0x000000001c8e0000,0x000000001c9e0000)]
  0x0000000015d8a800 JavaThread "IDLDT DOM Worker-1" [_thread_blocked, id=16224, stack(0x000000001c7e0000,0x000000001c8e0000)]
  0x0000000015d88800 JavaThread "IDLDT DOM Worker-0" [_thread_blocked, id=9296, stack(0x000000001c6e0000,0x000000001c7e0000)]
  0x0000000015d8a000 JavaThread "Timer-0" daemon [_thread_blocked, id=12708, stack(0x000000001c5e0000,0x000000001c6e0000)]
=>0x0000000015d84800 JavaThread "IDL" [_thread_in_native, id=17476, stack(0x00000000171a0000,0x00000000172a0000)]
  0x0000000015c18000 JavaThread "IDLToJava Broker" daemon [_thread_blocked, id=17412, stack(0x00000000170a0000,0x00000000171a0000)]
  0x0000000014a42000 JavaThread "Provisioning Event Dispatcher" daemon [_thread_blocked, id=4640, stack(0x0000000015820000,0x0000000015920000)]
  0x0000000013800000 JavaThread "[ThreadPool Manager] - Idle Thread" daemon [_thread_blocked, id=17456, stack(0x0000000015620000,0x0000000015720000)]
  0x00000000148a4000 JavaThread "Bundle File Closer" daemon [_thread_blocked, id=20320, stack(0x0000000015320000,0x0000000015420000)]
  0x00000000149ff000 JavaThread "Worker-JM" [_thread_blocked, id=13964, stack(0x0000000015520000,0x0000000015620000)]
  0x0000000014810800 JavaThread "[Timer] - Main Queue Handler" daemon [_thread_blocked, id=17664, stack(0x0000000015420000,0x0000000015520000)]
  0x00000000139fd800 JavaThread "Framework Event Dispatcher" daemon [_thread_blocked, id=16808, stack(0x0000000015220000,0x0000000015320000)]
  0x000000001395f000 JavaThread "Start Level Event Dispatcher" daemon [_thread_blocked, id=1960, stack(0x0000000015120000,0x0000000015220000)]
  0x00000000147cb800 JavaThread "State Data Manager" daemon [_thread_blocked, id=6124, stack(0x0000000015020000,0x0000000015120000)]
  0x00000000137ef800 JavaThread "Framework Active Thread" [_thread_blocked, id=340, stack(0x0000000014f20000,0x0000000015020000)]
  0x0000000011133000 JavaThread "Service Thread" daemon [_thread_blocked, id=20344, stack(0x0000000013510000,0x0000000013610000)]
  0x000000001112e800 JavaThread "C2 CompilerThread1" daemon [_thread_blocked, id=4168, stack(0x0000000013410000,0x0000000013510000)]
  0x000000001112c800 JavaThread "C2 CompilerThread0" daemon [_thread_blocked, id=2736, stack(0x0000000013310000,0x0000000013410000)]
  0x000000001112b800 JavaThread "Attach Listener" daemon [_thread_blocked, id=4392, stack(0x0000000013210000,0x0000000013310000)]
  0x0000000011127000 JavaThread "Signal Dispatcher" daemon [_thread_blocked, id=19808, stack(0x0000000013110000,0x0000000013210000)]
  0x0000000011099800 JavaThread "Finalizer" daemon [_thread_blocked, id=7628, stack(0x0000000013010000,0x0000000013110000)]
  0x0000000011098800 JavaThread "Reference Handler" daemon [_thread_blocked, id=16648, stack(0x0000000012f10000,0x0000000013010000)]
  0x000000000275e800 JavaThread "main" [_thread_in_native, id=16416, stack(0x0000000000050000,0x0000000000150000)]

Other Threads:
  0x0000000011094000 VMThread [stack: 0x0000000012e10000,0x0000000012f10000] [id=14444]
  0x0000000013628800 WatcherThread [stack: 0x0000000013a10000,0x0000000013b10000] [id=20288]

VM state:not at safepoint (normal execution)

VM Mutex/Monitor currently owned by a thread: None

Heap
 PSYoungGen      total 50304K, used 929K [0x00000007ab800000, 0x00000007b1670000, 0x0000000800000000)
  eden space 49600K, 1% used [0x00000007ab800000,0x00000007ab8e8510,0x00000007ae870000)
  from space 704K, 0% used [0x00000007ae870000,0x00000007ae870000,0x00000007ae920000)
  to   space 23552K, 0% used [0x00000007aff70000,0x00000007aff70000,0x00000007b1670000)
 ParOldGen       total 173056K, used 80533K [0x0000000702800000, 0x000000070d100000, 0x00000007ab800000)
  object space 173056K, 46% used [0x0000000702800000,0x00000007076a5548,0x000000070d100000)
 PSPermGen       total 48256K, used 47936K [0x00000006fd600000, 0x0000000700520000, 0x0000000702800000)
  object space 48256K, 99% used [0x00000006fd600000,0x00000007004d01a0,0x0000000700520000)

Card table byte_map: [0x0000000005820000,0x0000000006040000] byte_map_base: 0x0000000002035000

Polling page: 0x00000000005d0000

Code Cache  [0x0000000002760000, 0x0000000002f60000, 0x0000000005760000)
 total_blobs=2834 nmethods=2174 adapters=609 free_code_cache=41088Kb largest_free_block=41971968

Compilation events (10 events):
Event: 4200.834 Thread 0x000000001112c800 2429   !         org.eclipse.osgi.internal.resolver.StateImpl::unloadLazyData (111 bytes)
Event: 4200.834 Thread 0x000000001112e800 2430             org.eclipse.osgi.framework.util.KeyedHashSet::elements (42 bytes)
Event: 4200.836 Thread 0x000000001112e800 nmethod 2430 0x0000000002f4e4d0 code [0x0000000002f4e620, 0x0000000002f4e8f8]
Event: 4200.841 Thread 0x000000001112c800 nmethod 2429 0x0000000002f54850 code [0x0000000002f54a00, 0x0000000002f55d30]
Event: 4209.681 Thread 0x000000001112e800 2431             org.eclipse.debug.internal.ui.viewers.model.provisional.ModelDelta::doAccept (47 bytes)
Event: 4209.683 Thread 0x000000001112e800 nmethod 2431 0x0000000002f541d0 code [0x0000000002f54340, 0x0000000002f54588]
Event: 4235.621 Thread 0x000000001112c800 2432  s          java.util.Vector::removeAllElements (39 bytes)
Event: 4235.622 Thread 0x000000001112c800 nmethod 2432 0x0000000002f4e050 code [0x0000000002f4e180, 0x0000000002f4e438]
Event: 4250.660 Thread 0x000000001112e800 2433             org.eclipse.ui.internal.AbstractPartSelectionTracker::fireSelection (65 bytes)
Event: 4250.663 Thread 0x000000001112e800 nmethod 2433 0x0000000002f56bd0 code [0x0000000002f56d60, 0x0000000002f57128]

GC Heap History (10 events):
Event: 4193.313 GC heap before
{Heap before GC invocations=545 (full 59):
 PSYoungGen      total 53568K, used 52928K [0x00000007ab800000, 0x00000007b21b0000, 0x0000000800000000)
  eden space 52928K, 100% used [0x00000007ab800000,0x00000007aebb0000,0x00000007aebb0000)
  from space 640K, 0% used [0x00000007aebb0000,0x00000007aebb0000,0x00000007aec50000)
  to   space 27648K, 0% used [0x00000007b06b0000,0x00000007b06b0000,0x00000007b21b0000)
 ParOldGen       total 173056K, used 81966K [0x0000000702800000, 0x000000070d100000, 0x00000007ab800000)
  object space 173056K, 47% used [0x0000000702800000,0x000000070780b880,0x000000070d100000)
 PSPermGen       total 48256K, used 47930K [0x00000006fd600000, 0x0000000700520000, 0x0000000702800000)
  object space 48256K, 99% used [0x00000006fd600000,0x00000007004ce818,0x0000000700520000)
Event: 4193.314 GC heap after
Heap after GC invocations=545 (full 59):
 PSYoungGen      total 76096K, used 4293K [0x00000007ab800000, 0x00000007b1e70000, 0x0000000800000000)
  eden space 51776K, 0% used [0x00000007ab800000,0x00000007ab800000,0x00000007aea90000)
  from space 24320K, 17% used [0x00000007b06b0000,0x00000007b0ae1500,0x00000007b1e70000)
  to   space 26560K, 0% used [0x00000007aea90000,0x00000007aea90000,0x00000007b0480000)
 ParOldGen       total 173056K, used 81966K [0x0000000702800000, 0x000000070d100000, 0x00000007ab800000)
  object space 173056K, 47% used [0x0000000702800000,0x000000070780b880,0x000000070d100000)
 PSPermGen       total 48256K, used 47930K [0x00000006fd600000, 0x0000000700520000, 0x0000000702800000)
  object space 48256K, 99% used [0x00000006fd600000,0x00000007004ce818,0x0000000700520000)
}
Event: 4205.991 GC heap before
{Heap before GC invocations=546 (full 59):
 PSYoungGen      total 76096K, used 56069K [0x00000007ab800000, 0x00000007b1e70000, 0x0000000800000000)
  eden space 51776K, 100% used [0x00000007ab800000,0x00000007aea90000,0x00000007aea90000)
  from space 24320K, 17% used [0x00000007b06b0000,0x00000007b0ae1500,0x00000007b1e70000)
  to   space 26560K, 0% used [0x00000007aea90000,0x00000007aea90000,0x00000007b0480000)
 ParOldGen       total 173056K, used 81966K [0x0000000702800000, 0x000000070d100000, 0x00000007ab800000)
  object space 173056K, 47% used [0x0000000702800000,0x000000070780b880,0x000000070d100000)
 PSPermGen       total 48256K, used 47932K [0x00000006fd600000, 0x0000000700520000, 0x0000000702800000)
  object space 48256K, 99% used [0x00000006fd600000,0x00000007004cf3d0,0x0000000700520000)
Event: 4205.993 GC heap after
Heap after GC invocations=546 (full 59):
 PSYoungGen      total 53952K, used 3224K [0x00000007ab800000, 0x00000007b1b80000, 0x0000000800000000)
  eden space 50688K, 0% used [0x00000007ab800000,0x00000007ab800000,0x00000007ae980000)
  from space 3264K, 98% used [0x00000007aea90000,0x00000007aedb6128,0x00000007aedc0000)
  to   space 25600K, 0% used [0x00000007b0280000,0x00000007b0280000,0x00000007b1b80000)
 ParOldGen       total 173056K, used 83869K [0x0000000702800000, 0x000000070d100000, 0x00000007ab800000)
  object space 173056K, 48% used [0x0000000702800000,0x00000007079e7620,0x000000070d100000)
 PSPermGen       total 48256K, used 47932K [0x00000006fd600000, 0x0000000700520000, 0x0000000702800000)
  object space 48256K, 99% used [0x00000006fd600000,0x00000007004cf3d0,0x0000000700520000)
}
Event: 4208.457 GC heap before
{Heap before GC invocations=547 (full 59):
 PSYoungGen      total 53952K, used 53912K [0x00000007ab800000, 0x00000007b1b80000, 0x0000000800000000)
  eden space 50688K, 100% used [0x00000007ab800000,0x00000007ae980000,0x00000007ae980000)
  from space 3264K, 98% used [0x00000007aea90000,0x00000007aedb6128,0x00000007aedc0000)
  to   space 25600K, 0% used [0x00000007b0280000,0x00000007b0280000,0x00000007b1b80000)
 ParOldGen       total 173056K, used 83869K [0x0000000702800000, 0x000000070d100000, 0x00000007ab800000)
  object space 173056K, 48% used [0x0000000702800000,0x00000007079e7620,0x000000070d100000)
 PSPermGen       total 48256K, used 47932K [0x00000006fd600000, 0x0000000700520000, 0x0000000702800000)
  object space 48256K, 99% used [0x00000006fd600000,0x00000007004cf3d0,0x0000000700520000)
Event: 4208.460 GC heap after
Heap after GC invocations=547 (full 59):
 PSYoungGen      total 70784K, used 7206K [0x00000007ab800000, 0x00000007b1730000, 0x0000000800000000)
  eden space 49600K, 0% used [0x00000007ab800000,0x00000007ab800000,0x00000007ae870000)
  from space 21184K, 34% used [0x00000007b0280000,0x00000007b0989810,0x00000007b1730000)
  to   space 23936K, 0% used [0x00000007ae870000,0x00000007ae870000,0x00000007affd0000)
 ParOldGen       total 173056K, used 83949K [0x0000000702800000, 0x000000070d100000, 0x00000007ab800000)
  object space 173056K, 48% used [0x0000000702800000,0x00000007079fb620,0x000000070d100000)
 PSPermGen       total 48256K, used 47932K [0x00000006fd600000, 0x0000000700520000, 0x0000000702800000)
  object space 48256K, 99% used [0x00000006fd600000,0x00000007004cf3d0,0x0000000700520000)
}
Event: 4259.218 GC heap before
{Heap before GC invocations=548 (full 59):
 PSYoungGen      total 70784K, used 50072K [0x00000007ab800000, 0x00000007b1730000, 0x0000000800000000)
  eden space 49600K, 86% used [0x00000007ab800000,0x00000007ae1dca20,0x00000007ae870000)
  from space 21184K, 34% used [0x00000007b0280000,0x00000007b0989810,0x00000007b1730000)
  to   space 23936K, 0% used [0x00000007ae870000,0x00000007ae870000,0x00000007affd0000)
 ParOldGen       total 173056K, used 83949K [0x0000000702800000, 0x000000070d100000, 0x00000007ab800000)
  object space 173056K, 48% used [0x0000000702800000,0x00000007079fb620,0x000000070d100000)
 PSPermGen       total 48256K, used 47936K [0x00000006fd600000, 0x0000000700520000, 0x0000000702800000)
  object space 48256K, 99% used [0x00000006fd600000,0x00000007004d0200,0x0000000700520000)
Event: 4259.220 GC heap after
Heap after GC invocations=548 (full 59):
 PSYoungGen      total 50304K, used 673K [0x00000007ab800000, 0x00000007b1670000, 0x0000000800000000)
  eden space 49600K, 0% used [0x00000007ab800000,0x00000007ab800000,0x00000007ae870000)
  from space 704K, 95% used [0x00000007ae870000,0x00000007ae918480,0x00000007ae920000)
  to   space 23552K, 0% used [0x00000007aff70000,0x00000007aff70000,0x00000007b1670000)
 ParOldGen       total 173056K, used 83997K [0x0000000702800000, 0x000000070d100000, 0x00000007ab800000)
  object space 173056K, 48% used [0x0000000702800000,0x0000000707a07620,0x000000070d100000)
 PSPermGen       total 48256K, used 47936K [0x00000006fd600000, 0x0000000700520000, 0x0000000702800000)
  object space 48256K, 99% used [0x00000006fd600000,0x00000007004d0200,0x0000000700520000)
}
Event: 4259.220 GC heap before
{Heap before GC invocations=549 (full 60):
 PSYoungGen      total 50304K, used 673K [0x00000007ab800000, 0x00000007b1670000, 0x0000000800000000)
  eden space 49600K, 0% used [0x00000007ab800000,0x00000007ab800000,0x00000007ae870000)
  from space 704K, 95% used [0x00000007ae870000,0x00000007ae918480,0x00000007ae920000)
  to   space 23552K, 0% used [0x00000007aff70000,0x00000007aff70000,0x00000007b1670000)
 ParOldGen       total 173056K, used 83997K [0x0000000702800000, 0x000000070d100000, 0x00000007ab800000)
  object space 173056K, 48% used [0x0000000702800000,0x0000000707a07620,0x000000070d100000)
 PSPermGen       total 48256K, used 47936K [0x00000006fd600000, 0x0000000700520000, 0x0000000702800000)
  object space 48256K, 99% used [0x00000006fd600000,0x00000007004d0200,0x0000000700520000)
Event: 4259.350 GC heap after
Heap after GC invocations=549 (full 60):
 PSYoungGen      total 50304K, used 0K [0x00000007ab800000, 0x00000007b1670000, 0x0000000800000000)
  eden space 49600K, 0% used [0x00000007ab800000,0x00000007ab800000,0x00000007ae870000)
  from space 704K, 0% used [0x00000007ae870000,0x00000007ae870000,0x00000007ae920000)
  to   space 23552K, 0% used [0x00000007aff70000,0x00000007aff70000,0x00000007b1670000)
 ParOldGen       total 173056K, used 80533K [0x0000000702800000, 0x000000070d100000, 0x00000007ab800000)
  object space 173056K, 46% used [0x0000000702800000,0x00000007076a5548,0x000000070d100000)
 PSPermGen       total 48256K, used 47936K [0x00000006fd600000, 0x0000000700520000, 0x0000000702800000)
  object space 48256K, 99% used [0x00000006fd600000,0x00000007004d01a0,0x0000000700520000)
}

Deoptimization events (10 events):
Event: 2432.996 Thread 0x000000000275e800 Uncommon trap -34 fr.pc 0x0000000002e00694
Event: 2432.996 Thread 0x000000000275e800 Uncommon trap -34 fr.pc 0x0000000002e00694
Event: 2432.996 Thread 0x000000000275e800 Uncommon trap -34 fr.pc 0x0000000002e00694
Event: 2432.996 Thread 0x000000000275e800 Uncommon trap -34 fr.pc 0x0000000002e00694
Event: 2700.793 Thread 0x00000000147cb800 Uncommon trap -42 fr.pc 0x00000000027edd10
Event: 3000.801 Thread 0x00000000147cb800 Uncommon trap -42 fr.pc 0x00000000027edd10
Event: 3020.938 Thread 0x000000001e088000 Uncommon trap -58 fr.pc 0x0000000002ce821c
Event: 4059.558 Thread 0x000000000275e800 Uncommon trap -83 fr.pc 0x00000000028d6f1c
Event: 4059.558 Thread 0x000000000275e800 Uncommon trap -83 fr.pc 0x0000000002bc1c34
Event: 4082.212 Thread 0x000000000275e800 Uncommon trap -83 fr.pc 0x0000000002803838

Internal exceptions (10 events):
Event: 1045.646 Thread 0x000000000275e800 Implicit null exception at 0x0000000002c5e3f2 to 0x0000000002c5e8f1
Event: 1045.646 Thread 0x000000000275e800 Implicit null exception at 0x0000000002c60f3b to 0x0000000002c6140d
Event: 1060.893 Thread 0x000000001e085800 Implicit null exception at 0x0000000002e60559 to 0x0000000002e64375
Event: 1064.378 Thread 0x000000000275e800 Implicit null exception at 0x00000000029599a2 to 0x000000000295a129
Event: 1064.378 Thread 0x000000000275e800 Implicit null exception at 0x0000000002bcd8bf to 0x0000000002bcef4d
Event: 1255.235 Thread 0x000000000275e800 Implicit null exception at 0x0000000002bb1f76 to 0x0000000002bb2931
Event: 1255.271 Thread 0x000000000275e800 Implicit null exception at 0x0000000002d2a0bf to 0x0000000002d2a469
Event: 1616.749 Thread 0x000000000275e800 Implicit null exception at 0x0000000002e12fbd to 0x0000000002e14d6d
Event: 2445.083 Thread 0x000000001e07e000 Threw 0x00000007ac1c0b38 at C:\jdk7u2_64p\jdk7u25\hotspot\src\share\vm\runtime\objectMonitor.cpp:1612
Event: 2458.507 Thread 0x000000001e07e000 Threw 0x00000007ad5a0498 at C:\jdk7u2_64p\jdk7u25\hotspot\src\share\vm\runtime\objectMonitor.cpp:1612

Events (10 events):
Event: 4254.714 Executing VM operation: RevokeBias
Event: 4254.714 Executing VM operation: RevokeBias done
Event: 4254.714 Executing VM operation: RevokeBias
Event: 4254.714 Executing VM operation: RevokeBias done
Event: 4254.714 Executing VM operation: RevokeBias
Event: 4254.714 Executing VM operation: RevokeBias done
Event: 4259.218 Executing VM operation: ParallelGCSystemGC
Event: 4259.350 Executing VM operation: ParallelGCSystemGC done
Event: 4259.350 Thread 0x000000001e089000 Thread added: 0x000000001e089000
Event: 4259.350 Thread 0x000000001e089000 Thread exited: 0x000000001e089000


Dynamic libraries:
0x0000000000400000 - 0x000000000040e000 	C:\Program Files\Exelis\IDL83\bin\bin.x86_64\idlde.exe
0x00007ffafe530000 - 0x00007ffafe747000 	C:\WINDOWS\SYSTEM32\ntdll.dll
0x00007ffafd2f0000 - 0x00007ffafd3b4000 	C:\WINDOWS\System32\KERNEL32.DLL
0x00007ffafbea0000 - 0x00007ffafc245000 	C:\WINDOWS\System32\KERNELBASE.dll
0x00007ffaf8580000 - 0x00007ffaf8617000 	C:\WINDOWS\SYSTEM32\apphelp.dll
0x00007ffafc310000 - 0x00007ffafc4be000 	C:\WINDOWS\System32\USER32.dll
0x00007ffafc250000 - 0x00007ffafc276000 	C:\WINDOWS\System32\win32u.dll
0x00007ffafc2d0000 - 0x00007ffafc2f9000 	C:\WINDOWS\System32\GDI32.dll
0x00007ffafb9b0000 - 0x00007ffafbac9000 	C:\WINDOWS\System32\gdi32full.dll
0x00007ffafb8a0000 - 0x00007ffafb93a000 	C:\WINDOWS\System32\msvcp_win.dll
0x00007ffafbb50000 - 0x00007ffafbc61000 	C:\WINDOWS\System32\ucrtbase.dll
0x00007ffafdb30000 - 0x00007ffafdbd7000 	C:\WINDOWS\System32\msvcrt.dll
0x00007ffae0ab0000 - 0x00007ffae0d43000 	C:\WINDOWS\WinSxS\amd64_microsoft.windows.common-controls_6595b64144ccf1df_6.0.22621.2506_none_270c5ae97388e100\COMCTL32.dll
0x00007ffafc7c0000 - 0x00007ffafc7f1000 	C:\WINDOWS\System32\IMM32.DLL
0x0000000072000000 - 0x0000000072012000 	C:\Program Files\Exelis\IDL83\bin\bin.x86_64\plugins\org.eclipse.equinox.launcher.win32.win32.x86_64_1.1.100.v20110502\eclipse_1406.dll
0x00007ffafe130000 - 0x00007ffafe1e1000 	C:\WINDOWS\System32\ADVAPI32.dll
0x00007ffafc710000 - 0x00007ffafc7b6000 	C:\WINDOWS\System32\sechost.dll
0x00007ffafc570000 - 0x00007ffafc687000 	C:\WINDOWS\System32\RPCRT4.dll
0x00007ffaf4050000 - 0x00007ffaf405a000 	C:\WINDOWS\SYSTEM32\VERSION.dll
0x0000000060ad0000 - 0x00000000611df000 	C:\Program Files\Exelis\IDL83\bin\bin.x86_64\jre\bin\server\jvm.dll
0x00007ffafd2e0000 - 0x00007ffafd2e8000 	C:\WINDOWS\System32\PSAPI.DLL
0x00007ffaf3d50000 - 0x00007ffaf3d84000 	C:\WINDOWS\SYSTEM32\WINMM.dll
0x00007ffae23e0000 - 0x00007ffae23e9000 	C:\WINDOWS\SYSTEM32\WSOCK32.dll
0x00007ffafc690000 - 0x00007ffafc701000 	C:\WINDOWS\System32\WS2_32.dll
0x00000000609f0000 - 0x0000000060ac2000 	C:\WINDOWS\SYSTEM32\MSVCR100.dll
0x00000000609e0000 - 0x00000000609ef000 	C:\Program Files\Exelis\IDL83\bin\bin.x86_64\jre\bin\verify.dll
0x00000000609b0000 - 0x00000000609d8000 	C:\Program Files\Exelis\IDL83\bin\bin.x86_64\jre\bin\java.dll
0x0000000060990000 - 0x00000000609a5000 	C:\Program Files\Exelis\IDL83\bin\bin.x86_64\jre\bin\zip.dll
0x00007ffafaff0000 - 0x00007ffafb00b000 	C:\WINDOWS\SYSTEM32\CRYPTSP.dll
0x00007ffafa8b0000 - 0x00007ffafa8e5000 	C:\WINDOWS\system32\rsaenh.dll
0x00007ffafae90000 - 0x00007ffafaebc000 	C:\WINDOWS\SYSTEM32\USERENV.dll
0x00007ffafb7d0000 - 0x00007ffafb7f6000 	C:\WINDOWS\SYSTEM32\profapi.dll
0x00007ffafb250000 - 0x00007ffafb278000 	C:\WINDOWS\SYSTEM32\bcrypt.dll
0x00007ffafbad0000 - 0x00007ffafbb4a000 	C:\WINDOWS\System32\bcryptprimitives.dll
0x00007ffafb010000 - 0x00007ffafb01c000 	C:\WINDOWS\SYSTEM32\CRYPTBASE.dll
0x0000000060970000 - 0x0000000060989000 	C:\Program Files\Exelis\IDL83\bin\bin.x86_64\jre\bin\net.dll
0x00007ffafadd0000 - 0x00007ffafae39000 	C:\WINDOWS\system32\mswsock.dll
0x00007ffae1c30000 - 0x00007ffae1c47000 	C:\WINDOWS\system32\napinsp.dll
0x00007ffad4dc0000 - 0x00007ffad4ddb000 	C:\WINDOWS\system32\pnrpnsp.dll
0x00007ffafa3c0000 - 0x00007ffafa4b9000 	C:\WINDOWS\SYSTEM32\DNSAPI.dll
0x00007ffafa390000 - 0x00007ffafa3bd000 	C:\WINDOWS\SYSTEM32\IPHLPAPI.DLL
0x00007ffafc300000 - 0x00007ffafc309000 	C:\WINDOWS\System32\NSI.dll
0x00007ffad4da0000 - 0x00007ffad4db1000 	C:\WINDOWS\System32\winrnr.dll
0x00007ffaf4290000 - 0x00007ffaf42a5000 	C:\WINDOWS\system32\wshbth.dll
0x00007ffad4d70000 - 0x00007ffad4d91000 	C:\WINDOWS\system32\nlansp_c.dll
0x00007ffaf3bb0000 - 0x00007ffaf3bba000 	C:\Windows\System32\rasadhlp.dll
0x00007ffaf3880000 - 0x00007ffaf3903000 	C:\WINDOWS\System32\fwpuclnt.dll
0x0000000060950000 - 0x0000000060961000 	C:\Program Files\Exelis\IDL83\bin\bin.x86_64\jre\bin\nio.dll
0x00007ffaf8ce0000 - 0x00007ffaf8d8b000 	C:\WINDOWS\system32\uxtheme.dll
0x00007ffafd3d0000 - 0x00007ffafd759000 	C:\WINDOWS\System32\combase.dll
0x00007ffafd8c0000 - 0x00007ffafda0f000 	C:\WINDOWS\System32\MSCTF.dll
0x00007ffafa8f0000 - 0x00007ffafa908000 	C:\WINDOWS\SYSTEM32\kernel.appcore.dll
0x00007ffaf1ca0000 - 0x00007ffaf1dea000 	C:\WINDOWS\SYSTEM32\textinputframework.dll
0x00007ffafe390000 - 0x00007ffafe467000 	C:\WINDOWS\System32\OLEAUT32.dll
0x00007ffaf7a30000 - 0x00007ffaf7b63000 	C:\WINDOWS\SYSTEM32\CoreMessaging.dll
0x00007ffaf3190000 - 0x00007ffaf34fc000 	C:\WINDOWS\SYSTEM32\CoreUIComponents.dll
0x00007ffaf9640000 - 0x00007ffaf977e000 	C:\WINDOWS\SYSTEM32\wintypes.dll
0x00007ffac9a00000 - 0x00007ffac9a69000 	C:\WINDOWS\system32\Oleacc.dll
0x00000000168f0000 - 0x0000000016997000 	C:\Users\77957\.idl\idlworkbench-config-idl8.3.0_x86_64\org.eclipse.osgi\bundles\530\1\.cp\swt-win32-3740.dll
0x00007ffafe1f0000 - 0x00007ffafe390000 	C:\WINDOWS\System32\ole32.dll
0x00007ffafd760000 - 0x00007ffafd859000 	C:\WINDOWS\System32\comdlg32.dll
0x00007ffafda10000 - 0x00007ffafdb03000 	C:\WINDOWS\System32\shcore.dll
0x00007ffafdc50000 - 0x00007ffafdcae000 	C:\WINDOWS\System32\SHLWAPI.dll
0x00007ffafca80000 - 0x00007ffafd2d9000 	C:\WINDOWS\System32\SHELL32.dll
0x00007ffafbc70000 - 0x00007ffafbdd6000 	C:\WINDOWS\System32\CRYPT32.dll
0x00007ffadb860000 - 0x00007ffadb908000 	C:\WINDOWS\SYSTEM32\WINSPOOL.DRV
0x00007ffaae940000 - 0x00007ffaae959000 	C:\WINDOWS\SYSTEM32\USP10.dll
0x00007ffae2610000 - 0x00007ffae2b04000 	C:\WINDOWS\SYSTEM32\WININET.dll
0x00007ffaf6100000 - 0x00007ffaf6201000 	C:\WINDOWS\SYSTEM32\propsys.dll
0x00007ffafc810000 - 0x00007ffafc8c0000 	C:\WINDOWS\System32\clbcatq.dll
0x00007ffaf9780000 - 0x00007ffafa074000 	C:\WINDOWS\system32\windows.storage.dll
0x00007ffad9270000 - 0x00007ffad9426000 	C:\Windows\System32\TaskFlowDataEngine.dll
0x0000000016ad0000 - 0x0000000016aee000 	C:\Users\77957\.idl\idlworkbench-config-idl8.3.0_x86_64\org.eclipse.osgi\bundles\530\1\.cp\swt-gdip-win32-3740.dll
0x00007ffadb990000 - 0x00007ffadbb49000 	C:\WINDOWS\WinSxS\amd64_microsoft.windows.gdiplus_6595b64144ccf1df_1.1.22621.2506_none_57f74dcece1b5ace\gdiplus.dll
0x00007ffaf7200000 - 0x00007ffaf73b0000 	C:\WINDOWS\SYSTEM32\WindowsCodecs.dll
0x0000000180000000 - 0x0000000180011000 	C:\Users\77957\.idl\idlworkbench-config-idl8.3.0_x86_64\org.eclipse.osgi\bundles\183\1\.cp\os\win32\x86_64\localfile_1_0_0.dll
0x00007ffabd6b0000 - 0x00007ffabd6fd000 	C:\Program Files\Exelis\IDL83\bin\bin.x86_64\idl_ips.dll
0x00007ffa72ca0000 - 0x00007ffa739fd000 	C:\Program Files\Exelis\IDL83\bin\bin.x86_64\idl.dll
0x00007ffad20f0000 - 0x00007ffad2113000 	C:\Program Files\Exelis\IDL83\bin\bin.x86_64\UG3220.dll
0x00007ffadfc60000 - 0x00007ffadfc79000 	C:\WINDOWS\SYSTEM32\NETAPI32.dll
0x00007ffada820000 - 0x00007ffada82c000 	C:\Program Files\Exelis\IDL83\bin\bin.x86_64\osmesa6_2.dll
0x00007ffadb970000 - 0x00007ffadb977000 	C:\WINDOWS\SYSTEM32\MSIMG32.dll
0x00007ffabb750000 - 0x00007ffabb7ac000 	C:\Program Files\Exelis\IDL83\bin\bin.x86_64\MesaGLU6_2.dll
0x00007ffa8a3d0000 - 0x00007ffa8a55e000 	C:\Program Files\Exelis\IDL83\bin\bin.x86_64\MesaGL6_2.dll
0x00007ffab0f00000 - 0x00007ffab0f7c000 	C:\Program Files\Exelis\IDL83\bin\bin.x86_64\freetype2_4_7.dll
0x00007ffafabc0000 - 0x00007ffafac02000 	C:\WINDOWS\SYSTEM32\SspiCli.dll
0x00007ffaf5470000 - 0x00007ffaf54e8000 	C:\WINDOWS\System32\netprofm.dll
0x00007ffaf36a0000 - 0x00007ffaf36b8000 	C:\WINDOWS\System32\npmproxy.dll
0x00007ffaf4ad0000 - 0x00007ffaf4ae9000 	C:\WINDOWS\SYSTEM32\dhcpcsvc6.DLL
0x00007ffaf4ab0000 - 0x00007ffaf4acf000 	C:\WINDOWS\SYSTEM32\dhcpcsvc.DLL
0x0000000017e60000 - 0x000000001814b000 	C:\WINDOWS\system32\spool\DRIVERS\x64\3\hp1100su.dll
0x0000000018150000 - 0x0000000018255000 	C:\WINDOWS\system32\spool\DRIVERS\x64\3\HP1100GC.dll
0x0000000018260000 - 0x00000000182bf000 	C:\WINDOWS\system32\spool\DRIVERS\x64\3\hp1100sd.dll
0x00007ffae1850000 - 0x00007ffae1950000 	C:\WINDOWS\SYSTEM32\OpenGL32.DLL
0x00007ffae17e0000 - 0x00007ffae180d000 	C:\WINDOWS\SYSTEM32\GLU32.dll
0x00007ffaf8f90000 - 0x00007ffaf8fc6000 	C:\WINDOWS\SYSTEM32\dxcore.dll
0x00007ffac5260000 - 0x00007ffac529e000 	C:\Program Files\Exelis\IDL83\bin\bin.x86_64\gl_driver.dll
0x00007ffacb650000 - 0x00007ffacb700000 	C:\WINDOWS\SYSTEM32\TextShaping.dll
0x0000000018320000 - 0x0000000018323000 	C:\WINDOWS\SYSTEM32\icmp.Dll
0x00007ffac9330000 - 0x00007ffac95d9000 	C:\WINDOWS\system32\explorerframe.dll
0x00007ffac97d0000 - 0x00007ffac982e000 	C:\WINDOWS\system32\dataexchange.dll
0x00007ffaf10d0000 - 0x00007ffaf1355000 	C:\WINDOWS\system32\twinapi.appcore.dll
0x00007ffac2260000 - 0x00007ffac22a2000 	C:\WINDOWS\system32\mlang.dll
0x00007ffafb710000 - 0x00007ffafb7b3000 	C:\WINDOWS\SYSTEM32\sxs.dll
0x00007ffad1280000 - 0x00007ffad1291000 	C:\Users\77957\.idl\idlworkbench-config-idl8.3.0_x86_64\org.eclipse.osgi\bundles\208\1\.cp\jWinHttp-1.0.0.dll
0x00007ffaf54f0000 - 0x00007ffaf5627000 	C:\WINDOWS\SYSTEM32\WINHTTP.dll
0x00007ffaf8f20000 - 0x00007ffaf8f4b000 	C:\WINDOWS\system32\dwmapi.dll
0x00007ffaca150000 - 0x00007ffaca632000 	C:\WINDOWS\system32\windowsudk.shellcommon.dll
0x00007ffaf3f80000 - 0x00007ffaf3fb7000 	C:\WINDOWS\system32\XmlLite.dll
0x00007ffad4e70000 - 0x00007ffad4fe4000 	C:\Windows\System32\Windows.UI.dll
0x00007ffacc240000 - 0x00007ffacc3b5000 	C:\Windows\System32\Windows.UI.Immersive.dll
0x00007ffad4e00000 - 0x00007ffad4e6b000 	C:\Windows\System32\thumbcache.dll
0x00007ffaf6c50000 - 0x00007ffaf6cf5000 	C:\WINDOWS\SYSTEM32\policymanager.dll
0x00007ffaf6bb0000 - 0x00007ffaf6c43000 	C:\WINDOWS\SYSTEM32\msvcp110_win.dll
0x00007ffafa720000 - 0x00007ffafa72c000 	C:\WINDOWS\system32\Secur32.dll
0x00007ffad18d0000 - 0x00007ffad1975000 	C:\Windows\System32\Windows.FileExplorer.Common.dll
0x00007ffae1c50000 - 0x00007ffae1c5e000 	C:\WINDOWS\SYSTEM32\atlthunk.dll
0x00007ffafb560000 - 0x00007ffafb5ae000 	C:\WINDOWS\system32\CFGMGR32.dll
0x00007ffaef9e0000 - 0x00007ffaef9fe000 	C:\WINDOWS\system32\MPR.dll
0x00007ffad10a0000 - 0x00007ffad10c9000 	C:\WINDOWS\System32\p9np.dll
0x00007ffada7d0000 - 0x00007ffada7dc000 	C:\WINDOWS\System32\drprov.dll
0x00007ffada760000 - 0x00007ffada779000 	C:\WINDOWS\System32\ntlanman.dll
0x00007ffad1080000 - 0x00007ffad109f000 	C:\WINDOWS\System32\davclnt.dll
0x00007ffafa2e0000 - 0x00007ffafa346000 	C:\WINDOWS\System32\WINSTA.dll
0x00007ffaf4060000 - 0x00007ffaf407a000 	C:\WINDOWS\System32\wkscli.dll
0x00007ffae22e0000 - 0x00007ffae22f2000 	C:\WINDOWS\SYSTEM32\cscapi.dll
0x00007ffafa2d0000 - 0x00007ffafa2dc000 	C:\WINDOWS\System32\netutils.dll
0x00007ffad1660000 - 0x00007ffad168d000 	C:\Windows\System32\cldapi.dll

VM Arguments:
jvm_args: -Dosgi.instance.area.default=@user.home/IDLWorkspace83 -Dosgi.configuration.area=@user.home/.idl/idlworkbench-config-idl8.3.0_x86_64 -Dosgi.configuration.cascaded=true -Dosgi.checkConfiguration=true -Dosgi.sharedConfiguration.area.readOnly=true -Dorg.eclipse.update.reconcile=false -Declipse.p2.data.area=@config.dir/p2 -Dosgi.sharedConfiguration.area=C:\Program Files\Exelis\IDL83\bin\bin.x86_64/configuration 
java_command: <unknown>
Launcher Type: generic

Environment Variables:
PATH=C:/Program Files/Exelis/IDL83/bin/bin.x86_64/jre/bin/server;C:/Program Files/Exelis/IDL83/bin/bin.x86_64/jre/bin;C:/Program Files/Exelis/IDL83/bin/bin.x86_64/jre/lib/amd64;C:\Program Files\Exelis\IDL83\bin\bin.x86_64\;C:\WINDOWS\system32;C:\WINDOWS;C:\WINDOWS\System32\Wbem;C:\WINDOWS\System32\WindowsPowerShell\v1.0\;C:\WINDOWS\System32\OpenSSH\;C:\Users\77957\AppData\Local\Programs\Python\Python38;C:\Users\77957\AppData\Local\Programs\Python\Python38\Scripts;C:\Users\77957\AppData\Local\Microsoft\WindowsApps;C:\Program Files\JetBrains\PyCharm 2023.1\bin;;C:\Users\77957\AppData\Local\Programs\Python\Python38;;C:\Program Files\Exelis\IDL83\bin\bin.x86_64;
USERNAME=77957
OS=Windows_NT
PROCESSOR_IDENTIFIER=Intel64 Family 6 Model 140 Stepping 1, GenuineIntel



---------------  S Y S T E M  ---------------

OS: Windows 8 , 64 bit Build 9200 

CPU:total 8 (4 cores per cpu, 2 threads per core) family 6 model 140 stepping 1, cmov, cx8, fxsr, mmx, sse, sse2, sse3, ssse3, sse4.1, sse4.2, popcnt, avx, avx2, ht, tsc, tscinvbit

Memory: 4k page, physical 16607280k(9183392k free), swap 17655856k(9253832k free)

vm_info: Java HotSpot(TM) 64-Bit Server VM (23.25-b01) for windows-amd64 JRE (1.7.0_25-b17), built on Jun 21 2013 12:58:32 by "java_re" with unknown MS VC++:1600

time: Sat Nov 25 10:35:05 2023
elapsed time: 4289 seconds

