#
# A fatal error has been detected by the Java Runtime Environment:
#
#  EXCEPTION_ACCESS_VIOLATION (0xc0000005) at pc=0x00007ffeae3c39d4, pid=25372, tid=19232
#
# JRE version: 7.0_25-b17
# Java VM: Java HotSpot(TM) 64-Bit Server VM (23.25-b01 mixed mode windows-amd64 compressed oops)
# Problematic frame:
# C  [idl.dll+0x4139d4]  IDL_igSrcDestPopContext+0x1044
#
# Failed to write core dump. Minidumps are not enabled by default on client versions of Windows
#
# If you would like to submit a bug report, please visit:
#   http://bugreport.sun.com/bugreport/crash.jsp
# The crash happened outside the Java Virtual Machine in native code.
# See problematic frame for where to report the bug.
#

---------------  T H R E A D  ---------------

Current thread (0x0000000013637800):  JavaThread "IDL" [_thread_in_native, id=19232, stack(0x0000000017b60000,0x0000000017c60000)]

siginfo: ExceptionCode=0xc0000005, reading address 0x0000000000000058

Registers:
RAX=0x0000000000000000, RBX=0x000000004f42d710, RCX=0x0000000000000000, RDX=0x00000000158b64d0
RSP=0x0000000017c534b0, RBP=0x0000000017c535b0, RSI=0x000000001bf8fe30, RDI=0x0000000017c53540
R8 =0x0000000000000002, R9 =0x0000000000000000, R10=0x00007ffe0c080400, R11=0x0000000000000005
R12=0x000000001bf8fe00, R13=0x0000000000400060, R14=0x0000000000000000, R15=0x000000001359e010
RIP=0x00007ffeae3c39d4, EFLAGS=0x0000000000010202

Top of Stack: (sp=0x0000000017c534b0)
0x0000000017c534b0:   000000001c5d1600 00000000158b64d0
0x0000000017c534c0:   0000000000000002 0000000000000000
0x0000000017c534d0:   0000000000000000 0000000000000001
0x0000000017c534e0:   0000000017c53520 0000000000000000
0x0000000017c534f0:   0000000000000000 00007fff00000000
0x0000000017c53500:   0000000000400060 000000000000003d
0x0000000017c53510:   0000000017c54160 00007fff197ec350
0x0000000017c53520:   0000000017c53558 0000000000000000
0x0000000017c53530:   0000000000000000 0000000000000000
0x0000000017c53540:   0000000000000000 0000000000024930
0x0000000017c53550:   0000000000000000 000000000000010b
0x0000000017c53560:   000000000002492d 0000000000000000
0x0000000017c53570:   000000002492e5a0 000001720000012f
0x0000000017c53580:   0000000000000002 0000000000000007
0x0000000017c53590:   00007ffeae8116d0 0000000017c541a0
0x0000000017c535a0:   000000000000004e 0000000000000000 

Instructions: (pc=0x00007ffeae3c39d4)
0x00007ffeae3c39b4:   41 02 e8 e5 4a cb ff 48 8b c8 48 8b 46 20 48 03
0x00007ffeae3c39c4:   48 18 48 8b 81 c8 00 00 00 48 8b 89 d0 00 00 00
0x00007ffeae3c39d4:   ff 50 58 45 33 c0 33 d2 48 8b cb e8 5c f8 ff ff
0x00007ffeae3c39e4:   85 c0 0f 84 d4 fe ff ff 83 7c 24 7c 00 74 28 48 


Register to memory mapping:

RAX=0x0000000000000000 is an unknown value
RBX=0x000000004f42d710 is an unknown value
RCX=0x0000000000000000 is an unknown value
RDX=0x00000000158b64d0 is an unknown value
RSP=0x0000000017c534b0 is pointing into the stack for thread: 0x0000000013637800
RBP=0x0000000017c535b0 is pointing into the stack for thread: 0x0000000013637800
RSI=0x000000001bf8fe30 is an unknown value
RDI=0x0000000017c53540 is pointing into the stack for thread: 0x0000000013637800
R8 =0x0000000000000002 is an unknown value
R9 =0x0000000000000000 is an unknown value
R10=0x00007ffe0c080400 is an unknown value
R11=0x0000000000000005 is an unknown value
R12=0x000000001bf8fe00 is an unknown value
R13=0x0000000000400060 is an unknown value
R14=0x0000000000000000 is an unknown value
R15=0x000000001359e010 is an unknown value


Stack: [0x0000000017b60000,0x0000000017c60000],  sp=0x0000000017c534b0,  free space=973k
Native frames: (J=compiled Java code, j=interpreted, Vv=VM code, C=native code)
C  [idl.dll+0x4139d4]  IDL_igSrcDestPopContext+0x1044

Java frames: (J=compiled Java code, j=interpreted, Vv=VM code)
j  com.rsi.idldt.core.ips.IPS_Access.IPS_Start([Ljava/lang/String;)V+0
j  com.rsi.idldt.core.ips.IPS_Manager$2.run()V+15
j  java.lang.Thread.run()V+11
v  ~StubRoutines::call_stub

---------------  P R O C E S S  ---------------

Java Threads: ( => current thread )
  0x000000001702b800 JavaThread "Thread-256" [_thread_in_native, id=26840, stack(0x00000000348d0000,0x00000000349d0000)]
  0x0000000017022800 JavaThread "Worker-42" [_thread_blocked, id=21744, stack(0x0000000034790000,0x0000000034890000)]
  0x000000001702b000 JavaThread "Worker-41" [_thread_blocked, id=2432, stack(0x0000000024510000,0x0000000024610000)]
  0x0000000017026800 JavaThread "Worker-39" [_thread_blocked, id=20456, stack(0x000000006b470000,0x000000006b570000)]
  0x0000000017025800 JavaThread "Worker-38" [_thread_blocked, id=22660, stack(0x0000000017500000,0x0000000017600000)]
  0x000000001701a800 JavaThread "Worker-36" [_thread_blocked, id=22828, stack(0x0000000057120000,0x0000000057220000)]
  0x0000000017022000 JavaThread "Worker-33" [_thread_blocked, id=1672, stack(0x000000003b540000,0x000000003b640000)]
  0x0000000017028800 JavaThread "Worker-25" [_thread_blocked, id=22836, stack(0x00000000668c0000,0x00000000669c0000)]
  0x00000000171b2800 JavaThread "Timer-2" daemon [_thread_blocked, id=6796, stack(0x000000001de80000,0x000000001df80000)]
  0x00000000171b6800 JavaThread "Timer-1" daemon [_thread_blocked, id=19496, stack(0x000000001a0d0000,0x000000001a1d0000)]
  0x00000000171b3800 JavaThread "Thread-14" [_thread_in_native, id=7108, stack(0x0000000019d00000,0x0000000019e00000)]
  0x00000000171b2000 JavaThread "IDLDT DOM Worker-7" [_thread_blocked, id=24592, stack(0x0000000019620000,0x0000000019720000)]
  0x00000000171b4000 JavaThread "IDLDT DOM Worker-6" [_thread_blocked, id=23288, stack(0x0000000019520000,0x0000000019620000)]
  0x00000000171b7000 JavaThread "IDLDT DOM Worker-5" [_thread_blocked, id=17500, stack(0x0000000019420000,0x0000000019520000)]
  0x00000000171b8000 JavaThread "IDLDT DOM Worker-4" [_thread_blocked, id=19852, stack(0x0000000019320000,0x0000000019420000)]
  0x0000000013636800 JavaThread "IDLDT DOM Worker-3" [_thread_blocked, id=8264, stack(0x0000000019220000,0x0000000019320000)]
  0x0000000013634800 JavaThread "IDLDT DOM Worker-2" [_thread_blocked, id=2980, stack(0x0000000019120000,0x0000000019220000)]
  0x0000000013636000 JavaThread "IDLDT DOM Worker-1" [_thread_blocked, id=24368, stack(0x0000000019020000,0x0000000019120000)]
  0x0000000013639000 JavaThread "IDLDT DOM Worker-0" [_thread_blocked, id=14064, stack(0x0000000018f20000,0x0000000019020000)]
  0x0000000013633800 JavaThread "Timer-0" daemon [_thread_blocked, id=24840, stack(0x0000000018e20000,0x0000000018f20000)]
=>0x0000000013637800 JavaThread "IDL" [_thread_in_native, id=19232, stack(0x0000000017b60000,0x0000000017c60000)]
  0x0000000015260800 JavaThread "IDLToJava Broker" daemon [_thread_blocked, id=23236, stack(0x0000000017a60000,0x0000000017b60000)]
  0x0000000015316000 JavaThread "Provisioning Event Dispatcher" daemon [_thread_blocked, id=22156, stack(0x00000000161b0000,0x00000000162b0000)]
  0x0000000013769800 JavaThread "[ThreadPool Manager] - Idle Thread" daemon [_thread_blocked, id=23320, stack(0x0000000015fb0000,0x00000000160b0000)]
  0x00000000154ec000 JavaThread "Bundle File Closer" daemon [_thread_blocked, id=17260, stack(0x0000000015cb0000,0x0000000015db0000)]
  0x0000000015225000 JavaThread "Worker-JM" [_thread_blocked, id=17172, stack(0x0000000015eb0000,0x0000000015fb0000)]
  0x000000001381a000 JavaThread "[Timer] - Main Queue Handler" daemon [_thread_blocked, id=9956, stack(0x0000000015db0000,0x0000000015eb0000)]
  0x00000000151c0800 JavaThread "Framework Event Dispatcher" daemon [_thread_blocked, id=21448, stack(0x0000000015bb0000,0x0000000015cb0000)]
  0x00000000151eb800 JavaThread "Start Level Event Dispatcher" daemon [_thread_blocked, id=19276, stack(0x0000000015ab0000,0x0000000015bb0000)]
  0x0000000015388000 JavaThread "State Data Manager" daemon [_thread_blocked, id=20800, stack(0x00000000159b0000,0x0000000015ab0000)]
  0x00000000136cc800 JavaThread "Framework Active Thread" [_thread_blocked, id=9048, stack(0x0000000013bf0000,0x0000000013cf0000)]
  0x0000000011133800 JavaThread "Service Thread" daemon [_thread_blocked, id=19208, stack(0x00000000138f0000,0x00000000139f0000)]
  0x000000001112e800 JavaThread "C2 CompilerThread1" daemon [_thread_blocked, id=18712, stack(0x00000000133f0000,0x00000000134f0000)]
  0x000000001112c800 JavaThread "C2 CompilerThread0" daemon [_thread_blocked, id=12824, stack(0x00000000132f0000,0x00000000133f0000)]
  0x000000001112b800 JavaThread "Attach Listener" daemon [_thread_blocked, id=10116, stack(0x00000000131f0000,0x00000000132f0000)]
  0x0000000011127000 JavaThread "Signal Dispatcher" daemon [_thread_blocked, id=10076, stack(0x00000000130f0000,0x00000000131f0000)]
  0x0000000011099800 JavaThread "Finalizer" daemon [_thread_blocked, id=24596, stack(0x0000000012ff0000,0x00000000130f0000)]
  0x0000000011098800 JavaThread "Reference Handler" daemon [_thread_blocked, id=25440, stack(0x0000000012ef0000,0x0000000012ff0000)]
  0x000000000275e800 JavaThread "main" [_thread_in_Java, id=26032, stack(0x0000000000050000,0x0000000000150000)]

Other Threads:
  0x0000000011094000 VMThread [stack: 0x0000000012df0000,0x0000000012ef0000] [id=8992]
  0x0000000013508800 WatcherThread [stack: 0x00000000139f0000,0x0000000013af0000] [id=21016]

VM state:not at safepoint (normal execution)

VM Mutex/Monitor currently owned by a thread: None

Heap
 PSYoungGen      total 48896K, used 4082K [0x00000007ab800000, 0x00000007b0480000, 0x0000000800000000)
  eden space 48256K, 8% used [0x00000007ab800000,0x00000007abbfc8e0,0x00000007ae720000)
  from space 640K, 0% used [0x00000007ae720000,0x00000007ae720000,0x00000007ae7c0000)
  to   space 15040K, 0% used [0x00000007af5d0000,0x00000007af5d0000,0x00000007b0480000)
 ParOldGen       total 173056K, used 85172K [0x0000000702800000, 0x000000070d100000, 0x00000007ab800000)
  object space 173056K, 49% used [0x0000000702800000,0x0000000707b2d390,0x000000070d100000)
 PSPermGen       total 47680K, used 47607K [0x00000006fd600000, 0x0000000700490000, 0x0000000702800000)
  object space 47680K, 99% used [0x00000006fd600000,0x000000070047dee0,0x0000000700490000)

Card table byte_map: [0x0000000005820000,0x0000000006040000] byte_map_base: 0x0000000002035000

Polling page: 0x00000000021b0000

Code Cache  [0x0000000002760000, 0x0000000002e50000, 0x0000000005760000)
 total_blobs=2562 nmethods=1903 adapters=608 free_code_cache=42241Kb largest_free_block=43082880

Compilation events (10 events):
Event: 4867.935 Thread 0x000000001112c800 nmethod 2159 0x00000000027f1990 code [0x00000000027f1b80, 0x00000000027f27c0]
Event: 4867.935 Thread 0x000000001112c800 2160             com.rsi.idldt.core.ips.debugmodel.IDLVariable::setParent (6 bytes)
Event: 4867.935 Thread 0x000000001112c800 nmethod 2160 0x0000000002d9d290 code [0x0000000002d9d3c0, 0x0000000002d9d438]
Event: 4867.961 Thread 0x000000001112e800 nmethod 2153 0x0000000002e42ed0 code [0x0000000002e432e0, 0x0000000002e46d28]
Event: 4868.030 Thread 0x000000001112c800 2161             org.eclipse.core.runtime.jobs.Job::belongsTo (2 bytes)
Event: 4868.030 Thread 0x000000001112c800 nmethod 2161 0x0000000002ce0810 code [0x0000000002ce0940, 0x0000000002ce0998]
Event: 4868.035 Thread 0x000000001112e800 2162             org.eclipse.jface.resource.CompositeImageDescriptor::getImageData (301 bytes)
Event: 4868.047 Thread 0x000000001112e800 nmethod 2162 0x0000000002d9fe90 code [0x0000000002da00a0, 0x0000000002da1120]
Event: 4869.494 Thread 0x000000001112c800 2163             org.eclipse.debug.internal.ui.viewers.model.ModelContentProvider::updateNodes (217 bytes)
Event: 4869.503 Thread 0x000000001112c800 nmethod 2163 0x0000000002cfac10 code [0x0000000002cfaf00, 0x0000000002cfbfa8]

GC Heap History (10 events):
Event: 4795.615 GC heap before
{Heap before GC invocations=197 (full 78):
 PSYoungGen      total 64064K, used 23379K [0x00000007ab800000, 0x00000007b0800000, 0x0000000800000000)
  eden space 49280K, 46% used [0x00000007ab800000,0x00000007ace30fe0,0x00000007ae820000)
  from space 14784K, 4% used [0x00000007af990000,0x00000007afa33c78,0x00000007b0800000)
  to   space 16320K, 0% used [0x00000007ae820000,0x00000007ae820000,0x00000007af810000)
 ParOldGen       total 173056K, used 79820K [0x0000000702800000, 0x000000070d100000, 0x00000007ab800000)
  object space 173056K, 46% used [0x0000000702800000,0x00000007075f3250,0x000000070d100000)
 PSPermGen       total 47680K, used 47585K [0x00000006fd600000, 0x0000000700490000, 0x0000000702800000)
  object space 47680K, 99% used [0x00000006fd600000,0x0000000700478690,0x0000000700490000)
Event: 4795.617 GC heap after
Heap after GC invocations=197 (full 78):
 PSYoungGen      total 49920K, used 614K [0x00000007ab800000, 0x00000007b0700000, 0x0000000800000000)
  eden space 49280K, 0% used [0x00000007ab800000,0x00000007ab800000,0x00000007ae820000)
  from space 640K, 95% used [0x00000007ae820000,0x00000007ae8b9900,0x00000007ae8c0000)
  to   space 15808K, 0% used [0x00000007af790000,0x00000007af790000,0x00000007b0700000)
 ParOldGen       total 173056K, used 80123K [0x0000000702800000, 0x000000070d100000, 0x00000007ab800000)
  object space 173056K, 46% used [0x0000000702800000,0x000000070763eec8,0x000000070d100000)
 PSPermGen       total 47680K, used 47585K [0x00000006fd600000, 0x0000000700490000, 0x0000000702800000)
  object space 47680K, 99% used [0x00000006fd600000,0x0000000700478690,0x0000000700490000)
}
Event: 4795.617 GC heap before
{Heap before GC invocations=198 (full 79):
 PSYoungGen      total 49920K, used 614K [0x00000007ab800000, 0x00000007b0700000, 0x0000000800000000)
  eden space 49280K, 0% used [0x00000007ab800000,0x00000007ab800000,0x00000007ae820000)
  from space 640K, 95% used [0x00000007ae820000,0x00000007ae8b9900,0x00000007ae8c0000)
  to   space 15808K, 0% used [0x00000007af790000,0x00000007af790000,0x00000007b0700000)
 ParOldGen       total 173056K, used 80123K [0x0000000702800000, 0x000000070d100000, 0x00000007ab800000)
  object space 173056K, 46% used [0x0000000702800000,0x000000070763eec8,0x000000070d100000)
 PSPermGen       total 47680K, used 47585K [0x00000006fd600000, 0x0000000700490000, 0x0000000702800000)
  object space 47680K, 99% used [0x00000006fd600000,0x0000000700478690,0x0000000700490000)
Event: 4795.730 GC heap after
Heap after GC invocations=198 (full 79):
 PSYoungGen      total 49920K, used 0K [0x00000007ab800000, 0x00000007b0700000, 0x0000000800000000)
  eden space 49280K, 0% used [0x00000007ab800000,0x00000007ab800000,0x00000007ae820000)
  from space 640K, 0% used [0x00000007ae820000,0x00000007ae820000,0x00000007ae8c0000)
  to   space 15808K, 0% used [0x00000007af790000,0x00000007af790000,0x00000007b0700000)
 ParOldGen       total 173056K, used 79408K [0x0000000702800000, 0x000000070d100000, 0x00000007ab800000)
  object space 173056K, 45% used [0x0000000702800000,0x000000070758c110,0x000000070d100000)
 PSPermGen       total 47680K, used 47585K [0x00000006fd600000, 0x0000000700490000, 0x0000000702800000)
  object space 47680K, 99% used [0x00000006fd600000,0x0000000700478550,0x0000000700490000)
}
Event: 4868.139 GC heap before
{Heap before GC invocations=199 (full 79):
 PSYoungGen      total 49920K, used 49280K [0x00000007ab800000, 0x00000007b0700000, 0x0000000800000000)
  eden space 49280K, 100% used [0x00000007ab800000,0x00000007ae820000,0x00000007ae820000)
  from space 640K, 0% used [0x00000007ae820000,0x00000007ae820000,0x00000007ae8c0000)
  to   space 15808K, 0% used [0x00000007af790000,0x00000007af790000,0x00000007b0700000)
 ParOldGen       total 173056K, used 79408K [0x0000000702800000, 0x000000070d100000, 0x00000007ab800000)
  object space 173056K, 45% used [0x0000000702800000,0x000000070758c110,0x000000070d100000)
 PSPermGen       total 47680K, used 47605K [0x00000006fd600000, 0x0000000700490000, 0x0000000702800000)
  object space 47680K, 99% used [0x00000006fd600000,0x000000070047d618,0x0000000700490000)
Event: 4868.145 GC heap after
Heap after GC invocations=199 (full 79):
 PSYoungGen      total 62400K, used 6497K [0x00000007ab800000, 0x00000007b0560000, 0x0000000800000000)
  eden space 48256K, 0% used [0x00000007ab800000,0x00000007ab800000,0x00000007ae720000)
  from space 14144K, 45% used [0x00000007af790000,0x00000007afde86c0,0x00000007b0560000)
  to   space 15488K, 0% used [0x00000007ae720000,0x00000007ae720000,0x00000007af640000)
 ParOldGen       total 173056K, used 79408K [0x0000000702800000, 0x000000070d100000, 0x00000007ab800000)
  object space 173056K, 45% used [0x0000000702800000,0x000000070758c110,0x000000070d100000)
 PSPermGen       total 47680K, used 47605K [0x00000006fd600000, 0x0000000700490000, 0x0000000702800000)
  object space 47680K, 99% used [0x00000006fd600000,0x000000070047d618,0x0000000700490000)
}
Event: 4868.650 GC heap before
{Heap before GC invocations=200 (full 79):
 PSYoungGen      total 62400K, used 10692K [0x00000007ab800000, 0x00000007b0560000, 0x0000000800000000)
  eden space 48256K, 8% used [0x00000007ab800000,0x00000007abc18aa8,0x00000007ae720000)
  from space 14144K, 45% used [0x00000007af790000,0x00000007afde86c0,0x00000007b0560000)
  to   space 15488K, 0% used [0x00000007ae720000,0x00000007ae720000,0x00000007af640000)
 ParOldGen       total 173056K, used 79408K [0x0000000702800000, 0x000000070d100000, 0x00000007ab800000)
  object space 173056K, 45% used [0x0000000702800000,0x000000070758c110,0x000000070d100000)
 PSPermGen       total 47680K, used 47607K [0x00000006fd600000, 0x0000000700490000, 0x0000000702800000)
  object space 47680K, 99% used [0x00000006fd600000,0x000000070047ddf8,0x0000000700490000)
Event: 4868.653 GC heap after
Heap after GC invocations=200 (full 79):
 PSYoungGen      total 48896K, used 640K [0x00000007ab800000, 0x00000007b0480000, 0x0000000800000000)
  eden space 48256K, 0% used [0x00000007ab800000,0x00000007ab800000,0x00000007ae720000)
  from space 640K, 100% used [0x00000007ae720000,0x00000007ae7c0000,0x00000007ae7c0000)
  to   space 15040K, 0% used [0x00000007af5d0000,0x00000007af5d0000,0x00000007b0480000)
 ParOldGen       total 173056K, used 85063K [0x0000000702800000, 0x000000070d100000, 0x00000007ab800000)
  object space 173056K, 49% used [0x0000000702800000,0x0000000707b11d58,0x000000070d100000)
 PSPermGen       total 47680K, used 47607K [0x00000006fd600000, 0x0000000700490000, 0x0000000702800000)
  object space 47680K, 99% used [0x00000006fd600000,0x000000070047ddf8,0x0000000700490000)
}
Event: 4868.653 GC heap before
{Heap before GC invocations=201 (full 80):
 PSYoungGen      total 48896K, used 640K [0x00000007ab800000, 0x00000007b0480000, 0x0000000800000000)
  eden space 48256K, 0% used [0x00000007ab800000,0x00000007ab800000,0x00000007ae720000)
  from space 640K, 100% used [0x00000007ae720000,0x00000007ae7c0000,0x00000007ae7c0000)
  to   space 15040K, 0% used [0x00000007af5d0000,0x00000007af5d0000,0x00000007b0480000)
 ParOldGen       total 173056K, used 85063K [0x0000000702800000, 0x000000070d100000, 0x00000007ab800000)
  object space 173056K, 49% used [0x0000000702800000,0x0000000707b11d58,0x000000070d100000)
 PSPermGen       total 47680K, used 47607K [0x00000006fd600000, 0x0000000700490000, 0x0000000702800000)
  object space 47680K, 99% used [0x00000006fd600000,0x000000070047ddf8,0x0000000700490000)
Event: 4868.777 GC heap after
Heap after GC invocations=201 (full 80):
 PSYoungGen      total 48896K, used 0K [0x00000007ab800000, 0x00000007b0480000, 0x0000000800000000)
  eden space 48256K, 0% used [0x00000007ab800000,0x00000007ab800000,0x00000007ae720000)
  from space 640K, 0% used [0x00000007ae720000,0x00000007ae720000,0x00000007ae7c0000)
  to   space 15040K, 0% used [0x00000007af5d0000,0x00000007af5d0000,0x00000007b0480000)
 ParOldGen       total 173056K, used 85172K [0x0000000702800000, 0x000000070d100000, 0x00000007ab800000)
  object space 173056K, 49% used [0x0000000702800000,0x0000000707b2d390,0x000000070d100000)
 PSPermGen       total 47680K, used 47607K [0x00000006fd600000, 0x0000000700490000, 0x0000000702800000)
  object space 47680K, 99% used [0x00000006fd600000,0x000000070047dd98,0x0000000700490000)
}

Deoptimization events (10 events):
Event: 4700.048 Thread 0x000000000275e800 Uncommon trap -83 fr.pc 0x0000000002cfb3bc
Event: 4700.755 Thread 0x000000000275e800 Uncommon trap -83 fr.pc 0x0000000002dbc324
Event: 4742.554 Thread 0x000000000275e800 Uncommon trap -34 fr.pc 0x0000000002bcfcd8
Event: 4742.556 Thread 0x000000000275e800 Uncommon trap -83 fr.pc 0x0000000002cb3ea4
Event: 4750.169 Thread 0x000000000275e800 Uncommon trap 1388 fr.pc 0x0000000002b895d0
Event: 4860.141 Thread 0x000000000275e800 Uncommon trap -34 fr.pc 0x00000000029bead0
Event: 4860.151 Thread 0x000000000275e800 Uncommon trap -34 fr.pc 0x00000000029bead0
Event: 4860.152 Thread 0x000000000275e800 Uncommon trap -34 fr.pc 0x00000000029bead0
Event: 4860.152 Thread 0x000000000275e800 Uncommon trap -34 fr.pc 0x00000000029bead0
Event: 4860.249 Thread 0x000000000275e800 Uncommon trap -12 fr.pc 0x0000000002ddf1ac

Internal exceptions (10 events):
Event: 3747.966 Thread 0x000000001701a800 Threw 0x00000007ab984828 at C:\jdk7u2_64p\jdk7u25\hotspot\src\share\vm\runtime\objectMonitor.cpp:1612
Event: 3948.936 Thread 0x000000000275e800 Implicit null exception at 0x0000000002c58628 to 0x0000000002c586c5
Event: 3948.937 Thread 0x000000000275e800 Implicit null exception at 0x0000000002c570f3 to 0x0000000002c576b1
Event: 3948.937 Thread 0x000000000275e800 Implicit null exception at 0x0000000002c8f5d6 to 0x0000000002c8f8e1
Event: 4016.800 Thread 0x0000000017022800 Threw 0x00000007ad338040 at C:\jdk7u2_64p\jdk7u25\hotspot\src\share\vm\runtime\objectMonitor.cpp:1612
Event: 4442.229 Thread 0x000000000275e800 Implicit null exception at 0x0000000002b960bd to 0x0000000002b96be1
Event: 4698.428 Thread 0x000000000275e800 Implicit null exception at 0x0000000002ce0851 to 0x0000000002ce08ba
Event: 4698.471 Thread 0x000000000275e800 Implicit null exception at 0x0000000002c2bf90 to 0x0000000002c2c24d
Event: 4698.471 Thread 0x000000000275e800 Implicit null exception at 0x0000000002b510f9 to 0x0000000002b511e0
Event: 4860.249 Thread 0x000000000275e800 Implicit null exception at 0x0000000002dd9fc8 to 0x0000000002ddf161

Events (10 events):
Event: 4868.524 Executing VM operation: BulkRevokeBias done
Event: 4868.545 Executing VM operation: RevokeBias
Event: 4868.545 Executing VM operation: RevokeBias done
Event: 4868.650 Executing VM operation: ParallelGCSystemGC
Event: 4868.777 Executing VM operation: ParallelGCSystemGC done
Event: 4868.777 Thread 0x0000000017025000 Thread added: 0x0000000017025000
Event: 4868.778 Thread 0x0000000017025000 Thread exited: 0x0000000017025000
Event: 4869.477 Thread 0x0000000017024000 Thread exited: 0x0000000017024000
Event: 4869.510 Thread 0x000000001702a000 Thread added: 0x000000001702a000
Event: 4869.510 Thread 0x000000001702a000 Thread exited: 0x000000001702a000


Dynamic libraries:
0x0000000000400000 - 0x000000000040e000 	C:\Program Files\Exelis\IDL83\bin\bin.x86_64\idlde.exe
0x00007fff197b0000 - 0x00007fff199c7000 	C:\WINDOWS\SYSTEM32\ntdll.dll
0x00007fff180d0000 - 0x00007fff18194000 	C:\WINDOWS\System32\KERNEL32.DLL
0x00007fff16ad0000 - 0x00007fff16e7d000 	C:\WINDOWS\System32\KERNELBASE.dll
0x00007fff0d470000 - 0x00007fff0d507000 	C:\WINDOWS\SYSTEM32\apphelp.dll
0x00007fff18480000 - 0x00007fff1862e000 	C:\WINDOWS\System32\USER32.dll
0x00007fff16f90000 - 0x00007fff16fb6000 	C:\WINDOWS\System32\win32u.dll
0x00007fff192d0000 - 0x00007fff192f9000 	C:\WINDOWS\System32\GDI32.dll
0x00007fff17250000 - 0x00007fff17369000 	C:\WINDOWS\System32\gdi32full.dll
0x00007fff16ef0000 - 0x00007fff16f8a000 	C:\WINDOWS\System32\msvcp_win.dll
0x00007fff16ff0000 - 0x00007fff17101000 	C:\WINDOWS\System32\ucrtbase.dll
0x00007fff17e00000 - 0x00007fff17ea7000 	C:\WINDOWS\System32\msvcrt.dll
0x00007ffefe070000 - 0x00007ffefe303000 	C:\WINDOWS\WinSxS\amd64_microsoft.windows.common-controls_6595b64144ccf1df_6.0.22621.3672_none_2713b9d173822955\COMCTL32.dll
0x00007fff18730000 - 0x00007fff18761000 	C:\WINDOWS\System32\IMM32.DLL
0x0000000072000000 - 0x0000000072012000 	C:\Program Files\Exelis\IDL83\bin\bin.x86_64\plugins\org.eclipse.equinox.launcher.win32.win32.x86_64_1.1.100.v20110502\eclipse_1406.dll
0x00007fff174e0000 - 0x00007fff17592000 	C:\WINDOWS\System32\ADVAPI32.dll
0x00007fff187f0000 - 0x00007fff18899000 	C:\WINDOWS\System32\sechost.dll
0x00007fff16fc0000 - 0x00007fff16fe8000 	C:\WINDOWS\System32\bcrypt.dll
0x00007fff181b0000 - 0x00007fff182c4000 	C:\WINDOWS\System32\RPCRT4.dll
0x00007fff10830000 - 0x00007fff1083a000 	C:\WINDOWS\SYSTEM32\VERSION.dll
0x000000006dca0000 - 0x000000006e3af000 	C:\Program Files\Exelis\IDL83\bin\bin.x86_64\jre\bin\server\jvm.dll
0x00007fff181a0000 - 0x00007fff181a8000 	C:\WINDOWS\System32\PSAPI.DLL
0x00007ffefde90000 - 0x00007ffefde99000 	C:\WINDOWS\SYSTEM32\WSOCK32.dll
0x00007fff10600000 - 0x00007fff10634000 	C:\WINDOWS\SYSTEM32\WINMM.dll
0x00007fff182d0000 - 0x00007fff18341000 	C:\WINDOWS\System32\WS2_32.dll
0x000000006dbc0000 - 0x000000006dc92000 	C:\WINDOWS\SYSTEM32\MSVCR100.dll
0x000000006dbb0000 - 0x000000006dbbf000 	C:\Program Files\Exelis\IDL83\bin\bin.x86_64\jre\bin\verify.dll
0x000000006db80000 - 0x000000006dba8000 	C:\Program Files\Exelis\IDL83\bin\bin.x86_64\jre\bin\java.dll
0x000000006db60000 - 0x000000006db75000 	C:\Program Files\Exelis\IDL83\bin\bin.x86_64\jre\bin\zip.dll
0x00007fff162b0000 - 0x00007fff162cb000 	C:\WINDOWS\SYSTEM32\CRYPTSP.dll
0x00007fff15b10000 - 0x00007fff15b45000 	C:\WINDOWS\system32\rsaenh.dll
0x00007fff160b0000 - 0x00007fff160d8000 	C:\WINDOWS\SYSTEM32\USERENV.dll
0x00007fff16a00000 - 0x00007fff16a21000 	C:\WINDOWS\SYSTEM32\profapi.dll
0x00007fff171d0000 - 0x00007fff1724b000 	C:\WINDOWS\System32\bcryptprimitives.dll
0x00007fff16210000 - 0x00007fff1621c000 	C:\WINDOWS\SYSTEM32\CRYPTBASE.dll
0x000000006db40000 - 0x000000006db59000 	C:\Program Files\Exelis\IDL83\bin\bin.x86_64\jre\bin\net.dll
0x00007fff16010000 - 0x00007fff16079000 	C:\WINDOWS\system32\mswsock.dll
0x00007fff02620000 - 0x00007fff02637000 	C:\WINDOWS\system32\napinsp.dll
0x00007fff025f0000 - 0x00007fff0260b000 	C:\WINDOWS\system32\pnrpnsp.dll
0x00007fff155e0000 - 0x00007fff156d8000 	C:\WINDOWS\SYSTEM32\DNSAPI.dll
0x00007fff155b0000 - 0x00007fff155dd000 	C:\WINDOWS\SYSTEM32\IPHLPAPI.DLL
0x00007fff17cf0000 - 0x00007fff17cf9000 	C:\WINDOWS\System32\NSI.dll
0x00007fff025d0000 - 0x00007fff025e1000 	C:\WINDOWS\System32\winrnr.dll
0x00007fff10420000 - 0x00007fff10435000 	C:\WINDOWS\system32\wshbth.dll
0x00007fff025a0000 - 0x00007fff025c7000 	C:\WINDOWS\system32\nlansp_c.dll
0x00007fff0ff00000 - 0x00007fff0ff0a000 	C:\Windows\System32\rasadhlp.dll
0x00007fff10c50000 - 0x00007fff10cd3000 	C:\WINDOWS\System32\fwpuclnt.dll
0x000000006db20000 - 0x000000006db31000 	C:\Program Files\Exelis\IDL83\bin\bin.x86_64\jre\bin\nio.dll
0x00007fff13ef0000 - 0x00007fff13fa0000 	C:\WINDOWS\system32\uxtheme.dll
0x00007fff193e0000 - 0x00007fff1976d000 	C:\WINDOWS\System32\combase.dll
0x00007fff17eb0000 - 0x00007fff1800b000 	C:\WINDOWS\System32\MSCTF.dll
0x00007fff15bb0000 - 0x00007fff15bc8000 	C:\WINDOWS\SYSTEM32\kernel.appcore.dll
0x00007ffeef8a0000 - 0x00007ffeef9ee000 	C:\WINDOWS\SYSTEM32\textinputframework.dll
0x00007fff19300000 - 0x00007fff193d7000 	C:\WINDOWS\System32\OLEAUT32.dll
0x00007fff0d2d0000 - 0x00007fff0d403000 	C:\WINDOWS\SYSTEM32\CoreMessaging.dll
0x00007fff0ada0000 - 0x00007fff0b10d000 	C:\WINDOWS\SYSTEM32\CoreUIComponents.dll
0x00007fff148a0000 - 0x00007fff149df000 	C:\WINDOWS\SYSTEM32\wintypes.dll
0x00007ffef9930000 - 0x00007ffef9999000 	C:\WINDOWS\system32\Oleacc.dll
0x00007fff18350000 - 0x00007fff18400000 	C:\WINDOWS\System32\clbcatq.dll
0x00007ffeef850000 - 0x00007ffeef89b000 	C:\WINDOWS\system32\ApplicationTargetedFeatureDatabase.dll
0x00007fff0b660000 - 0x00007fff0b8ea000 	C:\Windows\System32\twinapi.appcore.dll
0x0000000017280000 - 0x0000000017327000 	C:\Users\77957\.idl\idlworkbench-config-idl8.3.0_x86_64\org.eclipse.osgi\bundles\530\1\.cp\swt-win32-3740.dll
0x00007fff176a0000 - 0x00007fff17845000 	C:\WINDOWS\System32\ole32.dll
0x00007fff175a0000 - 0x00007fff1769f000 	C:\WINDOWS\System32\comdlg32.dll
0x00007fff17d00000 - 0x00007fff17df9000 	C:\WINDOWS\System32\shcore.dll
0x00007fff18770000 - 0x00007fff187ce000 	C:\WINDOWS\System32\SHLWAPI.dll
0x00007fff18a60000 - 0x00007fff192c8000 	C:\WINDOWS\System32\SHELL32.dll
0x00007fff17370000 - 0x00007fff174d7000 	C:\WINDOWS\System32\CRYPT32.dll
0x00007ffef9910000 - 0x00007ffef9929000 	C:\WINDOWS\SYSTEM32\USP10.dll
0x00007ffefb240000 - 0x00007ffefb2e7000 	C:\WINDOWS\SYSTEM32\WINSPOOL.DRV
0x00007ffefd530000 - 0x00007ffefda2e000 	C:\WINDOWS\SYSTEM32\WININET.dll
0x00007fff12a10000 - 0x00007fff12b10000 	C:\WINDOWS\SYSTEM32\propsys.dll
0x00007fff149e0000 - 0x00007fff152de000 	C:\WINDOWS\system32\windows.storage.dll
0x00007ffeacec0000 - 0x00007ffead075000 	C:\Windows\System32\TaskFlowDataEngine.dll
0x00000000177b0000 - 0x00000000177ce000 	C:\Users\77957\.idl\idlworkbench-config-idl8.3.0_x86_64\org.eclipse.osgi\bundles\530\1\.cp\swt-gdip-win32-3740.dll
0x00007ffefb2f0000 - 0x00007ffefb4a9000 	C:\WINDOWS\WinSxS\amd64_microsoft.windows.gdiplus_6595b64144ccf1df_1.1.22621.3810_none_57f8d842ce19d879\gdiplus.dll
0x00007fff12e60000 - 0x00007fff13011000 	C:\WINDOWS\SYSTEM32\WindowsCodecs.dll
0x0000000180000000 - 0x0000000180011000 	C:\Users\77957\.idl\idlworkbench-config-idl8.3.0_x86_64\org.eclipse.osgi\bundles\183\1\.cp\os\win32\x86_64\localfile_1_0_0.dll
0x00007ffee7440000 - 0x00007ffee748d000 	C:\Program Files\Exelis\IDL83\bin\bin.x86_64\idl_ips.dll
0x00007ffeadfb0000 - 0x00007ffeaed0d000 	C:\Program Files\Exelis\IDL83\bin\bin.x86_64\idl.dll
0x00007ffee6dc0000 - 0x00007ffee6de3000 	C:\Program Files\Exelis\IDL83\bin\bin.x86_64\UG3220.dll
0x00007fff0ea90000 - 0x00007fff0ea9c000 	C:\Program Files\Exelis\IDL83\bin\bin.x86_64\osmesa6_2.dll
0x00007ffee6d60000 - 0x00007ffee6dbc000 	C:\Program Files\Exelis\IDL83\bin\bin.x86_64\MesaGLU6_2.dll
0x00007fff02870000 - 0x00007fff02889000 	C:\WINDOWS\SYSTEM32\NETAPI32.dll
0x00007ffefdc60000 - 0x00007ffefdc67000 	C:\WINDOWS\SYSTEM32\MSIMG32.dll
0x00007ffee3690000 - 0x00007ffee381e000 	C:\Program Files\Exelis\IDL83\bin\bin.x86_64\MesaGL6_2.dll
0x00007ffee6050000 - 0x00007ffee60cc000 	C:\Program Files\Exelis\IDL83\bin\bin.x86_64\freetype2_4_7.dll
0x00007fff15e10000 - 0x00007fff15e53000 	C:\WINDOWS\SYSTEM32\SspiCli.dll
0x00007fff12990000 - 0x00007fff12a08000 	C:\WINDOWS\System32\netprofm.dll
0x00007fff10440000 - 0x00007fff10458000 	C:\WINDOWS\System32\npmproxy.dll
0x00007fff11820000 - 0x00007fff11839000 	C:\WINDOWS\SYSTEM32\dhcpcsvc6.DLL
0x00007fff117c0000 - 0x00007fff117df000 	C:\WINDOWS\SYSTEM32\dhcpcsvc.DLL
0x00007ffee6b70000 - 0x00007ffee6bae000 	C:\WINDOWS\system32\spool\DRIVERS\x64\3\kvpui64.dll
0x00007ffeb29c0000 - 0x00007ffeb2c6c000 	C:\WINDOWS\system32\spool\DRIVERS\x64\3\kvpdrv64.dll
0x00007fff0be70000 - 0x00007fff0bf2d000 	C:\WINDOWS\SYSTEM32\mscms.dll
0x00007ffeec020000 - 0x00007ffeec06a000 	C:\WINDOWS\SYSTEM32\icm32.dll
0x00007ffef9670000 - 0x00007ffef9770000 	C:\WINDOWS\SYSTEM32\OpenGL32.DLL
0x00007ffef9580000 - 0x00007ffef95ad000 	C:\WINDOWS\SYSTEM32\GLU32.dll
0x00007fff141e0000 - 0x00007fff14217000 	C:\WINDOWS\SYSTEM32\dxcore.dll
0x00007ffee6aa0000 - 0x00007ffee6ade000 	C:\Program Files\Exelis\IDL83\bin\bin.x86_64\gl_driver.dll
0x0000000017ea0000 - 0x0000000017ea3000 	C:\WINDOWS\SYSTEM32\icmp.Dll
0x00007ffef0520000 - 0x00007ffef05d0000 	C:\WINDOWS\SYSTEM32\TextShaping.dll
0x00007ffebf400000 - 0x00007ffebf6b1000 	C:\WINDOWS\system32\explorerframe.dll
0x00007ffeebcb0000 - 0x00007ffeebd0e000 	C:\WINDOWS\system32\dataexchange.dll
0x00007ffed9840000 - 0x00007ffed9882000 	C:\WINDOWS\system32\mlang.dll
0x00007fff16930000 - 0x00007fff169d3000 	C:\WINDOWS\SYSTEM32\sxs.dll
0x00007fff0dea0000 - 0x00007fff0deb1000 	C:\Users\77957\.idl\idlworkbench-config-idl8.3.0_x86_64\org.eclipse.osgi\bundles\208\1\.cp\jWinHttp-1.0.0.dll
0x00007fff118f0000 - 0x00007fff11a26000 	C:\WINDOWS\SYSTEM32\WINHTTP.dll
0x00007fff14170000 - 0x00007fff1419b000 	C:\WINDOWS\system32\dwmapi.dll
0x00007ffee0790000 - 0x00007ffee0cf5000 	C:\WINDOWS\system32\windowsudk.shellcommon.dll
0x00007fff0e9a0000 - 0x00007fff0e9d7000 	C:\WINDOWS\system32\XmlLite.dll
0x00007ffef2470000 - 0x00007ffef25e5000 	C:\Windows\System32\Windows.UI.dll
0x00007ffef0860000 - 0x00007ffef09d5000 	C:\Windows\System32\Windows.UI.Immersive.dll
0x00007ffeec750000 - 0x00007ffeec7ba000 	C:\Windows\System32\thumbcache.dll
0x00007fff12480000 - 0x00007fff12525000 	C:\WINDOWS\SYSTEM32\policymanager.dll
0x00007fff123c0000 - 0x00007fff12453000 	C:\WINDOWS\SYSTEM32\msvcp110_win.dll
0x00007fff15990000 - 0x00007fff1599c000 	C:\WINDOWS\system32\Secur32.dll
0x00007ffeebb80000 - 0x00007ffeebc35000 	C:\Windows\System32\Windows.FileExplorer.Common.dll
0x00007ffef4ad0000 - 0x00007ffef4cc0000 	C:\Windows\System32\urlmon.dll
0x00007ffef4690000 - 0x00007ffef494e000 	C:\Windows\System32\iertutil.dll
0x00007fff155a0000 - 0x00007fff155ac000 	C:\Windows\System32\netutils.dll
0x00007ffef4660000 - 0x00007ffef4688000 	C:\Windows\System32\srvcli.dll
0x00007fff167b0000 - 0x00007fff167fe000 	C:\WINDOWS\system32\CFGMGR32.dll
0x00007fff0e020000 - 0x00007fff0e159000 	C:\Windows\System32\Windows.System.Launcher.dll
0x00007fff0f720000 - 0x00007fff0f73a000 	C:\WINDOWS\SYSTEM32\windows.staterepositorycore.dll
0x00007fff104d0000 - 0x00007fff104de000 	C:\WINDOWS\SYSTEM32\atlthunk.dll
0x00007ffef4950000 - 0x00007ffef496e000 	C:\WINDOWS\system32\MPR.dll
0x00007fff02550000 - 0x00007fff0257b000 	C:\WINDOWS\System32\p9np.dll

VM Arguments:
jvm_args: -Dosgi.instance.area.default=@user.home/IDLWorkspace83 -Dosgi.configuration.area=@user.home/.idl/idlworkbench-config-idl8.3.0_x86_64 -Dosgi.configuration.cascaded=true -Dosgi.checkConfiguration=true -Dosgi.sharedConfiguration.area.readOnly=true -Dorg.eclipse.update.reconcile=false -Declipse.p2.data.area=@config.dir/p2 -Dosgi.sharedConfiguration.area=C:\Program Files\Exelis\IDL83\bin\bin.x86_64/configuration 
java_command: <unknown>
Launcher Type: generic

Environment Variables:
PATH=C:/Program Files/Exelis/IDL83/bin/bin.x86_64/jre/bin/server;C:/Program Files/Exelis/IDL83/bin/bin.x86_64/jre/bin;C:/Program Files/Exelis/IDL83/bin/bin.x86_64/jre/lib/amd64;C:\Program Files\Exelis\IDL83\bin\bin.x86_64\;C:\WINDOWS\system32;C:\WINDOWS;C:\WINDOWS\System32\Wbem;C:\WINDOWS\System32\WindowsPowerShell\v1.0\;C:\WINDOWS\System32\OpenSSH\;C:\Users\77957\AppData\Local\Programs\Python\Python38;C:\Users\77957\AppData\Local\Programs\Python\Python38\Scripts;C:\Program Files (x86)\Tencent\微信web开发者工具\dll;C:\Program Files\MATLAB\R2024a\runtime\win64;C:\Program Files\MATLAB\R2024a\bin;C:\Users\77957\AppData\Local\Microsoft\WindowsApps;C:\Program Files\JetBrains\PyCharm 2023.1\bin;;C:\Users\77957\AppData\Local\Programs\Python\Python38;;C:\Program Files\Exelis\IDL83\bin\bin.x86_64;
USERNAME=77957
OS=Windows_NT
PROCESSOR_IDENTIFIER=Intel64 Family 6 Model 140 Stepping 1, GenuineIntel



---------------  S Y S T E M  ---------------

OS: Windows 8 , 64 bit Build 9200 

CPU:total 8 (4 cores per cpu, 2 threads per core) family 6 model 140 stepping 1, cmov, cx8, fxsr, mmx, sse, sse2, sse3, ssse3, sse4.1, sse4.2, popcnt, avx, avx2, ht, tsc, tscinvbit

Memory: 4k page, physical 16607252k(7923660k free), swap 28141588k(14192420k free)

vm_info: Java HotSpot(TM) 64-Bit Server VM (23.25-b01) for windows-amd64 JRE (1.7.0_25-b17), built on Jun 21 2013 12:58:32 by "java_re" with unknown MS VC++:1600

time: Mon Aug 19 21:43:30 2024
elapsed time: 4869 seconds

