#
# A fatal error has been detected by the Java Runtime Environment:
#
#  EXCEPTION_ACCESS_VIOLATION (0xc0000005) at pc=0x00007ff93bf6f051, pid=2632, tid=18604
#
# JRE version: 7.0_25-b17
# Java VM: Java HotSpot(TM) 64-Bit Server VM (23.25-b01 mixed mode windows-amd64 compressed oops)
# Problematic frame:
# C  0x00007ff93bf6f051  DumpRegistryKeyDefinitions+0x75f441
#
# Failed to write core dump. Minidumps are not enabled by default on client versions of Windows
#
# If you would like to submit a bug report, please visit:
#   http://bugreport.sun.com/bugreport/crash.jsp
# The crash happened outside the Java Virtual Machine in native code.
# See problematic frame for where to report the bug.
#

---------------  T H R E A D  ---------------

Current thread (0x0000000015bc1800):  JavaThread "IDL" [_thread_in_native, id=18604, stack(0x00000000172c0000,0x00000000173c0000)]

siginfo: ExceptionCode=0xc0000005, reading address 0xffffffffffffffff

Registers:
RAX=0x3f42d0c73d0be4ac, RBX=0x00000000173b0fd0, RCX=0x0000000019ae97c8, RDX=0x0000000000000000
RSP=0x00000000173b0f48, RBP=0x00007ff93c40c940, RSI=0x00000000173b0fa0, RDI=0x0000000000000007
R8 =0x00000000173b0fa0, R9 =0x00000000173b0fd0, R10=0x0000000019ae97c8, R11=0x00000000173b0fe8
R12=0x00007ff93c40c940, R13=0x000000002445e370, R14=0x0000000000000002, R15=0x000000006a4b0000
RIP=0x00007ff93bf6f051, EFLAGS=0x0000000000010246

Top of Stack: (sp=0x00000000173b0f48)
0x00000000173b0f48:   00007ff93bdf54c9 00000000173b0fa0
0x00000000173b0f58:   00007ff93bdf5788 42bf3b5f408cd3ab
0x00000000173b0f68:   3f800000431f06e0 0000000019ae9410
0x00000000173b0f78:   00007ff93bdf5be0 0000000019ae9800
0x00000000173b0f88:   0000000000000003 00000000173b1080
0x00000000173b0f98:   0000000000000001 0000000019ae9410
0x00000000173b0fa8:   0000000019ae9410 0000000019ae97c8
0x00000000173b0fb8:   0000000000000000 0000000000000013
0x00000000173b0fc8:   00007ff900000008 0000000000000000
0x00000000173b0fd8:   00000000173b1080 00000000173b1090
0x00000000173b0fe8:   0000000019ae97c8 0000000019ae97d8
0x00000000173b0ff8:   0000000019ae97e8 0000000019ae97f8
0x00000000173b1008:   0000000019ae9808 0000000019ae9818
0x00000000173b1018:   0000000019ae9828 0000000019ae9838
0x00000000173b1028:   0000000000000000 0000000000000000
0x00000000173b1038:   0000000000000000 0000000000000000 

Instructions: (pc=0x00007ff93bf6f051)
0x00007ff93bf6f031:   4a 04 f3 0f 11 42 08 8b 41 30 0f 28 02 48 03 c0
0x00007ff93bf6f041:   f3 0f 7f 04 c1 ff 41 30 c3 cc cc 48 8b 01 32 d2
0x00007ff93bf6f051:   38 50 34 74 0b 48 8b 41 08 38 50 34 74 02 b2 01
0x00007ff93bf6f061:   8a c2 c3 44 8b 81 60 10 00 00 8b 91 18 19 00 00 


Register to memory mapping:

RAX=0x3f42d0c73d0be4ac is an unknown value
RBX=0x00000000173b0fd0 is pointing into the stack for thread: 0x0000000015bc1800
RCX=0x0000000019ae97c8 is an unknown value
RDX=0x0000000000000000 is an unknown value
RSP=0x00000000173b0f48 is pointing into the stack for thread: 0x0000000015bc1800
RBP=0x00007ff93c40c940 is an unknown value
RSI=0x00000000173b0fa0 is pointing into the stack for thread: 0x0000000015bc1800
RDI=0x0000000000000007 is an unknown value
R8 =0x00000000173b0fa0 is pointing into the stack for thread: 0x0000000015bc1800
R9 =0x00000000173b0fd0 is pointing into the stack for thread: 0x0000000015bc1800
R10=0x0000000019ae97c8 is an unknown value
R11=0x00000000173b0fe8 is pointing into the stack for thread: 0x0000000015bc1800
R12=0x00007ff93c40c940 is an unknown value
R13=0x000000002445e370 is an unknown value
R14=0x0000000000000002 is an unknown value
R15=0x000000006a4b0000 is an unknown value


Stack: [0x00000000172c0000,0x00000000173c0000],  sp=0x00000000173b0f48,  free space=963k
Native frames: (J=compiled Java code, j=interpreted, Vv=VM code, C=native code)
C  0x00007ff93bf6f051  DumpRegistryKeyDefinitions+0x75f441

Java frames: (J=compiled Java code, j=interpreted, Vv=VM code)
j  com.rsi.idldt.core.ips.IPS_Access.IPS_Start([Ljava/lang/String;)V+0
j  com.rsi.idldt.core.ips.IPS_Manager$2.run()V+15
j  java.lang.Thread.run()V+11
v  ~StubRoutines::call_stub

---------------  P R O C E S S  ---------------

Java Threads: ( => current thread )
  0x000000001b3d7000 JavaThread "Worker-28" [_thread_blocked, id=18252, stack(0x000000006b7a0000,0x000000006b8a0000)]
  0x000000001b3d5800 JavaThread "Worker-27" [_thread_blocked, id=16816, stack(0x0000000018160000,0x0000000018260000)]
  0x000000001b3d2800 JavaThread "Worker-25" [_thread_blocked, id=17020, stack(0x0000000018ba0000,0x0000000018ca0000)]
  0x000000001644d800 JavaThread "Worker-15" [_thread_blocked, id=10340, stack(0x0000000074460000,0x0000000074560000)]
  0x0000000016453800 JavaThread "[ThreadPool Manager] - Idle Thread" daemon [_thread_blocked, id=2748, stack(0x000000001e4a0000,0x000000001e5a0000)]
  0x000000001644e000 JavaThread "Timer-2" daemon [_thread_blocked, id=8268, stack(0x0000000019980000,0x0000000019a80000)]
  0x0000000016452000 JavaThread "Timer-1" daemon [_thread_blocked, id=16396, stack(0x0000000019520000,0x0000000019620000)]
  0x000000001644c800 JavaThread "Thread-14" [_thread_in_native, id=14932, stack(0x0000000019170000,0x0000000019270000)]
  0x0000000016449800 JavaThread "IDLDT DOM Worker-7" [_thread_blocked, id=10480, stack(0x0000000018a60000,0x0000000018b60000)]
  0x000000001644f000 JavaThread "IDLDT DOM Worker-6" [_thread_blocked, id=20080, stack(0x0000000018960000,0x0000000018a60000)]
  0x000000001624a800 JavaThread "IDLDT DOM Worker-5" [_thread_blocked, id=19408, stack(0x0000000018860000,0x0000000018960000)]
  0x0000000016249800 JavaThread "IDLDT DOM Worker-4" [_thread_blocked, id=2292, stack(0x0000000018760000,0x0000000018860000)]
  0x0000000016249000 JavaThread "IDLDT DOM Worker-3" [_thread_blocked, id=17536, stack(0x0000000018660000,0x0000000018760000)]
  0x0000000016248000 JavaThread "IDLDT DOM Worker-2" [_thread_blocked, id=5824, stack(0x0000000018560000,0x0000000018660000)]
  0x0000000016244800 JavaThread "IDLDT DOM Worker-1" [_thread_blocked, id=2452, stack(0x0000000018460000,0x0000000018560000)]
  0x0000000016245000 JavaThread "IDLDT DOM Worker-0" [_thread_blocked, id=3388, stack(0x0000000018360000,0x0000000018460000)]
  0x0000000016246000 JavaThread "Timer-0" daemon [_thread_blocked, id=19980, stack(0x0000000018260000,0x0000000018360000)]
=>0x0000000015bc1800 JavaThread "IDL" [_thread_in_native, id=18604, stack(0x00000000172c0000,0x00000000173c0000)]
  0x00000000146bf000 JavaThread "IDLToJava Broker" daemon [_thread_blocked, id=8572, stack(0x00000000170f0000,0x00000000171f0000)]
  0x0000000014846800 JavaThread "Provisioning Event Dispatcher" daemon [_thread_blocked, id=5504, stack(0x00000000157f0000,0x00000000158f0000)]
  0x000000001497b800 JavaThread "Bundle File Closer" daemon [_thread_blocked, id=2136, stack(0x00000000155f0000,0x00000000156f0000)]
  0x000000001467e800 JavaThread "Worker-JM" [_thread_blocked, id=6844, stack(0x00000000154f0000,0x00000000155f0000)]
  0x00000000138ca000 JavaThread "[Timer] - Main Queue Handler" daemon [_thread_blocked, id=13700, stack(0x0000000015340000,0x0000000015440000)]
  0x00000000146cd000 JavaThread "Framework Event Dispatcher" daemon [_thread_blocked, id=19080, stack(0x0000000015140000,0x0000000015240000)]
  0x0000000013824000 JavaThread "Start Level Event Dispatcher" daemon [_thread_blocked, id=14760, stack(0x0000000015040000,0x0000000015140000)]
  0x0000000014782800 JavaThread "State Data Manager" daemon [_thread_blocked, id=17720, stack(0x0000000014f40000,0x0000000015040000)]
  0x000000001390f000 JavaThread "Framework Active Thread" [_thread_blocked, id=15424, stack(0x0000000014e40000,0x0000000014f40000)]
  0x0000000011075000 JavaThread "Service Thread" daemon [_thread_blocked, id=14136, stack(0x0000000013460000,0x0000000013560000)]
  0x0000000011070800 JavaThread "C2 CompilerThread1" daemon [_thread_blocked, id=9548, stack(0x0000000013360000,0x0000000013460000)]
  0x000000001106f000 JavaThread "C2 CompilerThread0" daemon [_thread_blocked, id=6576, stack(0x0000000013260000,0x0000000013360000)]
  0x0000000011044000 JavaThread "Attach Listener" daemon [_thread_blocked, id=14960, stack(0x0000000013160000,0x0000000013260000)]
  0x0000000011043800 JavaThread "Signal Dispatcher" daemon [_thread_blocked, id=18664, stack(0x0000000013060000,0x0000000013160000)]
  0x0000000010fd9800 JavaThread "Finalizer" daemon [_thread_blocked, id=19064, stack(0x0000000012f60000,0x0000000013060000)]
  0x0000000010fd8800 JavaThread "Reference Handler" daemon [_thread_blocked, id=320, stack(0x0000000012e60000,0x0000000012f60000)]
  0x000000000262e800 JavaThread "main" [_thread_in_native, id=5288, stack(0x0000000000050000,0x0000000000150000)]

Other Threads:
  0x0000000010fd4000 VMThread [stack: 0x0000000012d60000,0x0000000012e60000] [id=20324]
  0x0000000013570800 WatcherThread [stack: 0x0000000013960000,0x0000000013a60000] [id=8676]

VM state:not at safepoint (normal execution)

VM Mutex/Monitor currently owned by a thread: None

Heap
 PSYoungGen      total 39232K, used 31755K [0x00000007ab800000, 0x00000007af0e0000, 0x0000000800000000)
  eden space 26368K, 74% used [0x00000007ab800000,0x00000007acb1ddc8,0x00000007ad1c0000)
  from space 12864K, 94% used [0x00000007ae050000,0x00000007aec351b8,0x00000007aece0000)
  to   space 14912K, 0% used [0x00000007ad1c0000,0x00000007ad1c0000,0x00000007ae050000)
 ParOldGen       total 193152K, used 117721K [0x0000000702800000, 0x000000070e4a0000, 0x00000007ab800000)
  object space 193152K, 60% used [0x0000000702800000,0x0000000709af65b8,0x000000070e4a0000)
 PSPermGen       total 47936K, used 47651K [0x00000006fd600000, 0x00000007004d0000, 0x0000000702800000)
  object space 47936K, 99% used [0x00000006fd600000,0x0000000700488c30,0x00000007004d0000)

Card table byte_map: [0x0000000005730000,0x0000000005f50000] byte_map_base: 0x0000000001f45000

Polling page: 0x0000000000500000

Code Cache  [0x0000000002730000, 0x0000000002f70000, 0x0000000005730000)
 total_blobs=3029 nmethods=2369 adapters=608 free_code_cache=40869Kb largest_free_block=41689408

Compilation events (10 events):
Event: 2309.406 Thread 0x0000000011070800 2662             org.eclipse.swt.custom.CTabFolder::onPaint (410 bytes)
Event: 2309.413 Thread 0x0000000011070800 nmethod 2662 0x0000000002e71310 code [0x0000000002e71620, 0x0000000002e71fd8]
Event: 2400.420 Thread 0x000000001106f000   79 %           org.eclipse.osgi.framework.util.KeyedHashSet::elements @ 7 (42 bytes)
Event: 2400.420 Thread 0x0000000011070800 2663             org.eclipse.osgi.internal.resolver.StateReader::flushLazyObjectCache (86 bytes)
Event: 2400.423 Thread 0x000000001106f000 nmethod 79% 0x0000000002e95a10 code [0x0000000002e95b60, 0x0000000002e95e58]
Event: 2400.424 Thread 0x0000000011070800 nmethod 2663 0x00000000027bd750 code [0x00000000027bd8e0, 0x00000000027bde08]
Event: 2576.347 Thread 0x000000001106f000 2664             org.eclipse.core.internal.dtree.AbstractDataTreeNode::indexOfChild (75 bytes)
Event: 2576.349 Thread 0x000000001106f000 nmethod 2664 0x0000000002e6f490 code [0x0000000002e6f5e0, 0x0000000002e6f818]
Event: 2711.923 Thread 0x0000000011070800 2665             org.eclipse.core.internal.dtree.DeltaDataTree::storeStrings (31 bytes)
Event: 2711.925 Thread 0x0000000011070800 nmethod 2665 0x0000000002efde90 code [0x0000000002efe020, 0x0000000002efe2f8]

GC Heap History (10 events):
Event: 3126.048 GC heap before
{Heap before GC invocations=389 (full 49):
 PSYoungGen      total 29760K, used 27071K [0x00000007ab800000, 0x00000007ae6c0000, 0x0000000800000000)
  eden space 17792K, 100% used [0x00000007ab800000,0x00000007ac960000,0x00000007ac960000)
  from space 11968K, 77% used [0x00000007ac960000,0x00000007ad26fc58,0x00000007ad510000)
  to   space 13312K, 0% used [0x00000007ad9c0000,0x00000007ad9c0000,0x00000007ae6c0000)
 ParOldGen       total 193152K, used 112167K [0x0000000702800000, 0x000000070e4a0000, 0x00000007ab800000)
  object space 193152K, 58% used [0x0000000702800000,0x0000000709589c98,0x000000070e4a0000)
 PSPermGen       total 47936K, used 47651K [0x00000006fd600000, 0x00000007004d0000, 0x0000000702800000)
  object space 47936K, 99% used [0x00000006fd600000,0x0000000700488c30,0x00000007004d0000)
Event: 3126.052 GC heap after
Heap after GC invocations=389 (full 49):
 PSYoungGen      total 34304K, used 6019K [0x00000007ab800000, 0x00000007ae690000, 0x0000000800000000)
  eden space 21184K, 0% used [0x00000007ab800000,0x00000007ab800000,0x00000007accb0000)
  from space 13120K, 45% used [0x00000007ad9c0000,0x00000007adfa0e50,0x00000007ae690000)
  to   space 13248K, 0% used [0x00000007accb0000,0x00000007accb0000,0x00000007ad9a0000)
 ParOldGen       total 193152K, used 114593K [0x0000000702800000, 0x000000070e4a0000, 0x00000007ab800000)
  object space 193152K, 59% used [0x0000000702800000,0x00000007097e8790,0x000000070e4a0000)
 PSPermGen       total 47936K, used 47651K [0x00000006fd600000, 0x00000007004d0000, 0x0000000702800000)
  object space 47936K, 99% used [0x00000006fd600000,0x0000000700488c30,0x00000007004d0000)
}
Event: 3126.123 GC heap before
{Heap before GC invocations=390 (full 49):
 PSYoungGen      total 34304K, used 26956K [0x00000007ab800000, 0x00000007ae690000, 0x0000000800000000)
  eden space 21184K, 98% used [0x00000007ab800000,0x00000007acc72398,0x00000007accb0000)
  from space 13120K, 45% used [0x00000007ad9c0000,0x00000007adfa0e50,0x00000007ae690000)
  to   space 13248K, 0% used [0x00000007accb0000,0x00000007accb0000,0x00000007ad9a0000)
 ParOldGen       total 193152K, used 114593K [0x0000000702800000, 0x000000070e4a0000, 0x00000007ab800000)
  object space 193152K, 59% used [0x0000000702800000,0x00000007097e8790,0x000000070e4a0000)
 PSPermGen       total 47936K, used 47651K [0x00000006fd600000, 0x00000007004d0000, 0x0000000702800000)
  object space 47936K, 99% used [0x00000006fd600000,0x0000000700488c30,0x00000007004d0000)
Event: 3126.125 GC heap after
Heap after GC invocations=390 (full 49):
 PSYoungGen      total 34432K, used 3083K [0x00000007ab800000, 0x00000007ae8f0000, 0x0000000800000000)
  eden space 21184K, 0% used [0x00000007ab800000,0x00000007ab800000,0x00000007accb0000)
  from space 13248K, 23% used [0x00000007accb0000,0x00000007acfb2e60,0x00000007ad9a0000)
  to   space 12480K, 0% used [0x00000007adcc0000,0x00000007adcc0000,0x00000007ae8f0000)
 ParOldGen       total 193152K, used 115851K [0x0000000702800000, 0x000000070e4a0000, 0x00000007ab800000)
  object space 193152K, 59% used [0x0000000702800000,0x0000000709922e88,0x000000070e4a0000)
 PSPermGen       total 47936K, used 47651K [0x00000006fd600000, 0x00000007004d0000, 0x0000000702800000)
  object space 47936K, 99% used [0x00000006fd600000,0x0000000700488c30,0x00000007004d0000)
}
Event: 3126.257 GC heap before
{Heap before GC invocations=391 (full 49):
 PSYoungGen      total 34432K, used 24267K [0x00000007ab800000, 0x00000007ae8f0000, 0x0000000800000000)
  eden space 21184K, 100% used [0x00000007ab800000,0x00000007accb0000,0x00000007accb0000)
  from space 13248K, 23% used [0x00000007accb0000,0x00000007acfb2e60,0x00000007ad9a0000)
  to   space 12480K, 0% used [0x00000007adcc0000,0x00000007adcc0000,0x00000007ae8f0000)
 ParOldGen       total 193152K, used 115851K [0x0000000702800000, 0x000000070e4a0000, 0x00000007ab800000)
  object space 193152K, 59% used [0x0000000702800000,0x0000000709922e88,0x000000070e4a0000)
 PSPermGen       total 47936K, used 47651K [0x00000006fd600000, 0x00000007004d0000, 0x0000000702800000)
  object space 47936K, 99% used [0x00000006fd600000,0x0000000700488c30,0x00000007004d0000)
Event: 3126.260 GC heap after
Heap after GC invocations=391 (full 49):
 PSYoungGen      total 36544K, used 9120K [0x00000007ab800000, 0x00000007aeb10000, 0x0000000800000000)
  eden space 24064K, 0% used [0x00000007ab800000,0x00000007ab800000,0x00000007acf80000)
  from space 12480K, 73% used [0x00000007adcc0000,0x00000007ae5a8228,0x00000007ae8f0000)
  to   space 13568K, 0% used [0x00000007acf80000,0x00000007acf80000,0x00000007adcc0000)
 ParOldGen       total 193152K, used 116083K [0x0000000702800000, 0x000000070e4a0000, 0x00000007ab800000)
  object space 193152K, 60% used [0x0000000702800000,0x000000070995ce88,0x000000070e4a0000)
 PSPermGen       total 47936K, used 47651K [0x00000006fd600000, 0x00000007004d0000, 0x0000000702800000)
  object space 47936K, 99% used [0x00000006fd600000,0x0000000700488c30,0x00000007004d0000)
}
Event: 3128.313 GC heap before
{Heap before GC invocations=392 (full 49):
 PSYoungGen      total 36544K, used 31808K [0x00000007ab800000, 0x00000007aeb10000, 0x0000000800000000)
  eden space 24064K, 94% used [0x00000007ab800000,0x00000007ace28058,0x00000007acf80000)
  from space 12480K, 73% used [0x00000007adcc0000,0x00000007ae5a8228,0x00000007ae8f0000)
  to   space 13568K, 0% used [0x00000007acf80000,0x00000007acf80000,0x00000007adcc0000)
 ParOldGen       total 193152K, used 116083K [0x0000000702800000, 0x000000070e4a0000, 0x00000007ab800000)
  object space 193152K, 60% used [0x0000000702800000,0x000000070995ce88,0x000000070e4a0000)
 PSPermGen       total 47936K, used 47651K [0x00000006fd600000, 0x00000007004d0000, 0x0000000702800000)
  object space 47936K, 99% used [0x00000006fd600000,0x0000000700488c30,0x00000007004d0000)
Event: 3128.315 GC heap after
Heap after GC invocations=392 (full 49):
 PSYoungGen      total 37632K, used 3083K [0x00000007ab800000, 0x00000007aece0000, 0x0000000800000000)
  eden space 24064K, 0% used [0x00000007ab800000,0x00000007ab800000,0x00000007acf80000)
  from space 13568K, 22% used [0x00000007acf80000,0x00000007ad282e60,0x00000007adcc0000)
  to   space 12864K, 0% used [0x00000007ae050000,0x00000007ae050000,0x00000007aece0000)
 ParOldGen       total 193152K, used 117481K [0x0000000702800000, 0x000000070e4a0000, 0x00000007ab800000)
  object space 193152K, 60% used [0x0000000702800000,0x0000000709aba5b8,0x000000070e4a0000)
 PSPermGen       total 47936K, used 47651K [0x00000006fd600000, 0x00000007004d0000, 0x0000000702800000)
  object space 47936K, 99% used [0x00000006fd600000,0x0000000700488c30,0x00000007004d0000)
}
Event: 3128.445 GC heap before
{Heap before GC invocations=393 (full 49):
 PSYoungGen      total 37632K, used 27147K [0x00000007ab800000, 0x00000007aece0000, 0x0000000800000000)
  eden space 24064K, 100% used [0x00000007ab800000,0x00000007acf80000,0x00000007acf80000)
  from space 13568K, 22% used [0x00000007acf80000,0x00000007ad282e60,0x00000007adcc0000)
  to   space 12864K, 0% used [0x00000007ae050000,0x00000007ae050000,0x00000007aece0000)
 ParOldGen       total 193152K, used 117481K [0x0000000702800000, 0x000000070e4a0000, 0x00000007ab800000)
  object space 193152K, 60% used [0x0000000702800000,0x0000000709aba5b8,0x000000070e4a0000)
 PSPermGen       total 47936K, used 47651K [0x00000006fd600000, 0x00000007004d0000, 0x0000000702800000)
  object space 47936K, 99% used [0x00000006fd600000,0x0000000700488c30,0x00000007004d0000)
Event: 3128.450 GC heap after
Heap after GC invocations=393 (full 49):
 PSYoungGen      total 39232K, used 12180K [0x00000007ab800000, 0x00000007af0e0000, 0x0000000800000000)
  eden space 26368K, 0% used [0x00000007ab800000,0x00000007ab800000,0x00000007ad1c0000)
  from space 12864K, 94% used [0x00000007ae050000,0x00000007aec351b8,0x00000007aece0000)
  to   space 14912K, 0% used [0x00000007ad1c0000,0x00000007ad1c0000,0x00000007ae050000)
 ParOldGen       total 193152K, used 117721K [0x0000000702800000, 0x000000070e4a0000, 0x00000007ab800000)
  object space 193152K, 60% used [0x0000000702800000,0x0000000709af65b8,0x000000070e4a0000)
 PSPermGen       total 47936K, used 47651K [0x00000006fd600000, 0x00000007004d0000, 0x0000000702800000)
  object space 47936K, 99% used [0x00000006fd600000,0x0000000700488c30,0x00000007004d0000)
}

Deoptimization events (10 events):
Event: 1701.488 Thread 0x000000001b3d9800 Uncommon trap -34 fr.pc 0x0000000002dc31b8
Event: 1701.488 Thread 0x000000001b3d9800 Uncommon trap -34 fr.pc 0x0000000002dc4420
Event: 1702.432 Thread 0x000000001b3d9800 Uncommon trap -58 fr.pc 0x0000000002851a74
Event: 1703.088 Thread 0x000000000262e800 Uncommon trap -83 fr.pc 0x0000000002d7de9c
Event: 2100.406 Thread 0x0000000014782800 Uncommon trap -42 fr.pc 0x0000000002de8050
Event: 2400.420 Thread 0x0000000014782800 Uncommon trap -42 fr.pc 0x0000000002de8050
Event: 2488.245 Thread 0x000000001b3d5800 Uncommon trap -83 fr.pc 0x0000000002de1dfc
Event: 2496.259 Thread 0x000000001b3d4000 Uncommon trap -83 fr.pc 0x0000000002de1dfc
Event: 2700.427 Thread 0x0000000014782800 Uncommon trap -42 fr.pc 0x0000000002de8050
Event: 3000.439 Thread 0x0000000014782800 Uncommon trap -42 fr.pc 0x0000000002de8050

Internal exceptions (10 events):
Event: 848.943 Thread 0x000000000262e800 Implicit null exception at 0x0000000002d57201 to 0x0000000002d598ed
Event: 848.943 Thread 0x000000000262e800 Implicit null exception at 0x0000000002c1857c to 0x0000000002c187c5
Event: 848.943 Thread 0x000000000262e800 Implicit null exception at 0x0000000002c225ac to 0x0000000002c23265
Event: 848.943 Thread 0x000000000262e800 Implicit null exception at 0x0000000002c173b2 to 0x0000000002c178b1
Event: 848.943 Thread 0x000000000262e800 Implicit null exception at 0x0000000002c19b7b to 0x0000000002c1a04d
Event: 884.338 Thread 0x000000000262e800 Implicit null exception at 0x0000000002d35a3a to 0x0000000002d3657d
Event: 1347.922 Thread 0x000000000262e800 Implicit null exception at 0x00000000029937a8 to 0x0000000002993e99
Event: 1347.928 Thread 0x000000000262e800 Implicit null exception at 0x0000000002dc0f99 to 0x0000000002dc100d
Event: 1347.928 Thread 0x000000000262e800 Implicit null exception at 0x00000000027a5cbd to 0x00000000027a60c1
Event: 1371.981 Thread 0x000000001b3d9800 Threw 0x00000007ac7dc0d0 at C:\jdk7u2_64p\jdk7u25\hotspot\src\share\vm\runtime\objectMonitor.cpp:1612

Events (10 events):
Event: 3130.395 Thread 0x000000001b3d5800 Thread added: 0x000000001b3d5800
Event: 3130.420 Executing VM operation: RevokeBias
Event: 3130.421 Executing VM operation: RevokeBias done
Event: 3130.424 Thread 0x000000001b3d6800 Thread added: 0x000000001b3d6800
Event: 3130.425 Thread 0x000000001b3d6800 Thread exited: 0x000000001b3d6800
Event: 3130.483 Executing VM operation: RevokeBias
Event: 3130.483 Executing VM operation: RevokeBias done
Event: 3130.895 Thread 0x000000001b3d7000 Thread added: 0x000000001b3d7000
Event: 3130.896 Executing VM operation: RevokeBias
Event: 3130.896 Executing VM operation: RevokeBias done


Dynamic libraries:
0x0000000000400000 - 0x000000000040e000 	C:\Program Files\Exelis\IDL83\bin\bin.x86_64\idlde.exe
0x00007ff9b4eb0000 - 0x00007ff9b50c7000 	C:\WINDOWS\SYSTEM32\ntdll.dll
0x00007ff9b38b0000 - 0x00007ff9b3974000 	C:\WINDOWS\System32\KERNEL32.DLL
0x00007ff9b22e0000 - 0x00007ff9b2686000 	C:\WINDOWS\System32\KERNELBASE.dll
0x00007ff9aced0000 - 0x00007ff9acf67000 	C:\WINDOWS\SYSTEM32\apphelp.dll
0x00007ff9b3590000 - 0x00007ff9b373e000 	C:\WINDOWS\System32\USER32.dll
0x00007ff9b2970000 - 0x00007ff9b2996000 	C:\WINDOWS\System32\win32u.dll
0x00007ff9b4970000 - 0x00007ff9b4999000 	C:\WINDOWS\System32\GDI32.dll
0x00007ff9b2730000 - 0x00007ff9b2848000 	C:\WINDOWS\System32\gdi32full.dll
0x00007ff9b2690000 - 0x00007ff9b272a000 	C:\WINDOWS\System32\msvcp_win.dll
0x00007ff9b2850000 - 0x00007ff9b2961000 	C:\WINDOWS\System32\ucrtbase.dll
0x00007ff9b2c00000 - 0x00007ff9b2ca7000 	C:\WINDOWS\System32\msvcrt.dll
0x00007ff9976e0000 - 0x00007ff997973000 	C:\WINDOWS\WinSxS\amd64_microsoft.windows.common-controls_6595b64144ccf1df_6.0.22621.2506_none_270c5ae97388e100\COMCTL32.dll
0x00007ff9b3160000 - 0x00007ff9b3191000 	C:\WINDOWS\System32\IMM32.DLL
0x0000000072000000 - 0x0000000072012000 	C:\Program Files\Exelis\IDL83\bin\bin.x86_64\plugins\org.eclipse.equinox.launcher.win32.win32.x86_64_1.1.100.v20110502\eclipse_1406.dll
0x00007ff9b4db0000 - 0x00007ff9b4e61000 	C:\WINDOWS\System32\ADVAPI32.dll
0x00007ff9b4bb0000 - 0x00007ff9b4c55000 	C:\WINDOWS\System32\sechost.dll
0x00007ff9b4350000 - 0x00007ff9b4467000 	C:\WINDOWS\System32\RPCRT4.dll
0x00007ff9aa230000 - 0x00007ff9aa23a000 	C:\WINDOWS\SYSTEM32\VERSION.dll
0x0000000063fc0000 - 0x00000000646cf000 	C:\Program Files\Exelis\IDL83\bin\bin.x86_64\jre\bin\server\jvm.dll
0x00007ff9b49a0000 - 0x00007ff9b49a8000 	C:\WINDOWS\System32\PSAPI.DLL
0x00007ff9aa240000 - 0x00007ff9aa274000 	C:\WINDOWS\SYSTEM32\WINMM.dll
0x00007ff9acd10000 - 0x00007ff9acd19000 	C:\WINDOWS\SYSTEM32\WSOCK32.dll
0x00007ff9b4ad0000 - 0x00007ff9b4b41000 	C:\WINDOWS\System32\WS2_32.dll
0x0000000063ee0000 - 0x0000000063fb2000 	C:\WINDOWS\SYSTEM32\MSVCR100.dll
0x0000000063ed0000 - 0x0000000063edf000 	C:\Program Files\Exelis\IDL83\bin\bin.x86_64\jre\bin\verify.dll
0x0000000063ea0000 - 0x0000000063ec8000 	C:\Program Files\Exelis\IDL83\bin\bin.x86_64\jre\bin\java.dll
0x0000000063e80000 - 0x0000000063e95000 	C:\Program Files\Exelis\IDL83\bin\bin.x86_64\jre\bin\zip.dll
0x00007ff9b19d0000 - 0x00007ff9b19eb000 	C:\WINDOWS\SYSTEM32\CRYPTSP.dll
0x00007ff9b1230000 - 0x00007ff9b1265000 	C:\WINDOWS\system32\rsaenh.dll
0x00007ff9b1830000 - 0x00007ff9b185c000 	C:\WINDOWS\SYSTEM32\USERENV.dll
0x00007ff9b2150000 - 0x00007ff9b2176000 	C:\WINDOWS\SYSTEM32\profapi.dll
0x00007ff9b1bd0000 - 0x00007ff9b1bf8000 	C:\WINDOWS\SYSTEM32\bcrypt.dll
0x00007ff9b2b10000 - 0x00007ff9b2b8a000 	C:\WINDOWS\System32\bcryptprimitives.dll
0x00007ff9b19c0000 - 0x00007ff9b19cc000 	C:\WINDOWS\SYSTEM32\CRYPTBASE.dll
0x0000000063e60000 - 0x0000000063e79000 	C:\Program Files\Exelis\IDL83\bin\bin.x86_64\jre\bin\net.dll
0x00007ff9b1750000 - 0x00007ff9b17b9000 	C:\WINDOWS\system32\mswsock.dll
0x00007ff997d40000 - 0x00007ff997d57000 	C:\WINDOWS\system32\napinsp.dll
0x00007ff98c180000 - 0x00007ff98c19b000 	C:\WINDOWS\system32\pnrpnsp.dll
0x00007ff9b0d90000 - 0x00007ff9b0e89000 	C:\WINDOWS\SYSTEM32\DNSAPI.dll
0x00007ff9b0d60000 - 0x00007ff9b0d8d000 	C:\WINDOWS\SYSTEM32\IPHLPAPI.DLL
0x00007ff9b3150000 - 0x00007ff9b3159000 	C:\WINDOWS\System32\NSI.dll
0x00007ff98bd00000 - 0x00007ff98bd11000 	C:\WINDOWS\System32\winrnr.dll
0x00007ff9a7910000 - 0x00007ff9a7925000 	C:\WINDOWS\system32\wshbth.dll
0x00007ff98b9e0000 - 0x00007ff98ba01000 	C:\WINDOWS\system32\nlansp_c.dll
0x00007ff9a6110000 - 0x00007ff9a611a000 	C:\Windows\System32\rasadhlp.dll
0x00007ff9a6000000 - 0x00007ff9a6083000 	C:\WINDOWS\System32\fwpuclnt.dll
0x0000000063e40000 - 0x0000000063e51000 	C:\Program Files\Exelis\IDL83\bin\bin.x86_64\jre\bin\nio.dll
0x00007ff9ae370000 - 0x00007ff9ae41b000 	C:\WINDOWS\system32\uxtheme.dll
0x00007ff9b45c0000 - 0x00007ff9b4949000 	C:\WINDOWS\System32\combase.dll
0x00007ff9b4470000 - 0x00007ff9b45c0000 	C:\WINDOWS\System32\MSCTF.dll
0x00007ff9b12e0000 - 0x00007ff9b12f8000 	C:\WINDOWS\SYSTEM32\kernel.appcore.dll
0x00007ff9a7c80000 - 0x00007ff9a7dca000 	C:\WINDOWS\SYSTEM32\textinputframework.dll
0x00007ff9b3980000 - 0x00007ff9b3a57000 	C:\WINDOWS\System32\OLEAUT32.dll
0x00007ff9aca40000 - 0x00007ff9acb73000 	C:\WINDOWS\SYSTEM32\CoreMessaging.dll
0x00007ff9aa340000 - 0x00007ff9aa6ac000 	C:\WINDOWS\SYSTEM32\CoreUIComponents.dll
0x00007ff9affc0000 - 0x00007ff9b00fe000 	C:\WINDOWS\SYSTEM32\wintypes.dll
0x00007ff989700000 - 0x00007ff989769000 	C:\WINDOWS\system32\Oleacc.dll
0x00000000168c0000 - 0x0000000016967000 	C:\Users\77957\.idl\idlworkbench-config-idl8.3.0_x86_64\org.eclipse.osgi\bundles\530\1\.cp\swt-win32-3740.dll
0x00007ff9b31a0000 - 0x00007ff9b3340000 	C:\WINDOWS\System32\ole32.dll
0x00007ff9b37b0000 - 0x00007ff9b38a9000 	C:\WINDOWS\System32\comdlg32.dll
0x00007ff9b4c60000 - 0x00007ff9b4d53000 	C:\WINDOWS\System32\shcore.dll
0x00007ff9b4a70000 - 0x00007ff9b4ace000 	C:\WINDOWS\System32\SHLWAPI.dll
0x00007ff9b3af0000 - 0x00007ff9b434a000 	C:\WINDOWS\System32\SHELL32.dll
0x00007ff9b29a0000 - 0x00007ff9b2b06000 	C:\WINDOWS\System32\CRYPT32.dll
0x00007ff988da0000 - 0x00007ff988db9000 	C:\WINDOWS\SYSTEM32\USP10.dll
0x00007ff990ec0000 - 0x00007ff990f68000 	C:\WINDOWS\SYSTEM32\WINSPOOL.DRV
0x00007ff996a60000 - 0x00007ff996f54000 	C:\WINDOWS\SYSTEM32\WININET.dll
0x00007ff9ae520000 - 0x00007ff9ae621000 	C:\WINDOWS\SYSTEM32\propsys.dll
0x00007ff9b49b0000 - 0x00007ff9b4a60000 	C:\WINDOWS\System32\clbcatq.dll
0x00007ff9b0100000 - 0x00007ff9b09f6000 	C:\WINDOWS\system32\windows.storage.dll
0x0000000016e00000 - 0x0000000016e1e000 	C:\Users\77957\.idl\idlworkbench-config-idl8.3.0_x86_64\org.eclipse.osgi\bundles\530\1\.cp\swt-gdip-win32-3740.dll
0x00007ff990ff0000 - 0x00007ff9911a9000 	C:\WINDOWS\WinSxS\amd64_microsoft.windows.gdiplus_6595b64144ccf1df_1.1.22621.2506_none_57f74dcece1b5ace\gdiplus.dll
0x00007ff9ac0a0000 - 0x00007ff9ac250000 	C:\WINDOWS\SYSTEM32\WindowsCodecs.dll
0x0000000180000000 - 0x0000000180011000 	C:\Users\77957\.idl\idlworkbench-config-idl8.3.0_x86_64\org.eclipse.osgi\bundles\183\1\.cp\os\win32\x86_64\localfile_1_0_0.dll
0x00007ff997cf0000 - 0x00007ff997d3d000 	C:\Program Files\Exelis\IDL83\bin\bin.x86_64\idl_ips.dll
0x00007ff93f250000 - 0x00007ff93ffad000 	C:\Program Files\Exelis\IDL83\bin\bin.x86_64\idl.dll
0x00007ff98ece0000 - 0x00007ff98ed3c000 	C:\Program Files\Exelis\IDL83\bin\bin.x86_64\MesaGLU6_2.dll
0x00007ff997cc0000 - 0x00007ff997ce3000 	C:\Program Files\Exelis\IDL83\bin\bin.x86_64\UG3220.dll
0x00007ff96fb10000 - 0x00007ff96fc9e000 	C:\Program Files\Exelis\IDL83\bin\bin.x86_64\MesaGL6_2.dll
0x00007ff9accf0000 - 0x00007ff9accfc000 	C:\Program Files\Exelis\IDL83\bin\bin.x86_64\osmesa6_2.dll
0x00007ff995b60000 - 0x00007ff995b79000 	C:\WINDOWS\SYSTEM32\NETAPI32.dll
0x00007ff990fd0000 - 0x00007ff990fd7000 	C:\WINDOWS\SYSTEM32\MSIMG32.dll
0x00007ff98d100000 - 0x00007ff98d17c000 	C:\Program Files\Exelis\IDL83\bin\bin.x86_64\freetype2_4_7.dll
0x00007ff9b1540000 - 0x00007ff9b1582000 	C:\WINDOWS\SYSTEM32\SspiCli.dll
0x00007ff9aace0000 - 0x00007ff9aacf9000 	C:\WINDOWS\SYSTEM32\dhcpcsvc6.DLL
0x00007ff9aac40000 - 0x00007ff9aac5f000 	C:\WINDOWS\SYSTEM32\dhcpcsvc.DLL
0x00007ff975ff0000 - 0x00007ff97602e000 	C:\WINDOWS\system32\spool\DRIVERS\x64\3\kvpui64.dll
0x00007ff96b940000 - 0x00007ff96bbec000 	C:\WINDOWS\system32\spool\DRIVERS\x64\3\kvpdrv64.dll
0x00007ff9a4a80000 - 0x00007ff9a4b3c000 	C:\WINDOWS\SYSTEM32\mscms.dll
0x00007ff98ab90000 - 0x00007ff98abd9000 	C:\WINDOWS\SYSTEM32\icm32.dll
0x00007ff996960000 - 0x00007ff996a60000 	C:\WINDOWS\SYSTEM32\OpenGL32.DLL
0x00007ff997db0000 - 0x00007ff997ddd000 	C:\WINDOWS\SYSTEM32\GLU32.dll
0x00007ff9af920000 - 0x00007ff9af956000 	C:\WINDOWS\SYSTEM32\dxcore.dll
0x00007ff98d0c0000 - 0x00007ff98d0fe000 	C:\Program Files\Exelis\IDL83\bin\bin.x86_64\gl_driver.dll
0x0000000015330000 - 0x0000000015333000 	C:\WINDOWS\SYSTEM32\icmp.Dll
0x00007ff982020000 - 0x00007ff9820d0000 	C:\WINDOWS\SYSTEM32\TextShaping.dll
0x00007ff988ef0000 - 0x00007ff989199000 	C:\WINDOWS\system32\explorerframe.dll
0x00007ff9892d0000 - 0x00007ff98932e000 	C:\WINDOWS\system32\dataexchange.dll
0x00007ff9a8860000 - 0x00007ff9a8ae5000 	C:\WINDOWS\system32\twinapi.appcore.dll
0x00007ff97c5e0000 - 0x00007ff97c622000 	C:\WINDOWS\system32\mlang.dll
0x00007ff9b2090000 - 0x00007ff9b2133000 	C:\WINDOWS\SYSTEM32\sxs.dll
0x00007ff9a95a0000 - 0x00007ff9a95b1000 	C:\Users\77957\.idl\idlworkbench-config-idl8.3.0_x86_64\org.eclipse.osgi\bundles\208\1\.cp\jWinHttp-1.0.0.dll
0x00007ff9ab760000 - 0x00007ff9ab897000 	C:\WINDOWS\SYSTEM32\WINHTTP.dll
0x00007ff9af8a0000 - 0x00007ff9af8cb000 	C:\WINDOWS\system32\dwmapi.dll
0x00007ff98a350000 - 0x00007ff98a842000 	C:\WINDOWS\system32\windowsudk.shellcommon.dll
0x00007ff9ab670000 - 0x00007ff9ab6a7000 	C:\WINDOWS\system32\XmlLite.dll
0x00007ff98a910000 - 0x00007ff98aa84000 	C:\Windows\System32\Windows.UI.dll
0x00007ff982ce0000 - 0x00007ff982e55000 	C:\Windows\System32\Windows.UI.Immersive.dll
0x00007ff980510000 - 0x00007ff98057b000 	C:\Windows\System32\thumbcache.dll
0x00007ff9b10a0000 - 0x00007ff9b10ac000 	C:\WINDOWS\system32\Secur32.dll
0x00007ff986d30000 - 0x00007ff986dd5000 	C:\Windows\System32\Windows.FileExplorer.Common.dll
0x00007ff9a4e00000 - 0x00007ff9a4e0e000 	C:\WINDOWS\SYSTEM32\atlthunk.dll
0x00007ff9b1ee0000 - 0x00007ff9b1f2e000 	C:\WINDOWS\system32\CFGMGR32.dll
0x00007ff9ad570000 - 0x00007ff9ad603000 	C:\Windows\System32\msvcp110_win.dll
0x00007ff9a2320000 - 0x00007ff9a233e000 	C:\WINDOWS\system32\MPR.dll
0x00007ff996390000 - 0x00007ff9963b9000 	C:\WINDOWS\System32\p9np.dll
0x00007ff9a5210000 - 0x00007ff9a521c000 	C:\WINDOWS\System32\drprov.dll
0x00007ff996400000 - 0x00007ff996419000 	C:\WINDOWS\System32\ntlanman.dll
0x00007ff996370000 - 0x00007ff99638f000 	C:\WINDOWS\System32\davclnt.dll
0x00007ff9b0ca0000 - 0x00007ff9b0d06000 	C:\WINDOWS\System32\WINSTA.dll
0x00007ff9a93f0000 - 0x00007ff9a940a000 	C:\WINDOWS\System32\wkscli.dll
0x00007ff98b800000 - 0x00007ff98b812000 	C:\WINDOWS\SYSTEM32\cscapi.dll
0x00007ff9b0c20000 - 0x00007ff9b0c2c000 	C:\WINDOWS\System32\netutils.dll
0x00007ff940b30000 - 0x00007ff940b87000 	C:\Windows\System32\dlnashext.dll
0x00007ff986c10000 - 0x00007ff986c3d000 	C:\Windows\System32\cldapi.dll
0x00007ff976180000 - 0x00007ff9761e9000 	C:\Windows\System32\PlayToDevice.dll
0x00007ff9a1850000 - 0x00007ff9a1871000 	C:\Windows\System32\DevDispItemProvider.dll

VM Arguments:
jvm_args: -Dosgi.instance.area.default=@user.home/IDLWorkspace83 -Dosgi.configuration.area=@user.home/.idl/idlworkbench-config-idl8.3.0_x86_64 -Dosgi.configuration.cascaded=true -Dosgi.checkConfiguration=true -Dosgi.sharedConfiguration.area.readOnly=true -Dorg.eclipse.update.reconcile=false -Declipse.p2.data.area=@config.dir/p2 -Dosgi.sharedConfiguration.area=C:\Program Files\Exelis\IDL83\bin\bin.x86_64/configuration 
java_command: <unknown>
Launcher Type: generic

Environment Variables:
PATH=C:/Program Files/Exelis/IDL83/bin/bin.x86_64/jre/bin/server;C:/Program Files/Exelis/IDL83/bin/bin.x86_64/jre/bin;C:/Program Files/Exelis/IDL83/bin/bin.x86_64/jre/lib/amd64;C:\Program Files\Exelis\IDL83\bin\bin.x86_64\;C:\WINDOWS\system32;C:\WINDOWS;C:\WINDOWS\System32\Wbem;C:\WINDOWS\System32\WindowsPowerShell\v1.0\;C:\WINDOWS\System32\OpenSSH\;C:\Users\77957\AppData\Local\Programs\Python\Python38;C:\Users\77957\AppData\Local\Programs\Python\Python38\Scripts;C:\Users\77957\AppData\Local\Microsoft\WindowsApps;C:\Program Files\JetBrains\PyCharm 2023.1\bin;;C:\Users\77957\AppData\Local\Programs\Python\Python38;;C:\Program Files\Exelis\IDL83\bin\bin.x86_64;
USERNAME=77957
OS=Windows_NT
PROCESSOR_IDENTIFIER=Intel64 Family 6 Model 140 Stepping 1, GenuineIntel



---------------  S Y S T E M  ---------------

OS: Windows 8 , 64 bit Build 9200 

CPU:total 8 (4 cores per cpu, 2 threads per core) family 6 model 140 stepping 1, cmov, cx8, fxsr, mmx, sse, sse2, sse3, ssse3, sse4.1, sse4.2, popcnt, avx, avx2, ht, tsc, tscinvbit

Memory: 4k page, physical 16607280k(4476316k free), swap 17655856k(2343544k free)

vm_info: Java HotSpot(TM) 64-Bit Server VM (23.25-b01) for windows-amd64 JRE (1.7.0_25-b17), built on Jun 21 2013 12:58:32 by "java_re" with unknown MS VC++:1600

time: Sat Dec 16 12:51:43 2023
elapsed time: 3130 seconds

