#
# A fatal error has been detected by the Java Runtime Environment:
#
#  EXCEPTION_ACCESS_VIOLATION (0xc0000005) at pc=0x00007ffefcdab9cf, pid=25416, tid=26448
#
# JRE version: 7.0_25-b17
# Java VM: Java HotSpot(TM) 64-Bit Server VM (23.25-b01 mixed mode windows-amd64 compressed oops)
# Problematic frame:
# C  0x00007ffefcdab9cf  RegisterProcTableCallback+0x54b20f
#
# Failed to write core dump. Minidumps are not enabled by default on client versions of Windows
#
# If you would like to submit a bug report, please visit:
#   http://bugreport.sun.com/bugreport/crash.jsp
# The crash happened outside the Java Virtual Machine in native code.
# See problematic frame for where to report the bug.
#

---------------  T H R E A D  ---------------

Current thread (0x000000001325a800):  JavaThread "IDL" [_thread_in_native, id=26448, stack(0x00000000184f0000,0x00000000185f0000)]

siginfo: ExceptionCode=0xc0000005, reading address 0x0000000000000035

Registers:
RAX=0x0000000000000001, RBX=0x000000001663f858, RCX=0x000000001663f888, RDX=0x000000001663f858
RSP=0x00000000185e0020, RBP=0x00000000185e0120, RSI=0x00000000185e0080, RDI=0x000000000000000a
R8 =0x0000000000000001, R9 =0x000000001663f858, R10=0x000000001663f878, R11=0x00000000185e0040
R12=0x00007ffefd1f9920, R13=0x000000001698bc90, R14=0x0000000000000003, R15=0x000000000000000b
RIP=0x00007ffefcdab9cf, EFLAGS=0x0000000000010206

Top of Stack: (sp=0x00000000185e0020)
0x00000000185e0020:   0000d3829f8e4617 0000000000000001
0x00000000185e0030:   000000001663f4a0 0000000000000000
0x00000000185e0040:   000000001663f858 00007ffefc321b34
0x00000000185e0050:   00000000185e0120 00000000185e0130
0x00000000185e0060:   0000000000000000 000000001663f858
0x00000000185e0070:   000000001663f868 000000001663f878
0x00000000185e0080:   000000001663f888 000000001663f898
0x00000000185e0090:   000000001663f8a8 000000001663f8b8
0x00000000185e00a0:   0000000000000000 0000000000000000
0x00000000185e00b0:   0000000000000000 0000000000000000
0x00000000185e00c0:   0000000000000000 0000000000000000
0x00000000185e00d0:   0000000000000000 00007ffe0000000a
0x00000000185e00e0:   000000001663f858 00007ffefc82692c
0x00000000185e00f0:   000000001663f4a0 000000001663f4a0
0x00000000185e0100:   000000001663f858 0000000000000000
0x00000000185e0110:   0000000000000012 00007ffe00000007 

Instructions: (pc=0x00007ffefcdab9cf)
0x00007ffefcdab9af:   48 8d 74 24 30 44 8b f7 66 0f 1f 84 00 00 00 00
0x00007ffefcdab9bf:   00 48 8b 0e 48 85 c9 0f 84 8e 00 00 00 48 8b 01
0x00007ffefcdab9cf:   80 78 34 00 74 0a 48 8b 41 08 80 78 34 00 75 7b
0x00007ffefcdab9df:   41 8b d7 4c 8d 4c 24 20 48 c1 e2 04 4c 8d 45 d0 


Register to memory mapping:

RAX=0x0000000000000001 is an unknown value
RBX=0x000000001663f858 is an unknown value
RCX=0x000000001663f888 is an unknown value
RDX=0x000000001663f858 is an unknown value
RSP=0x00000000185e0020 is pointing into the stack for thread: 0x000000001325a800
RBP=0x00000000185e0120 is pointing into the stack for thread: 0x000000001325a800
RSI=0x00000000185e0080 is pointing into the stack for thread: 0x000000001325a800
RDI=0x000000000000000a is an unknown value
R8 =0x0000000000000001 is an unknown value
R9 =0x000000001663f858 is an unknown value
R10=0x000000001663f878 is an unknown value
R11=0x00000000185e0040 is pointing into the stack for thread: 0x000000001325a800
R12=0x00007ffefd1f9920 is an unknown value
R13=0x000000001698bc90 is an unknown value
R14=0x0000000000000003 is an unknown value
R15=0x000000000000000b is an unknown value


Stack: [0x00000000184f0000,0x00000000185f0000],  sp=0x00000000185e0020,  free space=960k
Native frames: (J=compiled Java code, j=interpreted, Vv=VM code, C=native code)
C  0x00007ffefcdab9cf  RegisterProcTableCallback+0x54b20f

Java frames: (J=compiled Java code, j=interpreted, Vv=VM code)
j  com.rsi.idldt.core.ips.IPS_Access.IPS_Start([Ljava/lang/String;)V+0
j  com.rsi.idldt.core.ips.IPS_Manager$2.run()V+15
j  java.lang.Thread.run()V+11
v  ~StubRoutines::call_stub

---------------  P R O C E S S  ---------------

Java Threads: ( => current thread )
  0x000000001c363000 JavaThread "Worker-41" [_thread_blocked, id=26540, stack(0x000000001cd10000,0x000000001ce10000)]
  0x000000001c362800 JavaThread "Worker-40" [_thread_blocked, id=7008, stack(0x00000000187c0000,0x00000000188c0000)]
  0x000000001c360000 JavaThread "Worker-39" [_thread_blocked, id=26288, stack(0x0000000014a70000,0x0000000014b70000)]
  0x000000001c35a000 JavaThread "Worker-38" [_thread_blocked, id=18032, stack(0x0000000014970000,0x0000000014a70000)]
  0x000000001c361800 JavaThread "Worker-37" [_thread_blocked, id=25236, stack(0x00000000190c0000,0x00000000191c0000)]
  0x000000001c355000 JavaThread "Worker-35" [_thread_blocked, id=5084, stack(0x0000000016d90000,0x0000000016e90000)]
  0x000000001c35b000 JavaThread "Worker-30" [_thread_blocked, id=21676, stack(0x0000000019690000,0x0000000019790000)]
  0x00000000177bd000 JavaThread "Timer-2" daemon [_thread_blocked, id=25176, stack(0x000000001a350000,0x000000001a450000)]
  0x00000000177bc800 JavaThread "Timer-1" daemon [_thread_blocked, id=18984, stack(0x000000001a4f0000,0x000000001a5f0000)]
  0x00000000177b2800 JavaThread "Thread-15" [_thread_in_native, id=7240, stack(0x000000001a250000,0x000000001a350000)]
  0x00000000177b8800 JavaThread "IDLDT DOM Worker-7" [_thread_blocked, id=14560, stack(0x0000000019f90000,0x000000001a090000)]
  0x00000000177bb000 JavaThread "IDLDT DOM Worker-6" [_thread_blocked, id=24948, stack(0x0000000019e90000,0x0000000019f90000)]
  0x00000000177b1000 JavaThread "IDLDT DOM Worker-5" [_thread_blocked, id=22948, stack(0x0000000019d90000,0x0000000019e90000)]
  0x00000000177b2000 JavaThread "IDLDT DOM Worker-4" [_thread_blocked, id=23644, stack(0x0000000019c90000,0x0000000019d90000)]
  0x00000000177b8000 JavaThread "IDLDT DOM Worker-3" [_thread_blocked, id=14400, stack(0x0000000019b90000,0x0000000019c90000)]
  0x00000000177b5800 JavaThread "IDLDT DOM Worker-2" [_thread_blocked, id=25044, stack(0x0000000019a90000,0x0000000019b90000)]
  0x00000000177b6800 JavaThread "IDLDT DOM Worker-1" [_thread_blocked, id=20980, stack(0x0000000019990000,0x0000000019a90000)]
  0x00000000177b4000 JavaThread "IDLDT DOM Worker-0" [_thread_blocked, id=25184, stack(0x0000000019890000,0x0000000019990000)]
  0x00000000177b0800 JavaThread "Timer-0" daemon [_thread_blocked, id=25164, stack(0x0000000019790000,0x0000000019890000)]
=>0x000000001325a800 JavaThread "IDL" [_thread_in_native, id=26448, stack(0x00000000184f0000,0x00000000185f0000)]
  0x000000001325a000 JavaThread "IDLToJava Broker" daemon [_thread_blocked, id=26444, stack(0x0000000018380000,0x0000000018480000)]
  0x0000000013258800 JavaThread "Provisioning Event Dispatcher" daemon [_thread_blocked, id=26400, stack(0x0000000016e90000,0x0000000016f90000)]
  0x000000001325f000 JavaThread "[ThreadPool Manager] - Idle Thread" daemon [_thread_blocked, id=26392, stack(0x0000000016c90000,0x0000000016d90000)]
  0x0000000013259000 JavaThread "Bundle File Closer" daemon [_thread_blocked, id=26364, stack(0x0000000016b90000,0x0000000016c90000)]
  0x000000001325e800 JavaThread "Worker-JM" [_thread_blocked, id=26332, stack(0x0000000016990000,0x0000000016a90000)]
  0x000000001325d000 JavaThread "[Timer] - Main Queue Handler" daemon [_thread_blocked, id=26312, stack(0x0000000016490000,0x0000000016590000)]
  0x000000001576d000 JavaThread "Framework Event Dispatcher" daemon [_thread_blocked, id=26300, stack(0x0000000016290000,0x0000000016390000)]
  0x00000000132a0800 JavaThread "Start Level Event Dispatcher" daemon [_thread_blocked, id=26296, stack(0x0000000016190000,0x0000000016290000)]
  0x000000001576a000 JavaThread "State Data Manager" daemon [_thread_blocked, id=26284, stack(0x0000000015f90000,0x0000000016090000)]
  0x000000001340d000 JavaThread "Framework Active Thread" [_thread_blocked, id=26280, stack(0x0000000015e90000,0x0000000015f90000)]
  0x0000000010d0c800 JavaThread "Service Thread" daemon [_thread_blocked, id=25628, stack(0x00000000134d0000,0x00000000135d0000)]
  0x0000000010d0a000 JavaThread "C2 CompilerThread1" daemon [_thread_blocked, id=25624, stack(0x0000000012fd0000,0x00000000130d0000)]
  0x0000000010d05000 JavaThread "C2 CompilerThread0" daemon [_thread_blocked, id=25620, stack(0x0000000012ed0000,0x0000000012fd0000)]
  0x0000000010cd3800 JavaThread "Attach Listener" daemon [_thread_blocked, id=25616, stack(0x0000000012dd0000,0x0000000012ed0000)]
  0x0000000010cd2800 JavaThread "Signal Dispatcher" daemon [_thread_blocked, id=25612, stack(0x0000000012cd0000,0x0000000012dd0000)]
  0x0000000010c70800 JavaThread "Finalizer" daemon [_thread_blocked, id=25608, stack(0x0000000012bd0000,0x0000000012cd0000)]
  0x0000000010c69000 JavaThread "Reference Handler" daemon [_thread_blocked, id=25604, stack(0x0000000012ad0000,0x0000000012bd0000)]
  0x0000000002150800 JavaThread "main" [_thread_in_native, id=25396, stack(0x0000000000050000,0x0000000000150000)]

Other Threads:
  0x0000000010c66000 VMThread [stack: 0x00000000129d0000,0x0000000012ad0000] [id=25120]
  0x0000000010d0d800 WatcherThread [stack: 0x00000000135d0000,0x00000000136d0000] [id=25632]

VM state:not at safepoint (normal execution)

VM Mutex/Monitor currently owned by a thread: None

Heap
 PSYoungGen      total 152640K, used 8777K [0x00000007accb0000, 0x00000007b8530000, 0x0000000800000000)
  eden space 151808K, 5% used [0x00000007accb0000,0x00000007ad542518,0x00000007b60f0000)
  from space 832K, 0% used [0x00000007b60f0000,0x00000007b60f0000,0x00000007b61c0000)
  to   space 18560K, 0% used [0x00000007b7310000,0x00000007b7310000,0x00000007b8530000)
 ParOldGen       total 170368K, used 69682K [0x0000000706600000, 0x0000000710c60000, 0x00000007accb0000)
  object space 170368K, 40% used [0x0000000706600000,0x000000070aa0c898,0x0000000710c60000)
 PSPermGen       total 47744K, used 47350K [0x0000000701400000, 0x00000007042a0000, 0x0000000706600000)
  object space 47744K, 99% used [0x0000000701400000,0x000000070423d928,0x00000007042a0000)

Card table byte_map: [0x0000000005690000,0x0000000005e90000] byte_map_base: 0x0000000001e86000

Polling page: 0x0000000002110000

Code Cache  [0x00000000025d0000, 0x0000000002c30000, 0x00000000055d0000)
 total_blobs=2467 nmethods=1807 adapters=609 free_code_cache=42713Kb largest_free_block=43647872

Compilation events (10 events):
Event: 3247.781 Thread 0x0000000010d05000 2026             org.eclipse.swt.widgets.RunnableLock::<init> (10 bytes)
Event: 3247.782 Thread 0x0000000010d05000 nmethod 2026 0x0000000002b67a10 code [0x0000000002b67b40, 0x0000000002b67bb8]
Event: 3248.283 Thread 0x0000000010d0a000 2027             org.eclipse.jface.action.ActionContributionItem::update (1293 bytes)
Event: 3248.325 Thread 0x0000000010d0a000 nmethod 2027 0x0000000002c28850 code [0x0000000002c28d60, 0x0000000002c2bbe0]
Event: 3253.793 Thread 0x0000000010d05000 2028             org.eclipse.jface.text.AbstractDocument::getPositions (58 bytes)
Event: 3253.798 Thread 0x0000000010d05000 nmethod 2028 0x0000000002a2d950 code [0x0000000002a2dac0, 0x0000000002a2dfb8]
Event: 3263.977 Thread 0x0000000010d0a000 2029             org.eclipse.ui.internal.contexts.ContextAuthority::activateContext (231 bytes)
Event: 3263.991 Thread 0x0000000010d0a000 nmethod 2029 0x0000000002c26690 code [0x0000000002c268e0, 0x0000000002c278d8]
Event: 3265.113 Thread 0x0000000010d05000 2030             org.eclipse.core.internal.jobs.JobListeners$4::notify (8 bytes)
Event: 3265.113 Thread 0x0000000010d05000 nmethod 2030 0x0000000002b677d0 code [0x0000000002b67920, 0x0000000002b67998]

GC Heap History (10 events):
Event: 3198.486 GC heap before
{Heap before GC invocations=119 (full 51):
 PSYoungGen      total 179456K, used 6264K [0x00000007accb0000, 0x00000007b8e70000, 0x0000000800000000)
  eden space 163200K, 0% used [0x00000007accb0000,0x00000007accb0000,0x00000007b6c10000)
  from space 16256K, 38% used [0x00000007b7e90000,0x00000007b84ae230,0x00000007b8e70000)
  to   space 17600K, 0% used [0x00000007b6c10000,0x00000007b6c10000,0x00000007b7d40000)
 ParOldGen       total 170368K, used 101759K [0x0000000706600000, 0x0000000710c60000, 0x00000007accb0000)
  object space 170368K, 59% used [0x0000000706600000,0x000000070c95ffd8,0x0000000710c60000)
 PSPermGen       total 47424K, used 47292K [0x0000000701400000, 0x0000000704250000, 0x0000000706600000)
  object space 47424K, 99% used [0x0000000701400000,0x000000070422f260,0x0000000704250000)
Event: 3198.578 GC heap after
Heap after GC invocations=119 (full 51):
 PSYoungGen      total 179456K, used 0K [0x00000007accb0000, 0x00000007b8e70000, 0x0000000800000000)
  eden space 163200K, 0% used [0x00000007accb0000,0x00000007accb0000,0x00000007b6c10000)
  from space 16256K, 0% used [0x00000007b7e90000,0x00000007b7e90000,0x00000007b8e70000)
  to   space 17600K, 0% used [0x00000007b6c10000,0x00000007b6c10000,0x00000007b7d40000)
 ParOldGen       total 170368K, used 69637K [0x0000000706600000, 0x0000000710c60000, 0x00000007accb0000)
  object space 170368K, 40% used [0x0000000706600000,0x000000070aa014d8,0x0000000710c60000)
 PSPermGen       total 47936K, used 47292K [0x0000000701400000, 0x00000007042d0000, 0x0000000706600000)
  object space 47936K, 98% used [0x0000000701400000,0x000000070422f0e0,0x00000007042d0000)
}
Event: 3213.816 GC heap before
{Heap before GC invocations=120 (full 51):
 PSYoungGen      total 179456K, used 163200K [0x00000007accb0000, 0x00000007b8e70000, 0x0000000800000000)
  eden space 163200K, 100% used [0x00000007accb0000,0x00000007b6c10000,0x00000007b6c10000)
  from space 16256K, 0% used [0x00000007b7e90000,0x00000007b7e90000,0x00000007b8e70000)
  to   space 17600K, 0% used [0x00000007b6c10000,0x00000007b6c10000,0x00000007b7d40000)
 ParOldGen       total 170368K, used 69637K [0x0000000706600000, 0x0000000710c60000, 0x00000007accb0000)
  object space 170368K, 40% used [0x0000000706600000,0x000000070aa014d8,0x0000000710c60000)
 PSPermGen       total 47936K, used 47298K [0x0000000701400000, 0x00000007042d0000, 0x0000000706600000)
  object space 47936K, 98% used [0x0000000701400000,0x0000000704230b60,0x00000007042d0000)
Event: 3213.819 GC heap after
Heap after GC invocations=120 (full 51):
 PSYoungGen      total 168704K, used 11326K [0x00000007accb0000, 0x00000007b8a60000, 0x0000000800000000)
  eden space 157376K, 0% used [0x00000007accb0000,0x00000007accb0000,0x00000007b6660000)
  from space 11328K, 99% used [0x00000007b6c10000,0x00000007b771fbb8,0x00000007b7720000)
  to   space 18432K, 0% used [0x00000007b7860000,0x00000007b7860000,0x00000007b8a60000)
 ParOldGen       total 170368K, used 69637K [0x0000000706600000, 0x0000000710c60000, 0x00000007accb0000)
  object space 170368K, 40% used [0x0000000706600000,0x000000070aa014d8,0x0000000710c60000)
 PSPermGen       total 47936K, used 47298K [0x0000000701400000, 0x00000007042d0000, 0x0000000706600000)
  object space 47936K, 98% used [0x0000000701400000,0x0000000704230b60,0x00000007042d0000)
}
Event: 3215.186 GC heap before
{Heap before GC invocations=121 (full 51):
 PSYoungGen      total 168704K, used 168694K [0x00000007accb0000, 0x00000007b8a60000, 0x0000000800000000)
  eden space 157376K, 99% used [0x00000007accb0000,0x00000007b665dea0,0x00000007b6660000)
  from space 11328K, 99% used [0x00000007b6c10000,0x00000007b771fbb8,0x00000007b7720000)
  to   space 18432K, 0% used [0x00000007b7860000,0x00000007b7860000,0x00000007b8a60000)
 ParOldGen       total 170368K, used 69637K [0x0000000706600000, 0x0000000710c60000, 0x00000007accb0000)
  object space 170368K, 40% used [0x0000000706600000,0x000000070aa014d8,0x0000000710c60000)
 PSPermGen       total 47936K, used 47305K [0x0000000701400000, 0x00000007042d0000, 0x0000000706600000)
  object space 47936K, 98% used [0x0000000701400000,0x0000000704232530,0x00000007042d0000)
Event: 3215.189 GC heap after
Heap after GC invocations=121 (full 51):
 PSYoungGen      total 165184K, used 10390K [0x00000007accb0000, 0x00000007b8570000, 0x0000000800000000)
  eden space 151808K, 0% used [0x00000007accb0000,0x00000007accb0000,0x00000007b60f0000)
  from space 13376K, 77% used [0x00000007b7860000,0x00000007b8285be8,0x00000007b8570000)
  to   space 18688K, 0% used [0x00000007b60f0000,0x00000007b60f0000,0x00000007b7330000)
 ParOldGen       total 170368K, used 70197K [0x0000000706600000, 0x0000000710c60000, 0x00000007accb0000)
  object space 170368K, 41% used [0x0000000706600000,0x000000070aa8d4d8,0x0000000710c60000)
 PSPermGen       total 47936K, used 47305K [0x0000000701400000, 0x00000007042d0000, 0x0000000706600000)
  object space 47936K, 98% used [0x0000000701400000,0x0000000704232530,0x00000007042d0000)
}
Event: 3259.202 GC heap before
{Heap before GC invocations=122 (full 51):
 PSYoungGen      total 165184K, used 104167K [0x00000007accb0000, 0x00000007b8570000, 0x0000000800000000)
  eden space 151808K, 61% used [0x00000007accb0000,0x00000007b2844200,0x00000007b60f0000)
  from space 13376K, 77% used [0x00000007b7860000,0x00000007b8285be8,0x00000007b8570000)
  to   space 18688K, 0% used [0x00000007b60f0000,0x00000007b60f0000,0x00000007b7330000)
 ParOldGen       total 170368K, used 70197K [0x0000000706600000, 0x0000000710c60000, 0x00000007accb0000)
  object space 170368K, 41% used [0x0000000706600000,0x000000070aa8d4d8,0x0000000710c60000)
 PSPermGen       total 47936K, used 47348K [0x0000000701400000, 0x00000007042d0000, 0x0000000706600000)
  object space 47936K, 98% used [0x0000000701400000,0x000000070423d200,0x00000007042d0000)
Event: 3259.205 GC heap after
Heap after GC invocations=122 (full 51):
 PSYoungGen      total 152640K, used 817K [0x00000007accb0000, 0x00000007b8530000, 0x0000000800000000)
  eden space 151808K, 0% used [0x00000007accb0000,0x00000007accb0000,0x00000007b60f0000)
  from space 832K, 98% used [0x00000007b60f0000,0x00000007b61bc4e0,0x00000007b61c0000)
  to   space 18560K, 0% used [0x00000007b7310000,0x00000007b7310000,0x00000007b8530000)
 ParOldGen       total 170368K, used 80116K [0x0000000706600000, 0x0000000710c60000, 0x00000007accb0000)
  object space 170368K, 47% used [0x0000000706600000,0x000000070b43d2f0,0x0000000710c60000)
 PSPermGen       total 47936K, used 47348K [0x0000000701400000, 0x00000007042d0000, 0x0000000706600000)
  object space 47936K, 98% used [0x0000000701400000,0x000000070423d200,0x00000007042d0000)
}
Event: 3259.205 GC heap before
{Heap before GC invocations=123 (full 52):
 PSYoungGen      total 152640K, used 817K [0x00000007accb0000, 0x00000007b8530000, 0x0000000800000000)
  eden space 151808K, 0% used [0x00000007accb0000,0x00000007accb0000,0x00000007b60f0000)
  from space 832K, 98% used [0x00000007b60f0000,0x00000007b61bc4e0,0x00000007b61c0000)
  to   space 18560K, 0% used [0x00000007b7310000,0x00000007b7310000,0x00000007b8530000)
 ParOldGen       total 170368K, used 80116K [0x0000000706600000, 0x0000000710c60000, 0x00000007accb0000)
  object space 170368K, 47% used [0x0000000706600000,0x000000070b43d2f0,0x0000000710c60000)
 PSPermGen       total 47936K, used 47348K [0x0000000701400000, 0x00000007042d0000, 0x0000000706600000)
  object space 47936K, 98% used [0x0000000701400000,0x000000070423d200,0x00000007042d0000)
Event: 3259.285 GC heap after
Heap after GC invocations=123 (full 52):
 PSYoungGen      total 152640K, used 0K [0x00000007accb0000, 0x00000007b8530000, 0x0000000800000000)
  eden space 151808K, 0% used [0x00000007accb0000,0x00000007accb0000,0x00000007b60f0000)
  from space 832K, 0% used [0x00000007b60f0000,0x00000007b60f0000,0x00000007b61c0000)
  to   space 18560K, 0% used [0x00000007b7310000,0x00000007b7310000,0x00000007b8530000)
 ParOldGen       total 170368K, used 69682K [0x0000000706600000, 0x0000000710c60000, 0x00000007accb0000)
  object space 170368K, 40% used [0x0000000706600000,0x000000070aa0c898,0x0000000710c60000)
 PSPermGen       total 47744K, used 47347K [0x0000000701400000, 0x00000007042a0000, 0x0000000706600000)
  object space 47744K, 99% used [0x0000000701400000,0x000000070423cf40,0x00000007042a0000)
}

Deoptimization events (10 events):
Event: 3171.899 Thread 0x0000000002150800 Uncommon trap -58 fr.pc 0x0000000002989148
Event: 3171.899 Thread 0x0000000002150800 Uncommon trap -58 fr.pc 0x0000000002b41fdc
Event: 3171.899 Thread 0x0000000002150800 Uncommon trap -58 fr.pc 0x0000000002989148
Event: 3171.899 Thread 0x0000000002150800 Uncommon trap -58 fr.pc 0x0000000002989148
Event: 3171.899 Thread 0x0000000002150800 Uncommon trap -58 fr.pc 0x0000000002b41fdc
Event: 3171.899 Thread 0x0000000002150800 Uncommon trap -58 fr.pc 0x0000000002b41fdc
Event: 3171.899 Thread 0x0000000002150800 Uncommon trap -58 fr.pc 0x0000000002b41fdc
Event: 3176.908 Thread 0x0000000002150800 Uncommon trap -83 fr.pc 0x0000000002bdf320
Event: 3212.297 Thread 0x000000001c355000 Uncommon trap -12 fr.pc 0x0000000002c015f8
Event: 3235.179 Thread 0x0000000002150800 Uncommon trap -83 fr.pc 0x0000000002bc7ea8

Internal exceptions (10 events):
Event: 105.135 Thread 0x0000000002150800 Implicit null exception at 0x00000000028e0083 to 0x00000000028e0168
Event: 108.118 Thread 0x0000000002150800 Implicit null exception at 0x0000000002a1660b to 0x0000000002a1664f
Event: 109.187 Thread 0x0000000002150800 Implicit null exception at 0x0000000002b37c0d to 0x0000000002b38f49
Event: 201.605 Thread 0x0000000002150800 Implicit null exception at 0x0000000002a34a1a to 0x0000000002a351bd
Event: 257.365 Thread 0x0000000002150800 Implicit null exception at 0x0000000002ae5e74 to 0x0000000002ae6db9
Event: 260.971 Thread 0x000000001c355000 Implicit null exception at 0x0000000002ab90fb to 0x0000000002ab91b9
Event: 260.971 Thread 0x000000001c355000 Implicit null exception at 0x0000000002a1922f to 0x0000000002a19271
Event: 484.330 Thread 0x0000000002150800 Implicit null exception at 0x000000000266c59a to 0x000000000266c789
Event: 697.671 Thread 0x0000000002150800 Implicit null exception at 0x0000000002b384e7 to 0x0000000002b3925d
Event: 3212.297 Thread 0x000000001c355000 Implicit null exception at 0x0000000002bfd864 to 0x0000000002c015a5

Events (10 events):
Event: 3265.042 Executing VM operation: RevokeBias
Event: 3265.042 Executing VM operation: RevokeBias done
Event: 3265.042 Executing VM operation: RevokeBias
Event: 3265.042 Executing VM operation: RevokeBias done
Event: 3265.042 Executing VM operation: RevokeBias
Event: 3265.042 Executing VM operation: RevokeBias done
Event: 3265.043 Executing VM operation: RevokeBias
Event: 3265.043 Executing VM operation: RevokeBias done
Event: 3265.043 Executing VM operation: RevokeBias
Event: 3265.043 Executing VM operation: RevokeBias done


Dynamic libraries:
0x0000000000400000 - 0x000000000040e000 	C:\Program Files\Exelis\IDL83\bin\bin.x86_64\idlde.exe
0x00007fff6c1f0000 - 0x00007fff6c3e5000 	C:\WINDOWS\SYSTEM32\ntdll.dll
0x00007fff6be10000 - 0x00007fff6becd000 	C:\WINDOWS\System32\KERNEL32.DLL
0x00007fff69c90000 - 0x00007fff69f58000 	C:\WINDOWS\System32\KERNELBASE.dll
0x00007fff671b0000 - 0x00007fff67240000 	C:\WINDOWS\SYSTEM32\apphelp.dll
0x00007fff6a7d0000 - 0x00007fff6a970000 	C:\WINDOWS\System32\USER32.dll
0x00007fff69fe0000 - 0x00007fff6a002000 	C:\WINDOWS\System32\win32u.dll
0x00007fff6c180000 - 0x00007fff6c1aa000 	C:\WINDOWS\System32\GDI32.dll
0x00007fff699d0000 - 0x00007fff69adb000 	C:\WINDOWS\System32\gdi32full.dll
0x00007fff69930000 - 0x00007fff699cd000 	C:\WINDOWS\System32\msvcp_win.dll
0x00007fff69b30000 - 0x00007fff69c30000 	C:\WINDOWS\System32\ucrtbase.dll
0x00007fff6c050000 - 0x00007fff6c0ee000 	C:\WINDOWS\System32\msvcrt.dll
0x00007fff59ef0000 - 0x00007fff5a18a000 	C:\WINDOWS\WinSxS\amd64_microsoft.windows.common-controls_6595b64144ccf1df_6.0.19041.844_none_ca00b6081b84eb1d\COMCTL32.dll
0x00007fff6b880000 - 0x00007fff6b8b0000 	C:\WINDOWS\System32\IMM32.DLL
0x0000000072000000 - 0x0000000072012000 	C:\Program Files\Exelis\IDL83\bin\bin.x86_64\plugins\org.eclipse.equinox.launcher.win32.win32.x86_64_1.1.100.v20110502\eclipse_1406.dll
0x00007fff6a430000 - 0x00007fff6a4dc000 	C:\WINDOWS\System32\ADVAPI32.dll
0x00007fff6b030000 - 0x00007fff6b0cb000 	C:\WINDOWS\System32\sechost.dll
0x00007fff6a4e0000 - 0x00007fff6a60b000 	C:\WINDOWS\System32\RPCRT4.dll
0x00007fff5aca0000 - 0x00007fff5acaa000 	C:\WINDOWS\SYSTEM32\VERSION.dll
0x0000000055f90000 - 0x000000005669f000 	C:\Program Files\Exelis\IDL83\bin\bin.x86_64\jre\bin\server\jvm.dll
0x00007fff6a970000 - 0x00007fff6a978000 	C:\WINDOWS\System32\PSAPI.DLL
0x00007fff58740000 - 0x00007fff58767000 	C:\WINDOWS\SYSTEM32\WINMM.dll
0x00007fff54850000 - 0x00007fff54859000 	C:\WINDOWS\SYSTEM32\WSOCK32.dll
0x00007fff6c0f0000 - 0x00007fff6c15b000 	C:\WINDOWS\System32\WS2_32.dll
0x00000000566f0000 - 0x00000000567c2000 	C:\WINDOWS\SYSTEM32\MSVCR100.dll
0x0000000057f60000 - 0x0000000057f6f000 	C:\Program Files\Exelis\IDL83\bin\bin.x86_64\jre\bin\verify.dll
0x0000000057f30000 - 0x0000000057f58000 	C:\Program Files\Exelis\IDL83\bin\bin.x86_64\jre\bin\java.dll
0x0000000057f10000 - 0x0000000057f25000 	C:\Program Files\Exelis\IDL83\bin\bin.x86_64\jre\bin\zip.dll
0x00007fff69270000 - 0x00007fff69288000 	C:\WINDOWS\SYSTEM32\CRYPTSP.dll
0x00007fff689e0000 - 0x00007fff68a14000 	C:\WINDOWS\system32\rsaenh.dll
0x00007fff6a170000 - 0x00007fff6a197000 	C:\WINDOWS\System32\bcrypt.dll
0x00007fff697f0000 - 0x00007fff6981e000 	C:\WINDOWS\SYSTEM32\USERENV.dll
0x00007fff69870000 - 0x00007fff6988f000 	C:\WINDOWS\SYSTEM32\profapi.dll
0x00007fff69f60000 - 0x00007fff69fe0000 	C:\WINDOWS\System32\bcryptprimitives.dll
0x00007fff69290000 - 0x00007fff6929c000 	C:\WINDOWS\SYSTEM32\CRYPTBASE.dll
0x00000000566d0000 - 0x00000000566e9000 	C:\Program Files\Exelis\IDL83\bin\bin.x86_64\jre\bin\net.dll
0x00007fff690a0000 - 0x00007fff6910a000 	C:\WINDOWS\system32\mswsock.dll
0x00007fff4ee90000 - 0x00007fff4eedb000 	C:\Program Files (x86)\Sangfor\SSL\ClientComponent\3_SangforNspX64.dll
0x00007fff6aa30000 - 0x00007fff6ab5a000 	C:\WINDOWS\System32\ole32.dll
0x00007fff6ab60000 - 0x00007fff6aeb5000 	C:\WINDOWS\System32\combase.dll
0x00007fff6a2b0000 - 0x00007fff6a37d000 	C:\WINDOWS\System32\OLEAUT32.dll
0x00007fff6b0d0000 - 0x00007fff6b125000 	C:\WINDOWS\System32\SHLWAPI.dll
0x00007fff37de0000 - 0x00007fff37df7000 	C:\WINDOWS\system32\napinsp.dll
0x00007fff37dc0000 - 0x00007fff37ddb000 	C:\WINDOWS\system32\pnrpnsp.dll
0x00007fff64880000 - 0x00007fff64895000 	C:\WINDOWS\system32\wshbth.dll
0x00007fff64c90000 - 0x00007fff64cad000 	C:\WINDOWS\system32\NLAapi.dll
0x00007fff68d30000 - 0x00007fff68d6b000 	C:\WINDOWS\SYSTEM32\IPHLPAPI.DLL
0x00007fff68d70000 - 0x00007fff68e3c000 	C:\WINDOWS\SYSTEM32\DNSAPI.dll
0x00007fff6a610000 - 0x00007fff6a618000 	C:\WINDOWS\System32\NSI.dll
0x00007fff37da0000 - 0x00007fff37db2000 	C:\WINDOWS\System32\winrnr.dll
0x00007fff5ae80000 - 0x00007fff5ae8a000 	C:\Windows\System32\rasadhlp.dll
0x00007fff5a980000 - 0x00007fff5a9ff000 	C:\WINDOWS\System32\fwpuclnt.dll
0x0000000055f70000 - 0x0000000055f81000 	C:\Program Files\Exelis\IDL83\bin\bin.x86_64\jre\bin\nio.dll
0x00007fff67340000 - 0x00007fff673de000 	C:\WINDOWS\system32\uxtheme.dll
0x00007fff6bf30000 - 0x00007fff6c045000 	C:\WINDOWS\System32\MSCTF.dll
0x00007fff67850000 - 0x00007fff67862000 	C:\WINDOWS\SYSTEM32\kernel.appcore.dll
0x00007fff4e7b0000 - 0x00007fff4e8a9000 	C:\WINDOWS\SYSTEM32\textinputframework.dll
0x00007fff66f80000 - 0x00007fff67072000 	C:\WINDOWS\System32\CoreMessaging.dll
0x00007fff668a0000 - 0x00007fff66bfe000 	C:\WINDOWS\System32\CoreUIComponents.dll
0x00007fff6a380000 - 0x00007fff6a42e000 	C:\WINDOWS\System32\SHCORE.dll
0x00007fff68670000 - 0x00007fff686a3000 	C:\WINDOWS\SYSTEM32\ntmarta.dll
0x00007fff65750000 - 0x00007fff658a4000 	C:\WINDOWS\SYSTEM32\wintypes.dll
0x00007fff6a980000 - 0x00007fff6aa29000 	C:\WINDOWS\System32\clbcatq.dll
0x00007fff58eb0000 - 0x00007fff58f61000 	C:\WINDOWS\system32\baiducnTSF.dll
0x00007fff6b130000 - 0x00007fff6b872000 	C:\WINDOWS\System32\SHELL32.dll
0x00007fff6a010000 - 0x00007fff6a16f000 	C:\WINDOWS\System32\CRYPT32.dll
0x00007fff6c160000 - 0x00007fff6c17d000 	C:\WINDOWS\System32\imagehlp.dll
0x00007fff67a70000 - 0x00007fff68201000 	C:\WINDOWS\SYSTEM32\windows.storage.dll
0x00007fff69330000 - 0x00007fff6935c000 	C:\WINDOWS\System32\Wldp.dll
0x00007fff21800000 - 0x00007fff21bbe000 	C:\Program Files (x86)\Baidu\BaiduPinyin\5.5.5435.0\UIPFullx64.dll
0x00007fff60930000 - 0x00007fff60994000 	C:\Program Files (x86)\Baidu\BaiduPinyin\5.5.5435.0\configurex64.dll
0x00007fff52ca0000 - 0x00007fff52d06000 	C:\WINDOWS\SYSTEM32\OLEACC.dll
0x00007fff356a0000 - 0x00007fff3584b000 	C:\WINDOWS\WinSxS\amd64_microsoft.windows.gdiplus_6595b64144ccf1df_1.1.19041.928_none_faefac437613c6cc\gdiplus.dll
0x00007fff609f0000 - 0x00007fff609f7000 	C:\WINDOWS\SYSTEM32\MSIMG32.dll
0x00007fff531f0000 - 0x00007fff53208000 	C:\WINDOWS\SYSTEM32\NETAPI32.dll
0x00007fff4a610000 - 0x00007fff4a6ff000 	C:\Program Files (x86)\Baidu\BaiduPinyin\5.5.5435.0\imefreetypex64.dll
0x00007fff61a70000 - 0x00007fff61ac9000 	C:\Program Files (x86)\Baidu\BaiduPinyin\5.5.5435.0\imepngx64.dll
0x00007fff62c10000 - 0x00007fff62c4a000 	C:\Program Files (x86)\Baidu\BaiduPinyin\5.5.5435.0\imezlibx64.dll
0x00007fff69820000 - 0x00007fff69851000 	C:\WINDOWS\SYSTEM32\SspiCli.dll
0x00007fff4dee0000 - 0x00007fff4df88000 	C:\Windows\System32\twinapi.dll
0x00007fff63a80000 - 0x00007fff63c81000 	C:\Windows\System32\twinapi.appcore.dll
0x00007fff63d40000 - 0x00007fff63ef4000 	C:\WINDOWS\SYSTEM32\WindowsCodecs.dll
0x00007fff57f40000 - 0x00007fff57f7e000 	C:\WINDOWS\system32\dataexchange.dll
0x00007fff65e70000 - 0x00007fff660d4000 	C:\WINDOWS\system32\d3d11.dll
0x00007fff666b0000 - 0x00007fff66895000 	C:\WINDOWS\system32\dcomp.dll
0x00007fff68270000 - 0x00007fff68363000 	C:\WINDOWS\system32\dxgi.dll
0x0000000017f60000 - 0x0000000018007000 	C:\Users\jia\.idl\idlworkbench-config-idl8.3.0_x86_64\org.eclipse.osgi\bundles\530\1\.cp\swt-win32-3740.dll
0x00007fff6aec0000 - 0x00007fff6af9a000 	C:\WINDOWS\System32\comdlg32.dll
0x00007fff54b40000 - 0x00007fff5501d000 	C:\WINDOWS\SYSTEM32\WININET.dll
0x00007fff4e420000 - 0x00007fff4e4ae000 	C:\WINDOWS\SYSTEM32\WINSPOOL.DRV
0x00007fff60c10000 - 0x00007fff60c29000 	C:\WINDOWS\SYSTEM32\USP10.dll
0x00007fff651e0000 - 0x00007fff652d7000 	C:\WINDOWS\SYSTEM32\propsys.dll
0x00007fff69ae0000 - 0x00007fff69b2e000 	C:\WINDOWS\System32\cfgmgr32.dll
0x00007fff696d0000 - 0x00007fff696e2000 	C:\Windows\System32\UMPDC.dll
0x00007fff68a70000 - 0x00007fff68afa000 	C:\Windows\System32\msvcp110_win.dll
0x0000000018050000 - 0x000000001806e000 	C:\Users\jia\.idl\idlworkbench-config-idl8.3.0_x86_64\org.eclipse.osgi\bundles\530\1\.cp\swt-gdip-win32-3740.dll
0x0000000180000000 - 0x0000000180011000 	C:\Users\jia\.idl\idlworkbench-config-idl8.3.0_x86_64\org.eclipse.osgi\bundles\183\1\.cp\os\win32\x86_64\localfile_1_0_0.dll
0x00007fff57a80000 - 0x00007fff57acd000 	C:\Program Files\Exelis\IDL83\bin\bin.x86_64\idl_ips.dll
0x00007ffefd2c0000 - 0x00007ffefe01d000 	C:\Program Files\Exelis\IDL83\bin\bin.x86_64\idl.dll
0x00007fff21440000 - 0x00007fff215ce000 	C:\Program Files\Exelis\IDL83\bin\bin.x86_64\MesaGL6_2.dll
0x00007fff30ca0000 - 0x00007fff30cfc000 	C:\Program Files\Exelis\IDL83\bin\bin.x86_64\MesaGLU6_2.dll
0x00007fff4d980000 - 0x00007fff4d9a3000 	C:\Program Files\Exelis\IDL83\bin\bin.x86_64\UG3220.dll
0x00007fff62b70000 - 0x00007fff62b7c000 	C:\Program Files\Exelis\IDL83\bin\bin.x86_64\osmesa6_2.dll
0x00007fff2fe20000 - 0x00007fff2fe9c000 	C:\Program Files\Exelis\IDL83\bin\bin.x86_64\freetype2_4_7.dll
0x00007fff5af60000 - 0x00007fff5af77000 	C:\WINDOWS\SYSTEM32\dhcpcsvc6.DLL
0x00007fff60700000 - 0x00007fff6071d000 	C:\WINDOWS\SYSTEM32\dhcpcsvc.DLL
0x00007fff52470000 - 0x00007fff52596000 	C:\WINDOWS\SYSTEM32\OpenGL32.DLL
0x00007fff608a0000 - 0x00007fff608cc000 	C:\WINDOWS\SYSTEM32\GLU32.dll
0x00007fff3bf00000 - 0x00007fff3bf3e000 	C:\Program Files\Exelis\IDL83\bin\bin.x86_64\gl_driver.dll
0x0000000018330000 - 0x0000000018333000 	C:\WINDOWS\SYSTEM32\icmp.Dll
0x00007fff4cd00000 - 0x00007fff4cdac000 	C:\WINDOWS\SYSTEM32\TextShaping.dll
0x00007fff3dac0000 - 0x00007fff3dce1000 	C:\WINDOWS\system32\explorerframe.dll
0x00007fff3d1f0000 - 0x00007fff3d232000 	C:\WINDOWS\system32\mlang.dll
0x00007fff69740000 - 0x00007fff697e2000 	C:\WINDOWS\SYSTEM32\sxs.dll
0x00007fff58e70000 - 0x00007fff58e81000 	C:\Users\jia\.idl\idlworkbench-config-idl8.3.0_x86_64\org.eclipse.osgi\bundles\208\1\.cp\jWinHttp-1.0.0.dll
0x00007fff644b0000 - 0x00007fff645bb000 	C:\WINDOWS\SYSTEM32\WINHTTP.dll
0x00007fff4d260000 - 0x00007fff4d2c6000 	C:\Windows\System32\thumbcache.dll
0x00007fff64e00000 - 0x00007fff64ea0000 	C:\WINDOWS\SYSTEM32\policymanager.dll
0x00007fff562c0000 - 0x00007fff562cc000 	C:\WINDOWS\SYSTEM32\Secur32.dll
0x00007fff5aa60000 - 0x00007fff5aa79000 	C:\WINDOWS\SYSTEM32\samcli.dll
0x00007fff64f10000 - 0x00007fff64f34000 	C:\WINDOWS\SYSTEM32\SAMLIB.dll
0x00007fff68e40000 - 0x00007fff68e4c000 	C:\WINDOWS\SYSTEM32\netutils.dll
0x00007ffeff790000 - 0x00007fff003d9000 	C:\Users\jia\AppData\Local\Kingsoft\WPS Office\11.1.0.10667\office6\qingnse64.dll
0x00007fff63030000 - 0x00007fff6303d000 	C:\WINDOWS\SYSTEM32\atlthunk.dll
0x00007fff61830000 - 0x00007fff61839000 	C:\WINDOWS\system32\IconCodecService.dll
0x00007fff53210000 - 0x00007fff5322d000 	C:\WINDOWS\SYSTEM32\MPR.dll
0x00007fff57d80000 - 0x00007fff57d8b000 	C:\WINDOWS\System32\drprov.dll
0x00007fff68f90000 - 0x00007fff68fea000 	C:\WINDOWS\System32\WINSTA.dll

VM Arguments:
jvm_args: -Dosgi.instance.area.default=@user.home/IDLWorkspace83 -Dosgi.configuration.area=@user.home/.idl/idlworkbench-config-idl8.3.0_x86_64 -Dosgi.configuration.cascaded=true -Dosgi.checkConfiguration=true -Dosgi.sharedConfiguration.area.readOnly=true -Dorg.eclipse.update.reconcile=false -Declipse.p2.data.area=@config.dir/p2 -Dosgi.sharedConfiguration.area=C:\Program Files\Exelis\IDL83\bin\bin.x86_64/configuration 
java_command: <unknown>
Launcher Type: generic

Environment Variables:
PATH=C:/Program Files/Exelis/IDL83/bin/bin.x86_64/jre/bin/server;C:/Program Files/Exelis/IDL83/bin/bin.x86_64/jre/bin;C:/Program Files/Exelis/IDL83/bin/bin.x86_64/jre/lib/amd64;C:\Program Files\Exelis\IDL83\bin\bin.x86_64\;C:\D_drive\Anaconda3\Anaconda\envs\AIMIS3D;C:\D_drive\Anaconda3\Anaconda\envs\AIMIS3D\Scripts;C:\D_drive\Anaconda3\Anaconda\envs\AIMIS3D\Library\bin;C:\D_drive\Anaconda3\Anaconda\envs\AIMIS3D\Library\mingw-w64\bin;C:\D_drive\Anaconda3\Anaconda\Scripts;C:\Program Files\Exelis\IDL85\bin\bin.x86_64;C:\Program Files\dotnet\;C:\Program Files\CMake\bin;;C:\WINDOWS\system32;C:\WINDOWS\System32\WindowsPowerShell\v1.0\;C:\WINDOWS\System32\Wbem;C:\Program Files\python;C:\Program Files\python\Scripts;C:\BtSoft\panel\script;C:\Program Files\ITK-SNAP 3.8\bin;C:\WINDOWS;C:\WINDOWS\System32\OpenSSH\;C:\Program Files (x86)\dotnet\;C:\Users\jia\AppData\Local\Microsoft\WindowsApps;;C:\Pycharm\PyCharm Community Edition 2020.1.2\bin;;C:\Users\jia\AppData\Local\Programs\Microsoft VS Code\bin;C:\Program Files\Exelis\IDL83\bin\bin.x86_64;
USERNAME=jia
OS=Windows_NT
PROCESSOR_IDENTIFIER=Intel64 Family 6 Model 126 Stepping 5, GenuineIntel



---------------  S Y S T E M  ---------------

OS: Windows 8 , 64 bit Build 9200 

CPU:total 8 (4 cores per cpu, 2 threads per core) family 6 model 126 stepping 5, cmov, cx8, fxsr, mmx, sse, sse2, sse3, ssse3, sse4.1, sse4.2, popcnt, avx, avx2, ht, tsc, tscinvbit

Memory: 4k page, physical 16353460k(6656820k free), swap 29495912k(10392188k free)

vm_info: Java HotSpot(TM) 64-Bit Server VM (23.25-b01) for windows-amd64 JRE (1.7.0_25-b17), built on Jun 21 2013 12:58:32 by "java_re" with unknown MS VC++:1600

time: Wed Aug 04 15:51:59 2021
elapsed time: 3290 seconds

