#
# A fatal error has been detected by the Java Runtime Environment:
#
#  EXCEPTION_ACCESS_VIOLATION (0xc0000005) at pc=0x00007ffc526ff051, pid=8896, tid=7264
#
# JRE version: 7.0_25-b17
# Java VM: Java HotSpot(TM) 64-Bit Server VM (23.25-b01 mixed mode windows-amd64 compressed oops)
# Problematic frame:
# C  0x00007ffc526ff051  DumpRegistryKeyDefinitions+0x75f441
#
# Failed to write core dump. Minidumps are not enabled by default on client versions of Windows
#
# If you would like to submit a bug report, please visit:
#   http://bugreport.sun.com/bugreport/crash.jsp
# The crash happened outside the Java Virtual Machine in native code.
# See problematic frame for where to report the bug.
#

---------------  T H R E A D  ---------------

Current thread (0x0000000013666000):  JavaThread "IDL" [_thread_in_native, id=7264, stack(0x0000000017bb0000,0x0000000017cb0000)]

siginfo: ExceptionCode=0xc0000005, reading address 0xffffffffffffffff

Registers:
RAX=0xb8aefc30347ffa6c, RBX=0x0000000017c9f060, RCX=0x00000000195239e8, RDX=0x0000000019523900
RSP=0x0000000017c9efd8, RBP=0x00007ffc52b9c930, RSI=0x0000000017c9f030, RDI=0x0000000000000007
R8 =0x0000000017c9f030, R9 =0x0000000017c9f060, R10=0x0000000000000000, R11=0x0000000017c9f078
R12=0x00007ffc52b9c930, R13=0x000000002093cb40, R14=0x0000000000000376, R15=0x0000000039370000
RIP=0x00007ffc526ff051, EFLAGS=0x0000000000010246

Top of Stack: (sp=0x0000000017c9efd8)
0x0000000017c9efd8:   00007ffc525854c9 0000000017c9f030
0x0000000017c9efe8:   0000000019523630 47c5976f47262733
0x0000000017c9eff8:   3f8000004528569d 0000000019523630
0x0000000017c9f008:   00007ffc52585be0 00000000195239e8
0x0000000017c9f018:   0000000000000002 0000000017c9f110
0x0000000017c9f028:   0000000000000001 0000000019523630
0x0000000017c9f038:   0000000019523630 00000000195239e8
0x0000000017c9f048:   0000000000000000 0000000000000012
0x0000000017c9f058:   00007ffc00000007 0000000017c9f100
0x0000000017c9f068:   0000000000000000 0000000000000000
0x0000000017c9f078:   00000000195239e8 0000000000000000
0x0000000017c9f088:   0000000019523a08 0000000019523a18
0x0000000017c9f098:   0000000019523a28 0000000019523a38
0x0000000017c9f0a8:   0000000019523a48 0000000000000000
0x0000000017c9f0b8:   0000000000000000 0000000000000000
0x0000000017c9f0c8:   0000000000000000 0000000000000000 

Instructions: (pc=0x00007ffc526ff051)
0x00007ffc526ff031:   4a 04 f3 0f 11 42 08 8b 41 30 0f 28 02 48 03 c0
0x00007ffc526ff041:   f3 0f 7f 04 c1 ff 41 30 c3 cc cc 48 8b 01 32 d2
0x00007ffc526ff051:   38 50 34 74 0b 48 8b 41 08 38 50 34 74 02 b2 01
0x00007ffc526ff061:   8a c2 c3 44 8b 81 60 10 00 00 8b 91 18 19 00 00 


Register to memory mapping:

RAX=0xb8aefc30347ffa6c is an unknown value
RBX=0x0000000017c9f060 is pointing into the stack for thread: 0x0000000013666000
RCX=0x00000000195239e8 is an unknown value
RDX=0x0000000019523900 is an unknown value
RSP=0x0000000017c9efd8 is pointing into the stack for thread: 0x0000000013666000
RBP=0x00007ffc52b9c930 is an unknown value
RSI=0x0000000017c9f030 is pointing into the stack for thread: 0x0000000013666000
RDI=0x0000000000000007 is an unknown value
R8 =0x0000000017c9f030 is pointing into the stack for thread: 0x0000000013666000
R9 =0x0000000017c9f060 is pointing into the stack for thread: 0x0000000013666000
R10=0x0000000000000000 is an unknown value
R11=0x0000000017c9f078 is pointing into the stack for thread: 0x0000000013666000
R12=0x00007ffc52b9c930 is an unknown value
R13=0x000000002093cb40 is an unknown value
R14=0x0000000000000376 is an unknown value
R15=0x0000000039370000 is an unknown value


Stack: [0x0000000017bb0000,0x0000000017cb0000],  sp=0x0000000017c9efd8,  free space=955k
Native frames: (J=compiled Java code, j=interpreted, Vv=VM code, C=native code)
C  0x00007ffc526ff051  DumpRegistryKeyDefinitions+0x75f441

Java frames: (J=compiled Java code, j=interpreted, Vv=VM code)
j  com.rsi.idldt.core.ips.IPS_Access.IPS_Start([Ljava/lang/String;)V+0
j  com.rsi.idldt.core.ips.IPS_Manager$2.run()V+15
j  java.lang.Thread.run()V+11
v  ~StubRoutines::call_stub

---------------  P R O C E S S  ---------------

Java Threads: ( => current thread )
  0x000000001e0a3800 JavaThread "Worker-38" [_thread_blocked, id=11624, stack(0x000000002f900000,0x000000002fa00000)]
  0x000000001e09c000 JavaThread "Worker-37" [_thread_blocked, id=17368, stack(0x0000000023230000,0x0000000023330000)]
  0x000000001e09b800 JavaThread "Worker-35" [_thread_blocked, id=19180, stack(0x00000000174e0000,0x00000000175e0000)]
  0x000000001e09e800 JavaThread "Worker-34" [_thread_blocked, id=13448, stack(0x0000000017db0000,0x0000000017eb0000)]
  0x000000001e09d800 JavaThread "Worker-32" [_thread_blocked, id=11316, stack(0x00000000160e0000,0x00000000161e0000)]
  0x000000001e09a800 JavaThread "Worker-30" [_thread_blocked, id=6516, stack(0x00000000193e0000,0x00000000194e0000)]
  0x00000000171ac800 JavaThread "Timer-2" daemon [_thread_blocked, id=12080, stack(0x000000001dbb0000,0x000000001dcb0000)]
  0x00000000171a5000 JavaThread "Timer-1" daemon [_thread_blocked, id=2176, stack(0x000000001dab0000,0x000000001dbb0000)]
  0x00000000171ac000 JavaThread "Thread-14" [_thread_in_native, id=8712, stack(0x000000001d6a0000,0x000000001d7a0000)]
  0x00000000171aa800 JavaThread "IDLDT DOM Worker-7" [_thread_blocked, id=9528, stack(0x000000001d2d0000,0x000000001d3d0000)]
  0x00000000171ab000 JavaThread "IDLDT DOM Worker-6" [_thread_blocked, id=11096, stack(0x000000001d1d0000,0x000000001d2d0000)]
  0x00000000171a9800 JavaThread "IDLDT DOM Worker-5" [_thread_blocked, id=14708, stack(0x000000001d0d0000,0x000000001d1d0000)]
  0x00000000171a8000 JavaThread "IDLDT DOM Worker-4" [_thread_blocked, id=5460, stack(0x000000001cfd0000,0x000000001d0d0000)]
  0x00000000171a9000 JavaThread "IDLDT DOM Worker-3" [_thread_blocked, id=8784, stack(0x000000001ced0000,0x000000001cfd0000)]
  0x0000000013662000 JavaThread "IDLDT DOM Worker-2" [_thread_blocked, id=12856, stack(0x000000001cdd0000,0x000000001ced0000)]
  0x0000000013668000 JavaThread "IDLDT DOM Worker-1" [_thread_blocked, id=7840, stack(0x000000001ccd0000,0x000000001cdd0000)]
  0x0000000013667800 JavaThread "IDLDT DOM Worker-0" [_thread_blocked, id=10024, stack(0x000000001cbd0000,0x000000001ccd0000)]
  0x0000000013665000 JavaThread "Timer-0" daemon [_thread_blocked, id=18468, stack(0x000000001cad0000,0x000000001cbd0000)]
=>0x0000000013666000 JavaThread "IDL" [_thread_in_native, id=7264, stack(0x0000000017bb0000,0x0000000017cb0000)]
  0x0000000013663000 JavaThread "IDLToJava Broker" daemon [_thread_blocked, id=5960, stack(0x0000000017a80000,0x0000000017b80000)]
  0x000000001367d000 JavaThread "Provisioning Event Dispatcher" daemon [_thread_blocked, id=3292, stack(0x00000000161e0000,0x00000000162e0000)]
  0x000000001367e800 JavaThread "[ThreadPool Manager] - Idle Thread" daemon [_thread_blocked, id=7244, stack(0x0000000015fe0000,0x00000000160e0000)]
  0x000000001367a000 JavaThread "Bundle File Closer" daemon [_thread_blocked, id=9888, stack(0x0000000015c30000,0x0000000015d30000)]
  0x000000001367b800 JavaThread "Worker-JM" [_thread_blocked, id=1844, stack(0x0000000015ee0000,0x0000000015fe0000)]
  0x0000000013681000 JavaThread "[Timer] - Main Queue Handler" daemon [_thread_blocked, id=16460, stack(0x0000000015d30000,0x0000000015e30000)]
  0x000000001367c800 JavaThread "Framework Event Dispatcher" daemon [_thread_blocked, id=9148, stack(0x0000000015b30000,0x0000000015c30000)]
  0x000000001367f800 JavaThread "Start Level Event Dispatcher" daemon [_thread_blocked, id=10916, stack(0x0000000015a30000,0x0000000015b30000)]
  0x0000000013680000 JavaThread "State Data Manager" daemon [_thread_blocked, id=8176, stack(0x0000000015930000,0x0000000015a30000)]
  0x000000001367e000 JavaThread "Framework Active Thread" [_thread_blocked, id=11992, stack(0x0000000013b60000,0x0000000013c60000)]
  0x0000000011045800 JavaThread "Service Thread" daemon [_thread_blocked, id=8872, stack(0x0000000013410000,0x0000000013510000)]
  0x000000001103e800 JavaThread "C2 CompilerThread1" daemon [_thread_blocked, id=11908, stack(0x0000000013310000,0x0000000013410000)]
  0x000000001103c800 JavaThread "C2 CompilerThread0" daemon [_thread_blocked, id=18372, stack(0x0000000013210000,0x0000000013310000)]
  0x000000001103b800 JavaThread "Attach Listener" daemon [_thread_blocked, id=10104, stack(0x0000000013110000,0x0000000013210000)]
  0x0000000011037000 JavaThread "Signal Dispatcher" daemon [_thread_blocked, id=17208, stack(0x0000000013010000,0x0000000013110000)]
  0x0000000010faa800 JavaThread "Finalizer" daemon [_thread_blocked, id=2036, stack(0x0000000012f10000,0x0000000013010000)]
  0x0000000010fa8800 JavaThread "Reference Handler" daemon [_thread_blocked, id=10236, stack(0x0000000012e10000,0x0000000012f10000)]
  0x000000000219e800 JavaThread "main" [_thread_in_native, id=2116, stack(0x0000000000050000,0x0000000000150000)]

Other Threads:
  0x0000000010fa4000 VMThread [stack: 0x0000000012d10000,0x0000000012e10000] [id=18948]
  0x0000000013520800 WatcherThread [stack: 0x0000000013910000,0x0000000013a10000] [id=16824]

VM state:not at safepoint (normal execution)

VM Mutex/Monitor currently owned by a thread: None

Heap
 PSYoungGen      total 113152K, used 14777K [0x00000007ab800000, 0x00000007b64d0000, 0x0000000800000000)
  eden space 112576K, 13% used [0x00000007ab800000,0x00000007ac66e4b8,0x00000007b25f0000)
  from space 576K, 0% used [0x00000007b25f0000,0x00000007b25f0000,0x00000007b2680000)
  to   space 32192K, 0% used [0x00000007b4560000,0x00000007b4560000,0x00000007b64d0000)
 ParOldGen       total 202432K, used 88022K [0x0000000702800000, 0x000000070edb0000, 0x00000007ab800000)
  object space 202432K, 43% used [0x0000000702800000,0x0000000707df5800,0x000000070edb0000)
 PSPermGen       total 48064K, used 47678K [0x00000006fd600000, 0x00000007004f0000, 0x0000000702800000)
  object space 48064K, 99% used [0x00000006fd600000,0x000000070048faa0,0x00000007004f0000)

Card table byte_map: [0x0000000005700000,0x0000000005f20000] byte_map_base: 0x0000000001f15000

Polling page: 0x0000000002170000

Code Cache  [0x0000000002640000, 0x0000000002d60000, 0x0000000005640000)
 total_blobs=2573 nmethods=1913 adapters=609 free_code_cache=42020Kb largest_free_block=42908480

Compilation events (10 events):
Event: 2819.322 Thread 0x000000001103e800 2139             org.eclipse.swt.custom.StyledTextListener::handleEvent (620 bytes)
Event: 2819.331 Thread 0x000000001103e800 nmethod 2139 0x0000000002b9f350 code [0x0000000002b9f600, 0x0000000002ba0680]
Event: 2853.278 Thread 0x000000001103c800 2140             org.eclipse.jface.text.source.AnnotationModel::replaceAnnotations (117 bytes)
Event: 2853.283 Thread 0x000000001103c800 nmethod 2140 0x0000000002b1db50 code [0x0000000002b1dd00, 0x0000000002b1e288]
Event: 2854.338 Thread 0x000000001103e800   68 %           org.eclipse.swt.graphics.TextLayout::getOffset @ 140 (713 bytes)
Event: 2854.344 Thread 0x000000001103e800 nmethod 68% 0x0000000002b1c390 code [0x0000000002b1c560, 0x0000000002b1ce60]
Event: 2854.345 Thread 0x000000001103c800 2141             org.eclipse.swt.graphics.TextLayout::getOffset (713 bytes)
Event: 2854.354 Thread 0x000000001103c800 nmethod 2141 0x0000000002a22250 code [0x0000000002a22460, 0x0000000002a230c0]
Event: 2880.763 Thread 0x000000001103e800 2142   !         org.eclipse.core.internal.jobs.Worker::run (392 bytes)
Event: 2880.794 Thread 0x000000001103e800 nmethod 2142 0x0000000002d4c310 code [0x0000000002d4c9e0, 0x0000000002d50838]

GC Heap History (10 events):
Event: 2739.400 GC heap before
{Heap before GC invocations=159 (full 42):
 PSYoungGen      total 112960K, used 352K [0x00000007ab800000, 0x00000007b6a30000, 0x0000000800000000)
  eden space 112576K, 0% used [0x00000007ab800000,0x00000007ab800000,0x00000007b25f0000)
  from space 384K, 91% used [0x00000007b25f0000,0x00000007b2648000,0x00000007b2650000)
  to   space 34944K, 0% used [0x00000007b4810000,0x00000007b4810000,0x00000007b6a30000)
 ParOldGen       total 202432K, used 87994K [0x0000000702800000, 0x000000070edb0000, 0x00000007ab800000)
  object space 202432K, 43% used [0x0000000702800000,0x0000000707deea38,0x000000070edb0000)
 PSPermGen       total 48064K, used 47667K [0x00000006fd600000, 0x00000007004f0000, 0x0000000702800000)
  object space 48064K, 99% used [0x00000006fd600000,0x000000070048cd98,0x00000007004f0000)
Event: 2739.527 GC heap after
Heap after GC invocations=159 (full 42):
 PSYoungGen      total 112960K, used 0K [0x00000007ab800000, 0x00000007b6a30000, 0x0000000800000000)
  eden space 112576K, 0% used [0x00000007ab800000,0x00000007ab800000,0x00000007b25f0000)
  from space 384K, 0% used [0x00000007b25f0000,0x00000007b25f0000,0x00000007b2650000)
  to   space 34944K, 0% used [0x00000007b4810000,0x00000007b4810000,0x00000007b6a30000)
 ParOldGen       total 202432K, used 87959K [0x0000000702800000, 0x000000070edb0000, 0x00000007ab800000)
  object space 202432K, 43% used [0x0000000702800000,0x0000000707de5e58,0x000000070edb0000)
 PSPermGen       total 48064K, used 47667K [0x00000006fd600000, 0x00000007004f0000, 0x0000000702800000)
  object space 48064K, 99% used [0x00000006fd600000,0x000000070048cd38,0x00000007004f0000)
}
Event: 2799.402 GC heap before
{Heap before GC invocations=160 (full 42):
 PSYoungGen      total 112960K, used 49021K [0x00000007ab800000, 0x00000007b6a30000, 0x0000000800000000)
  eden space 112576K, 43% used [0x00000007ab800000,0x00000007ae7df5d0,0x00000007b25f0000)
  from space 384K, 0% used [0x00000007b25f0000,0x00000007b25f0000,0x00000007b2650000)
  to   space 34944K, 0% used [0x00000007b4810000,0x00000007b4810000,0x00000007b6a30000)
 ParOldGen       total 202432K, used 87959K [0x0000000702800000, 0x000000070edb0000, 0x00000007ab800000)
  object space 202432K, 43% used [0x0000000702800000,0x0000000707de5e58,0x000000070edb0000)
 PSPermGen       total 48064K, used 47675K [0x00000006fd600000, 0x00000007004f0000, 0x0000000702800000)
  object space 48064K, 99% used [0x00000006fd600000,0x000000070048ed08,0x00000007004f0000)
Event: 2799.405 GC heap after
Heap after GC invocations=160 (full 42):
 PSYoungGen      total 144832K, used 448K [0x00000007ab800000, 0x00000007b6790000, 0x0000000800000000)
  eden space 112576K, 0% used [0x00000007ab800000,0x00000007ab800000,0x00000007b25f0000)
  from space 32256K, 1% used [0x00000007b4810000,0x00000007b4880000,0x00000007b6790000)
  to   space 33600K, 0% used [0x00000007b25f0000,0x00000007b25f0000,0x00000007b46c0000)
 ParOldGen       total 202432K, used 87959K [0x0000000702800000, 0x000000070edb0000, 0x00000007ab800000)
  object space 202432K, 43% used [0x0000000702800000,0x0000000707de5e58,0x000000070edb0000)
 PSPermGen       total 48064K, used 47675K [0x00000006fd600000, 0x00000007004f0000, 0x0000000702800000)
  object space 48064K, 99% used [0x00000006fd600000,0x000000070048ed08,0x00000007004f0000)
}
Event: 2799.405 GC heap before
{Heap before GC invocations=161 (full 43):
 PSYoungGen      total 144832K, used 448K [0x00000007ab800000, 0x00000007b6790000, 0x0000000800000000)
  eden space 112576K, 0% used [0x00000007ab800000,0x00000007ab800000,0x00000007b25f0000)
  from space 32256K, 1% used [0x00000007b4810000,0x00000007b4880000,0x00000007b6790000)
  to   space 33600K, 0% used [0x00000007b25f0000,0x00000007b25f0000,0x00000007b46c0000)
 ParOldGen       total 202432K, used 87959K [0x0000000702800000, 0x000000070edb0000, 0x00000007ab800000)
  object space 202432K, 43% used [0x0000000702800000,0x0000000707de5e58,0x000000070edb0000)
 PSPermGen       total 48064K, used 47675K [0x00000006fd600000, 0x00000007004f0000, 0x0000000702800000)
  object space 48064K, 99% used [0x00000006fd600000,0x000000070048ed08,0x00000007004f0000)
Event: 2799.469 GC heap after
Heap after GC invocations=161 (full 43):
 PSYoungGen      total 144832K, used 0K [0x00000007ab800000, 0x00000007b6790000, 0x0000000800000000)
  eden space 112576K, 0% used [0x00000007ab800000,0x00000007ab800000,0x00000007b25f0000)
  from space 32256K, 0% used [0x00000007b4810000,0x00000007b4810000,0x00000007b6790000)
  to   space 33600K, 0% used [0x00000007b25f0000,0x00000007b25f0000,0x00000007b46c0000)
 ParOldGen       total 202432K, used 87944K [0x0000000702800000, 0x000000070edb0000, 0x00000007ab800000)
  object space 202432K, 43% used [0x0000000702800000,0x0000000707de2320,0x000000070edb0000)
 PSPermGen       total 48064K, used 47675K [0x00000006fd600000, 0x00000007004f0000, 0x0000000702800000)
  object space 48064K, 99% used [0x00000006fd600000,0x000000070048ecc8,0x00000007004f0000)
}
Event: 2861.346 GC heap before
{Heap before GC invocations=162 (full 43):
 PSYoungGen      total 144832K, used 37380K [0x00000007ab800000, 0x00000007b6790000, 0x0000000800000000)
  eden space 112576K, 33% used [0x00000007ab800000,0x00000007adc81250,0x00000007b25f0000)
  from space 32256K, 0% used [0x00000007b4810000,0x00000007b4810000,0x00000007b6790000)
  to   space 33600K, 0% used [0x00000007b25f0000,0x00000007b25f0000,0x00000007b46c0000)
 ParOldGen       total 202432K, used 87944K [0x0000000702800000, 0x000000070edb0000, 0x00000007ab800000)
  object space 202432K, 43% used [0x0000000702800000,0x0000000707de2320,0x000000070edb0000)
 PSPermGen       total 48064K, used 47675K [0x00000006fd600000, 0x00000007004f0000, 0x0000000702800000)
  object space 48064K, 99% used [0x00000006fd600000,0x000000070048edf8,0x00000007004f0000)
Event: 2861.350 GC heap after
Heap after GC invocations=162 (full 43):
 PSYoungGen      total 113152K, used 544K [0x00000007ab800000, 0x00000007b64d0000, 0x0000000800000000)
  eden space 112576K, 0% used [0x00000007ab800000,0x00000007ab800000,0x00000007b25f0000)
  from space 576K, 94% used [0x00000007b25f0000,0x00000007b2678000,0x00000007b2680000)
  to   space 32192K, 0% used [0x00000007b4560000,0x00000007b4560000,0x00000007b64d0000)
 ParOldGen       total 202432K, used 87944K [0x0000000702800000, 0x000000070edb0000, 0x00000007ab800000)
  object space 202432K, 43% used [0x0000000702800000,0x0000000707de2320,0x000000070edb0000)
 PSPermGen       total 48064K, used 47675K [0x00000006fd600000, 0x00000007004f0000, 0x0000000702800000)
  object space 48064K, 99% used [0x00000006fd600000,0x000000070048edf8,0x00000007004f0000)
}
Event: 2861.350 GC heap before
{Heap before GC invocations=163 (full 44):
 PSYoungGen      total 113152K, used 544K [0x00000007ab800000, 0x00000007b64d0000, 0x0000000800000000)
  eden space 112576K, 0% used [0x00000007ab800000,0x00000007ab800000,0x00000007b25f0000)
  from space 576K, 94% used [0x00000007b25f0000,0x00000007b2678000,0x00000007b2680000)
  to   space 32192K, 0% used [0x00000007b4560000,0x00000007b4560000,0x00000007b64d0000)
 ParOldGen       total 202432K, used 87944K [0x0000000702800000, 0x000000070edb0000, 0x00000007ab800000)
  object space 202432K, 43% used [0x0000000702800000,0x0000000707de2320,0x000000070edb0000)
 PSPermGen       total 48064K, used 47675K [0x00000006fd600000, 0x00000007004f0000, 0x0000000702800000)
  object space 48064K, 99% used [0x00000006fd600000,0x000000070048edf8,0x00000007004f0000)
Event: 2861.413 GC heap after
Heap after GC invocations=163 (full 44):
 PSYoungGen      total 113152K, used 0K [0x00000007ab800000, 0x00000007b64d0000, 0x0000000800000000)
  eden space 112576K, 0% used [0x00000007ab800000,0x00000007ab800000,0x00000007b25f0000)
  from space 576K, 0% used [0x00000007b25f0000,0x00000007b25f0000,0x00000007b2680000)
  to   space 32192K, 0% used [0x00000007b4560000,0x00000007b4560000,0x00000007b64d0000)
 ParOldGen       total 202432K, used 88022K [0x0000000702800000, 0x000000070edb0000, 0x00000007ab800000)
  object space 202432K, 43% used [0x0000000702800000,0x0000000707df5800,0x000000070edb0000)
 PSPermGen       total 48064K, used 47675K [0x00000006fd600000, 0x00000007004f0000, 0x0000000702800000)
  object space 48064K, 99% used [0x00000006fd600000,0x000000070048edd8,0x00000007004f0000)
}

Deoptimization events (10 events):
Event: 2280.633 Thread 0x000000000219e800 Uncommon trap -83 fr.pc 0x0000000002cd23e4
Event: 2343.447 Thread 0x000000000219e800 Uncommon trap -83 fr.pc 0x000000000291dd20
Event: 2343.448 Thread 0x000000000219e800 Uncommon trap -12 fr.pc 0x0000000002a91890
Event: 2401.325 Thread 0x0000000013680000 Uncommon trap -42 fr.pc 0x0000000002be63c0
Event: 2448.716 Thread 0x000000000219e800 Uncommon trap -58 fr.pc 0x0000000002c6ff08
Event: 2515.306 Thread 0x000000000219e800 Uncommon trap -58 fr.pc 0x0000000002c6ff08
Event: 2552.724 Thread 0x000000000219e800 Uncommon trap -58 fr.pc 0x0000000002c6ff08
Event: 2701.339 Thread 0x0000000013680000 Uncommon trap -42 fr.pc 0x0000000002be63c0
Event: 2724.317 Thread 0x000000000219e800 Uncommon trap -83 fr.pc 0x0000000002aabbec
Event: 2724.334 Thread 0x000000000219e800 Uncommon trap -83 fr.pc 0x0000000002bba000

Internal exceptions (10 events):
Event: 876.815 Thread 0x000000001e09d000 Implicit null exception at 0x0000000002b8fdf0 to 0x0000000002b91881
Event: 876.815 Thread 0x000000001e09d000 Implicit null exception at 0x0000000002bfa164 to 0x0000000002bfb185
Event: 914.602 Thread 0x000000001e09e800 Implicit null exception at 0x0000000002c84341 to 0x0000000002c880a9
Event: 1210.350 Thread 0x000000001e09a800 Threw 0x00000007ad8240b0 at C:\jdk7u2_64p\jdk7u25\hotspot\src\share\vm\runtime\objectMonitor.cpp:1612
Event: 1801.239 Thread 0x000000001e09a800 Threw 0x00000007ac055798 at C:\jdk7u2_64p\jdk7u25\hotspot\src\share\vm\runtime\objectMonitor.cpp:1612
Event: 1943.738 Thread 0x000000000219e800 Implicit null exception at 0x0000000002a9886b to 0x0000000002a99239
Event: 1943.738 Thread 0x000000000219e800 Implicit null exception at 0x0000000002a0af32 to 0x0000000002a0bf11
Event: 1943.738 Thread 0x000000000219e800 Implicit null exception at 0x0000000002b48fd0 to 0x0000000002b490c9
Event: 2097.259 Thread 0x000000001e09a800 Threw 0x00000007abade990 at C:\jdk7u2_64p\jdk7u25\hotspot\src\share\vm\runtime\objectMonitor.cpp:1612
Event: 2724.317 Thread 0x000000000219e800 Implicit null exception at 0x0000000002aab0bb to 0x0000000002aabbcd

Events (10 events):
Event: 2880.763 Executing VM operation: RevokeBias
Event: 2880.763 Executing VM operation: RevokeBias done
Event: 2880.763 Executing VM operation: RevokeBias
Event: 2880.763 Executing VM operation: RevokeBias done
Event: 2880.763 Executing VM operation: RevokeBias
Event: 2880.763 Executing VM operation: RevokeBias done
Event: 2880.764 Executing VM operation: RevokeBias
Event: 2880.764 Executing VM operation: RevokeBias done
Event: 2880.764 Executing VM operation: RevokeBias
Event: 2880.764 Executing VM operation: RevokeBias done


Dynamic libraries:
0x0000000000400000 - 0x000000000040e000 	C:\Program Files\Exelis\IDL83\bin\bin.x86_64\idlde.exe
0x00007ffca4970000 - 0x00007ffca4b87000 	C:\WINDOWS\SYSTEM32\ntdll.dll
0x00007ffca3e50000 - 0x00007ffca3f14000 	C:\WINDOWS\System32\KERNEL32.DLL
0x00007ffca1f30000 - 0x00007ffca22ea000 	C:\WINDOWS\System32\KERNELBASE.dll
0x00007ffc98170000 - 0x00007ffc98207000 	C:\WINDOWS\SYSTEM32\apphelp.dll
0x00007ffca29a0000 - 0x00007ffca2b4e000 	C:\WINDOWS\System32\USER32.dll
0x00007ffca22f0000 - 0x00007ffca2316000 	C:\WINDOWS\System32\win32u.dll
0x00007ffca3f40000 - 0x00007ffca3f69000 	C:\WINDOWS\System32\GDI32.dll
0x00007ffca1c30000 - 0x00007ffca1d4b000 	C:\WINDOWS\System32\gdi32full.dll
0x00007ffca2320000 - 0x00007ffca23ba000 	C:\WINDOWS\System32\msvcp_win.dll
0x00007ffca1d50000 - 0x00007ffca1e61000 	C:\WINDOWS\System32\ucrtbase.dll
0x00007ffca3f70000 - 0x00007ffca4017000 	C:\WINDOWS\System32\msvcrt.dll
0x00007ffc8aa30000 - 0x00007ffc8acc2000 	C:\WINDOWS\WinSxS\amd64_microsoft.windows.common-controls_6595b64144ccf1df_6.0.22621.4541_none_2710d1c57384c085\COMCTL32.dll
0x00007ffca4830000 - 0x00007ffca4861000 	C:\WINDOWS\System32\IMM32.DLL
0x0000000072000000 - 0x0000000072012000 	C:\Program Files\Exelis\IDL83\bin\bin.x86_64\plugins\org.eclipse.equinox.launcher.win32.win32.x86_64_1.1.100.v20110502\eclipse_1406.dll
0x00007ffca4870000 - 0x00007ffca4922000 	C:\WINDOWS\System32\ADVAPI32.dll
0x00007ffca44c0000 - 0x00007ffca4567000 	C:\WINDOWS\System32\sechost.dll
0x00007ffca2440000 - 0x00007ffca2468000 	C:\WINDOWS\System32\bcrypt.dll
0x00007ffca3bc0000 - 0x00007ffca3cd4000 	C:\WINDOWS\System32\RPCRT4.dll
0x00007ffc9b7e0000 - 0x00007ffc9b7ea000 	C:\WINDOWS\SYSTEM32\VERSION.dll
0x00000000516d0000 - 0x0000000051ddf000 	C:\Program Files\Exelis\IDL83\bin\bin.x86_64\jre\bin\server\jvm.dll
0x00007ffca3bb0000 - 0x00007ffca3bb8000 	C:\WINDOWS\System32\PSAPI.DLL
0x00007ffc9b8c0000 - 0x00007ffc9b8f4000 	C:\WINDOWS\SYSTEM32\WINMM.dll
0x00007ffc8a350000 - 0x00007ffc8a359000 	C:\WINDOWS\SYSTEM32\WSOCK32.dll
0x00007ffca2d10000 - 0x00007ffca2d81000 	C:\WINDOWS\System32\WS2_32.dll
0x00000000515f0000 - 0x00000000516c2000 	C:\WINDOWS\SYSTEM32\MSVCR100.dll
0x00000000515e0000 - 0x00000000515ef000 	C:\Program Files\Exelis\IDL83\bin\bin.x86_64\jre\bin\verify.dll
0x00000000515b0000 - 0x00000000515d8000 	C:\Program Files\Exelis\IDL83\bin\bin.x86_64\jre\bin\java.dll
0x0000000051590000 - 0x00000000515a5000 	C:\Program Files\Exelis\IDL83\bin\bin.x86_64\jre\bin\zip.dll
0x00007ffca13d0000 - 0x00007ffca13eb000 	C:\WINDOWS\SYSTEM32\CRYPTSP.dll
0x00007ffca0c80000 - 0x00007ffca0cb5000 	C:\WINDOWS\system32\rsaenh.dll
0x00007ffca1260000 - 0x00007ffca1288000 	C:\WINDOWS\SYSTEM32\USERENV.dll
0x00007ffca1b60000 - 0x00007ffca1b8b000 	C:\WINDOWS\SYSTEM32\profapi.dll
0x00007ffca25e0000 - 0x00007ffca265b000 	C:\WINDOWS\System32\bcryptprimitives.dll
0x00007ffca13c0000 - 0x00007ffca13cc000 	C:\WINDOWS\SYSTEM32\CRYPTBASE.dll
0x0000000051570000 - 0x0000000051589000 	C:\Program Files\Exelis\IDL83\bin\bin.x86_64\jre\bin\net.dll
0x00007ffca11a0000 - 0x00007ffca1209000 	C:\WINDOWS\system32\mswsock.dll
0x00007ffc80620000 - 0x00007ffc80637000 	C:\WINDOWS\system32\napinsp.dll
0x00007ffc80600000 - 0x00007ffc8061b000 	C:\WINDOWS\system32\pnrpnsp.dll
0x00007ffca06c0000 - 0x00007ffca07c2000 	C:\WINDOWS\SYSTEM32\DNSAPI.dll
0x00007ffca0690000 - 0x00007ffca06bd000 	C:\WINDOWS\SYSTEM32\IPHLPAPI.DLL
0x00007ffca2830000 - 0x00007ffca2839000 	C:\WINDOWS\System32\NSI.dll
0x00007ffc805d0000 - 0x00007ffc805e1000 	C:\WINDOWS\System32\winrnr.dll
0x00007ffc9bb30000 - 0x00007ffc9bb45000 	C:\WINDOWS\system32\wshbth.dll
0x00007ffc805a0000 - 0x00007ffc805c7000 	C:\WINDOWS\system32\nlansp_c.dll
0x00007ffc9b450000 - 0x00007ffc9b45a000 	C:\Windows\System32\rasadhlp.dll
0x00007ffc9b1a0000 - 0x00007ffc9b223000 	C:\WINDOWS\System32\fwpuclnt.dll
0x0000000051550000 - 0x0000000051561000 	C:\Program Files\Exelis\IDL83\bin\bin.x86_64\jre\bin\nio.dll
0x00007ffc9f010000 - 0x00007ffc9f0c1000 	C:\WINDOWS\system32\uxtheme.dll
0x00007ffca4120000 - 0x00007ffca44b1000 	C:\WINDOWS\System32\combase.dll
0x00007ffca3ce0000 - 0x00007ffca3e41000 	C:\WINDOWS\System32\MSCTF.dll
0x00007ffca0d20000 - 0x00007ffca0d38000 	C:\WINDOWS\SYSTEM32\kernel.appcore.dll
0x00007ffc7bfd0000 - 0x00007ffc7c115000 	C:\WINDOWS\SYSTEM32\textinputframework.dll
0x00007ffca2840000 - 0x00007ffca2917000 	C:\WINDOWS\System32\OLEAUT32.dll
0x00007ffc97b00000 - 0x00007ffc97c33000 	C:\WINDOWS\SYSTEM32\CoreMessaging.dll
0x00007ffc963d0000 - 0x00007ffc9673d000 	C:\WINDOWS\SYSTEM32\CoreUIComponents.dll
0x00007ffc9f9f0000 - 0x00007ffc9fb2f000 	C:\WINDOWS\SYSTEM32\wintypes.dll
0x00007ffc84cd0000 - 0x00007ffc84d39000 	C:\WINDOWS\system32\Oleacc.dll
0x00007ffca46d0000 - 0x00007ffca4780000 	C:\WINDOWS\System32\clbcatq.dll
0x00007ffc7bf80000 - 0x00007ffc7bfcb000 	C:\WINDOWS\system32\ApplicationTargetedFeatureDatabase.dll
0x00007ffc95e80000 - 0x00007ffc96124000 	C:\Windows\System32\twinapi.appcore.dll
0x00000000172b0000 - 0x0000000017357000 	C:\Users\77957\.idl\idlworkbench-config-idl8.3.0_x86_64\org.eclipse.osgi\bundles\530\1\.cp\swt-win32-3740.dll
0x00007ffca2670000 - 0x00007ffca2815000 	C:\WINDOWS\System32\ole32.dll
0x00007ffca4020000 - 0x00007ffca4120000 	C:\WINDOWS\System32\comdlg32.dll
0x00007ffca4570000 - 0x00007ffca466a000 	C:\WINDOWS\System32\shcore.dll
0x00007ffca4670000 - 0x00007ffca46ce000 	C:\WINDOWS\System32\SHLWAPI.dll
0x00007ffca3330000 - 0x00007ffca3ba9000 	C:\WINDOWS\System32\SHELL32.dll
0x00007ffca2470000 - 0x00007ffca25d6000 	C:\WINDOWS\System32\CRYPT32.dll
0x00007ffc84d40000 - 0x00007ffc84de7000 	C:\WINDOWS\SYSTEM32\WINSPOOL.DRV
0x00007ffc87250000 - 0x00007ffc87269000 	C:\WINDOWS\SYSTEM32\USP10.dll
0x00007ffc89910000 - 0x00007ffc89e0e000 	C:\WINDOWS\SYSTEM32\WININET.dll
0x00007ffc9da00000 - 0x00007ffc9db01000 	C:\WINDOWS\SYSTEM32\propsys.dll
0x00007ffc9fb30000 - 0x00007ffca0439000 	C:\WINDOWS\system32\windows.storage.dll
0x00007ffc59f00000 - 0x00007ffc5a0b5000 	C:\Windows\System32\TaskFlowDataEngine.dll
0x00000000174a0000 - 0x00000000174be000 	C:\Users\77957\.idl\idlworkbench-config-idl8.3.0_x86_64\org.eclipse.osgi\bundles\530\1\.cp\swt-gdip-win32-3740.dll
0x00007ffc87310000 - 0x00007ffc874ca000 	C:\WINDOWS\WinSxS\amd64_microsoft.windows.gdiplus_6595b64144ccf1df_1.1.22621.4746_none_57fb527ace17bb1a\gdiplus.dll
0x00007ffc9ee20000 - 0x00007ffc9efd0000 	C:\WINDOWS\SYSTEM32\WindowsCodecs.dll
0x0000000180000000 - 0x0000000180011000 	C:\Users\77957\.idl\idlworkbench-config-idl8.3.0_x86_64\org.eclipse.osgi\bundles\183\1\.cp\os\win32\x86_64\localfile_1_0_0.dll
0x00007ffc79720000 - 0x00007ffc7976d000 	C:\Program Files\Exelis\IDL83\bin\bin.x86_64\idl_ips.dll
0x00007ffc50ab0000 - 0x00007ffc5180d000 	C:\Program Files\Exelis\IDL83\bin\bin.x86_64\idl.dll
0x00007ffc7f890000 - 0x00007ffc7f8b3000 	C:\Program Files\Exelis\IDL83\bin\bin.x86_64\UG3220.dll
0x00007ffc98e60000 - 0x00007ffc98e6c000 	C:\Program Files\Exelis\IDL83\bin\bin.x86_64\osmesa6_2.dll
0x00007ffc8dbd0000 - 0x00007ffc8dbe9000 	C:\WINDOWS\SYSTEM32\NETAPI32.dll
0x00007ffc796c0000 - 0x00007ffc7971c000 	C:\Program Files\Exelis\IDL83\bin\bin.x86_64\MesaGLU6_2.dll
0x00007ffc872a0000 - 0x00007ffc872a7000 	C:\WINDOWS\SYSTEM32\MSIMG32.dll
0x00007ffc6b820000 - 0x00007ffc6b9ae000 	C:\Program Files\Exelis\IDL83\bin\bin.x86_64\MesaGL6_2.dll
0x00007ffc700b0000 - 0x00007ffc7012c000 	C:\Program Files\Exelis\IDL83\bin\bin.x86_64\freetype2_4_7.dll
0x00007ffca0f90000 - 0x00007ffca0fd3000 	C:\WINDOWS\SYSTEM32\SspiCli.dll
0x00007ffc7b2f0000 - 0x00007ffc7b3a1000 	C:\WINDOWS\SYSTEM32\TextShaping.dll
0x00007ffc65a40000 - 0x00007ffc65cfb000 	C:\WINDOWS\system32\explorerframe.dll
0x00007ffc9cb00000 - 0x00007ffc9cb78000 	C:\WINDOWS\System32\netprofm.dll
0x00007ffc9b010000 - 0x00007ffc9b028000 	C:\WINDOWS\System32\npmproxy.dll
0x00007ffc9bc00000 - 0x00007ffc9bc19000 	C:\WINDOWS\SYSTEM32\dhcpcsvc6.DLL
0x00007ffc9bbe0000 - 0x00007ffc9bbff000 	C:\WINDOWS\SYSTEM32\dhcpcsvc.DLL
0x00007ffc7a170000 - 0x00007ffc7a1af000 	C:\WINDOWS\system32\spool\DRIVERS\x64\3\kvpui64.dll
0x00007ffc5a6a0000 - 0x00007ffc5a91c000 	C:\WINDOWS\system32\spool\DRIVERS\x64\3\kvpdrv64.dll
0x00007ffc969e0000 - 0x00007ffc96a9c000 	C:\WINDOWS\SYSTEM32\mscms.dll
0x00007ffc79290000 - 0x00007ffc792d9000 	C:\WINDOWS\SYSTEM32\icm32.dll
0x00007ffc87150000 - 0x00007ffc87250000 	C:\WINDOWS\SYSTEM32\OpenGL32.DLL
0x00007ffc86f10000 - 0x00007ffc86f3d000 	C:\WINDOWS\SYSTEM32\GLU32.dll
0x00007ffc9f310000 - 0x00007ffc9f347000 	C:\WINDOWS\SYSTEM32\dxcore.dll
0x00007ffc75350000 - 0x00007ffc7538e000 	C:\Program Files\Exelis\IDL83\bin\bin.x86_64\gl_driver.dll
0x00007ffc7ae30000 - 0x00007ffc7ae8e000 	C:\WINDOWS\system32\dataexchange.dll
0x000000001b600000 - 0x000000001b603000 	C:\WINDOWS\SYSTEM32\icmp.Dll
0x00007ffc5c890000 - 0x00007ffc5c8d2000 	C:\WINDOWS\system32\mlang.dll
0x00007ffca1aa0000 - 0x00007ffca1b43000 	C:\WINDOWS\SYSTEM32\sxs.dll
0x00007ffc8e280000 - 0x00007ffc8e291000 	C:\Users\77957\.idl\idlworkbench-config-idl8.3.0_x86_64\org.eclipse.osgi\bundles\208\1\.cp\jWinHttp-1.0.0.dll
0x00007ffc9cf80000 - 0x00007ffc9d0b6000 	C:\WINDOWS\SYSTEM32\WINHTTP.dll
0x00007ffc9f2a0000 - 0x00007ffc9f2cb000 	C:\WINDOWS\system32\dwmapi.dll
0x00007ffc71790000 - 0x00007ffc71d1a000 	C:\WINDOWS\system32\windowsudk.shellcommon.dll
0x00007ffc99f70000 - 0x00007ffc99fa7000 	C:\WINDOWS\system32\XmlLite.dll
0x00007ffc7f180000 - 0x00007ffc7f2fd000 	C:\Windows\System32\Windows.UI.dll
0x00007ffc7d9d0000 - 0x00007ffc7db45000 	C:\Windows\System32\Windows.UI.Immersive.dll
0x00007ffc637b0000 - 0x00007ffc6381a000 	C:\Windows\System32\thumbcache.dll
0x00007ffc9d930000 - 0x00007ffc9d9d5000 	C:\WINDOWS\SYSTEM32\policymanager.dll
0x00007ffc9d800000 - 0x00007ffc9d893000 	C:\WINDOWS\SYSTEM32\msvcp110_win.dll
0x00007ffca0af0000 - 0x00007ffca0afc000 	C:\WINDOWS\system32\Secur32.dll
0x00007ffc78ec0000 - 0x00007ffc78f76000 	C:\Windows\System32\Windows.FileExplorer.Common.dll
0x00007ffc80a60000 - 0x00007ffc80a88000 	C:\Windows\System32\srvcli.dll
0x00007ffca0840000 - 0x00007ffca084c000 	C:\Windows\System32\netutils.dll
0x00007ffc9ad00000 - 0x00007ffc9ad0e000 	C:\WINDOWS\SYSTEM32\atlthunk.dll
0x00007ffca1920000 - 0x00007ffca196e000 	C:\WINDOWS\system32\CFGMGR32.dll
0x00007ffc6fb60000 - 0x00007ffc6ffa9000 	C:\WINDOWS\SYSTEM32\UIAutomationCore.DLL
0x00007ffc80a90000 - 0x00007ffc80aae000 	C:\WINDOWS\system32\MPR.dll
0x00007ffc6bfb0000 - 0x00007ffc6bfdb000 	C:\WINDOWS\System32\p9np.dll
0x00007ffc8e640000 - 0x00007ffc8e64c000 	C:\WINDOWS\System32\drprov.dll
0x00007ffc7a060000 - 0x00007ffc7a079000 	C:\WINDOWS\System32\ntlanman.dll
0x00007ffc79f70000 - 0x00007ffc79f8f000 	C:\WINDOWS\System32\davclnt.dll

VM Arguments:
jvm_args: -Dosgi.instance.area.default=@user.home/IDLWorkspace83 -Dosgi.configuration.area=@user.home/.idl/idlworkbench-config-idl8.3.0_x86_64 -Dosgi.configuration.cascaded=true -Dosgi.checkConfiguration=true -Dosgi.sharedConfiguration.area.readOnly=true -Dorg.eclipse.update.reconcile=false -Declipse.p2.data.area=@config.dir/p2 -Dosgi.sharedConfiguration.area=C:\Program Files\Exelis\IDL83\bin\bin.x86_64/configuration 
java_command: <unknown>
Launcher Type: generic

Environment Variables:
PATH=C:/Program Files/Exelis/IDL83/bin/bin.x86_64/jre/bin/server;C:/Program Files/Exelis/IDL83/bin/bin.x86_64/jre/bin;C:/Program Files/Exelis/IDL83/bin/bin.x86_64/jre/lib/amd64;C:\Program Files\Exelis\IDL83\bin\bin.x86_64\;C:\WINDOWS\system32;C:\WINDOWS;C:\WINDOWS\System32\Wbem;C:\WINDOWS\System32\WindowsPowerShell\v1.0\;C:\WINDOWS\System32\OpenSSH\;C:\Users\77957\AppData\Local\Programs\Python\Python38;C:\Users\77957\AppData\Local\Programs\Python\Python38\Scripts;C:\Program Files (x86)\Tencent\微信web开发者工具\dll;C:\Program Files\MATLAB\R2024a\runtime\win64;C:\Program Files\MATLAB\R2024a\bin;C:\Users\77957\AppData\Local\Microsoft\WindowsApps;C:\Program Files\JetBrains\PyCharm 2023.1\bin;;C:\Users\77957\AppData\Local\Programs\Python\Python38;;C:\Program Files\Exelis\IDL83\bin\bin.x86_64;
USERNAME=77957
OS=Windows_NT
PROCESSOR_IDENTIFIER=Intel64 Family 6 Model 140 Stepping 1, GenuineIntel



---------------  S Y S T E M  ---------------

OS: Windows 8 , 64 bit Build 9200 

CPU:total 8 (4 cores per cpu, 2 threads per core) family 6 model 140 stepping 1, cmov, cx8, fxsr, mmx, sse, sse2, sse3, ssse3, sse4.1, sse4.2, popcnt, avx, avx2, ht, tsc, tscinvbit

Memory: 4k page, physical 16607232k(7867512k free), swap 21325824k(8301924k free)

vm_info: Java HotSpot(TM) 64-Bit Server VM (23.25-b01) for windows-amd64 JRE (1.7.0_25-b17), built on Jun 21 2013 12:58:32 by "java_re" with unknown MS VC++:1600

time: Sat Jan 18 20:03:04 2025
elapsed time: 2882 seconds

