#
# A fatal error has been detected by the Java Runtime Environment:
#
#  EXCEPTION_ACCESS_VIOLATION (0xc0000005) at pc=0x00007ffa4888f051, pid=13860, tid=2992
#
# JRE version: 7.0_25-b17
# Java VM: Java HotSpot(TM) 64-Bit Server VM (23.25-b01 mixed mode windows-amd64 compressed oops)
# Problematic frame:
# C  0x00007ffa4888f051  DumpRegistryKeyDefinitions+0x75f441
#
# Failed to write core dump. Minidumps are not enabled by default on client versions of Windows
#
# If you would like to submit a bug report, please visit:
#   http://bugreport.sun.com/bugreport/crash.jsp
# The crash happened outside the Java Virtual Machine in native code.
# See problematic frame for where to report the bug.
#

---------------  T H R E A D  ---------------

Current thread (0x0000000014883000):  JavaThread "IDL" [_thread_in_native, id=2992, stack(0x0000000017180000,0x0000000017280000)]

siginfo: ExceptionCode=0xc0000005, reading address 0xffffffffffffffff

Registers:
RAX=0x3f8000003edd6f80, RBX=0x00000000172711d0, RCX=0x0000000018ad6458, RDX=0x00007ffa48d2c900
RSP=0x0000000017271148, RBP=0x00007ffa48d2c950, RSI=0x00000000172711a0, RDI=0x0000000000000007
R8 =0x00000000172711a0, R9 =0x0000000017271180, R10=0x0000000017271280, R11=0x00000000172711e8
R12=0x00007ffa48d2c950, R13=0x000000002eb67b30, R14=0x0000000000000002, R15=0x0000000058520000
RIP=0x00007ffa4888f051, EFLAGS=0x0000000000010246

Top of Stack: (sp=0x0000000017271148)
0x0000000017271148:   00007ffa487154c9 00000000172711a0
0x0000000017271158:   3f8000004130009a 42840206416003d4
0x0000000017271168:   3f800000426c03c0 0000000018ad60a0
0x0000000017271178:   00007ffa48715be0 0000000000000000
0x0000000017271188:   0000000000000002 0000000017271280
0x0000000017271198:   0000000000000001 0000000018ad60a0
0x00000000172711a8:   0000000018ad60a0 0000000018ad6458
0x00000000172711b8:   0000000000000000 0000000000000012
0x00000000172711c8:   00007ffa00000007 0000000000000000
0x00000000172711d8:   0000000017271280 0000000000000000
0x00000000172711e8:   0000000018ad6458 0000000018ad6468
0x00000000172711f8:   0000000018ad6478 0000000000000000
0x0000000017271208:   0000000018ad6498 0000000018ad64a8
0x0000000017271218:   0000000018ad64b8 0000000000000000
0x0000000017271228:   0000000000000000 0000000000000000
0x0000000017271238:   0000000000000000 0000000000000000 

Instructions: (pc=0x00007ffa4888f051)
0x00007ffa4888f031:   4a 04 f3 0f 11 42 08 8b 41 30 0f 28 02 48 03 c0
0x00007ffa4888f041:   f3 0f 7f 04 c1 ff 41 30 c3 cc cc 48 8b 01 32 d2
0x00007ffa4888f051:   38 50 34 74 0b 48 8b 41 08 38 50 34 74 02 b2 01
0x00007ffa4888f061:   8a c2 c3 44 8b 81 60 10 00 00 8b 91 18 19 00 00 


Register to memory mapping:

RAX=0x3f8000003edd6f80 is an unknown value
RBX=0x00000000172711d0 is pointing into the stack for thread: 0x0000000014883000
RCX=0x0000000018ad6458 is an unknown value
RDX=0x00007ffa48d2c900 is an unknown value
RSP=0x0000000017271148 is pointing into the stack for thread: 0x0000000014883000
RBP=0x00007ffa48d2c950 is an unknown value
RSI=0x00000000172711a0 is pointing into the stack for thread: 0x0000000014883000
RDI=0x0000000000000007 is an unknown value
R8 =0x00000000172711a0 is pointing into the stack for thread: 0x0000000014883000
R9 =0x0000000017271180 is pointing into the stack for thread: 0x0000000014883000
R10=0x0000000017271280 is pointing into the stack for thread: 0x0000000014883000
R11=0x00000000172711e8 is pointing into the stack for thread: 0x0000000014883000
R12=0x00007ffa48d2c950 is an unknown value
R13=0x000000002eb67b30 is an unknown value
R14=0x0000000000000002 is an unknown value
R15=0x0000000058520000 is an unknown value


Stack: [0x0000000017180000,0x0000000017280000],  sp=0x0000000017271148,  free space=964k
Native frames: (J=compiled Java code, j=interpreted, Vv=VM code, C=native code)
C  0x00007ffa4888f051  DumpRegistryKeyDefinitions+0x75f441

Java frames: (J=compiled Java code, j=interpreted, Vv=VM code)
j  com.rsi.idldt.core.ips.IPS_Access.IPS_Start([Ljava/lang/String;)V+0
j  com.rsi.idldt.core.ips.IPS_Manager$2.run()V+15
j  java.lang.Thread.run()V+11
v  ~StubRoutines::call_stub

---------------  P R O C E S S  ---------------

Java Threads: ( => current thread )
  0x0000000014885000 JavaThread "Worker-12" [_thread_blocked, id=12204, stack(0x000000001e840000,0x000000001e940000)]
  0x000000001668f000 JavaThread "Worker-11" [_thread_blocked, id=6756, stack(0x000000001c4a0000,0x000000001c5a0000)]
  0x000000001668d800 JavaThread "Worker-10" [_thread_blocked, id=10768, stack(0x0000000019b30000,0x0000000019c30000)]
  0x000000001668d000 JavaThread "Worker-9" [_thread_blocked, id=9500, stack(0x0000000019680000,0x0000000019780000)]
  0x000000001668c000 JavaThread "Worker-8" [_thread_blocked, id=3028, stack(0x00000000193c0000,0x00000000194c0000)]
  0x000000001668b800 JavaThread "Worker-7" [_thread_blocked, id=6560, stack(0x0000000015670000,0x0000000015770000)]
  0x0000000016689000 JavaThread "Worker-6" [_thread_blocked, id=16672, stack(0x0000000016990000,0x0000000016a90000)]
  0x0000000016688800 JavaThread "[ThreadPool Manager] - Idle Thread" daemon [_thread_blocked, id=16216, stack(0x0000000018db0000,0x0000000018eb0000)]
  0x000000001668a000 JavaThread "Timer-2" daemon [_thread_blocked, id=14388, stack(0x000000001e740000,0x000000001e840000)]
  0x000000001103b000 JavaThread "Timer-1" daemon [_thread_blocked, id=14624, stack(0x000000001e370000,0x000000001e470000)]
  0x000000001488d800 JavaThread "Worker-5" [_thread_blocked, id=8724, stack(0x000000001d0a0000,0x000000001d1a0000)]
  0x000000001488c000 JavaThread "Thread-15" [_thread_in_native, id=11228, stack(0x000000001d200000,0x000000001d300000)]
  0x0000000014887800 JavaThread "IDLDT DOM Worker-7" [_thread_blocked, id=14664, stack(0x000000001cda0000,0x000000001cea0000)]
  0x000000001488a800 JavaThread "IDLDT DOM Worker-6" [_thread_blocked, id=3500, stack(0x000000001cca0000,0x000000001cda0000)]
  0x000000001488b000 JavaThread "IDLDT DOM Worker-5" [_thread_blocked, id=9684, stack(0x000000001cba0000,0x000000001cca0000)]
  0x0000000014886000 JavaThread "IDLDT DOM Worker-4" [_thread_blocked, id=2144, stack(0x000000001caa0000,0x000000001cba0000)]
  0x000000001488c800 JavaThread "IDLDT DOM Worker-3" [_thread_blocked, id=14976, stack(0x000000001c9a0000,0x000000001caa0000)]
  0x0000000014888000 JavaThread "IDLDT DOM Worker-2" [_thread_blocked, id=14244, stack(0x000000001c8a0000,0x000000001c9a0000)]
  0x0000000014889800 JavaThread "IDLDT DOM Worker-1" [_thread_blocked, id=2812, stack(0x000000001c7a0000,0x000000001c8a0000)]
  0x0000000014889000 JavaThread "IDLDT DOM Worker-0" [_thread_blocked, id=17032, stack(0x000000001c6a0000,0x000000001c7a0000)]
  0x000000001487e800 JavaThread "Timer-0" daemon [_thread_blocked, id=8280, stack(0x000000001c5a0000,0x000000001c6a0000)]
=>0x0000000014883000 JavaThread "IDL" [_thread_in_native, id=2992, stack(0x0000000017180000,0x0000000017280000)]
  0x0000000014883800 JavaThread "IDLToJava Broker" daemon [_thread_blocked, id=14688, stack(0x0000000017080000,0x0000000017180000)]
  0x0000000014882000 JavaThread "Provisioning Event Dispatcher" daemon [_thread_blocked, id=11500, stack(0x0000000015770000,0x0000000015870000)]
  0x0000000014880800 JavaThread "Bundle File Closer" daemon [_thread_blocked, id=10452, stack(0x0000000015570000,0x0000000015670000)]
  0x000000001103c800 JavaThread "Worker-JM" [_thread_blocked, id=8092, stack(0x0000000015470000,0x0000000015570000)]
  0x000000001103b800 JavaThread "[Timer] - Main Queue Handler" daemon [_thread_blocked, id=9728, stack(0x00000000152c0000,0x00000000153c0000)]
  0x0000000011039800 JavaThread "Framework Event Dispatcher" daemon [_thread_blocked, id=17268, stack(0x00000000150c0000,0x00000000151c0000)]
  0x0000000011038800 JavaThread "Start Level Event Dispatcher" daemon [_thread_blocked, id=16232, stack(0x0000000014fc0000,0x00000000150c0000)]
  0x000000001103e000 JavaThread "State Data Manager" daemon [_thread_blocked, id=8620, stack(0x0000000014ec0000,0x0000000014fc0000)]
  0x000000001103e800 JavaThread "Framework Active Thread" [_thread_blocked, id=8368, stack(0x0000000014dc0000,0x0000000014ec0000)]
  0x0000000011038000 JavaThread "Service Thread" daemon [_thread_blocked, id=3532, stack(0x0000000013410000,0x0000000013510000)]
  0x0000000011045000 JavaThread "C2 CompilerThread1" daemon [_thread_blocked, id=12028, stack(0x0000000013310000,0x0000000013410000)]
  0x0000000011012800 JavaThread "C2 CompilerThread0" daemon [_thread_blocked, id=4528, stack(0x0000000013210000,0x0000000013310000)]
  0x000000001103d000 JavaThread "Attach Listener" daemon [_thread_blocked, id=14488, stack(0x0000000013110000,0x0000000013210000)]
  0x000000001103a000 JavaThread "Signal Dispatcher" daemon [_thread_blocked, id=15576, stack(0x0000000013010000,0x0000000013110000)]
  0x0000000010faf800 JavaThread "Finalizer" daemon [_thread_blocked, id=17356, stack(0x0000000012f10000,0x0000000013010000)]
  0x0000000010fa8800 JavaThread "Reference Handler" daemon [_thread_blocked, id=16196, stack(0x0000000012e10000,0x0000000012f10000)]
  0x000000000213e800 JavaThread "main" [_thread_in_native, id=6428, stack(0x0000000000050000,0x0000000000150000)]

Other Threads:
  0x0000000010fa4000 VMThread [stack: 0x0000000012d10000,0x0000000012e10000] [id=11396]
  0x0000000013525000 WatcherThread [stack: 0x0000000013910000,0x0000000013a10000] [id=12456]

VM state:not at safepoint (normal execution)

VM Mutex/Monitor currently owned by a thread: None

Heap
 PSYoungGen      total 44736K, used 588K [0x00000007ab800000, 0x00000007ae6a0000, 0x0000000800000000)
  eden space 41856K, 1% used [0x00000007ab800000,0x00000007ab8930f8,0x00000007ae0e0000)
  from space 2880K, 0% used [0x00000007ae3d0000,0x00000007ae3d0000,0x00000007ae6a0000)
  to   space 2944K, 0% used [0x00000007ae0e0000,0x00000007ae0e0000,0x00000007ae3c0000)
 ParOldGen       total 202880K, used 85888K [0x0000000702800000, 0x000000070ee20000, 0x00000007ab800000)
  object space 202880K, 42% used [0x0000000702800000,0x0000000707be0040,0x000000070ee20000)
 PSPermGen       total 83968K, used 46887K [0x00000006fd600000, 0x0000000702800000, 0x0000000702800000)
  object space 83968K, 55% used [0x00000006fd600000,0x00000007003c9c48,0x0000000702800000)

Card table byte_map: [0x0000000005700000,0x0000000005f20000] byte_map_base: 0x0000000001f15000

Polling page: 0x0000000002510000

Code Cache  [0x0000000002640000, 0x0000000002ca0000, 0x0000000005640000)
 total_blobs=2466 nmethods=1806 adapters=608 free_code_cache=42813Kb largest_free_block=43710912

Compilation events (10 events):
Event: 2004.747 Thread 0x0000000011012800 2005             org.eclipse.jface.text.AbstractDocument::updatePositions (51 bytes)
Event: 2004.749 Thread 0x0000000011012800 nmethod 2005 0x0000000002821490 code [0x0000000002821600, 0x0000000002821918]
Event: 2005.073 Thread 0x0000000011045000 2006   !         org.eclipse.jface.text.AbstractDocument::doFireDocumentChanged2 (171 bytes)
Event: 2005.076 Thread 0x0000000011045000 nmethod 2006 0x00000000026ede10 code [0x00000000026edfc0, 0x00000000026ee508]
Event: 2006.559 Thread 0x0000000011012800 2007             org.eclipse.jface.text.AbstractDocument::getPositions (58 bytes)
Event: 2006.563 Thread 0x0000000011012800 nmethod 2007 0x00000000028550d0 code [0x0000000002855240, 0x0000000002855738]
Event: 2006.674 Thread 0x0000000011045000 2008             org.eclipse.swt.graphics.TextLayout::getBounds (865 bytes)
Event: 2006.684 Thread 0x0000000011045000 nmethod 2008 0x0000000002a37990 code [0x0000000002a37b80, 0x0000000002a38960]
Event: 2012.725 Thread 0x0000000011012800 2012  s          org.eclipse.ui.internal.console.ConsoleDocument::getPositions (6 bytes)
Event: 2012.726 Thread 0x0000000011012800 nmethod 2012 0x00000000026ed510 code [0x00000000026ed660, 0x00000000026ed988]

GC Heap History (10 events):
Event: 2008.231 GC heap before
{Heap before GC invocations=68 (full 1):
 PSYoungGen      total 46656K, used 45062K [0x00000007ab800000, 0x00000007ae9e0000, 0x0000000800000000)
  eden space 44416K, 100% used [0x00000007ab800000,0x00000007ae360000,0x00000007ae360000)
  from space 2240K, 28% used [0x00000007ae7b0000,0x00000007ae851838,0x00000007ae9e0000)
  to   space 3328K, 0% used [0x00000007ae360000,0x00000007ae360000,0x00000007ae6a0000)
 ParOldGen       total 202880K, used 148060K [0x0000000702800000, 0x000000070ee20000, 0x00000007ab800000)
  object space 202880K, 72% used [0x0000000702800000,0x000000070b897030,0x000000070ee20000)
 PSPermGen       total 46976K, used 46882K [0x00000006fd600000, 0x00000007003e0000, 0x0000000702800000)
  object space 46976K, 99% used [0x00000006fd600000,0x00000007003c89b0,0x00000007003e0000)
Event: 2008.233 GC heap after
Heap after GC invocations=68 (full 1):
 PSYoungGen      total 44864K, used 1292K [0x00000007ab800000, 0x00000007ae8c0000, 0x0000000800000000)
  eden space 43520K, 0% used [0x00000007ab800000,0x00000007ab800000,0x00000007ae280000)
  from space 1344K, 96% used [0x00000007ae360000,0x00000007ae4a30e8,0x00000007ae4b0000)
  to   space 3200K, 0% used [0x00000007ae5a0000,0x00000007ae5a0000,0x00000007ae8c0000)
 ParOldGen       total 202880K, used 148148K [0x0000000702800000, 0x000000070ee20000, 0x00000007ab800000)
  object space 202880K, 73% used [0x0000000702800000,0x000000070b8ad030,0x000000070ee20000)
 PSPermGen       total 46976K, used 46882K [0x00000006fd600000, 0x00000007003e0000, 0x0000000702800000)
  object space 46976K, 99% used [0x00000006fd600000,0x00000007003c89b0,0x00000007003e0000)
}
Event: 2008.765 GC heap before
{Heap before GC invocations=69 (full 1):
 PSYoungGen      total 44864K, used 44812K [0x00000007ab800000, 0x00000007ae8c0000, 0x0000000800000000)
  eden space 43520K, 100% used [0x00000007ab800000,0x00000007ae280000,0x00000007ae280000)
  from space 1344K, 96% used [0x00000007ae360000,0x00000007ae4a30e8,0x00000007ae4b0000)
  to   space 3200K, 0% used [0x00000007ae5a0000,0x00000007ae5a0000,0x00000007ae8c0000)
 ParOldGen       total 202880K, used 148148K [0x0000000702800000, 0x000000070ee20000, 0x00000007ab800000)
  object space 202880K, 73% used [0x0000000702800000,0x000000070b8ad030,0x000000070ee20000)
 PSPermGen       total 46976K, used 46882K [0x00000006fd600000, 0x00000007003e0000, 0x0000000702800000)
  object space 46976K, 99% used [0x00000006fd600000,0x00000007003c8a58,0x00000007003e0000)
Event: 2008.766 GC heap after
Heap after GC invocations=69 (full 1):
 PSYoungGen      total 44928K, used 1446K [0x00000007ab800000, 0x00000007ae7d0000, 0x0000000800000000)
  eden space 42688K, 0% used [0x00000007ab800000,0x00000007ab800000,0x00000007ae1b0000)
  from space 2240K, 64% used [0x00000007ae5a0000,0x00000007ae709820,0x00000007ae7d0000)
  to   space 3136K, 0% used [0x00000007ae1b0000,0x00000007ae1b0000,0x00000007ae4c0000)
 ParOldGen       total 202880K, used 148261K [0x0000000702800000, 0x000000070ee20000, 0x00000007ab800000)
  object space 202880K, 73% used [0x0000000702800000,0x000000070b8c9768,0x000000070ee20000)
 PSPermGen       total 46976K, used 46882K [0x00000006fd600000, 0x00000007003e0000, 0x0000000702800000)
  object space 46976K, 99% used [0x00000006fd600000,0x00000007003c8a58,0x00000007003e0000)
}
Event: 2009.275 GC heap before
{Heap before GC invocations=70 (full 1):
 PSYoungGen      total 44928K, used 44134K [0x00000007ab800000, 0x00000007ae7d0000, 0x0000000800000000)
  eden space 42688K, 100% used [0x00000007ab800000,0x00000007ae1b0000,0x00000007ae1b0000)
  from space 2240K, 64% used [0x00000007ae5a0000,0x00000007ae709820,0x00000007ae7d0000)
  to   space 3136K, 0% used [0x00000007ae1b0000,0x00000007ae1b0000,0x00000007ae4c0000)
 ParOldGen       total 202880K, used 148261K [0x0000000702800000, 0x000000070ee20000, 0x00000007ab800000)
  object space 202880K, 73% used [0x0000000702800000,0x000000070b8c9768,0x000000070ee20000)
 PSPermGen       total 46976K, used 46882K [0x00000006fd600000, 0x00000007003e0000, 0x0000000702800000)
  object space 46976K, 99% used [0x00000006fd600000,0x00000007003c8a58,0x00000007003e0000)
Event: 2009.277 GC heap after
Heap after GC invocations=70 (full 1):
 PSYoungGen      total 43264K, used 1382K [0x00000007ab800000, 0x00000007ae6c0000, 0x0000000800000000)
  eden space 41856K, 0% used [0x00000007ab800000,0x00000007ab800000,0x00000007ae0e0000)
  from space 1408K, 98% used [0x00000007ae1b0000,0x00000007ae309820,0x00000007ae310000)
  to   space 3008K, 0% used [0x00000007ae3d0000,0x00000007ae3d0000,0x00000007ae6c0000)
 ParOldGen       total 202880K, used 148333K [0x0000000702800000, 0x000000070ee20000, 0x00000007ab800000)
  object space 202880K, 73% used [0x0000000702800000,0x000000070b8db768,0x000000070ee20000)
 PSPermGen       total 46976K, used 46882K [0x00000006fd600000, 0x00000007003e0000, 0x0000000702800000)
  object space 46976K, 99% used [0x00000006fd600000,0x00000007003c8a58,0x00000007003e0000)
}
Event: 2013.807 GC heap before
{Heap before GC invocations=71 (full 1):
 PSYoungGen      total 43264K, used 39312K [0x00000007ab800000, 0x00000007ae6c0000, 0x0000000800000000)
  eden space 41856K, 90% used [0x00000007ab800000,0x00000007add0aab0,0x00000007ae0e0000)
  from space 1408K, 98% used [0x00000007ae1b0000,0x00000007ae309820,0x00000007ae310000)
  to   space 3008K, 0% used [0x00000007ae3d0000,0x00000007ae3d0000,0x00000007ae6c0000)
 ParOldGen       total 202880K, used 148333K [0x0000000702800000, 0x000000070ee20000, 0x00000007ab800000)
  object space 202880K, 73% used [0x0000000702800000,0x000000070b8db768,0x000000070ee20000)
 PSPermGen       total 46976K, used 46884K [0x00000006fd600000, 0x00000007003e0000, 0x0000000702800000)
  object space 46976K, 99% used [0x00000006fd600000,0x00000007003c9298,0x00000007003e0000)
Event: 2013.810 GC heap after
Heap after GC invocations=71 (full 1):
 PSYoungGen      total 44736K, used 572K [0x00000007ab800000, 0x00000007ae6a0000, 0x0000000800000000)
  eden space 41856K, 0% used [0x00000007ab800000,0x00000007ab800000,0x00000007ae0e0000)
  from space 2880K, 19% used [0x00000007ae3d0000,0x00000007ae45f118,0x00000007ae6a0000)
  to   space 2944K, 0% used [0x00000007ae0e0000,0x00000007ae0e0000,0x00000007ae3c0000)
 ParOldGen       total 202880K, used 148423K [0x0000000702800000, 0x000000070ee20000, 0x00000007ab800000)
  object space 202880K, 73% used [0x0000000702800000,0x000000070b8f1ea0,0x000000070ee20000)
 PSPermGen       total 46976K, used 46884K [0x00000006fd600000, 0x00000007003e0000, 0x0000000702800000)
  object space 46976K, 99% used [0x00000006fd600000,0x00000007003c9298,0x00000007003e0000)
}
Event: 2013.810 GC heap before
{Heap before GC invocations=72 (full 2):
 PSYoungGen      total 44736K, used 572K [0x00000007ab800000, 0x00000007ae6a0000, 0x0000000800000000)
  eden space 41856K, 0% used [0x00000007ab800000,0x00000007ab800000,0x00000007ae0e0000)
  from space 2880K, 19% used [0x00000007ae3d0000,0x00000007ae45f118,0x00000007ae6a0000)
  to   space 2944K, 0% used [0x00000007ae0e0000,0x00000007ae0e0000,0x00000007ae3c0000)
 ParOldGen       total 202880K, used 148423K [0x0000000702800000, 0x000000070ee20000, 0x00000007ab800000)
  object space 202880K, 73% used [0x0000000702800000,0x000000070b8f1ea0,0x000000070ee20000)
 PSPermGen       total 46976K, used 46884K [0x00000006fd600000, 0x00000007003e0000, 0x0000000702800000)
  object space 46976K, 99% used [0x00000006fd600000,0x00000007003c9298,0x00000007003e0000)
Event: 2013.900 GC heap after
Heap after GC invocations=72 (full 2):
 PSYoungGen      total 44736K, used 0K [0x00000007ab800000, 0x00000007ae6a0000, 0x0000000800000000)
  eden space 41856K, 0% used [0x00000007ab800000,0x00000007ab800000,0x00000007ae0e0000)
  from space 2880K, 0% used [0x00000007ae3d0000,0x00000007ae3d0000,0x00000007ae6a0000)
  to   space 2944K, 0% used [0x00000007ae0e0000,0x00000007ae0e0000,0x00000007ae3c0000)
 ParOldGen       total 202880K, used 85888K [0x0000000702800000, 0x000000070ee20000, 0x00000007ab800000)
  object space 202880K, 42% used [0x0000000702800000,0x0000000707be0040,0x000000070ee20000)
 PSPermGen       total 83968K, used 46882K [0x00000006fd600000, 0x0000000702800000, 0x0000000702800000)
  object space 83968K, 55% used [0x00000006fd600000,0x00000007003c8bd8,0x0000000702800000)
}

Deoptimization events (10 events):
Event: 1956.754 Thread 0x000000000213e800 Uncommon trap -58 fr.pc 0x0000000002821914
Event: 1956.754 Thread 0x000000000213e800 Uncommon trap -58 fr.pc 0x0000000002821914
Event: 1956.772 Thread 0x000000000213e800 Uncommon trap -34 fr.pc 0x0000000002b6c178
Event: 1958.075 Thread 0x000000000213e800 Uncommon trap -83 fr.pc 0x00000000028734f8
Event: 1993.892 Thread 0x000000000213e800 Uncommon trap -12 fr.pc 0x0000000002b14540
Event: 2009.720 Thread 0x0000000014883800 Uncommon trap -12 fr.pc 0x000000000279f344
Event: 2013.239 Thread 0x000000000213e800 Uncommon trap -83 fr.pc 0x0000000002bac16c
Event: 2013.242 Thread 0x000000000213e800 Uncommon trap -83 fr.pc 0x0000000002b6c820
Event: 2013.242 Thread 0x000000000213e800 Uncommon trap -83 fr.pc 0x0000000002b267bc
Event: 2013.242 Thread 0x000000000213e800 Uncommon trap -34 fr.pc 0x0000000002ae33fc

Internal exceptions (10 events):
Event: 1919.158 Thread 0x000000000213e800 Implicit null exception at 0x0000000002b3a828 to 0x0000000002b3a8c5
Event: 1919.158 Thread 0x000000000213e800 Implicit null exception at 0x0000000002bb00f3 to 0x0000000002bb06c1
Event: 1919.158 Thread 0x000000000213e800 Implicit null exception at 0x0000000002ad9f2d to 0x0000000002ada229
Event: 1920.829 Thread 0x0000000014885000 Implicit null exception at 0x0000000002bcaab8 to 0x0000000002bcce0d
Event: 1929.082 Thread 0x000000000213e800 Implicit null exception at 0x0000000002c0fd80 to 0x0000000002c10285
Event: 1949.778 Thread 0x000000000213e800 Implicit null exception at 0x0000000002bbda91 to 0x0000000002bbdafa
Event: 1949.963 Thread 0x000000000213e800 Implicit null exception at 0x00000000029a3c8b to 0x00000000029a3ccf
Event: 1993.892 Thread 0x000000000213e800 Implicit null exception at 0x0000000002b12cc3 to 0x0000000002b14535
Event: 2009.720 Thread 0x0000000014883800 Implicit null exception at 0x000000000279eae4 to 0x000000000279f32d
Event: 2013.242 Thread 0x000000000213e800 Implicit null exception at 0x0000000002b6b915 to 0x0000000002b6c7f9

Events (10 events):
Event: 2013.284 Executing VM operation: RevokeBias
Event: 2013.284 Executing VM operation: RevokeBias done
Event: 2013.807 Executing VM operation: ParallelGCSystemGC
Event: 2013.900 Executing VM operation: ParallelGCSystemGC done
Event: 2013.901 loading class 0x0000000010e507a0
Event: 2013.901 loading class 0x0000000010e507a0 done
Event: 2013.901 loading class 0x0000000010e50620
Event: 2013.901 loading class 0x0000000010e50620 done
Event: 2013.901 Thread 0x000000001e249000 Thread added: 0x000000001e249000
Event: 2013.901 Thread 0x000000001e249000 Thread exited: 0x000000001e249000


Dynamic libraries:
0x0000000000400000 - 0x000000000040e000 	C:\Program Files\Exelis\IDL83\bin\bin.x86_64\idlde.exe
0x00007ffabb930000 - 0x00007ffabbb47000 	C:\WINDOWS\SYSTEM32\ntdll.dll
0x00007ffaba1d0000 - 0x00007ffaba294000 	C:\WINDOWS\System32\KERNEL32.DLL
0x00007ffab8d60000 - 0x00007ffab9105000 	C:\WINDOWS\System32\KERNELBASE.dll
0x00007ffab5110000 - 0x00007ffab51a7000 	C:\WINDOWS\SYSTEM32\apphelp.dll
0x00007ffaba600000 - 0x00007ffaba7ae000 	C:\WINDOWS\System32\USER32.dll
0x00007ffab9230000 - 0x00007ffab9256000 	C:\WINDOWS\System32\win32u.dll
0x00007ffaba050000 - 0x00007ffaba079000 	C:\WINDOWS\System32\GDI32.dll
0x00007ffab9560000 - 0x00007ffab9679000 	C:\WINDOWS\System32\gdi32full.dll
0x00007ffab92d0000 - 0x00007ffab936a000 	C:\WINDOWS\System32\msvcp_win.dll
0x00007ffab9110000 - 0x00007ffab9221000 	C:\WINDOWS\System32\ucrtbase.dll
0x00007ffabafe0000 - 0x00007ffabb087000 	C:\WINDOWS\System32\msvcrt.dll
0x00007ffa9bc30000 - 0x00007ffa9bec3000 	C:\WINDOWS\WinSxS\amd64_microsoft.windows.common-controls_6595b64144ccf1df_6.0.22621.2506_none_270c5ae97388e100\COMCTL32.dll
0x00007ffab9a90000 - 0x00007ffab9ac1000 	C:\WINDOWS\System32\IMM32.DLL
0x0000000072000000 - 0x0000000072012000 	C:\Program Files\Exelis\IDL83\bin\bin.x86_64\plugins\org.eclipse.equinox.launcher.win32.win32.x86_64_1.1.100.v20110502\eclipse_1406.dll
0x00007ffabaf20000 - 0x00007ffabafd1000 	C:\WINDOWS\System32\ADVAPI32.dll
0x00007ffab9ad0000 - 0x00007ffab9b76000 	C:\WINDOWS\System32\sechost.dll
0x00007ffaba0b0000 - 0x00007ffaba1c7000 	C:\WINDOWS\System32\RPCRT4.dll
0x00007ffab1fe0000 - 0x00007ffab1fea000 	C:\WINDOWS\SYSTEM32\VERSION.dll
0x000000006b230000 - 0x000000006b93f000 	C:\Program Files\Exelis\IDL83\bin\bin.x86_64\jre\bin\server\jvm.dll
0x00007ffaba090000 - 0x00007ffaba098000 	C:\WINDOWS\System32\PSAPI.DLL
0x00007ffab3e60000 - 0x00007ffab3e69000 	C:\WINDOWS\SYSTEM32\WSOCK32.dll
0x00007ffab1680000 - 0x00007ffab16b4000 	C:\WINDOWS\SYSTEM32\WINMM.dll
0x000000006b150000 - 0x000000006b222000 	C:\WINDOWS\SYSTEM32\MSVCR100.dll
0x00007ffab9680000 - 0x00007ffab96f1000 	C:\WINDOWS\System32\WS2_32.dll
0x000000006b140000 - 0x000000006b14f000 	C:\Program Files\Exelis\IDL83\bin\bin.x86_64\jre\bin\verify.dll
0x000000006b110000 - 0x000000006b138000 	C:\Program Files\Exelis\IDL83\bin\bin.x86_64\jre\bin\java.dll
0x000000006b0f0000 - 0x000000006b105000 	C:\Program Files\Exelis\IDL83\bin\bin.x86_64\jre\bin\zip.dll
0x00007ffab8440000 - 0x00007ffab845b000 	C:\WINDOWS\SYSTEM32\CRYPTSP.dll
0x00007ffab7cc0000 - 0x00007ffab7cf5000 	C:\WINDOWS\system32\rsaenh.dll
0x00007ffab82e0000 - 0x00007ffab830c000 	C:\WINDOWS\SYSTEM32\USERENV.dll
0x00007ffab8bd0000 - 0x00007ffab8bf6000 	C:\WINDOWS\SYSTEM32\profapi.dll
0x00007ffab8650000 - 0x00007ffab8678000 	C:\WINDOWS\SYSTEM32\bcrypt.dll
0x00007ffab9370000 - 0x00007ffab93ea000 	C:\WINDOWS\System32\bcryptprimitives.dll
0x00007ffab8460000 - 0x00007ffab846c000 	C:\WINDOWS\SYSTEM32\CRYPTBASE.dll
0x000000006b0d0000 - 0x000000006b0e9000 	C:\Program Files\Exelis\IDL83\bin\bin.x86_64\jre\bin\net.dll
0x00007ffab81e0000 - 0x00007ffab8249000 	C:\WINDOWS\system32\mswsock.dll
0x00007ffa9de20000 - 0x00007ffa9de37000 	C:\WINDOWS\system32\napinsp.dll
0x00007ffa92b40000 - 0x00007ffa92b5b000 	C:\WINDOWS\system32\pnrpnsp.dll
0x00007ffab77c0000 - 0x00007ffab78b9000 	C:\WINDOWS\SYSTEM32\DNSAPI.dll
0x00007ffab7750000 - 0x00007ffab777d000 	C:\WINDOWS\SYSTEM32\IPHLPAPI.DLL
0x00007ffaba080000 - 0x00007ffaba089000 	C:\WINDOWS\System32\NSI.dll
0x00007ffa8f2f0000 - 0x00007ffa8f301000 	C:\WINDOWS\System32\winrnr.dll
0x00007ffab1410000 - 0x00007ffab1425000 	C:\WINDOWS\system32\wshbth.dll
0x00007ffa8f2c0000 - 0x00007ffa8f2e1000 	C:\WINDOWS\system32\nlansp_c.dll
0x00007ffab1160000 - 0x00007ffab116a000 	C:\Windows\System32\rasadhlp.dll
0x00007ffab1010000 - 0x00007ffab1093000 	C:\WINDOWS\System32\fwpuclnt.dll
0x000000006b0b0000 - 0x000000006b0c1000 	C:\Program Files\Exelis\IDL83\bin\bin.x86_64\jre\bin\nio.dll
0x00007ffab60a0000 - 0x00007ffab614b000 	C:\WINDOWS\system32\uxtheme.dll
0x00007ffab9700000 - 0x00007ffab9a89000 	C:\WINDOWS\System32\combase.dll
0x00007ffaba860000 - 0x00007ffaba9af000 	C:\WINDOWS\System32\MSCTF.dll
0x00007ffab7d00000 - 0x00007ffab7d18000 	C:\WINDOWS\SYSTEM32\kernel.appcore.dll
0x00007ffaafa50000 - 0x00007ffaafb9a000 	C:\WINDOWS\SYSTEM32\textinputframework.dll
0x00007ffaba3a0000 - 0x00007ffaba477000 	C:\WINDOWS\System32\OLEAUT32.dll
0x00007ffab4e20000 - 0x00007ffab4f53000 	C:\WINDOWS\SYSTEM32\CoreMessaging.dll
0x00007ffab01e0000 - 0x00007ffab054c000 	C:\WINDOWS\SYSTEM32\CoreUIComponents.dll
0x00007ffab6a40000 - 0x00007ffab6b7e000 	C:\WINDOWS\SYSTEM32\wintypes.dll
0x00007ffa91170000 - 0x00007ffa911d9000 	C:\WINDOWS\system32\Oleacc.dll
0x0000000016840000 - 0x00000000168e7000 	C:\Users\77957\.idl\idlworkbench-config-idl8.3.0_x86_64\org.eclipse.osgi\bundles\530\1\.cp\swt-win32-3740.dll
0x00007ffabaa40000 - 0x00007ffababe0000 	C:\WINDOWS\System32\ole32.dll
0x00007ffabac60000 - 0x00007ffabad59000 	C:\WINDOWS\System32\comdlg32.dll
0x00007ffaba480000 - 0x00007ffaba573000 	C:\WINDOWS\System32\shcore.dll
0x00007ffaba340000 - 0x00007ffaba39e000 	C:\WINDOWS\System32\SHLWAPI.dll
0x00007ffabb090000 - 0x00007ffabb8e9000 	C:\WINDOWS\System32\SHELL32.dll
0x00007ffab93f0000 - 0x00007ffab9556000 	C:\WINDOWS\System32\CRYPT32.dll
0x00007ffa990f0000 - 0x00007ffa99198000 	C:\WINDOWS\SYSTEM32\WINSPOOL.DRV
0x00007ffa67f10000 - 0x00007ffa67f29000 	C:\WINDOWS\SYSTEM32\USP10.dll
0x00007ffa9e830000 - 0x00007ffa9ed24000 	C:\WINDOWS\SYSTEM32\WININET.dll
0x00007ffab3b30000 - 0x00007ffab3c31000 	C:\WINDOWS\SYSTEM32\propsys.dll
0x00007ffaba7b0000 - 0x00007ffaba860000 	C:\WINDOWS\System32\clbcatq.dll
0x00007ffab6b80000 - 0x00007ffab7474000 	C:\WINDOWS\system32\windows.storage.dll
0x00007ffa9db40000 - 0x00007ffa9dcf6000 	C:\Windows\System32\TaskFlowDataEngine.dll
0x00007ffaa19a0000 - 0x00007ffaa1a4b000 	C:\Windows\System32\OneCoreCommonProxyStub.dll
0x0000000016de0000 - 0x0000000016dfe000 	C:\Users\77957\.idl\idlworkbench-config-idl8.3.0_x86_64\org.eclipse.osgi\bundles\530\1\.cp\swt-gdip-win32-3740.dll
0x00007ffa99210000 - 0x00007ffa993c9000 	C:\WINDOWS\WinSxS\amd64_microsoft.windows.gdiplus_6595b64144ccf1df_1.1.22621.2506_none_57f74dcece1b5ace\gdiplus.dll
0x00007ffab4600000 - 0x00007ffab47b0000 	C:\WINDOWS\SYSTEM32\WindowsCodecs.dll
0x0000000180000000 - 0x0000000180011000 	C:\Users\77957\.idl\idlworkbench-config-idl8.3.0_x86_64\org.eclipse.osgi\bundles\183\1\.cp\os\win32\x86_64\localfile_1_0_0.dll
0x00007ffab17e0000 - 0x00007ffab182d000 	C:\Program Files\Exelis\IDL83\bin\bin.x86_64\idl_ips.dll
0x00007ffa74e20000 - 0x00007ffa75b7d000 	C:\Program Files\Exelis\IDL83\bin\bin.x86_64\idl.dll
0x00007ffab1750000 - 0x00007ffab17ac000 	C:\Program Files\Exelis\IDL83\bin\bin.x86_64\MesaGLU6_2.dll
0x00007ffa9d480000 - 0x00007ffa9d60e000 	C:\Program Files\Exelis\IDL83\bin\bin.x86_64\MesaGL6_2.dll
0x00007ffab17b0000 - 0x00007ffab17d3000 	C:\Program Files\Exelis\IDL83\bin\bin.x86_64\UG3220.dll
0x00007ffab2c70000 - 0x00007ffab2c7c000 	C:\Program Files\Exelis\IDL83\bin\bin.x86_64\osmesa6_2.dll
0x00007ffa9dd80000 - 0x00007ffa9dd99000 	C:\WINDOWS\SYSTEM32\NETAPI32.dll
0x00007ffa99200000 - 0x00007ffa99207000 	C:\WINDOWS\SYSTEM32\MSIMG32.dll
0x00007ffa9ed80000 - 0x00007ffa9edfc000 	C:\Program Files\Exelis\IDL83\bin\bin.x86_64\freetype2_4_7.dll
0x00007ffab7fc0000 - 0x00007ffab8002000 	C:\WINDOWS\SYSTEM32\SspiCli.dll
0x00007ffab1ff0000 - 0x00007ffab2009000 	C:\WINDOWS\SYSTEM32\dhcpcsvc6.DLL
0x00007ffab1db0000 - 0x00007ffab1dcf000 	C:\WINDOWS\SYSTEM32\dhcpcsvc.DLL
0x0000000017c40000 - 0x0000000017f2b000 	C:\WINDOWS\system32\spool\DRIVERS\x64\3\hp1100su.dll
0x0000000017f30000 - 0x0000000018035000 	C:\WINDOWS\system32\spool\DRIVERS\x64\3\HP1100GC.dll
0x0000000017380000 - 0x00000000173df000 	C:\WINDOWS\system32\spool\DRIVERS\x64\3\hp1100sd.dll
0x00007ffa994a0000 - 0x00007ffa995a0000 	C:\WINDOWS\SYSTEM32\OpenGL32.DLL
0x00007ffa9b6c0000 - 0x00007ffa9b6ed000 	C:\WINDOWS\SYSTEM32\GLU32.dll
0x00007ffab6390000 - 0x00007ffab63c6000 	C:\WINDOWS\SYSTEM32\dxcore.dll
0x00007ffab0d20000 - 0x00007ffab0d5e000 	C:\Program Files\Exelis\IDL83\bin\bin.x86_64\gl_driver.dll
0x00000000152b0000 - 0x00000000152b3000 	C:\WINDOWS\SYSTEM32\icmp.Dll
0x00007ffa88520000 - 0x00007ffa885d0000 	C:\WINDOWS\SYSTEM32\TextShaping.dll
0x00007ffa90c40000 - 0x00007ffa90ee9000 	C:\WINDOWS\system32\explorerframe.dll
0x00007ffa90ef0000 - 0x00007ffa90f4e000 	C:\WINDOWS\system32\dataexchange.dll
0x00007ffaadee0000 - 0x00007ffaae165000 	C:\WINDOWS\system32\twinapi.appcore.dll
0x00007ffa828a0000 - 0x00007ffa828e2000 	C:\WINDOWS\system32\mlang.dll
0x00007ffab8b10000 - 0x00007ffab8bb3000 	C:\WINDOWS\SYSTEM32\sxs.dll
0x00007ffab1730000 - 0x00007ffab1741000 	C:\Users\77957\.idl\idlworkbench-config-idl8.3.0_x86_64\org.eclipse.osgi\bundles\208\1\.cp\jWinHttp-1.0.0.dll
0x00007ffab29b0000 - 0x00007ffab2ae7000 	C:\WINDOWS\SYSTEM32\WINHTTP.dll
0x00007ffa87600000 - 0x00007ffa87ae2000 	C:\WINDOWS\system32\windowsudk.shellcommon.dll
0x00007ffab0a60000 - 0x00007ffab0a97000 	C:\WINDOWS\system32\XmlLite.dll
0x00007ffa91c90000 - 0x00007ffa91e04000 	C:\Windows\System32\Windows.UI.dll
0x00007ffa89990000 - 0x00007ffa89b05000 	C:\Windows\System32\Windows.UI.Immersive.dll
0x00007ffa8f700000 - 0x00007ffa8f76b000 	C:\Windows\System32\thumbcache.dll
0x00007ffab7b20000 - 0x00007ffab7b2c000 	C:\WINDOWS\system32\Secur32.dll
0x00007ffa8dca0000 - 0x00007ffa8dd45000 	C:\Windows\System32\Windows.FileExplorer.Common.dll
0x00007ffa9e5b0000 - 0x00007ffa9e5be000 	C:\WINDOWS\SYSTEM32\atlthunk.dll
0x00007ffab8990000 - 0x00007ffab89de000 	C:\WINDOWS\system32\CFGMGR32.dll
0x00007ffab00a0000 - 0x00007ffab01d5000 	C:\Windows\System32\Windows.System.Launcher.dll
0x00007ffab3490000 - 0x00007ffab3523000 	C:\Windows\System32\msvcp110_win.dll
0x00007ffab1450000 - 0x00007ffab146a000 	C:\WINDOWS\SYSTEM32\windows.staterepositorycore.dll
0x00007ffa838e0000 - 0x00007ffa83b43000 	C:\Users\77957\AppData\Roaming\baidu\BaiduNetdisk\YunShellExtV164.dll
0x00007ffa83890000 - 0x00007ffa838d8000 	C:\WINDOWS\system32\BKBbcor64.dll
0x00007ffa8db00000 - 0x00007ffa8db2d000 	C:\WINDOWS\system32\cldapi.dll
0x00007ffa8db30000 - 0x00007ffa8dc19000 	C:\WINDOWS\system32\Windows.Storage.Search.dll
0x00007ffa83810000 - 0x00007ffa8388f000 	C:\WINDOWS\system32\Fannie64.dll
0x00007ffa83760000 - 0x00007ffa837df000 	C:\WINDOWS\system32\XsRls64.dll
0x00007ffa83710000 - 0x00007ffa83747000 	C:\Windows\System32\EhStorShell.dll
0x00007ffab9bd0000 - 0x00007ffaba044000 	C:\WINDOWS\System32\SETUPAPI.dll
0x00007ffa9efb0000 - 0x00007ffa9f06b000 	C:\WINDOWS\System32\StructuredQuery.dll
0x00007ffa9df40000 - 0x00007ffa9df66000 	C:\WINDOWS\system32\mssprxy.dll
0x00007ffa8b0d0000 - 0x00007ffa8b0ea000 	C:\WINDOWS\system32\NetworkExplorer.dll

VM Arguments:
jvm_args: -Dosgi.instance.area.default=@user.home/IDLWorkspace83 -Dosgi.configuration.area=@user.home/.idl/idlworkbench-config-idl8.3.0_x86_64 -Dosgi.configuration.cascaded=true -Dosgi.checkConfiguration=true -Dosgi.sharedConfiguration.area.readOnly=true -Dorg.eclipse.update.reconcile=false -Declipse.p2.data.area=@config.dir/p2 -Dosgi.sharedConfiguration.area=C:\Program Files\Exelis\IDL83\bin\bin.x86_64/configuration 
java_command: <unknown>
Launcher Type: generic

Environment Variables:
PATH=C:/Program Files/Exelis/IDL83/bin/bin.x86_64/jre/bin/server;C:/Program Files/Exelis/IDL83/bin/bin.x86_64/jre/bin;C:/Program Files/Exelis/IDL83/bin/bin.x86_64/jre/lib/amd64;C:\Program Files\Exelis\IDL83\bin\bin.x86_64\;C:\WINDOWS\system32;C:\WINDOWS;C:\WINDOWS\System32\Wbem;C:\WINDOWS\System32\WindowsPowerShell\v1.0\;C:\WINDOWS\System32\OpenSSH\;C:\Users\77957\AppData\Local\Programs\Python\Python38;C:\Users\77957\AppData\Local\Programs\Python\Python38\Scripts;C:\Users\77957\AppData\Local\Microsoft\WindowsApps;C:\Program Files\JetBrains\PyCharm 2023.1\bin;;C:\Users\77957\AppData\Local\Programs\Python\Python38;;C:\Program Files\Exelis\IDL83\bin\bin.x86_64;
USERNAME=77957
OS=Windows_NT
PROCESSOR_IDENTIFIER=Intel64 Family 6 Model 140 Stepping 1, GenuineIntel



---------------  S Y S T E M  ---------------

OS: Windows 8 , 64 bit Build 9200 

CPU:total 8 (4 cores per cpu, 2 threads per core) family 6 model 140 stepping 1, cmov, cx8, fxsr, mmx, sse, sse2, sse3, ssse3, sse4.1, sse4.2, popcnt, avx, avx2, ht, tsc, tscinvbit

Memory: 4k page, physical 16607280k(8420276k free), swap 17655856k(6799680k free)

vm_info: Java HotSpot(TM) 64-Bit Server VM (23.25-b01) for windows-amd64 JRE (1.7.0_25-b17), built on Jun 21 2013 12:58:32 by "java_re" with unknown MS VC++:1600

time: Mon Nov 20 17:59:25 2023
elapsed time: 2020 seconds

