#
# A fatal error has been detected by the Java Runtime Environment:
#
#  EXCEPTION_ACCESS_VIOLATION (0xc0000005) at pc=0x00007ffade04b7e0, pid=13888, tid=10420
#
# JRE version: 7.0_25-b17
# Java VM: Java HotSpot(TM) 64-Bit Server VM (23.25-b01 mixed mode windows-amd64 compressed oops)
# Problematic frame:
# C  0x00007ffade04b7e0  RegisterProcTableCallback+0x16b020
#
# Failed to write core dump. Minidumps are not enabled by default on client versions of Windows
#
# If you would like to submit a bug report, please visit:
#   http://bugreport.sun.com/bugreport/crash.jsp
# The crash happened outside the Java Virtual Machine in native code.
# See problematic frame for where to report the bug.
#

---------------  T H R E A D  ---------------

Current thread (0x00000000163f2000):  JavaThread "IDL" [_thread_in_native, id=10420, stack(0x0000000018b30000,0x0000000018c30000)]

siginfo: ExceptionCode=0xc0000005, reading address 0x0000000000000090

Registers:
RAX=0x00000000688ba5c0, RBX=0x0000000000000000, RCX=0x00000000688ba5c0, RDX=0x0000000000000000
RSP=0x0000000018c1f6d8, RBP=0x0000000018c1f7e0, RSI=0x0000000055a7f800, RDI=0x00000000688b6640
R8 =0x00000000688b75c8, R9 =0x00007ffadd930000, R10=0x0000000055a797d0, R11=0x0000000055a8ac80
R12=0x0000000068881d40, R13=0x00000000688b6f10, R14=0x00000000688b9668, R15=0x0000000000000000
RIP=0x00007ffade04b7e0, EFLAGS=0x0000000000010246

Top of Stack: (sp=0x0000000018c1f6d8)
0x0000000018c1f6d8:   00007ffadda195b0 0000000055a797d0
0x0000000018c1f6e8:   0000000055a7f800 0000000000000000
0x0000000018c1f6f8:   0000000055a4f140 00007ffa0000002e
0x0000000018c1f708:   0000000000000000 0000000000000480
0x0000000018c1f718:   00000000000006f0 000000002365ed00
0x0000000018c1f728:   0000000000000000 0000000000000000
0x0000000018c1f738:   0000000000000000 0000000000000000
0x0000000018c1f748:   0000000000000000 0000000000000000
0x0000000018c1f758:   0000000000000000 0000000800000001
0x0000000018c1f768:   0000000000000048 0000000055a4b530
0x0000000018c1f778:   0000000000000000 000000000000007f
0x0000000018c1f788:   0000000000000000 47bcb84800000000
0x0000000018c1f798:   0000000000000000 0000000000000000
0x0000000018c1f7a8:   0000000000000000 0000000000000000
0x0000000018c1f7b8:   0000000055a797d0 0000000055a4b480
0x0000000018c1f7c8:   00000000688b6f10 0000000055a797d0 

Instructions: (pc=0x00007ffade04b7e0)
0x00007ffade04b7c0:   75 0b 41 83 e0 fe 44 89 81 30 04 00 00 c3 cc cc
0x00007ffade04b7d0:   cc cc cc cc cc cc cc cc cc cc cc cc cc cc cc cc
0x00007ffade04b7e0:   48 8b 82 90 00 00 00 4c 8b c1 48 85 c0 74 06 48
0x00007ffade04b7f0:   8b 48 20 eb 14 48 8b 8a 98 00 00 00 48 85 c9 0f 


Register to memory mapping:

RAX=0x00000000688ba5c0 is an unknown value
RBX=0x0000000000000000 is an unknown value
RCX=0x00000000688ba5c0 is an unknown value
RDX=0x0000000000000000 is an unknown value
RSP=0x0000000018c1f6d8 is pointing into the stack for thread: 0x00000000163f2000
RBP=0x0000000018c1f7e0 is pointing into the stack for thread: 0x00000000163f2000
RSI=0x0000000055a7f800 is an unknown value
RDI=0x00000000688b6640 is an unknown value
R8 =0x00000000688b75c8 is an unknown value
R9 =0x00007ffadd930000 is an unknown value
R10=0x0000000055a797d0 is an unknown value
R11=0x0000000055a8ac80 is an unknown value
R12=0x0000000068881d40 is an unknown value
R13=0x00000000688b6f10 is an unknown value
R14=0x00000000688b9668 is an unknown value
R15=0x0000000000000000 is an unknown value


Stack: [0x0000000018b30000,0x0000000018c30000],  sp=0x0000000018c1f6d8,  free space=957k
Native frames: (J=compiled Java code, j=interpreted, Vv=VM code, C=native code)
C  0x00007ffade04b7e0  RegisterProcTableCallback+0x16b020

Java frames: (J=compiled Java code, j=interpreted, Vv=VM code)
j  com.rsi.idldt.core.ips.IPS_Access.IPS_Start([Ljava/lang/String;)V+0
j  com.rsi.idldt.core.ips.IPS_Manager$2.run()V+15
j  java.lang.Thread.run()V+11
v  ~StubRoutines::call_stub

---------------  P R O C E S S  ---------------

Java Threads: ( => current thread )
  0x000000001cce8000 JavaThread "Worker-50" [_thread_blocked, id=10036, stack(0x0000000047090000,0x0000000047190000)]
  0x000000001cce7800 JavaThread "Worker-49" [_thread_blocked, id=2064, stack(0x0000000046f00000,0x0000000047000000)]
  0x000000001ccdf000 JavaThread "Worker-48" [_thread_blocked, id=864, stack(0x000000001a7e0000,0x000000001a8e0000)]
  0x000000001cce6000 JavaThread "Worker-47" [_thread_blocked, id=3248, stack(0x000000001a500000,0x000000001a600000)]
  0x000000001ccea800 JavaThread "Worker-46" [_thread_blocked, id=11980, stack(0x000000004aeb0000,0x000000004afb0000)]
  0x000000001cce9000 JavaThread "Worker-41" [_thread_blocked, id=2972, stack(0x0000000019de0000,0x0000000019ee0000)]
  0x000000001cce6800 JavaThread "Worker-40" [_thread_blocked, id=10308, stack(0x000000001a8e0000,0x000000001a9e0000)]
  0x0000000018349800 JavaThread "Timer-2" daemon [_thread_blocked, id=2688, stack(0x000000001ee50000,0x000000001ef50000)]
  0x0000000018346000 JavaThread "Timer-1" daemon [_thread_blocked, id=17152, stack(0x000000001ea70000,0x000000001eb70000)]
  0x0000000018342000 JavaThread "Thread-14" [_thread_in_native, id=7108, stack(0x000000001e920000,0x000000001ea20000)]
  0x0000000018346800 JavaThread "IDLDT DOM Worker-7" [_thread_blocked, id=13404, stack(0x000000001e620000,0x000000001e720000)]
  0x0000000018343000 JavaThread "IDLDT DOM Worker-6" [_thread_blocked, id=12036, stack(0x000000001e520000,0x000000001e620000)]
  0x0000000018347800 JavaThread "IDLDT DOM Worker-5" [_thread_blocked, id=16104, stack(0x000000001e420000,0x000000001e520000)]
  0x00000000163f1800 JavaThread "IDLDT DOM Worker-4" [_thread_blocked, id=8564, stack(0x000000001e320000,0x000000001e420000)]
  0x00000000163ec000 JavaThread "IDLDT DOM Worker-3" [_thread_blocked, id=17464, stack(0x000000001e220000,0x000000001e320000)]
  0x00000000163f0800 JavaThread "IDLDT DOM Worker-2" [_thread_blocked, id=18248, stack(0x000000001e120000,0x000000001e220000)]
  0x00000000163ef000 JavaThread "IDLDT DOM Worker-1" [_thread_blocked, id=15696, stack(0x000000001e020000,0x000000001e120000)]
  0x00000000163ed800 JavaThread "IDLDT DOM Worker-0" [_thread_blocked, id=15996, stack(0x000000001df20000,0x000000001e020000)]
  0x00000000163ed000 JavaThread "Timer-0" daemon [_thread_blocked, id=18732, stack(0x000000001de20000,0x000000001df20000)]
=>0x00000000163f2000 JavaThread "IDL" [_thread_in_native, id=10420, stack(0x0000000018b30000,0x0000000018c30000)]
  0x0000000017935000 JavaThread "IDLToJava Broker" daemon [_thread_blocked, id=14752, stack(0x0000000018a30000,0x0000000018b30000)]
  0x0000000013500800 JavaThread "Provisioning Event Dispatcher" daemon [_thread_blocked, id=6400, stack(0x0000000017550000,0x0000000017650000)]
  0x0000000015f96800 JavaThread "[ThreadPool Manager] - Idle Thread" daemon [_thread_blocked, id=8952, stack(0x0000000017350000,0x0000000017450000)]
  0x000000001606c000 JavaThread "Bundle File Closer" daemon [_thread_blocked, id=15068, stack(0x0000000016ea0000,0x0000000016fa0000)]
  0x0000000015f74800 JavaThread "Worker-JM" [_thread_blocked, id=9400, stack(0x00000000170a0000,0x00000000171a0000)]
  0x0000000015f41000 JavaThread "[Timer] - Main Queue Handler" daemon [_thread_blocked, id=2864, stack(0x0000000016fa0000,0x00000000170a0000)]
  0x0000000015de6800 JavaThread "Framework Event Dispatcher" daemon [_thread_blocked, id=14212, stack(0x0000000016da0000,0x0000000016ea0000)]
  0x0000000015e59800 JavaThread "Start Level Event Dispatcher" daemon [_thread_blocked, id=6492, stack(0x00000000167a0000,0x00000000168a0000)]
  0x000000001347e000 JavaThread "State Data Manager" daemon [_thread_blocked, id=17852, stack(0x00000000166a0000,0x00000000167a0000)]
  0x0000000013509000 JavaThread "Framework Active Thread" [_thread_blocked, id=11956, stack(0x00000000165a0000,0x00000000166a0000)]
  0x0000000010d29000 JavaThread "Service Thread" daemon [_thread_blocked, id=17748, stack(0x0000000013100000,0x0000000013200000)]
  0x0000000010d22800 JavaThread "C2 CompilerThread1" daemon [_thread_blocked, id=3992, stack(0x0000000013000000,0x0000000013100000)]
  0x0000000010cf2800 JavaThread "C2 CompilerThread0" daemon [_thread_blocked, id=1316, stack(0x0000000012f00000,0x0000000013000000)]
  0x0000000010d1d800 JavaThread "Attach Listener" daemon [_thread_blocked, id=2768, stack(0x0000000012e00000,0x0000000012f00000)]
  0x0000000010cf1800 JavaThread "Signal Dispatcher" daemon [_thread_blocked, id=3344, stack(0x0000000012d00000,0x0000000012e00000)]
  0x0000000010c90000 JavaThread "Finalizer" daemon [_thread_blocked, id=18232, stack(0x0000000012c00000,0x0000000012d00000)]
  0x0000000010c88800 JavaThread "Reference Handler" daemon [_thread_blocked, id=4284, stack(0x0000000012b00000,0x0000000012c00000)]
  0x0000000002490800 JavaThread "main" [_thread_in_native, id=7580, stack(0x0000000000050000,0x0000000000150000)]

Other Threads:
  0x0000000010c85000 VMThread [stack: 0x0000000012a00000,0x0000000012b00000] [id=11240]
  0x0000000013218800 WatcherThread [stack: 0x0000000013600000,0x0000000013700000] [id=2000]

VM state:not at safepoint (normal execution)

VM Mutex/Monitor currently owned by a thread: None

Heap
 PSYoungGen      total 59520K, used 41534K [0x00000007accb0000, 0x00000007b1fc0000, 0x0000000800000000)
  eden space 46784K, 61% used [0x00000007accb0000,0x00000007ae8d4048,0x00000007afa60000)
  from space 12736K, 99% used [0x00000007afb50000,0x00000007b07bba88,0x00000007b07c0000)
  to   space 19136K, 0% used [0x00000007b0d10000,0x00000007b0d10000,0x00000007b1fc0000)
 ParOldGen       total 170368K, used 96395K [0x0000000706600000, 0x0000000710c60000, 0x00000007accb0000)
  object space 170368K, 56% used [0x0000000706600000,0x000000070c422d28,0x0000000710c60000)
 PSPermGen       total 49024K, used 47985K [0x0000000701400000, 0x00000007043e0000, 0x0000000706600000)
  object space 49024K, 97% used [0x0000000701400000,0x00000007042dc4c8,0x00000007043e0000)

Card table byte_map: [0x00000000056b0000,0x0000000005eb0000] byte_map_base: 0x0000000001ea6000

Polling page: 0x00000000004b0000

Code Cache  [0x00000000025f0000, 0x0000000002d00000, 0x00000000055f0000)
 total_blobs=2563 nmethods=1901 adapters=610 free_code_cache=42074Kb largest_free_block=42991424

Compilation events (10 events):
Event: 1753.806 Thread 0x0000000010cf2800 2138             java.util.regex.Pattern::clazz (405 bytes)
Event: 1753.816 Thread 0x0000000010cf2800 nmethod 2138 0x0000000002ceb110 code [0x0000000002ceb460, 0x0000000002cec330]
Event: 1756.422 Thread 0x0000000010d22800 2139             org.eclipse.swt.widgets.Control::setBounds (250 bytes)
Event: 1756.425 Thread 0x0000000010d22800 nmethod 2139 0x0000000002cd7410 code [0x0000000002cd75a0, 0x0000000002cd7b88]
Event: 1800.639 Thread 0x0000000010cf2800 2140             org.eclipse.osgi.framework.util.KeyedHashSet::elements (42 bytes)
Event: 1800.643 Thread 0x0000000010cf2800 nmethod 2140 0x0000000002c93850 code [0x0000000002c939a0, 0x0000000002c93c18]
Event: 2012.719 Thread 0x0000000010d22800   66 % !         org.eclipse.core.internal.jobs.JobManager::findBlockingJob @ 44 (179 bytes)
Event: 2012.728 Thread 0x0000000010d22800 nmethod 66% 0x0000000002cdec90 code [0x0000000002cdee60, 0x0000000002ce00b8]
Event: 2012.751 Thread 0x0000000010cf2800 2141   !         org.eclipse.core.internal.jobs.JobManager::findBlockingJob (179 bytes)
Event: 2012.759 Thread 0x0000000010cf2800 nmethod 2141 0x0000000002ce9690 code [0x0000000002ce9840, 0x0000000002cea790]

GC Heap History (10 events):
Event: 2011.758 GC heap before
{Heap before GC invocations=153 (full 30):
 PSYoungGen      total 64768K, used 56322K [0x00000007accb0000, 0x00000007b1cd0000, 0x0000000800000000)
  eden space 52096K, 100% used [0x00000007accb0000,0x00000007aff90000,0x00000007aff90000)
  from space 12672K, 33% used [0x00000007b1070000,0x00000007b1490b58,0x00000007b1cd0000)
  to   space 14976K, 0% used [0x00000007aff90000,0x00000007aff90000,0x00000007b0e30000)
 ParOldGen       total 170368K, used 72199K [0x0000000706600000, 0x0000000710c60000, 0x00000007accb0000)
  object space 170368K, 42% used [0x0000000706600000,0x000000070ac81e58,0x0000000710c60000)
 PSPermGen       total 49024K, used 47985K [0x0000000701400000, 0x00000007043e0000, 0x0000000706600000)
  object space 49024K, 97% used [0x0000000701400000,0x00000007042dc4a8,0x00000007043e0000)
Event: 2011.761 GC heap after
Heap after GC invocations=153 (full 30):
 PSYoungGen      total 58304K, used 7320K [0x00000007accb0000, 0x00000007b1bf0000, 0x0000000800000000)
  eden space 50944K, 0% used [0x00000007accb0000,0x00000007accb0000,0x00000007afe70000)
  from space 7360K, 99% used [0x00000007aff90000,0x00000007b06b6370,0x00000007b06c0000)
  to   space 15104K, 0% used [0x00000007b0d30000,0x00000007b0d30000,0x00000007b1bf0000)
 ParOldGen       total 170368K, used 75193K [0x0000000706600000, 0x0000000710c60000, 0x00000007accb0000)
  object space 170368K, 44% used [0x0000000706600000,0x000000070af6e510,0x0000000710c60000)
 PSPermGen       total 49024K, used 47985K [0x0000000701400000, 0x00000007043e0000, 0x0000000706600000)
  object space 49024K, 97% used [0x0000000701400000,0x00000007042dc4a8,0x00000007043e0000)
}
Event: 2012.252 GC heap before
{Heap before GC invocations=154 (full 30):
 PSYoungGen      total 58304K, used 58264K [0x00000007accb0000, 0x00000007b1bf0000, 0x0000000800000000)
  eden space 50944K, 100% used [0x00000007accb0000,0x00000007afe70000,0x00000007afe70000)
  from space 7360K, 99% used [0x00000007aff90000,0x00000007b06b6370,0x00000007b06c0000)
  to   space 15104K, 0% used [0x00000007b0d30000,0x00000007b0d30000,0x00000007b1bf0000)
 ParOldGen       total 170368K, used 75193K [0x0000000706600000, 0x0000000710c60000, 0x00000007accb0000)
  object space 170368K, 44% used [0x0000000706600000,0x000000070af6e510,0x0000000710c60000)
 PSPermGen       total 49024K, used 47985K [0x0000000701400000, 0x00000007043e0000, 0x0000000706600000)
  object space 49024K, 97% used [0x0000000701400000,0x00000007042dc4a8,0x00000007043e0000)
Event: 2012.254 GC heap after
Heap after GC invocations=154 (full 30):
 PSYoungGen      total 62208K, used 2935K [0x00000007accb0000, 0x00000007b1940000, 0x0000000800000000)
  eden space 49856K, 0% used [0x00000007accb0000,0x00000007accb0000,0x00000007afd60000)
  from space 12352K, 23% used [0x00000007b0d30000,0x00000007b100dcf8,0x00000007b1940000)
  to   space 14272K, 0% used [0x00000007afd60000,0x00000007afd60000,0x00000007b0b50000)
 ParOldGen       total 170368K, used 80615K [0x0000000706600000, 0x0000000710c60000, 0x00000007accb0000)
  object space 170368K, 47% used [0x0000000706600000,0x000000070b4b9c88,0x0000000710c60000)
 PSPermGen       total 49024K, used 47985K [0x0000000701400000, 0x00000007043e0000, 0x0000000706600000)
  object space 49024K, 97% used [0x0000000701400000,0x00000007042dc4a8,0x00000007043e0000)
}
Event: 2013.739 GC heap before
{Heap before GC invocations=155 (full 30):
 PSYoungGen      total 62208K, used 52791K [0x00000007accb0000, 0x00000007b1940000, 0x0000000800000000)
  eden space 49856K, 100% used [0x00000007accb0000,0x00000007afd60000,0x00000007afd60000)
  from space 12352K, 23% used [0x00000007b0d30000,0x00000007b100dcf8,0x00000007b1940000)
  to   space 14272K, 0% used [0x00000007afd60000,0x00000007afd60000,0x00000007b0b50000)
 ParOldGen       total 170368K, used 80615K [0x0000000706600000, 0x0000000710c60000, 0x00000007accb0000)
  object space 170368K, 47% used [0x0000000706600000,0x000000070b4b9c88,0x0000000710c60000)
 PSPermGen       total 49024K, used 47985K [0x0000000701400000, 0x00000007043e0000, 0x0000000706600000)
  object space 49024K, 97% used [0x0000000701400000,0x00000007042dc4c8,0x00000007043e0000)
Event: 2013.742 GC heap after
Heap after GC invocations=155 (full 30):
 PSYoungGen      total 51520K, used 2724K [0x00000007accb0000, 0x00000007b16d0000, 0x0000000800000000)
  eden space 48768K, 0% used [0x00000007accb0000,0x00000007accb0000,0x00000007afc50000)
  from space 2752K, 99% used [0x00000007afd60000,0x00000007b0009340,0x00000007b0010000)
  to   space 13568K, 0% used [0x00000007b0990000,0x00000007b0990000,0x00000007b16d0000)
 ParOldGen       total 170368K, used 83414K [0x0000000706600000, 0x0000000710c60000, 0x00000007accb0000)
  object space 170368K, 48% used [0x0000000706600000,0x000000070b775980,0x0000000710c60000)
 PSPermGen       total 49024K, used 47985K [0x0000000701400000, 0x00000007043e0000, 0x0000000706600000)
  object space 49024K, 97% used [0x0000000701400000,0x00000007042dc4c8,0x00000007043e0000)
}
Event: 2014.107 GC heap before
{Heap before GC invocations=156 (full 30):
 PSYoungGen      total 51520K, used 51492K [0x00000007accb0000, 0x00000007b16d0000, 0x0000000800000000)
  eden space 48768K, 100% used [0x00000007accb0000,0x00000007afc50000,0x00000007afc50000)
  from space 2752K, 99% used [0x00000007afd60000,0x00000007b0009340,0x00000007b0010000)
  to   space 13568K, 0% used [0x00000007b0990000,0x00000007b0990000,0x00000007b16d0000)
 ParOldGen       total 170368K, used 83414K [0x0000000706600000, 0x0000000710c60000, 0x00000007accb0000)
  object space 170368K, 48% used [0x0000000706600000,0x000000070b775980,0x0000000710c60000)
 PSPermGen       total 49024K, used 47985K [0x0000000701400000, 0x00000007043e0000, 0x0000000706600000)
  object space 49024K, 97% used [0x0000000701400000,0x00000007042dc4c8,0x00000007043e0000)
Event: 2014.110 GC heap after
Heap after GC invocations=156 (full 30):
 PSYoungGen      total 58624K, used 4420K [0x00000007accb0000, 0x00000007b1430000, 0x0000000800000000)
  eden space 47744K, 0% used [0x00000007accb0000,0x00000007accb0000,0x00000007afb50000)
  from space 10880K, 40% used [0x00000007b0990000,0x00000007b0de1358,0x00000007b1430000)
  to   space 12736K, 0% used [0x00000007afb50000,0x00000007afb50000,0x00000007b07c0000)
 ParOldGen       total 170368K, used 85363K [0x0000000706600000, 0x0000000710c60000, 0x00000007accb0000)
  object space 170368K, 50% used [0x0000000706600000,0x000000070b95cc58,0x0000000710c60000)
 PSPermGen       total 49024K, used 47985K [0x0000000701400000, 0x00000007043e0000, 0x0000000706600000)
  object space 49024K, 97% used [0x0000000701400000,0x00000007042dc4c8,0x00000007043e0000)
}
Event: 2014.429 GC heap before
{Heap before GC invocations=157 (full 30):
 PSYoungGen      total 58624K, used 52164K [0x00000007accb0000, 0x00000007b1430000, 0x0000000800000000)
  eden space 47744K, 100% used [0x00000007accb0000,0x00000007afb50000,0x00000007afb50000)
  from space 10880K, 40% used [0x00000007b0990000,0x00000007b0de1358,0x00000007b1430000)
  to   space 12736K, 0% used [0x00000007afb50000,0x00000007afb50000,0x00000007b07c0000)
 ParOldGen       total 170368K, used 85363K [0x0000000706600000, 0x0000000710c60000, 0x00000007accb0000)
  object space 170368K, 50% used [0x0000000706600000,0x000000070b95cc58,0x0000000710c60000)
 PSPermGen       total 49024K, used 47985K [0x0000000701400000, 0x00000007043e0000, 0x0000000706600000)
  object space 49024K, 97% used [0x0000000701400000,0x00000007042dc4c8,0x00000007043e0000)
Event: 2014.435 GC heap after
Heap after GC invocations=157 (full 30):
 PSYoungGen      total 59520K, used 12718K [0x00000007accb0000, 0x00000007b1fc0000, 0x0000000800000000)
  eden space 46784K, 0% used [0x00000007accb0000,0x00000007accb0000,0x00000007afa60000)
  from space 12736K, 99% used [0x00000007afb50000,0x00000007b07bba88,0x00000007b07c0000)
  to   space 19136K, 0% used [0x00000007b0d10000,0x00000007b0d10000,0x00000007b1fc0000)
 ParOldGen       total 170368K, used 96395K [0x0000000706600000, 0x0000000710c60000, 0x00000007accb0000)
  object space 170368K, 56% used [0x0000000706600000,0x000000070c422d28,0x0000000710c60000)
 PSPermGen       total 49024K, used 47985K [0x0000000701400000, 0x00000007043e0000, 0x0000000706600000)
  object space 49024K, 97% used [0x0000000701400000,0x00000007042dc4c8,0x00000007043e0000)
}

Deoptimization events (10 events):
Event: 1604.563 Thread 0x0000000002490800 Uncommon trap -58 fr.pc 0x000000000288dff0
Event: 1604.563 Thread 0x0000000002490800 Uncommon trap -58 fr.pc 0x000000000288dff0
Event: 1604.563 Thread 0x0000000002490800 Uncommon trap -58 fr.pc 0x00000000028cd5ac
Event: 1604.565 Thread 0x0000000002490800 Uncommon trap -34 fr.pc 0x0000000002b9f1c4
Event: 1604.565 Thread 0x0000000002490800 Uncommon trap -34 fr.pc 0x0000000002b9f1c4
Event: 1604.565 Thread 0x0000000002490800 Uncommon trap -34 fr.pc 0x0000000002b9f1c4
Event: 1604.565 Thread 0x0000000002490800 Uncommon trap -34 fr.pc 0x0000000002b9f1c4
Event: 1604.565 Thread 0x0000000002490800 Uncommon trap -34 fr.pc 0x000000000283c144
Event: 1751.531 Thread 0x000000001ccec000 Uncommon trap -58 fr.pc 0x0000000002b51ba8
Event: 1751.531 Thread 0x000000001ccec000 Uncommon trap -58 fr.pc 0x0000000002a6b64c

Internal exceptions (10 events):
Event: 942.845 Thread 0x0000000002490800 Implicit null exception at 0x0000000002af033c to 0x0000000002af0585
Event: 942.845 Thread 0x0000000002490800 Implicit null exception at 0x0000000002afd9ec to 0x0000000002afe6a5
Event: 942.845 Thread 0x0000000002490800 Implicit null exception at 0x0000000002af36f2 to 0x0000000002af3bf1
Event: 942.845 Thread 0x0000000002490800 Implicit null exception at 0x0000000002afab3b to 0x0000000002afb00d
Event: 992.593 Thread 0x000000001cce9000 Implicit null exception at 0x0000000002a64ab0 to 0x0000000002a64b05
Event: 995.122 Thread 0x000000001ccdf000 Implicit null exception at 0x0000000002c5f034 to 0x0000000002c60b7d
Event: 1295.923 Thread 0x0000000002490800 Threw 0x00000007b0958e60 at C:\jdk7u2_64p\jdk7u25\hotspot\src\share\vm\interpreter\interpreterRuntime.cpp:347
Event: 1296.484 Thread 0x0000000002490800 Threw 0x00000007b096b9b0 at C:\jdk7u2_64p\jdk7u25\hotspot\src\share\vm\interpreter\interpreterRuntime.cpp:347
Event: 1296.939 Thread 0x0000000002490800 Threw 0x00000007b097e530 at C:\jdk7u2_64p\jdk7u25\hotspot\src\share\vm\interpreter\interpreterRuntime.cpp:347
Event: 1297.363 Thread 0x0000000002490800 Threw 0x00000007b0991080 at C:\jdk7u2_64p\jdk7u25\hotspot\src\share\vm\interpreter\interpreterRuntime.cpp:347

Events (10 events):
Event: 2013.715 Thread 0x000000001cce2000 Thread added: 0x000000001cce2000
Event: 2013.739 Executing VM operation: ParallelGCFailedAllocation
Event: 2013.742 Executing VM operation: ParallelGCFailedAllocation done
Event: 2013.744 Thread 0x000000001cce2000 Thread exited: 0x000000001cce2000
Event: 2014.107 Executing VM operation: ParallelGCFailedAllocation
Event: 2014.110 Executing VM operation: ParallelGCFailedAllocation done
Event: 2014.429 Executing VM operation: ParallelGCFailedAllocation
Event: 2014.435 Executing VM operation: ParallelGCFailedAllocation done
Event: 2015.462 Executing VM operation: RevokeBias
Event: 2015.462 Executing VM operation: RevokeBias done


Dynamic libraries:
0x0000000000400000 - 0x000000000040e000 	C:\Program Files\Exelis\IDL83\bin\bin.x86_64\idlde.exe
0x00007ffb44030000 - 0x00007ffb44225000 	C:\WINDOWS\SYSTEM32\ntdll.dll
0x00007ffb43860000 - 0x00007ffb4391d000 	C:\WINDOWS\System32\KERNEL32.DLL
0x00007ffb41770000 - 0x00007ffb41a38000 	C:\WINDOWS\System32\KERNELBASE.dll
0x00007ffb3f000000 - 0x00007ffb3f090000 	C:\WINDOWS\SYSTEM32\apphelp.dll
0x00007ffb42090000 - 0x00007ffb42230000 	C:\WINDOWS\System32\USER32.dll
0x00007ffb41fb0000 - 0x00007ffb41fd2000 	C:\WINDOWS\System32\win32u.dll
0x00007ffb423d0000 - 0x00007ffb423fa000 	C:\WINDOWS\System32\GDI32.dll
0x00007ffb41da0000 - 0x00007ffb41eab000 	C:\WINDOWS\System32\gdi32full.dll
0x00007ffb41aa0000 - 0x00007ffb41b3d000 	C:\WINDOWS\System32\msvcp_win.dll
0x00007ffb41eb0000 - 0x00007ffb41fb0000 	C:\WINDOWS\System32\ucrtbase.dll
0x00007ffb42590000 - 0x00007ffb4262e000 	C:\WINDOWS\System32\msvcrt.dll
0x00007ffb14e10000 - 0x00007ffb150aa000 	C:\WINDOWS\WinSxS\amd64_microsoft.windows.common-controls_6595b64144ccf1df_6.0.19041.844_none_ca00b6081b84eb1d\COMCTL32.dll
0x00007ffb43fc0000 - 0x00007ffb43ff0000 	C:\WINDOWS\System32\IMM32.DLL
0x0000000072000000 - 0x0000000072012000 	C:\Program Files\Exelis\IDL83\bin\bin.x86_64\plugins\org.eclipse.equinox.launcher.win32.win32.x86_64_1.1.100.v20110502\eclipse_1406.dll
0x00007ffb42bf0000 - 0x00007ffb42c9c000 	C:\WINDOWS\System32\ADVAPI32.dll
0x00007ffb43570000 - 0x00007ffb4360b000 	C:\WINDOWS\System32\sechost.dll
0x00007ffb42630000 - 0x00007ffb4275b000 	C:\WINDOWS\System32\RPCRT4.dll
0x00007ffb32a70000 - 0x00007ffb32a7a000 	C:\WINDOWS\SYSTEM32\VERSION.dll
0x00000000528c0000 - 0x0000000052fcf000 	C:\Program Files\Exelis\IDL83\bin\bin.x86_64\jre\bin\server\jvm.dll
0x00007ffb43fb0000 - 0x00007ffb43fb8000 	C:\WINDOWS\System32\PSAPI.DLL
0x00007ffb303e0000 - 0x00007ffb30407000 	C:\WINDOWS\SYSTEM32\WINMM.dll
0x00007ffb3e460000 - 0x00007ffb3e469000 	C:\WINDOWS\SYSTEM32\WSOCK32.dll
0x00007ffb42240000 - 0x00007ffb422ab000 	C:\WINDOWS\System32\WS2_32.dll
0x00000000527e0000 - 0x00000000528b1000 	C:\WINDOWS\SYSTEM32\MSVCR100.dll
0x00000000527d0000 - 0x00000000527df000 	C:\Program Files\Exelis\IDL83\bin\bin.x86_64\jre\bin\verify.dll
0x00000000527a0000 - 0x00000000527c8000 	C:\Program Files\Exelis\IDL83\bin\bin.x86_64\jre\bin\java.dll
0x0000000052780000 - 0x0000000052795000 	C:\Program Files\Exelis\IDL83\bin\bin.x86_64\jre\bin\zip.dll
0x00007ffb41050000 - 0x00007ffb41068000 	C:\WINDOWS\SYSTEM32\CRYPTSP.dll
0x00007ffb40820000 - 0x00007ffb40854000 	C:\WINDOWS\system32\rsaenh.dll
0x00007ffb41d70000 - 0x00007ffb41d97000 	C:\WINDOWS\System32\bcrypt.dll
0x00007ffb41670000 - 0x00007ffb4169e000 	C:\WINDOWS\SYSTEM32\USERENV.dll
0x00007ffb416b0000 - 0x00007ffb416cf000 	C:\WINDOWS\SYSTEM32\profapi.dll
0x00007ffb41cf0000 - 0x00007ffb41d70000 	C:\WINDOWS\System32\bcryptprimitives.dll
0x00007ffb41070000 - 0x00007ffb4107c000 	C:\WINDOWS\SYSTEM32\CRYPTBASE.dll
0x0000000052760000 - 0x0000000052779000 	C:\Program Files\Exelis\IDL83\bin\bin.x86_64\jre\bin\net.dll
0x00007ffb40e80000 - 0x00007ffb40eea000 	C:\WINDOWS\system32\mswsock.dll
0x00007ffb27a20000 - 0x00007ffb27a6b000 	C:\Program Files (x86)\Sangfor\SSL\ClientComponent\3_SangforNspX64.dll
0x00007ffb43a40000 - 0x00007ffb43b6a000 	C:\WINDOWS\System32\ole32.dll
0x00007ffb43bd0000 - 0x00007ffb43f25000 	C:\WINDOWS\System32\combase.dll
0x00007ffb433f0000 - 0x00007ffb434bd000 	C:\WINDOWS\System32\OLEAUT32.dll
0x00007ffb439e0000 - 0x00007ffb43a35000 	C:\WINDOWS\System32\SHLWAPI.dll
0x00007ffb1b4e0000 - 0x00007ffb1b4f7000 	C:\WINDOWS\system32\napinsp.dll
0x00007ffb19cd0000 - 0x00007ffb19ceb000 	C:\WINDOWS\system32\pnrpnsp.dll
0x00007ffb3c490000 - 0x00007ffb3c4a5000 	C:\WINDOWS\system32\wshbth.dll
0x00007ffb3d040000 - 0x00007ffb3d05d000 	C:\WINDOWS\system32\NLAapi.dll
0x00007ffb40b70000 - 0x00007ffb40bab000 	C:\WINDOWS\SYSTEM32\IPHLPAPI.DLL
0x00007ffb40bb0000 - 0x00007ffb40c7c000 	C:\WINDOWS\SYSTEM32\DNSAPI.dll
0x00007ffb42230000 - 0x00007ffb42238000 	C:\WINDOWS\System32\NSI.dll
0x00007ffb19ba0000 - 0x00007ffb19bb2000 	C:\WINDOWS\System32\winrnr.dll
0x00007ffb32f90000 - 0x00007ffb32f9a000 	C:\Windows\System32\rasadhlp.dll
0x00007ffb32b60000 - 0x00007ffb32bdf000 	C:\WINDOWS\System32\fwpuclnt.dll
0x0000000052740000 - 0x0000000052751000 	C:\Program Files\Exelis\IDL83\bin\bin.x86_64\jre\bin\nio.dll
0x00007ffb3f150000 - 0x00007ffb3f1ee000 	C:\WINDOWS\system32\uxtheme.dll
0x00007ffb422b0000 - 0x00007ffb423c5000 	C:\WINDOWS\System32\MSCTF.dll
0x00007ffb3f690000 - 0x00007ffb3f6a2000 	C:\WINDOWS\SYSTEM32\kernel.appcore.dll
0x00007ffb27e60000 - 0x00007ffb27f59000 	C:\WINDOWS\SYSTEM32\textinputframework.dll
0x00007ffb3e6f0000 - 0x00007ffb3ea4e000 	C:\WINDOWS\System32\CoreUIComponents.dll
0x00007ffb3edd0000 - 0x00007ffb3eec2000 	C:\WINDOWS\System32\CoreMessaging.dll
0x00007ffb42400000 - 0x00007ffb424ae000 	C:\WINDOWS\System32\SHCORE.dll
0x00007ffb404f0000 - 0x00007ffb40523000 	C:\WINDOWS\SYSTEM32\ntmarta.dll
0x00007ffb3e2c0000 - 0x00007ffb3e414000 	C:\WINDOWS\SYSTEM32\wintypes.dll
0x00007ffb434c0000 - 0x00007ffb43569000 	C:\WINDOWS\System32\clbcatq.dll
0x00007ffb08800000 - 0x00007ffb088b2000 	C:\WINDOWS\system32\baiducnTSF.dll
0x00007ffb42ca0000 - 0x00007ffb433e2000 	C:\WINDOWS\System32\SHELL32.dll
0x00007ffb41b40000 - 0x00007ffb41c9f000 	C:\WINDOWS\System32\CRYPT32.dll
0x00007ffb42760000 - 0x00007ffb4277d000 	C:\WINDOWS\System32\imagehlp.dll
0x00007ffb3f8b0000 - 0x00007ffb40041000 	C:\WINDOWS\SYSTEM32\windows.storage.dll
0x00007ffb41110000 - 0x00007ffb4113c000 	C:\WINDOWS\System32\Wldp.dll
0x00007ffb083a0000 - 0x00007ffb08750000 	C:\Program Files (x86)\Baidu\BaiduPinyin\5.6.6000.0\UIPFullx64.dll
0x00007ffb2ed90000 - 0x00007ffb2edf6000 	C:\WINDOWS\SYSTEM32\OLEACC.dll
0x00007ffb35f20000 - 0x00007ffb35f27000 	C:\WINDOWS\SYSTEM32\MSIMG32.dll
0x00007ffb1b110000 - 0x00007ffb1b1a2000 	C:\Program Files (x86)\Baidu\BaiduPinyin\5.6.6000.0\configurex64.dll
0x00007ffb12fa0000 - 0x00007ffb1314b000 	C:\WINDOWS\WinSxS\amd64_microsoft.windows.gdiplus_6595b64144ccf1df_1.1.19041.928_none_faefac437613c6cc\gdiplus.dll
0x00007ffb082b0000 - 0x00007ffb0839f000 	C:\Program Files (x86)\Baidu\BaiduPinyin\5.6.6000.0\imefreetypex64.dll
0x00007ffb37110000 - 0x00007ffb37128000 	C:\WINDOWS\SYSTEM32\NETAPI32.dll
0x00007ffb28aa0000 - 0x00007ffb28af9000 	C:\Program Files (x86)\Baidu\BaiduPinyin\5.6.6000.0\imepngx64.dll
0x00007ffb20dd0000 - 0x00007ffb20e0a000 	C:\Program Files (x86)\Baidu\BaiduPinyin\5.6.6000.0\imezlibx64.dll
0x00007ffb41630000 - 0x00007ffb41661000 	C:\WINDOWS\SYSTEM32\SspiCli.dll
0x00007ffb2fc50000 - 0x00007ffb2fcf8000 	C:\Windows\System32\twinapi.dll
0x00007ffb3b830000 - 0x00007ffb3ba31000 	C:\Windows\System32\twinapi.appcore.dll
0x00007ffb3bb60000 - 0x00007ffb3bd14000 	C:\WINDOWS\SYSTEM32\WindowsCodecs.dll
0x00007ffb306d0000 - 0x00007ffb3070e000 	C:\WINDOWS\system32\dataexchange.dll
0x00007ffb3dbe0000 - 0x00007ffb3de44000 	C:\WINDOWS\system32\d3d11.dll
0x00007ffb3e500000 - 0x00007ffb3e6e5000 	C:\WINDOWS\system32\dcomp.dll
0x00007ffb400b0000 - 0x00007ffb401a3000 	C:\WINDOWS\system32\dxgi.dll
0x0000000018620000 - 0x00000000186c7000 	C:\Users\jia\.idl\idlworkbench-config-idl8.3.0_x86_64\org.eclipse.osgi\bundles\530\1\.cp\swt-win32-3740.dll
0x00007ffb424b0000 - 0x00007ffb4258a000 	C:\WINDOWS\System32\comdlg32.dll
0x00007ffafe520000 - 0x00007ffafe5ae000 	C:\WINDOWS\SYSTEM32\WINSPOOL.DRV
0x00007ffb2dcd0000 - 0x00007ffb2e1ad000 	C:\WINDOWS\SYSTEM32\WININET.dll
0x00007ffb315d0000 - 0x00007ffb315e9000 	C:\WINDOWS\SYSTEM32\USP10.dll
0x00007ffb3d360000 - 0x00007ffb3d457000 	C:\WINDOWS\SYSTEM32\propsys.dll
0x00007ffb12250000 - 0x00007ffb123ce000 	C:\Windows\System32\TaskFlowDataEngine.dll
0x00007ffb208e0000 - 0x00007ffb20d81000 	C:\Windows\System32\cdp.dll
0x00007ffb41ca0000 - 0x00007ffb41cee000 	C:\WINDOWS\System32\cfgmgr32.dll
0x00007ffb415c0000 - 0x00007ffb415d2000 	C:\Windows\System32\UMPDC.dll
0x00007ffb3d4e0000 - 0x00007ffb3d61b000 	C:\Windows\System32\dsreg.dll
0x00007ffb408b0000 - 0x00007ffb4093a000 	C:\Windows\System32\msvcp110_win.dll
0x0000000018750000 - 0x000000001876e000 	C:\Users\jia\.idl\idlworkbench-config-idl8.3.0_x86_64\org.eclipse.osgi\bundles\530\1\.cp\swt-gdip-win32-3740.dll
0x0000000180000000 - 0x0000000180011000 	C:\Users\jia\.idl\idlworkbench-config-idl8.3.0_x86_64\org.eclipse.osgi\bundles\183\1\.cp\os\win32\x86_64\localfile_1_0_0.dll
0x00007ffb28c50000 - 0x00007ffb28c9d000 	C:\Program Files\Exelis\IDL83\bin\bin.x86_64\idl_ips.dll
0x00007ffae03f0000 - 0x00007ffae114d000 	C:\Program Files\Exelis\IDL83\bin\bin.x86_64\idl.dll
0x00007ffb28bf0000 - 0x00007ffb28c4c000 	C:\Program Files\Exelis\IDL83\bin\bin.x86_64\MesaGLU6_2.dll
0x00007ffb07d30000 - 0x00007ffb07ebe000 	C:\Program Files\Exelis\IDL83\bin\bin.x86_64\MesaGL6_2.dll
0x00007ffb1ce00000 - 0x00007ffb1ce23000 	C:\Program Files\Exelis\IDL83\bin\bin.x86_64\UG3220.dll
0x00007ffb15e10000 - 0x00007ffb15e8c000 	C:\Program Files\Exelis\IDL83\bin\bin.x86_64\freetype2_4_7.dll
0x00007ffb37950000 - 0x00007ffb3795c000 	C:\Program Files\Exelis\IDL83\bin\bin.x86_64\osmesa6_2.dll
0x00007ffb3bd20000 - 0x00007ffb3bd5e000 	C:\WINDOWS\System32\netprofm.dll
0x00007ffb32250000 - 0x00007ffb32260000 	C:\WINDOWS\System32\npmproxy.dll
0x00007ffb365b0000 - 0x00007ffb365c7000 	C:\WINDOWS\SYSTEM32\dhcpcsvc6.DLL
0x00007ffb37ec0000 - 0x00007ffb37edd000 	C:\WINDOWS\SYSTEM32\dhcpcsvc.DLL
0x00000000196c0000 - 0x00000000199ab000 	C:\WINDOWS\system32\spool\DRIVERS\x64\3\hp1100su.dll
0x00000000199b0000 - 0x0000000019ab5000 	C:\WINDOWS\system32\spool\DRIVERS\x64\3\HP1100GC.dll
0x0000000019b00000 - 0x0000000019b5f000 	C:\WINDOWS\system32\spool\DRIVERS\x64\3\hp1100sd.dll
0x00007ffb1b760000 - 0x00007ffb1b886000 	C:\WINDOWS\SYSTEM32\OpenGL32.DLL
0x00007ffb366c0000 - 0x00007ffb366ec000 	C:\WINDOWS\SYSTEM32\GLU32.dll
0x00007ffb19a30000 - 0x00007ffb19a6e000 	C:\Program Files\Exelis\IDL83\bin\bin.x86_64\gl_driver.dll
0x0000000019bc0000 - 0x0000000019bc3000 	C:\WINDOWS\SYSTEM32\icmp.Dll
0x00007ffb11720000 - 0x00007ffb117cc000 	C:\WINDOWS\SYSTEM32\TextShaping.dll
0x00007ffb135c0000 - 0x00007ffb137e1000 	C:\WINDOWS\system32\explorerframe.dll
0x00007ffb10f80000 - 0x00007ffb10fc2000 	C:\WINDOWS\system32\mlang.dll
0x00007ffb41510000 - 0x00007ffb415b2000 	C:\WINDOWS\SYSTEM32\sxs.dll
0x00007ffb1be60000 - 0x00007ffb1be71000 	C:\Users\jia\.idl\idlworkbench-config-idl8.3.0_x86_64\org.eclipse.osgi\bundles\208\1\.cp\jWinHttp-1.0.0.dll
0x00007ffb3c280000 - 0x00007ffb3c38b000 	C:\WINDOWS\SYSTEM32\WINHTTP.dll
0x00007ffb1b5a0000 - 0x00007ffb1b606000 	C:\Windows\System32\thumbcache.dll
0x00007ffb3cc20000 - 0x00007ffb3ccc0000 	C:\WINDOWS\SYSTEM32\policymanager.dll
0x00007ffb2daa0000 - 0x00007ffb2daac000 	C:\WINDOWS\SYSTEM32\Secur32.dll
0x00007ffb325b0000 - 0x00007ffb325c9000 	C:\WINDOWS\SYSTEM32\samcli.dll

VM Arguments:
jvm_args: -Dosgi.instance.area.default=@user.home/IDLWorkspace83 -Dosgi.configuration.area=@user.home/.idl/idlworkbench-config-idl8.3.0_x86_64 -Dosgi.configuration.cascaded=true -Dosgi.checkConfiguration=true -Dosgi.sharedConfiguration.area.readOnly=true -Dorg.eclipse.update.reconcile=false -Declipse.p2.data.area=@config.dir/p2 -Dosgi.sharedConfiguration.area=C:\Program Files\Exelis\IDL83\bin\bin.x86_64/configuration 
java_command: <unknown>
Launcher Type: generic

Environment Variables:
PATH=C:/Program Files/Exelis/IDL83/bin/bin.x86_64/jre/bin/server;C:/Program Files/Exelis/IDL83/bin/bin.x86_64/jre/bin;C:/Program Files/Exelis/IDL83/bin/bin.x86_64/jre/lib/amd64;C:\Program Files\Exelis\IDL83\bin\bin.x86_64\;C:\D_drive\Anaconda3\Anaconda\envs\AIMIS3D;C:\D_drive\Anaconda3\Anaconda\envs\AIMIS3D\Scripts;C:\D_drive\Anaconda3\Anaconda\envs\AIMIS3D\Library\bin;C:\D_drive\Anaconda3\Anaconda\envs\AIMIS3D\Library\mingw-w64\bin;C:\D_drive\Anaconda3\Anaconda\Scripts;C:\Program Files\Exelis\IDL85\bin\bin.x86_64;C:\Program Files\dotnet\;C:\Program Files\CMake\bin;;C:\WINDOWS\system32;C:\WINDOWS\System32\WindowsPowerShell\v1.0\;C:\WINDOWS\System32\Wbem;C:\Program Files\python;C:\Program Files\python\Scripts;C:\BtSoft\panel\script;C:\Program Files\ITK-SNAP 3.8\bin;C:\WINDOWS;C:\WINDOWS\System32\OpenSSH\;C:\Program Files (x86)\dotnet\;C:\Users\jia\AppData\Local\Microsoft\WindowsApps;;C:\Pycharm\PyCharm Community Edition 2020.1.2\bin;;C:\Users\jia\AppData\Local\Programs\Microsoft VS Code\bin;C:\Program Files\Exelis\IDL83\bin\bin.x86_64;
USERNAME=jia
OS=Windows_NT
PROCESSOR_IDENTIFIER=Intel64 Family 6 Model 126 Stepping 5, GenuineIntel



---------------  S Y S T E M  ---------------

OS: Windows 8 , 64 bit Build 9200 

CPU:total 8 (4 cores per cpu, 2 threads per core) family 6 model 126 stepping 5, cmov, cx8, fxsr, mmx, sse, sse2, sse3, ssse3, sse4.1, sse4.2, popcnt, avx, avx2, ht, tsc, tscinvbit

Memory: 4k page, physical 16353460k(6255520k free), swap 18843828k(3983708k free)

vm_info: Java HotSpot(TM) 64-Bit Server VM (23.25-b01) for windows-amd64 JRE (1.7.0_25-b17), built on Jun 21 2013 12:58:32 by "java_re" with unknown MS VC++:1600

time: Wed Oct 27 21:52:09 2021
elapsed time: 2017 seconds

