#
# A fatal error has been detected by the Java Runtime Environment:
#
#  EXCEPTION_ACCESS_VIOLATION (0xc0000005) at pc=0x00007ff8e3ed3b4b, pid=25520, tid=4992
#
# JRE version: 7.0_25-b17
# Java VM: Java HotSpot(TM) 64-Bit Server VM (23.25-b01 mixed mode windows-amd64 compressed oops)
# Problematic frame:
# C  [idl.dll+0x433b4b]  IDL_igSrcDestPopContext+0x1defb
#
# Failed to write core dump. Minidumps are not enabled by default on client versions of Windows
#
# If you would like to submit a bug report, please visit:
#   http://bugreport.sun.com/bugreport/crash.jsp
# The crash happened outside the Java Virtual Machine in native code.
# See problematic frame for where to report the bug.
#

---------------  T H R E A D  ---------------

Current thread (0x000000001338b000):  JavaThread "IDL" [_thread_in_native, id=4992, stack(0x0000000017740000,0x0000000017840000)]

siginfo: ExceptionCode=0xc0000005, reading address 0xffffffffffffffff

Registers:
RAX=0x0000000000000000, RBX=0x0000000000000001, RCX=0x0000000049fe1020, RDX=0x0000000000000001
RSP=0x0000000017833340, RBP=0x0000000017833440, RSI=0x0000000049fe1020, RDI=0x0000000016bdc270
R8 =0x0000000000000000, R9 =0x000000001be11750, R10=0x00007ff8de4fb490, R11=0x000000000000007c
R12=0x0000000000000000, R13=0x0000000000000004, R14=0x000000001f197740, R15=0x0000000000000003
RIP=0x00007ff8e3ed3b4b, EFLAGS=0x0000000000010246

Top of Stack: (sp=0x0000000017833340)
0x0000000017833340:   0000000016bdc270 0000000000000001
0x0000000017833350:   0000000000000000 00007ff8e3ee8180
0x0000000017833360:   0000000000000015 00007ff8e221dc7c
0x0000000017833370:   0000000067dc2c20 00007ff900068040
0x0000000017833380:   00000000178334e9 00000000415bb0d0
0x0000000017833390:   00007ff8fa28f450 00007ff8fa2188b0
0x00000000178333a0:   8dbe625308f650fb 0000000016bdc270
0x00000000178333b0:   00007ff8e3ecdd30 0000000000620f00
0x00000000178333c0:   0000000000000000 0000000000000000
0x00000000178333d0:   0000000000000000 0000000000000004
0x00000000178333e0:   00000000000000ff 0000000000620cc0
0x00000000178333f0:   00000000b25b70a0 0000000049fe1020
0x0000000017833400:   0000000000000028 0000000146836020
0x0000000017833410:   0000000000000000 0000000000000001
0x0000000017833420:   0000000000000000 0000000000000000
0x0000000017833430:   0000000000000000 00007ff940efba17 

Instructions: (pc=0x00007ff8e3ed3b4b)
0x00007ff8e3ed3b2b:   48 8d 0c 8e 74 1a 4c 8d 85 f0 00 00 00 48 8d 95
0x00007ff8e3ed3b3b:   b0 00 00 00 e8 0c 81 ff ff 48 8d 8d b0 00 00 00
0x00007ff8e3ed3b4b:   ff 54 24 60 ff 44 24 34 48 63 c3 41 3b dd 0f 8d
0x00007ff8e3ed3b5b:   c1 02 00 00 48 8b 4c 24 48 4c 8b 64 24 68 41 8b 


Register to memory mapping:

RAX=0x0000000000000000 is an unknown value
RBX=0x0000000000000001 is an unknown value
RCX=0x0000000049fe1020 is an unknown value
RDX=0x0000000000000001 is an unknown value
RSP=0x0000000017833340 is pointing into the stack for thread: 0x000000001338b000
RBP=0x0000000017833440 is pointing into the stack for thread: 0x000000001338b000
RSI=0x0000000049fe1020 is an unknown value
RDI=0x0000000016bdc270 is an unknown value
R8 =0x0000000000000000 is an unknown value
R9 =0x000000001be11750 is an unknown value
R10=0x00007ff8de4fb490 is an unknown value
R11=0x000000000000007c is an unknown value
R12=0x0000000000000000 is an unknown value
R13=0x0000000000000004 is an unknown value
R14=0x000000001f197740 is an unknown value
R15=0x0000000000000003 is an unknown value


Stack: [0x0000000017740000,0x0000000017840000],  sp=0x0000000017833340,  free space=972k
Native frames: (J=compiled Java code, j=interpreted, Vv=VM code, C=native code)
C  [idl.dll+0x433b4b]  IDL_igSrcDestPopContext+0x1defb

Java frames: (J=compiled Java code, j=interpreted, Vv=VM code)
j  com.rsi.idldt.core.ips.IPS_Access.IPS_Start([Ljava/lang/String;)V+0
j  com.rsi.idldt.core.ips.IPS_Manager$2.run()V+15
j  java.lang.Thread.run()V+11
v  ~StubRoutines::call_stub

---------------  P R O C E S S  ---------------

Java Threads: ( => current thread )
  0x000000001edf7000 JavaThread "Worker-385" [_thread_blocked, id=5576, stack(0x000000001a0f0000,0x000000001a1f0000)]
  0x000000001edf9000 JavaThread "Worker-384" [_thread_blocked, id=8556, stack(0x00000000364c0000,0x00000000365c0000)]
  0x000000001edfd000 JavaThread "Worker-373" [_thread_blocked, id=17976, stack(0x0000000019d40000,0x0000000019e40000)]
  0x0000000016152000 JavaThread "Timer-2" daemon [_thread_blocked, id=23928, stack(0x000000001e220000,0x000000001e320000)]
  0x0000000016152800 JavaThread "Timer-1" daemon [_thread_blocked, id=23704, stack(0x000000001de60000,0x000000001df60000)]
  0x000000001614b000 JavaThread "Thread-14" [_thread_in_native, id=2744, stack(0x000000001dd60000,0x000000001de60000)]
  0x0000000016155800 JavaThread "IDLDT DOM Worker-7" [_thread_blocked, id=18988, stack(0x000000001dc60000,0x000000001dd60000)]
  0x0000000016158000 JavaThread "IDLDT DOM Worker-6" [_thread_blocked, id=19108, stack(0x000000001db60000,0x000000001dc60000)]
  0x0000000016156800 JavaThread "IDLDT DOM Worker-5" [_thread_blocked, id=7096, stack(0x000000001da60000,0x000000001db60000)]
  0x0000000016149800 JavaThread "IDLDT DOM Worker-4" [_thread_blocked, id=9944, stack(0x000000001d960000,0x000000001da60000)]
  0x0000000016150800 JavaThread "IDLDT DOM Worker-3" [_thread_blocked, id=22840, stack(0x000000001d860000,0x000000001d960000)]
  0x000000001614f800 JavaThread "IDLDT DOM Worker-2" [_thread_blocked, id=16520, stack(0x000000001d760000,0x000000001d860000)]
  0x000000001614e000 JavaThread "IDLDT DOM Worker-1" [_thread_blocked, id=24432, stack(0x000000001d660000,0x000000001d760000)]
  0x000000001614a800 JavaThread "IDLDT DOM Worker-0" [_thread_blocked, id=16008, stack(0x000000001d560000,0x000000001d660000)]
  0x000000001614c800 JavaThread "Timer-0" daemon [_thread_blocked, id=13416, stack(0x000000001d460000,0x000000001d560000)]
=>0x000000001338b000 JavaThread "IDL" [_thread_in_native, id=4992, stack(0x0000000017740000,0x0000000017840000)]
  0x000000001338a800 JavaThread "IDLToJava Broker" daemon [_thread_blocked, id=4072, stack(0x0000000017640000,0x0000000017740000)]
  0x000000001338f800 JavaThread "Provisioning Event Dispatcher" daemon [_thread_blocked, id=18280, stack(0x0000000015cf0000,0x0000000015df0000)]
  0x0000000013389800 JavaThread "[ThreadPool Manager] - Idle Thread" daemon [_thread_blocked, id=13832, stack(0x0000000015af0000,0x0000000015bf0000)]
  0x0000000013389000 JavaThread "Bundle File Closer" daemon [_thread_blocked, id=23708, stack(0x00000000157f0000,0x00000000158f0000)]
  0x000000001338c800 JavaThread "Worker-JM" [_thread_blocked, id=13992, stack(0x00000000159f0000,0x0000000015af0000)]
  0x000000001338e000 JavaThread "[Timer] - Main Queue Handler" daemon [_thread_blocked, id=8212, stack(0x00000000158f0000,0x00000000159f0000)]
  0x0000000014d00000 JavaThread "Framework Event Dispatcher" daemon [_thread_blocked, id=19116, stack(0x00000000156f0000,0x00000000157f0000)]
  0x00000000134c3000 JavaThread "Start Level Event Dispatcher" daemon [_thread_blocked, id=22452, stack(0x00000000155f0000,0x00000000156f0000)]
  0x00000000134b4000 JavaThread "State Data Manager" daemon [_thread_blocked, id=3980, stack(0x00000000154f0000,0x00000000155f0000)]
  0x000000001337e000 JavaThread "Framework Active Thread" [_thread_blocked, id=15784, stack(0x00000000153f0000,0x00000000154f0000)]
  0x0000000010d0c000 JavaThread "Service Thread" daemon [_thread_blocked, id=23580, stack(0x00000000134e0000,0x00000000135e0000)]
  0x0000000010d03800 JavaThread "C2 CompilerThread1" daemon [_thread_blocked, id=9616, stack(0x0000000012fe0000,0x00000000130e0000)]
  0x0000000010cfc800 JavaThread "C2 CompilerThread0" daemon [_thread_blocked, id=14192, stack(0x0000000012ee0000,0x0000000012fe0000)]
  0x0000000010cfb000 JavaThread "Attach Listener" daemon [_thread_blocked, id=20996, stack(0x0000000012de0000,0x0000000012ee0000)]
  0x0000000010cf6000 JavaThread "Signal Dispatcher" daemon [_thread_blocked, id=20448, stack(0x0000000012ce0000,0x0000000012de0000)]
  0x0000000010c6f800 JavaThread "Finalizer" daemon [_thread_blocked, id=3880, stack(0x0000000012be0000,0x0000000012ce0000)]
  0x0000000010c68000 JavaThread "Reference Handler" daemon [_thread_blocked, id=21976, stack(0x0000000012ae0000,0x0000000012be0000)]
  0x000000000257d800 JavaThread "main" [_thread_in_native, id=23944, stack(0x0000000000050000,0x0000000000150000)]

Other Threads:
  0x0000000010c64000 VMThread [stack: 0x00000000129e0000,0x0000000012ae0000] [id=21788]
  0x00000000130ee800 WatcherThread [stack: 0x00000000135e0000,0x00000000136e0000] [id=24460]

VM state:not at safepoint (normal execution)

VM Mutex/Monitor currently owned by a thread: None

Heap
 PSYoungGen      total 46528K, used 4K [0x00000007acc00000, 0x00000007b06d0000, 0x0000000800000000)
  eden space 46400K, 0% used [0x00000007acc00000,0x00000007acc010f0,0x00000007af950000)
  from space 128K, 0% used [0x00000007af950000,0x00000007af950000,0x00000007af970000)
  to   space 6912K, 0% used [0x00000007b0010000,0x00000007b0010000,0x00000007b06d0000)
 ParOldGen       total 273856K, used 182123K [0x0000000706400000, 0x0000000716f70000, 0x00000007acc00000)
  object space 273856K, 66% used [0x0000000706400000,0x00000007115dad48,0x0000000716f70000)
 PSPermGen       total 49728K, used 49715K [0x0000000701200000, 0x0000000704290000, 0x0000000706400000)
  object space 49728K, 99% used [0x0000000701200000,0x000000070428ced8,0x0000000704290000)

Card table byte_map: [0x0000000005680000,0x0000000005e80000] byte_map_base: 0x0000000001e77000

Polling page: 0x0000000000430000

Code Cache  [0x0000000002680000, 0x0000000003070000, 0x0000000005680000)
 total_blobs=3116 nmethods=2438 adapters=626 free_code_cache=39188Kb largest_free_block=39973888

Compilation events (10 events):
Event: 52952.268 Thread 0x0000000010cfc800 2748   !         org.eclipse.jface.text.projection.ProjectionTextStore::get (92 bytes)
Event: 52952.292 Thread 0x0000000010cfc800 nmethod 2748 0x0000000002bbf8d0 code [0x0000000002bbfaa0, 0x0000000002bbfee0]
Event: 53055.807 Thread 0x0000000010d03800 2749   !         org.eclipse.debug.internal.ui.viewers.model.TreeModelLabelProvider::startRequests (159 bytes)
Event: 53055.823 Thread 0x0000000010d03800 nmethod 2749 0x0000000002901a90 code [0x0000000002901ce0, 0x0000000002902d50]
Event: 53268.510 Thread 0x0000000010cfc800 2750             org.eclipse.ui.internal.registry.ActionSetRegistry::findActionSet (47 bytes)
Event: 53268.531 Thread 0x0000000010cfc800 nmethod 2750 0x0000000002bbee90 code [0x0000000002bbefe0, 0x0000000002bbf5d8]
Event: 53318.820 Thread 0x0000000010d03800 2751             org.eclipse.debug.internal.ui.viewers.breadcrumb.BreadcrumbItemDropDown$AccessibelArrowImage::drawCompositeImage (
Event: 53318.854 Thread 0x0000000010d03800 nmethod 2751 0x000000000305bad0 code [0x000000000305bfa0, 0x000000000305e1f0]
Event: 53650.288 Thread 0x0000000010cfc800 2752             java.util.TimSort::binarySort (223 bytes)
Event: 53650.294 Thread 0x0000000010cfc800 nmethod 2752 0x00000000029d5ad0 code [0x00000000029d5c60, 0x00000000029d6738]

GC Heap History (10 events):
Event: 53683.709 GC heap before
{Heap before GC invocations=2589 (full 842):
 PSYoungGen      total 46720K, used 288K [0x00000007acc00000, 0x00000007b0890000, 0x0000000800000000)
  eden space 46400K, 0% used [0x00000007acc00000,0x00000007acc00000,0x00000007af950000)
  from space 320K, 90% used [0x00000007af950000,0x00000007af998000,0x00000007af9a0000)
  to   space 7808K, 0% used [0x00000007b00f0000,0x00000007b00f0000,0x00000007b0890000)
 ParOldGen       total 273856K, used 181965K [0x0000000706400000, 0x0000000716f70000, 0x00000007acc00000)
  object space 273856K, 66% used [0x0000000706400000,0x00000007115b35d0,0x0000000716f70000)
 PSPermGen       total 49728K, used 49715K [0x0000000701200000, 0x0000000704290000, 0x0000000706400000)
  object space 49728K, 99% used [0x0000000701200000,0x000000070428ceb8,0x0000000704290000)
Event: 53683.817 GC heap after
Heap after GC invocations=2589 (full 842):
 PSYoungGen      total 46720K, used 0K [0x00000007acc00000, 0x00000007b0890000, 0x0000000800000000)
  eden space 46400K, 0% used [0x00000007acc00000,0x00000007acc00000,0x00000007af950000)
  from space 320K, 0% used [0x00000007af950000,0x00000007af950000,0x00000007af9a0000)
  to   space 7808K, 0% used [0x00000007b00f0000,0x00000007b00f0000,0x00000007b0890000)
 ParOldGen       total 273856K, used 182066K [0x0000000706400000, 0x0000000716f70000, 0x00000007acc00000)
  object space 273856K, 66% used [0x0000000706400000,0x00000007115cca20,0x0000000716f70000)
 PSPermGen       total 49728K, used 49715K [0x0000000701200000, 0x0000000704290000, 0x0000000706400000)
  object space 49728K, 99% used [0x0000000701200000,0x000000070428ceb8,0x0000000704290000)
}
Event: 53743.707 GC heap before
{Heap before GC invocations=2590 (full 842):
 PSYoungGen      total 46720K, used 6422K [0x00000007acc00000, 0x00000007b0890000, 0x0000000800000000)
  eden space 46400K, 13% used [0x00000007acc00000,0x00000007ad245bb0,0x00000007af950000)
  from space 320K, 0% used [0x00000007af950000,0x00000007af950000,0x00000007af9a0000)
  to   space 7808K, 0% used [0x00000007b00f0000,0x00000007b00f0000,0x00000007b0890000)
 ParOldGen       total 273856K, used 182066K [0x0000000706400000, 0x0000000716f70000, 0x00000007acc00000)
  object space 273856K, 66% used [0x0000000706400000,0x00000007115cca20,0x0000000716f70000)
 PSPermGen       total 49728K, used 49715K [0x0000000701200000, 0x0000000704290000, 0x0000000706400000)
  object space 49728K, 99% used [0x0000000701200000,0x000000070428ced8,0x0000000704290000)
Event: 53743.709 GC heap after
Heap after GC invocations=2590 (full 842):
 PSYoungGen      total 53184K, used 491K [0x00000007acc00000, 0x00000007b0790000, 0x0000000800000000)
  eden space 46400K, 0% used [0x00000007acc00000,0x00000007acc00000,0x00000007af950000)
  from space 6784K, 7% used [0x00000007b00f0000,0x00000007b016ad90,0x00000007b0790000)
  to   space 7296K, 0% used [0x00000007af950000,0x00000007af950000,0x00000007b0070000)
 ParOldGen       total 273856K, used 182066K [0x0000000706400000, 0x0000000716f70000, 0x00000007acc00000)
  object space 273856K, 66% used [0x0000000706400000,0x00000007115cca20,0x0000000716f70000)
 PSPermGen       total 49728K, used 49715K [0x0000000701200000, 0x0000000704290000, 0x0000000706400000)
  object space 49728K, 99% used [0x0000000701200000,0x000000070428ced8,0x0000000704290000)
}
Event: 53743.709 GC heap before
{Heap before GC invocations=2591 (full 843):
 PSYoungGen      total 53184K, used 491K [0x00000007acc00000, 0x00000007b0790000, 0x0000000800000000)
  eden space 46400K, 0% used [0x00000007acc00000,0x00000007acc00000,0x00000007af950000)
  from space 6784K, 7% used [0x00000007b00f0000,0x00000007b016ad90,0x00000007b0790000)
  to   space 7296K, 0% used [0x00000007af950000,0x00000007af950000,0x00000007b0070000)
 ParOldGen       total 273856K, used 182066K [0x0000000706400000, 0x0000000716f70000, 0x00000007acc00000)
  object space 273856K, 66% used [0x0000000706400000,0x00000007115cca20,0x0000000716f70000)
 PSPermGen       total 49728K, used 49715K [0x0000000701200000, 0x0000000704290000, 0x0000000706400000)
  object space 49728K, 99% used [0x0000000701200000,0x000000070428ced8,0x0000000704290000)
Event: 53743.789 GC heap after
Heap after GC invocations=2591 (full 843):
 PSYoungGen      total 53184K, used 0K [0x00000007acc00000, 0x00000007b0790000, 0x0000000800000000)
  eden space 46400K, 0% used [0x00000007acc00000,0x00000007acc00000,0x00000007af950000)
  from space 6784K, 0% used [0x00000007b00f0000,0x00000007b00f0000,0x00000007b0790000)
  to   space 7296K, 0% used [0x00000007af950000,0x00000007af950000,0x00000007b0070000)
 ParOldGen       total 273856K, used 182123K [0x0000000706400000, 0x0000000716f70000, 0x00000007acc00000)
  object space 273856K, 66% used [0x0000000706400000,0x00000007115daca0,0x0000000716f70000)
 PSPermGen       total 49728K, used 49715K [0x0000000701200000, 0x0000000704290000, 0x0000000706400000)
  object space 49728K, 99% used [0x0000000701200000,0x000000070428ced8,0x0000000704290000)
}
Event: 53803.724 GC heap before
{Heap before GC invocations=2592 (full 843):
 PSYoungGen      total 53184K, used 881K [0x00000007acc00000, 0x00000007b0790000, 0x0000000800000000)
  eden space 46400K, 1% used [0x00000007acc00000,0x00000007accdc758,0x00000007af950000)
  from space 6784K, 0% used [0x00000007b00f0000,0x00000007b00f0000,0x00000007b0790000)
  to   space 7296K, 0% used [0x00000007af950000,0x00000007af950000,0x00000007b0070000)
 ParOldGen       total 273856K, used 182123K [0x0000000706400000, 0x0000000716f70000, 0x00000007acc00000)
  object space 273856K, 66% used [0x0000000706400000,0x00000007115daca0,0x0000000716f70000)
 PSPermGen       total 49728K, used 49715K [0x0000000701200000, 0x0000000704290000, 0x0000000706400000)
  object space 49728K, 99% used [0x0000000701200000,0x000000070428ced8,0x0000000704290000)
Event: 53803.726 GC heap after
Heap after GC invocations=2592 (full 843):
 PSYoungGen      total 46528K, used 96K [0x00000007acc00000, 0x00000007b06d0000, 0x0000000800000000)
  eden space 46400K, 0% used [0x00000007acc00000,0x00000007acc00000,0x00000007af950000)
  from space 128K, 75% used [0x00000007af950000,0x00000007af968000,0x00000007af970000)
  to   space 6912K, 0% used [0x00000007b0010000,0x00000007b0010000,0x00000007b06d0000)
 ParOldGen       total 273856K, used 182123K [0x0000000706400000, 0x0000000716f70000, 0x00000007acc00000)
  object space 273856K, 66% used [0x0000000706400000,0x00000007115daca0,0x0000000716f70000)
 PSPermGen       total 49728K, used 49715K [0x0000000701200000, 0x0000000704290000, 0x0000000706400000)
  object space 49728K, 99% used [0x0000000701200000,0x000000070428ced8,0x0000000704290000)
}
Event: 53803.726 GC heap before
{Heap before GC invocations=2593 (full 844):
 PSYoungGen      total 46528K, used 96K [0x00000007acc00000, 0x00000007b06d0000, 0x0000000800000000)
  eden space 46400K, 0% used [0x00000007acc00000,0x00000007acc00000,0x00000007af950000)
  from space 128K, 75% used [0x00000007af950000,0x00000007af968000,0x00000007af970000)
  to   space 6912K, 0% used [0x00000007b0010000,0x00000007b0010000,0x00000007b06d0000)
 ParOldGen       total 273856K, used 182123K [0x0000000706400000, 0x0000000716f70000, 0x00000007acc00000)
  object space 273856K, 66% used [0x0000000706400000,0x00000007115daca0,0x0000000716f70000)
 PSPermGen       total 49728K, used 49715K [0x0000000701200000, 0x0000000704290000, 0x0000000706400000)
  object space 49728K, 99% used [0x0000000701200000,0x000000070428ced8,0x0000000704290000)
Event: 53803.802 GC heap after
Heap after GC invocations=2593 (full 844):
 PSYoungGen      total 46528K, used 0K [0x00000007acc00000, 0x00000007b06d0000, 0x0000000800000000)
  eden space 46400K, 0% used [0x00000007acc00000,0x00000007acc00000,0x00000007af950000)
  from space 128K, 0% used [0x00000007af950000,0x00000007af950000,0x00000007af970000)
  to   space 6912K, 0% used [0x00000007b0010000,0x00000007b0010000,0x00000007b06d0000)
 ParOldGen       total 273856K, used 182123K [0x0000000706400000, 0x0000000716f70000, 0x00000007acc00000)
  object space 273856K, 66% used [0x0000000706400000,0x00000007115dad48,0x0000000716f70000)
 PSPermGen       total 49728K, used 49715K [0x0000000701200000, 0x0000000704290000, 0x0000000706400000)
  object space 49728K, 99% used [0x0000000701200000,0x000000070428ced8,0x0000000704290000)
}

Deoptimization events (10 events):
Event: 51124.856 Thread 0x000000000257d800 Uncommon trap -58 fr.pc 0x0000000002cd74f0
Event: 51129.359 Thread 0x000000000257d800 Uncommon trap -58 fr.pc 0x0000000002cd74f0
Event: 51429.358 Thread 0x000000000257d800 Uncommon trap -34 fr.pc 0x0000000002c06540
Event: 51429.364 Thread 0x000000000257d800 Uncommon trap -83 fr.pc 0x00000000027850dc
Event: 51651.447 Thread 0x000000001edf7000 Uncommon trap -34 fr.pc 0x00000000027be1d8
Event: 51664.429 Thread 0x000000000257d800 Uncommon trap -83 fr.pc 0x0000000002c0a9b0
Event: 51843.513 Thread 0x000000000257d800 Uncommon trap -34 fr.pc 0x0000000002ba17c4
Event: 51843.513 Thread 0x000000000257d800 Uncommon trap -34 fr.pc 0x0000000002f04ba8
Event: 51845.338 Thread 0x000000000257d800 Uncommon trap -58 fr.pc 0x0000000002de2a94
Event: 52375.942 Thread 0x000000001edf7000 Uncommon trap -34 fr.pc 0x00000000027be1d8

Internal exceptions (10 events):
Event: 51465.282 Thread 0x000000001338b000 Threw 0x00000007aeeb4b80 at C:\jdk7u2_64p\jdk7u25\hotspot\src\share\vm\prims\jni.cpp:716
Event: 51465.282 Thread 0x000000001338b000 Threw 0x00000007aeeb4db0 at C:\jdk7u2_64p\jdk7u25\hotspot\src\share\vm\prims\jni.cpp:716
Event: 51465.282 Thread 0x000000001338b000 Threw 0x00000007aeeb4fb0 at C:\jdk7u2_64p\jdk7u25\hotspot\src\share\vm\prims\jni.cpp:716
Event: 51465.282 Thread 0x000000001338b000 Threw 0x00000007aeeb51e0 at C:\jdk7u2_64p\jdk7u25\hotspot\src\share\vm\prims\jni.cpp:716
Event: 51465.282 Thread 0x000000001338b000 Threw 0x00000007aeeb53f0 at C:\jdk7u2_64p\jdk7u25\hotspot\src\share\vm\prims\jni.cpp:716
Event: 51465.283 Thread 0x000000001338b000 Threw 0x00000007aeeb5620 at C:\jdk7u2_64p\jdk7u25\hotspot\src\share\vm\prims\jni.cpp:716
Event: 51465.283 Thread 0x000000001338b000 Threw 0x00000007aeeb5820 at C:\jdk7u2_64p\jdk7u25\hotspot\src\share\vm\prims\jni.cpp:716
Event: 51628.209 Thread 0x000000001edf7000 Threw 0x00000007ace3d9d0 at C:\jdk7u2_64p\jdk7u25\hotspot\src\share\vm\runtime\objectMonitor.cpp:1612
Event: 51628.808 Thread 0x000000001edf7000 Threw 0x00000007acf6bcb8 at C:\jdk7u2_64p\jdk7u25\hotspot\src\share\vm\runtime\objectMonitor.cpp:1612
Event: 52568.135 Thread 0x000000001ee04800 Threw 0x00000007adb2e198 at C:\jdk7u2_64p\jdk7u25\hotspot\src\share\vm\runtime\objectMonitor.cpp:1612

Events (10 events):
Event: 53721.130 Thread 0x000000001edf7000 Thread exited: 0x000000001edf7000
Event: 53743.706 Executing VM operation: ParallelGCSystemGC
Event: 53743.789 Executing VM operation: ParallelGCSystemGC done
Event: 53743.789 Thread 0x000000001edf7000 Thread added: 0x000000001edf7000
Event: 53743.789 Thread 0x000000001edf7000 Thread exited: 0x000000001edf7000
Event: 53764.608 Thread 0x000000001edf7000 Thread added: 0x000000001edf7000
Event: 53803.723 Executing VM operation: ParallelGCSystemGC
Event: 53803.802 Executing VM operation: ParallelGCSystemGC done
Event: 53803.802 Thread 0x000000001ee04800 Thread added: 0x000000001ee04800
Event: 53803.803 Thread 0x000000001ee04800 Thread exited: 0x000000001ee04800


Dynamic libraries:
0x0000000000400000 - 0x000000000040e000 	C:\Program Files\Exelis\IDL85\bin\bin.x86_64\idlde.exe
0x00007ff940ec0000 - 0x00007ff9410b0000 	C:\windows\SYSTEM32\ntdll.dll
0x00007ff93fa20000 - 0x00007ff93fad2000 	C:\windows\System32\KERNEL32.DLL
0x00007ff93e080000 - 0x00007ff93e323000 	C:\windows\System32\KERNELBASE.dll
0x00007ff93a3c0000 - 0x00007ff93a44f000 	C:\windows\SYSTEM32\apphelp.dll
0x00007ff8e90c0000 - 0x00007ff8e9552000 	C:\windows\SYSTEM32\AcLayers.DLL
0x00007ff93ef70000 - 0x00007ff93f00e000 	C:\windows\System32\msvcrt.dll
0x00007ff9402a0000 - 0x00007ff940434000 	C:\windows\System32\USER32.dll
0x00007ff93e4a0000 - 0x00007ff93e4c1000 	C:\windows\System32\win32u.dll
0x00007ff940e50000 - 0x00007ff940e76000 	C:\windows\System32\GDI32.dll
0x00007ff93edd0000 - 0x00007ff93ef64000 	C:\windows\System32\gdi32full.dll
0x00007ff93e330000 - 0x00007ff93e3ce000 	C:\windows\System32\msvcp_win.dll
0x00007ff93df80000 - 0x00007ff93e07a000 	C:\windows\System32\ucrtbase.dll
0x00007ff93f460000 - 0x00007ff93f4b2000 	C:\windows\System32\SHLWAPI.dll
0x00007ff93f630000 - 0x00007ff93f966000 	C:\windows\System32\combase.dll
0x00007ff9406a0000 - 0x00007ff9407c0000 	C:\windows\System32\RPCRT4.dll
0x00007ff93de50000 - 0x00007ff93ded0000 	C:\windows\System32\bcryptPrimitives.dll
0x00007ff93f970000 - 0x00007ff93fa13000 	C:\windows\System32\ADVAPI32.dll
0x00007ff93f380000 - 0x00007ff93f417000 	C:\windows\System32\sechost.dll
0x0000000180000000 - 0x0000000180003000 	C:\windows\SYSTEM32\sfc.dll
0x00007ff8fd3f0000 - 0x00007ff8fd479000 	C:\windows\SYSTEM32\WINSPOOL.DRV
0x00007ff93dda0000 - 0x00007ff93ddb1000 	C:\windows\System32\kernel.appcore.dll
0x00007ff93e4d0000 - 0x00007ff93e4f6000 	C:\windows\System32\bcrypt.dll
0x00007ff93b180000 - 0x00007ff93b26f000 	C:\windows\SYSTEM32\PROPSYS.dll
0x00007ff93fae0000 - 0x00007ff93fba4000 	C:\windows\System32\OLEAUT32.dll
0x00007ff9405f0000 - 0x00007ff940699000 	C:\windows\System32\shcore.dll
0x00007ff93d2b0000 - 0x00007ff93d2ea000 	C:\windows\SYSTEM32\IPHLPAPI.DLL
0x00007ff8fed80000 - 0x00007ff8fed91000 	C:\windows\SYSTEM32\sfc_os.DLL
0x00007ff90a1e0000 - 0x00007ff90a23d000 	C:\windows\SYSTEM32\AcGenral.DLL
0x00007ff93f010000 - 0x00007ff93f166000 	C:\windows\System32\ole32.dll
0x00007ff93fbb0000 - 0x00007ff940295000 	C:\windows\System32\SHELL32.dll
0x00007ff93ded0000 - 0x00007ff93df1a000 	C:\windows\System32\cfgmgr32.dll
0x00007ff93e650000 - 0x00007ff93edcf000 	C:\windows\System32\windows.storage.dll
0x00007ff93de30000 - 0x00007ff93de4f000 	C:\windows\System32\profapi.dll
0x00007ff93ddc0000 - 0x00007ff93de0a000 	C:\windows\System32\powrprof.dll
0x00007ff93dd90000 - 0x00007ff93dda0000 	C:\windows\System32\UMPDC.dll
0x00007ff93e480000 - 0x00007ff93e497000 	C:\windows\System32\cryptsp.dll
0x00007ff93dc80000 - 0x00007ff93dca5000 	C:\windows\SYSTEM32\USERENV.dll
0x00007ff928830000 - 0x00007ff92884b000 	C:\windows\SYSTEM32\MPR.dll
0x00007ff93dcb0000 - 0x00007ff93dcdf000 	C:\windows\SYSTEM32\SspiCli.dll
0x00007ff93f420000 - 0x00007ff93f44e000 	C:\windows\System32\IMM32.DLL
0x00007ff933d10000 - 0x00007ff933f95000 	C:\windows\WinSxS\amd64_microsoft.windows.common-controls_6595b64144ccf1df_6.0.18362.535_none_e6c3b34713100821\COMCTL32.dll
0x0000000072000000 - 0x0000000072012000 	C:\Program Files\Exelis\IDL85\bin\bin.x86_64\plugins\org.eclipse.equinox.launcher.win32.win32.x86_64_1.1.100.v20110502\eclipse_1406.dll
0x00007ff936ec0000 - 0x00007ff936eca000 	C:\windows\SYSTEM32\VERSION.dll
0x0000000074f80000 - 0x000000007568f000 	C:\Program Files\Exelis\IDL85\bin\bin.x86_64\jre\bin\server\jvm.dll
0x00007ff940970000 - 0x00007ff940978000 	C:\windows\System32\PSAPI.DLL
0x00007ff9214d0000 - 0x00007ff9214f4000 	C:\windows\SYSTEM32\WINMM.dll
0x00007ff936670000 - 0x00007ff936679000 	C:\windows\SYSTEM32\WSOCK32.dll
0x00007ff93f590000 - 0x00007ff93f5ff000 	C:\windows\System32\WS2_32.dll
0x0000000074ea0000 - 0x0000000074f72000 	C:\windows\SYSTEM32\MSVCR100.dll
0x00007ff92a880000 - 0x00007ff92a8ad000 	C:\windows\SYSTEM32\winmmbase.dll
0x0000000074e90000 - 0x0000000074e9f000 	C:\Program Files\Exelis\IDL85\bin\bin.x86_64\jre\bin\verify.dll
0x0000000074e60000 - 0x0000000074e88000 	C:\Program Files\Exelis\IDL85\bin\bin.x86_64\jre\bin\java.dll
0x0000000074e40000 - 0x0000000074e55000 	C:\Program Files\Exelis\IDL85\bin\bin.x86_64\jre\bin\zip.dll
0x00007ff93d110000 - 0x00007ff93d143000 	C:\windows\system32\rsaenh.dll
0x00007ff93d770000 - 0x00007ff93d77c000 	C:\windows\SYSTEM32\CRYPTBASE.dll
0x0000000074e20000 - 0x0000000074e39000 	C:\Program Files\Exelis\IDL85\bin\bin.x86_64\jre\bin\net.dll
0x00007ff93d5a0000 - 0x00007ff93d607000 	C:\windows\system32\mswsock.dll
0x00007ff932050000 - 0x00007ff932066000 	C:\windows\system32\napinsp.dll
0x00007ff92d230000 - 0x00007ff92d24a000 	C:\windows\system32\pnrpnsp.dll
0x00007ff93d2f0000 - 0x00007ff93d3ba000 	C:\windows\SYSTEM32\DNSAPI.dll
0x00007ff93f450000 - 0x00007ff93f458000 	C:\windows\System32\NSI.dll
0x00007ff932220000 - 0x00007ff93222e000 	C:\windows\System32\winrnr.dll
0x00007ff93ab80000 - 0x00007ff93ab9c000 	C:\windows\system32\NLAapi.dll
0x00007ff93b530000 - 0x00007ff93b545000 	C:\windows\system32\wshbth.dll
0x00007ff936a00000 - 0x00007ff936a0a000 	C:\Windows\System32\rasadhlp.dll
0x00007ff935c60000 - 0x00007ff935cd7000 	C:\windows\System32\fwpuclnt.dll
0x0000000074e00000 - 0x0000000074e11000 	C:\Program Files\Exelis\IDL85\bin\bin.x86_64\jre\bin\nio.dll
0x00007ff93c0f0000 - 0x00007ff93c189000 	C:\windows\system32\uxtheme.dll
0x00007ff93f1d0000 - 0x00007ff93f305000 	C:\windows\System32\MSCTF.dll
0x00007ff91fc40000 - 0x00007ff91fcde000 	C:\windows\System32\TextInputFramework.dll
0x00007ff91fd20000 - 0x00007ff92004a000 	C:\windows\System32\CoreUIComponents.dll
0x00007ff939f90000 - 0x00007ff93a064000 	C:\windows\System32\CoreMessaging.dll
0x00007ff93cdf0000 - 0x00007ff93ce21000 	C:\windows\SYSTEM32\ntmarta.dll
0x00007ff93b3d0000 - 0x00007ff93b523000 	C:\windows\SYSTEM32\wintypes.dll
0x00007ff92d590000 - 0x00007ff92d836000 	C:\windows\System32\iertutil.dll
0x00007ff90f7d0000 - 0x00007ff90f835000 	C:\windows\system32\Oleacc.dll
0x0000000016dc0000 - 0x0000000016e67000 	C:\Users\jia\.idl\idlworkbench-config-idl8.5_x86_64\org.eclipse.osgi\bundles\532\1\.cp\swt-win32-3740.dll
0x00007ff93f4c0000 - 0x00007ff93f590000 	C:\windows\System32\comdlg32.dll
0x00007ff93e500000 - 0x00007ff93e649000 	C:\windows\System32\CRYPT32.dll
0x00007ff93de10000 - 0x00007ff93de22000 	C:\windows\System32\MSASN1.dll
0x00007ff92a310000 - 0x00007ff92a7e6000 	C:\windows\SYSTEM32\WININET.dll
0x00007ff9336b0000 - 0x00007ff9336c9000 	C:\windows\SYSTEM32\USP10.dll
0x00007ff940440000 - 0x00007ff9404e2000 	C:\windows\System32\clbcatq.dll
0x00007ff93b930000 - 0x00007ff93b9ba000 	C:\Windows\System32\msvcp110_win.dll
0x0000000017360000 - 0x000000001737e000 	C:\Users\jia\.idl\idlworkbench-config-idl8.5_x86_64\org.eclipse.osgi\bundles\532\1\.cp\swt-gdip-win32-3740.dll
0x00007ff915e90000 - 0x00007ff916033000 	C:\windows\WinSxS\amd64_microsoft.windows.gdiplus_6595b64144ccf1df_1.1.18362.535_none_17aea62c6da281ef\gdiplus.dll
0x00007ff93bef0000 - 0x00007ff93c09f000 	C:\windows\SYSTEM32\WindowsCodecs.dll
0x0000000017420000 - 0x0000000017431000 	C:\Users\jia\.idl\idlworkbench-config-idl8.5_x86_64\org.eclipse.osgi\bundles\184\1\.cp\os\win32\x86_64\localfile_1_0_0.dll
0x00007ff90fb20000 - 0x00007ff90fb6d000 	C:\Program Files\Exelis\IDL85\bin\bin.x86_64\idl_ips.dll
0x00007ff8e3aa0000 - 0x00007ff8e5110000 	C:\Program Files\Exelis\IDL85\bin\bin.x86_64\idl.dll
0x00007ff909d20000 - 0x00007ff909d7c000 	C:\Program Files\Exelis\IDL85\bin\bin.x86_64\MesaGLU6_2.dll
0x00007ff8fa190000 - 0x00007ff8fa31e000 	C:\Program Files\Exelis\IDL85\bin\bin.x86_64\MesaGL6_2.dll
0x00007ff922c30000 - 0x00007ff922c47000 	C:\windows\SYSTEM32\NETAPI32.dll
0x00007ff929d00000 - 0x00007ff929d23000 	C:\Program Files\Exelis\IDL85\bin\bin.x86_64\UG3220.dll
0x00007ff93ae50000 - 0x00007ff93ae57000 	C:\windows\SYSTEM32\MSIMG32.dll
0x00007ff934180000 - 0x00007ff93418c000 	C:\Program Files\Exelis\IDL85\bin\bin.x86_64\osmesa6_2.dll
0x00007ff908e20000 - 0x00007ff908e9c000 	C:\Program Files\Exelis\IDL85\bin\bin.x86_64\freetype2_4_7.dll
0x00007ff936c10000 - 0x00007ff936c26000 	C:\windows\SYSTEM32\dhcpcsvc6.DLL
0x00007ff936950000 - 0x00007ff93696c000 	C:\windows\SYSTEM32\dhcpcsvc.DLL
0x0000000018230000 - 0x000000001851b000 	C:\windows\system32\spool\DRIVERS\x64\3\hp1100su.dll
0x0000000018520000 - 0x0000000018625000 	C:\windows\system32\spool\DRIVERS\x64\3\HP1100GC.dll
0x0000000017ac0000 - 0x0000000017b1f000 	C:\windows\system32\spool\DRIVERS\x64\3\hp1100sd.dll
0x00007ff9145e0000 - 0x00007ff914736000 	C:\windows\SYSTEM32\OpenGL32.DLL
0x00007ff934d80000 - 0x00007ff934dac000 	C:\windows\SYSTEM32\GLU32.dll
0x00007ff93ca00000 - 0x00007ff93ca20000 	C:\windows\SYSTEM32\dxcore.dll
0x00007ff915520000 - 0x00007ff91555e000 	C:\Program Files\Exelis\IDL85\bin\bin.x86_64\gl_driver.dll
0x0000000018770000 - 0x0000000018773000 	C:\windows\SYSTEM32\icmp.Dll
0x00007ff90f5c0000 - 0x00007ff90f7c5000 	C:\windows\system32\explorerframe.dll
0x00007ff914160000 - 0x00007ff91419a000 	C:\windows\system32\dataexchange.dll
0x00007ff939920000 - 0x00007ff939afb000 	C:\windows\system32\dcomp.dll
0x00007ff93a920000 - 0x00007ff93ab7b000 	C:\windows\system32\d3d11.dll
0x00007ff93ca90000 - 0x00007ff93cb7b000 	C:\windows\system32\dxgi.dll
0x00007ff93c1b0000 - 0x00007ff93c40a000 	C:\windows\system32\twinapi.appcore.dll
0x00007ff93c6d0000 - 0x00007ff93c6f9000 	C:\windows\system32\RMCLIENT.dll
0x00007ff90aa20000 - 0x00007ff90aa61000 	C:\windows\system32\mlang.dll
0x00007ff93dbe0000 - 0x00007ff93dc7d000 	C:\windows\SYSTEM32\sxs.dll
0x00007ff936530000 - 0x00007ff9365ef000 	C:\windows\system32\msctfuimanager.dll
0x00007ff906230000 - 0x00007ff9063e3000 	C:\windows\system32\DUI70.dll
0x00007ff905d30000 - 0x00007ff905dc3000 	C:\windows\system32\DUser.dll
0x00007ff90cc50000 - 0x00007ff90cec0000 	C:\windows\SYSTEM32\UIAutomationCore.dll
0x00007ff91c280000 - 0x00007ff91c2c7000 	C:\windows\System32\UIAnimation.dll
0x00007ff917140000 - 0x00007ff91743e000 	C:\windows\system32\dwrite.dll
0x00007ff933080000 - 0x00007ff933091000 	C:\Users\jia\.idl\idlworkbench-config-idl8.5_x86_64\org.eclipse.osgi\bundles\209\1\.cp\jWinHttp-1.0.0.dll
0x00007ff93aba0000 - 0x00007ff93ac90000 	C:\windows\SYSTEM32\WINHTTP.dll
0x00007ff90f560000 - 0x00007ff90f5be000 	C:\Windows\System32\thumbcache.dll
0x00007ff93b9c0000 - 0x00007ff93ba46000 	C:\windows\SYSTEM32\policymanager.dll
0x00007ff9265f0000 - 0x00007ff9265fc000 	C:\windows\SYSTEM32\Secur32.dll

VM Arguments:
jvm_args: -Dosgi.instance.area.default=@user.home/IDLWorkspace85 -Dosgi.configuration.area=@user.home/.idl/idlworkbench-config-idl8.5_x86_64 -Dosgi.configuration.cascaded=true -Dosgi.checkConfiguration=true -Dosgi.sharedConfiguration.area.readOnly=true -Dorg.eclipse.update.reconcile=false -Declipse.p2.data.area=@config.dir/p2 -Dosgi.sharedConfiguration.area=C:\Program Files\Exelis\IDL85\bin\bin.x86_64/configuration 
java_command: <unknown>
Launcher Type: generic

Environment Variables:
PATH=C:/Program Files/Exelis/IDL85/bin/bin.x86_64/jre/bin/server;C:/Program Files/Exelis/IDL85/bin/bin.x86_64/jre/bin;C:/Program Files/Exelis/IDL85/bin/bin.x86_64/jre/lib/amd64;C:\Program Files\Exelis\IDL85\bin\bin.x86_64\;C:\windows\system32;C:\windows;C:\windows\System32\Wbem;C:\windows\System32\WindowsPowerShell\v1.0\;C:\windows\System32\OpenSSH\;C:\Program Files\MATLAB\R2019b\bin;C:\Users\jia\AppData\Local\Microsoft\WindowsApps;;C:\Program Files\Exelis\IDL85\bin\bin.x86_64;
USERNAME=jia
OS=Windows_NT
PROCESSOR_IDENTIFIER=Intel64 Family 6 Model 126 Stepping 5, GenuineIntel



---------------  S Y S T E M  ---------------

OS: Windows 8 , 64 bit Build 9200 

CPU:total 8 (4 cores per cpu, 2 threads per core) family 6 model 126 stepping 5, cmov, cx8, fxsr, mmx, sse, sse2, sse3, ssse3, sse4.1, sse4.2, popcnt, avx, avx2, ht, tsc, tscinvbit

Memory: 4k page, physical 16362016k(8695816k free), swap 21499284k(6288244k free)

vm_info: Java HotSpot(TM) 64-Bit Server VM (23.25-b01) for windows-amd64 JRE (1.7.0_25-b17), built on Jun 21 2013 12:58:32 by "java_re" with unknown MS VC++:1600

time: Sat Jan 04 21:35:07 2020
elapsed time: 53805 seconds

