#
# A fatal error has been detected by the Java Runtime Environment:
#
#  EXCEPTION_ACCESS_VIOLATION (0xc0000005) at pc=0x00007ff8606d39d4, pid=3472, tid=19432
#
# JRE version: 7.0_25-b17
# Java VM: Java HotSpot(TM) 64-Bit Server VM (23.25-b01 mixed mode windows-amd64 compressed oops)
# Problematic frame:
# C  [idl.dll+0x4139d4]  IDL_igSrcDestPopContext+0x1044
#
# Failed to write core dump. Minidumps are not enabled by default on client versions of Windows
#
# If you would like to submit a bug report, please visit:
#   http://bugreport.sun.com/bugreport/crash.jsp
# The crash happened outside the Java Virtual Machine in native code.
# See problematic frame for where to report the bug.
#

---------------  T H R E A D  ---------------

Current thread (0x0000000016591800):  JavaThread "IDL" [_thread_in_native, id=19432, stack(0x0000000017b70000,0x0000000017c70000)]

siginfo: ExceptionCode=0xc0000005, reading address 0x0000000000000058

Registers:
RAX=0x0000000000000000, RBX=0x0000000078956fb0, RCX=0x0000000000000000, RDX=0x000000001664cec0
RSP=0x0000000017c6e180, RBP=0x0000000017c6e280, RSI=0x000000001e3d5bb0, RDI=0x0000000017c6e210
R8 =0x0000000000000002, R9 =0x0000000000000000, R10=0x00007ff805000401, R11=0x0000000000000005
R12=0x000000001e3d5b20, R13=0x000000000000001e, R14=0x0000000000000000, R15=0x00000000154721a0
RIP=0x00007ff8606d39d4, EFLAGS=0x0000000000010202

Top of Stack: (sp=0x0000000017c6e180)
0x0000000017c6e180:   0000000013604fd0 000000001664cec0
0x0000000017c6e190:   0000000000000002 0000000000000000
0x0000000017c6e1a0:   0000000000000000 00007ff800000001
0x0000000017c6e1b0:   0000000017c6e1f0 0000000000000000
0x0000000017c6e1c0:   0000000000000000 00007ff800000000
0x0000000017c6e1d0:   000000000000001e 00007ff860b216d0
0x0000000017c6e1e0:   0000000017c6f000 0000000017c6e1f0
0x0000000017c6e1f0:   0000000017c6e228 0000000000000000
0x0000000017c6e200:   0000000000000000 00007ff800000000
0x0000000017c6e210:   0000000000000000 00000000000272ed
0x0000000017c6e220:   0000000000000000 000000000000010b
0x0000000017c6e230:   00000000000272ea 0000000000000000
0x0000000017c6e240:   ffffffffffffffff 00007ff860b216d0
0x0000000017c6e250:   0000000000000007 0000000017c6e260
0x0000000017c6e260:   0000000017c6e360 00000000729b20fb
0x0000000017c6e270:   0000000000000000 0000000000000000 

Instructions: (pc=0x00007ff8606d39d4)
0x00007ff8606d39b4:   41 02 e8 e5 4a cb ff 48 8b c8 48 8b 46 20 48 03
0x00007ff8606d39c4:   48 18 48 8b 81 c8 00 00 00 48 8b 89 d0 00 00 00
0x00007ff8606d39d4:   ff 50 58 45 33 c0 33 d2 48 8b cb e8 5c f8 ff ff
0x00007ff8606d39e4:   85 c0 0f 84 d4 fe ff ff 83 7c 24 7c 00 74 28 48 


Register to memory mapping:

RAX=0x0000000000000000 is an unknown value
RBX=0x0000000078956fb0 is an unknown value
RCX=0x0000000000000000 is an unknown value
RDX=0x000000001664cec0 is an unknown value
RSP=0x0000000017c6e180 is pointing into the stack for thread: 0x0000000016591800
RBP=0x0000000017c6e280 is pointing into the stack for thread: 0x0000000016591800
RSI=0x000000001e3d5bb0 is an unknown value
RDI=0x0000000017c6e210 is pointing into the stack for thread: 0x0000000016591800
R8 =0x0000000000000002 is an unknown value
R9 =0x0000000000000000 is an unknown value
R10=0x00007ff805000401 is an unknown value
R11=0x0000000000000005 is an unknown value
R12=0x000000001e3d5b20 is an unknown value
R13=0x000000000000001e is an unknown value
R14=0x0000000000000000 is an unknown value
R15=0x00000000154721a0 is an unknown value


Stack: [0x0000000017b70000,0x0000000017c70000],  sp=0x0000000017c6e180,  free space=1016k
Native frames: (J=compiled Java code, j=interpreted, Vv=VM code, C=native code)
C  [idl.dll+0x4139d4]  IDL_igSrcDestPopContext+0x1044

Java frames: (J=compiled Java code, j=interpreted, Vv=VM code)
j  com.rsi.idldt.core.ips.IPS_Access.IPS_Start([Ljava/lang/String;)V+0
j  com.rsi.idldt.core.ips.IPS_Manager$2.run()V+15
j  java.lang.Thread.run()V+11
v  ~StubRoutines::call_stub

---------------  P R O C E S S  ---------------

Java Threads: ( => current thread )
  0x000000001924c000 JavaThread "Worker-31" [_thread_blocked, id=15816, stack(0x0000000021370000,0x0000000021470000)]
  0x0000000019249000 JavaThread "Worker-30" [_thread_blocked, id=9372, stack(0x00000000b26c0000,0x00000000b27c0000)]
  0x000000001924b800 JavaThread "Worker-29" [_thread_blocked, id=12068, stack(0x00000000a8200000,0x00000000a8300000)]
  0x0000000019244800 JavaThread "Worker-28" [_thread_blocked, id=6576, stack(0x00000000a59a0000,0x00000000a5aa0000)]
  0x0000000019246000 JavaThread "Worker-27" [_thread_blocked, id=15704, stack(0x000000001a220000,0x000000001a320000)]
  0x0000000019247000 JavaThread "Worker-25" [_thread_blocked, id=18300, stack(0x000000001cda0000,0x000000001cea0000)]
  0x000000001923e800 JavaThread "Worker-22" [_thread_blocked, id=17364, stack(0x00000000a58a0000,0x00000000a59a0000)]
  0x0000000019248800 JavaThread "Worker-18" [_thread_blocked, id=18068, stack(0x000000005fc70000,0x000000005fd70000)]
  0x00000000191e5000 JavaThread "Timer-2" daemon [_thread_blocked, id=7112, stack(0x000000001c150000,0x000000001c250000)]
  0x00000000191e4000 JavaThread "Timer-1" daemon [_thread_blocked, id=14580, stack(0x000000001c830000,0x000000001c930000)]
  0x00000000191e3800 JavaThread "Thread-14" [_thread_in_native, id=15768, stack(0x000000001c050000,0x000000001c150000)]
  0x00000000191e6800 JavaThread "IDLDT DOM Worker-7" [_thread_blocked, id=13180, stack(0x000000001bdb0000,0x000000001beb0000)]
  0x00000000191e1000 JavaThread "IDLDT DOM Worker-6" [_thread_blocked, id=8452, stack(0x000000001bcb0000,0x000000001bdb0000)]
  0x00000000191df000 JavaThread "IDLDT DOM Worker-5" [_thread_blocked, id=3728, stack(0x000000001bbb0000,0x000000001bcb0000)]
  0x00000000191de000 JavaThread "IDLDT DOM Worker-4" [_thread_blocked, id=120, stack(0x000000001bab0000,0x000000001bbb0000)]
  0x0000000016590800 JavaThread "IDLDT DOM Worker-3" [_thread_blocked, id=17920, stack(0x000000001b9b0000,0x000000001bab0000)]
  0x0000000016590000 JavaThread "IDLDT DOM Worker-2" [_thread_blocked, id=18436, stack(0x000000001b8b0000,0x000000001b9b0000)]
  0x000000001658f000 JavaThread "IDLDT DOM Worker-1" [_thread_blocked, id=15424, stack(0x000000001b7b0000,0x000000001b8b0000)]
  0x000000001658d800 JavaThread "IDLDT DOM Worker-0" [_thread_blocked, id=15912, stack(0x000000001b6b0000,0x000000001b7b0000)]
  0x000000001658e800 JavaThread "Timer-0" daemon [_thread_blocked, id=5988, stack(0x000000001b5b0000,0x000000001b6b0000)]
=>0x0000000016591800 JavaThread "IDL" [_thread_in_native, id=19432, stack(0x0000000017b70000,0x0000000017c70000)]
  0x0000000015919000 JavaThread "IDLToJava Broker" daemon [_thread_blocked, id=11036, stack(0x0000000017a70000,0x0000000017b70000)]
  0x000000000258b000 JavaThread "Provisioning Event Dispatcher" daemon [_thread_blocked, id=6288, stack(0x0000000016150000,0x0000000016250000)]
  0x000000001387c800 JavaThread "[ThreadPool Manager] - Idle Thread" daemon [_thread_blocked, id=20384, stack(0x0000000015f50000,0x0000000016050000)]
  0x000000001526e000 JavaThread "Bundle File Closer" daemon [_thread_blocked, id=10480, stack(0x0000000015c50000,0x0000000015d50000)]
  0x0000000015384000 JavaThread "Worker-JM" [_thread_blocked, id=6764, stack(0x0000000015e50000,0x0000000015f50000)]
  0x00000000151a1800 JavaThread "[Timer] - Main Queue Handler" daemon [_thread_blocked, id=3772, stack(0x0000000015d50000,0x0000000015e50000)]
  0x00000000135eb800 JavaThread "Framework Event Dispatcher" daemon [_thread_blocked, id=5012, stack(0x0000000015b50000,0x0000000015c50000)]
  0x00000000136ef000 JavaThread "Start Level Event Dispatcher" daemon [_thread_blocked, id=19504, stack(0x0000000015a50000,0x0000000015b50000)]
  0x0000000013849800 JavaThread "State Data Manager" daemon [_thread_blocked, id=332, stack(0x0000000015950000,0x0000000015a50000)]
  0x00000000151ea000 JavaThread "Framework Active Thread" [_thread_blocked, id=17536, stack(0x0000000014650000,0x0000000014750000)]
  0x0000000011043800 JavaThread "Service Thread" daemon [_thread_blocked, id=13688, stack(0x0000000013420000,0x0000000013520000)]
  0x000000001103e800 JavaThread "C2 CompilerThread1" daemon [_thread_blocked, id=4256, stack(0x0000000013320000,0x0000000013420000)]
  0x000000001103c800 JavaThread "C2 CompilerThread0" daemon [_thread_blocked, id=5140, stack(0x0000000013220000,0x0000000013320000)]
  0x000000001103b800 JavaThread "Attach Listener" daemon [_thread_blocked, id=9176, stack(0x0000000013120000,0x0000000013220000)]
  0x0000000011037000 JavaThread "Signal Dispatcher" daemon [_thread_blocked, id=20076, stack(0x0000000013020000,0x0000000013120000)]
  0x0000000010faa800 JavaThread "Finalizer" daemon [_thread_blocked, id=11860, stack(0x0000000012f20000,0x0000000013020000)]
  0x0000000010fa8800 JavaThread "Reference Handler" daemon [_thread_blocked, id=1580, stack(0x0000000012e20000,0x0000000012f20000)]
  0x000000000251e800 JavaThread "main" [_thread_in_native, id=11084, stack(0x0000000000050000,0x0000000000150000)]

Other Threads:
  0x0000000010fa4000 VMThread [stack: 0x0000000012d20000,0x0000000012e20000] [id=20040]
  0x000000001104d800 WatcherThread [stack: 0x0000000013920000,0x0000000013a20000] [id=2852]

VM state:not at safepoint (normal execution)

VM Mutex/Monitor currently owned by a thread: None

Heap
 PSYoungGen      total 96512K, used 37556K [0x00000007ab800000, 0x00000007b3430000, 0x0000000800000000)
  eden space 67392K, 55% used [0x00000007ab800000,0x00000007adcad198,0x00000007af9d0000)
  from space 29120K, 0% used [0x00000007af9d0000,0x00000007af9d0000,0x00000007b1640000)
  to   space 29888K, 0% used [0x00000007b1700000,0x00000007b1700000,0x00000007b3430000)
 ParOldGen       total 185152K, used 88745K [0x0000000702800000, 0x000000070dcd0000, 0x00000007ab800000)
  object space 185152K, 47% used [0x0000000702800000,0x0000000707eaa6b0,0x000000070dcd0000)
 PSPermGen       total 48704K, used 47923K [0x00000006fd600000, 0x0000000700590000, 0x0000000702800000)
  object space 48704K, 98% used [0x00000006fd600000,0x00000007004ccc60,0x0000000700590000)

Card table byte_map: [0x0000000005700000,0x0000000005f20000] byte_map_base: 0x0000000001f15000

Polling page: 0x0000000002170000

Code Cache  [0x0000000002640000, 0x0000000002d30000, 0x0000000005640000)
 total_blobs=2512 nmethods=1850 adapters=610 free_code_cache=42175Kb largest_free_block=43074496

Compilation events (10 events):
Event: 1999.562 Thread 0x000000001103c800 nmethod 2080 0x0000000002d1a810 code [0x0000000002d1a9e0, 0x0000000002d1b6e0]
Event: 1999.562 Thread 0x000000001103c800 2081             com.rsi.idldt.core.ips.debugmodel.IDLVariable::setParent (6 bytes)
Event: 1999.562 Thread 0x000000001103c800 nmethod 2081 0x0000000002d11190 code [0x0000000002d112c0, 0x0000000002d11338]
Event: 1999.581 Thread 0x000000001103c800   63 %           sun.nio.cs.UTF_8$Decoder::decodeArrayLoop @ 73 (543 bytes)
Event: 1999.590 Thread 0x000000001103c800 nmethod 63% 0x0000000002d1c690 code [0x0000000002d1c8a0, 0x0000000002d1d4b8]
Event: 1999.593 Thread 0x000000001103c800 2082             sun.nio.cs.UTF_8$Decoder::decodeArrayLoop (543 bytes)
Event: 1999.601 Thread 0x000000001103c800 nmethod 2082 0x0000000002d1df50 code [0x0000000002d1e180, 0x0000000002d1ee28]
Event: 1999.605 Thread 0x000000001103e800 nmethod 2076 0x0000000002d24d90 code [0x0000000002d25180, 0x0000000002d28a18]
Event: 2000.160 Thread 0x000000001103c800 2084             org.eclipse.debug.internal.ui.viewers.model.ModelContentProvider::updateNodes (217 bytes)
Event: 2000.166 Thread 0x000000001103c800 nmethod 2084 0x0000000002d22890 code [0x0000000002d22b80, 0x0000000002d23c28]

GC Heap History (10 events):
Event: 1969.155 GC heap before
{Heap before GC invocations=101 (full 31):
 PSYoungGen      total 83008K, used 78845K [0x00000007ab800000, 0x00000007b2ad0000, 0x0000000800000000)
  eden space 62720K, 100% used [0x00000007ab800000,0x00000007af540000,0x00000007af540000)
  from space 20288K, 79% used [0x00000007af540000,0x00000007b04ff690,0x00000007b0910000)
  to   space 22784K, 0% used [0x00000007b1490000,0x00000007b1490000,0x00000007b2ad0000)
 ParOldGen       total 185152K, used 109156K [0x0000000702800000, 0x000000070dcd0000, 0x00000007ab800000)
  object space 185152K, 58% used [0x0000000702800000,0x0000000709299048,0x000000070dcd0000)
 PSPermGen       total 48768K, used 47883K [0x00000006fd600000, 0x00000007005a0000, 0x0000000702800000)
  object space 48768K, 98% used [0x00000006fd600000,0x00000007004c2da0,0x00000007005a0000)
Event: 1969.159 GC heap after
Heap after GC invocations=101 (full 31):
 PSYoungGen      total 91968K, used 18596K [0x00000007ab800000, 0x00000007b30a0000, 0x0000000800000000)
  eden space 69184K, 0% used [0x00000007ab800000,0x00000007ab800000,0x00000007afb90000)
  from space 22784K, 81% used [0x00000007b1490000,0x00000007b26b90b8,0x00000007b2ad0000)
  to   space 25600K, 0% used [0x00000007afb90000,0x00000007afb90000,0x00000007b1490000)
 ParOldGen       total 185152K, used 109156K [0x0000000702800000, 0x000000070dcd0000, 0x00000007ab800000)
  object space 185152K, 58% used [0x0000000702800000,0x0000000709299048,0x000000070dcd0000)
 PSPermGen       total 48768K, used 47883K [0x00000006fd600000, 0x00000007005a0000, 0x0000000702800000)
  object space 48768K, 98% used [0x00000006fd600000,0x00000007004c2da0,0x00000007005a0000)
}
Event: 1969.787 GC heap before
{Heap before GC invocations=102 (full 31):
 PSYoungGen      total 91968K, used 87780K [0x00000007ab800000, 0x00000007b30a0000, 0x0000000800000000)
  eden space 69184K, 100% used [0x00000007ab800000,0x00000007afb90000,0x00000007afb90000)
  from space 22784K, 81% used [0x00000007b1490000,0x00000007b26b90b8,0x00000007b2ad0000)
  to   space 25600K, 0% used [0x00000007afb90000,0x00000007afb90000,0x00000007b1490000)
 ParOldGen       total 185152K, used 109156K [0x0000000702800000, 0x000000070dcd0000, 0x00000007ab800000)
  object space 185152K, 58% used [0x0000000702800000,0x0000000709299048,0x000000070dcd0000)
 PSPermGen       total 48768K, used 47883K [0x00000006fd600000, 0x00000007005a0000, 0x0000000702800000)
  object space 48768K, 98% used [0x00000006fd600000,0x00000007004c2da0,0x00000007005a0000)
Event: 1969.790 GC heap after
Heap after GC invocations=102 (full 31):
 PSYoungGen      total 94784K, used 19337K [0x00000007ab800000, 0x00000007b3b60000, 0x0000000800000000)
  eden space 69184K, 0% used [0x00000007ab800000,0x00000007ab800000,0x00000007afb90000)
  from space 25600K, 75% used [0x00000007afb90000,0x00000007b0e72750,0x00000007b1490000)
  to   space 28096K, 0% used [0x00000007b1ff0000,0x00000007b1ff0000,0x00000007b3b60000)
 ParOldGen       total 185152K, used 109156K [0x0000000702800000, 0x000000070dcd0000, 0x00000007ab800000)
  object space 185152K, 58% used [0x0000000702800000,0x0000000709299048,0x000000070dcd0000)
 PSPermGen       total 48768K, used 47883K [0x00000006fd600000, 0x00000007005a0000, 0x0000000702800000)
  object space 48768K, 98% used [0x00000006fd600000,0x00000007004c2da0,0x00000007005a0000)
}
Event: 1971.119 GC heap before
{Heap before GC invocations=103 (full 31):
 PSYoungGen      total 94784K, used 88516K [0x00000007ab800000, 0x00000007b3b60000, 0x0000000800000000)
  eden space 69184K, 99% used [0x00000007ab800000,0x00000007afb8eb98,0x00000007afb90000)
  from space 25600K, 75% used [0x00000007afb90000,0x00000007b0e72750,0x00000007b1490000)
  to   space 28096K, 0% used [0x00000007b1ff0000,0x00000007b1ff0000,0x00000007b3b60000)
 ParOldGen       total 185152K, used 109156K [0x0000000702800000, 0x000000070dcd0000, 0x00000007ab800000)
  object space 185152K, 58% used [0x0000000702800000,0x0000000709299048,0x000000070dcd0000)
 PSPermGen       total 48768K, used 47884K [0x00000006fd600000, 0x00000007005a0000, 0x0000000702800000)
  object space 48768K, 98% used [0x00000006fd600000,0x00000007004c32e8,0x00000007005a0000)
Event: 1971.124 GC heap after
Heap after GC invocations=103 (full 31):
 PSYoungGen      total 86592K, used 16924K [0x00000007ab800000, 0x00000007b32b0000, 0x0000000800000000)
  eden space 67392K, 0% used [0x00000007ab800000,0x00000007ab800000,0x00000007af9d0000)
  from space 19200K, 88% used [0x00000007b1ff0000,0x00000007b3077030,0x00000007b32b0000)
  to   space 29120K, 0% used [0x00000007af9d0000,0x00000007af9d0000,0x00000007b1640000)
 ParOldGen       total 185152K, used 109156K [0x0000000702800000, 0x000000070dcd0000, 0x00000007ab800000)
  object space 185152K, 58% used [0x0000000702800000,0x0000000709299048,0x000000070dcd0000)
 PSPermGen       total 48768K, used 47884K [0x00000006fd600000, 0x00000007005a0000, 0x0000000702800000)
  object space 48768K, 98% used [0x00000006fd600000,0x00000007004c32e8,0x00000007005a0000)
}
Event: 1985.350 GC heap before
{Heap before GC invocations=104 (full 31):
 PSYoungGen      total 86592K, used 42010K [0x00000007ab800000, 0x00000007b32b0000, 0x0000000800000000)
  eden space 67392K, 37% used [0x00000007ab800000,0x00000007ad07f800,0x00000007af9d0000)
  from space 19200K, 88% used [0x00000007b1ff0000,0x00000007b3077030,0x00000007b32b0000)
  to   space 29120K, 0% used [0x00000007af9d0000,0x00000007af9d0000,0x00000007b1640000)
 ParOldGen       total 185152K, used 109156K [0x0000000702800000, 0x000000070dcd0000, 0x00000007ab800000)
  object space 185152K, 58% used [0x0000000702800000,0x0000000709299048,0x000000070dcd0000)
 PSPermGen       total 48768K, used 47900K [0x00000006fd600000, 0x00000007005a0000, 0x0000000702800000)
  object space 48768K, 98% used [0x00000006fd600000,0x00000007004c7210,0x00000007005a0000)
Event: 1985.355 GC heap after
Heap after GC invocations=104 (full 31):
 PSYoungGen      total 96512K, used 16997K [0x00000007ab800000, 0x00000007b3430000, 0x0000000800000000)
  eden space 67392K, 0% used [0x00000007ab800000,0x00000007ab800000,0x00000007af9d0000)
  from space 29120K, 58% used [0x00000007af9d0000,0x00000007b0a69708,0x00000007b1640000)
  to   space 29888K, 0% used [0x00000007b1700000,0x00000007b1700000,0x00000007b3430000)
 ParOldGen       total 185152K, used 109300K [0x0000000702800000, 0x000000070dcd0000, 0x00000007ab800000)
  object space 185152K, 59% used [0x0000000702800000,0x00000007092bd048,0x000000070dcd0000)
 PSPermGen       total 48768K, used 47900K [0x00000006fd600000, 0x00000007005a0000, 0x0000000702800000)
  object space 48768K, 98% used [0x00000006fd600000,0x00000007004c7210,0x00000007005a0000)
}
Event: 1985.355 GC heap before
{Heap before GC invocations=105 (full 32):
 PSYoungGen      total 96512K, used 16997K [0x00000007ab800000, 0x00000007b3430000, 0x0000000800000000)
  eden space 67392K, 0% used [0x00000007ab800000,0x00000007ab800000,0x00000007af9d0000)
  from space 29120K, 58% used [0x00000007af9d0000,0x00000007b0a69708,0x00000007b1640000)
  to   space 29888K, 0% used [0x00000007b1700000,0x00000007b1700000,0x00000007b3430000)
 ParOldGen       total 185152K, used 109300K [0x0000000702800000, 0x000000070dcd0000, 0x00000007ab800000)
  object space 185152K, 59% used [0x0000000702800000,0x00000007092bd048,0x000000070dcd0000)
 PSPermGen       total 48768K, used 47900K [0x00000006fd600000, 0x00000007005a0000, 0x0000000702800000)
  object space 48768K, 98% used [0x00000006fd600000,0x00000007004c7210,0x00000007005a0000)
Event: 1985.451 GC heap after
Heap after GC invocations=105 (full 32):
 PSYoungGen      total 96512K, used 0K [0x00000007ab800000, 0x00000007b3430000, 0x0000000800000000)
  eden space 67392K, 0% used [0x00000007ab800000,0x00000007ab800000,0x00000007af9d0000)
  from space 29120K, 0% used [0x00000007af9d0000,0x00000007af9d0000,0x00000007b1640000)
  to   space 29888K, 0% used [0x00000007b1700000,0x00000007b1700000,0x00000007b3430000)
 ParOldGen       total 185152K, used 88745K [0x0000000702800000, 0x000000070dcd0000, 0x00000007ab800000)
  object space 185152K, 47% used [0x0000000702800000,0x0000000707eaa6b0,0x000000070dcd0000)
 PSPermGen       total 48704K, used 47900K [0x00000006fd600000, 0x0000000700590000, 0x0000000702800000)
  object space 48704K, 98% used [0x00000006fd600000,0x00000007004c7190,0x0000000700590000)
}

Deoptimization events (10 events):
Event: 1999.502 Thread 0x0000000019244800 Uncommon trap -83 fr.pc 0x0000000002cc54ac
Event: 1999.617 Thread 0x000000000251e800 Uncommon trap -12 fr.pc 0x0000000002bd4d00
Event: 1999.618 Thread 0x000000000251e800 Uncommon trap -34 fr.pc 0x00000000027f3c0c
Event: 1999.628 Thread 0x000000000251e800 Uncommon trap -34 fr.pc 0x00000000027f3c0c
Event: 1999.628 Thread 0x000000000251e800 Uncommon trap -34 fr.pc 0x00000000027f3c0c
Event: 1999.628 Thread 0x000000000251e800 Uncommon trap -34 fr.pc 0x00000000027f3c0c
Event: 1999.701 Thread 0x000000000251e800 Uncommon trap -83 fr.pc 0x0000000002c0e998
Event: 1999.701 Thread 0x000000000251e800 Uncommon trap -83 fr.pc 0x0000000002d074a0
Event: 1999.701 Thread 0x000000000251e800 Uncommon trap -83 fr.pc 0x0000000002bed0f0
Event: 1999.973 Thread 0x000000000251e800 Uncommon trap -58 fr.pc 0x0000000002c17fe0

Internal exceptions (10 events):
Event: 487.519 Thread 0x000000000251e800 Implicit null exception at 0x0000000002b259fb to 0x0000000002b25ecd
Event: 537.062 Thread 0x000000000251e800 Implicit null exception at 0x000000000288c482 to 0x000000000288ccdd
Event: 588.949 Thread 0x000000000251e800 Implicit null exception at 0x0000000002bbe675 to 0x0000000002bbe76e
Event: 590.527 Thread 0x000000000251e800 Implicit null exception at 0x0000000002b2bff5 to 0x0000000002b2cf31
Event: 593.258 Thread 0x00000000191e2800 Implicit null exception at 0x0000000002b76318 to 0x0000000002b784bd
Event: 605.718 Thread 0x000000000251e800 Implicit null exception at 0x0000000002bcf2a1 to 0x0000000002bcf5b5
Event: 858.890 Thread 0x000000000251e800 Implicit null exception at 0x00000000028c7825 to 0x00000000028c8359
Event: 925.791 Thread 0x0000000019247000 Threw 0x00000007abf35b18 at C:\jdk7u2_64p\jdk7u25\hotspot\src\share\vm\runtime\objectMonitor.cpp:1612
Event: 1999.502 Thread 0x0000000019244800 Implicit null exception at 0x0000000002cc3cb3 to 0x0000000002cc5495
Event: 1999.617 Thread 0x000000000251e800 Implicit null exception at 0x0000000002bd3cff to 0x0000000002bd4cf1

Events (10 events):
Event: 2000.324 Executing VM operation: RevokeBias done
Event: 2000.324 Thread 0x000000001924f000 Thread exited: 0x000000001924f000
Event: 2000.324 Executing VM operation: RevokeBias
Event: 2000.324 Executing VM operation: RevokeBias done
Event: 2000.324 Executing VM operation: RevokeBias
Event: 2000.324 Executing VM operation: RevokeBias done
Event: 2000.324 Executing VM operation: RevokeBias
Event: 2000.324 Executing VM operation: RevokeBias done
Event: 2000.324 Executing VM operation: BulkRevokeBias
Event: 2000.324 Executing VM operation: BulkRevokeBias done


Dynamic libraries:
0x0000000000400000 - 0x000000000040e000 	C:\Program Files\Exelis\IDL83\bin\bin.x86_64\idlde.exe
0x00007ff8e20f0000 - 0x00007ff8e2307000 	C:\WINDOWS\SYSTEM32\ntdll.dll
0x00007ff8e0f60000 - 0x00007ff8e1024000 	C:\WINDOWS\System32\KERNEL32.DLL
0x00007ff8dfa80000 - 0x00007ff8dfe2d000 	C:\WINDOWS\System32\KERNELBASE.dll
0x00007ff8d66a0000 - 0x00007ff8d6737000 	C:\WINDOWS\SYSTEM32\apphelp.dll
0x00007ff8e0c70000 - 0x00007ff8e0e1e000 	C:\WINDOWS\System32\USER32.dll
0x00007ff8df5f0000 - 0x00007ff8df616000 	C:\WINDOWS\System32\win32u.dll
0x00007ff8e1570000 - 0x00007ff8e1599000 	C:\WINDOWS\System32\GDI32.dll
0x00007ff8df730000 - 0x00007ff8df849000 	C:\WINDOWS\System32\gdi32full.dll
0x00007ff8df620000 - 0x00007ff8df6ba000 	C:\WINDOWS\System32\msvcp_win.dll
0x00007ff8df4d0000 - 0x00007ff8df5e1000 	C:\WINDOWS\System32\ucrtbase.dll
0x00007ff8dffa0000 - 0x00007ff8e0047000 	C:\WINDOWS\System32\msvcrt.dll
0x00007ff8cdb80000 - 0x00007ff8cde13000 	C:\WINDOWS\WinSxS\amd64_microsoft.windows.common-controls_6595b64144ccf1df_6.0.22621.3672_none_2713b9d173822955\COMCTL32.dll
0x00007ff8dfe40000 - 0x00007ff8dfe71000 	C:\WINDOWS\System32\IMM32.DLL
0x0000000072000000 - 0x0000000072012000 	C:\Program Files\Exelis\IDL83\bin\bin.x86_64\plugins\org.eclipse.equinox.launcher.win32.win32.x86_64_1.1.100.v20110502\eclipse_1406.dll
0x00007ff8e0e20000 - 0x00007ff8e0ed2000 	C:\WINDOWS\System32\ADVAPI32.dll
0x00007ff8e09e0000 - 0x00007ff8e0a89000 	C:\WINDOWS\System32\sechost.dll
0x00007ff8df4a0000 - 0x00007ff8df4c8000 	C:\WINDOWS\System32\bcrypt.dll
0x00007ff8dfe80000 - 0x00007ff8dff94000 	C:\WINDOWS\System32\RPCRT4.dll
0x00007ff8d8fe0000 - 0x00007ff8d8fea000 	C:\WINDOWS\SYSTEM32\VERSION.dll
0x0000000072a70000 - 0x000000007317f000 	C:\Program Files\Exelis\IDL83\bin\bin.x86_64\jre\bin\server\jvm.dll
0x00007ff8e0550000 - 0x00007ff8e0558000 	C:\WINDOWS\System32\PSAPI.DLL
0x00007ff8c48c0000 - 0x00007ff8c48c9000 	C:\WINDOWS\SYSTEM32\WSOCK32.dll
0x00007ff8d9210000 - 0x00007ff8d9244000 	C:\WINDOWS\SYSTEM32\WINMM.dll
0x00007ff8e0ee0000 - 0x00007ff8e0f51000 	C:\WINDOWS\System32\WS2_32.dll
0x0000000072990000 - 0x0000000072a62000 	C:\WINDOWS\SYSTEM32\MSVCR100.dll
0x0000000072980000 - 0x000000007298f000 	C:\Program Files\Exelis\IDL83\bin\bin.x86_64\jre\bin\verify.dll
0x0000000072950000 - 0x0000000072978000 	C:\Program Files\Exelis\IDL83\bin\bin.x86_64\jre\bin\java.dll
0x0000000072930000 - 0x0000000072945000 	C:\Program Files\Exelis\IDL83\bin\bin.x86_64\jre\bin\zip.dll
0x00007ff8deb90000 - 0x00007ff8debab000 	C:\WINDOWS\SYSTEM32\CRYPTSP.dll
0x00007ff8de460000 - 0x00007ff8de495000 	C:\WINDOWS\system32\rsaenh.dll
0x00007ff8dea30000 - 0x00007ff8dea58000 	C:\WINDOWS\SYSTEM32\USERENV.dll
0x00007ff8df350000 - 0x00007ff8df371000 	C:\WINDOWS\SYSTEM32\profapi.dll
0x00007ff8df420000 - 0x00007ff8df49b000 	C:\WINDOWS\System32\bcryptprimitives.dll
0x00007ff8debb0000 - 0x00007ff8debbc000 	C:\WINDOWS\SYSTEM32\CRYPTBASE.dll
0x0000000072910000 - 0x0000000072929000 	C:\Program Files\Exelis\IDL83\bin\bin.x86_64\jre\bin\net.dll
0x00007ff8de970000 - 0x00007ff8de9d9000 	C:\WINDOWS\system32\mswsock.dll
0x00007ff8ba6d0000 - 0x00007ff8ba6e7000 	C:\WINDOWS\system32\napinsp.dll
0x00007ff8ba660000 - 0x00007ff8ba67b000 	C:\WINDOWS\system32\pnrpnsp.dll
0x00007ff8ddeb0000 - 0x00007ff8ddfa8000 	C:\WINDOWS\SYSTEM32\DNSAPI.dll
0x00007ff8dde80000 - 0x00007ff8ddead000 	C:\WINDOWS\SYSTEM32\IPHLPAPI.DLL
0x00007ff8e0540000 - 0x00007ff8e0549000 	C:\WINDOWS\System32\NSI.dll
0x00007ff8ba460000 - 0x00007ff8ba471000 	C:\WINDOWS\System32\winrnr.dll
0x00007ff8d8990000 - 0x00007ff8d89a5000 	C:\WINDOWS\system32\wshbth.dll
0x00007ff8ba430000 - 0x00007ff8ba457000 	C:\WINDOWS\system32\nlansp_c.dll
0x00007ff8d8a10000 - 0x00007ff8d8a1a000 	C:\Windows\System32\rasadhlp.dll
0x00007ff8d9180000 - 0x00007ff8d9203000 	C:\WINDOWS\System32\fwpuclnt.dll
0x00000000728f0000 - 0x0000000072901000 	C:\Program Files\Exelis\IDL83\bin\bin.x86_64\jre\bin\nio.dll
0x00007ff8dc840000 - 0x00007ff8dc8ef000 	C:\WINDOWS\system32\uxtheme.dll
0x00007ff8e0050000 - 0x00007ff8e03d8000 	C:\WINDOWS\System32\combase.dll
0x00007ff8e03e0000 - 0x00007ff8e0533000 	C:\WINDOWS\System32\MSCTF.dll
0x00007ff8de500000 - 0x00007ff8de518000 	C:\WINDOWS\SYSTEM32\kernel.appcore.dll
0x00007ff8d43f0000 - 0x00007ff8d453e000 	C:\WINDOWS\SYSTEM32\textinputframework.dll
0x00007ff8e13a0000 - 0x00007ff8e1477000 	C:\WINDOWS\System32\OLEAUT32.dll
0x00007ff8d5c20000 - 0x00007ff8d5d53000 	C:\WINDOWS\SYSTEM32\CoreMessaging.dll
0x00007ff8d6800000 - 0x00007ff8d6b6d000 	C:\WINDOWS\SYSTEM32\CoreUIComponents.dll
0x00007ff8dd1f0000 - 0x00007ff8dd32f000 	C:\WINDOWS\SYSTEM32\wintypes.dll
0x00007ff8bdca0000 - 0x00007ff8bdd09000 	C:\WINDOWS\system32\Oleacc.dll
0x00007ff8e16a0000 - 0x00007ff8e1750000 	C:\WINDOWS\System32\clbcatq.dll
0x00007ff8ad360000 - 0x00007ff8ad3ab000 	C:\WINDOWS\system32\ApplicationTargetedFeatureDatabase.dll
0x00007ff8d3a10000 - 0x00007ff8d3c9a000 	C:\Windows\System32\twinapi.appcore.dll
0x0000000017220000 - 0x00000000172c7000 	C:\Users\77957\.idl\idlworkbench-config-idl8.3.0_x86_64\org.eclipse.osgi\bundles\530\1\.cp\swt-win32-3740.dll
0x00007ff8e1110000 - 0x00007ff8e12b5000 	C:\WINDOWS\System32\ole32.dll
0x00007ff8e1fb0000 - 0x00007ff8e20a8000 	C:\WINDOWS\System32\comdlg32.dll
0x00007ff8e15a0000 - 0x00007ff8e1694000 	C:\WINDOWS\System32\shcore.dll
0x00007ff8e1500000 - 0x00007ff8e155e000 	C:\WINDOWS\System32\SHLWAPI.dll
0x00007ff8e1750000 - 0x00007ff8e1faf000 	C:\WINDOWS\System32\SHELL32.dll
0x00007ff8df850000 - 0x00007ff8df9b7000 	C:\WINDOWS\System32\CRYPT32.dll
0x00007ff8c2560000 - 0x00007ff8c2607000 	C:\WINDOWS\SYSTEM32\WINSPOOL.DRV
0x00007ff8c4510000 - 0x00007ff8c4529000 	C:\WINDOWS\SYSTEM32\USP10.dll
0x00007ff8c5c30000 - 0x00007ff8c6124000 	C:\WINDOWS\SYSTEM32\WININET.dll
0x00007ff8dad70000 - 0x00007ff8dae70000 	C:\WINDOWS\SYSTEM32\propsys.dll
0x00007ff8dd330000 - 0x00007ff8ddc2c000 	C:\WINDOWS\system32\windows.storage.dll
0x00007ff875a00000 - 0x00007ff875bb5000 	C:\Windows\System32\TaskFlowDataEngine.dll
0x00007ff8b4fb0000 - 0x00007ff8b505e000 	C:\Windows\System32\OneCoreCommonProxyStub.dll
0x00000000173b0000 - 0x00000000173ce000 	C:\Users\77957\.idl\idlworkbench-config-idl8.3.0_x86_64\org.eclipse.osgi\bundles\530\1\.cp\swt-gdip-win32-3740.dll
0x00007ff8c35e0000 - 0x00007ff8c3799000 	C:\WINDOWS\WinSxS\amd64_microsoft.windows.gdiplus_6595b64144ccf1df_1.1.22621.3810_none_57f8d842ce19d879\gdiplus.dll
0x00007ff8dc640000 - 0x00007ff8dc7f1000 	C:\WINDOWS\SYSTEM32\WindowsCodecs.dll
0x0000000180000000 - 0x0000000180011000 	C:\Users\77957\.idl\idlworkbench-config-idl8.3.0_x86_64\org.eclipse.osgi\bundles\183\1\.cp\os\win32\x86_64\localfile_1_0_0.dll
0x00007ff8c20e0000 - 0x00007ff8c212d000 	C:\Program Files\Exelis\IDL83\bin\bin.x86_64\idl_ips.dll
0x00007ff8602c0000 - 0x00007ff86101d000 	C:\Program Files\Exelis\IDL83\bin\bin.x86_64\idl.dll
0x00007ff8ac8b0000 - 0x00007ff8ac90c000 	C:\Program Files\Exelis\IDL83\bin\bin.x86_64\MesaGLU6_2.dll
0x00007ff8bc890000 - 0x00007ff8bc8b3000 	C:\Program Files\Exelis\IDL83\bin\bin.x86_64\UG3220.dll
0x00007ff8ac720000 - 0x00007ff8ac8ae000 	C:\Program Files\Exelis\IDL83\bin\bin.x86_64\MesaGL6_2.dll
0x00007ff8d02d0000 - 0x00007ff8d02e9000 	C:\WINDOWS\SYSTEM32\NETAPI32.dll
0x00007ff8d0a70000 - 0x00007ff8d0a77000 	C:\WINDOWS\SYSTEM32\MSIMG32.dll
0x00007ff8d86e0000 - 0x00007ff8d86ec000 	C:\Program Files\Exelis\IDL83\bin\bin.x86_64\osmesa6_2.dll
0x00007ff8aac80000 - 0x00007ff8aacfc000 	C:\Program Files\Exelis\IDL83\bin\bin.x86_64\freetype2_4_7.dll
0x00007ff8de770000 - 0x00007ff8de7b3000 	C:\WINDOWS\SYSTEM32\SspiCli.dll
0x00007ff8db090000 - 0x00007ff8db108000 	C:\WINDOWS\System32\netprofm.dll
0x00007ff8d89b0000 - 0x00007ff8d89c8000 	C:\WINDOWS\System32\npmproxy.dll
0x00007ff8da170000 - 0x00007ff8da189000 	C:\WINDOWS\SYSTEM32\dhcpcsvc6.DLL
0x00007ff8da150000 - 0x00007ff8da16f000 	C:\WINDOWS\SYSTEM32\dhcpcsvc.DLL
0x00007ff8bbd30000 - 0x00007ff8bbd6e000 	C:\WINDOWS\system32\spool\DRIVERS\x64\3\kvpui64.dll
0x00007ff878f00000 - 0x00007ff8791ac000 	C:\WINDOWS\system32\spool\DRIVERS\x64\3\kvpdrv64.dll
0x00007ff8b46c0000 - 0x00007ff8b477d000 	C:\WINDOWS\SYSTEM32\mscms.dll
0x00007ff8b4850000 - 0x00007ff8b489a000 	C:\WINDOWS\SYSTEM32\icm32.dll
0x00007ff8c2200000 - 0x00007ff8c2300000 	C:\WINDOWS\SYSTEM32\OpenGL32.DLL
0x00007ff8c20a0000 - 0x00007ff8c20cd000 	C:\WINDOWS\SYSTEM32\GLU32.dll
0x00007ff8dcb30000 - 0x00007ff8dcb69000 	C:\WINDOWS\SYSTEM32\dxcore.dll
0x00007ff8b3c70000 - 0x00007ff8b3cae000 	C:\Program Files\Exelis\IDL83\bin\bin.x86_64\gl_driver.dll
0x0000000017de0000 - 0x0000000017de3000 	C:\WINDOWS\SYSTEM32\icmp.Dll
0x00007ff896f00000 - 0x00007ff896fb0000 	C:\WINDOWS\SYSTEM32\TextShaping.dll
0x00007ff8950f0000 - 0x00007ff895398000 	C:\WINDOWS\system32\explorerframe.dll
0x00007ff8953a0000 - 0x00007ff8953fe000 	C:\WINDOWS\system32\dataexchange.dll
0x00007ff888ea0000 - 0x00007ff888ee2000 	C:\WINDOWS\system32\mlang.dll
0x00007ff8df280000 - 0x00007ff8df323000 	C:\WINDOWS\SYSTEM32\sxs.dll
0x00007ff8bc870000 - 0x00007ff8bc881000 	C:\Users\77957\.idl\idlworkbench-config-idl8.3.0_x86_64\org.eclipse.osgi\bundles\208\1\.cp\jWinHttp-1.0.0.dll
0x00007ff8da240000 - 0x00007ff8da376000 	C:\WINDOWS\SYSTEM32\WINHTTP.dll
0x00007ff8dcac0000 - 0x00007ff8dcaeb000 	C:\WINDOWS\system32\dwmapi.dll
0x00007ff895fe0000 - 0x00007ff896543000 	C:\WINDOWS\system32\windowsudk.shellcommon.dll
0x00007ff8d8ff0000 - 0x00007ff8d9027000 	C:\WINDOWS\system32\XmlLite.dll
0x00007ff8aef10000 - 0x00007ff8af085000 	C:\Windows\System32\Windows.UI.dll
0x00007ff897e70000 - 0x00007ff897fe5000 	C:\Windows\System32\Windows.UI.Immersive.dll
0x00007ff8936a0000 - 0x00007ff89370a000 	C:\Windows\System32\thumbcache.dll
0x00007ff8dae70000 - 0x00007ff8daf15000 	C:\WINDOWS\SYSTEM32\policymanager.dll
0x00007ff8dacd0000 - 0x00007ff8dad63000 	C:\WINDOWS\SYSTEM32\msvcp110_win.dll
0x00007ff8de2e0000 - 0x00007ff8de2ec000 	C:\WINDOWS\system32\Secur32.dll
0x00007ff8ad660000 - 0x00007ff8ad715000 	C:\Windows\System32\Windows.FileExplorer.Common.dll
0x00007ff8bc5f0000 - 0x00007ff8bc7e0000 	C:\Windows\System32\urlmon.dll
0x00007ff8bc310000 - 0x00007ff8bc5ce000 	C:\Windows\System32\iertutil.dll
0x00007ff8bc2e0000 - 0x00007ff8bc308000 	C:\Windows\System32\srvcli.dll
0x00007ff8de020000 - 0x00007ff8de02c000 	C:\Windows\System32\netutils.dll
0x00007ff8df100000 - 0x00007ff8df14e000 	C:\WINDOWS\system32\CFGMGR32.dll
0x00007ff8b7800000 - 0x00007ff8b780e000 	C:\WINDOWS\SYSTEM32\atlthunk.dll
0x00007ff8bc5d0000 - 0x00007ff8bc5ee000 	C:\WINDOWS\system32\MPR.dll
0x00007ff8b44f0000 - 0x00007ff8b451b000 	C:\WINDOWS\System32\p9np.dll
0x00007ff8d8640000 - 0x00007ff8d864c000 	C:\WINDOWS\System32\drprov.dll

VM Arguments:
jvm_args: -Dosgi.instance.area.default=@user.home/IDLWorkspace83 -Dosgi.configuration.area=@user.home/.idl/idlworkbench-config-idl8.3.0_x86_64 -Dosgi.configuration.cascaded=true -Dosgi.checkConfiguration=true -Dosgi.sharedConfiguration.area.readOnly=true -Dorg.eclipse.update.reconcile=false -Declipse.p2.data.area=@config.dir/p2 -Dosgi.sharedConfiguration.area=C:\Program Files\Exelis\IDL83\bin\bin.x86_64/configuration 
java_command: <unknown>
Launcher Type: generic

Environment Variables:
PATH=C:/Program Files/Exelis/IDL83/bin/bin.x86_64/jre/bin/server;C:/Program Files/Exelis/IDL83/bin/bin.x86_64/jre/bin;C:/Program Files/Exelis/IDL83/bin/bin.x86_64/jre/lib/amd64;C:\Program Files\Exelis\IDL83\bin\bin.x86_64\;C:\WINDOWS\system32;C:\WINDOWS;C:\WINDOWS\System32\Wbem;C:\WINDOWS\System32\WindowsPowerShell\v1.0\;C:\WINDOWS\System32\OpenSSH\;C:\Users\77957\AppData\Local\Programs\Python\Python38;C:\Users\77957\AppData\Local\Programs\Python\Python38\Scripts;C:\Program Files (x86)\Tencent\微信web开发者工具\dll;C:\Program Files\MATLAB\R2024a\runtime\win64;C:\Program Files\MATLAB\R2024a\bin;C:\Users\77957\AppData\Local\Microsoft\WindowsApps;C:\Program Files\JetBrains\PyCharm 2023.1\bin;;C:\Users\77957\AppData\Local\Programs\Python\Python38;;C:\Program Files\Exelis\IDL83\bin\bin.x86_64;
USERNAME=77957
OS=Windows_NT
PROCESSOR_IDENTIFIER=Intel64 Family 6 Model 140 Stepping 1, GenuineIntel



---------------  S Y S T E M  ---------------

OS: Windows 8 , 64 bit Build 9200 

CPU:total 8 (4 cores per cpu, 2 threads per core) family 6 model 140 stepping 1, cmov, cx8, fxsr, mmx, sse, sse2, sse3, ssse3, sse4.1, sse4.2, popcnt, avx, avx2, ht, tsc, tscinvbit

Memory: 4k page, physical 16607252k(6760396k free), swap 28141588k(14546712k free)

vm_info: Java HotSpot(TM) 64-Bit Server VM (23.25-b01) for windows-amd64 JRE (1.7.0_25-b17), built on Jun 21 2013 12:58:32 by "java_re" with unknown MS VC++:1600

time: Wed Aug 14 10:23:58 2024
elapsed time: 2000 seconds

